<?xml version="1.0" encoding="UTF-8"?>
<testsuite name="tourGuide.TestTourGuideService" tests="1" skipped="1" failures="0" errors="0" timestamp="2020-09-29T11:50:15" hostname="PO719689" time="10459.87">
  <properties/>
  <testcase name="getNearbyAttractions" classname="tourGuide.TestTourGuideService" time="10459.87">
    <skipped/>
  </testcase>
  <system-out><![CDATA[13:50:48.566 [Test worker] INFO tourGuide.service.TourGuideService - TestMode enabled
13:50:48.624 [Test worker] DEBUG tourGuide.service.TourGuideService - Initializing users
13:50:48.630 [Test worker] DEBUG tourGuide.service.TourGuideService - Created 0 internal test users.
13:50:48.631 [Test worker] DEBUG tourGuide.service.TourGuideService - Finished initializing users
13:50:50.908 [pool-1-thread-1] DEBUG tourGuide.tracker.Tracker - Begin Tracker. Tracking 0 users.
13:50:50.916 [pool-1-thread-1] DEBUG tourGuide.tracker.Tracker - Tracker Time Elapsed: 0 seconds.
13:50:50.916 [pool-1-thread-1] DEBUG tourGuide.tracker.Tracker - Tracker sleeping
13:51:05.074 [Test worker] DEBUG tourGuide.service.TourGuideService - start get User Location
13:51:45.885 [Test worker] DEBUG tourGuide.service.TourGuideService - Add Visited Location
13:52:17.825 [Test worker] DEBUG tourGuide.service.TourGuideService - Calculate Rewards
13:57:18.073 [pool-1-thread-1] DEBUG tourGuide.tracker.Tracker - Begin Tracker. Tracking 0 users.
13:57:18.085 [pool-1-thread-1] DEBUG tourGuide.tracker.Tracker - Tracker Time Elapsed: 0 seconds.
13:57:18.089 [pool-1-thread-1] DEBUG tourGuide.tracker.Tracker - Tracker sleeping
]]></system-out>
  <system-err><![CDATA[Sep 29, 2020 1:50:51 PM org.javamoney.moneta.DefaultMonetaryContextFactory createMonetaryContextNonNullConfig
INFO: Using custom MathContext: precision=256, roundingMode=HALF_EVEN
]]></system-err>
</testsuite>
