<?xml version="1.0" encoding="UTF-8"?>
<testsuite name="tourGuide.TestsTourGuideControllers" tests="3" skipped="0" failures="0" errors="0" timestamp="2020-12-29T09:23:51" hostname="slingshot-MS-7C37" time="1.607">
  <properties/>
  <testcase name="getAccueil" classname="tourGuide.TestsTourGuideControllers" time="0.036"/>
  <testcase name="getNearbyAttractions" classname="tourGuide.TestsTourGuideControllers" time="1.425"/>
  <testcase name="getAllLocation" classname="tourGuide.TestsTourGuideControllers" time="0.145"/>
  <system-out><![CDATA[2020-12-29 10:23:51.065  INFO 5818 --- [    Test worker] .b.t.c.SpringBootTestContextBootstrapper : Neither @ContextConfiguration nor @ContextHierarchy found for test class [tourGuide.TestsTourGuideControllers], using SpringBootContextLoader
2020-12-29 10:23:51.066  INFO 5818 --- [    Test worker] o.s.t.c.support.AbstractContextLoader    : Could not detect default resource locations for test class [tourGuide.TestsTourGuideControllers]: no resource found for suffixes {-context.xml, Context.groovy}.
2020-12-29 10:23:51.066  INFO 5818 --- [    Test worker] t.c.s.AnnotationConfigContextLoaderUtils : Could not detect default configuration classes for test class [tourGuide.TestsTourGuideControllers]: TestsTourGuideControllers does not declare any static, non-private, non-final, nested classes annotated with @Configuration.
2020-12-29 10:23:51.068  INFO 5818 --- [    Test worker] .b.t.c.SpringBootTestContextBootstrapper : Found @SpringBootConfiguration tourGuide.Application for test class tourGuide.TestsTourGuideControllers
2020-12-29 10:23:51.069  INFO 5818 --- [    Test worker] .b.t.c.SpringBootTestContextBootstrapper : Loaded default TestExecutionListener class names from location [META-INF/spring.factories]: [org.springframework.boot.test.autoconfigure.restdocs.RestDocsTestExecutionListener, org.springframework.boot.test.autoconfigure.web.client.MockRestServiceServerResetTestExecutionListener, org.springframework.boot.test.autoconfigure.web.servlet.MockMvcPrintOnlyOnFailureTestExecutionListener, org.springframework.boot.test.autoconfigure.web.servlet.WebDriverTestExecutionListener, org.springframework.boot.test.mock.mockito.MockitoTestExecutionListener, org.springframework.boot.test.mock.mockito.ResetMocksTestExecutionListener, org.springframework.test.context.web.ServletTestExecutionListener, org.springframework.test.context.support.DirtiesContextBeforeModesTestExecutionListener, org.springframework.test.context.support.DependencyInjectionTestExecutionListener, org.springframework.test.context.support.DirtiesContextTestExecutionListener, org.springframework.test.context.transaction.TransactionalTestExecutionListener, org.springframework.test.context.jdbc.SqlScriptsTestExecutionListener]
2020-12-29 10:23:51.069  INFO 5818 --- [    Test worker] .b.t.c.SpringBootTestContextBootstrapper : Using TestExecutionListeners: [org.springframework.test.context.web.ServletTestExecutionListener@7cd85292, org.springframework.test.context.support.DirtiesContextBeforeModesTestExecutionListener@3051daa, org.springframework.boot.test.mock.mockito.MockitoTestExecutionListener@5d9da4ea, org.springframework.boot.test.autoconfigure.SpringBootDependencyInjectionTestExecutionListener@11baca41, org.springframework.test.context.support.DirtiesContextTestExecutionListener@2f485626, org.springframework.test.context.transaction.TransactionalTestExecutionListener@48bf628, org.springframework.test.context.jdbc.SqlScriptsTestExecutionListener@3481b8a7, org.springframework.boot.test.autoconfigure.restdocs.RestDocsTestExecutionListener@732e84b4, org.springframework.boot.test.autoconfigure.web.client.MockRestServiceServerResetTestExecutionListener@1eba0591, org.springframework.boot.test.autoconfigure.web.servlet.MockMvcPrintOnlyOnFailureTestExecutionListener@45db9ad8, org.springframework.boot.test.autoconfigure.web.servlet.WebDriverTestExecutionListener@7c264644, org.springframework.boot.test.mock.mockito.ResetMocksTestExecutionListener@7baa6650]
2020-12-29 10:23:51.074  INFO 5818 --- [    Test worker] o.s.b.t.m.w.SpringBootMockServletContext : Initializing Spring TestDispatcherServlet ''
2020-12-29 10:23:51.074  INFO 5818 --- [    Test worker] o.s.t.web.servlet.TestDispatcherServlet  : Initializing Servlet ''
2020-12-29 10:23:51.076  INFO 5818 --- [    Test worker] o.s.t.web.servlet.TestDispatcherServlet  : Completed initialization in 2 ms

MockHttpServletRequest:
      HTTP Method = GET
      Request URI = /
       Parameters = {}
          Headers = []
             Body = <no character encoding set>
    Session Attrs = {}

Handler:
             Type = tourGuide.controlers.TourGuideController
           Method = public java.lang.String tourGuide.controlers.TourGuideController.index()

Async:
    Async started = false
     Async result = null

Resolved Exception:
             Type = null

ModelAndView:
        View name = null
             View = null
            Model = null

FlashMap:
       Attributes = null

MockHttpServletResponse:
           Status = 200
    Error message = null
          Headers = [Content-Type:"text/plain;charset=UTF-8", Content-Length:"25"]
     Content type = text/plain;charset=UTF-8
             Body = Greetings from TourGuide!
    Forwarded URL = null
   Redirected URL = null
          Cookies = []
2020-12-29 10:23:51.110  INFO 5818 --- [    Test worker] o.s.b.t.m.w.SpringBootMockServletContext : Initializing Spring TestDispatcherServlet ''
2020-12-29 10:23:51.110  INFO 5818 --- [    Test worker] o.s.t.web.servlet.TestDispatcherServlet  : Initializing Servlet ''
2020-12-29 10:23:51.111  INFO 5818 --- [    Test worker] o.s.t.web.servlet.TestDispatcherServlet  : Completed initialization in 1 ms

MockHttpServletRequest:
      HTTP Method = POST
      Request URI = /getNearbyAttractions
       Parameters = {userName=[internalUser1]}
          Headers = []
             Body = <no character encoding set>
    Session Attrs = {}

Handler:
             Type = tourGuide.controlers.TourGuideController
           Method = public java.lang.String tourGuide.controlers.TourGuideController.getNearbyAttractions(java.lang.String) throws java.io.IOException

Async:
    Async started = false
     Async result = null

Resolved Exception:
             Type = null

ModelAndView:
        View name = null
             View = null
            Model = null

FlashMap:
       Attributes = null

MockHttpServletResponse:
           Status = 200
    Error message = null
          Headers = [Content-Type:"text/plain;charset=UTF-8", Content-Length:"2"]
     Content type = text/plain;charset=UTF-8
             Body = []
    Forwarded URL = null
   Redirected URL = null
          Cookies = []
2020-12-29 10:23:52.536  INFO 5818 --- [    Test worker] o.s.b.t.m.w.SpringBootMockServletContext : Initializing Spring TestDispatcherServlet ''
2020-12-29 10:23:52.536  INFO 5818 --- [    Test worker] o.s.t.web.servlet.TestDispatcherServlet  : Initializing Servlet ''
2020-12-29 10:23:52.538  INFO 5818 --- [    Test worker] o.s.t.web.servlet.TestDispatcherServlet  : Completed initialization in 2 ms

MockHttpServletRequest:
      HTTP Method = GET
      Request URI = /getAllCurrentLocations
       Parameters = {}
          Headers = []
             Body = <no character encoding set>
    Session Attrs = {}

Handler:
             Type = tourGuide.controlers.TourGuideController
           Method = public java.util.List<tourGuide.Modeles.UserLocation> tourGuide.controlers.TourGuideController.getAllCurrentLocations()

Async:
    Async started = false
     Async result = null

Resolved Exception:
             Type = null

ModelAndView:
        View name = null
             View = null
            Model = null

FlashMap:
       Attributes = null

MockHttpServletResponse:
           Status = 200
    Error message = null
          Headers = [Content-Type:"application/json;charset=UTF-8"]
     Content type = application/json;charset=UTF-8
             Body = [{"userUuid":"89ee41ef-1209-43af-bec0-e855106e1c78","userLoc":{"longitude":-69.563812,"latitude":-26.87742}},{"userUuid":"e1ff4bbd-9750-4a24-bad7-ffc77b104ba6","userLoc":{"longitude":-112.640616,"latitude":-57.04258}},{"userUuid":"e3418bed-3750-4607-9c3b-92fea55c8be2","userLoc":{"longitude":-99.463703,"latitude":-45.678103}},{"userUuid":"c455492d-89da-41d8-b83c-55a09aafb121","userLoc":{"longitude":-163.800342,"latitude":65.203323}},{"userUuid":"16b43af2-6ca8-4b42-b502-fd9aa6fb1dcf","userLoc":{"longitude":167.938011,"latitude":-30.788844}},{"userUuid":"5710d1da-12b8-4a90-bcad-8727de209c58","userLoc":{"longitude":54.448107,"latitude":-60.982308}},{"userUuid":"6eb63c80-bcec-4c18-ba07-a234f782db6c","userLoc":{"longitude":122.938499,"latitude":26.0972}},{"userUuid":"87fd8dd4-9fcc-49d3-84df-7afc5340c28f","userLoc":{"longitude":23.977944,"latitude":46.089894}},{"userUuid":"837d4181-38e9-42a5-9bf8-741262e977c5","userLoc":{"longitude":-20.908645,"latitude":45.890182}},{"userUuid":"976b943d-df50-41a5-8a12-af3a504e2cba","userLoc":{"longitude":112.119026,"latitude":-57.959718}},{"userUuid":"9c375c4b-50ba-4bef-82e6-e0e10b696760","userLoc":{"longitude":-91.174391,"latitude":83.970427}},{"userUuid":"ce994879-2d0b-4a5f-8819-11e437dc303d","userLoc":{"longitude":-13.512042,"latitude":-75.614141}},{"userUuid":"b70fbccd-e8cb-4bc6-87c3-ff78f08e69de","userLoc":{"longitude":61.941693,"latitude":55.314462}},{"userUuid":"d6c180c2-954a-4c5b-ba16-eb4a0a1e1826","userLoc":{"longitude":80.522012,"latitude":69.507411}},{"userUuid":"aabdeed3-9e34-4617-8d43-1ab96c6a91f1","userLoc":{"longitude":-53.464679,"latitude":-14.853061}},{"userUuid":"dfb4e78e-6b98-4392-8ca3-9ad286eab1cc","userLoc":{"longitude":148.24477,"latitude":9.223893}},{"userUuid":"d8d24c4d-3122-4b52-8c50-d1db2dd9ad08","userLoc":{"longitude":25.596208,"latitude":48.1127}},{"userUuid":"041295ad-f65d-4c50-bc0c-aa80f730af66","userLoc":{"longitude":9.751032,"latitude":-67.967045}},{"userUuid":"b82b55fa-fe2c-4282-8fae-ced79688ae10","userLoc":{"longitude":129.695739,"latitude":-77.557921}},{"userUuid":"04000e85-f728-41a5-8565-52491749764a","userLoc":{"longitude":134.755526,"latitude":-5.875727}},{"userUuid":"22ff584e-05a3-466c-ace5-19a40467717b","userLoc":{"longitude":23.329902,"latitude":71.462699}},{"userUuid":"0194faa2-cfde-4ec1-ab2a-15b1f9ccb5cd","userLoc":{"longitude":24.325398,"latitude":22.021864}},{"userUuid":"30a45616-2a79-48f6-8ed9-4224a09f2802","userLoc":{"longitude":87.859252,"latitude":4.61946}},{"userUuid":"66dab224-e073-41bc-b64a-0a68a5cd3bd6","userLoc":{"longitude":41.513747,"latitude":-59.646725}},{"userUuid":"88bb086a-3312-405b-8bea-5ec65c87bec6","userLoc":{"longitude":-149.546371,"latitude":-62.380571}},{"userUuid":"a4d06f3a-1f69-4a94-a945-ff75673ac70e","userLoc":{"longitude":-72.753125,"latitude":37.253185}},{"userUuid":"ad3e4537-120b-4904-9bb1-c13f3a60280e","userLoc":{"longitude":-79.060689,"latitude":26.562243}},{"userUuid":"ef0414a3-cd99-41a1-a412-8693695d558b","userLoc":{"longitude":-151.228326,"latitude":-8.665003}},{"userUuid":"dddd8d09-b5a4-4a98-ae17-54f47aec941c","userLoc":{"longitude":166.393257,"latitude":56.175522}},{"userUuid":"81b4e75d-b125-427f-ab82-ad1b46014bb6","userLoc":{"longitude":147.003982,"latitude":29.854444}},{"userUuid":"76ee3548-0538-4d6b-ab6b-b998759ff342","userLoc":{"longitude":128.331502,"latitude":-80.976209}},{"userUuid":"02c751db-b78b-4347-b33f-fe5f7a828652","userLoc":{"longitude":-28.02823,"latitude":44.60606}},{"userUuid":"aeb2f390-3c8f-471e-9496-cce3d5df23c4","userLoc":{"longitude":91.314273,"latitude":53.916698}},{"userUuid":"1672e9b5-df40-492c-a7ae-39e8117bdcc0","userLoc":{"longitude":61.029743,"latitude":-82.830713}},{"userUuid":"3a8fed3c-18d9-4eb5-97b4-27004adc83df","userLoc":{"longitude":21.747536,"latitude":68.898199}},{"userUuid":"1b9dbc0e-d9e6-4377-a9fe-319db07d976f","userLoc":{"longitude":-23.183558,"latitude":48.757155}},{"userUuid":"86bf7aef-eb57-42e9-be30-4c856771033f","userLoc":{"longitude":168.130293,"latitude":-20.666402}},{"userUuid":"33461051-48b2-48ba-9aab-50d023e1b57c","userLoc":{"longitude":-113.975578,"latitude":-42.735828}},{"userUuid":"daa48758-3f36-4f9f-9aac-698c6032829f","userLoc":{"longitude":-88.765224,"latitude":16.896674}},{"userUuid":"bedd8da9-5dd9-47f9-a81b-425dd5911298","userLoc":{"longitude":-130.464415,"latitude":-46.530445}},{"userUuid":"686b2976-afc0-4695-924f-c65e6848b702","userLoc":{"longitude":-107.226624,"latitude":9.933381}},{"userUuid":"04234eb1-afa2-4ce9-883b-60cc27d7c4f3","userLoc":{"longitude":-124.416875,"latitude":5.043352}},{"userUuid":"68f23d72-85fe-4438-90f7-9e272a563001","userLoc":{"longitude":50.60826,"latitude":35.45247}},{"userUuid":"1e6331b5-f0dc-4b66-969f-7e3ce4fa3c67","userLoc":{"longitude":-23.773969,"latitude":-40.424749}},{"userUuid":"50834320-c6af-4e75-bb12-4ed5c8dd97bb","userLoc":{"longitude":-53.98164,"latitude":-73.166801}},{"userUuid":"65ee214c-67f8-46ff-a81f-330e99d8bff6","userLoc":{"longitude":-83.277596,"latitude":82.226043}},{"userUuid":"c11592c8-e2b6-48fe-8416-4e31bdfd3a4c","userLoc":{"longitude":136.521543,"latitude":-68.229587}},{"userUuid":"bc71ea79-f404-4ff4-913a-d5f3fc81d316","userLoc":{"longitude":106.224496,"latitude":0.637273}},{"userUuid":"2113c424-25bb-4590-b205-91c052902140","userLoc":{"longitude":57.371914,"latitude":-26.257329}},{"userUuid":"3ca74a2e-c988-45ca-a0f0-f03fb64f5def","userLoc":{"longitude":64.235773,"latitude":70.067119}},{"userUuid":"cd259fd2-786c-42a5-bf64-6879dd7e7448","userLoc":{"longitude":9.018565,"latitude":-62.06543}},{"userUuid":"3ed79440-f540-4282-b21d-aa536e00b990","userLoc":{"longitude":-134.838038,"latitude":-20.018453}},{"userUuid":"be9eca20-a01a-4495-8467-10d827216de0","userLoc":{"longitude":46.574776,"latitude":-37.556926}},{"userUuid":"331aacc7-ba61-49fc-91b5-55efc1d9e1d2","userLoc":{"longitude":115.779827,"latitude":-39.714917}},{"userUuid":"bed6eb9d-c694-4743-8a43-72e016d8fad5","userLoc":{"longitude":-62.789659,"latitude":79.175054}},{"userUuid":"44ae53ab-db70-47d8-8827-5bdb38ccbf15","userLoc":{"longitude":-163.863095,"latitude":6.403534}},{"userUuid":"a85d4c14-0bc2-46a8-b5cf-cca7711366b1","userLoc":{"longitude":-8.894609,"latitude":32.145308}},{"userUuid":"fec7c7d8-1713-41b2-9d1a-7c74f794707a","userLoc":{"longitude":-140.803823,"latitude":-20.291604}},{"userUuid":"87b2a719-db38-4efd-8511-190cb3cdf1fd","userLoc":{"longitude":-15.811379,"latitude":-27.222172}},{"userUuid":"8e703fa4-f761-4a5e-8b2c-4b46db3180fb","userLoc":{"longitude":-138.138966,"latitude":-42.506076}},{"userUuid":"b6594e82-1651-4129-b1bc-8d05767fa875","userLoc":{"longitude":101.104396,"latitude":-65.273473}},{"userUuid":"9bab13f7-2307-47e8-96dd-8b787ba50bf6","userLoc":{"longitude":156.553241,"latitude":-74.831238}},{"userUuid":"8cb61116-c5a7-46f0-8735-526f5474be36","userLoc":{"longitude":-155.126528,"latitude":15.104301}},{"userUuid":"b4fa1718-a56e-4ca6-9394-83ea2982a9c8","userLoc":{"longitude":-85.347349,"latitude":47.617789}},{"userUuid":"6c4861e8-74f2-4832-857f-58cfd2176b25","userLoc":{"longitude":-147.936343,"latitude":74.52126}},{"userUuid":"bc423733-c57e-4e5e-bf73-9ac0f595206c","userLoc":{"longitude":-3.330785,"latitude":61.01108}},{"userUuid":"237951cc-35ea-428f-8f43-112dd9921290","userLoc":{"longitude":-17.317017,"latitude":7.21697}},{"userUuid":"f33866d2-57bc-4a21-a0e2-6590c22f6009","userLoc":{"longitude":127.663697,"latitude":-51.755245}},{"userUuid":"3a4ae46f-54cf-497d-8e7c-6c5016bc7bda","userLoc":{"longitude":-101.949025,"latitude":34.750772}},{"userUuid":"30876046-622d-487e-85df-4ca189cc14d1","userLoc":{"longitude":-80.628102,"latitude":54.304187}},{"userUuid":"9910f71d-895f-4f8d-94b4-e651dbbab9cf","userLoc":{"longitude":-62.885381,"latitude":16.554001}},{"userUuid":"fdde9c8b-1469-4f6e-9726-abd44dbf4da1","userLoc":{"longitude":-145.279756,"latitude":-73.406436}},{"userUuid":"9434ad6c-2306-493b-acad-8efdff6a08e0","userLoc":{"longitude":41.976512,"latitude":-58.602016}},{"userUuid":"e27e150a-8875-4cfd-a922-c18abf184c12","userLoc":{"longitude":107.091028,"latitude":69.113383}},{"userUuid":"6e145479-c455-49d6-9e02-eb05c999dafc","userLoc":{"longitude":-0.31534,"latitude":-18.41267}},{"userUuid":"d1435a6f-839c-4848-9b62-ce6db8beb72c","userLoc":{"longitude":-97.992022,"latitude":-57.992248}},{"userUuid":"1437f59e-d182-4955-9ef2-9caec7753dbb","userLoc":{"longitude":117.983881,"latitude":-55.058136}},{"userUuid":"b5a3b91b-7ef9-4f88-bba2-5f44b1803a82","userLoc":{"longitude":89.775343,"latitude":-83.803889}},{"userUuid":"419a4c99-cc7a-472e-bbae-696fc1cdb9cb","userLoc":{"longitude":-84.477637,"latitude":37.127822}},{"userUuid":"5a224d29-5cd0-4061-9866-5a7da67c3975","userLoc":{"longitude":127.01037,"latitude":20.769742}},{"userUuid":"d75b1191-fa12-496b-82c1-d38eade8b853","userLoc":{"longitude":-52.220929,"latitude":60.431205}},{"userUuid":"01188ad0-a3c2-41f6-aceb-0f80042cce03","userLoc":{"longitude":75.234894,"latitude":48.104395}},{"userUuid":"6a098400-a6d4-461a-bc81-ddeb12cc0216","userLoc":{"longitude":141.333784,"latitude":49.289671}},{"userUuid":"0d9cbaa2-b9c5-4940-bed5-9e8b96ff4074","userLoc":{"longitude":-34.172846,"latitude":52.60586}},{"userUuid":"09041723-0cf3-4aa1-9927-93a2af3c8d43","userLoc":{"longitude":-119.09968,"latitude":-41.673498}},{"userUuid":"6b5cac38-08e6-4d5b-b01f-127df492f48e","userLoc":{"longitude":120.016216,"latitude":-37.572741}},{"userUuid":"6dbaf748-8e27-45b3-a8ec-e7d9a2097b31","userLoc":{"longitude":93.57704,"latitude":14.766922}},{"userUuid":"1afa8b3d-8881-4d24-a3c5-a89b32cc8fc1","userLoc":{"longitude":122.737373,"latitude":-63.234772}},{"userUuid":"7777ad49-94b4-4d39-b59e-842dfb6ffae8","userLoc":{"longitude":-32.705177,"latitude":-78.952538}},{"userUuid":"4f10fa0d-4e0d-4b7a-a7f1-8294201c0c91","userLoc":{"longitude":-63.656308,"latitude":-0.529021}},{"userUuid":"4b984f36-560b-438f-8b8c-a9a1666bf5b1","userLoc":{"longitude":0.942807,"latitude":52.943453}},{"userUuid":"48b74f6c-5610-46cd-972e-f5faa38c6f12","userLoc":{"longitude":78.651417,"latitude":-75.036786}},{"userUuid":"2a3e90f0-6f29-475e-bff1-7674e316ba0d","userLoc":{"longitude":-66.144252,"latitude":-4.072731}},{"userUuid":"af45b7d0-de48-45fd-8722-d52d0714fd4a","userLoc":{"longitude":-103.604671,"latitude":32.498254}},{"userUuid":"60160f03-3832-445d-b24b-c75181ea19c6","userLoc":{"longitude":47.861165,"latitude":53.229976}},{"userUuid":"c3a9faac-f145-497d-8ff7-14df3c2ba536","userLoc":{"longitude":-57.149492,"latitude":12.424512}},{"userUuid":"164a1cdf-7f35-475f-ac1a-3b0571455b83","userLoc":{"longitude":78.813298,"latitude":80.841187}},{"userUuid":"c9c14d37-c3fc-4fa2-a9e4-a5018c3710ba","userLoc":{"longitude":137.334961,"latitude":15.598539}},{"userUuid":"919a8224-35f1-4727-a72e-7444fc6e568f","userLoc":{"longitude":42.156393,"latitude":-39.770163}},{"userUuid":"3f1ce1aa-3da2-4085-805c-4bfd93e0bb96","userLoc":{"longitude":68.687522,"latitude":54.441948}},{"userUuid":"b1cffe35-7553-4e24-a848-e8a43c2979fb","userLoc":{"longitude":-61.99687,"latitude":-31.578292}},{"userUuid":"c323f214-70ee-4e79-b618-e48009eed966","userLoc":{"longitude":107.797011,"latitude":-70.706664}},{"userUuid":"7ab9993e-e4ee-4389-ae5f-c956d5cd8864","userLoc":{"longitude":102.359187,"latitude":-80.440462}},{"userUuid":"ce597e4a-642a-4146-bfcc-f79fb70c5761","userLoc":{"longitude":-59.85535,"latitude":-69.939156}},{"userUuid":"43aa097b-1db9-4052-9c5d-10fbc3c8d5a0","userLoc":{"longitude":57.614601,"latitude":16.462463}},{"userUuid":"0b114ee9-1261-4899-b01e-4cd5b4b30e40","userLoc":{"longitude":-10.355699,"latitude":-82.181901}},{"userUuid":"12974042-95c5-4a01-afd3-c88dfdbb9103","userLoc":{"longitude":10.878385,"latitude":16.092403}},{"userUuid":"4b1a53dd-07f1-41f6-b841-13444630ad27","userLoc":{"longitude":35.799183,"latitude":7.575434}},{"userUuid":"1a726a6d-cf0b-4345-aed3-f11994a76859","userLoc":{"longitude":111.011714,"latitude":-50.822874}},{"userUuid":"bd60e70d-7b07-4ebe-96cd-9d24fc984563","userLoc":{"longitude":132.139187,"latitude":60.801005}},{"userUuid":"e3d6c1ce-24ee-4df8-930a-698028e891f4","userLoc":{"longitude":159.587131,"latitude":-57.301906}},{"userUuid":"0c5a82fe-070e-419c-878d-adc3d789af48","userLoc":{"longitude":-44.148445,"latitude":42.410385}},{"userUuid":"7b7f05f7-5a0c-4363-b862-aacca5ffad96","userLoc":{"longitude":135.934956,"latitude":-13.704836}},{"userUuid":"ca2b553b-ce0a-45a5-8bd3-6c9d31fdcbc5","userLoc":{"longitude":55.483,"latitude":-9.918498}},{"userUuid":"968912e3-7ce8-417d-9632-b7688a463be1","userLoc":{"longitude":-134.470721,"latitude":-50.262714}},{"userUuid":"9a65b142-c0df-4a70-954e-28c85a0e1dbe","userLoc":{"longitude":80.818263,"latitude":18.104344}},{"userUuid":"5c84d409-e4df-4f19-beaf-1bb7af292ffd","userLoc":{"longitude":35.175892,"latitude":-52.569639}},{"userUuid":"04fca30b-e06e-4113-93fa-38d16fb1fed7","userLoc":{"longitude":53.693927,"latitude":69.375316}},{"userUuid":"3abf41b0-5e37-46ea-b182-0552858553ed","userLoc":{"longitude":-11.579623,"latitude":19.256798}},{"userUuid":"0b0201b4-72d8-450b-90ac-2e1c742dbdb6","userLoc":{"longitude":-6.588515,"latitude":7.719798}},{"userUuid":"4a222711-5831-4c7e-9562-e352e3412ce3","userLoc":{"longitude":-139.95258,"latitude":39.747316}},{"userUuid":"64cb0103-4cda-419a-81a0-8122db442250","userLoc":{"longitude":-58.496752,"latitude":19.733753}},{"userUuid":"5edf6e77-6e08-42d6-af19-b829b0227d78","userLoc":{"longitude":-64.931392,"latitude":-20.492029}},{"userUuid":"a5e2e211-eab4-4887-9d0e-571ceda173a0","userLoc":{"longitude":70.008731,"latitude":-16.838625}},{"userUuid":"c5914d51-5ddb-42db-a3cd-633d1ca1398d","userLoc":{"longitude":-14.906868,"latitude":-6.170989}},{"userUuid":"c3f80ee5-bdee-4cad-918f-e6b869ce5d9e","userLoc":{"longitude":-71.406254,"latitude":65.433189}},{"userUuid":"e4b50bdd-f550-4e67-b4d4-7dd268b3457f","userLoc":{"longitude":14.867133,"latitude":22.792945}},{"userUuid":"fbf9332b-6f3b-4ac0-8921-3d2f43028b43","userLoc":{"longitude":86.514934,"latitude":48.108828}},{"userUuid":"a36e711e-e87e-4049-bc9b-9685320b8595","userLoc":{"longitude":-120.821841,"latitude":-75.350234}},{"userUuid":"fd3a5884-d064-471e-87a4-41e2c3259029","userLoc":{"longitude":-163.846915,"latitude":-62.471698}},{"userUuid":"56d938ca-56c3-41d3-a9f6-6be1d6595db8","userLoc":{"longitude":15.578993,"latitude":23.066498}},{"userUuid":"e5a489cd-a41a-4327-9c0b-9bba9dcf09a7","userLoc":{"longitude":123.786769,"latitude":-51.794731}},{"userUuid":"1cae9535-2091-4354-8c6e-23ed431faf2b","userLoc":{"longitude":-93.099755,"latitude":81.018055}},{"userUuid":"c30e9f9b-c335-41d2-b9cd-201ff27f579a","userLoc":{"longitude":104.660698,"latitude":33.7968}},{"userUuid":"67dbf4b1-7b38-494c-b877-23cb6fffb472","userLoc":{"longitude":178.365648,"latitude":-65.030937}},{"userUuid":"958424d0-ff68-4376-bc51-e9f61ec14bc9","userLoc":{"longitude":-89.232938,"latitude":77.932703}},{"userUuid":"aa86e33d-52bd-4432-90dd-70f7bf9841f7","userLoc":{"longitude":67.494831,"latitude":-6.054385}},{"userUuid":"90cf4c21-0f22-4e8c-a139-6f00dd4293de","userLoc":{"longitude":86.915457,"latitude":52.836868}},{"userUuid":"5e3dd285-88e8-45b6-a3f9-2c97eb58a66c","userLoc":{"longitude":-85.731044,"latitude":69.046796}},{"userUuid":"4d3cf1fd-eaaf-4a2c-8bda-921e14b79ab7","userLoc":{"longitude":86.99832,"latitude":23.193238}},{"userUuid":"b6df12da-bdb5-4ece-8e8f-9fc272128849","userLoc":{"longitude":107.663143,"latitude":-54.130492}},{"userUuid":"11c78cf9-d94d-4dde-9fcf-a24a29bbb5d8","userLoc":{"longitude":-1.586277,"latitude":-47.465861}},{"userUuid":"887e9548-411c-452c-9d0d-1adef91642bf","userLoc":{"longitude":-126.890402,"latitude":-30.312862}},{"userUuid":"1821363d-4d3c-4ed7-8bde-89d327ba94fd","userLoc":{"longitude":-148.847067,"latitude":-27.831046}},{"userUuid":"3a78fb16-0ebe-41cc-85b6-4e708ba397ac","userLoc":{"longitude":97.9438,"latitude":52.450909}},{"userUuid":"96fe8849-5ba6-4986-9fd2-89fa4bafc1b8","userLoc":{"longitude":-49.020444,"latitude":42.222142}},{"userUuid":"e3fefb8d-a488-440f-9790-6db8561681b0","userLoc":{"longitude":47.454508,"latitude":-57.301496}},{"userUuid":"368d27bc-3de6-4973-ab92-f048612d33a1","userLoc":{"longitude":-44.512778,"latitude":-36.06265}},{"userUuid":"15e4538c-9fd4-4099-a612-1c8e701e03e3","userLoc":{"longitude":-52.576921,"latitude":20.344937}},{"userUuid":"d1dfb4d2-a8ea-4a32-af01-931a4701b4a2","userLoc":{"longitude":12.568606,"latitude":-52.865134}},{"userUuid":"cb1116df-c490-4d11-ab05-74834b1cfbd9","userLoc":{"longitude":51.178197,"latitude":-40.867328}},{"userUuid":"5dbf0b4d-79af-4209-85b3-7a181f6a54ee","userLoc":{"longitude":-143.712719,"latitude":81.548964}},{"userUuid":"8dd43a93-5e81-4deb-b70e-f2cc9b5fc033","userLoc":{"longitude":165.99569,"latitude":-27.570797}},{"userUuid":"9bb335f0-6127-48a8-bd62-968681ee1daf","userLoc":{"longitude":-137.058279,"latitude":47.788935}},{"userUuid":"a4254ce2-d7f1-4d8e-9fd4-d1d065154ea0","userLoc":{"longitude":-157.147533,"latitude":-27.697196}},{"userUuid":"b5ea9317-b5fb-4020-9d65-df135efa19a4","userLoc":{"longitude":-95.563305,"latitude":-1.194863}},{"userUuid":"4351f16c-afdf-4711-9c2e-eeb5d7ccd735","userLoc":{"longitude":-64.015932,"latitude":-58.055868}},{"userUuid":"dc32176f-8d5d-426a-af2a-8fe456f9acb9","userLoc":{"longitude":-21.074655,"latitude":61.53106}},{"userUuid":"85c60ac1-7a29-4a52-9796-57252f19aa25","userLoc":{"longitude":62.483441,"latitude":-60.435133}},{"userUuid":"db18b818-b326-45b4-bef1-3ef870cdcb76","userLoc":{"longitude":-173.082916,"latitude":-25.598368}},{"userUuid":"f72e3754-75be-4c5d-9c5c-e890a13181e9","userLoc":{"longitude":51.772298,"latitude":-11.116016}},{"userUuid":"06777fd0-887f-40ed-9f20-47b308eca91d","userLoc":{"longitude":29.858784,"latitude":-35.325568}},{"userUuid":"86431fe3-8817-4467-9797-93bd0ba5c34b","userLoc":{"longitude":74.359511,"latitude":-58.73044}},{"userUuid":"18745fd7-2098-4512-8f99-e7f7238bc346","userLoc":{"longitude":27.053724,"latitude":-1.68561}},{"userUuid":"5522e097-94ba-46f3-a18d-a3df629318ae","userLoc":{"longitude":17.640326,"latitude":-13.942573}},{"userUuid":"393e48d5-7eb6-4c2f-aa83-cbd4cb77c3b6","userLoc":{"longitude":144.761932,"latitude":-1.939901}},{"userUuid":"4621dee4-40aa-474b-8697-fed326fe52da","userLoc":{"longitude":89.751536,"latitude":80.216867}},{"userUuid":"93456ca3-681d-4b4e-91aa-d9e181fee9db","userLoc":{"longitude":159.517592,"latitude":-5.46945}},{"userUuid":"6d22d63d-e217-4df7-a213-100d6825f1ad","userLoc":{"longitude":-56.101913,"latitude":31.29279}},{"userUuid":"56c0d6fc-6a25-4e75-bc60-beda403bd3e1","userLoc":{"longitude":113.529224,"latitude":-84.777233}},{"userUuid":"b9d08204-b9a2-4099-a9a8-43e68cbb750d","userLoc":{"longitude":54.221095,"latitude":-55.081416}},{"userUuid":"83bb9597-7c8e-41ec-ba80-ee61d0801553","userLoc":{"longitude":-77.542132,"latitude":-48.386613}},{"userUuid":"13499fb9-514a-422c-bbd6-5373faed4834","userLoc":{"longitude":103.84503,"latitude":-63.467636}},{"userUuid":"7b8393f0-8bc9-4a49-a1d5-8d015ac70d51","userLoc":{"longitude":41.092427,"latitude":64.261368}},{"userUuid":"d08ae8c4-ffcc-4b4f-a9c6-83799ba1bb8e","userLoc":{"longitude":-75.441778,"latitude":-82.898525}},{"userUuid":"09faa70d-98ba-46ca-8929-3d4a5fb399d9","userLoc":{"longitude":97.097846,"latitude":-24.340986}},{"userUuid":"e07154e3-fe6d-4c8b-b6ed-944ee17ba334","userLoc":{"longitude":-150.130563,"latitude":62.421015}},{"userUuid":"12605ab2-05db-4ba5-90d7-900046f0cb42","userLoc":{"longitude":-82.319983,"latitude":52.887727}},{"userUuid":"4faca4fc-1c16-48ee-9f52-f1bf78392b9f","userLoc":{"longitude":-177.755403,"latitude":-4.204932}},{"userUuid":"e0214f5d-3fe1-4251-9c14-ecd207fc4457","userLoc":{"longitude":-132.680844,"latitude":-47.088879}},{"userUuid":"87300d9b-e194-4029-86b9-c021146cdaee","userLoc":{"longitude":112.442962,"latitude":-41.129692}},{"userUuid":"82ba5832-03c4-441f-a82c-12b9c7e81473","userLoc":{"longitude":-104.702635,"latitude":-41.435245}},{"userUuid":"a28269f2-ea29-4aed-b4b2-588fbbf9a504","userLoc":{"longitude":77.543221,"latitude":14.583385}},{"userUuid":"c6ab41a5-83a6-4b5d-9407-690849a8a474","userLoc":{"longitude":-55.854588,"latitude":-16.464532}},{"userUuid":"2f9c7158-8812-4d92-8557-92f4942f2031","userLoc":{"longitude":-148.769992,"latitude":33.077873}},{"userUuid":"26744f18-5cdd-41d1-8900-e7d21a27fab6","userLoc":{"longitude":131.241864,"latitude":-2.007145}},{"userUuid":"d184238b-986f-4611-ac18-6b5f11e7a1ea","userLoc":{"longitude":-57.920146,"latitude":40.830621}},{"userUuid":"1b50d8a2-73b1-43c7-b9a9-32bfa8aec052","userLoc":{"longitude":37.620692,"latitude":32.373928}},{"userUuid":"74ec0173-6076-4791-9062-3239235c8b93","userLoc":{"longitude":-10.774269,"latitude":76.692951}},{"userUuid":"cd4b0803-e60d-42a4-89e9-c828de07e7d9","userLoc":{"longitude":22.359701,"latitude":39.297717}},{"userUuid":"e9126e74-04c4-4dfb-a8b4-bc6b940bb6dd","userLoc":{"longitude":76.508372,"latitude":-34.901451}},{"userUuid":"f379d669-2683-4dfe-8c72-5593d6dc23d8","userLoc":{"longitude":-126.193247,"latitude":31.925948}},{"userUuid":"6eb361f5-53ed-4836-8c4e-0e9d17f436fa","userLoc":{"longitude":82.429006,"latitude":-49.751522}},{"userUuid":"a2062491-a8eb-45f6-a4b8-d70f0740fa1c","userLoc":{"longitude":137.791164,"latitude":-30.061238}},{"userUuid":"17cc29d6-d304-412f-81c7-163c72299f27","userLoc":{"longitude":37.904144,"latitude":-22.883926}},{"userUuid":"adb76e82-7f73-40a3-88d3-6c7ac8b93bd9","userLoc":{"longitude":120.347158,"latitude":-55.539158}},{"userUuid":"8badec69-3022-4c47-96c8-b11a1cb48e89","userLoc":{"longitude":59.731582,"latitude":5.212319}},{"userUuid":"057aead9-8bde-431a-8672-aecd10d32d93","userLoc":{"longitude":-28.781539,"latitude":21.825255}},{"userUuid":"1e90e73a-c8d2-4b34-872b-5627440ffdee","userLoc":{"longitude":115.874574,"latitude":47.698243}},{"userUuid":"5b79cb34-5391-4aa2-9014-07eaef695a32","userLoc":{"longitude":104.810873,"latitude":-35.161956}},{"userUuid":"b333f5c5-fc52-4884-a147-4da15cdb13d7","userLoc":{"longitude":5.206081,"latitude":-30.683359}},{"userUuid":"533c6f13-b78c-4ec5-a763-956d96e29bc0","userLoc":{"longitude":101.373057,"latitude":67.149721}},{"userUuid":"be0557ce-7719-460f-9b7a-47fb714ce068","userLoc":{"longitude":-144.244178,"latitude":-48.010835}},{"userUuid":"9a05008b-2821-44e5-99c1-31746987f36e","userLoc":{"longitude":178.712251,"latitude":-23.570674}},{"userUuid":"167e59e4-52a4-483e-95b5-82efc807d3fd","userLoc":{"longitude":13.657927,"latitude":-53.474348}},{"userUuid":"94540ca5-5855-48ac-8ab5-de0e99903a90","userLoc":{"longitude":22.838263,"latitude":4.544149}},{"userUuid":"7af51161-ab92-4a34-8139-198a3425d240","userLoc":{"longitude":-105.483079,"latitude":12.933599}},{"userUuid":"65e24de6-d21d-4f03-bc41-104e718b2e47","userLoc":{"longitude":112.626416,"latitude":64.612541}},{"userUuid":"2fed1e2f-a2dd-45b3-9e36-4e0b982459e0","userLoc":{"longitude":75.380616,"latitude":7.418799}},{"userUuid":"e3f9359f-f2d1-49eb-bbb1-48d3318cae31","userLoc":{"longitude":4.493442,"latitude":-11.554698}},{"userUuid":"96235160-fa8a-4326-933e-96b5f2f88861","userLoc":{"longitude":-44.106151,"latitude":-60.447848}},{"userUuid":"2190a006-3e35-42cf-b060-7971f0489b7c","userLoc":{"longitude":72.179594,"latitude":-60.877709}},{"userUuid":"6de4d29f-6800-4f3a-90b0-58819c2b1a3d","userLoc":{"longitude":-90.311923,"latitude":55.602626}},{"userUuid":"4f404edd-9c97-47e7-8995-4e24d4ce4b10","userLoc":{"longitude":-6.67469,"latitude":-34.680036}},{"userUuid":"ddf555a8-f2b4-464b-9aa0-950a4ec7c2f7","userLoc":{"longitude":-2.12467,"latitude":62.807699}},{"userUuid":"b39872bc-bd3f-4b97-8439-fd3784ba808e","userLoc":{"longitude":-26.504457,"latitude":-3.807519}},{"userUuid":"2e0a97cb-dbbb-4294-b726-e999c2ec2c5f","userLoc":{"longitude":144.436703,"latitude":42.932803}},{"userUuid":"1d5a9059-b335-441f-a85b-2a8ce71724f2","userLoc":{"longitude":18.067927,"latitude":9.086259}},{"userUuid":"fc5595c3-fd1c-430b-89a3-eaf8af3a6b61","userLoc":{"longitude":57.561094,"latitude":38.295765}},{"userUuid":"d1cd4b9c-bad5-4abe-8002-3226e8c59dc5","userLoc":{"longitude":50.26141307933207,"latitude":-79.16862101890024}},{"userUuid":"c81a236a-8d1a-4eb4-a93e-d042d120050e","userLoc":{"longitude":16.02751489448005,"latitude":42.51126732021467}},{"userUuid":"28c867be-88d3-4d81-9f43-f11daa8986e3","userLoc":{"longitude":130.9164290823561,"latitude":-61.16228094886783}},{"userUuid":"a64c1f1e-e025-4437-8692-dbc825fca307","userLoc":{"longitude":-41.307241183236016,"latitude":77.4147036945946}},{"userUuid":"cba6ad8b-df38-449e-bdfb-73e623c35c0f","userLoc":{"longitude":-35.81452685165485,"latitude":-21.589456277204135}},{"userUuid":"20347d61-7256-41bf-bebd-138b3468fc46","userLoc":{"longitude":70.86693655252975,"latitude":-13.559566540728312}},{"userUuid":"15780597-7d87-4086-88f0-a2c712e36da7","userLoc":{"longitude":33.118610141069524,"latitude":-83.33687911923965}},{"userUuid":"015877a7-8486-467c-b4a8-6cf61a753a29","userLoc":{"longitude":-9.336351528169303,"latitude":-15.078275607057066}},{"userUuid":"90e4e2f1-a1f5-4640-9f59-49854b7e211d","userLoc":{"longitude":-83.15841753869388,"latitude":6.339770374271069}},{"userUuid":"2acec7ce-d769-4471-822d-359b86b66018","userLoc":{"longitude":-25.580461714829482,"latitude":13.636717879187685}},{"userUuid":"2e770129-9544-4e0b-9039-34eda5825e3f","userLoc":{"longitude":-32.37771029304031,"latitude":-50.178973547743105}},{"userUuid":"5ea89c19-4bd7-4591-b38d-4d391600ce19","userLoc":{"longitude":-73.9483711943971,"latitude":54.04177848972398}},{"userUuid":"aa8b6871-909c-4b15-bc38-33e3b2bd4a8c","userLoc":{"longitude":-140.17616151983623,"latitude":-22.00461443357687}},{"userUuid":"5bf1d04f-9327-4f8a-8e88-c8344b7150d5","userLoc":{"longitude":-174.79656565636438,"latitude":-45.82500400276217}},{"userUuid":"f3e81950-ee50-4d0f-8696-e420d0db92ce","userLoc":{"longitude":-100.66007090091986,"latitude":55.97402934244204}},{"userUuid":"268b94df-a2e6-4d08-adc3-bccd521c9b24","userLoc":{"longitude":-106.91682360553224,"latitude":72.82212255256061}},{"userUuid":"17347de5-b756-4ea3-9724-40e76da0b51a","userLoc":{"longitude":2.896955001372362,"latitude":-8.64677471670204}},{"userUuid":"36faaaeb-f339-415e-b153-4252cb483050","userLoc":{"longitude":72.0862355134177,"latitude":17.978786693368363}},{"userUuid":"5a20ba42-937c-4aa3-9295-df095710eee6","userLoc":{"longitude":4.4044500335674,"latitude":13.963284359461682}},{"userUuid":"d97cd5c4-793b-4643-936f-c46e89d1a306","userLoc":{"longitude":-27.221733261702354,"latitude":-7.126350505199625}},{"userUuid":"e829e0e7-9e87-4f30-83c0-15298bf9e256","userLoc":{"longitude":55.57232205349834,"latitude":-38.79421536474933}},{"userUuid":"f41a6dbd-9c21-4fdc-b707-c1afa15a4967","userLoc":{"longitude":-136.5341641966122,"latitude":-71.69845685535283}},{"userUuid":"f2101105-e105-4f7e-a81f-65437ca8d489","userLoc":{"longitude":-9.241109550915155,"latitude":22.073360232584903}},{"userUuid":"1ce94b14-b5bf-4991-ba65-15dc9ff51811","userLoc":{"longitude":50.91587704586095,"latitude":-13.808702179889039}},{"userUuid":"a2f6f878-8f9b-4d4e-b511-78804d8764b5","userLoc":{"longitude":-66.93736746993822,"latitude":40.03375690441817}},{"userUuid":"baac1347-acb6-40c5-8fc4-df7b6759c728","userLoc":{"longitude":-162.8043888459246,"latitude":-77.45107970651848}},{"userUuid":"947a884b-30cd-433c-93f4-ddc6b721543b","userLoc":{"longitude":-93.01866852600334,"latitude":37.76371410319983}},{"userUuid":"dd7670b1-b824-438c-b7f1-a5f50d36124a","userLoc":{"longitude":47.81446810695729,"latitude":-6.843160065726124}},{"userUuid":"2f732191-be74-464b-aeaf-0c07ef802706","userLoc":{"longitude":-179.65090559039933,"latitude":-9.74594451666377}},{"userUuid":"1c7a11da-3fdd-4a5d-8cf0-866a2112a09b","userLoc":{"longitude":155.08852897272754,"latitude":-76.31816062789878}},{"userUuid":"e5182571-9aa0-4cc9-b213-18b7b47133a1","userLoc":{"longitude":124.52096840476929,"latitude":84.97656083212874}},{"userUuid":"47c9c230-9162-4b81-b9c8-44778181e504","userLoc":{"longitude":-102.2683620039765,"latitude":-63.60241015120258}},{"userUuid":"6f3a03ea-0f7e-4954-a8fe-b5982ae36277","userLoc":{"longitude":-143.3944209670544,"latitude":-45.29731674243911}},{"userUuid":"d31e44f4-a4ba-4978-af5f-33f979067738","userLoc":{"longitude":152.75388742439105,"latitude":-21.275189177260586}},{"userUuid":"e873f004-de36-464a-ae30-c63567980b67","userLoc":{"longitude":109.48156540462782,"latitude":-40.340244202075766}},{"userUuid":"c317a771-47ed-4e62-8ae4-a6509fb7d1e5","userLoc":{"longitude":148.08018897321466,"latitude":62.183333413451294}},{"userUuid":"f8bbb656-e586-41b9-b55e-2fc335cf7a9b","userLoc":{"longitude":81.04496004354792,"latitude":1.0259771877832975}},{"userUuid":"2aec4504-1843-4aad-a00c-08b804442f7a","userLoc":{"longitude":-176.75263976960952,"latitude":36.75972544864641}},{"userUuid":"30a7fb9e-27c7-4ddb-92e0-fbd87eabf3ff","userLoc":{"longitude":-101.0014123912173,"latitude":38.43833239133653}},{"userUuid":"e0953561-549e-474f-8f4a-16ee2b9f46f8","userLoc":{"longitude":-9.673134334368399,"latitude":-75.05778735105078}},{"userUuid":"7207857d-71e4-450d-a046-e7e789d5e897","userLoc":{"longitude":-89.85587428723717,"latitude":-29.109395512961783}},{"userUuid":"af2d2328-c909-4bad-be42-df9e5759259b","userLoc":{"longitude":-168.14125217006648,"latitude":-50.12635530588305}},{"userUuid":"7ae0e65d-e08f-4383-9d15-7271a56a92d1","userLoc":{"longitude":137.4056939744534,"latitude":-31.267655825158727}},{"userUuid":"df3134da-a55e-4ea5-8bb0-b64c1429014e","userLoc":{"longitude":-34.606317788559124,"latitude":9.044653197714752}},{"userUuid":"c82a747d-ac07-4f8b-8811-cad180d2e683","userLoc":{"longitude":-53.461173484760465,"latitude":-70.30313068487482}},{"userUuid":"58495e5b-d755-4419-ab8f-21420b08dde8","userLoc":{"longitude":-117.59033316886847,"latitude":46.412297906702804}},{"userUuid":"d8dcf9a7-f37b-478a-9db3-7b5f0166cc33","userLoc":{"longitude":13.565484714548234,"latitude":81.88451370859008}},{"userUuid":"cbdb0b15-8ec5-4fb1-9783-fb59ea7414d6","userLoc":{"longitude":96.75653246112819,"latitude":42.1776796085759}},{"userUuid":"3ebd195e-3653-47da-a6c8-0aadfadb29ed","userLoc":{"longitude":117.79185200517014,"latitude":36.59374685317009}},{"userUuid":"98d18a5e-6a8c-453f-8dc5-2e227f02b848","userLoc":{"longitude":79.13088130119394,"latitude":-40.92701004154758}},{"userUuid":"bb65309c-e76d-465f-8ef0-db182d6ca58d","userLoc":{"longitude":-28.35736625976503,"latitude":-54.13803277286982}},{"userUuid":"72e715d4-938a-4064-9018-a4b9739be794","userLoc":{"longitude":139.38463982106958,"latitude":46.502412333669014}},{"userUuid":"007f7c5f-cffa-46ad-b10c-d028674b593e","userLoc":{"longitude":13.840390354660173,"latitude":-38.55127355584736}},{"userUuid":"9c16a1b0-24a6-4a5e-9d49-f1ac3ec7f39c","userLoc":{"longitude":-101.76881552576671,"latitude":13.87951613575325}},{"userUuid":"aba4d153-0a25-4872-b17d-a94b636e5ab4","userLoc":{"longitude":14.002524241070716,"latitude":38.71724030963301}},{"userUuid":"1a5b3650-0c63-447f-b524-934f50a7f0e9","userLoc":{"longitude":90.6148311165237,"latitude":50.544446960937506}},{"userUuid":"6a3ff1af-56db-4f8d-b0c5-dd8070307ac6","userLoc":{"longitude":-179.55150956523826,"latitude":9.402034099893058}},{"userUuid":"9f8a6ced-8bd9-4166-a6ff-e9dab03ebfda","userLoc":{"longitude":174.93054239435241,"latitude":-69.83275022159768}},{"userUuid":"2e8c2288-f2e3-4c31-abbd-d28dc972cd6a","userLoc":{"longitude":44.35048977456307,"latitude":39.48298064380754}},{"userUuid":"b8f52b7a-938d-42fd-b60b-e586e35d951c","userLoc":{"longitude":150.28755994768738,"latitude":64.9759961743531}},{"userUuid":"7341adc8-53df-48c4-b3c0-00c260381312","userLoc":{"longitude":24.721351732588374,"latitude":-52.297951624261245}},{"userUuid":"f0feccd6-9c95-44fa-a10e-1ee621c5246c","userLoc":{"longitude":-104.68617519127702,"latitude":35.362154068018725}},{"userUuid":"2df3a24a-8c6c-4819-ab1a-3210676140fc","userLoc":{"longitude":-87.79468713693402,"latitude":59.60376393219465}},{"userUuid":"7da4e4e5-ca24-4ace-bead-c2f89624845d","userLoc":{"longitude":147.9800403114262,"latitude":9.4733552416768}},{"userUuid":"31a13d2b-d1c3-46b8-8b18-9e83f5cae063","userLoc":{"longitude":-119.24933360047936,"latitude":14.7712733216282}},{"userUuid":"74fb9910-0639-494b-b41d-d8c4cdfe5ceb","userLoc":{"longitude":63.86241290057279,"latitude":77.30251867778426}},{"userUuid":"4359f01a-744e-4bbf-8c0e-d0160e812191","userLoc":{"longitude":-78.43393737135314,"latitude":8.937844185866439}},{"userUuid":"6f9d7050-3c36-4256-a6c8-4ed9e2094e8c","userLoc":{"longitude":69.64329891476015,"latitude":48.56281678886384}},{"userUuid":"0d564d21-e34c-4776-9e1c-db2e10cc44b7","userLoc":{"longitude":132.6330198285683,"latitude":-32.89572543387157}},{"userUuid":"cda7cf23-1969-4424-b58c-87276e4b5799","userLoc":{"longitude":-7.758464012321298,"latitude":47.50477964628752}},{"userUuid":"ac376fec-4250-4273-aaa2-8cfe73d4e5b4","userLoc":{"longitude":128.73488475624515,"latitude":8.644819831497202}},{"userUuid":"054d2033-ad7f-4618-af5e-d9d34a705f01","userLoc":{"longitude":-63.32900686701613,"latitude":48.579692885974936}},{"userUuid":"effe1a90-7a01-4314-b0d1-3a217a9ba6b1","userLoc":{"longitude":-56.813174567246904,"latitude":-67.15723026820542}},{"userUuid":"284315e3-64e3-4b46-b7d5-852a5a6d0497","userLoc":{"longitude":50.67515408415639,"latitude":83.67714963401136}},{"userUuid":"678a685f-1572-4245-8264-ad12bfb60870","userLoc":{"longitude":-110.11967786924572,"latitude":37.96207809099867}},{"userUuid":"9cdeacf5-54ca-46ac-877a-4b9e4089effc","userLoc":{"longitude":-147.5918157529057,"latitude":1.278304272914113}},{"userUuid":"dd0cf2dc-9506-4657-b82e-b3ae394cc000","userLoc":{"longitude":40.54510404396814,"latitude":-18.048530101442196}},{"userUuid":"b77ff579-e096-4882-a854-6771d5ca5eff","userLoc":{"longitude":-136.7217058664366,"latitude":-53.252541594832614}},{"userUuid":"b95aba15-97fd-465e-bd87-53710375da39","userLoc":{"longitude":-88.14326381935723,"latitude":54.84149907241547}},{"userUuid":"65e1a467-a65c-4ae3-8061-bfb038748d0a","userLoc":{"longitude":14.141412766405779,"latitude":40.56975842681632}},{"userUuid":"9b84df82-d3a3-4f28-acc0-c727c0e044e3","userLoc":{"longitude":-40.29612582117758,"latitude":76.88217386490766}},{"userUuid":"bacdb8c6-9906-4eee-8c89-0465b10da3a6","userLoc":{"longitude":-11.865734398717564,"latitude":-25.41706953726365}},{"userUuid":"a2da909b-0f87-4ef9-9663-3c465e256cc4","userLoc":{"longitude":106.57739463997245,"latitude":-58.160832459983624}},{"userUuid":"123f3339-2d8b-4b95-b439-a97c5ef25ab2","userLoc":{"longitude":-113.60516376498238,"latitude":43.395979855682754}},{"userUuid":"f4958939-2d6c-4e17-950b-98a55b679aa6","userLoc":{"longitude":9.362374836034746,"latitude":58.90278638597016}},{"userUuid":"4c41bd0c-f496-4b1e-90ea-82a2092d91cb","userLoc":{"longitude":-94.61646842045785,"latitude":53.5826064779115}},{"userUuid":"73e09439-a2e4-4f77-8fbd-d916bae2715a","userLoc":{"longitude":83.5833853755629,"latitude":-0.881487792590903}},{"userUuid":"a0c3df85-cb95-415e-81ab-b0b8ce6ea998","userLoc":{"longitude":99.9600289491172,"latitude":81.82799146627207}},{"userUuid":"20298956-5a8d-43bd-b8ce-76c56f6971ed","userLoc":{"longitude":-49.80908860623879,"latitude":-16.184677641532915}},{"userUuid":"a051231b-3bb6-4f0e-afff-d31ce020fea8","userLoc":{"longitude":-95.76342941483163,"latitude":14.889074080148845}},{"userUuid":"241900f6-9767-4093-942d-b2e511dccfc1","userLoc":{"longitude":-123.46587556047538,"latitude":36.85965767824645}},{"userUuid":"3e049678-dc63-4d2d-8526-8ee2213d30f4","userLoc":{"longitude":82.13445281462748,"latitude":-57.46996439384388}},{"userUuid":"ec62c67b-48b0-45cd-b997-460b8fd3ab2a","userLoc":{"longitude":-54.54736426555871,"latitude":17.38842648659795}},{"userUuid":"a6991211-4c8e-4efe-bba6-e2b83791ec64","userLoc":{"longitude":10.93677027338083,"latitude":-21.876606811366422}},{"userUuid":"996cb3cf-745c-45ec-8ec0-443cb933ebba","userLoc":{"longitude":-92.2290287293522,"latitude":46.51486303481508}},{"userUuid":"fa933834-0877-4e46-b8f2-33812e7ee2fb","userLoc":{"longitude":80.04252485731769,"latitude":48.91926128090546}},{"userUuid":"d82b80ec-e578-4897-85e6-e78cc162f456","userLoc":{"longitude":165.46432069788835,"latitude":-46.46276699490388}},{"userUuid":"c27d854c-47fc-42bf-bc1d-870698092496","userLoc":{"longitude":15.909233540440539,"latitude":-82.9445333209209}},{"userUuid":"ad7c2435-9fd3-47e1-8436-50da65f97adf","userLoc":{"longitude":-141.7478376980592,"latitude":-9.81022388384838}},{"userUuid":"917568f8-0d85-4461-a639-403a1b762d3e","userLoc":{"longitude":57.21959395325578,"latitude":-8.89855932826788}},{"userUuid":"52d3e297-b658-4a83-aaff-2ad261395e68","userLoc":{"longitude":-166.1013244721596,"latitude":60.94749163000594}},{"userUuid":"5657e5df-2480-4d69-aec1-f9db53027d47","userLoc":{"longitude":-51.28945526069151,"latitude":-77.47808516693361}},{"userUuid":"7131cc01-2ec7-4663-9ad0-f26f62a0dcb2","userLoc":{"longitude":136.71834584037623,"latitude":-2.111872701497475}},{"userUuid":"59866411-28d5-491c-b059-6763f2a83c36","userLoc":{"longitude":56.02573196337528,"latitude":67.81742297026759}},{"userUuid":"73caab17-aa9e-43ba-bf51-cfefd41613e0","userLoc":{"longitude":-126.94637369560826,"latitude":42.667646162183175}},{"userUuid":"dacd9682-0385-4072-bf86-6d7e5cd70171","userLoc":{"longitude":-149.54048931913266,"latitude":-39.754101983529786}},{"userUuid":"cbe4b767-faef-49d8-bd11-bf883b7cbfcf","userLoc":{"longitude":-146.53609990516597,"latitude":-57.85399120076916}},{"userUuid":"3f336a1c-7045-403a-b965-9f786771e71e","userLoc":{"longitude":62.505954712419566,"latitude":-23.04998995179328}},{"userUuid":"86bf8811-0588-43a5-a312-fdacc96c7921","userLoc":{"longitude":7.8621948073505905,"latitude":77.65452293598673}},{"userUuid":"e3790810-667a-434f-87d6-0d5f95ed4f26","userLoc":{"longitude":-27.45339141823581,"latitude":-26.202630151745318}},{"userUuid":"3206e242-5642-4e4e-b668-3e32acd7cded","userLoc":{"longitude":-161.80095452226448,"latitude":-52.428454471087164}},{"userUuid":"1e617f7c-2a63-414d-adf3-766a5a15656d","userLoc":{"longitude":-139.19925286555028,"latitude":80.14503256779611}},{"userUuid":"34de810d-f90b-40ef-b0fd-bbedce0b7ddf","userLoc":{"longitude":167.32002047257083,"latitude":-42.82551324991699}},{"userUuid":"33d66670-074b-4f84-ad66-a7ae16d4e946","userLoc":{"longitude":-105.97866853808493,"latitude":16.209352788790397}},{"userUuid":"dcc1efe4-56d4-4239-8b8c-f86b8c79a881","userLoc":{"longitude":-94.28587535969655,"latitude":4.8877400532010284}},{"userUuid":"e35d1b85-c9a5-44df-a10c-c3a1240f622d","userLoc":{"longitude":-179.90962364021476,"latitude":4.189251773070566}},{"userUuid":"ad831dbc-4aee-4264-8c5c-dbeb1c85b4e8","userLoc":{"longitude":66.76243748483896,"latitude":-69.51086880765473}},{"userUuid":"0e319cbc-bf68-483a-86e7-25b99739bbdf","userLoc":{"longitude":149.15071028242602,"latitude":-34.2932167596032}},{"userUuid":"2bb96cf5-f506-406d-8ab2-84ab9fdedf48","userLoc":{"longitude":-102.04508978827235,"latitude":-37.423271840762034}},{"userUuid":"bcb7f231-864a-4d76-80a2-bd151f5e3d66","userLoc":{"longitude":96.14293359122377,"latitude":38.79284773415728}},{"userUuid":"9ffefec8-0503-42d3-8322-6d9a216cf9dc","userLoc":{"longitude":-137.25557617596394,"latitude":49.36527229106147}},{"userUuid":"800caeb5-dcb3-499a-b819-929ed6a8654d","userLoc":{"longitude":-147.10651334428889,"latitude":-41.41764929138317}},{"userUuid":"714b7a32-e6d9-437b-91f1-f5091bfc4a98","userLoc":{"longitude":75.53956310257189,"latitude":6.021193771438519}},{"userUuid":"63a8580a-0038-4ce8-885a-0547b1795632","userLoc":{"longitude":94.67349245373896,"latitude":4.919957516467903}},{"userUuid":"4746efb8-84b9-4964-86c2-5ff818798414","userLoc":{"longitude":73.41667148014196,"latitude":35.67426329572817}},{"userUuid":"7eadec3b-4b60-44b8-bb8f-b3b5a5a8b018","userLoc":{"longitude":-16.991096432159736,"latitude":-31.587158651115757}},{"userUuid":"8504ac69-ac22-43a0-baac-9ed3f10f50dd","userLoc":{"longitude":-2.5618138629401983,"latitude":-24.1190663733083}},{"userUuid":"850d9a4a-1acd-489f-8d7e-ff357280a3c5","userLoc":{"longitude":-40.48633295850513,"latitude":51.34741896203215}},{"userUuid":"96d8d4a7-372a-4f19-9f7d-602f4831202e","userLoc":{"longitude":-157.88359723330564,"latitude":-11.311574075621436}},{"userUuid":"853569a9-cb69-4440-841d-fa7da6a0f3fc","userLoc":{"longitude":-175.79281554442372,"latitude":26.668454854996995}},{"userUuid":"a11d6159-702c-464e-a367-405c9c2cfd26","userLoc":{"longitude":-11.541612977510937,"latitude":-83.6644844462261}},{"userUuid":"b131c204-a356-4503-90d9-f33c7cf746b6","userLoc":{"longitude":-136.51272248766026,"latitude":77.61151718040588}},{"userUuid":"d70ccf43-8545-4667-b0f7-2e81b0f79178","userLoc":{"longitude":-177.82589449340037,"latitude":32.34112186375984}},{"userUuid":"6c4fb863-a4fd-4547-9aaf-dbe29ed810d0","userLoc":{"longitude":-55.66890244975367,"latitude":-59.58798871406408}},{"userUuid":"3215a56c-c650-40f5-9a46-fd4ae30e6c0f","userLoc":{"longitude":-36.60265419190901,"latitude":-70.08920240467151}},{"userUuid":"953ccaa3-28d8-439e-8980-58d55a605d03","userLoc":{"longitude":-168.09030486110305,"latitude":77.44727566216196}},{"userUuid":"be7e47d5-5aef-471c-a5bf-43766f3dcd44","userLoc":{"longitude":179.50673444128546,"latitude":-44.65451147310463}},{"userUuid":"c7d53b9e-67a6-4c9c-870f-33a17af867c6","userLoc":{"longitude":153.53899096550083,"latitude":-49.530523183652505}},{"userUuid":"3dc5a41c-5822-4dc8-ad63-0f6585ed2f38","userLoc":{"longitude":-115.17741374048235,"latitude":-18.4139449368638}},{"userUuid":"20704197-0366-4b92-b701-77a57a8b0291","userLoc":{"longitude":-119.80412135330005,"latitude":-43.939070431658}},{"userUuid":"ec43d7c9-6442-4e9d-9e63-3e69af180983","userLoc":{"longitude":79.89825801932403,"latitude":76.99195477057069}},{"userUuid":"dcef0e19-41b8-40ab-8831-79509198fa69","userLoc":{"longitude":178.02628787743146,"latitude":46.41487792543725}},{"userUuid":"95588d04-1815-4358-99fe-c194e74202ab","userLoc":{"longitude":-22.38051323577642,"latitude":-74.01159138191416}},{"userUuid":"048ea230-4fbd-4151-8818-6460304e701f","userLoc":{"longitude":-68.67144145631295,"latitude":65.52679083742149}},{"userUuid":"6193cfbd-c714-4911-a154-b95248fe4c76","userLoc":{"longitude":26.179567474995764,"latitude":-49.66421432922932}},{"userUuid":"657fb3e4-b502-4815-9292-c4c361952f7b","userLoc":{"longitude":-43.04083826464836,"latitude":-0.590683124758101}},{"userUuid":"0d1d559c-dfba-4832-9fc2-832d9c21b585","userLoc":{"longitude":40.468747692842726,"latitude":-24.157388831102743}},{"userUuid":"c11e99d2-41f3-4bf5-9b89-d21f572834fc","userLoc":{"longitude":142.67027945409518,"latitude":49.35706870858735}},{"userUuid":"55e315fe-947c-47d0-85dc-63222f267eb0","userLoc":{"longitude":10.553273147737656,"latitude":-68.43995092608166}},{"userUuid":"b53ac8f4-3508-4c86-a512-10f554f156a7","userLoc":{"longitude":83.68494292543471,"latitude":72.24385802458946}},{"userUuid":"b979e8e9-5093-47a9-9857-0bb12637f76b","userLoc":{"longitude":-46.80238770857767,"latitude":18.375588970833306}},{"userUuid":"b340ddf3-03dd-4f4d-aab2-d7b59474c15d","userLoc":{"longitude":-123.0333512497836,"latitude":-16.63474291738079}},{"userUuid":"672d7c3c-c0e1-4f6d-9ea3-672d3346fb27","userLoc":{"longitude":89.1641957617195,"latitude":56.19414167079751}},{"userUuid":"0042cdd6-80fa-4c8b-afb8-db7b2aada179","userLoc":{"longitude":110.2387217135697,"latitude":-35.60964383484635}},{"userUuid":"e82c5ea5-65f4-44b8-b1ae-2262d93c27a6","userLoc":{"longitude":-100.48193430184729,"latitude":-17.26928878943957}},{"userUuid":"fa28c69d-872c-479d-a7a6-0c0e0e8bca1f","userLoc":{"longitude":96.7509498454126,"latitude":64.77373409973598}},{"userUuid":"daaf6591-458e-4df9-9c23-f5baef5da4dd","userLoc":{"longitude":36.0011669705178,"latitude":84.84167439664242}},{"userUuid":"a51780cd-2851-40d0-8e8b-5363c3608408","userLoc":{"longitude":124.7645002471682,"latitude":37.12149696347895}},{"userUuid":"507e8301-7327-4c66-8740-13a21af4543e","userLoc":{"longitude":5.409469288453806,"latitude":61.426468119514595}},{"userUuid":"e69acabd-430c-40ba-b944-6854ad55f8a2","userLoc":{"longitude":-103.50542877444421,"latitude":-37.680197674855}},{"userUuid":"1af08239-357c-4db7-b870-da78b732382b","userLoc":{"longitude":25.78834545888455,"latitude":-51.04189929643186}},{"userUuid":"82641119-8d2a-4d41-9ef6-5e6345740276","userLoc":{"longitude":121.59949686189213,"latitude":-17.183974423156087}},{"userUuid":"a1df9847-5b83-43d7-ab2a-2d39e157ad4a","userLoc":{"longitude":-109.35355176130989,"latitude":35.50226675773823}},{"userUuid":"4258de19-6372-488a-869c-a1906c03ae1e","userLoc":{"longitude":-66.33334138335297,"latitude":12.628206821095887}},{"userUuid":"2aaa7f27-f58a-4baf-94c4-5471a997db81","userLoc":{"longitude":111.12496751100088,"latitude":-69.13092599924362}},{"userUuid":"5103f34f-3167-427c-b126-5ea0e078e9dd","userLoc":{"longitude":106.31695834375978,"latitude":35.66244947676638}},{"userUuid":"3a7e9cc8-0846-4f63-a15f-d289a84f669b","userLoc":{"longitude":-59.9746594402738,"latitude":74.42333630324413}},{"userUuid":"14343bc6-b951-4df1-812b-c2cead5ee906","userLoc":{"longitude":-33.1912684039186,"latitude":64.61347372646398}},{"userUuid":"3cb7f878-3bc4-4fdc-b5fb-e229380191c1","userLoc":{"longitude":35.47582138998547,"latitude":44.750277677497195}},{"userUuid":"f2f88769-8ab9-43c5-9d60-c5e0c05aacce","userLoc":{"longitude":7.349488110107302,"latitude":60.38894383184714}},{"userUuid":"9550d697-8ee5-4ade-828d-d84eceb0fbd5","userLoc":{"longitude":95.70591131033086,"latitude":69.61629389008701}},{"userUuid":"1d21af03-7d30-4310-a681-d9ff1932f85d","userLoc":{"longitude":17.18159328952902,"latitude":60.18984840076095}},{"userUuid":"e12cc7c7-03e8-4d5c-a0ae-5ba4f3e00577","userLoc":{"longitude":156.6378762592734,"latitude":-51.498076844133855}},{"userUuid":"fc07978b-de49-44e3-90af-c0d6c4bb672e","userLoc":{"longitude":-150.30370472349432,"latitude":-26.8744843665731}},{"userUuid":"d29d264d-75a4-49cd-93f7-2a61254b0a61","userLoc":{"longitude":30.04732852540181,"latitude":67.75178053149995}},{"userUuid":"4cf2f63f-f8a0-4409-8960-8362aa52df0c","userLoc":{"longitude":14.464147989286687,"latitude":-58.73408933945375}},{"userUuid":"4f57a840-fa70-4584-9e3e-6b8f849b29f3","userLoc":{"longitude":147.26228154192643,"latitude":-53.066005712389426}},{"userUuid":"e4dd1ef0-cb90-4714-8165-c10b74b05453","userLoc":{"longitude":104.0204753046117,"latitude":-81.49090049580946}},{"userUuid":"ceb135ca-c9e6-4242-8d04-62667b4b527b","userLoc":{"longitude":-109.00306176467421,"latitude":13.151765860354189}},{"userUuid":"620dbcee-03ba-4b76-82d3-3a62623a0161","userLoc":{"longitude":-9.585877225971558,"latitude":-9.700776801191793}},{"userUuid":"67b857c6-d0f1-406d-9e96-c69afc7eb710","userLoc":{"longitude":-134.6165839319449,"latitude":40.370733122700415}},{"userUuid":"03d0d293-abc2-450b-b9ec-b68055111ce9","userLoc":{"longitude":-177.82519400221344,"latitude":70.7454016958437}},{"userUuid":"5036ee5e-173f-4287-8012-1c4500b3ce66","userLoc":{"longitude":25.542063679899968,"latitude":47.72545528241554}},{"userUuid":"f623456a-5b30-429d-a3cc-1d7aa5a74fac","userLoc":{"longitude":58.85827652391902,"latitude":6.108398131009736}},{"userUuid":"f78b84dc-4c5d-4f1b-9d5e-972133b1d668","userLoc":{"longitude":-20.296128196066547,"latitude":60.85224550748356}},{"userUuid":"f581aebf-2b9e-4c64-8d28-538eee635a42","userLoc":{"longitude":177.2900315526934,"latitude":35.018716528717974}},{"userUuid":"35d4a847-850e-4567-8d55-1f0f5466db82","userLoc":{"longitude":132.6865542753726,"latitude":69.30914436282052}},{"userUuid":"20218928-06bf-4ae2-986b-76c7a227331f","userLoc":{"longitude":23.386110425544075,"latitude":-73.69358376009677}},{"userUuid":"3e7a0be8-45f2-407d-aa4e-dfefb378c2e1","userLoc":{"longitude":28.1264307659103,"latitude":-64.93344290338052}},{"userUuid":"c2083d9a-0edd-41b1-a4c9-84537bc41b55","userLoc":{"longitude":1.9701416770343485,"latitude":-55.08967820031914}},{"userUuid":"1520813f-adb3-4f75-b445-b0ba1a2215b7","userLoc":{"longitude":91.20100930728762,"latitude":-34.21659220829243}},{"userUuid":"28d4fa5c-02fc-43f1-a76f-b545104824bc","userLoc":{"longitude":92.34946294199796,"latitude":-62.12454206942744}},{"userUuid":"609a7bda-24b1-42ae-9006-b35326466dfc","userLoc":{"longitude":66.03735670183909,"latitude":49.71269656124761}},{"userUuid":"9fcf3dcd-2cb2-4f30-9963-1a4270fa7d66","userLoc":{"longitude":176.4296784869942,"latitude":-39.46152220381536}},{"userUuid":"0128e8f3-c650-464b-a6ea-d8cdd606d5e2","userLoc":{"longitude":-22.942316462051707,"latitude":14.695797040548356}},{"userUuid":"63b1c84f-5cc7-4f62-b906-c26a8331b002","userLoc":{"longitude":-178.8509611384111,"latitude":-40.43944953875585}},{"userUuid":"9c68e987-ca70-4727-b735-6f5afc995f71","userLoc":{"longitude":-167.2332380992566,"latitude":63.451681916806535}},{"userUuid":"a025ee90-7a68-439a-9201-deb07c27e1a8","userLoc":{"longitude":-36.89980410591514,"latitude":-68.75027758012487}},{"userUuid":"880dae61-7393-4e0f-b8d1-a12b18388b5d","userLoc":{"longitude":80.47317826804783,"latitude":-78.6542459781387}},{"userUuid":"1dcb762b-c69e-436c-bf76-9017f1198709","userLoc":{"longitude":152.847982971578,"latitude":-33.703180833296216}},{"userUuid":"4c067a01-fc81-43ac-9212-627f075501b0","userLoc":{"longitude":35.852612601797944,"latitude":-14.043605441453664}},{"userUuid":"4ceb6570-1a0f-4bda-901a-e92eb4e9bcca","userLoc":{"longitude":-3.5440053959434863,"latitude":-55.169144159936245}},{"userUuid":"2cb05e09-6119-4dcc-8f26-f5335d5c2fbb","userLoc":{"longitude":12.899753325896768,"latitude":82.37201426505857}},{"userUuid":"f10de5a0-3392-4567-b14b-7dbda3950cb4","userLoc":{"longitude":14.855409060847194,"latitude":74.38857674815344}},{"userUuid":"c4397e99-8c93-40e2-a7a9-6ee7cdd5be9a","userLoc":{"longitude":-116.08442096821602,"latitude":79.26622165174248}},{"userUuid":"8f4b605e-cb2a-40aa-b91c-861515f1c5ea","userLoc":{"longitude":-16.30391980910025,"latitude":59.408609838176346}},{"userUuid":"e9fc79ed-f56a-49a8-a41d-eaac7acdadc9","userLoc":{"longitude":-3.345107597948868,"latitude":12.771031368374466}},{"userUuid":"8c02620d-01e6-47d8-9143-d6afcd42d122","userLoc":{"longitude":45.85607809679405,"latitude":-64.49525781562657}},{"userUuid":"e1d56c6d-a7ed-4419-a7a8-2123dd31cae7","userLoc":{"longitude":46.05332601354982,"latitude":-36.79867789130992}},{"userUuid":"28b7fc59-79e8-4ea0-908f-22da118f7805","userLoc":{"longitude":17.332419777895154,"latitude":-51.19619637343091}},{"userUuid":"3201b3f0-114c-4b42-a486-4878066e04cb","userLoc":{"longitude":30.132945236142945,"latitude":-37.21901433313554}},{"userUuid":"b6bbf868-de09-424e-a8ec-c43805e60b56","userLoc":{"longitude":-61.161064538350416,"latitude":-5.633694353179536}},{"userUuid":"817c26f3-6b01-4072-8f32-c462c62b340a","userLoc":{"longitude":-128.02273070383066,"latitude":60.40153896421921}},{"userUuid":"2d0c6919-a36b-4988-80fe-e78ea355e7f1","userLoc":{"longitude":12.025173847871542,"latitude":82.30285274183035}},{"userUuid":"d7a6d180-1e70-4281-8dab-62b6828cbed1","userLoc":{"longitude":-105.23077494709344,"latitude":8.401874930942682}},{"userUuid":"777c2e79-0d40-4ced-8f4a-d6617bac6861","userLoc":{"longitude":5.855099240620433,"latitude":74.25166786460065}},{"userUuid":"183b89a9-c17c-4b41-af42-ea802f5e6a57","userLoc":{"longitude":-144.59379586339998,"latitude":-51.03283573277292}},{"userUuid":"0a7ead5a-c184-47e4-bce4-8fe752cd855f","userLoc":{"longitude":94.38741569557999,"latitude":-12.89797873138943}},{"userUuid":"db68a110-ef19-4d1c-8c3a-227ddecda890","userLoc":{"longitude":80.1308959847832,"latitude":-19.14632407787252}},{"userUuid":"aa7b44e4-919a-411c-bd33-8cd0ad9c1b0b","userLoc":{"longitude":28.366496372823747,"latitude":58.45616472780162}},{"userUuid":"fba2a76c-4b1f-4658-ae3d-663897dea7e8","userLoc":{"longitude":80.84681984267274,"latitude":37.49650739422526}},{"userUuid":"b4a94cf0-c402-4a77-92db-c18ecc0d3bed","userLoc":{"longitude":-78.98646645421763,"latitude":72.7113172764559}},{"userUuid":"f23cb7bc-f165-45e7-93ee-98d6b78f234f","userLoc":{"longitude":142.26689006775058,"latitude":84.31264276337654}},{"userUuid":"88475343-ef18-4307-967f-cef6aa5ffb68","userLoc":{"longitude":158.68333179414827,"latitude":-33.09682562602315}},{"userUuid":"f5a42729-c84f-4ce4-959a-7f687c350ed0","userLoc":{"longitude":22.367131926899816,"latitude":71.2190154710255}},{"userUuid":"5b36f2f6-63ba-445a-bcf8-4f1b3b76593d","userLoc":{"longitude":73.77865784364224,"latitude":67.83912895826143}},{"userUuid":"41d4343d-f632-405a-aa63-2dbdf3e9c128","userLoc":{"longitude":-162.44754974961143,"latitude":47.07543305386682}},{"userUuid":"fd44fb8c-7052-4f07-bd93-e935fbc71029","userLoc":{"longitude":101.66243008662832,"latitude":84.3998135138932}},{"userUuid":"9948341d-8e6f-412c-af87-62ecde68bf49","userLoc":{"longitude":176.21274703368624,"latitude":1.462966954251911}},{"userUuid":"fe6084ef-4feb-4eb8-bc9f-23cf644dc910","userLoc":{"longitude":-22.729547893304556,"latitude":-84.23606142468033}},{"userUuid":"19a1e56e-d475-481e-99e5-8738e3e18c7e","userLoc":{"longitude":-152.2288541459094,"latitude":-45.45239852793211}},{"userUuid":"61c28a87-4a25-4e39-967f-e5209d1a25de","userLoc":{"longitude":-172.60362161431823,"latitude":-84.53391442334515}},{"userUuid":"0fbdfb8d-f8fb-4b12-9861-5bf0db93b4d5","userLoc":{"longitude":-158.5757769144205,"latitude":-81.869771531289}},{"userUuid":"479152cd-d7c8-4d90-97f3-d6639c24e854","userLoc":{"longitude":-89.70188567323379,"latitude":62.42065026589006}},{"userUuid":"17cda98b-17b6-4a88-a519-702ecab95f4e","userLoc":{"longitude":123.145125235551,"latitude":-25.50361456713791}},{"userUuid":"106cd992-7c0f-4248-89cd-3486fd7a1c91","userLoc":{"longitude":111.99013470662908,"latitude":-81.56057515469065}},{"userUuid":"0e2ff9db-960e-424a-bc19-33f32e6f293d","userLoc":{"longitude":68.33311395924949,"latitude":3.373597492074552}},{"userUuid":"8db9ea09-7ee3-4e34-806f-74d8c3ccf2db","userLoc":{"longitude":-43.09485823794222,"latitude":-8.14981425273649}},{"userUuid":"b4a7f28a-be41-4208-b608-dbf3801fa4bc","userLoc":{"longitude":12.107365145717012,"latitude":43.974721617021316}},{"userUuid":"03767aa4-1b38-4de1-ba2b-285b4138b825","userLoc":{"longitude":160.1411110353598,"latitude":-29.334954861259504}},{"userUuid":"a733f816-235c-429e-952d-da236850ce4a","userLoc":{"longitude":-159.94644788873654,"latitude":17.419353873655425}},{"userUuid":"0ce7c7a0-1cfd-406d-b578-43fc82327ba9","userLoc":{"longitude":-134.02666377680853,"latitude":39.553517174215386}},{"userUuid":"f3c6e276-edea-489b-b40b-8e4f5a38745c","userLoc":{"longitude":-30.171871363346042,"latitude":-77.60285708871396}},{"userUuid":"da574545-382c-4d36-b3f9-85cda2a1603d","userLoc":{"longitude":3.771894004670486,"latitude":84.3192101247848}},{"userUuid":"4b8ea1a0-8dd3-4e7a-bb46-7e496e7d419a","userLoc":{"longitude":107.25799196753655,"latitude":-40.005121575097284}},{"userUuid":"a75eb821-47b2-4f6a-aff5-95a97998e857","userLoc":{"longitude":-174.67767001846562,"latitude":-68.7209639212411}},{"userUuid":"83fb04f9-4eb4-4d78-b6ad-7838a21b25b0","userLoc":{"longitude":174.39331230495833,"latitude":76.89521326772666}},{"userUuid":"c90fa970-b327-475e-86c7-7f43881c758b","userLoc":{"longitude":63.40884976164591,"latitude":69.97161982964272}},{"userUuid":"78a30304-8637-428c-b168-ef5638bdb88d","userLoc":{"longitude":-3.6942841676883518,"latitude":42.812071924583634}},{"userUuid":"302b1f5b-a15b-4239-ad53-6be1978564c9","userLoc":{"longitude":87.1475123195815,"latitude":-14.53104781960701}},{"userUuid":"bda1d96c-39c9-4df0-8dcb-9fc528bcda13","userLoc":{"longitude":-17.478023204394646,"latitude":-77.637797803334}},{"userUuid":"19d26ad7-3210-4298-a3b8-b902c81d5db9","userLoc":{"longitude":-137.7922534588285,"latitude":-13.18838151207882}},{"userUuid":"d2160a96-0f0b-4852-84a2-55121baaf963","userLoc":{"longitude":-154.329202598415,"latitude":62.15980950554456}},{"userUuid":"bf50672f-92c0-475c-a272-ea4264344d2e","userLoc":{"longitude":72.3667299183264,"latitude":57.492061623563785}},{"userUuid":"005e5e97-0d2b-4686-be34-5c2d198b19e5","userLoc":{"longitude":-164.39792747036788,"latitude":7.928322217400037}},{"userUuid":"9fd7f78b-ab7c-441d-8386-f8e18f14c796","userLoc":{"longitude":-34.41741322982696,"latitude":-63.54088450926383}},{"userUuid":"927baf7e-29e5-4edf-bbf7-ce7b6237aa04","userLoc":{"longitude":96.04352988526426,"latitude":-77.10670255386559}},{"userUuid":"fa138a01-4529-4a31-90c7-a3638823c78a","userLoc":{"longitude":177.85364618800037,"latitude":83.80339274013522}},{"userUuid":"2f19744f-51e4-4429-b158-e949ebe94bd3","userLoc":{"longitude":-144.43823184802102,"latitude":-72.02363119352303}},{"userUuid":"1edcdc90-9490-4b01-afc6-2b5fefcfac4a","userLoc":{"longitude":126.7763071719254,"latitude":-41.78709216034004}},{"userUuid":"e75cdb04-28d3-4aae-978d-e4a9d2723a50","userLoc":{"longitude":-65.7275670625523,"latitude":-26.830501066081943}},{"userUuid":"a91f11d7-2975-43eb-a1e6-0004eaa72232","userLoc":{"longitude":136.80174228962107,"latitude":55.89581017703168}},{"userUuid":"ac6a3907-4664-4e50-8a33-bf3a1f76a403","userLoc":{"longitude":-126.27624140679512,"latitude":-19.70760339103728}},{"userUuid":"71edaec9-e2e0-4a78-b10c-d58180a78590","userLoc":{"longitude":0.5227659646135692,"latitude":41.01644059475551}},{"userUuid":"2b9b0113-5a1c-4624-b628-a7fe1fc35d7e","userLoc":{"longitude":75.11755733015013,"latitude":42.484524017135826}},{"userUuid":"aae28436-56de-4cc5-a324-47d96fcfaea8","userLoc":{"longitude":-24.134938556352523,"latitude":-54.512648794309726}},{"userUuid":"504069bf-69a8-4ec1-8b10-fca42db1b4f9","userLoc":{"longitude":25.28116627851591,"latitude":9.0815585526789}},{"userUuid":"2e6bb797-9c81-4ac7-9f67-153cc140295a","userLoc":{"longitude":79.95402212813451,"latitude":-82.42395706396917}},{"userUuid":"85a60bdd-bbab-4967-88b8-3e04350bad05","userLoc":{"longitude":-113.57751065786886,"latitude":45.06607354128232}},{"userUuid":"7372fec2-e80f-4d69-9b0d-5cc3eda3df79","userLoc":{"longitude":59.403651451986434,"latitude":-48.11903420921079}},{"userUuid":"58943fe0-2501-4123-ab62-a71c597e937a","userLoc":{"longitude":18.66016302609478,"latitude":29.99671100115627}},{"userUuid":"00cf6d3d-d4ad-47e6-b37d-0bf726eab02f","userLoc":{"longitude":75.50277654872059,"latitude":-37.16922883253695}},{"userUuid":"b778b025-3ec7-4f72-acec-c7ff9e9d6f31","userLoc":{"longitude":-63.54140077142257,"latitude":58.75676531611123}},{"userUuid":"47af3100-7b85-4ef7-b4fd-3371fbb4dc27","userLoc":{"longitude":144.95449123946878,"latitude":38.44706284207881}},{"userUuid":"18a51cea-3ef3-4fe6-a37c-4b2268883c4c","userLoc":{"longitude":90.81862112707603,"latitude":-72.62469755990863}},{"userUuid":"838419a1-4c46-493f-9c33-b88b97409d8f","userLoc":{"longitude":-153.5443418292458,"latitude":-78.55943873347081}},{"userUuid":"3c4d0184-e38b-48d0-974a-c2c7210ead05","userLoc":{"longitude":-64.33091284069602,"latitude":-5.823583632717174}},{"userUuid":"1c08184f-21ef-42b5-ba16-1dbe4d0c156d","userLoc":{"longitude":94.27954156281828,"latitude":14.624237245125727}},{"userUuid":"14cb443f-fce2-423f-98e8-5911636f590a","userLoc":{"longitude":22.587099387358677,"latitude":5.682067393893831}},{"userUuid":"1ea47d8b-47b1-4705-8b53-db59f486b5fa","userLoc":{"longitude":59.41891095432899,"latitude":14.670483183216618}},{"userUuid":"28470df1-ef83-41f1-9f8d-cf743ff8974a","userLoc":{"longitude":165.75546884098787,"latitude":-64.94415814351034}},{"userUuid":"75ca35c5-2bf0-47fe-b832-9d8e9134012b","userLoc":{"longitude":84.61623610659097,"latitude":-26.34521372518607}},{"userUuid":"1f08a33c-fce3-440b-bae1-d6effcdb4903","userLoc":{"longitude":153.16264300643428,"latitude":63.18966159904991}},{"userUuid":"6e4dd825-b231-4fd1-a416-f2ca3313e632","userLoc":{"longitude":108.4049118101496,"latitude":42.48123859508728}},{"userUuid":"a5b8683b-d170-453a-8922-5b454c63d24c","userLoc":{"longitude":30.660320438743867,"latitude":-11.542754652922952}},{"userUuid":"516c0c32-153f-4c93-a20a-7449cc776efa","userLoc":{"longitude":-137.52494953788715,"latitude":-23.23699459430115}},{"userUuid":"de5e8648-bc3c-43ca-a8c1-34f80a67c758","userLoc":{"longitude":-70.19218776426763,"latitude":37.973057018668115}},{"userUuid":"c022f7bf-8bc1-417b-ba01-c3089c4e6efc","userLoc":{"longitude":-19.936165736572377,"latitude":-20.575847102540138}},{"userUuid":"cbceac58-05ad-41d3-bed6-aa2e0bab1cb6","userLoc":{"longitude":127.50655674222907,"latitude":68.42799448981083}},{"userUuid":"c40f7b46-cdc6-48ad-8cb6-dd08867d807c","userLoc":{"longitude":6.881633886675871,"latitude":80.6461422985382}},{"userUuid":"850d6ce9-99b2-405a-8974-13f6c316e8c4","userLoc":{"longitude":170.41195729901955,"latitude":57.55763910046869}},{"userUuid":"c0176aa4-0684-423d-aa55-87856f656913","userLoc":{"longitude":43.63618451085924,"latitude":64.61255103051417}},{"userUuid":"b09bbac5-23e8-4d8c-8b02-e400004c67b1","userLoc":{"longitude":150.24502667787004,"latitude":22.033168896952475}},{"userUuid":"351e1e9e-35e0-485e-a2ab-02f534ea0df7","userLoc":{"longitude":-166.6687615151619,"latitude":-22.84192584681417}},{"userUuid":"4a89b695-2813-438f-af69-1c4358ca8e56","userLoc":{"longitude":-97.29144548324949,"latitude":21.543254725553382}},{"userUuid":"b668cbfe-32b0-4f68-b3c9-61427a947cb3","userLoc":{"longitude":63.24895308568318,"latitude":-61.1626891559842}},{"userUuid":"b07b57be-6a14-4ec1-b289-d1c21b4474e4","userLoc":{"longitude":-3.8164500903067164,"latitude":-49.32604686458058}},{"userUuid":"776e7024-a6c9-4976-9404-bd1f1d72709c","userLoc":{"longitude":86.49624688404685,"latitude":-57.7668474729952}},{"userUuid":"e7adb47f-01b9-414c-87a0-3d65cf4c1548","userLoc":{"longitude":169.97301095133548,"latitude":-18.832911512485637}},{"userUuid":"2efc9809-9cba-43c6-8148-9a0c00349640","userLoc":{"longitude":67.547501215822,"latitude":-42.02476172417649}},{"userUuid":"575230ea-0f1c-4357-b91d-3c903567413d","userLoc":{"longitude":66.22558886271375,"latitude":-0.37737470340229606}},{"userUuid":"f12052e1-cdcc-4147-b624-a3a0a5ea1a87","userLoc":{"longitude":-16.670603183798164,"latitude":-25.72711504739192}},{"userUuid":"1762871a-cec8-40af-b86a-96602b1887f0","userLoc":{"longitude":31.65724981483845,"latitude":-73.13341659513291}},{"userUuid":"422f8167-1e6f-4255-8486-fa4e7861134b","userLoc":{"longitude":122.73061545518317,"latitude":82.31387161159589}},{"userUuid":"3af0d7f6-a758-4cb8-8fc2-f60bd5d39020","userLoc":{"longitude":57.0296719277579,"latitude":-6.901244391237711}},{"userUuid":"e8b6b311-d1ec-4601-b294-26a229f77000","userLoc":{"longitude":-97.15577530776966,"latitude":-14.802230029048573}},{"userUuid":"53be4e93-286b-47c3-befe-fb09fb618b76","userLoc":{"longitude":-46.12651954417586,"latitude":47.573003985199705}},{"userUuid":"2c880517-dcf9-4a60-9d61-e0bf744ff162","userLoc":{"longitude":-21.94299213675137,"latitude":-50.10540806050249}},{"userUuid":"c3d518e6-ba34-481a-85b3-d7abdb858814","userLoc":{"longitude":-137.10325973483054,"latitude":-14.280981474695423}},{"userUuid":"433c0efe-f0a5-45fb-8602-472b04244d9b","userLoc":{"longitude":-102.76172315813943,"latitude":64.3375965772251}},{"userUuid":"80721fa0-acdc-4e86-b947-b19c3a339ee7","userLoc":{"longitude":61.07842874780442,"latitude":0.7899631454453981}},{"userUuid":"0f268543-00ee-4740-8861-6cf46a27e17e","userLoc":{"longitude":29.8393455553512,"latitude":-43.57216073814641}},{"userUuid":"e08a2b4c-32d2-45b6-8aa7-11483f9b1ce9","userLoc":{"longitude":-34.59649776346768,"latitude":7.40930098447582}},{"userUuid":"c5f7177d-8833-4fa8-b865-1bdfbb90df2a","userLoc":{"longitude":28.956017335548125,"latitude":66.20688157138582}},{"userUuid":"ae231ddf-68d6-4035-baed-c10042b6fb17","userLoc":{"longitude":-18.155871029191673,"latitude":-79.24393431815744}},{"userUuid":"91a931a4-1acd-4e7c-a5d0-54370bd6508c","userLoc":{"longitude":-23.456085099970664,"latitude":2.1495504507605148}},{"userUuid":"95eaffdc-2536-47dc-899c-c5ff4108f452","userLoc":{"longitude":-51.31147805442319,"latitude":26.546060221648517}},{"userUuid":"91943706-b6f7-41ef-af5d-18aa092abb07","userLoc":{"longitude":44.93372937529438,"latitude":-11.906706840645143}},{"userUuid":"a8bcfc09-c76e-4072-852c-9ed06afe5b34","userLoc":{"longitude":-35.09736963845475,"latitude":-12.89543465371618}},{"userUuid":"b9027796-cd99-4f7d-a09c-cefea849aa9b","userLoc":{"longitude":166.05885021420517,"latitude":32.07302604814424}},{"userUuid":"2f54d088-8055-48d4-8981-4448322f4ab7","userLoc":{"longitude":103.4032267273808,"latitude":48.78843881764996}},{"userUuid":"fa1e573d-f9db-42b6-bc58-f3a7e1596a18","userLoc":{"longitude":-154.9869525244139,"latitude":49.66495122110206}},{"userUuid":"5259221e-68f5-43d5-ad9f-388c04d15e87","userLoc":{"longitude":15.436751884496942,"latitude":-28.078098144505134}},{"userUuid":"eb490666-c2a4-4050-91b0-7038162182b9","userLoc":{"longitude":-120.69017751845236,"latitude":55.72861997296948}},{"userUuid":"3f61fe27-bb3a-4549-803c-df6c9852cb25","userLoc":{"longitude":3.535143601134166,"latitude":12.982762129400015}},{"userUuid":"1b3abc30-2943-4332-94c7-67b9b25c2da2","userLoc":{"longitude":49.53602160425973,"latitude":-0.3528692375505358}},{"userUuid":"4a52bf48-6a87-411d-859e-91ac1b09bd89","userLoc":{"longitude":-46.23841866144957,"latitude":54.7567260750275}},{"userUuid":"bfd92333-c985-495c-85fc-55e41e4b2560","userLoc":{"longitude":-110.05924204103533,"latitude":-36.88525540480123}},{"userUuid":"259b76cb-393f-4b62-9a74-40cb5bf8e7c7","userLoc":{"longitude":94.51634817613683,"latitude":-74.6256915827697}},{"userUuid":"48b4f263-76ca-4008-a9ea-64c6abd77550","userLoc":{"longitude":-138.7492209158619,"latitude":-39.9530185570029}},{"userUuid":"a00d7ce8-11d4-4a49-94da-f3e19c8ad650","userLoc":{"longitude":19.68653499944253,"latitude":-53.30946423036376}},{"userUuid":"efb96efb-b6c4-4f3a-95fd-397d344c8a5f","userLoc":{"longitude":-72.83303237081704,"latitude":47.46712072721337}},{"userUuid":"07e71b0c-feb9-46fe-a37e-ed40917ac470","userLoc":{"longitude":-86.49379034671844,"latitude":38.96767482783848}},{"userUuid":"1f581c2b-8514-4a2d-a2fc-58c4d9a3d018","userLoc":{"longitude":-24.6043786490649,"latitude":-31.084686253338006}},{"userUuid":"2b7d31e2-f28e-4867-be52-2a85e3448251","userLoc":{"longitude":-102.61616566728637,"latitude":-4.512753435288573}},{"userUuid":"4dc622c5-21d9-48c0-844e-9336af010ed4","userLoc":{"longitude":35.60367913335239,"latitude":-34.6643069534788}},{"userUuid":"befab8aa-762f-4b68-8964-69e05369ddf8","userLoc":{"longitude":-135.37514568886502,"latitude":73.15350962662919}},{"userUuid":"b7e6cea5-f5d1-411d-b77a-e098f7244188","userLoc":{"longitude":145.60801624590056,"latitude":54.911834710120814}},{"userUuid":"8d9dfb6e-7b0f-4638-9636-e9aab0f8008c","userLoc":{"longitude":-134.74490139129767,"latitude":13.022204251640105}},{"userUuid":"cc304708-c8dc-4d7b-a0ae-2948de272987","userLoc":{"longitude":-79.36169490731909,"latitude":46.252222069869646}},{"userUuid":"a34c591f-b405-4ee6-8c74-5baec7f6b29f","userLoc":{"longitude":-14.603952294241282,"latitude":-60.053637923096964}},{"userUuid":"a30ef6df-461c-415d-b8d7-c002e23725e6","userLoc":{"longitude":-64.43086024551013,"latitude":-47.062597127098336}},{"userUuid":"a255228e-429f-4e65-9df0-edc4eaf1c1e0","userLoc":{"longitude":121.65450159410142,"latitude":-72.5112920580092}},{"userUuid":"590a3d8e-d607-4b2a-aee0-9e5551522a8c","userLoc":{"longitude":-126.50728597668012,"latitude":-72.09240443528832}},{"userUuid":"5013a972-215a-47b1-90ac-2bdae37aa912","userLoc":{"longitude":5.335298936168755,"latitude":43.48480943136539}},{"userUuid":"0c76de8d-493d-45c0-a9b5-38500110c0ae","userLoc":{"longitude":170.37162501445493,"latitude":-55.84235700362897}},{"userUuid":"3e612124-742c-4c50-b4de-91f652119a3b","userLoc":{"longitude":50.50128615171167,"latitude":37.67886408128483}},{"userUuid":"ff35f7af-77e6-4e78-aa03-cf3c5eb9a533","userLoc":{"longitude":-98.70493938096432,"latitude":-22.074358091132638}},{"userUuid":"2339073f-3934-4a3d-8de6-815ad4ebaff1","userLoc":{"longitude":-65.0467469260912,"latitude":43.73819691771888}},{"userUuid":"cd8c7b0f-cce8-4fd5-a75a-dfeb490a5bba","userLoc":{"longitude":142.15817264314694,"latitude":-39.812461414523625}},{"userUuid":"bded034f-3043-4b26-bcc0-78ba42123789","userLoc":{"longitude":142.69110165467396,"latitude":-21.91868522108586}},{"userUuid":"8002daa3-89d5-4725-9361-5493fae117c7","userLoc":{"longitude":166.494627481777,"latitude":-16.109361248926803}},{"userUuid":"59807f07-2db4-456e-82f8-c5e91244aa66","userLoc":{"longitude":18.53714041533007,"latitude":8.069295297681506}},{"userUuid":"1d2aa880-aaa7-4b04-ade0-3f71a5aca71a","userLoc":{"longitude":75.97357773647127,"latitude":-69.46673474397188}},{"userUuid":"3d5949dc-3aa0-49ef-aba0-44730e3d0caf","userLoc":{"longitude":126.22252100960901,"latitude":69.42459477036672}},{"userUuid":"3942c9c5-08d5-48f1-8a06-b92ee193e8bc","userLoc":{"longitude":-71.48925982223136,"latitude":-36.47105566398161}},{"userUuid":"e4450572-5b59-4865-9d16-b54f4974b14e","userLoc":{"longitude":-112.13676744415193,"latitude":37.35591075439437}},{"userUuid":"08b6d52c-0138-49a2-a6c0-d22fa9d3dc8a","userLoc":{"longitude":143.48583008050622,"latitude":67.05213748681524}},{"userUuid":"a3349ff2-49f8-4594-b428-295e6c02eb2c","userLoc":{"longitude":155.91450976879577,"latitude":52.48901638544723}},{"userUuid":"96afe9f3-3f37-4877-abf8-a0f4316a1f73","userLoc":{"longitude":121.14672126609895,"latitude":-0.6899081717512274}},{"userUuid":"dcf830a9-2299-4683-9c0e-58c9a0fb7e59","userLoc":{"longitude":170.42660840312197,"latitude":33.57848365324071}},{"userUuid":"e97f631a-38dd-4655-bc22-0ead85e4d8ff","userLoc":{"longitude":-107.73343448467047,"latitude":-82.49814722991493}},{"userUuid":"959fad8c-959d-4167-accf-0f12fd14f47c","userLoc":{"longitude":96.17065136225756,"latitude":-75.58942566835739}},{"userUuid":"1cbf0f32-ab7d-4ccc-9772-0a68ab3936a3","userLoc":{"longitude":-8.158155134274551,"latitude":-38.28470613059197}},{"userUuid":"73ff3a8a-44b0-4f85-a24a-4949a94349b0","userLoc":{"longitude":-80.9438832240928,"latitude":27.81615381708528}},{"userUuid":"da4e78d3-4a05-4ded-b9f5-82e3543d3b3f","userLoc":{"longitude":133.433176223053,"latitude":-13.731191016197428}},{"userUuid":"1aeb58b5-3ddd-495e-abea-db4b37022f71","userLoc":{"longitude":-121.21728199646802,"latitude":44.36112145006135}},{"userUuid":"11885768-e097-41f2-a457-f358b55fa7e1","userLoc":{"longitude":114.30637584238127,"latitude":58.04324088063089}},{"userUuid":"036f74ef-724d-4714-ae9f-6bca98699df3","userLoc":{"longitude":-29.539645553356877,"latitude":-68.89298909564991}},{"userUuid":"aff42df0-c19b-4685-9af7-61eee2b131fa","userLoc":{"longitude":94.38022837502143,"latitude":9.323480004819672}},{"userUuid":"18368a45-a509-4b29-b64b-0f5760343368","userLoc":{"longitude":10.949094899525022,"latitude":-52.809795126773096}},{"userUuid":"dae56028-7f6f-4033-957d-72817c8bbf04","userLoc":{"longitude":-167.87956829991805,"latitude":15.284992911220925}},{"userUuid":"cf6e8ed5-46c1-4cb7-8604-39dea1b599c6","userLoc":{"longitude":-102.49068490287426,"latitude":40.58388423221258}},{"userUuid":"aeccfaf4-cb14-4dea-baa2-5a83e85c7d2d","userLoc":{"longitude":119.44304235475266,"latitude":21.807834645289418}},{"userUuid":"a6d48daa-3c1c-45f2-b89f-cf184947385a","userLoc":{"longitude":146.6083904201377,"latitude":36.48614597659997}},{"userUuid":"eca58a93-9a56-4bde-9e66-6a3cb870609b","userLoc":{"longitude":27.559943366695336,"latitude":-44.34965665149376}},{"userUuid":"6c7cabff-8ef4-430b-83c9-7ef0eca8309a","userLoc":{"longitude":46.09945456494492,"latitude":-1.1001063351806692}},{"userUuid":"7c530095-6c3d-49a9-83b4-c53e541df704","userLoc":{"longitude":-111.06454523999481,"latitude":-57.33154334019307}},{"userUuid":"714969af-0043-4b18-8ad5-c2f469c1d5d2","userLoc":{"longitude":-121.43045834417177,"latitude":81.79350464902123}},{"userUuid":"6312288e-b39e-41a4-b4b1-db01e4360fc7","userLoc":{"longitude":33.6938195792568,"latitude":-51.54769141385548}},{"userUuid":"5e0cfa32-f96d-4653-ac20-f0336e2c9e8a","userLoc":{"longitude":-39.28380634895106,"latitude":67.39305751107747}},{"userUuid":"57a781f0-f0be-407b-9573-de391913a722","userLoc":{"longitude":100.03716723949594,"latitude":30.312321504638547}},{"userUuid":"6076aed7-0e35-4856-ae26-c0ba2a8b6cc7","userLoc":{"longitude":-159.6335228614187,"latitude":75.34214086295387}},{"userUuid":"c6221b0d-22cd-4f76-9110-5dc59cd3f717","userLoc":{"longitude":-147.70268423060548,"latitude":12.693107560210066}},{"userUuid":"e64105be-0da1-4ded-a192-dfc48303a9f0","userLoc":{"longitude":38.68242900768868,"latitude":14.915534743056256}},{"userUuid":"e56c1e64-07cf-48da-9ccf-c9f64d49a89b","userLoc":{"longitude":-89.03235854403052,"latitude":31.159489016906548}},{"userUuid":"9c6aa738-a0a8-432b-a745-941620a7679f","userLoc":{"longitude":-96.48022838771375,"latitude":-20.31867399860728}},{"userUuid":"ecff5c81-65aa-41fa-bf33-50d98ee24292","userLoc":{"longitude":-66.25886628566246,"latitude":63.588305604665976}},{"userUuid":"f0dab835-2e2e-48dc-a148-0e28334bf577","userLoc":{"longitude":-104.79846869048876,"latitude":53.793373773839846}},{"userUuid":"5cbfeb75-946e-493b-8398-24b1e69496a2","userLoc":{"longitude":-29.095462319264044,"latitude":-7.387773620529501}},{"userUuid":"1fd2db07-07e1-4840-90d0-7952de9df0c1","userLoc":{"longitude":77.77541875598115,"latitude":-45.6043178494645}},{"userUuid":"81f62060-47ae-4707-bbfc-4bf039f6f214","userLoc":{"longitude":155.26015455618818,"latitude":-13.342673714598305}},{"userUuid":"1d617b06-f14d-43ac-954d-1b7c25f1f6b3","userLoc":{"longitude":92.59621175965049,"latitude":-73.49156845140608}},{"userUuid":"e684ecac-9da8-4bd6-a98e-f4f625cb32e3","userLoc":{"longitude":140.02941218207326,"latitude":-3.66141212384494}},{"userUuid":"5df8c219-2a40-4556-a550-c28dc4883cbe","userLoc":{"longitude":102.14719849227686,"latitude":54.83862607902128}},{"userUuid":"e1b4fc03-c2cc-415a-bddf-e55fb8bf9382","userLoc":{"longitude":-90.98266792034495,"latitude":82.83010874433717}},{"userUuid":"4b96d158-8d40-4d04-8a0e-cabc0a6f5fc5","userLoc":{"longitude":-68.51434544533798,"latitude":50.81989006487544}},{"userUuid":"29d2f1cb-a129-4b1e-b5cb-446d7fb1541d","userLoc":{"longitude":114.28311457962076,"latitude":70.38925966061919}},{"userUuid":"22fd5e09-fc4d-4f94-9c1f-ce4874b92e78","userLoc":{"longitude":18.802453180981104,"latitude":-23.711959554234575}},{"userUuid":"a0022da9-4804-44da-87fa-9af002ded084","userLoc":{"longitude":61.88380319384217,"latitude":15.874072746138154}},{"userUuid":"c6846dd8-0f0a-4ab0-909c-fe1db3624450","userLoc":{"longitude":-39.30700612738403,"latitude":17.742594193291126}},{"userUuid":"deba5915-a3c3-4034-8f3d-c851bf348131","userLoc":{"longitude":-91.01527920981357,"latitude":-25.49138078359551}},{"userUuid":"d55a5657-e5a7-4cb1-a5d3-8f88e95480df","userLoc":{"longitude":45.4441041623501,"latitude":3.838129859590751}},{"userUuid":"b0091baa-156b-4f49-afd1-71de5054ee9c","userLoc":{"longitude":9.581806476937317,"latitude":56.59346332158415}},{"userUuid":"d4553823-f9a9-4c8d-a899-dbf3486cb18a","userLoc":{"longitude":73.87288368677153,"latitude":19.87002921408977}},{"userUuid":"4afb44c0-dfa6-4adb-958e-199af86a91d9","userLoc":{"longitude":141.27223150102293,"latitude":80.9722209035381}},{"userUuid":"f5f55019-7aa2-4a2d-8b25-b78152211bea","userLoc":{"longitude":130.44811138273354,"latitude":56.994815656459025}},{"userUuid":"7c30520a-871f-49ef-860e-bd16d802d8ef","userLoc":{"longitude":-103.69898963758693,"latitude":57.18592124847882}},{"userUuid":"2c8426eb-26bc-49b7-83ef-2034bd6586ba","userLoc":{"longitude":-119.64560076909963,"latitude":-32.24195880975861}},{"userUuid":"4f7600bd-e9e6-47f1-b342-191af761511d","userLoc":{"longitude":-179.42640959143372,"latitude":55.050653137836235}},{"userUuid":"dd6d65f9-6b9d-47a9-871a-d5c13d4b8164","userLoc":{"longitude":44.71675477321389,"latitude":0.7950199769772155}},{"userUuid":"ceeee266-3976-44b0-b10d-bb1fe397b7fb","userLoc":{"longitude":-57.38685329761557,"latitude":44.44690428677376}},{"userUuid":"2865438a-1a9e-4214-8b02-494d3c875302","userLoc":{"longitude":-63.14804511868941,"latitude":-76.60630412244966}},{"userUuid":"013d80df-7768-47df-ac04-ce3f7d7556b2","userLoc":{"longitude":70.49733602585704,"latitude":36.26565522014617}},{"userUuid":"4a0225bf-6e09-4413-a3f0-f9e0cc15579d","userLoc":{"longitude":-35.64404086956387,"latitude":-45.481848824897114}},{"userUuid":"f1ebba80-b9ff-4dbe-b240-06c93247c613","userLoc":{"longitude":41.969439389444744,"latitude":-8.81360941665929}},{"userUuid":"d9a77a2a-4c66-4946-a039-243afd3219af","userLoc":{"longitude":-105.39221576296814,"latitude":11.33443566135179}},{"userUuid":"b5b025ba-631e-414c-a46e-336665e3a82b","userLoc":{"longitude":-72.7633138999549,"latitude":-46.215325633905174}},{"userUuid":"bc66163b-3f02-4b5c-926b-6cf5c6ddbd26","userLoc":{"longitude":-151.82190243300434,"latitude":56.42540434445087}},{"userUuid":"2d26ef84-f9c2-4cf5-82d4-b44da21091e6","userLoc":{"longitude":21.557400602768723,"latitude":-46.7018153028821}},{"userUuid":"99f3423a-2674-43f5-8ce2-4aa1469bf560","userLoc":{"longitude":-37.55869574480005,"latitude":-76.50569183415365}},{"userUuid":"3c428533-225c-443d-b44b-dbbe309c88a2","userLoc":{"longitude":113.11546623322783,"latitude":70.81941372790308}},{"userUuid":"296eb455-f45f-420f-83a2-9792adddf666","userLoc":{"longitude":-118.60947664105424,"latitude":14.426052205682723}},{"userUuid":"15c1fad5-c2d8-4567-a1a9-e416615accb3","userLoc":{"longitude":3.8999579041538084,"latitude":29.61228819244674}},{"userUuid":"07c148b2-aa8a-474f-8a6c-e3d39dcba26b","userLoc":{"longitude":87.15902903907642,"latitude":-71.35337593712879}},{"userUuid":"59130dd4-7265-47bb-9093-5172a65300f4","userLoc":{"longitude":-66.32045206230877,"latitude":36.36414320040868}},{"userUuid":"7c72cb53-3421-49aa-9d2f-6a7711ee4003","userLoc":{"longitude":-28.54309825032314,"latitude":48.776956072649284}},{"userUuid":"b1648ce8-698d-4d3c-926f-231f3c69c74f","userLoc":{"longitude":134.12015099046442,"latitude":-21.057380551843835}},{"userUuid":"eac1cd5a-7b61-461b-8f7b-67a56469eda5","userLoc":{"longitude":138.91847575546893,"latitude":-73.17134081191512}},{"userUuid":"c804ccc9-9e38-4d5d-bc3a-ec30fbc99cb9","userLoc":{"longitude":-28.412812137168686,"latitude":-43.304744484929394}},{"userUuid":"3375b6c5-17db-4147-9463-eb2643ee32d8","userLoc":{"longitude":24.601381496811825,"latitude":-47.27625705027219}},{"userUuid":"3ca29eaa-945c-489f-ad09-918b5c2743a2","userLoc":{"longitude":-90.549866150063,"latitude":-77.18035102958454}},{"userUuid":"b3c4e84b-82ab-4ae7-932c-37863f274a04","userLoc":{"longitude":-109.90156031334848,"latitude":57.05020698294956}},{"userUuid":"9b60f902-bfb3-4eea-b02c-d24aa206680e","userLoc":{"longitude":151.6484349371575,"latitude":55.518036595826345}},{"userUuid":"feb9d354-2486-474a-959a-cbb35d89cee6","userLoc":{"longitude":-158.59923600263855,"latitude":-43.71340036231807}},{"userUuid":"8986073b-bf85-4130-92bd-071171d4b25c","userLoc":{"longitude":-116.35904218253896,"latitude":-32.896941680057566}},{"userUuid":"ff8a2246-40e0-4182-a20f-eabf992bbaad","userLoc":{"longitude":21.527026453943563,"latitude":49.77569418111881}},{"userUuid":"55234b40-5ee4-4037-8b02-25c3b250695f","userLoc":{"longitude":-3.5161399170299035,"latitude":-15.665677704013063}},{"userUuid":"370e572d-9a0e-4b20-af79-38a5079dc01a","userLoc":{"longitude":13.579196609966942,"latitude":-39.54866131110586}},{"userUuid":"beee0fd0-24ab-48cb-a622-67bd33353e36","userLoc":{"longitude":-122.21740098467717,"latitude":-58.46866338236003}},{"userUuid":"26f1bc1c-86e3-44b2-9528-ca220b60934b","userLoc":{"longitude":-91.02549179316084,"latitude":-46.76622254651887}},{"userUuid":"568243df-1048-4a6a-95ec-a53e80486c8b","userLoc":{"longitude":26.211508573567016,"latitude":20.6015076500598}},{"userUuid":"bfa008fc-a9a1-41c4-9dcc-29a57a4889c3","userLoc":{"longitude":-111.8989118405223,"latitude":-46.95254153683251}},{"userUuid":"f9609059-f546-4a74-85b9-a12e56300b6a","userLoc":{"longitude":-150.06664695010986,"latitude":-53.06442419224137}},{"userUuid":"c8ce4eee-4869-4416-a536-425125cabc6b","userLoc":{"longitude":-108.72884690352737,"latitude":7.778878746786702}},{"userUuid":"399a30ca-c1a4-4743-a887-85d2cf9a0703","userLoc":{"longitude":62.560056772739415,"latitude":-45.42294910759324}},{"userUuid":"e1eb2fcb-dee1-4b84-b3b2-0d18d8d8770f","userLoc":{"longitude":-171.70628987149126,"latitude":41.08490824057317}},{"userUuid":"5830b38f-14f7-4e48-806f-bab3d2109555","userLoc":{"longitude":-6.109228474870605,"latitude":-79.4943319081541}},{"userUuid":"f087c601-66aa-4e53-a225-e8d5402a5528","userLoc":{"longitude":141.62284789663204,"latitude":-77.79123012774882}},{"userUuid":"237ed5a1-c284-4667-888c-80bb767f51e6","userLoc":{"longitude":-161.7302987443847,"latitude":-43.95233316200637}},{"userUuid":"710047ca-8aa2-4b88-8908-f87e410e7d41","userLoc":{"longitude":106.13100638358344,"latitude":4.04541095105543}},{"userUuid":"00239e41-d271-4193-b9a4-a0c50c94673e","userLoc":{"longitude":-10.276868296520945,"latitude":-27.262451082543237}},{"userUuid":"471476da-0bd9-43b6-859a-632b0c848a5c","userLoc":{"longitude":-158.9530370786767,"latitude":26.263695827257905}},{"userUuid":"976a70a7-e473-4745-83d0-ec52841ad6df","userLoc":{"longitude":-175.2214502334843,"latitude":62.05384325423017}},{"userUuid":"3d2fd685-96bd-464a-9ca0-04caf7383a82","userLoc":{"longitude":139.79515142483848,"latitude":-41.73578989672279}},{"userUuid":"2f3cebae-5f3c-43b3-9d21-b028b2266da1","userLoc":{"longitude":123.87363810269875,"latitude":-78.44164431732526}},{"userUuid":"0e53a63b-d687-4f3a-8a7b-5bc1d32a1549","userLoc":{"longitude":55.13017008809305,"latitude":-26.685480039897456}},{"userUuid":"941d7ad6-abf2-468e-a5e0-63c2368ba6ee","userLoc":{"longitude":-165.0011445064779,"latitude":7.946912952609551}},{"userUuid":"d48725e2-546c-44d5-9e7e-c3c003e41de4","userLoc":{"longitude":-99.50830063286226,"latitude":67.24114371081419}},{"userUuid":"623698f6-c3f9-4459-a748-4fc4a9b51cde","userLoc":{"longitude":-153.29671868589293,"latitude":-63.34208406695643}},{"userUuid":"c92c49f8-60f4-4eea-9ff7-6ac551052ddb","userLoc":{"longitude":-123.02288697983472,"latitude":-13.49036692823897}},{"userUuid":"de5ae6ca-3077-4d69-8766-a13e27e31590","userLoc":{"longitude":30.559465760723157,"latitude":71.70864393317808}},{"userUuid":"3b8452b7-65bf-4a9b-a31d-4a9f5f77e31a","userLoc":{"longitude":140.18079717311048,"latitude":23.545747663651298}},{"userUuid":"b408085b-71dd-47fa-836b-20e265d8889e","userLoc":{"longitude":172.42659525270705,"latitude":-26.80230469088471}},{"userUuid":"1cfb26b2-d819-4608-9bb7-d84c924802c4","userLoc":{"longitude":-177.75708591383838,"latitude":-51.415479329827406}},{"userUuid":"d6472096-6449-4da7-8c08-6585265ec326","userLoc":{"longitude":48.596050511918065,"latitude":-29.039693590046042}},{"userUuid":"3e9c752c-5bc2-4948-93a4-709eb9acabe5","userLoc":{"longitude":9.836599486742386,"latitude":-41.13023875853691}},{"userUuid":"6acb105a-8ffe-4c8c-8c34-f2bc086d728e","userLoc":{"longitude":-22.891756903959987,"latitude":45.06313866803313}},{"userUuid":"6b1b8635-182e-4f70-9ba7-1125f1a7a55b","userLoc":{"longitude":173.71994429445095,"latitude":-68.56432581821267}},{"userUuid":"8e28be36-8d1f-4c46-996c-7a2b2656455e","userLoc":{"longitude":-109.51104994487136,"latitude":39.95639176601897}},{"userUuid":"3b382bd8-aad8-4ccb-a46e-c46981113edf","userLoc":{"longitude":-64.21417505472697,"latitude":64.39541340913942}},{"userUuid":"55196950-fdf0-4ba6-81e5-0d024826df43","userLoc":{"longitude":-160.4156441263421,"latitude":-8.93313902977053}},{"userUuid":"d3f2b211-ac32-4d6f-8e3e-2b9ed000aec5","userLoc":{"longitude":104.01672985872807,"latitude":-9.386911524936579}},{"userUuid":"a7332fdd-403d-4e3a-846f-92bf01317dec","userLoc":{"longitude":-157.36088717042452,"latitude":16.271078688906158}},{"userUuid":"d568b38d-60da-4d69-85ca-f6814d0c4066","userLoc":{"longitude":45.970939690317834,"latitude":30.23818304412744}},{"userUuid":"91b8b260-52d6-4a93-81b4-531fa945e351","userLoc":{"longitude":-172.89966310511042,"latitude":65.59129605253929}},{"userUuid":"8d4262fc-c2af-46c0-a03b-81d094dc1040","userLoc":{"longitude":87.54550918393738,"latitude":-6.788155145521202}},{"userUuid":"2e4bd15d-3529-4504-b15c-7e05d60c3d2b","userLoc":{"longitude":-115.98210831540787,"latitude":-20.73142985898359}},{"userUuid":"c2ab34c9-4868-4e64-bc5c-3a66d86c0870","userLoc":{"longitude":149.3552876021442,"latitude":-69.42283370525797}},{"userUuid":"2fd76c7d-bfe6-4318-be6b-c8e4e409df4c","userLoc":{"longitude":-56.297258753497374,"latitude":75.57443404358244}},{"userUuid":"18b349e3-58b6-40ba-afea-128f9796f728","userLoc":{"longitude":171.7954333031813,"latitude":-40.681853917846645}},{"userUuid":"d7fb7b38-b018-412e-93cc-688a6a5009c0","userLoc":{"longitude":-129.00267485089256,"latitude":-10.638810110075724}},{"userUuid":"08856438-75d8-4629-a077-61e92c359198","userLoc":{"longitude":70.32482754595688,"latitude":70.5021617542809}},{"userUuid":"62a80a8e-b1e9-4faf-9b8c-906db7bd7839","userLoc":{"longitude":75.46080693195,"latitude":-1.6822255265471426}},{"userUuid":"200dcb5f-9e6e-4f5b-9ade-c03c1c013d77","userLoc":{"longitude":-15.024396982269394,"latitude":78.93932298148835}},{"userUuid":"7ffd865b-b2ad-4b24-a88b-a2acf892396b","userLoc":{"longitude":-159.49763082597366,"latitude":17.39925155696389}},{"userUuid":"a992c18b-d18e-43e2-98ef-714403a5a68c","userLoc":{"longitude":100.71011188403622,"latitude":-13.46585268963753}},{"userUuid":"deb36924-23cd-46e1-baf6-6c3c080a074a","userLoc":{"longitude":39.045035660329575,"latitude":-38.539391180526934}},{"userUuid":"29c8b895-6f86-4c5c-ab74-0a5a344d532e","userLoc":{"longitude":-122.20889402232697,"latitude":-37.476865045465}},{"userUuid":"9a664fb1-39a0-4bef-a78b-c58686d8e1b3","userLoc":{"longitude":-33.604946031159045,"latitude":-71.86197010308253}},{"userUuid":"7255df15-434c-48db-b14f-84325bd7443a","userLoc":{"longitude":58.9313966756736,"latitude":-51.23461615799408}},{"userUuid":"404c93a8-7ccf-4985-95a8-18d9409003fa","userLoc":{"longitude":-91.10938084008399,"latitude":-36.71481746517579}},{"userUuid":"5f0e062f-0947-46e9-ba2f-c6c9cc25c569","userLoc":{"longitude":-3.110455128117138,"latitude":8.114273186267908}},{"userUuid":"fe3d53a6-889c-4e4f-b6e7-edb8eb8ecb42","userLoc":{"longitude":-70.16581885811507,"latitude":-6.442940745575882}},{"userUuid":"67ac1d5e-4b4e-49f2-84d1-a6805df0a251","userLoc":{"longitude":65.7302442947834,"latitude":-43.30154017884752}},{"userUuid":"1f6623ef-de0a-4400-bc28-33c0eadc9106","userLoc":{"longitude":41.18157707928435,"latitude":-80.1632086387453}},{"userUuid":"581b75d2-f9fe-49ec-953e-60abb10cae0e","userLoc":{"longitude":-23.011128121400674,"latitude":-32.288599176200215}},{"userUuid":"33f3831f-f072-4cd5-874b-d3143efe6607","userLoc":{"longitude":-118.25415490568045,"latitude":53.97274728964041}},{"userUuid":"9c7757b4-d6ff-47ad-8574-ff314959df70","userLoc":{"longitude":61.088931683542825,"latitude":48.36384811863971}},{"userUuid":"72c81222-19f8-4e70-886d-7156d70e6ceb","userLoc":{"longitude":156.297044297701,"latitude":37.55883849316761}},{"userUuid":"3f6a4e3e-de45-42b3-a847-1e6188a1c44b","userLoc":{"longitude":-49.381339606203966,"latitude":38.7241071296898}},{"userUuid":"0933a223-320e-494d-a958-9ec59c913a65","userLoc":{"longitude":61.85093508480813,"latitude":-46.51378881187264}},{"userUuid":"10bd66ce-ad76-41d2-8b74-99da12ba06ea","userLoc":{"longitude":-51.11596183230881,"latitude":55.62348673424722}},{"userUuid":"0343fae3-5705-4d40-beaf-b27cc9f009cb","userLoc":{"longitude":-27.880265978829243,"latitude":-37.460195068465}},{"userUuid":"1c22f96c-e055-4fbf-9f4d-50192cba61e1","userLoc":{"longitude":-59.84783295426527,"latitude":-66.96081454760039}},{"userUuid":"99bdbe88-23d4-40cb-8b85-e3f36ae2c7e7","userLoc":{"longitude":27.908718226074114,"latitude":2.6141855172124764}},{"userUuid":"01ce6f36-6a00-42fe-99f8-17e08f7aa962","userLoc":{"longitude":158.00945401446023,"latitude":-65.65771767883086}},{"userUuid":"93a9798b-3fe7-45de-8379-b25ca2baeaf2","userLoc":{"longitude":179.21727827191307,"latitude":17.1995058900185}},{"userUuid":"907f41b7-c637-4719-a4a0-f2247e7fedfe","userLoc":{"longitude":6.027488624351605,"latitude":-31.486095344874066}},{"userUuid":"4d5ed26e-37c6-4563-8f75-c83e2833aa31","userLoc":{"longitude":123.31569627633132,"latitude":-64.28960297774483}},{"userUuid":"52720b31-69e3-4e2d-87e3-ed13b6e4ed89","userLoc":{"longitude":21.33394488085702,"latitude":58.77981388801004}},{"userUuid":"930cc4f3-8695-4586-bbc8-2b9977af62b4","userLoc":{"longitude":161.82023618304288,"latitude":55.41662638240166}},{"userUuid":"ceff11f9-5a1a-4ab9-92ab-18138a5d8a23","userLoc":{"longitude":-130.09196185268624,"latitude":-25.17657416514026}},{"userUuid":"b3bd3ba3-a086-49e5-8ee5-5b0cd41cc14a","userLoc":{"longitude":32.38954965636523,"latitude":12.538858956249442}},{"userUuid":"65191fe9-ebc3-4cdc-97d1-3e6d154c3b7e","userLoc":{"longitude":-44.48708584318388,"latitude":-17.829479719457638}},{"userUuid":"65b3efba-0607-4c4e-be28-ead072eab72b","userLoc":{"longitude":-63.90382935767619,"latitude":-53.871546413087}},{"userUuid":"125d37aa-a5f3-4f3c-ba08-eb94fe03b5a2","userLoc":{"longitude":165.2426293644565,"latitude":-30.03737544057821}},{"userUuid":"219a4f21-c99b-4eaf-880a-611a3099173b","userLoc":{"longitude":119.90843000444676,"latitude":-55.66903842864279}},{"userUuid":"7f83be1c-41f8-430e-89f7-6ce17b8709d9","userLoc":{"longitude":-54.81605073187454,"latitude":-68.98409301760593}},{"userUuid":"43c51b5a-999f-477c-aa6e-f0acd77371e4","userLoc":{"longitude":-61.79715723688173,"latitude":-63.71616425045776}},{"userUuid":"252c6f49-e469-404f-9b81-3f9e289ff5ea","userLoc":{"longitude":-149.3618975932741,"latitude":-73.6666710025528}},{"userUuid":"60ddbfa6-aa43-4c81-84be-b90342924924","userLoc":{"longitude":-30.989760445841796,"latitude":-53.99592007390383}},{"userUuid":"bc5ed7a1-094d-4de8-acfc-67168776c455","userLoc":{"longitude":-124.00567500016604,"latitude":-20.74886546444293}},{"userUuid":"a330f4c6-687d-4ccf-bb54-c30ffbf5484c","userLoc":{"longitude":-107.84405827399762,"latitude":-4.29822594891364}},{"userUuid":"2ed328ae-499a-4d2f-a919-c2dae2e5b59b","userLoc":{"longitude":-3.8166141205395547,"latitude":7.41699137119322}},{"userUuid":"6e6750ab-75b7-4151-ae9e-46448d4e45da","userLoc":{"longitude":-61.06486096502368,"latitude":-21.96273760918723}},{"userUuid":"4d7b231a-6c72-4749-bdca-54e3b09a05b9","userLoc":{"longitude":-127.91798365224933,"latitude":51.48457048926568}},{"userUuid":"3220048f-984f-4ab0-82a6-05eacb84a45e","userLoc":{"longitude":90.99710010339578,"latitude":68.83442603079945}},{"userUuid":"563e8c35-d2b1-45bb-9096-f4e9c89b6ebe","userLoc":{"longitude":-139.53861269032475,"latitude":60.19295354357615}},{"userUuid":"6360cdcf-65f6-421c-bdb6-858ae982bef5","userLoc":{"longitude":-76.91947786402454,"latitude":-28.436374399498206}},{"userUuid":"eee18529-00be-4813-afe0-761029a94f65","userLoc":{"longitude":-161.24752913469507,"latitude":-6.839205817106389}},{"userUuid":"dda8da4c-f2b9-477a-ad3c-946c429d0e45","userLoc":{"longitude":101.13329728167685,"latitude":-73.18553173341242}},{"userUuid":"c4d1fa31-fd97-45e2-a799-5f2d34b3938d","userLoc":{"longitude":-138.67862741620917,"latitude":22.60797147416146}},{"userUuid":"5cafd6ce-7cb8-4a65-94e9-3296bb15cc50","userLoc":{"longitude":130.44669110614228,"latitude":-40.11976722816793}},{"userUuid":"8f3d7f0b-d4ee-40df-b7bd-28c1f0894e72","userLoc":{"longitude":29.677140364103792,"latitude":-30.913235394065786}},{"userUuid":"4c6fcd27-34c2-41c0-86bb-1b14edff5e10","userLoc":{"longitude":-131.39342388213842,"latitude":77.1959590742654}},{"userUuid":"cf8571c9-72eb-46df-a13e-548f45fc3f7d","userLoc":{"longitude":-14.606917780287262,"latitude":54.37332745262097}},{"userUuid":"1f5b428c-ee94-4bf4-98e2-9f3889af25df","userLoc":{"longitude":-52.83989425593877,"latitude":-11.295834204527509}},{"userUuid":"ad321e86-539a-4697-b9b8-f83b73d096bd","userLoc":{"longitude":159.96674872761844,"latitude":-62.12571195067227}},{"userUuid":"edd63045-ec0e-4034-97fc-5cb6f59ea263","userLoc":{"longitude":-9.06217093441768,"latitude":-13.864280773072409}},{"userUuid":"4d000c47-a4f7-4d3b-993c-46f041ebe5e8","userLoc":{"longitude":57.055057533336225,"latitude":-48.94553016823271}},{"userUuid":"c930314e-9067-4377-81bb-983f1994f722","userLoc":{"longitude":174.2689436194969,"latitude":51.144741460469646}},{"userUuid":"7d968836-4422-431d-aee9-55aa6aef568e","userLoc":{"longitude":13.81693931554824,"latitude":-0.376688107752571}},{"userUuid":"e3fcde5c-9f3e-47e9-84e2-a67f04312cd6","userLoc":{"longitude":-116.40340954663,"latitude":-46.1065975790155}},{"userUuid":"13396fa2-36d4-4a0f-a210-87eb3b8786fa","userLoc":{"longitude":-33.54792851194395,"latitude":-13.662722019764814}},{"userUuid":"74ccfeaf-b94c-46ad-b3fe-c19f9ae72799","userLoc":{"longitude":10.999542424447355,"latitude":-62.399325627310645}},{"userUuid":"e4b5621f-c66e-4e38-90f5-078b0a8aff60","userLoc":{"longitude":-82.26011065405417,"latitude":71.54760569912864}},{"userUuid":"747f5539-dddd-4497-af4e-1023e44d3fa4","userLoc":{"longitude":56.06918720846977,"latitude":76.39439524148514}},{"userUuid":"1a878736-a367-460a-88e1-8802f9c85a04","userLoc":{"longitude":-61.816791253635145,"latitude":45.76309378437088}},{"userUuid":"2e33056e-5405-48bd-885b-dabbc05778c4","userLoc":{"longitude":36.47278756021825,"latitude":-55.54872628410925}},{"userUuid":"3f7d8897-6061-40c4-9529-8d9c68d2e1b7","userLoc":{"longitude":-92.96287788288113,"latitude":42.01892112212053}},{"userUuid":"fdbf9719-f1de-4620-bd6a-e53a936175f7","userLoc":{"longitude":167.27044052173642,"latitude":74.45890337007961}},{"userUuid":"e1d24943-d7a5-4d73-8f03-7c67ef3ffb6e","userLoc":{"longitude":107.14675170063771,"latitude":-24.62914094430473}},{"userUuid":"6ebdd2e1-de77-4ead-b153-8cacc307b7b9","userLoc":{"longitude":-2.4614105141649247,"latitude":37.82300692185699}},{"userUuid":"5d81873f-733f-4ed1-80c7-aa84ddbff59c","userLoc":{"longitude":97.47972722079481,"latitude":22.634101212263758}},{"userUuid":"59678ac0-a041-4add-9538-7dee4ffdc495","userLoc":{"longitude":169.31988276303582,"latitude":-2.405329597255971}},{"userUuid":"b8a15012-5745-43b1-885f-8b6c265ddc92","userLoc":{"longitude":-153.42074070325043,"latitude":17.515580963459456}},{"userUuid":"b2667db3-edde-49b5-8b33-0b1c79a17d99","userLoc":{"longitude":98.59225443879376,"latitude":10.55099025892666}},{"userUuid":"740cba9f-6c29-4769-9e58-dc3ad1cf9d3d","userLoc":{"longitude":-13.634553399978842,"latitude":-9.988140048427525}},{"userUuid":"b61816d0-2fe3-4f34-9e1b-7f392cad1b31","userLoc":{"longitude":54.16281568618143,"latitude":16.650520980692576}},{"userUuid":"844e4501-818f-454a-b911-2fa193a2b996","userLoc":{"longitude":4.335995664458267,"latitude":-5.369205166824855}},{"userUuid":"55c9eda5-1d53-4c45-8747-cb6f2a5ba985","userLoc":{"longitude":-87.8497162481799,"latitude":-58.275932295215995}},{"userUuid":"d181c998-d48e-40d9-80b0-0887279f191f","userLoc":{"longitude":-117.60655923724403,"latitude":-43.70832774393732}},{"userUuid":"22041525-5419-450f-a1c1-a58a63b64c35","userLoc":{"longitude":103.71949154631432,"latitude":81.09996104443144}},{"userUuid":"1510c768-7e5f-4731-bec9-20aa45a2a360","userLoc":{"longitude":117.09229998182798,"latitude":-31.29442674824176}},{"userUuid":"c71bb13b-8b22-4153-89cf-97ff22c011a4","userLoc":{"longitude":-174.9904110180597,"latitude":-40.73965403562588}},{"userUuid":"679783f2-6b7c-4ddb-a308-1fbad929229d","userLoc":{"longitude":165.12984317969102,"latitude":-82.372201855044}},{"userUuid":"737b3f4e-d2ea-41e2-815f-0f1e6bdc7496","userLoc":{"longitude":132.0573175007965,"latitude":-67.2923369965796}},{"userUuid":"3eb8bfbc-9808-4014-889d-886a7b198f80","userLoc":{"longitude":-44.66615098575022,"latitude":-68.47995429611751}},{"userUuid":"acce11fb-fb38-4d5a-91e4-8b19caf98bc2","userLoc":{"longitude":-121.41637024145099,"latitude":12.60936575462307}},{"userUuid":"1fcb5cb5-0979-4ac9-a039-345b109d9e92","userLoc":{"longitude":-10.465720308429525,"latitude":-4.2741558717524555}},{"userUuid":"463b1221-aa37-44c3-9296-6fd284cc1795","userLoc":{"longitude":-10.73621521300484,"latitude":4.812722816234867}},{"userUuid":"af9d6195-25d3-45bb-9047-93b2e8433ed1","userLoc":{"longitude":39.08001949065948,"latitude":3.6988684058715364}},{"userUuid":"bcf2b0dd-367a-4ea2-9df0-5d6798bd8f50","userLoc":{"longitude":11.650237519156406,"latitude":17.244549617282374}},{"userUuid":"1175e081-ee2b-436b-9e4b-73fb4191c11f","userLoc":{"longitude":147.36373839886426,"latitude":-84.71654338953071}},{"userUuid":"8dd8745c-fcbf-432d-82d4-5ee612bed9d6","userLoc":{"longitude":-107.53543350152576,"latitude":-2.77764953604715}},{"userUuid":"9e55a14e-ff01-42d8-89b0-806d6d64b1f6","userLoc":{"longitude":-32.069411853951635,"latitude":42.599702834670836}},{"userUuid":"dd79fd13-05b7-4a32-af9e-5cd205045db4","userLoc":{"longitude":8.467963476988672,"latitude":70.31005868959897}},{"userUuid":"2eab0a14-dd92-4b86-9089-ff94e24e76bb","userLoc":{"longitude":146.80211824625275,"latitude":-43.37634789901876}},{"userUuid":"b17646b7-f8b0-47b1-8cc3-156989bf6388","userLoc":{"longitude":106.70611159350238,"latitude":27.843088931755105}},{"userUuid":"9dc92c52-bd41-4128-a68b-623ab66510cf","userLoc":{"longitude":-63.51625517445521,"latitude":-2.036979962606978}},{"userUuid":"095f230c-85af-4807-a83f-5b4ff0d4e72f","userLoc":{"longitude":65.66514572156134,"latitude":54.15454165438996}},{"userUuid":"f0b42ace-af74-4349-9de2-f6b5dcf092ed","userLoc":{"longitude":-69.63305805066622,"latitude":-38.69967468504437}},{"userUuid":"7ac2597e-ca5c-424c-bca5-f2420ec0077d","userLoc":{"longitude":-154.58309872891752,"latitude":-51.31648700987537}},{"userUuid":"bbb47d69-835f-4372-a194-8a6e171403b5","userLoc":{"longitude":21.114553913011974,"latitude":34.677752035480324}},{"userUuid":"148d9c23-5e75-434a-9dd4-281c51535e2f","userLoc":{"longitude":-164.7319063557094,"latitude":-11.622662788678369}},{"userUuid":"7a14b3a5-4683-4d2b-b7c7-158c17aab438","userLoc":{"longitude":-62.75351525531474,"latitude":-19.034190714791535}},{"userUuid":"d59d7945-9152-475b-ad82-6b4cb42a4d8c","userLoc":{"longitude":-32.64917503883896,"latitude":32.745678694424655}},{"userUuid":"6c242459-1fed-4587-ac61-8986fe1bc6d1","userLoc":{"longitude":-31.976729934832576,"latitude":-28.00513046361975}},{"userUuid":"50bb93bb-b54a-478c-8aa5-0e0a882372ff","userLoc":{"longitude":167.26170179217183,"latitude":-1.2547930143611268}},{"userUuid":"89720b1f-a9b3-477f-b7a4-e2e07e4b5d53","userLoc":{"longitude":-13.555972842949501,"latitude":-59.386341808585584}},{"userUuid":"e93c9304-965a-4975-8aab-5cbfe49fb391","userLoc":{"longitude":-70.51214034045672,"latitude":-74.77351982646935}},{"userUuid":"ea430d8f-c916-4b80-9284-534e7fa40570","userLoc":{"longitude":-119.61319368739257,"latitude":-45.63709822494381}},{"userUuid":"64b31406-e2cc-42f5-8470-05e3739edd60","userLoc":{"longitude":81.28562876739551,"latitude":-54.63167376754963}},{"userUuid":"026f5b27-882f-4532-a5dc-33e4abbe7682","userLoc":{"longitude":-138.73990983613234,"latitude":-71.93948414639345}},{"userUuid":"d6039538-a642-47d1-b222-eb30fa33c294","userLoc":{"longitude":31.68737361968104,"latitude":49.77956670377509}},{"userUuid":"af595827-a6d1-41ed-995e-0800643c4777","userLoc":{"longitude":36.52223308044381,"latitude":14.682157925736306}},{"userUuid":"5f4f14c3-6075-46ee-8468-eee91fae26ec","userLoc":{"longitude":-25.127933602040144,"latitude":-10.807087261279165}},{"userUuid":"5e092f8d-14c8-4db3-ba7e-09d4893ea2f4","userLoc":{"longitude":37.04994045400079,"latitude":-48.41169979848793}},{"userUuid":"3fd26ca3-41a8-4050-8be8-b82dcba85645","userLoc":{"longitude":141.64151579820646,"latitude":-81.48662882429853}},{"userUuid":"b0a5f31a-3fc5-4cc3-bff8-dbd2b14864b1","userLoc":{"longitude":155.48435996046612,"latitude":-15.86977332547356}},{"userUuid":"5494cd04-c3d9-437d-aa31-6d9876100cb6","userLoc":{"longitude":83.33708764002097,"latitude":-41.962622573060436}},{"userUuid":"c06823f9-7794-4b6a-ab4b-45556574921e","userLoc":{"longitude":34.691669253301995,"latitude":72.78419218382936}},{"userUuid":"728e148b-8dad-4a8e-9e46-1a311ca2a1d9","userLoc":{"longitude":-94.11689734634258,"latitude":15.129895729906607}},{"userUuid":"8d5d4e38-e597-4356-8052-607e487b2c6f","userLoc":{"longitude":98.92023511014133,"latitude":-41.76800556492931}},{"userUuid":"8cbb407f-152e-4c39-8bd8-921c9504fede","userLoc":{"longitude":82.75763656032422,"latitude":42.50145165825866}},{"userUuid":"28752092-9c69-4282-b8fe-dd03ac25bbc1","userLoc":{"longitude":7.087031299152244,"latitude":-66.59045484138304}},{"userUuid":"becfd7d0-ff9b-48f3-8e93-9060a5827a93","userLoc":{"longitude":-158.2755472940631,"latitude":-10.728814063647135}},{"userUuid":"93c81ee6-e009-4f62-8cf8-f71d21734cde","userLoc":{"longitude":-9.848213842757843,"latitude":2.741035106626441}},{"userUuid":"0e54aa41-adb0-46b5-8886-0aa435edb5ea","userLoc":{"longitude":-157.86340744882133,"latitude":39.49524173860178}},{"userUuid":"74ef84eb-2cf3-4be3-8f72-72108a1d04bb","userLoc":{"longitude":-55.77642961046833,"latitude":60.35262640992366}},{"userUuid":"bbc300a3-a0bf-41f1-a6a4-b1b39dab3cea","userLoc":{"longitude":-15.535732769882117,"latitude":28.17079757033008}},{"userUuid":"53606429-8634-416b-834d-72d4041823da","userLoc":{"longitude":80.06238968007818,"latitude":16.597449875775922}},{"userUuid":"38b6567c-7e15-472f-992b-fb8d54dd6ccb","userLoc":{"longitude":-8.11857383347791,"latitude":7.577954796188465}},{"userUuid":"e8564ca9-e9a1-4122-8e5f-7f6b2aac4288","userLoc":{"longitude":6.603403717171375,"latitude":-83.05708228395619}},{"userUuid":"a27c3615-3915-4a21-b23a-547f40080805","userLoc":{"longitude":113.36230641959338,"latitude":61.00822621621788}},{"userUuid":"4e83c80f-ca15-4173-8325-1a9acd113bc3","userLoc":{"longitude":130.82323700191245,"latitude":-11.609747924112}},{"userUuid":"594e42b5-b323-40e5-9311-38b532de54d2","userLoc":{"longitude":-129.6044989449415,"latitude":34.940592726732646}},{"userUuid":"0a11f2a4-0077-4df1-9de9-46e6c9c28a67","userLoc":{"longitude":88.43121338431035,"latitude":75.9281752516601}},{"userUuid":"730eb5dc-af17-42b2-a099-d9e4b6eab198","userLoc":{"longitude":36.91577524110406,"latitude":32.563995179626815}},{"userUuid":"0921a27e-baee-4b02-95aa-686d5bd3e4b4","userLoc":{"longitude":-159.44585413634653,"latitude":-64.40601359792488}},{"userUuid":"777b2d5b-2c72-4d3a-81c8-47966a62b755","userLoc":{"longitude":165.43955649068562,"latitude":-59.763392088758735}},{"userUuid":"b96ea74b-05d5-4165-9e99-3b3b69fd48a0","userLoc":{"longitude":-122.00207594589492,"latitude":67.0062407107184}},{"userUuid":"6941fe5a-808d-48e4-a6eb-f92757cdebce","userLoc":{"longitude":-88.07529366330641,"latitude":-83.18345453655601}},{"userUuid":"832356f5-a039-4391-96db-a8ab8cc19c45","userLoc":{"longitude":-120.59912581486834,"latitude":-46.4346507025018}},{"userUuid":"d627f549-a028-47ee-bd0e-c0c6b457d71e","userLoc":{"longitude":90.74530295866509,"latitude":20.288139107371606}},{"userUuid":"20e7398e-ad9f-4e4a-b691-7c73606c32f0","userLoc":{"longitude":-41.18412421568635,"latitude":-45.001085594639434}},{"userUuid":"6dbbc909-9b36-4b71-8245-67149938e036","userLoc":{"longitude":-51.06981944027274,"latitude":-60.983094535054974}},{"userUuid":"efac56af-b8e1-4dcf-a9bc-2d77a5ed444a","userLoc":{"longitude":37.36382235386861,"latitude":-8.458059225453056}},{"userUuid":"1ff0ebb7-127b-48aa-a05a-d5663c47fb0f","userLoc":{"longitude":40.08917316858151,"latitude":14.2426757774207}},{"userUuid":"bb7fecc9-24e7-4550-82ab-fe7107691694","userLoc":{"longitude":144.99751261209428,"latitude":-20.302192346944835}},{"userUuid":"e2105c79-3022-4218-b5db-c405249181a3","userLoc":{"longitude":36.1181501664787,"latitude":-47.66623082011498}},{"userUuid":"c1e9e900-2509-46ec-bdc1-bd0a5818d966","userLoc":{"longitude":-99.6495638367729,"latitude":13.320768924659973}},{"userUuid":"19393e2b-236b-4154-a9cd-11aff214cc94","userLoc":{"longitude":108.76044107146652,"latitude":39.243456843476636}},{"userUuid":"98ac0c93-413b-4124-8431-5cf4866e509b","userLoc":{"longitude":-152.98053556712273,"latitude":34.53810301949869}},{"userUuid":"4a26f2f8-ef7e-4134-8bd3-b999e14e8846","userLoc":{"longitude":-18.219679350031015,"latitude":-54.66711621299223}},{"userUuid":"b872a6f5-3022-4588-a29a-5f407893ed7c","userLoc":{"longitude":52.37593854681481,"latitude":-62.29116145907621}},{"userUuid":"027860c8-015c-495b-b0d8-f107bd5e62bc","userLoc":{"longitude":143.2142210920651,"latitude":64.45000318763462}},{"userUuid":"b16ded3b-aac5-4546-93c4-f0835853bd1b","userLoc":{"longitude":-138.30761350389764,"latitude":-38.06273331835621}},{"userUuid":"5a75db98-e740-46c4-b139-d71a764d4dfa","userLoc":{"longitude":172.00395171427203,"latitude":-74.20988665179446}},{"userUuid":"b5061923-05c5-40ff-ac06-f22f2ab14c85","userLoc":{"longitude":9.393136837721329,"latitude":-12.73042528340001}},{"userUuid":"e4b13fdc-3549-4f40-b41b-e290ad784c69","userLoc":{"longitude":-134.43281062066396,"latitude":-7.400799815514347}},{"userUuid":"eacb5dbe-a708-4b30-82cd-9bd210856633","userLoc":{"longitude":118.188537587378,"latitude":-0.07036919695563881}},{"userUuid":"44dbefa3-fd83-4e40-97aa-5c8368c051ba","userLoc":{"longitude":89.43315463712122,"latitude":2.5920202606926495}},{"userUuid":"28b846a3-8542-44d8-804f-fcdc3ceb8157","userLoc":{"longitude":-170.89350967819857,"latitude":18.041658880123023}},{"userUuid":"f60ff083-cb0a-468f-b844-9f99308546d4","userLoc":{"longitude":47.23936971506728,"latitude":-32.084715765310506}},{"userUuid":"5ae84616-a642-4f9e-b4c5-cb3d4b214bd6","userLoc":{"longitude":-75.58864883107809,"latitude":24.78238221377977}},{"userUuid":"c3e09435-b87a-42c2-9a86-7016e5bb8d28","userLoc":{"longitude":-78.23320204030793,"latitude":81.4519968109135}},{"userUuid":"afc8e4ad-ed5e-4c57-90c0-85b8a9a525fa","userLoc":{"longitude":-88.30149902596717,"latitude":-1.875147998174043}},{"userUuid":"cdd7566c-3881-4533-9d22-d0bfc0a6982e","userLoc":{"longitude":-136.38187120723643,"latitude":60.74210598584432}},{"userUuid":"bd8f4841-8729-4967-a901-f1941ba37b29","userLoc":{"longitude":179.28626578709566,"latitude":42.8603702022769}},{"userUuid":"da844b38-fa0a-458e-bff6-6da4b8a368a6","userLoc":{"longitude":-17.901137960152596,"latitude":2.8889969712438983}},{"userUuid":"14681d60-a95e-4893-91b2-5e0e13b78d61","userLoc":{"longitude":-158.94366901912903,"latitude":0.643462283743105}},{"userUuid":"b0b83d87-3834-440a-963c-dd889b02865d","userLoc":{"longitude":142.07269905426358,"latitude":-54.16896022551059}},{"userUuid":"bfcb9586-38e0-490d-a56e-3287b3082853","userLoc":{"longitude":-76.78252983232052,"latitude":13.632170577683851}},{"userUuid":"e2edd7f0-474f-4e54-9642-0dee808f3f5d","userLoc":{"longitude":44.390428495384015,"latitude":27.957807518602507}},{"userUuid":"4d6a3fc9-c6ca-4375-81eb-c6ba86f8de12","userLoc":{"longitude":-40.97605538317609,"latitude":-67.34805082068877}},{"userUuid":"047da297-f10a-4c2a-80c5-fab7dccaf3dc","userLoc":{"longitude":89.91099419137402,"latitude":-74.91308013835186}},{"userUuid":"904ac132-49e8-40ae-99c3-9c1e72910b5c","userLoc":{"longitude":-158.26358061514807,"latitude":-9.393801104213225}},{"userUuid":"65c70733-890c-48e3-8825-17c055d968fb","userLoc":{"longitude":21.444613445884016,"latitude":-17.502944214123545}},{"userUuid":"f1bc6224-d1fb-49c5-a195-d013acef8796","userLoc":{"longitude":-40.65663671157063,"latitude":0.4743264299241048}},{"userUuid":"874e133d-4af8-495f-be21-2e70834fc5d6","userLoc":{"longitude":151.61553179063213,"latitude":-16.292171298718117}},{"userUuid":"c9490769-63d1-441f-adc4-92e52befd6d0","userLoc":{"longitude":74.67339768957075,"latitude":53.15481034659851}},{"userUuid":"c951f645-d6a3-4f02-b852-8a3f27121742","userLoc":{"longitude":31.830700745974184,"latitude":70.15223020524667}},{"userUuid":"bf3f483d-b2b0-498a-9c42-eedb4c3fcee3","userLoc":{"longitude":-87.83584147813013,"latitude":-20.271585026390127}},{"userUuid":"98212c78-24f6-4030-961a-2f9ab12eff90","userLoc":{"longitude":125.58254647077962,"latitude":-13.001246916621184}},{"userUuid":"db52c28f-e774-401f-81ca-7099cfa6fc1d","userLoc":{"longitude":158.75509422760382,"latitude":-43.44414033889366}},{"userUuid":"8d497a14-9940-4917-9f6c-555ef5edb8f9","userLoc":{"longitude":-30.75734694828361,"latitude":-18.468654416506823}},{"userUuid":"584195fa-ad9d-4733-8bb4-8207ca8a3440","userLoc":{"longitude":167.90352217881542,"latitude":-62.839536741471875}},{"userUuid":"ca43c8d7-d246-4f81-85c2-6200e9c9708f","userLoc":{"longitude":-95.09213187494531,"latitude":52.67433646918718}},{"userUuid":"43394785-d344-4a10-82a8-171af394f562","userLoc":{"longitude":31.112262657793053,"latitude":74.0939224296987}},{"userUuid":"3ddab2b4-6610-4f65-be09-df32277f33fb","userLoc":{"longitude":126.69530323019967,"latitude":20.029460206104815}},{"userUuid":"0eace64b-039d-4978-86a0-b498b1e274de","userLoc":{"longitude":111.25515460299715,"latitude":-51.04883296300307}},{"userUuid":"c151be4e-1bbf-4dfd-82fb-e419b5c43523","userLoc":{"longitude":-84.86605415519878,"latitude":-14.391515253983869}},{"userUuid":"323f07c3-f80a-4ebb-b160-7afb9ed7dc6c","userLoc":{"longitude":164.5915253889425,"latitude":-6.716417129616275}},{"userUuid":"b3c32a13-82ff-44c9-a219-34cb40e473e6","userLoc":{"longitude":-102.36613254088151,"latitude":59.60164300370951}},{"userUuid":"3ad30ba4-dcf6-44cd-9e76-fd385d8ea824","userLoc":{"longitude":-94.65710102338099,"latitude":-0.9161837323606221}},{"userUuid":"a2f3da49-557b-4e49-ba2a-3b83cc1e38cd","userLoc":{"longitude":31.67424138138989,"latitude":-26.611575874219554}},{"userUuid":"2c15c7cd-59dc-40a2-ad0d-03ca97fc89e9","userLoc":{"longitude":-100.65925247637405,"latitude":5.332679279989918}},{"userUuid":"c34f454f-ca2c-4590-b3e1-178e8fd5cdb4","userLoc":{"longitude":121.202245316529,"latitude":52.66595420619001}},{"userUuid":"12d1c343-761a-4b5a-be81-ae0e8e0b45a0","userLoc":{"longitude":-31.72371323560273,"latitude":-48.12906552947357}},{"userUuid":"6841def0-d0e8-4a00-b452-26e48b8bf7d5","userLoc":{"longitude":-111.02411582646134,"latitude":25.46694346671265}},{"userUuid":"3f1e99a0-d488-442f-b9c0-0dc9146c9d33","userLoc":{"longitude":49.3024996644549,"latitude":51.23408060516127}},{"userUuid":"80d51314-652f-45c4-9d04-cb2a85760055","userLoc":{"longitude":112.16139433369904,"latitude":-42.08231878568408}},{"userUuid":"fe3ae471-cdb7-40fe-a197-4f7cb5a019e2","userLoc":{"longitude":-75.02162451486889,"latitude":-17.628943165962795}},{"userUuid":"a622586b-558f-4bc5-977f-3b708eb6b017","userLoc":{"longitude":-27.930964823037414,"latitude":69.41582838230934}},{"userUuid":"41695d3e-bd23-4147-9d1d-3d2a7b6fe9ff","userLoc":{"longitude":174.96528958132114,"latitude":-40.965333731753056}},{"userUuid":"ab0b33b1-aa86-4a4d-afc7-b7b1c9236dd7","userLoc":{"longitude":96.97775081491852,"latitude":-0.019509485988336905}},{"userUuid":"ebb9228f-4932-4f51-8dc6-83bb944c2ce2","userLoc":{"longitude":53.9346729183533,"latitude":21.42397624262827}},{"userUuid":"93f8e7ce-7b83-4fd1-a6c4-d3c2e9022c8d","userLoc":{"longitude":-131.1159395930724,"latitude":63.03581407933024}},{"userUuid":"4cc5aa18-1642-4a9d-b815-26f8d7150d2b","userLoc":{"longitude":-170.390838303024,"latitude":10.244633582977343}},{"userUuid":"c50d56b6-9a32-4071-8cce-ce5e4c40538c","userLoc":{"longitude":-18.076820693549024,"latitude":16.927186386300633}},{"userUuid":"455cd046-15ea-43fb-8a92-0c73818028c1","userLoc":{"longitude":-14.997340278610864,"latitude":56.97540412310627}},{"userUuid":"3c5a3bb3-1c6d-4f84-b30a-75ab5cce49ff","userLoc":{"longitude":-125.2419621030414,"latitude":-49.47749291946451}},{"userUuid":"dad230f9-07dd-41ee-8f59-3fb51634793c","userLoc":{"longitude":63.761263482380514,"latitude":-33.29665335656858}},{"userUuid":"e269e2a0-ac1f-404f-b1b9-f307536d154d","userLoc":{"longitude":-178.24276700811708,"latitude":62.725393563033066}},{"userUuid":"d783e611-3574-4e43-af09-2e6e3d771439","userLoc":{"longitude":151.55777801783915,"latitude":66.75991146714978}},{"userUuid":"d32d8c62-5dab-46b5-9f0b-663033760219","userLoc":{"longitude":-167.9826295392745,"latitude":-63.226298700007305}},{"userUuid":"e7bb7262-45b5-4f25-912e-a18f9752662d","userLoc":{"longitude":2.193186020056146,"latitude":-45.23609141936771}},{"userUuid":"78d890b3-2593-4482-8a97-46ac44715f40","userLoc":{"longitude":-65.05877347472234,"latitude":-32.58750129538686}},{"userUuid":"05081740-3540-4066-aede-8df3923ff8bc","userLoc":{"longitude":81.45681492809945,"latitude":23.202105964215562}},{"userUuid":"2baf307c-8477-4c1b-aaa5-286711091f51","userLoc":{"longitude":-112.79832376511476,"latitude":81.15626021806727}},{"userUuid":"faf8f6cf-982a-4c13-a797-adec2040f3c5","userLoc":{"longitude":178.89096834378591,"latitude":53.45068557625052}},{"userUuid":"1fff0c25-0e77-462e-b9dc-35137850483c","userLoc":{"longitude":-83.42405735223609,"latitude":-41.01695657804187}},{"userUuid":"467e89e9-5f9c-451d-8252-195e283028e3","userLoc":{"longitude":-82.31444308160509,"latitude":47.14240854366193}},{"userUuid":"463f3d60-ada1-46cf-aac0-d5bbfa812aa5","userLoc":{"longitude":-40.12344252923563,"latitude":-43.72342561062476}},{"userUuid":"b40cc2d5-b359-4d7a-b872-7a690f10c1ac","userLoc":{"longitude":-73.06549014584684,"latitude":14.508776397817556}},{"userUuid":"3c446757-24c3-484a-ac2e-81e99aa5df56","userLoc":{"longitude":-15.282755118047675,"latitude":-10.328990966446057}},{"userUuid":"16918e61-2bab-4783-98f8-ddb0c14e3053","userLoc":{"longitude":158.00336645513448,"latitude":79.79604135083977}},{"userUuid":"46456e78-4ded-4ba6-8e96-85be34d7c2cd","userLoc":{"longitude":48.12831480430492,"latitude":12.10145917273259}},{"userUuid":"79474829-96ac-46d9-af51-32101f15f74e","userLoc":{"longitude":-150.0186965095957,"latitude":72.51762782189593}},{"userUuid":"0f7d71ac-b1a2-49fe-a8c5-786fb740e4c3","userLoc":{"longitude":143.6191207273523,"latitude":-8.261983543657891}},{"userUuid":"1c68b953-9353-4fc7-a4dd-8d27ef14dbf4","userLoc":{"longitude":35.110639479777404,"latitude":70.6432622167776}},{"userUuid":"32bcbfda-ac14-4b27-80eb-5b998996afde","userLoc":{"longitude":22.081945896691536,"latitude":6.320998820070287}},{"userUuid":"92fc6578-fd07-4a0c-a88e-6747b9bcfc4f","userLoc":{"longitude":176.03836877151053,"latitude":-75.55152978950863}},{"userUuid":"232b8049-c563-4c4a-92b5-6f6b14ffe390","userLoc":{"longitude":-58.36151305145256,"latitude":-41.617534824487876}},{"userUuid":"2d22f355-64d2-4668-8123-6dd7a7ac54fb","userLoc":{"longitude":-2.1721051365566666,"latitude":72.84912156330134}},{"userUuid":"24c39ec0-2ff3-4273-b792-def97c615a54","userLoc":{"longitude":-33.89972271753666,"latitude":-32.02587637751489}},{"userUuid":"878772e9-fba1-47ab-89eb-065133846dc3","userLoc":{"longitude":-175.5490744173397,"latitude":72.49087165734903}},{"userUuid":"8c2a8fd4-d0a3-4794-8fd8-16faeb8ad9bc","userLoc":{"longitude":-34.49346251000193,"latitude":68.26250669827337}},{"userUuid":"4d73a5b5-9132-458b-95aa-1cc77a45d280","userLoc":{"longitude":118.13290554318775,"latitude":67.02781720960195}},{"userUuid":"8c7ccd06-20d3-46be-a774-9156fc0e5c49","userLoc":{"longitude":-19.111624931050613,"latitude":-6.581589696412124}},{"userUuid":"75fd2a5d-9605-4f32-bdec-d24a8af2630b","userLoc":{"longitude":116.57162549675962,"latitude":-54.79101417675308}},{"userUuid":"bc5362bb-a7b5-4951-89bf-979ec5de4873","userLoc":{"longitude":-172.54580742250837,"latitude":-77.95043169614641}},{"userUuid":"9499ebc3-0d7d-4472-b5b6-0eeb0ae494ba","userLoc":{"longitude":166.62531634649065,"latitude":56.824139461263286}},{"userUuid":"30d1fd4d-d15b-47ae-aba8-a866eb6d1e3c","userLoc":{"longitude":-12.555456450215331,"latitude":6.192417382486909}},{"userUuid":"2dc24ca2-9074-472e-b038-6b4cfe277c45","userLoc":{"longitude":-79.47248112838975,"latitude":67.05677388028306}},{"userUuid":"393f05eb-63e3-44a9-a69d-0e94ae9c401b","userLoc":{"longitude":-52.10842188855261,"latitude":4.235052596772945}},{"userUuid":"adecd901-f1d3-404a-8c64-328d4cf4b778","userLoc":{"longitude":-15.573948289609007,"latitude":-17.052871465996716}},{"userUuid":"46bc58d0-f445-48e6-927e-46051fa4feb1","userLoc":{"longitude":-126.97043632961291,"latitude":-6.54049543376054}},{"userUuid":"bd1dcc56-c66b-4939-ad0a-1692c9431269","userLoc":{"longitude":-115.66727794914755,"latitude":-11.750824830343248}},{"userUuid":"b5b340a1-fe5c-4460-aebc-5ab73d98a51f","userLoc":{"longitude":-104.2410423994094,"latitude":-43.386545531277974}},{"userUuid":"a370427f-0836-413c-8c73-419cd81eee35","userLoc":{"longitude":-121.36765056913569,"latitude":13.851021742212225}},{"userUuid":"df548014-117c-452b-b5c7-728f739ab7d5","userLoc":{"longitude":92.83400553532044,"latitude":-31.330978680331754}},{"userUuid":"47a89819-af1b-4be1-b278-5e1e5fbc37cd","userLoc":{"longitude":63.30609089640248,"latitude":-67.96071428619436}},{"userUuid":"2bbba85e-5a60-43d8-aa16-2caa9d4449b7","userLoc":{"longitude":-32.83440525004775,"latitude":75.84143604291043}},{"userUuid":"c34cbd31-3ec3-41cd-914f-437ec358fe40","userLoc":{"longitude":-160.61679476535903,"latitude":24.992990740972047}},{"userUuid":"959d521a-7c70-444a-8931-a21d29b578a6","userLoc":{"longitude":-107.11845473797518,"latitude":-59.72222199301437}},{"userUuid":"ccd2b534-659a-488f-86ae-cd8def418116","userLoc":{"longitude":108.66874166206344,"latitude":58.64573497920881}},{"userUuid":"460b55c4-2285-48ae-b036-30f259eadb53","userLoc":{"longitude":-87.37014561111684,"latitude":-27.382436275824475}},{"userUuid":"0ec40510-72dd-4cfa-8fc9-9414e43c1cb6","userLoc":{"longitude":-146.8187094142466,"latitude":-67.72058387688014}},{"userUuid":"6f1e7dde-d72c-426a-88e6-a021a9d09834","userLoc":{"longitude":-99.27156146922306,"latitude":70.48378458104747}},{"userUuid":"1c567386-73f3-46bb-a01a-5de181dec409","userLoc":{"longitude":-123.48821716269504,"latitude":34.835820119523845}},{"userUuid":"d0345967-1cac-443a-ba30-2bd431e31f96","userLoc":{"longitude":-75.25776964145042,"latitude":35.790362916228446}},{"userUuid":"829b2074-511c-4063-a371-394d57e626f7","userLoc":{"longitude":144.80004385748572,"latitude":49.887986946533005}},{"userUuid":"7127821b-b575-497a-b039-5e493b4ee904","userLoc":{"longitude":-153.41471649519707,"latitude":-72.45331788307696}},{"userUuid":"bf178956-5420-49f1-8f04-e634c9b3800b","userLoc":{"longitude":37.9246071956706,"latitude":60.422131270973864}},{"userUuid":"edeace1c-0d0f-4e23-9859-33d06636c9e6","userLoc":{"longitude":140.85472170263557,"latitude":-44.013119376151906}},{"userUuid":"5fdcafbf-6c37-4634-8a88-d98739f117f8","userLoc":{"longitude":-133.19239543837196,"latitude":84.1975727881186}},{"userUuid":"b5e47bc7-e02f-4390-abf0-77444cba529a","userLoc":{"longitude":-50.405567364210384,"latitude":-72.32255225752118}},{"userUuid":"74539d69-5139-4ac6-b6c6-ef8ff42eb570","userLoc":{"longitude":-26.354752163546436,"latitude":-40.19688634115553}},{"userUuid":"3cb70959-53dd-4edf-8a6d-aab76efd8894","userLoc":{"longitude":45.85748058280868,"latitude":74.28622867604574}},{"userUuid":"7870ce6d-a05a-4b23-8f4e-15926ee7c0c0","userLoc":{"longitude":-52.13556061507275,"latitude":75.94154808009154}},{"userUuid":"2200990c-20ff-4b82-a20c-47bcfc19c0b0","userLoc":{"longitude":-125.83471143425301,"latitude":74.92132175901392}},{"userUuid":"a0dc3bff-51d1-4d8b-9189-2bafb094ae9e","userLoc":{"longitude":-28.662256090820364,"latitude":61.25386660482289}},{"userUuid":"10de641d-6c33-4b99-8ea4-148b9f13e3aa","userLoc":{"longitude":60.487695755851405,"latitude":-18.665821223106676}},{"userUuid":"7d47877c-ae07-460f-a29f-554733355765","userLoc":{"longitude":-124.03934395916724,"latitude":62.24466938732405}},{"userUuid":"edb27adf-4557-45f3-b525-73d201097f3a","userLoc":{"longitude":168.05222992372921,"latitude":-37.08186945918508}},{"userUuid":"e8327d7b-8c19-4788-973a-8814ddb0f743","userLoc":{"longitude":-35.68257904623587,"latitude":82.80398164470381}},{"userUuid":"47ccab22-9587-4682-a10c-d6cef4cf9cbb","userLoc":{"longitude":168.54846440162447,"latitude":0.7152658273628703}},{"userUuid":"2b048d82-19e7-4923-8d4b-ba73a353f54d","userLoc":{"longitude":-3.6986071246996346,"latitude":-31.93868026709442}},{"userUuid":"b0119fb9-e9b7-4752-9825-86f985d083bf","userLoc":{"longitude":-166.35348411919753,"latitude":17.0259188346146}},{"userUuid":"359b7af3-b989-4f47-accb-de6e26cb00ab","userLoc":{"longitude":92.22621846550294,"latitude":42.268768819870985}},{"userUuid":"c4567cf2-5ede-4bb1-8c9a-122727ce8459","userLoc":{"longitude":-129.99700754865782,"latitude":-38.618124599069276}},{"userUuid":"be5f9b77-6bf2-4fae-a37c-e0b7f6ef4abd","userLoc":{"longitude":-38.15791494722956,"latitude":26.60745752251526}},{"userUuid":"dff3cd72-f30f-4e13-8bf0-0ca61678c65b","userLoc":{"longitude":38.92995211609497,"latitude":-4.949411344294205}},{"userUuid":"e6fa58e6-f6f7-4205-a16e-bf949e689cda","userLoc":{"longitude":-80.63371997570276,"latitude":-0.9374573796333436}},{"userUuid":"cc26c70a-31db-4ddb-b43c-87d08e51bb30","userLoc":{"longitude":-54.338130676589486,"latitude":12.403934712263862}},{"userUuid":"98d6cb1a-ffc3-4dc5-a716-4f24dae80547","userLoc":{"longitude":161.98608683660927,"latitude":44.55085886550489}},{"userUuid":"681c8656-6d80-4f37-9a28-aab613a8d9ba","userLoc":{"longitude":59.40756669437556,"latitude":46.2486783618063}},{"userUuid":"e67657d9-8f88-4dcf-a512-77bfe71ea45b","userLoc":{"longitude":155.33224232024747,"latitude":24.02135019150745}},{"userUuid":"a721fabe-f484-4a5f-8358-2f9e77a0bab1","userLoc":{"longitude":22.12626924642842,"latitude":-2.2495966523084263}},{"userUuid":"e0866003-e5d9-4360-8db0-1022ebd6facc","userLoc":{"longitude":-21.549987437923704,"latitude":14.668905685852565}},{"userUuid":"ccd2b5c9-5267-42bd-8a97-7531460818d8","userLoc":{"longitude":-18.947030524181685,"latitude":12.512586950524891}},{"userUuid":"8dfa803b-f050-4d2b-92a6-4b96f7b25645","userLoc":{"longitude":87.67648282823274,"latitude":37.38421572244128}},{"userUuid":"8ad7d9dc-2566-4ebf-9bc2-28e479842a23","userLoc":{"longitude":56.59118129475567,"latitude":-31.392125717553682}},{"userUuid":"b445bc83-5349-4ef2-9dca-3e2a3b24ff56","userLoc":{"longitude":140.63162449377506,"latitude":0.02211771994974754}},{"userUuid":"f00d96cb-638b-468e-91fa-acf211a35a05","userLoc":{"longitude":153.41468031375473,"latitude":-34.399836683464166}},{"userUuid":"f57f55af-bc3e-4086-930b-950903fdabac","userLoc":{"longitude":-137.27116927902284,"latitude":33.49945197020652}},{"userUuid":"87cadf8c-6d4e-4c18-88d1-c88952cbfe60","userLoc":{"longitude":68.28313270760208,"latitude":15.686322911607832}},{"userUuid":"dd612b89-6a6a-4fcb-a1b8-2b222427f52e","userLoc":{"longitude":94.62641625614583,"latitude":-28.45263626233873}},{"userUuid":"e875efd4-a652-4f18-90d5-b0d387d91f48","userLoc":{"longitude":42.30724639902172,"latitude":40.634424298556624}},{"userUuid":"76ebaeb7-4251-4af0-80c2-bafa943ff160","userLoc":{"longitude":110.86305874443201,"latitude":84.31045749071404}},{"userUuid":"95fb1f26-b6a8-4732-b686-207ecdac078f","userLoc":{"longitude":-11.182132781480163,"latitude":-2.6520066214141167}},{"userUuid":"7b6459df-b410-4e18-ad17-4e11b18e57a8","userLoc":{"longitude":-41.12010933160212,"latitude":84.21406443336892}},{"userUuid":"e6522010-71bd-4799-bbd2-bdee2d90791e","userLoc":{"longitude":-35.711630706895846,"latitude":38.30920203070622}},{"userUuid":"4233e79a-b833-4d76-bf09-430f15de1acd","userLoc":{"longitude":-124.98805697731743,"latitude":-50.14088561716654}},{"userUuid":"73ff1dd4-010b-40d2-a051-33ee221a87e7","userLoc":{"longitude":168.93782459987773,"latitude":-62.70678596838415}},{"userUuid":"d8618e66-d726-488f-aa7c-afa91c6badbe","userLoc":{"longitude":152.99578593715728,"latitude":-34.227610858245825}},{"userUuid":"53084273-a494-4434-881d-f1359d1419f7","userLoc":{"longitude":-144.9598565841814,"latitude":81.40719360192179}},{"userUuid":"184a0b4b-07c5-4004-a854-86c783ff2823","userLoc":{"longitude":-61.641083429473,"latitude":-38.376538450409434}},{"userUuid":"73736de1-2a33-49a0-8ab5-c8ea7879d9eb","userLoc":{"longitude":3.069908532436415,"latitude":7.676619496951119}},{"userUuid":"2b8d72f3-e9dd-4713-861e-c755a35380d5","userLoc":{"longitude":-26.01547259052569,"latitude":29.03210193340719}},{"userUuid":"fb2ba7e5-194b-4db5-9369-e6b873db7825","userLoc":{"longitude":68.37467682314733,"latitude":34.69737186366021}},{"userUuid":"3b751a9a-da48-4bca-8d7d-2d78dde3023d","userLoc":{"longitude":107.80914927665924,"latitude":-54.01558344074978}},{"userUuid":"1f26f114-c74a-41a0-adba-991a7ced52e4","userLoc":{"longitude":-130.9853450571283,"latitude":-18.69290140870457}},{"userUuid":"4266d1e3-3848-4499-91f2-d59fed5fd52e","userLoc":{"longitude":149.50135445859308,"latitude":-53.694341864205185}},{"userUuid":"10b9ca15-d4cb-47a3-9c1b-6b56aa24e51c","userLoc":{"longitude":-121.35090173636225,"latitude":19.91730535122842}},{"userUuid":"7b79bca9-b53a-4659-9fd0-8aa9b450f1af","userLoc":{"longitude":100.61175461175151,"latitude":-15.738231568936143}},{"userUuid":"8df65808-270e-4436-88cf-fa39af612267","userLoc":{"longitude":166.05579094553298,"latitude":-67.62994149808966}},{"userUuid":"c742d710-8d84-45b3-ac8f-4ae8e20406c9","userLoc":{"longitude":-155.75792219111628,"latitude":67.1472203254256}},{"userUuid":"80d151cc-b08e-49c7-9722-a2c8cce90b24","userLoc":{"longitude":34.50732209779625,"latitude":-12.127924347592867}},{"userUuid":"481e369a-3789-40d1-a7fa-987aaa505f08","userLoc":{"longitude":123.76015106000682,"latitude":51.746385668813815}},{"userUuid":"4905743d-f2ff-4da8-bd93-ef757a7f342d","userLoc":{"longitude":105.0625737401021,"latitude":-17.973992315396387}},{"userUuid":"cf47ae48-50ba-4b57-a606-e4ca2223f3cd","userLoc":{"longitude":-2.0513963529546686,"latitude":-52.57472041146807}},{"userUuid":"f845e3b3-3294-4280-bca1-fe186b16b4b1","userLoc":{"longitude":-122.66562534005055,"latitude":4.2496305632489}},{"userUuid":"f81ed5e6-ca5e-4ef1-858e-45713b18b29b","userLoc":{"longitude":176.5797671958619,"latitude":-79.59071452256201}},{"userUuid":"c910e1f1-d777-4d98-8500-199c57257ac9","userLoc":{"longitude":-123.4685225745085,"latitude":-74.17903525313328}},{"userUuid":"96387ddc-a0e5-406e-9dc9-12cbb7d2cb46","userLoc":{"longitude":-68.15054374614544,"latitude":-25.308826154507905}},{"userUuid":"eb132251-d22e-40f1-80b1-bafd3bd24a1f","userLoc":{"longitude":105.88140942187397,"latitude":-77.57425966748771}},{"userUuid":"2538577f-eadb-4c10-a5be-490c477d3bca","userLoc":{"longitude":78.16098210569862,"latitude":-64.98960752151532}},{"userUuid":"77e22f65-ba2f-4404-ac45-2cdc8abb837c","userLoc":{"longitude":19.576486431042923,"latitude":-74.68918579419169}},{"userUuid":"200cf939-6692-422d-9a14-5cae3f3df6bb","userLoc":{"longitude":-86.21892312238326,"latitude":-45.81196407674119}},{"userUuid":"25c6eed8-5bae-4f27-bd7b-9f29d2b72eeb","userLoc":{"longitude":60.23331411223202,"latitude":-40.6326937059749}},{"userUuid":"254e5f57-aae9-41dd-a510-c96de3059d1d","userLoc":{"longitude":-167.6849382529745,"latitude":-4.209173206233444}},{"userUuid":"4d848728-1988-4268-9cd8-e88adcd69652","userLoc":{"longitude":81.02849044748734,"latitude":12.966363048843093}},{"userUuid":"35e6e795-441b-4c88-8cb3-7d33e2768c55","userLoc":{"longitude":166.11326952446944,"latitude":57.055528417445885}},{"userUuid":"a336c1be-9c70-401a-9d39-98d74c5431b2","userLoc":{"longitude":19.15194970206167,"latitude":-50.913437301779666}},{"userUuid":"c00c11f7-f12c-4c75-a885-ebd277ad5428","userLoc":{"longitude":155.89941971635255,"latitude":-53.85043064606135}},{"userUuid":"8c75665e-908f-4124-9ac3-96ddba1ead32","userLoc":{"longitude":9.425837191854242,"latitude":-67.35680002003112}},{"userUuid":"6181687c-dc95-44a0-b526-aaa2f30d1746","userLoc":{"longitude":133.09574216200588,"latitude":-61.18761990762867}},{"userUuid":"c1af0aef-3398-4642-92e5-dd3a8d859f5c","userLoc":{"longitude":163.2771002524927,"latitude":22.045768237570485}},{"userUuid":"90b74f9b-20fd-47aa-9629-04f37ac280cc","userLoc":{"longitude":-96.31012182068628,"latitude":-23.001058747220775}},{"userUuid":"8579ba77-ab1b-4648-9db4-2a673737536c","userLoc":{"longitude":-165.93832930152809,"latitude":68.08969222174301}},{"userUuid":"7b1b05a2-e4c4-4cac-9e75-82a90320cf45","userLoc":{"longitude":-96.41354147486044,"latitude":48.20509971819101}},{"userUuid":"72dd46f2-0986-4f9b-9c21-d51cc1f15bc0","userLoc":{"longitude":-120.8980299670061,"latitude":42.866925832288004}},{"userUuid":"5d94f3a5-6f52-4757-a8bd-67c0267ef75c","userLoc":{"longitude":-85.52321272881849,"latitude":-51.949966840586896}},{"userUuid":"230741b7-7b76-43e3-8983-83fbdcd645b2","userLoc":{"longitude":-113.45966530673252,"latitude":-60.53697304054759}},{"userUuid":"d9366c37-42e4-4020-8309-5a4b25d8ad6d","userLoc":{"longitude":1.2162155812830804,"latitude":-25.1010635678742}},{"userUuid":"82002df9-59e1-41f6-bea6-a325d354a83f","userLoc":{"longitude":-135.8756985276654,"latitude":-46.56521563933197}},{"userUuid":"e30bcbae-dbb5-42cb-8638-4fb802ae2b73","userLoc":{"longitude":-168.89631135509362,"latitude":68.2500790480891}},{"userUuid":"ba5e5a0e-3ea8-4a5f-b2ed-9d6f37be0476","userLoc":{"longitude":-18.651408671729058,"latitude":76.2916634629184}},{"userUuid":"a699a2af-d4f5-4f8b-98dc-487682c91ece","userLoc":{"longitude":37.07936759413343,"latitude":15.702084734537593}},{"userUuid":"0d333de1-b7bb-4ebb-ae71-08f63aa81c54","userLoc":{"longitude":40.9214375119837,"latitude":68.2924407518046}},{"userUuid":"f21bde68-42df-4578-a658-4bf5df2d3353","userLoc":{"longitude":174.61309559266596,"latitude":67.92326175846068}},{"userUuid":"b63dcb41-0c1f-4d2a-bd09-0e1b491a6161","userLoc":{"longitude":52.64212230328951,"latitude":36.572120628593865}},{"userUuid":"51db0b56-78d9-4038-a8a9-c7b92aff049a","userLoc":{"longitude":-88.96451865209228,"latitude":58.4758385520513}},{"userUuid":"44091eae-36b5-4053-8299-f1a7075ded99","userLoc":{"longitude":99.59277349316994,"latitude":-7.0027242059630765}},{"userUuid":"276b5051-ba6d-4363-821d-2c705de9daed","userLoc":{"longitude":35.67740526678773,"latitude":-9.967591852880133}},{"userUuid":"661f0193-8efa-4fbc-9183-0a2a5c86aa61","userLoc":{"longitude":-90.47648801141935,"latitude":26.833746240860748}},{"userUuid":"e9b8e563-d481-484f-be49-4da66e46f538","userLoc":{"longitude":-88.78572122240811,"latitude":3.774714169795004}},{"userUuid":"66c8a475-6d7f-421f-8cf1-6ad117e016b6","userLoc":{"longitude":128.90197359665814,"latitude":-66.72687738350608}},{"userUuid":"fa61bb49-6e0b-40b9-9b11-9ccaf6723e83","userLoc":{"longitude":-98.85062603071425,"latitude":79.33478729458406}},{"userUuid":"f47c9065-35df-4628-bd28-584d585df691","userLoc":{"longitude":167.60710478228066,"latitude":0.1800167244562232}},{"userUuid":"a104c574-f8ae-49b9-a2fd-748c1c9d0c1f","userLoc":{"longitude":88.90697888263941,"latitude":-74.3413737202898}},{"userUuid":"9effbdad-6fbb-44ea-9070-5a1a9ef96eea","userLoc":{"longitude":-67.09878804027184,"latitude":-60.15448136763762}},{"userUuid":"cd68d8c2-eb46-49bc-9715-2618da0ca20f","userLoc":{"longitude":-80.81780538212782,"latitude":31.776253100193387}},{"userUuid":"45442d33-ac4a-4872-a4e6-572290acfd4a","userLoc":{"longitude":166.61480949315848,"latitude":-72.683018604268}},{"userUuid":"1b506e86-4e89-4888-b00f-b02a01474ba5","userLoc":{"longitude":38.9153820501154,"latitude":-77.20889268098878}},{"userUuid":"225c2377-c5ed-4df5-ac49-2f0c638de545","userLoc":{"longitude":44.82470245996265,"latitude":-41.40257012625165}},{"userUuid":"b7ae9161-1e21-4dd4-9280-a4c220aed5ae","userLoc":{"longitude":-90.33522098127523,"latitude":42.93834561653799}},{"userUuid":"aaac54eb-5584-4cb9-aa4b-e932cb0d20e7","userLoc":{"longitude":-58.25817312683307,"latitude":57.197645090392}},{"userUuid":"edf518c1-09d1-4142-bc1a-e4698cc8d789","userLoc":{"longitude":-19.55305197349142,"latitude":-49.3393230770638}},{"userUuid":"db87c28a-d023-43c8-99b5-3df82e88221f","userLoc":{"longitude":-46.623542496767016,"latitude":72.11909302460424}},{"userUuid":"4ee9ca66-e529-44b6-9280-7d237693af71","userLoc":{"longitude":-132.94480945344898,"latitude":45.13549153573888}},{"userUuid":"fba20b59-fccd-4864-8123-4b398fbd7887","userLoc":{"longitude":92.35947794540107,"latitude":-65.59163412494746}},{"userUuid":"0c57c99f-c174-46ad-b6ca-a2270620150e","userLoc":{"longitude":-50.712747630237374,"latitude":-81.951816496222}},{"userUuid":"4bdefda8-0956-4813-b265-d904b9a01df3","userLoc":{"longitude":-160.57505132228397,"latitude":14.074684152804366}},{"userUuid":"01e52c2b-2a50-42b9-807b-689741038b9c","userLoc":{"longitude":33.07939036994486,"latitude":48.11512456166909}},{"userUuid":"632e67ed-5faf-489c-9b90-73e2f8af2c54","userLoc":{"longitude":127.94117049522572,"latitude":-62.212605090296705}},{"userUuid":"9cef3f8d-5b6f-42d3-b8f5-b53bfec9b943","userLoc":{"longitude":150.76872365458837,"latitude":34.32693821124947}},{"userUuid":"2594b2f0-0cfe-4f6a-9207-de2aad91b7ac","userLoc":{"longitude":-78.61739554709185,"latitude":56.770542222673754}},{"userUuid":"490f96f4-bd13-46e5-b37c-a780bc81c69b","userLoc":{"longitude":-119.19943830503543,"latitude":-64.58553464556293}},{"userUuid":"287f9771-cb72-4891-9673-73d51c9e6cb8","userLoc":{"longitude":-3.2041089612329756,"latitude":82.76718124281848}},{"userUuid":"212ca6f6-ea79-4eb5-bd86-8068e79fe159","userLoc":{"longitude":167.97543769798267,"latitude":35.43482389589401}},{"userUuid":"40d40f4e-1908-4324-8e29-37e92f4d44a3","userLoc":{"longitude":19.75596231488018,"latitude":22.028763614889584}},{"userUuid":"da600b99-abff-4a6d-a0ac-cbe52baf7ea7","userLoc":{"longitude":-142.61746260737507,"latitude":77.41611684061726}},{"userUuid":"ccb066ca-59c8-4098-aff9-e7a38830a991","userLoc":{"longitude":-158.8955797778126,"latitude":45.919439777601326}},{"userUuid":"a368839c-a78b-4263-8938-d818078d907b","userLoc":{"longitude":-43.13309588195969,"latitude":-34.038847582287325}},{"userUuid":"e00a22d0-73c5-497d-af1b-9aec24ded18c","userLoc":{"longitude":128.68528166748223,"latitude":1.1521030564699117}},{"userUuid":"14b86500-7546-4f3b-b71f-bdc492bf299a","userLoc":{"longitude":-111.86355056176455,"latitude":-65.01528633470963}},{"userUuid":"ed2844cf-3118-45f8-b2af-f73880e27792","userLoc":{"longitude":50.211419139142805,"latitude":-43.90695882554918}},{"userUuid":"2e28f59e-d848-41c7-ac71-0a8163b190ed","userLoc":{"longitude":128.05019492765194,"latitude":57.20533128997849}},{"userUuid":"aa8bfaac-e924-4103-9e97-adc5bc975cab","userLoc":{"longitude":26.26529527155904,"latitude":-6.011107479670386}},{"userUuid":"6bf7fb13-fc43-4e6f-8ffe-bc1e4ee28a40","userLoc":{"longitude":162.02628186571184,"latitude":3.7196111461759926}},{"userUuid":"29ad5017-3380-448b-9888-8a4392401123","userLoc":{"longitude":16.766477240341487,"latitude":-43.957160156123756}},{"userUuid":"69bfbb9e-790e-472d-8538-8e226addd3d6","userLoc":{"longitude":-37.372377694372375,"latitude":63.57766968961357}},{"userUuid":"b0490afd-880f-48e1-8f67-663212c0e9d9","userLoc":{"longitude":148.95380161842894,"latitude":66.51676144669943}},{"userUuid":"7ec704f8-cea8-45f8-aae9-c99caf58b1e4","userLoc":{"longitude":-52.6639183782174,"latitude":59.07737876921527}},{"userUuid":"02cb45d0-ed42-45ff-aff6-3cb4b8dba970","userLoc":{"longitude":-107.9664005948018,"latitude":-79.48147780483524}},{"userUuid":"f3d10757-439c-4ef3-a8dc-1bed1a65a07e","userLoc":{"longitude":176.1902234455689,"latitude":25.580280606015947}},{"userUuid":"721b227a-b607-483f-906d-cb69ccc19f6c","userLoc":{"longitude":-26.088020958017324,"latitude":-39.357164989367654}},{"userUuid":"15456b42-3e21-4d26-aead-262170ce1050","userLoc":{"longitude":75.07819352264764,"latitude":84.58703466032114}},{"userUuid":"c78a8de8-4506-4f59-b3b3-59c7c464f34e","userLoc":{"longitude":-33.97013255284614,"latitude":29.365274619148423}},{"userUuid":"0b9b3d57-4d7d-4d19-8f39-8a5c46eebdd9","userLoc":{"longitude":-70.9751774019157,"latitude":36.72411159805543}},{"userUuid":"8dbdae89-3ff5-49af-baf3-aef91800bbea","userLoc":{"longitude":75.20461485110928,"latitude":58.51457095366197}},{"userUuid":"6d9efd39-25b1-4df6-88c5-a05006598696","userLoc":{"longitude":-84.7055910580316,"latitude":51.579371345481036}},{"userUuid":"f2c3b2a7-1912-4e8f-914d-63201f77a18b","userLoc":{"longitude":160.13394466391526,"latitude":-31.88236900517996}},{"userUuid":"ad8d41f0-67d6-4526-9801-7cb8c9984662","userLoc":{"longitude":-72.6264516716867,"latitude":-60.28578382080322}},{"userUuid":"ac559ce0-2c24-4473-b218-4787de2fd249","userLoc":{"longitude":-76.89928933045262,"latitude":76.42997132122773}},{"userUuid":"c8daee32-7471-4f68-8a77-0eb729883a0f","userLoc":{"longitude":-94.15582744894564,"latitude":55.77675750982746}},{"userUuid":"e053ab85-dfbd-4ed2-b19b-314e84c8b46b","userLoc":{"longitude":-43.35966196527227,"latitude":-78.75298298753816}},{"userUuid":"a3dbf7f4-afd9-409b-ae83-735f3945f29d","userLoc":{"longitude":23.767781663488137,"latitude":-56.55711765933429}},{"userUuid":"bebebc8d-bb02-4834-abee-c2c05ce4b960","userLoc":{"longitude":-174.47196716877306,"latitude":-84.63282801026693}},{"userUuid":"97d0fbd3-9218-4c29-ae4d-cc2b4b258c84","userLoc":{"longitude":134.3750348068245,"latitude":-32.83501336832169}},{"userUuid":"22bc5cdc-1ecb-46a7-8914-bdadab78d2bc","userLoc":{"longitude":-136.22811736012991,"latitude":-3.087211685960014}},{"userUuid":"141b911b-a9f4-4529-9727-5627610664d7","userLoc":{"longitude":69.7630453990352,"latitude":-45.69446837219204}},{"userUuid":"c19ef79e-cb22-4e21-bd14-2b1182ef2ec5","userLoc":{"longitude":-93.10631115475448,"latitude":-84.88649662434283}},{"userUuid":"36f1b8b6-c49b-4488-b9b5-cf885fecc9c3","userLoc":{"longitude":137.87749623509472,"latitude":78.24088865968014}},{"userUuid":"a82d03f4-bc07-43a0-9130-b46f2d17ed14","userLoc":{"longitude":157.02316634227185,"latitude":69.9584735329399}},{"userUuid":"51b75e08-beda-481a-bf11-90bb56deaa51","userLoc":{"longitude":-84.05145835693597,"latitude":14.64988501461086}},{"userUuid":"38686bef-044a-470a-b626-549486b5554a","userLoc":{"longitude":46.321568678724844,"latitude":-17.670947510693765}},{"userUuid":"8c62ffb9-ac0d-41db-911d-4258144a602a","userLoc":{"longitude":112.03874826477909,"latitude":59.877577907225486}},{"userUuid":"87e1ed8c-45ab-428c-9b3c-1e762a8405a3","userLoc":{"longitude":-128.4767049744313,"latitude":-14.748169856099722}},{"userUuid":"5b2a124b-0a29-45fa-bc47-b89161374a15","userLoc":{"longitude":-59.52288172317952,"latitude":44.08650804159899}},{"userUuid":"b6f9b156-dc4e-4d2f-9de1-6a0abfa61b2a","userLoc":{"longitude":-24.64865654569357,"latitude":-73.14516888126506}},{"userUuid":"9e35f286-bae0-4e3d-a5df-cfd5468efc1b","userLoc":{"longitude":-124.59021332070193,"latitude":-66.3151696705231}},{"userUuid":"8bbb22e6-5f7b-47b0-805d-a3cf97e0d20a","userLoc":{"longitude":-152.29127503613324,"latitude":41.90697288861273}},{"userUuid":"e17d697b-bbe0-4528-8124-be52ef1df202","userLoc":{"longitude":-23.46176096815182,"latitude":4.7221459453446215}},{"userUuid":"2345e0d0-0f00-4403-b1e3-0a9fb14199cf","userLoc":{"longitude":-139.73838725299674,"latitude":-47.59122556264914}},{"userUuid":"2926a839-efb9-495b-ba90-c02208f90e23","userLoc":{"longitude":26.16354070795947,"latitude":11.193239044696327}},{"userUuid":"e58fc03a-e429-4cd5-9c9f-5d4cbc558b3b","userLoc":{"longitude":-95.19227975226892,"latitude":7.785366322610045}},{"userUuid":"34bcd694-eb02-47f7-8b14-c64115f504aa","userLoc":{"longitude":-122.17698190968436,"latitude":32.93044091983731}},{"userUuid":"8ea5145c-a496-443d-852d-18a4561106c5","userLoc":{"longitude":29.246812009906307,"latitude":51.07716244864241}},{"userUuid":"38e34e09-e2ae-496f-8920-57059f86a7a7","userLoc":{"longitude":88.09143037965862,"latitude":-67.18428489806826}},{"userUuid":"0c06b904-5a12-454c-9936-741dc66d4f9b","userLoc":{"longitude":133.80299682950306,"latitude":60.08945150037334}},{"userUuid":"3aa62269-35e5-4fad-8383-d18a6e15b2c9","userLoc":{"longitude":-79.02359171252968,"latitude":32.53106419992105}},{"userUuid":"a5c2a89e-abf8-479d-968f-5ad8deb98224","userLoc":{"longitude":39.953144541333444,"latitude":52.953572941871926}},{"userUuid":"67b6c14e-98f6-4e40-8c0c-7584934297f7","userLoc":{"longitude":-38.826523459058336,"latitude":55.33998097725373}},{"userUuid":"35693b3e-024f-42d3-94e4-a88c0d51af4e","userLoc":{"longitude":30.25355219904276,"latitude":-23.31314291304802}},{"userUuid":"f68a8659-956e-491d-9765-70b2c6c2e113","userLoc":{"longitude":-87.20369658962116,"latitude":-32.667773109499535}},{"userUuid":"316d8c80-fe62-4d07-b1ea-abe6d7b54993","userLoc":{"longitude":92.19096094681322,"latitude":52.23820794596415}},{"userUuid":"da9a65ca-3bf0-409a-a978-8cbe6c209b6d","userLoc":{"longitude":58.8455438295432,"latitude":-11.84179550807147}},{"userUuid":"c98f5f80-d91c-4acb-8586-a2b64b3ea6c1","userLoc":{"longitude":-91.97217583053362,"latitude":5.3485769539800145}},{"userUuid":"542ed2a6-c7e8-470b-b3f1-9a4ce3c7ad51","userLoc":{"longitude":-5.556863158290241,"latitude":9.40879910702769}},{"userUuid":"c3d24e74-2b0b-4a5e-8933-35dec6633753","userLoc":{"longitude":99.92734865248752,"latitude":68.00561374961268}},{"userUuid":"155ff4e2-30fc-49fb-aa84-fa3463d12ad9","userLoc":{"longitude":121.38133288333898,"latitude":-28.038369865843215}},{"userUuid":"2ed4b1b8-700e-4858-9c01-78a619e4bde1","userLoc":{"longitude":-3.8506866894309155,"latitude":-52.22489586788469}},{"userUuid":"e69e0ea7-202f-4c70-b6da-97ace923cd88","userLoc":{"longitude":-16.39700617048456,"latitude":-27.092967477113888}},{"userUuid":"365fad46-62f8-4a96-98cd-27cf662f82d0","userLoc":{"longitude":85.53995899164158,"latitude":36.00875318957739}},{"userUuid":"86cf96fd-dae3-4316-8994-05db816745aa","userLoc":{"longitude":148.7649666725452,"latitude":17.552148415788423}},{"userUuid":"6cf66a9e-24e5-4398-80e8-173aaf12985c","userLoc":{"longitude":6.57851463451442,"latitude":70.05692463967011}},{"userUuid":"1a0304d2-e068-485a-af4c-b0fb93736e38","userLoc":{"longitude":-145.626178666969,"latitude":73.84083823438272}},{"userUuid":"32b83017-08db-41cc-9f6e-ca6b55ee4c01","userLoc":{"longitude":37.477132069503796,"latitude":-5.3773155389446}},{"userUuid":"d5bd6663-3ce7-470a-92d2-b3c5f6b078f3","userLoc":{"longitude":63.89743452800241,"latitude":65.69679317481436}},{"userUuid":"aa18b378-08fc-4876-9ca3-f75590fb1f30","userLoc":{"longitude":-146.08155910777006,"latitude":80.16785747747176}},{"userUuid":"a7ef7945-ceef-49c4-ae8b-722bf7221665","userLoc":{"longitude":-77.98957075325846,"latitude":21.414488301967978}},{"userUuid":"6251177c-9493-4acc-97c2-2ae3f6a6cf6f","userLoc":{"longitude":129.51488130337071,"latitude":81.40116892680234}},{"userUuid":"ce2d1630-89d8-4c5a-84e1-f62d7d4819b1","userLoc":{"longitude":-99.57930802036405,"latitude":14.068957475720552}},{"userUuid":"e8568e45-dad9-4d67-9073-92c25dd9acfa","userLoc":{"longitude":-126.82744933294187,"latitude":18.812288300770277}},{"userUuid":"c38a9bce-0384-49ed-a348-f374e79f35ab","userLoc":{"longitude":131.51112153543176,"latitude":-36.89919985078235}},{"userUuid":"e53c3639-bd0a-40cb-8f3c-f5de8e9abaa9","userLoc":{"longitude":143.79821484421632,"latitude":-7.928066802896495}},{"userUuid":"d92e273d-9337-4155-9d3e-f7b6bb9479aa","userLoc":{"longitude":97.21150499307731,"latitude":71.1187070585026}},{"userUuid":"a5721de1-8ec9-4964-a710-7129bb342918","userLoc":{"longitude":-18.45977743921088,"latitude":32.976796283027085}},{"userUuid":"ade9c9f3-6020-497a-868d-e3e4581bc380","userLoc":{"longitude":-43.5978631872689,"latitude":-50.54068467261673}},{"userUuid":"2811ddaf-d820-4786-92b0-32f5da57d543","userLoc":{"longitude":-38.409294937493456,"latitude":-14.813991203445724}},{"userUuid":"8126aee4-92d5-4a41-84f0-142a2462bad4","userLoc":{"longitude":147.85110851710823,"latitude":77.13996481138167}},{"userUuid":"04a3e42f-41f1-4472-9da7-ec0ae2f48a23","userLoc":{"longitude":-176.55750559671424,"latitude":-6.720243854152784}},{"userUuid":"c9a8136d-5f0e-4a11-926f-606e42371def","userLoc":{"longitude":-158.92485365399472,"latitude":13.034116445745028}},{"userUuid":"58d2e498-70d6-4012-87ee-aaf634c0cb9f","userLoc":{"longitude":-114.72370123431475,"latitude":24.247884701752938}},{"userUuid":"33794e14-8c04-488d-904b-adbf76defe31","userLoc":{"longitude":34.609232268497436,"latitude":7.96655445148204}},{"userUuid":"151d7c70-0829-4b26-98dd-3eb808e62b48","userLoc":{"longitude":-109.55017162158708,"latitude":-27.331114263099558}},{"userUuid":"76378b31-f7f4-42ef-b278-877b228bbc04","userLoc":{"longitude":135.80489822362648,"latitude":-34.6180417392523}},{"userUuid":"800f77cd-fc66-4fb5-9e8d-ce8e3becf48e","userLoc":{"longitude":-100.06140183734924,"latitude":40.72585684269832}},{"userUuid":"e0d9a080-82f7-486a-824a-5c4996d474a6","userLoc":{"longitude":-6.627968145663772,"latitude":70.60973704389028}},{"userUuid":"b0f78394-de83-4baf-8fa2-79dc308f8f0c","userLoc":{"longitude":-97.61119906067609,"latitude":-58.589542891018766}},{"userUuid":"2be35ebf-ecdd-4df3-8b94-9d4adad18743","userLoc":{"longitude":-107.61463751336946,"latitude":-51.95051650542963}},{"userUuid":"a1f28518-45d5-4407-8430-ae074f6d98c8","userLoc":{"longitude":174.9863984059233,"latitude":-58.7278661753944}},{"userUuid":"6a269057-5808-4e6d-b324-62c77acc3d85","userLoc":{"longitude":70.46153280902269,"latitude":72.1581657889655}},{"userUuid":"0e98f10d-7445-4036-83d8-1c7de60f0272","userLoc":{"longitude":-126.7072865415617,"latitude":0.04140747072307249}},{"userUuid":"f1ba8ca3-9f60-4a9d-b52e-e8449acddea0","userLoc":{"longitude":36.77508348129888,"latitude":51.62134535038933}},{"userUuid":"a6fdabfd-0ecc-444b-9552-4161ff47af68","userLoc":{"longitude":166.96517089322208,"latitude":-58.44300634725391}},{"userUuid":"cfc2627c-f89a-4523-a2a4-bbfaf3d0d4f5","userLoc":{"longitude":105.6483773400189,"latitude":12.681815716974128}},{"userUuid":"9587da99-32dd-4f12-857d-dc87bdfe59b7","userLoc":{"longitude":-23.617869106396057,"latitude":67.68746901457305}},{"userUuid":"c07e9b83-5550-45e3-9372-3b72eff20e7b","userLoc":{"longitude":-179.39369529269388,"latitude":25.74687796125417}},{"userUuid":"564b9a26-1cce-4df1-aa82-3cf6fed668b0","userLoc":{"longitude":-92.09982395804552,"latitude":4.242478757970005}},{"userUuid":"709be7eb-6910-40bd-9eea-39fc795063bc","userLoc":{"longitude":96.64549881456276,"latitude":28.88594787045514}},{"userUuid":"b81fa7b0-4527-4c9f-b951-a79f61cd5667","userLoc":{"longitude":-64.69413427288757,"latitude":-48.93776723974705}},{"userUuid":"684a6eba-e7b7-4975-856c-d8ce3cd98476","userLoc":{"longitude":-179.93656884881588,"latitude":43.32841603185247}},{"userUuid":"f0f47ca7-7f03-4f83-bff7-b4e4a2a3dce5","userLoc":{"longitude":-76.81784940196565,"latitude":-76.25055688640384}},{"userUuid":"35491345-59e8-4598-9aa7-e6ca6c0fd44b","userLoc":{"longitude":-133.0858663299419,"latitude":33.47872097227096}},{"userUuid":"6655f2ba-0133-4a97-b5b4-e2d6dbc04d03","userLoc":{"longitude":129.28331893471966,"latitude":25.174046969223838}},{"userUuid":"e6723096-dc6c-4ebb-98b7-dc9f555e735e","userLoc":{"longitude":43.401625184684576,"latitude":-9.6629477137717}},{"userUuid":"cbd4f453-397f-4293-a558-4925cc8c6a43","userLoc":{"longitude":153.17656329349455,"latitude":9.309844455493376}},{"userUuid":"a69993cc-3398-4562-a955-565cfc4a4cc2","userLoc":{"longitude":75.7148961727707,"latitude":26.3794699540953}},{"userUuid":"35346f82-afd6-4503-b221-75f9be38d7a8","userLoc":{"longitude":99.34629407321944,"latitude":-52.25848135399825}},{"userUuid":"afcea5c2-face-4d4e-bc2e-9743fc2ad2b4","userLoc":{"longitude":157.21664404082492,"latitude":32.09724997076381}},{"userUuid":"3fca7964-e13b-491b-a197-f49b1a33e184","userLoc":{"longitude":85.44960243422616,"latitude":-9.88178617198605}},{"userUuid":"b98a24c6-5781-4b14-befb-16b2ceeb8a95","userLoc":{"longitude":178.10370368346764,"latitude":64.43306223314758}},{"userUuid":"c4577150-8ceb-4766-a7d4-d26722393a41","userLoc":{"longitude":-2.9778965461262885,"latitude":33.084492588118806}},{"userUuid":"20533c13-7e12-42f8-a232-d7132f9877b5","userLoc":{"longitude":-57.78540485108992,"latitude":-77.01005595811057}},{"userUuid":"1ad4890f-1385-45d7-9547-25de3260823b","userLoc":{"longitude":152.76818883089248,"latitude":-84.08269219936471}},{"userUuid":"20aed2df-9374-490a-9e40-f297ded83cfa","userLoc":{"longitude":-144.87435075589738,"latitude":56.440829458897696}},{"userUuid":"0bee91d6-37b9-477e-8312-039d533af407","userLoc":{"longitude":93.35680215925356,"latitude":70.51594979198498}},{"userUuid":"3cc6ebcd-c41c-4caa-97d6-f2eadfeeca9f","userLoc":{"longitude":-111.22244316596479,"latitude":1.8539654163411825}},{"userUuid":"be6eb777-20f7-4b94-80ef-b914e979d15b","userLoc":{"longitude":-84.20721503862988,"latitude":55.92383063430049}},{"userUuid":"e8453645-8452-4ed5-9ed2-87b76d966a24","userLoc":{"longitude":113.95791525130346,"latitude":-45.66408520084466}},{"userUuid":"cc717a5a-8c4a-433c-a036-81ac8acc64e9","userLoc":{"longitude":25.891114069252126,"latitude":69.31422249121181}},{"userUuid":"f7106153-4b83-4f32-bd2c-eace6a86fb96","userLoc":{"longitude":138.13467696015812,"latitude":77.91652530477259}},{"userUuid":"25610e73-3afa-4fdd-8434-c58810782a41","userLoc":{"longitude":26.805057970562018,"latitude":38.746307505413554}},{"userUuid":"eb77f3ae-88d3-4f5d-9037-c25366c7ddbe","userLoc":{"longitude":173.71648501798,"latitude":-25.48031289552499}},{"userUuid":"fe4bd451-b576-487d-9702-b37730a1c144","userLoc":{"longitude":-69.40766098641242,"latitude":28.57856365972215}},{"userUuid":"c6fcea8c-a8f0-458f-8c52-97231432740a","userLoc":{"longitude":-154.52259770091007,"latitude":32.15058692281556}},{"userUuid":"ec936c40-e8b8-4891-8346-618a4b90765c","userLoc":{"longitude":-149.53318514774585,"latitude":5.255901704493368}},{"userUuid":"29266ed2-335e-4708-93bb-60af5cadc8f4","userLoc":{"longitude":-151.13262523073067,"latitude":-40.40118498878228}},{"userUuid":"c8dd90e6-4125-4371-bf18-dbc48b44b91d","userLoc":{"longitude":-96.69848700593278,"latitude":4.09212450178417}},{"userUuid":"db69bd2e-26e7-4a63-b3dd-93cd3adf6ca5","userLoc":{"longitude":56.912187313154845,"latitude":76.99492370375}},{"userUuid":"07b76892-688a-4fbe-bf08-969ff0e25686","userLoc":{"longitude":-127.220043409741,"latitude":60.70319906977599}},{"userUuid":"96733292-4bb4-4b10-b305-f78779b6da25","userLoc":{"longitude":153.08132562704782,"latitude":83.54588797135463}},{"userUuid":"ba40c164-35ad-4d2d-b9a7-cec196c24c92","userLoc":{"longitude":-57.769751771160685,"latitude":37.225034298690204}},{"userUuid":"b167e8b2-8328-48cc-953c-24fe7a0c3def","userLoc":{"longitude":-110.33643276981891,"latitude":9.291067660335429}},{"userUuid":"3c2cb9a5-6be3-4e9b-b350-0d0ce703e5a2","userLoc":{"longitude":88.12339496729834,"latitude":64.9262725757749}},{"userUuid":"6fd359af-6113-4309-9464-d92aa51f3d2a","userLoc":{"longitude":48.28190731641618,"latitude":-35.137149872728344}},{"userUuid":"f3afb15e-4c15-40e9-b99d-af812b51c274","userLoc":{"longitude":-115.86270263321494,"latitude":12.37915366519421}},{"userUuid":"c0523930-02e7-437e-88f9-e09513388294","userLoc":{"longitude":12.109574952383326,"latitude":-19.267930994608392}},{"userUuid":"ba108bf2-956f-4a36-8def-8f370269b3be","userLoc":{"longitude":-79.40692864725911,"latitude":-53.21850944266346}},{"userUuid":"9882311d-4fc3-442e-8c7f-4e4b0d0ac4fb","userLoc":{"longitude":102.56384553683273,"latitude":39.39270720684894}},{"userUuid":"2da805dd-9ce6-4127-8d38-bccab050e755","userLoc":{"longitude":113.72900769174032,"latitude":9.517755305208496}},{"userUuid":"fa51916a-f02b-4d63-a23f-77777eb56724","userLoc":{"longitude":-33.13396079087374,"latitude":35.681241666038645}},{"userUuid":"3496d884-0413-4385-be0c-f55e903fa707","userLoc":{"longitude":48.079075841517295,"latitude":56.491558232899564}},{"userUuid":"522506de-4cd0-4e12-a295-2ab8c1c3b8af","userLoc":{"longitude":-20.287677281071353,"latitude":-37.08838949511126}},{"userUuid":"0b8532da-ef8b-4598-8455-a30a70f87970","userLoc":{"longitude":-45.474493855413186,"latitude":75.50730336173007}},{"userUuid":"80c4d2ab-84b4-4413-a62a-9d9b58be507f","userLoc":{"longitude":123.00696688693216,"latitude":42.97201123899302}},{"userUuid":"f67e356d-50e8-408c-96ad-68463dda74fe","userLoc":{"longitude":152.2037325849294,"latitude":-82.1566794831291}},{"userUuid":"56834660-ad37-487e-b804-6b1fbd1b61dc","userLoc":{"longitude":-106.35628471799234,"latitude":36.4790784942693}},{"userUuid":"ee0866f8-8457-4743-9892-43f4d6d5d67d","userLoc":{"longitude":80.61663431099129,"latitude":24.107320580913864}},{"userUuid":"e59f65f3-f3e3-4543-8a7c-b9739832d40d","userLoc":{"longitude":175.83339461551532,"latitude":-32.32042033011388}},{"userUuid":"3b4cb41c-1b74-4912-afd5-77bda898ca70","userLoc":{"longitude":168.1024113825689,"latitude":-65.0941138377047}},{"userUuid":"45df0025-7137-4d40-9b18-910eb47af978","userLoc":{"longitude":20.280478217901845,"latitude":31.8788857209135}},{"userUuid":"305c2843-e323-4e68-a223-9fb62400b350","userLoc":{"longitude":123.40250490835786,"latitude":-36.323177398382555}},{"userUuid":"1a1b9ebd-2fe5-4b61-ad1a-6a0575d6d5fa","userLoc":{"longitude":-28.04909540760619,"latitude":20.40172771010137}},{"userUuid":"2dc892a7-84a7-4d54-891a-5e36e3158e38","userLoc":{"longitude":29.911899323201823,"latitude":47.09602733911382}},{"userUuid":"6cb0f909-4a56-4e52-a124-b5e12470b27b","userLoc":{"longitude":4.086999662685855,"latitude":8.306777176419345}},{"userUuid":"6e7be16b-847f-49ed-8f7a-e93f633bc7b8","userLoc":{"longitude":-17.903842802614548,"latitude":-46.64611780400863}},{"userUuid":"510a3f8a-b532-4414-a2d9-4997020b8879","userLoc":{"longitude":3.6822777121294337,"latitude":59.652949999371515}},{"userUuid":"442423ca-484b-4328-818f-6948305b684e","userLoc":{"longitude":-134.1450098780706,"latitude":41.65963081552516}},{"userUuid":"57b5cfe6-b5fd-4b30-aec0-8a1da1cb13c5","userLoc":{"longitude":48.78116363852621,"latitude":51.45649137894739}},{"userUuid":"bd949218-ca06-4c83-a12c-dd392bdd4a42","userLoc":{"longitude":158.53932645980194,"latitude":-11.310233123391683}},{"userUuid":"cb4cef98-fda3-4deb-b756-efa52391fa07","userLoc":{"longitude":-122.36554239582912,"latitude":81.52100018256132}},{"userUuid":"09f25982-3cd4-431a-95ee-95908ec5789d","userLoc":{"longitude":22.074721781908636,"latitude":-17.363370131507196}},{"userUuid":"acb546e5-45af-4631-8b74-4d639205f01a","userLoc":{"longitude":96.77075786777363,"latitude":8.122912939660296}},{"userUuid":"6cde69b9-e87b-4dc8-bdfc-e196070ffc1c","userLoc":{"longitude":-72.61986590988263,"latitude":-63.251845070843615}},{"userUuid":"a75f70b0-3c75-40d5-b606-1b61fdf95aad","userLoc":{"longitude":-128.0833889963817,"latitude":74.29088140019559}},{"userUuid":"702107f6-b522-4a9f-a3bd-db07e6b59fd1","userLoc":{"longitude":57.53294983493794,"latitude":-62.263141136015285}},{"userUuid":"486456fa-cf19-4a45-8e31-ef8c16db188b","userLoc":{"longitude":-52.760120348229506,"latitude":-6.394263814547358}},{"userUuid":"558c291c-9585-4001-91f7-dc4784b91ab3","userLoc":{"longitude":-173.1663165102725,"latitude":3.8012710644007086}},{"userUuid":"b964b8e1-3ce3-4fa5-a50d-0db980eea5a9","userLoc":{"longitude":74.6737898465023,"latitude":-27.041533910962585}},{"userUuid":"485a28fd-55b5-4777-b05a-5b5a7c80a51c","userLoc":{"longitude":-98.69032771142673,"latitude":-26.520252044479598}},{"userUuid":"05d16f5e-2fb2-4c19-a88f-940e0f97c468","userLoc":{"longitude":10.581301956580745,"latitude":34.64748294808712}},{"userUuid":"5320e23c-f776-4e9e-93a4-7bad75df8c6c","userLoc":{"longitude":-176.46546840872384,"latitude":50.407586277485166}},{"userUuid":"97c75e26-fa00-4198-b513-e0dbd562c1af","userLoc":{"longitude":-30.946550306888923,"latitude":-69.01220460362856}},{"userUuid":"a99965db-9f02-4842-be28-64629caad792","userLoc":{"longitude":-97.28304130498934,"latitude":-79.79677149659885}},{"userUuid":"df5488b1-8f42-4a7c-9254-ebfbc4c4e215","userLoc":{"longitude":80.87370680741265,"latitude":-45.31463097848353}},{"userUuid":"b5f329cd-c147-492c-82c7-06af8b8f5d32","userLoc":{"longitude":26.405941011731983,"latitude":-3.2725677963800024}},{"userUuid":"9acdf9c3-9e69-4529-9a97-21f9520c7254","userLoc":{"longitude":-151.20375355702342,"latitude":66.86865228480096}},{"userUuid":"62efb585-314d-43e3-90ba-aa58524d6521","userLoc":{"longitude":-38.2065108942231,"latitude":-11.801860638741715}},{"userUuid":"3290237a-5a8e-4aae-a271-0102f760d3a2","userLoc":{"longitude":-48.692802416295564,"latitude":-70.04898801333316}},{"userUuid":"06cd8d08-8f6c-4cd1-9c66-026870c805db","userLoc":{"longitude":143.8071616992824,"latitude":-37.964862989683326}},{"userUuid":"6b153275-b4ab-4ca2-93c3-76bcf004ec6d","userLoc":{"longitude":-121.13382057281662,"latitude":-83.62120168451536}},{"userUuid":"9a77d2dc-1e5b-4b75-a0cd-acc414ff2870","userLoc":{"longitude":-68.66724681441735,"latitude":-39.160114568840186}},{"userUuid":"592ea42c-62c8-4110-a299-307f4a8b10d7","userLoc":{"longitude":123.90812663181958,"latitude":38.447787254432825}},{"userUuid":"7059bf3a-4e87-4400-b57b-42cc09688a2f","userLoc":{"longitude":119.58756811006975,"latitude":69.5051184559442}},{"userUuid":"c3f6832d-bd4a-4124-a7a0-bc86ff6b3705","userLoc":{"longitude":-64.50686596988325,"latitude":21.443729929292743}},{"userUuid":"1015c2d4-9681-48e1-a477-6bda1e3e43f6","userLoc":{"longitude":-99.0921707245878,"latitude":-56.65215175196495}},{"userUuid":"60acc916-15cf-4d4f-82f2-24cbe1767d5d","userLoc":{"longitude":169.71063577779506,"latitude":-43.880403906020135}},{"userUuid":"cbcb8b6c-9b41-459a-b2fa-4dd0b35c111d","userLoc":{"longitude":-8.922636193172849,"latitude":42.35851153792049}},{"userUuid":"ea37b329-ae05-47d2-a944-1e9a5953e1d2","userLoc":{"longitude":-22.699380665675164,"latitude":52.62925344252184}},{"userUuid":"f79dc10e-686c-4a43-8afb-0b075e677ac0","userLoc":{"longitude":107.91263893645038,"latitude":32.911577176417}},{"userUuid":"5bed5cde-c302-46a1-be57-500863828c19","userLoc":{"longitude":30.73795761875155,"latitude":50.63733537067483}},{"userUuid":"d34425c0-6f08-47af-bc49-e4ff38534d64","userLoc":{"longitude":41.42189580636793,"latitude":75.46836013936942}},{"userUuid":"3bf7a7e5-17d3-47a4-ab37-ab4a51aca27b","userLoc":{"longitude":-70.5630343985453,"latitude":-20.84983108565747}},{"userUuid":"b81db601-6625-4ebd-890a-c9fed4489660","userLoc":{"longitude":-98.19792610697769,"latitude":38.70554011623125}},{"userUuid":"f84c0294-a5f4-44a8-b970-8e9911887498","userLoc":{"longitude":-13.223209693181673,"latitude":-65.67844801872745}},{"userUuid":"babbaa99-7d2b-4236-bef6-b67387dfbc4a","userLoc":{"longitude":-79.42714877906491,"latitude":80.2805839718549}},{"userUuid":"0bfcfe74-5cb8-4f1a-81c2-2c1c9c9fcb45","userLoc":{"longitude":62.86683670342481,"latitude":7.04900151879265}},{"userUuid":"5f65fb7b-e7d4-4014-9a21-b1891fc579b8","userLoc":{"longitude":30.279891255059,"latitude":16.218451201205497}},{"userUuid":"65f03ea7-1299-4a31-88cb-6c04217e9e57","userLoc":{"longitude":84.25320066952582,"latitude":-13.567211040502386}},{"userUuid":"c98524ac-a6e4-4326-a1cb-cbf4e4c81e59","userLoc":{"longitude":-139.5398027515474,"latitude":61.40590588653947}},{"userUuid":"8d06c17b-83c6-4a6c-b40e-0f62080cb46d","userLoc":{"longitude":-175.77229342548497,"latitude":-47.28450774115125}},{"userUuid":"eeb71c30-2635-4936-b15c-db6004273ca4","userLoc":{"longitude":66.62777868695213,"latitude":38.69295130627427}},{"userUuid":"890a289f-75fa-4f63-9108-01eac0fdb9d7","userLoc":{"longitude":78.14411347768254,"latitude":60.28998845474385}},{"userUuid":"36535c4e-58c2-4e15-930c-0be3a601bb05","userLoc":{"longitude":-56.05052810356361,"latitude":-39.646850177467755}},{"userUuid":"70d99695-c7b8-49ae-a397-23ebd7c8406d","userLoc":{"longitude":-41.077270476441925,"latitude":22.6707167647063}},{"userUuid":"2c430de2-bcff-4df8-8edc-9596b5e9bef8","userLoc":{"longitude":176.8869994209108,"latitude":-61.95410088992854}},{"userUuid":"df211d9b-8570-4061-8bb6-cb1c5f5ec25c","userLoc":{"longitude":-80.44013178222644,"latitude":-4.724122540568615}},{"userUuid":"2af6edf7-1cc0-4f37-ac90-3577206e1f0f","userLoc":{"longitude":-56.98039402012111,"latitude":-20.21676977381128}},{"userUuid":"b81358b4-eb4e-41eb-887a-52ebefad3d85","userLoc":{"longitude":-64.08358939960227,"latitude":-55.46236012610265}},{"userUuid":"3aa77b8e-846c-4158-bb40-788287a6c514","userLoc":{"longitude":118.32983690747221,"latitude":2.5362749032690886}},{"userUuid":"dad8d3e5-3410-4cbb-a5cf-ab1f7282cb77","userLoc":{"longitude":135.8335327981871,"latitude":-66.94131392678294}},{"userUuid":"daa6176c-f18f-4880-9358-2716a7f42d3d","userLoc":{"longitude":-83.0168813058356,"latitude":-41.80178254865511}},{"userUuid":"d2de3582-3613-4811-b3be-e3ba26ad017c","userLoc":{"longitude":8.24780680825208,"latitude":36.41393038327058}},{"userUuid":"21e63c66-cbc7-471e-8601-bdcf5c6ce991","userLoc":{"longitude":-94.0079467224804,"latitude":-25.96062815316342}},{"userUuid":"9350e06f-0f9d-46f9-b764-eb4459b8a3b2","userLoc":{"longitude":163.0418440885369,"latitude":-72.48238705491352}},{"userUuid":"dc011275-7183-472e-9654-85fc4b29a878","userLoc":{"longitude":1.1212879257523412,"latitude":30.46322004002353}},{"userUuid":"82870c90-ace8-4102-b494-585c62bc5ceb","userLoc":{"longitude":89.9558470775388,"latitude":-45.21626567645016}},{"userUuid":"025fabf0-8605-40ee-9f66-23b50b1426db","userLoc":{"longitude":-13.164323412246858,"latitude":52.082760706591955}},{"userUuid":"bc33a027-42dd-446c-9111-fc5636dca398","userLoc":{"longitude":29.264074495416395,"latitude":-34.12837636210028}},{"userUuid":"332d4e9e-e6ed-4fe1-8271-a7f5a5b48f74","userLoc":{"longitude":-65.58843283657916,"latitude":81.14562192376479}},{"userUuid":"c79515b5-fd07-41ca-9bdd-af84a6f34bb4","userLoc":{"longitude":121.38911350863532,"latitude":-48.70369599185053}},{"userUuid":"fba0a0b2-4435-4f0e-b61a-a2fe18074e31","userLoc":{"longitude":26.68673969755085,"latitude":-54.229187896506225}},{"userUuid":"a9009185-5b71-4406-bbbc-218a2429a5ef","userLoc":{"longitude":153.12803320808752,"latitude":28.090191062121505}},{"userUuid":"2e9890ab-2443-42ec-af99-ce6bc914e3b0","userLoc":{"longitude":5.908771516532823,"latitude":31.20997851041355}},{"userUuid":"d350d696-d0a5-4e75-a143-f0d7b55ad517","userLoc":{"longitude":-76.9187165455522,"latitude":-79.1307379011942}},{"userUuid":"6bfe9011-beae-4287-bd7d-b25a76f29a68","userLoc":{"longitude":22.70777093943218,"latitude":59.03837485835058}},{"userUuid":"223c70ed-dd7d-47f4-8ebd-9495cce3fd47","userLoc":{"longitude":82.86200758770241,"latitude":72.96729953754519}},{"userUuid":"ce8a708d-6c64-4ca4-872e-1d719e568acd","userLoc":{"longitude":-159.2193768411548,"latitude":29.250634290987804}},{"userUuid":"9f599ad7-11c6-4ed1-be44-05fe46bc488d","userLoc":{"longitude":103.31942099750319,"latitude":-53.62018248863494}},{"userUuid":"680b0015-554a-4ec6-9619-2df099370bdc","userLoc":{"longitude":116.67978304380978,"latitude":-81.2253261550525}},{"userUuid":"6726a2de-6575-42b1-8d77-3430aa247a6b","userLoc":{"longitude":-31.077224577350393,"latitude":-21.367862938977744}},{"userUuid":"3a65e4b8-dabe-4e57-8c58-3327ea210d71","userLoc":{"longitude":16.66245240015587,"latitude":82.66314208866851}},{"userUuid":"f08f1323-facd-4c35-9460-ee069db3bff5","userLoc":{"longitude":-176.7181717824058,"latitude":-11.330822549785154}},{"userUuid":"4dbaed97-7aed-4c16-b6a0-384084e9ab29","userLoc":{"longitude":32.71836015936995,"latitude":-48.770631812454255}},{"userUuid":"816dea17-bd2c-430d-a978-af20a8715e65","userLoc":{"longitude":-77.37833639427193,"latitude":13.581548884672657}},{"userUuid":"3864a5b2-002d-4acc-b28e-efc5bbe9bbc6","userLoc":{"longitude":105.25079605766075,"latitude":-71.58586453791777}},{"userUuid":"16f4b6f7-1667-4fc7-a24c-aa88bc52ecfe","userLoc":{"longitude":-93.32143264902011,"latitude":78.26657888841663}},{"userUuid":"2606b49a-a1c5-4302-9c46-664c7942ae2e","userLoc":{"longitude":-65.81660336510004,"latitude":25.016615855531853}},{"userUuid":"deba35cc-4a20-4d49-b2d2-ece849389e4a","userLoc":{"longitude":118.11169672266482,"latitude":71.25491950477667}},{"userUuid":"cb84a118-5aee-496e-89ee-181058de13e8","userLoc":{"longitude":-116.99392366879056,"latitude":48.582058979272716}},{"userUuid":"c33fc167-161d-4f70-8ce0-98c01479ec92","userLoc":{"longitude":148.8008070700393,"latitude":-15.613934208736922}},{"userUuid":"205c1983-308f-41f3-88eb-357c38d27f64","userLoc":{"longitude":107.3840350708881,"latitude":-64.90146193447391}},{"userUuid":"b850e341-7b3c-46cf-b3b9-e06fceaa2116","userLoc":{"longitude":117.14150344743655,"latitude":23.812383901008204}},{"userUuid":"cbf50ab0-8e29-4230-bf91-5377f364e44a","userLoc":{"longitude":50.68015423229818,"latitude":-74.74414339307987}},{"userUuid":"5eee26b7-c787-40bd-8161-b7645950ce5c","userLoc":{"longitude":-77.24054624021451,"latitude":-42.20225226891508}},{"userUuid":"fd1ef810-2bfd-42ff-9751-1675b26519cf","userLoc":{"longitude":-138.88241104859384,"latitude":37.23612355969621}},{"userUuid":"ce0e685c-e446-41e5-8a57-1c399383397f","userLoc":{"longitude":-91.84122933999346,"latitude":-5.451771825084222}},{"userUuid":"63d7c25b-ca1f-425f-9a01-d2a0af77c8fc","userLoc":{"longitude":97.0007860085791,"latitude":0.3550041690365475}},{"userUuid":"e26893ff-0d39-43da-a42d-006e299221bc","userLoc":{"longitude":-116.78191556008287,"latitude":64.77224772818394}},{"userUuid":"70cf9ba4-7c18-4543-98f5-42d4ff057304","userLoc":{"longitude":-48.56473514096504,"latitude":41.78183811158782}},{"userUuid":"607a3990-bc63-4718-9328-aec70ee95136","userLoc":{"longitude":138.4962538730229,"latitude":10.278154471069485}},{"userUuid":"da21e7d8-4815-4cde-ac86-f1ae6237c73a","userLoc":{"longitude":129.03474858074412,"latitude":0.5750417485409685}},{"userUuid":"8160c0ad-f6db-4049-a2b3-d7c8b8a57262","userLoc":{"longitude":64.89339587898513,"latitude":44.574951368811526}},{"userUuid":"b1160dab-7485-420d-87f6-fe69713c7393","userLoc":{"longitude":-45.34943230804373,"latitude":-23.677005477357646}},{"userUuid":"f8983b0f-64ac-4efe-8dc5-f6d4253498a1","userLoc":{"longitude":154.3648856809615,"latitude":65.28739490294276}},{"userUuid":"681baaa9-3525-40c7-b93c-4de497638de5","userLoc":{"longitude":75.54868358556129,"latitude":43.99493530844211}},{"userUuid":"a50dc843-79ab-451a-b97d-ec9cfacb42ae","userLoc":{"longitude":-13.099168540244875,"latitude":5.219897817792216}},{"userUuid":"e47db8bb-c74e-48c8-b626-4fb3093cb853","userLoc":{"longitude":110.00639213878048,"latitude":2.8568809942863282}},{"userUuid":"895cfb8e-75bb-420c-9c47-27b839bb1363","userLoc":{"longitude":174.48197379836267,"latitude":-11.914501159888928}},{"userUuid":"9c381b88-0cf2-4cff-ad73-ce66008b4fb9","userLoc":{"longitude":-4.4007247045110205,"latitude":-26.47476211157722}},{"userUuid":"0bba9fbb-d64a-43de-800d-14cb1fe588ab","userLoc":{"longitude":88.93486423749584,"latitude":32.70869330018664}},{"userUuid":"13ebe941-b450-41c9-8559-2d8cbea84bdb","userLoc":{"longitude":-39.399898221179626,"latitude":63.009451993062186}},{"userUuid":"f4780476-14c5-451c-9d41-b467b5914c0e","userLoc":{"longitude":172.11450412411625,"latitude":-71.52614811340405}},{"userUuid":"11ee3d18-f686-42f3-896f-48cd14456d83","userLoc":{"longitude":-91.25356635203177,"latitude":-61.29752811620621}},{"userUuid":"df1c9124-dd36-488d-9f87-9424511a614b","userLoc":{"longitude":115.42086913753246,"latitude":55.88697456456964}},{"userUuid":"aa724ea6-0dc4-4c2d-ab76-697a534762db","userLoc":{"longitude":53.21158196855026,"latitude":57.83949786539691}},{"userUuid":"9458b6bb-b91a-4a85-8c15-9802d4fad5c0","userLoc":{"longitude":-54.02165983486441,"latitude":80.04008378776285}},{"userUuid":"ed131388-74bc-46c9-ae02-94f1a3e75b46","userLoc":{"longitude":27.244725676842165,"latitude":-58.85814340223351}},{"userUuid":"50d6a906-b102-42f6-b94c-b1ac9a414a4d","userLoc":{"longitude":50.11732247444138,"latitude":-76.22614159194298}},{"userUuid":"b528e543-88fe-4b4d-9ef0-13aa5cea9732","userLoc":{"longitude":139.278051288518,"latitude":76.82954704250332}},{"userUuid":"2bcb2977-b228-47c9-aa43-30619ca4b48a","userLoc":{"longitude":159.99725611192162,"latitude":39.86674712194508}},{"userUuid":"d0eb8f16-4c3e-4154-a818-9cf06fcf83c3","userLoc":{"longitude":160.28027540057826,"latitude":9.444701866481836}},{"userUuid":"70089d36-04d0-420c-b82a-ca4e79af4fa5","userLoc":{"longitude":168.5328736574503,"latitude":83.55849755847069}},{"userUuid":"6ffc4125-b364-463a-8fb9-b52fb0265c4a","userLoc":{"longitude":160.6860234023659,"latitude":58.0804894855512}},{"userUuid":"6575bdf5-2b1d-4f55-9b62-24b1bb3fced0","userLoc":{"longitude":-179.45438555419062,"latitude":-8.540705819170398}},{"userUuid":"e7aae689-6bea-434c-8969-b6c3773e27a2","userLoc":{"longitude":-19.904678947815626,"latitude":21.978929563846435}},{"userUuid":"9c16ad3d-d037-4d43-86bc-e38c184de945","userLoc":{"longitude":164.4766213609409,"latitude":71.84739189857922}},{"userUuid":"6c5c6058-bae6-42d8-a54d-2db8b1eb6279","userLoc":{"longitude":-169.29421543989542,"latitude":-15.122529416851862}},{"userUuid":"5e6c4b51-45c9-4cdd-90d8-e6277dc69b60","userLoc":{"longitude":63.68255177611843,"latitude":44.67034993672755}},{"userUuid":"30131190-e72f-45bc-9dd4-9728053d6ced","userLoc":{"longitude":27.2800093259265,"latitude":30.615227936492914}},{"userUuid":"c1c0f1fc-963b-4868-8a35-21066507053a","userLoc":{"longitude":88.84664824730135,"latitude":-30.831666591791183}},{"userUuid":"b3d9b918-b262-4f42-8d36-6a586941eea4","userLoc":{"longitude":140.90133208614668,"latitude":-0.8369513098189714}},{"userUuid":"1a9707c9-6508-4a0f-8df4-ffb58a2d92ea","userLoc":{"longitude":-172.32844312868028,"latitude":57.947356610259874}},{"userUuid":"852f7f7d-dc89-4b46-8146-925e7300e569","userLoc":{"longitude":131.08093173948578,"latitude":64.43264754839373}},{"userUuid":"0554add6-e914-4933-a930-0e56ccbefd57","userLoc":{"longitude":-105.74141530000144,"latitude":4.830492896175258}},{"userUuid":"d9c229dd-b0d9-4431-9c0f-24fa02369fca","userLoc":{"longitude":-98.73145249771075,"latitude":-28.85675762577408}},{"userUuid":"1bd25fac-26af-45bc-9507-050e0ddb64dc","userLoc":{"longitude":17.26072819314942,"latitude":63.892273891588985}},{"userUuid":"2427d123-954b-43cc-8b35-9abaf814cef0","userLoc":{"longitude":131.30839343103753,"latitude":-24.382595480440536}},{"userUuid":"2ab3e4b6-0e91-4a8d-8ba8-fc2f1d7fee73","userLoc":{"longitude":87.50990217955496,"latitude":71.63027462758717}},{"userUuid":"77e89bf4-b0b3-4bd0-b78a-fddfef03c0a8","userLoc":{"longitude":43.99492079703961,"latitude":0.9059092892528753}},{"userUuid":"dca04361-7492-4cd8-8d57-5cfdbf14588d","userLoc":{"longitude":39.532945363809716,"latitude":83.73541102325458}},{"userUuid":"24291ba6-7573-49c0-b9cc-e854f9894839","userLoc":{"longitude":3.6386884231813497,"latitude":-24.803144728897912}},{"userUuid":"032307c5-8b22-41b4-892c-0e4e9116b2bf","userLoc":{"longitude":2.929166243916569,"latitude":8.684343403141995}},{"userUuid":"3f5f462e-776b-4385-ad84-d06c1a840bf8","userLoc":{"longitude":36.27278545169105,"latitude":69.22206241770084}},{"userUuid":"71289f86-3894-4eac-a1aa-ecdb7f260979","userLoc":{"longitude":-90.14236937105431,"latitude":80.96222521018532}},{"userUuid":"34e6a7cc-751a-4fc6-927e-60d753b727f7","userLoc":{"longitude":-39.484023687431176,"latitude":-72.69586358576858}},{"userUuid":"7d5a1fbd-158a-459c-9f03-2cda389e6399","userLoc":{"longitude":-51.53200685191419,"latitude":-70.51610599600359}},{"userUuid":"b632c4cd-c044-4eb9-8fd3-0745cd145c5c","userLoc":{"longitude":-95.06963274616649,"latitude":-42.55130062180849}},{"userUuid":"de49e30a-3ca1-4d4e-9fb7-6412240ede97","userLoc":{"longitude":43.103805100589796,"latitude":-41.35902539475344}},{"userUuid":"4e233940-5c2a-4dc9-b2c4-238983b12926","userLoc":{"longitude":-46.43035256698815,"latitude":-21.23273527208744}},{"userUuid":"8b06b8e5-4ed0-4953-bf0f-73abad5bf712","userLoc":{"longitude":-119.83086184768467,"latitude":21.13511318719752}},{"userUuid":"98ccea52-3d8e-4b18-8a86-de163c7136a2","userLoc":{"longitude":131.9846908398015,"latitude":6.162063353807412}},{"userUuid":"22e7ce57-bfa4-4a7e-84f4-435244bca392","userLoc":{"longitude":36.81478209459047,"latitude":12.5708803721175}},{"userUuid":"a90af810-b612-484b-a972-5f6d4d278f3f","userLoc":{"longitude":159.96430146718183,"latitude":68.85693608790925}},{"userUuid":"96a89c05-0080-4936-8d95-f3d797befb02","userLoc":{"longitude":171.80658178126754,"latitude":-76.4550382715393}},{"userUuid":"fc76630c-8314-42d4-bbff-58234c270d4c","userLoc":{"longitude":35.46327926329377,"latitude":-65.55152859859803}},{"userUuid":"16a935de-abe0-4336-8ae9-e0e392fba003","userLoc":{"longitude":-176.08318539534727,"latitude":-65.16945563247336}},{"userUuid":"974d0f74-8545-435d-8e83-2de3e8594da9","userLoc":{"longitude":147.43832599671447,"latitude":-20.41497535337372}},{"userUuid":"d8c7b5c1-486b-4b98-9538-0a599e97e494","userLoc":{"longitude":-11.204982973126022,"latitude":-27.635843822552836}},{"userUuid":"25672260-f6b2-490e-9f59-c7904a90f921","userLoc":{"longitude":-76.60370380415608,"latitude":-77.95584577501553}},{"userUuid":"c2c86b0c-fd19-4952-9c2e-b34677c03a3f","userLoc":{"longitude":172.25364077841704,"latitude":-44.906616699409724}},{"userUuid":"ae64f2f2-8d7f-483f-9944-fc3de681d9c4","userLoc":{"longitude":172.9624279318836,"latitude":47.433027682822654}},{"userUuid":"f1470a66-e3c1-418d-af5a-68b92e3ea38d","userLoc":{"longitude":-100.10411303320336,"latitude":40.50978661002094}},{"userUuid":"e5b4ecfa-4ca6-4781-b870-79e73947b6d0","userLoc":{"longitude":17.18692994268733,"latitude":63.440996143718195}},{"userUuid":"b4c8a3f7-7d85-4f76-a7e3-f755edc71137","userLoc":{"longitude":-144.61847117564758,"latitude":-11.002540457158915}},{"userUuid":"c5a46ccc-9de9-4cc3-bae0-dea6243a17f1","userLoc":{"longitude":-138.93456392304108,"latitude":11.959975347240885}},{"userUuid":"6c96304b-2348-4e23-b0a9-5453fe5d62b7","userLoc":{"longitude":-114.5952353926103,"latitude":69.05617005590122}},{"userUuid":"8ace37a9-4acd-4aac-bcae-dd7897f341d6","userLoc":{"longitude":-19.9418916228297,"latitude":-21.942423202594888}},{"userUuid":"16b3e14d-23fe-47f0-a9a9-d6e7fcb1733f","userLoc":{"longitude":-6.859718208063839,"latitude":-12.640805314863186}},{"userUuid":"cfc9937c-23a4-4e8b-9825-77a8b6c03b51","userLoc":{"longitude":68.95566464841781,"latitude":-3.0101494872355232}},{"userUuid":"13de9f03-9000-4c8c-8fb5-0eb9b158f28c","userLoc":{"longitude":76.24514026916484,"latitude":11.189153415409336}},{"userUuid":"5bbbade8-4142-43bb-8794-6e840d631578","userLoc":{"longitude":76.57859767751125,"latitude":-1.130327620642717}},{"userUuid":"dddc9899-fc18-4444-bda2-19cbd479b517","userLoc":{"longitude":60.77452286319851,"latitude":-12.327192070859354}},{"userUuid":"3bf4477e-6113-4ce5-949b-4125c38248a9","userLoc":{"longitude":-35.843135730949854,"latitude":0.7487297496691241}},{"userUuid":"b46e4aad-2b63-49e5-81e6-dbac5727cc46","userLoc":{"longitude":39.4309845058753,"latitude":21.101449881835222}},{"userUuid":"5197ebc2-62bb-460c-ae52-708c0d40571c","userLoc":{"longitude":56.318782339402986,"latitude":66.15054971477878}},{"userUuid":"d3ab1251-3b59-4945-bc86-a6bc1e9cd0c6","userLoc":{"longitude":72.22246392101528,"latitude":-4.797626458903906}},{"userUuid":"dd0448a7-ba59-4c5b-a33d-c77e3995954b","userLoc":{"longitude":-162.58439028152958,"latitude":-0.08237702506258415}},{"userUuid":"4de3f30b-320d-4442-a64c-bac862e9fc68","userLoc":{"longitude":-17.97972500754912,"latitude":-81.47364556353062}},{"userUuid":"34b72b70-de40-4e85-8e5c-64bb44d57f4b","userLoc":{"longitude":-11.199528002201617,"latitude":-0.8380770731437082}},{"userUuid":"3f47b63c-2c7d-418d-aea2-cde8eabcc494","userLoc":{"longitude":-16.312230358292197,"latitude":-61.809336567419734}},{"userUuid":"14e03d43-df35-4f47-bfbe-82de46128aa4","userLoc":{"longitude":108.69423116744309,"latitude":50.134820521811946}},{"userUuid":"0363e1b7-a043-4073-a312-11a3659edff7","userLoc":{"longitude":113.00534909920322,"latitude":-23.490489884790314}},{"userUuid":"41e47811-7baf-4278-9b14-edbce909100b","userLoc":{"longitude":-107.65393888007894,"latitude":-69.44010823186616}},{"userUuid":"edabc549-3777-479e-9423-6f923a4cc7de","userLoc":{"longitude":77.15404939792404,"latitude":-68.50706712996268}},{"userUuid":"61723f88-17b1-4ddc-8ba6-e47e11bc393d","userLoc":{"longitude":-147.3575525298642,"latitude":76.19189722574376}},{"userUuid":"42708519-8bfe-4774-a0cb-f68c69e61daf","userLoc":{"longitude":10.499221953424524,"latitude":-9.618621278628567}},{"userUuid":"c9f34086-fe7a-4bb8-a5fd-8582fffe0b6a","userLoc":{"longitude":-124.14859554037002,"latitude":26.39202467572791}},{"userUuid":"89e5216b-51fd-4ed5-9d1d-ce6e4d38db00","userLoc":{"longitude":21.993005546364685,"latitude":-70.34594170131723}},{"userUuid":"a8fd15ec-1fe0-482a-8544-3226e8f901dd","userLoc":{"longitude":-35.792981893818165,"latitude":-49.37694338715284}},{"userUuid":"fcc4d2ef-3ac1-4a79-aeae-0dca31c6f0ef","userLoc":{"longitude":-120.30230681117382,"latitude":2.1021358601837647}},{"userUuid":"735aff8b-42dd-497f-83f7-8667386c95e1","userLoc":{"longitude":-110.80486665374525,"latitude":-45.87309563438212}},{"userUuid":"dfed754f-b1fa-4667-b78a-42a43eb7d459","userLoc":{"longitude":-20.852027672228985,"latitude":82.94983367154157}},{"userUuid":"100703ec-83ad-4142-b7d4-81e94d7b3e81","userLoc":{"longitude":122.91177867958021,"latitude":83.92473028815593}},{"userUuid":"19565a67-419a-4c40-9218-d6a499133196","userLoc":{"longitude":75.22393222055462,"latitude":35.46153343368975}},{"userUuid":"7ccbfd87-c20e-4d79-8d7e-3e682953a2cf","userLoc":{"longitude":94.00681203605421,"latitude":77.5840642617496}},{"userUuid":"bf71ad0e-fa71-4544-93a2-7449a7d4bcec","userLoc":{"longitude":44.31495105447712,"latitude":-67.24137816410787}},{"userUuid":"4e56d017-153c-4c0e-b3a0-3b88dc46e3c2","userLoc":{"longitude":-6.30576232296238,"latitude":11.111042652085743}},{"userUuid":"d0b9743b-71de-4966-a499-863848ecfd00","userLoc":{"longitude":-25.270863234860514,"latitude":18.248108391092487}},{"userUuid":"fe2ce31a-237c-4eb2-8949-ea066f99ade5","userLoc":{"longitude":-97.0543467369125,"latitude":-44.988367504746606}},{"userUuid":"4a8343bd-ca76-43f9-b682-7423f9bf47d5","userLoc":{"longitude":-96.38606862199188,"latitude":-82.88705278435407}},{"userUuid":"4795ba4d-91c4-4305-aa05-1009b6e01dd9","userLoc":{"longitude":-116.58095117984368,"latitude":-19.820815464096995}},{"userUuid":"a32d40ad-8449-459f-a754-a2cd9f930f1f","userLoc":{"longitude":-43.62277743581424,"latitude":-57.184790731159424}},{"userUuid":"36184770-23c1-4aef-b3a9-9533f2c13480","userLoc":{"longitude":-128.28039859381013,"latitude":18.77811478966231}},{"userUuid":"97e88476-4ad2-4cd3-a37d-b9e823bd0b6f","userLoc":{"longitude":54.668696699426306,"latitude":21.203247112441517}},{"userUuid":"fcbcb3e4-e02e-47cb-843d-ae09039b8860","userLoc":{"longitude":132.78624704430382,"latitude":70.82701478356975}},{"userUuid":"0330f111-a0b7-474d-ac5e-b50d8a9655ed","userLoc":{"longitude":-158.3092799847231,"latitude":83.40621345014483}},{"userUuid":"d7484fbe-2310-4cc6-bd97-b2a277f45d9e","userLoc":{"longitude":127.86074235173777,"latitude":44.203643793007075}},{"userUuid":"7c300dc5-0211-4c0d-90fe-d6f09a475333","userLoc":{"longitude":-10.769046310693938,"latitude":11.755953530714336}},{"userUuid":"f84ea4e1-d11d-4ef6-88c3-e55e09dae006","userLoc":{"longitude":-105.59766107542443,"latitude":-13.230508981220467}},{"userUuid":"6b869b29-8236-4cea-8633-391ae92d7868","userLoc":{"longitude":18.488930177646807,"latitude":8.649559693997531}},{"userUuid":"abbfa286-9d70-41c1-83ba-a5584463b8cc","userLoc":{"longitude":60.30699355479942,"latitude":32.24059336953708}},{"userUuid":"984e45c5-fdde-4e78-9140-e384e79035f1","userLoc":{"longitude":-103.70348886874353,"latitude":-43.23350896217155}},{"userUuid":"b7bf2503-41b2-44d1-884b-a4b186d7f969","userLoc":{"longitude":-40.346112992555845,"latitude":28.910948389248517}},{"userUuid":"058df72e-a0fc-4104-85f6-2f3764795426","userLoc":{"longitude":-10.073762909988233,"latitude":29.090672525849953}},{"userUuid":"e83d3ca3-236f-4f1c-b527-f79e29b152e6","userLoc":{"longitude":3.524799412945981,"latitude":41.697114625311556}},{"userUuid":"5e5ae2f5-bd5c-4ee4-bfa3-b322bb93f32b","userLoc":{"longitude":-64.0003064050242,"latitude":-76.15829461393525}},{"userUuid":"e53a668f-1067-4872-82e3-a1c0d96c1731","userLoc":{"longitude":-168.03364480989762,"latitude":-16.37161048386973}},{"userUuid":"f1027f70-b33d-49e0-b968-221b4ee0b1ac","userLoc":{"longitude":161.4082004641466,"latitude":-40.54280006021137}},{"userUuid":"73b93822-b8f2-4594-91bf-42e2cb89fc5a","userLoc":{"longitude":-135.3439682068294,"latitude":-12.884961883905447}},{"userUuid":"f3e0f72c-ce23-42c6-9ed3-15e22e2ed827","userLoc":{"longitude":18.636346047122913,"latitude":-42.32851373699019}},{"userUuid":"afc30e16-ee5a-4862-9aa7-697c5758f401","userLoc":{"longitude":112.239851270994,"latitude":-57.82884570469547}},{"userUuid":"2caf2654-677a-49ef-a873-4ad1414d1e3f","userLoc":{"longitude":-80.71134268402506,"latitude":15.27650093928392}},{"userUuid":"c47999dd-758d-4b54-af4f-953c28a27cdb","userLoc":{"longitude":166.55101360726917,"latitude":70.13348177942868}},{"userUuid":"17b1b7c1-1b1a-4d36-992f-85fdd720337b","userLoc":{"longitude":-99.36290360545856,"latitude":43.45146770370755}},{"userUuid":"017063e3-db08-4810-a761-5445f77d5d3e","userLoc":{"longitude":-31.002174513869733,"latitude":-61.99476263545888}},{"userUuid":"5774316f-f981-476d-ad54-1cc0433473a0","userLoc":{"longitude":48.12214925563359,"latitude":64.25744609185227}},{"userUuid":"461635c6-f897-4ba3-a6fa-8bcd9d637968","userLoc":{"longitude":-42.27873148899974,"latitude":8.999363808720076}},{"userUuid":"1997ccd6-858d-40d6-a832-761100bcdd8e","userLoc":{"longitude":-106.36070397611726,"latitude":14.337626884034876}},{"userUuid":"a76d1e42-f08c-4fc3-83c0-ae8db9b6f5cc","userLoc":{"longitude":-179.20180248305053,"latitude":-6.373412047516467}},{"userUuid":"e0b25122-0c65-48f7-8d0e-7be88c4993d6","userLoc":{"longitude":38.673737951275996,"latitude":51.97464430363837}},{"userUuid":"97ff598a-27df-48b0-a54f-b74d69aea303","userLoc":{"longitude":-78.24707111647389,"latitude":9.775749767096457}},{"userUuid":"7d1fa1ec-645e-4ca5-a7bc-2cae3d58bbd4","userLoc":{"longitude":88.69002588016292,"latitude":74.71987274607329}},{"userUuid":"a4eb1f54-deb0-47a2-bb46-775ea2ee6eaa","userLoc":{"longitude":-79.33269847379985,"latitude":-44.83198164435365}},{"userUuid":"b8d41a34-5a36-4089-8ed1-c5fea448d8a2","userLoc":{"longitude":3.550018387226345,"latitude":-50.649617715431035}},{"userUuid":"a1a58248-d658-49e6-865b-7515c4f973f7","userLoc":{"longitude":-130.96067870773837,"latitude":22.754121829833394}},{"userUuid":"59753ceb-7d1b-413d-805a-e414a58290c6","userLoc":{"longitude":92.3938712188289,"latitude":-81.95606621459274}},{"userUuid":"6d430e20-f5ea-4a5f-a7f4-73d3f9058070","userLoc":{"longitude":-47.77956458311277,"latitude":-8.806409254441277}},{"userUuid":"9b633b83-9177-481b-b3be-df13d8783b1a","userLoc":{"longitude":-55.212501445257274,"latitude":17.35076108170135}},{"userUuid":"e633ecfa-6fb7-43e5-8fc0-226ed24c9192","userLoc":{"longitude":23.197813909869666,"latitude":83.03342880661029}},{"userUuid":"bc2a98e3-d1f3-4f17-a0ff-4d0efb8b4d2f","userLoc":{"longitude":39.412236688571824,"latitude":-26.767670403951527}},{"userUuid":"25a80ca2-02a8-4dc0-b43f-0fa7c0806aa7","userLoc":{"longitude":-93.680606565796,"latitude":32.9644056203702}},{"userUuid":"d4e858bd-28ed-4887-ae03-8d3d761929dd","userLoc":{"longitude":-5.167913197515361,"latitude":42.934421699791784}},{"userUuid":"77c4932d-7a10-44e1-ae1b-6b252cdf0400","userLoc":{"longitude":76.82454684979405,"latitude":-2.043210303764411}},{"userUuid":"7e28ad11-3a5c-483e-af3b-7e6f91f16e93","userLoc":{"longitude":-135.61778576127193,"latitude":-48.68077971567694}},{"userUuid":"eb53c9b9-a290-4f60-97a8-b0ebc37143ff","userLoc":{"longitude":133.45799818939832,"latitude":83.48601388716574}},{"userUuid":"63722222-68f0-4f5c-a99d-bc214c44afc2","userLoc":{"longitude":-76.08522047022124,"latitude":-61.82936011492622}},{"userUuid":"8989c17c-ad02-4caf-8c35-0416471e5693","userLoc":{"longitude":173.01791813267374,"latitude":-49.16609462939463}},{"userUuid":"a1d664d4-3d24-4bd2-b9e0-010d003a6e49","userLoc":{"longitude":104.87059873734228,"latitude":-70.0641241464951}},{"userUuid":"764d1878-ef15-49a3-9317-3d7ca322f292","userLoc":{"longitude":-143.18653349590105,"latitude":15.331791666832999}},{"userUuid":"2fe01da0-8bac-4125-a633-7602fd399c5a","userLoc":{"longitude":-17.285974481986585,"latitude":53.56145798398538}},{"userUuid":"b5a849c7-c080-4a6d-9a2d-7526307f782b","userLoc":{"longitude":129.13541774135194,"latitude":-39.14291064309813}},{"userUuid":"e4092b74-374a-48fb-b7a4-8fc16dabaef1","userLoc":{"longitude":-37.50155421307707,"latitude":-77.8067609315439}},{"userUuid":"97326966-0ed5-4bd0-8f51-a074e169c3b7","userLoc":{"longitude":159.0976401578435,"latitude":-80.90615585076081}},{"userUuid":"40fd0e28-ca97-4f7c-b8b5-13379dc270ed","userLoc":{"longitude":99.98968881923906,"latitude":-9.167530390753072}},{"userUuid":"a154fd86-3fb3-483b-ad48-39eea707c885","userLoc":{"longitude":146.7943859091913,"latitude":66.58800671970067}},{"userUuid":"5fad3a4e-29b7-48bf-8770-7910673289a9","userLoc":{"longitude":-7.758459039992431,"latitude":63.46448931420301}},{"userUuid":"ddca7c5a-9c0d-403e-8165-c9b321b7cd5c","userLoc":{"longitude":-59.68466667134405,"latitude":-47.43883141850767}},{"userUuid":"1c2ada62-7b09-499d-8376-372ee817b2bd","userLoc":{"longitude":147.04272850839124,"latitude":83.954105675784}},{"userUuid":"a8c878d9-e29b-42a4-b6f5-628848f76ae5","userLoc":{"longitude":153.13027334624508,"latitude":68.56876088204217}},{"userUuid":"407b3d92-31d9-413f-b91e-acd4ab1662d0","userLoc":{"longitude":-32.678204307997646,"latitude":-48.29027029818238}},{"userUuid":"604abac2-0018-4980-a59b-1d8472c7ffb1","userLoc":{"longitude":46.63258593681482,"latitude":-39.33431598193521}},{"userUuid":"9545bd2b-d845-4a71-96af-a2f1c5aad40c","userLoc":{"longitude":126.96494610791831,"latitude":-23.529872040410936}},{"userUuid":"f3c682f3-0af2-4857-b033-b9b7b22224b9","userLoc":{"longitude":144.3101355944978,"latitude":26.473822831932125}},{"userUuid":"a095df24-f2e2-4317-8a9b-5c5ffab303a7","userLoc":{"longitude":-162.60190073685396,"latitude":-16.363166187109684}},{"userUuid":"40e12736-5269-405c-966f-3ec84806395a","userLoc":{"longitude":-149.26834367441336,"latitude":76.48443907976562}},{"userUuid":"fe2dae7b-3078-49fd-95f0-24c00ae3c6fd","userLoc":{"longitude":-150.93277844269872,"latitude":-33.334550684706805}},{"userUuid":"e9cc65a6-3a6a-48bf-8cf5-1ac6f341c9d7","userLoc":{"longitude":25.642166499471358,"latitude":53.57536695239824}},{"userUuid":"67759f0f-3bf4-46fa-8466-246e5dfe6c75","userLoc":{"longitude":-115.84154308881554,"latitude":-65.78884782920288}},{"userUuid":"a1796b7e-9480-4206-bac5-30036bf46ec9","userLoc":{"longitude":-96.95906244179815,"latitude":71.69771887991041}},{"userUuid":"2444f931-c326-4414-8ed7-47f48b0b234b","userLoc":{"longitude":-120.57445667613676,"latitude":-19.848105053371313}},{"userUuid":"4d482965-bf61-4e06-8bb1-13f438e0fe84","userLoc":{"longitude":-95.53318379776948,"latitude":48.91671594679599}},{"userUuid":"9262a4fc-3045-4c92-a407-67d3eeaddad5","userLoc":{"longitude":37.312119056288736,"latitude":-60.37951319463714}},{"userUuid":"f02f2cb1-8b86-4be7-b475-c4506529021d","userLoc":{"longitude":33.0642967855031,"latitude":62.522797341449575}},{"userUuid":"7a344643-5c94-41ec-aea4-99d5303ef99d","userLoc":{"longitude":40.023201956781264,"latitude":49.88153263719357}},{"userUuid":"764e9ff2-d0c4-43d5-8de8-c562d114b074","userLoc":{"longitude":28.67683474361533,"latitude":-47.76722059732383}},{"userUuid":"22a7fb69-30cb-4469-9fb4-10531a0a0e80","userLoc":{"longitude":96.05600781261029,"latitude":-47.37672105685076}},{"userUuid":"8c4435b3-6e8b-4895-9390-06dac237cd7f","userLoc":{"longitude":167.62050893134875,"latitude":-62.186150666896076}},{"userUuid":"3eb50afe-0644-4eca-86b4-27cc64836da0","userLoc":{"longitude":-160.77733588890163,"latitude":36.06994526696272}},{"userUuid":"1a92c9b4-77a2-4b77-a51d-e2301e972557","userLoc":{"longitude":-15.861096686849123,"latitude":-26.73176406027998}},{"userUuid":"f558fe91-3bc6-4d30-a2f0-138b85a1e869","userLoc":{"longitude":-131.17177496561038,"latitude":-33.30141942935888}},{"userUuid":"2781fc3c-86b5-4dec-a317-bbb3961cd856","userLoc":{"longitude":117.53045124838371,"latitude":-2.774499534214698}},{"userUuid":"e31418dc-5938-4b01-83f2-4095a26d12bb","userLoc":{"longitude":-158.30072613725542,"latitude":-61.7997459829969}},{"userUuid":"cf91f8d0-c2ab-4551-a592-63c1a29d8663","userLoc":{"longitude":-152.11200784637694,"latitude":17.76574225681925}},{"userUuid":"ca92f66c-4c94-49b1-94d2-a8b2660c8501","userLoc":{"longitude":64.71822696278136,"latitude":65.04999388076243}},{"userUuid":"d9c76d02-f6c4-4063-93d1-10100c56e399","userLoc":{"longitude":-78.27829481693013,"latitude":-71.81778425701691}},{"userUuid":"87e23325-0cb1-4111-81bc-37fb68c098b2","userLoc":{"longitude":-113.23447644656166,"latitude":-4.824640010756468}},{"userUuid":"3e4831ec-d52d-48eb-b76c-054b8a337fc9","userLoc":{"longitude":-142.19919065375862,"latitude":69.29372693365875}},{"userUuid":"77ee7448-f1f9-4d42-a703-f13c06c4a909","userLoc":{"longitude":-39.52437319406462,"latitude":3.2319480766809363}},{"userUuid":"bb83cc23-d343-4b9b-adc2-94e257beec03","userLoc":{"longitude":-40.341607202065006,"latitude":-56.00556350390086}},{"userUuid":"07377f7b-cc04-497a-acc5-76fb4d0fcad1","userLoc":{"longitude":-88.87225409134848,"latitude":-3.889953933477443}},{"userUuid":"291051c8-ba6d-4a67-87c3-8f5034da791a","userLoc":{"longitude":-126.09873404614575,"latitude":-69.00072713100383}},{"userUuid":"876ca056-bdd5-4d2a-8acf-47d985a848af","userLoc":{"longitude":-45.09382027771372,"latitude":-53.84213357991854}},{"userUuid":"c0c67eed-1b76-4070-85f0-d184617401f3","userLoc":{"longitude":51.805545842922726,"latitude":-11.044224718171279}},{"userUuid":"71fe9615-2bac-47a3-b729-606118fe3583","userLoc":{"longitude":-68.78947860431363,"latitude":-61.08534444247267}},{"userUuid":"1bc8a26e-bd78-4b2f-8357-55ee4605bb14","userLoc":{"longitude":20.30170964936437,"latitude":65.60001682456584}},{"userUuid":"c693b7bc-8b77-4eef-a6e4-2079ec40545d","userLoc":{"longitude":134.52266696736774,"latitude":-26.409271035232706}},{"userUuid":"0556b9e5-35d7-4e66-b903-f15546f63556","userLoc":{"longitude":168.6542104180799,"latitude":31.915005047309663}},{"userUuid":"e7a58d56-7163-496a-ba9e-40685b66c8ce","userLoc":{"longitude":-148.4728143533763,"latitude":81.58774678629564}},{"userUuid":"87b6623b-aa29-4435-b2b6-1f6813840339","userLoc":{"longitude":3.981326962673876,"latitude":35.03844666912171}},{"userUuid":"ab9cc711-05d5-4073-96d8-110f581f9db0","userLoc":{"longitude":130.02742605450533,"latitude":-37.568274315755545}},{"userUuid":"92e1cf4a-64f8-4c90-b06a-949b4dab6f14","userLoc":{"longitude":-61.11932153502461,"latitude":-78.17870512771944}},{"userUuid":"c7fcafa9-cfd5-47e1-ac0d-9983e52db9d4","userLoc":{"longitude":144.12796419755608,"latitude":66.76004616947219}},{"userUuid":"20be1303-1aab-45e9-8123-11dbbe540789","userLoc":{"longitude":-120.99750470427006,"latitude":26.423026733683486}},{"userUuid":"30cb9fe0-b8bf-4b6b-9b45-0494db2a9fae","userLoc":{"longitude":-146.31532160015868,"latitude":-58.23454430707895}},{"userUuid":"73fbc326-9a84-4472-bc6a-31726773fef8","userLoc":{"longitude":157.29741210451488,"latitude":10.723644798338015}},{"userUuid":"3524e4cd-0004-4322-9916-b4499c5c11d3","userLoc":{"longitude":118.63795773719471,"latitude":-40.13513150100478}},{"userUuid":"75070bcd-6751-4410-a10f-6d5a2b68bc19","userLoc":{"longitude":42.25606530621849,"latitude":47.237528951384036}},{"userUuid":"2db6b628-9623-4e99-8439-feadc357b34e","userLoc":{"longitude":-116.65869462599738,"latitude":-51.657463310175025}},{"userUuid":"69ab5a2a-1cc5-4318-af87-2cb669419d52","userLoc":{"longitude":173.03054844052895,"latitude":-48.54681276184959}},{"userUuid":"0d091cbb-60c3-407c-85e5-b767f8e3e59b","userLoc":{"longitude":-37.53976294119107,"latitude":52.27118175669301}},{"userUuid":"0b313e04-a780-4e75-9069-53b627d2b6f0","userLoc":{"longitude":47.1042402361183,"latitude":80.30378145656582}},{"userUuid":"660fef86-02d0-4a09-a939-6a3b56887928","userLoc":{"longitude":-100.485513379663,"latitude":-7.773887399474617}},{"userUuid":"d15fb989-cac7-4408-bec8-fd8c90ca4b96","userLoc":{"longitude":-138.53142763204548,"latitude":19.772851359772375}},{"userUuid":"11d2fbf2-e460-446b-9fbd-94f49d5b88d8","userLoc":{"longitude":52.91936191724906,"latitude":-4.618894522422977}},{"userUuid":"8a8b4880-46aa-405d-a125-1bfcced74774","userLoc":{"longitude":-64.99787075276065,"latitude":40.199546291280114}},{"userUuid":"da1a7ada-e5c7-4327-af0c-a87eb4548981","userLoc":{"longitude":144.77979031850236,"latitude":-51.396764491543316}},{"userUuid":"5872c1fb-bf1a-41c0-aea4-327fad1eb7fd","userLoc":{"longitude":144.20224649011772,"latitude":-32.071339412372964}},{"userUuid":"68fca922-9fe3-4043-a73d-a987ca1241b9","userLoc":{"longitude":-79.27418757405157,"latitude":5.334030176176157}},{"userUuid":"5630b400-6c1d-4639-8ccb-c355f414f383","userLoc":{"longitude":92.59588092951509,"latitude":-11.565408603462132}},{"userUuid":"df2873f3-2aaf-4c18-87dd-df28c39809bc","userLoc":{"longitude":150.42708640953242,"latitude":37.501890166004216}},{"userUuid":"f3499812-e7cb-4c0b-9268-952cabccf4c6","userLoc":{"longitude":-101.51450931928751,"latitude":-0.5608484037875741}},{"userUuid":"f2bb78dc-5e55-4115-8c90-1a87c61f7831","userLoc":{"longitude":93.65457269702011,"latitude":47.859462528728386}},{"userUuid":"4ab744c9-4a66-4fdb-95e0-99569eafef93","userLoc":{"longitude":-75.14257709840932,"latitude":-71.14624612321226}},{"userUuid":"7d5ba95a-cdbe-4381-b4f9-228b04f0a630","userLoc":{"longitude":21.10915019414469,"latitude":-7.705650810838236}},{"userUuid":"7872dcee-b0e2-40e4-bd73-5c942e1a1e6a","userLoc":{"longitude":-43.52487466434525,"latitude":33.45404380448238}},{"userUuid":"783c045c-d559-42c0-aec3-06cbc9633011","userLoc":{"longitude":41.941057057554474,"latitude":2.782456345783146}},{"userUuid":"7fa406cf-2a9c-402d-a9d9-d1934f611e57","userLoc":{"longitude":-165.19503373363023,"latitude":1.8809752331640794}},{"userUuid":"26d83dce-0aa3-4c56-ac9e-5cf43f9de050","userLoc":{"longitude":39.884573173465384,"latitude":-19.6752177105693}},{"userUuid":"03bc27d4-f198-4646-9ec3-d316fdb46e76","userLoc":{"longitude":-172.95172482006242,"latitude":41.791783656801556}},{"userUuid":"93a04ac7-5d2d-44a7-9984-1a322aae1839","userLoc":{"longitude":154.4074399807772,"latitude":69.17271725120543}},{"userUuid":"4337c756-4ce2-4170-8f11-87c2fdcb9c8b","userLoc":{"longitude":25.73320041053745,"latitude":-4.074291411260646}},{"userUuid":"650b22fa-aa6f-43ac-b383-194edea57b73","userLoc":{"longitude":80.06592606461953,"latitude":9.099391707462786}},{"userUuid":"acd54464-dc1f-4377-80f1-dd5e55f4a0b5","userLoc":{"longitude":-31.71097190604044,"latitude":4.6127538324286235}},{"userUuid":"a74b6782-e4ee-4dfb-b425-597c04e643a5","userLoc":{"longitude":-2.5328835146902975,"latitude":-46.6156133672735}},{"userUuid":"04022b95-5b0a-4ab4-93fa-22f6179e06a7","userLoc":{"longitude":140.94981802488178,"latitude":-56.58729644580981}},{"userUuid":"77edf0ee-15c5-4bd6-8091-8d34394252ea","userLoc":{"longitude":-19.417148063561967,"latitude":2.928707946272297}},{"userUuid":"f2f7ae25-ebac-4f70-9984-b144bb8125cf","userLoc":{"longitude":14.660816253032806,"latitude":-8.351453338465916}},{"userUuid":"f1d8fc4b-436a-436c-b5e1-fcb8141b6503","userLoc":{"longitude":158.12549635756602,"latitude":-43.0706582449751}},{"userUuid":"e23aae11-38e6-49e6-a640-3639c8f85a04","userLoc":{"longitude":106.01689802762007,"latitude":-19.44020209951165}},{"userUuid":"73ad498e-b8c6-4071-acf4-32b9b30d396e","userLoc":{"longitude":69.31189269198194,"latitude":62.412427954750626}},{"userUuid":"e94e6923-5043-4253-94b3-30ca26489c03","userLoc":{"longitude":-149.50521483111433,"latitude":36.27393291739638}},{"userUuid":"a8fb4afd-4121-4484-8621-41f4ed3d7d45","userLoc":{"longitude":38.59006600247406,"latitude":-57.95649507680653}},{"userUuid":"dce063c9-85c7-4401-b87e-8cf121737d9a","userLoc":{"longitude":47.19395926910741,"latitude":-45.93021704167959}},{"userUuid":"3d908893-b9df-4743-93d2-7d159992b1e6","userLoc":{"longitude":-114.40551589554585,"latitude":60.926256314758405}},{"userUuid":"9ffe8977-4d4c-4faf-aa03-6f7e419b177f","userLoc":{"longitude":-10.961931506497365,"latitude":35.59280730219629}},{"userUuid":"539a9d6f-21b0-460b-9b9f-00ea1816de45","userLoc":{"longitude":-22.030073799509694,"latitude":-70.59922523969433}},{"userUuid":"55615d3f-abb1-419f-b6b4-965daba7580a","userLoc":{"longitude":76.25369052869871,"latitude":23.097641819004167}},{"userUuid":"8d938d7e-30cd-43e7-936b-0bf30b46b67b","userLoc":{"longitude":40.45005927702775,"latitude":-74.67923471939662}},{"userUuid":"5882b67e-0ef6-40f6-b33f-078572b9b67b","userLoc":{"longitude":-110.30366535235252,"latitude":-67.33416888101169}},{"userUuid":"8d93608c-a5cc-4cec-9ca1-c7bbeffadd30","userLoc":{"longitude":13.286677403907362,"latitude":10.37456273817611}},{"userUuid":"0691c9a3-c020-47dc-a795-64385879d7f6","userLoc":{"longitude":-21.13098828984178,"latitude":-39.92261008833084}},{"userUuid":"846dc219-c474-4863-8ddb-cf5f621aac28","userLoc":{"longitude":161.664701073681,"latitude":23.203981221232922}},{"userUuid":"e51b313a-949b-4adb-92ac-ec8cf73bbaca","userLoc":{"longitude":15.118893435555975,"latitude":-78.34425844317975}},{"userUuid":"204569a0-cac2-4058-84b7-bd38d4688e8e","userLoc":{"longitude":69.92788374887539,"latitude":55.56214556322928}},{"userUuid":"66c8807b-bd32-4f14-a459-5c230f5c395e","userLoc":{"longitude":120.9079090959126,"latitude":23.15781302010842}},{"userUuid":"32859b2c-2b11-46b0-810b-02f0f254e375","userLoc":{"longitude":-44.84616303557024,"latitude":-33.53702857710303}},{"userUuid":"9ccc4f64-2bed-49f7-a1ea-0a93f3219997","userLoc":{"longitude":-54.849073577625006,"latitude":65.05454397841078}},{"userUuid":"c2d1fe0f-b261-43f7-ad9b-f2eac7bc835e","userLoc":{"longitude":-4.618550802461073,"latitude":31.527086996700575}},{"userUuid":"f635b27e-05ea-4d26-9758-837dd01b4dde","userLoc":{"longitude":-87.46065882573444,"latitude":-72.1896872537832}},{"userUuid":"0bc3051a-696b-4ff6-9a5e-c46b349fed5c","userLoc":{"longitude":43.79786544954047,"latitude":-38.218746462036506}},{"userUuid":"fe2ade10-2628-42de-b869-c820c7c69cc7","userLoc":{"longitude":111.30732507245227,"latitude":56.852784485863964}},{"userUuid":"5927211d-d12f-490a-a379-c1c8501ac52f","userLoc":{"longitude":-163.8967841539271,"latitude":-3.829276878938117}},{"userUuid":"797cb8df-d142-4026-ad05-53d4e004dd0d","userLoc":{"longitude":49.15762610242504,"latitude":-75.0301888547222}},{"userUuid":"cad7f991-e2e9-4bda-b88e-d67be6d92f63","userLoc":{"longitude":162.457808994029,"latitude":-82.14014210238433}},{"userUuid":"668d8b83-b6a0-4973-aaf5-813b0bfe57c4","userLoc":{"longitude":6.308716131528882,"latitude":-25.874334852890513}},{"userUuid":"e9d770b3-6eb3-4861-b31b-26d76b4383be","userLoc":{"longitude":-68.81213842752724,"latitude":71.41999218796886}},{"userUuid":"de211c9d-ad88-4f57-b16f-5cfd6bd53433","userLoc":{"longitude":108.41426974484358,"latitude":1.5064411368638275}},{"userUuid":"b1eac680-848a-4f82-baa1-c4257ce2f060","userLoc":{"longitude":41.30241416621115,"latitude":-21.77861739898487}},{"userUuid":"6f70e039-3484-45a5-b71d-2101b37fa1ef","userLoc":{"longitude":79.10634455255354,"latitude":11.793500395858075}},{"userUuid":"497039ed-a4e2-47f0-8ffb-31e8fceb2b11","userLoc":{"longitude":-76.3858686876316,"latitude":-47.95943253228952}},{"userUuid":"223a9049-a2e4-43ad-a4a1-ec0608091f93","userLoc":{"longitude":-150.4842532084486,"latitude":75.1984079999383}},{"userUuid":"5d0a3ebb-0483-4ed2-b70b-1fbebef52062","userLoc":{"longitude":92.86363711160243,"latitude":-47.1033359101588}},{"userUuid":"a98d5984-fe48-40e4-b7d1-b6891a836b28","userLoc":{"longitude":81.66821900411696,"latitude":-61.94325252640559}},{"userUuid":"37c6b077-4c1f-444b-9538-ed4ca286043c","userLoc":{"longitude":31.468850305748163,"latitude":-81.4178570158986}},{"userUuid":"8b1b4d58-f125-48c2-89a3-e3d429ad6bbf","userLoc":{"longitude":98.44296378550285,"latitude":-72.10694837458462}},{"userUuid":"135fe1d7-ebaf-4dd8-815c-041d896346f8","userLoc":{"longitude":42.131307931715185,"latitude":-9.532684451943481}},{"userUuid":"b6a1a32c-fee2-4d30-aebe-d0afa65d7061","userLoc":{"longitude":-46.0742730701551,"latitude":-63.72772915927794}},{"userUuid":"a3cb0d6f-34a1-4c5c-8ecd-369e421d2799","userLoc":{"longitude":137.4361953823563,"latitude":-17.274776635150488}},{"userUuid":"0d534aa1-96f9-41b0-90a4-51d448097868","userLoc":{"longitude":32.76316494112692,"latitude":-84.8323505734938}},{"userUuid":"828f5845-c374-4c25-8ada-dc82f929536d","userLoc":{"longitude":19.513990314479884,"latitude":29.930715699087244}},{"userUuid":"ca99ddfa-8930-4f12-8c8d-97dbda4e1696","userLoc":{"longitude":-167.81645677371,"latitude":51.61405855716126}},{"userUuid":"9c3c3466-6975-43d3-9e2b-1fc5f7aa692d","userLoc":{"longitude":-52.242715126032266,"latitude":-42.316121451640804}},{"userUuid":"f805f78c-6e14-4a28-9095-0006e7a27643","userLoc":{"longitude":30.205547161355753,"latitude":-73.27291555142111}},{"userUuid":"8f44c974-a89f-4d73-8c9e-768c35096539","userLoc":{"longitude":-37.51645978147272,"latitude":74.63180789589359}},{"userUuid":"fc56a092-12cd-4313-aedf-ac0b972afc1a","userLoc":{"longitude":-93.69747165496277,"latitude":66.6048398272116}},{"userUuid":"9323e063-87fe-4a14-bc44-9aca4627bb14","userLoc":{"longitude":59.154118975306204,"latitude":-13.760868090111458}},{"userUuid":"8bbcf4ec-aa63-4eb4-a453-e15df21f4d43","userLoc":{"longitude":47.474388365395015,"latitude":58.589890070997654}},{"userUuid":"7ee7b084-ddaa-48e1-b5f2-03afe762153f","userLoc":{"longitude":-18.805535279646705,"latitude":77.237934131978}},{"userUuid":"cd4eec42-abbf-4b3d-8f84-0235d639c3b9","userLoc":{"longitude":-68.8069204682744,"latitude":78.2557605428957}},{"userUuid":"3dfafd91-8835-4aff-8cdd-673a9e7829cb","userLoc":{"longitude":157.65717948415136,"latitude":41.03821226774214}},{"userUuid":"db7c5aab-270b-4e12-957d-e3e62136ac5b","userLoc":{"longitude":-139.17859773343008,"latitude":2.580608432122034}},{"userUuid":"c01fc62a-f23f-4ec0-b3de-7d5653f783f5","userLoc":{"longitude":-31.186347092428775,"latitude":9.508858685026354}},{"userUuid":"97e58697-c13f-4064-bd17-3e2406577a87","userLoc":{"longitude":-51.22121557269597,"latitude":-9.983863409155816}},{"userUuid":"b25beec1-a90e-4e5d-b82f-751ec24a12e7","userLoc":{"longitude":-38.189687483042434,"latitude":80.9404183146404}},{"userUuid":"7903f8bc-df0f-49b3-ac1e-0f583bb5be6e","userLoc":{"longitude":72.7351460455316,"latitude":-36.456925285287475}},{"userUuid":"6b4ea93c-7c0d-4776-807a-cc6095ae0a8b","userLoc":{"longitude":-76.38427960977238,"latitude":79.40075880980822}},{"userUuid":"8d229c03-d69f-4d49-9177-2dfd80b0b913","userLoc":{"longitude":35.97518634603816,"latitude":-6.886905900408095}},{"userUuid":"cd644b93-45b3-4e5e-85fd-11ba9cdd8bb7","userLoc":{"longitude":-168.86277657363982,"latitude":79.39722932422788}},{"userUuid":"4b7682fd-d74c-4aa5-b60a-fb1f06b93b28","userLoc":{"longitude":30.24791064174792,"latitude":-50.90268544859993}},{"userUuid":"84185db8-9602-401f-b001-f2d136143ae5","userLoc":{"longitude":-147.4212958321388,"latitude":41.69497572274423}},{"userUuid":"b233be2e-5486-4342-b9b3-ef458836c722","userLoc":{"longitude":0.23266877063187508,"latitude":-44.662494293206194}},{"userUuid":"ea8460f5-769b-43cd-9f82-3f056442dc6b","userLoc":{"longitude":-101.54012626518413,"latitude":-53.90885435348977}},{"userUuid":"f091d423-28d4-440c-98b7-48e4ed34234d","userLoc":{"longitude":25.771653861977796,"latitude":9.935080430416264}},{"userUuid":"f6034281-68d0-43b7-891c-b9b0ee534f1e","userLoc":{"longitude":-75.3292377716202,"latitude":31.015863327561533}},{"userUuid":"53447552-5b16-4fcb-a065-7072b9e79723","userLoc":{"longitude":116.24675791090607,"latitude":24.20151173673331}},{"userUuid":"64b02fa9-d1a2-4304-8e7f-332707543d06","userLoc":{"longitude":-47.121044643806385,"latitude":48.13256705686621}},{"userUuid":"a4915a41-2093-4166-aa83-248595654378","userLoc":{"longitude":-2.7968030744312102,"latitude":61.424301084186084}},{"userUuid":"ced8db10-4b3b-4f3d-aaf0-9042b7f440a3","userLoc":{"longitude":-169.75718667642724,"latitude":49.66162630743304}},{"userUuid":"ac8880f4-2ee7-43e1-974a-fe7935a0930d","userLoc":{"longitude":42.695552056735664,"latitude":-84.37658155990705}},{"userUuid":"3cdbf8da-a495-4e15-be43-56bdcc135a1c","userLoc":{"longitude":-86.78029704651324,"latitude":56.66553136763088}},{"userUuid":"513e92a8-2027-4f8b-b71a-72edb7530f33","userLoc":{"longitude":-78.9827742690476,"latitude":-20.63933080806784}},{"userUuid":"664fd8d7-9d59-4571-9c66-bcd288d5ff6e","userLoc":{"longitude":117.42360298730529,"latitude":-64.77616194298318}},{"userUuid":"d327db85-3b76-4d8c-b3ba-398fa2ec5470","userLoc":{"longitude":54.57074802965721,"latitude":-80.34814862506784}},{"userUuid":"11f0ec50-bd39-41e7-99a8-60e9b0274165","userLoc":{"longitude":158.12101722561198,"latitude":-37.68638046769625}},{"userUuid":"98be0d96-7c89-456d-a24f-49c895dd4361","userLoc":{"longitude":142.34519461152456,"latitude":83.67017437539448}},{"userUuid":"90b2e664-bfbf-4620-84bd-57043e074299","userLoc":{"longitude":167.89727559624697,"latitude":-9.452545917520297}},{"userUuid":"2bff8eb9-1b8f-49ea-a684-565627ab47bb","userLoc":{"longitude":128.4124818350454,"latitude":-2.067215896036828}},{"userUuid":"355416c3-4032-4a76-947c-63a48160a4a1","userLoc":{"longitude":101.90939864477843,"latitude":23.594362390474473}},{"userUuid":"4df99beb-7797-4310-8c59-ba7521953f86","userLoc":{"longitude":-45.02975868281493,"latitude":-29.302094097707766}},{"userUuid":"10f0f889-df49-402b-89cf-f28775cb2cac","userLoc":{"longitude":54.957984789558026,"latitude":45.224430755391694}},{"userUuid":"4f469149-d3b4-4907-b80b-9e6c23363d41","userLoc":{"longitude":-131.3233462285684,"latitude":-63.9302925405854}},{"userUuid":"0aecc056-4bed-4e5b-9d63-076fcfa9d6fe","userLoc":{"longitude":8.619418217815848,"latitude":-3.6569901146109913}},{"userUuid":"3e586483-1bc6-4bc2-8af6-9626ae058c09","userLoc":{"longitude":173.59281629235682,"latitude":-3.5059307691581836}},{"userUuid":"3c05195d-a18a-4647-a8cd-433081a866ba","userLoc":{"longitude":125.3264944580688,"latitude":-63.27134587585849}},{"userUuid":"16a32db5-b70a-4774-a27c-409d547424ab","userLoc":{"longitude":-143.49963764381087,"latitude":-57.23086276221032}},{"userUuid":"0cf9dc1a-19b5-4a22-91f5-f8654e6a092b","userLoc":{"longitude":-108.377150586688,"latitude":75.05688305953481}},{"userUuid":"f9be1a32-44f8-46d7-ab9f-0f8da4f4d3fa","userLoc":{"longitude":-174.13051807026417,"latitude":-14.401483109647486}},{"userUuid":"2c1ace33-a49e-406b-bc77-f86b7f7b175d","userLoc":{"longitude":89.35413079807478,"latitude":-5.805367537599452}},{"userUuid":"011ec713-92db-4e4d-88d8-dd6764487967","userLoc":{"longitude":116.2370084264669,"latitude":-74.24455538187219}},{"userUuid":"25c84216-a7b7-40d4-98ed-5ea819fc176b","userLoc":{"longitude":-117.22557119777142,"latitude":16.077993442989595}},{"userUuid":"b2cd9bcb-353f-404e-ac08-06f01fc40e28","userLoc":{"longitude":-120.8552155575997,"latitude":-35.51400193984173}},{"userUuid":"dd1a55bd-da9f-4355-b3a8-b7c0f0454600","userLoc":{"longitude":35.69069407268307,"latitude":81.95543403135716}},{"userUuid":"69aa5530-c3b8-4a9b-8954-93c479612c8a","userLoc":{"longitude":165.7180815112112,"latitude":-40.401501386262474}},{"userUuid":"ae89fe20-6608-4501-bbb6-66d9560726ab","userLoc":{"longitude":-167.36902189922245,"latitude":22.130466214486574}},{"userUuid":"a60414c2-2908-4984-8156-dd7a0c922564","userLoc":{"longitude":64.92792713270157,"latitude":-3.132619216389344}},{"userUuid":"349af45a-adea-43a0-86ab-6c3964ef8d67","userLoc":{"longitude":151.56041125486507,"latitude":-70.63451957391462}},{"userUuid":"d62655a2-f54f-4357-a5d4-cf92b28b152c","userLoc":{"longitude":33.069890684231495,"latitude":49.795411328758405}},{"userUuid":"d602c694-028b-47e9-bc09-d16ea0b7ab01","userLoc":{"longitude":94.09556204306409,"latitude":-23.168601797639205}},{"userUuid":"71fa6e2b-2ccf-46ce-a2b0-cd894f6c9169","userLoc":{"longitude":32.26643795963204,"latitude":38.56314309480794}},{"userUuid":"95c287a3-9670-42e0-ae86-eb7dbf431f0f","userLoc":{"longitude":-143.9177159609221,"latitude":45.52941592038596}},{"userUuid":"96950e51-ac26-4690-b89d-22dae1793527","userLoc":{"longitude":87.94792770094591,"latitude":41.37608497393059}},{"userUuid":"f69b8e79-11c5-4317-883b-5dfa966521ee","userLoc":{"longitude":-16.673022331852792,"latitude":-5.3847604703146885}},{"userUuid":"648dbc80-ad85-4fe0-af60-75fe8687d804","userLoc":{"longitude":-97.71265391716175,"latitude":-34.540603283439424}},{"userUuid":"6f9e127f-e402-483e-9d80-28c9dcb220bd","userLoc":{"longitude":75.47933448311645,"latitude":-26.7790208584885}},{"userUuid":"f6bf2057-045d-4190-949f-de7ca512a294","userLoc":{"longitude":13.537268086369465,"latitude":-13.48144632815864}},{"userUuid":"0c7a236a-c8ab-4689-b5f6-307d789aed24","userLoc":{"longitude":-138.20295167337963,"latitude":16.661776680601704}},{"userUuid":"e96ae3d1-6b3e-427a-853e-0df8124e1adc","userLoc":{"longitude":-100.69492388844566,"latitude":-76.17177086991691}},{"userUuid":"19c26d10-bc60-4ee4-9a6a-68ec01371954","userLoc":{"longitude":-20.29280172323672,"latitude":-64.07099579868412}},{"userUuid":"b1c1a91c-d954-4872-a4ff-9efe7012ca2e","userLoc":{"longitude":82.36376322735862,"latitude":78.54731417377036}},{"userUuid":"e0dcc65d-44d2-4c8b-88ff-65c506ca0186","userLoc":{"longitude":99.38570187573225,"latitude":-76.77424259563666}},{"userUuid":"2ba552a9-a13d-4411-9021-f51d78a0a442","userLoc":{"longitude":-13.104890295324054,"latitude":64.9515256190628}},{"userUuid":"6c49c79b-39d9-4e61-9404-0a1e64b8fd4f","userLoc":{"longitude":45.56242691825946,"latitude":15.179546966960928}},{"userUuid":"a90f3079-b7f0-4b12-b798-dabf266eea74","userLoc":{"longitude":-91.31045686804906,"latitude":14.559250501102639}},{"userUuid":"17b57466-3ac0-45ef-a886-66c224434d0d","userLoc":{"longitude":149.87798233439975,"latitude":-33.85133255591473}},{"userUuid":"9d7e9e8a-8444-4814-a5c6-d152c016f04d","userLoc":{"longitude":-28.716771864299517,"latitude":67.40152723467082}},{"userUuid":"62e0811d-e307-41da-a4d1-8732fa7fff11","userLoc":{"longitude":61.48727857335567,"latitude":-29.9927058944481}},{"userUuid":"71358bcd-4c52-4b17-845c-c2b4cb171ec7","userLoc":{"longitude":9.173895460549573,"latitude":51.26075978726473}},{"userUuid":"e6de0b6b-71de-4c6a-8410-aa153404aedf","userLoc":{"longitude":-116.3329973783622,"latitude":-55.45455188837282}},{"userUuid":"4a45bad5-05a1-4f68-941b-655263678ede","userLoc":{"longitude":-94.54047693952587,"latitude":18.87089780601582}},{"userUuid":"6529a7ff-88e2-46ea-88ed-ca677a8c8297","userLoc":{"longitude":126.06821776756425,"latitude":78.35829247143229}},{"userUuid":"aaff57fd-386f-402a-9cba-2e23e344a033","userLoc":{"longitude":83.38765756486168,"latitude":38.863286791150756}},{"userUuid":"399cc1d3-4cee-4b08-8d82-a6fb9536372a","userLoc":{"longitude":-90.09642096759362,"latitude":11.717449505531818}},{"userUuid":"3516f4be-9292-4368-88d1-ebf21df25e2e","userLoc":{"longitude":160.8363320583643,"latitude":5.616543463489961}},{"userUuid":"7a278bcc-7b5a-494c-aadb-2fa60b5e86e9","userLoc":{"longitude":-179.55716618055865,"latitude":62.823604898022325}},{"userUuid":"d88ce886-b70b-4561-9c2a-f4ebf1557cd6","userLoc":{"longitude":144.2761004219779,"latitude":-83.84079263560669}},{"userUuid":"d64c74bf-545f-4399-a7d5-8139dd26b76a","userLoc":{"longitude":-73.40184983336965,"latitude":55.22814162422844}},{"userUuid":"371cfe3b-4548-4c61-8a02-9c78bb446d73","userLoc":{"longitude":-129.24626989895114,"latitude":31.660549467205954}},{"userUuid":"e8d5c423-f871-475d-a6a8-a1f2de9911c3","userLoc":{"longitude":114.64532483205966,"latitude":-64.3056986993405}},{"userUuid":"eecbaebe-ad67-4c08-a46e-5a9294214a69","userLoc":{"longitude":-66.8572854388463,"latitude":22.93202776172498}},{"userUuid":"a973f891-482b-42b0-9038-7da891110083","userLoc":{"longitude":-44.97791261942851,"latitude":31.58187711172009}},{"userUuid":"532bcf7f-67d1-41fb-987f-e96275b3035b","userLoc":{"longitude":-91.20816824197627,"latitude":-8.332763360817424}},{"userUuid":"8ca22616-bfe5-49f3-9c19-2e36ece80897","userLoc":{"longitude":-20.004762034233636,"latitude":-38.14311118325093}},{"userUuid":"94578614-8842-4cc2-91a5-a978379c9fb8","userLoc":{"longitude":-89.97034853689263,"latitude":48.150786623436886}},{"userUuid":"aa1e68f0-e3d5-4c32-970e-3048144c7d91","userLoc":{"longitude":-97.46381045235464,"latitude":-39.81869341594342}},{"userUuid":"d9b1b8ec-a3c7-4a55-aef6-fb16911e0ad7","userLoc":{"longitude":-117.53663523996386,"latitude":-58.22362233434676}},{"userUuid":"b72f35bd-4189-4abf-b04c-3dbf651b373b","userLoc":{"longitude":-54.386883883472194,"latitude":-44.990679928989664}},{"userUuid":"41749c85-9324-4f11-a6af-4af39649ecfb","userLoc":{"longitude":55.68195418694626,"latitude":-0.6346283166154052}},{"userUuid":"88dd0713-f9cd-4cfd-b205-04533e9ad1c5","userLoc":{"longitude":140.5278161224436,"latitude":61.96220556911061}},{"userUuid":"6f5724b7-4260-4367-870c-81258e6c7acf","userLoc":{"longitude":101.08172042747941,"latitude":57.867712665777645}},{"userUuid":"006b3cd6-e135-4b01-aea1-d38aa7ae42a5","userLoc":{"longitude":-102.0094177181114,"latitude":-5.93372558752651}},{"userUuid":"6c8e53a0-5d27-4aaf-974a-ccc63057d228","userLoc":{"longitude":-179.0283288142699,"latitude":-58.95145900330961}},{"userUuid":"71d64242-8abc-43ce-8dbe-2948e507dc20","userLoc":{"longitude":60.912503757505306,"latitude":49.274589467663844}},{"userUuid":"11178b80-82b4-4537-bc15-cd71855b7a3b","userLoc":{"longitude":85.50578707366986,"latitude":25.024004119874334}},{"userUuid":"428efa8c-ec41-4b60-94b3-20704ad7de6a","userLoc":{"longitude":-127.26428546795316,"latitude":-51.66444821304108}},{"userUuid":"873cf761-821c-4da6-ac73-356ec147c606","userLoc":{"longitude":-98.98740240729653,"latitude":-53.73312198020887}},{"userUuid":"dff5b12e-4c41-4515-b8ae-9af64274cc25","userLoc":{"longitude":-54.692136145351654,"latitude":-22.063289376956916}},{"userUuid":"1d8bf3bc-58a1-4940-a811-f5b4610c4000","userLoc":{"longitude":-128.90389019024718,"latitude":-48.4658867591747}},{"userUuid":"e4bf455a-cd05-41aa-bd83-2aa47a6c10f0","userLoc":{"longitude":140.52239878783837,"latitude":32.82003688942426}},{"userUuid":"b4a0f91f-62f5-4af2-9b38-a61fbf674a71","userLoc":{"longitude":-62.89637732467776,"latitude":18.547318212616034}},{"userUuid":"e33bdc47-3c36-490f-bad9-4cbdfc799b0c","userLoc":{"longitude":130.00775225975997,"latitude":45.49852442236815}},{"userUuid":"04870135-d37a-4528-b9cc-0bfb2a909c6b","userLoc":{"longitude":153.17139362133236,"latitude":13.903265118284622}},{"userUuid":"00c8d70c-4762-4711-a0b1-8e05ec3a4001","userLoc":{"longitude":147.27700083154917,"latitude":-37.28218518796819}},{"userUuid":"6cdcf407-fb4d-4f6a-a7d7-7ee2b876814e","userLoc":{"longitude":49.00843205753907,"latitude":-18.047114020843708}},{"userUuid":"a28ad3da-0c20-473a-bd5e-fc2131761158","userLoc":{"longitude":21.69614635379017,"latitude":70.55282230418456}},{"userUuid":"96be79cb-b761-45c3-a6df-2d51b77a05e6","userLoc":{"longitude":-21.962615915160228,"latitude":37.96758112686709}},{"userUuid":"34bd08d8-f6cc-405b-a5aa-c90cbb290c75","userLoc":{"longitude":117.92850638485834,"latitude":43.583893029462416}},{"userUuid":"38fcabb3-e4c7-4c3e-9fb2-5e3ec7ae99fa","userLoc":{"longitude":-153.49635107459846,"latitude":-74.82335872411976}},{"userUuid":"f3f0091c-0e72-4426-9f80-7ad4903d1f41","userLoc":{"longitude":75.12094030118004,"latitude":-37.28640262268689}},{"userUuid":"5def79c0-7aba-46be-b9aa-c994bbec25e2","userLoc":{"longitude":66.73209959348986,"latitude":10.119959585363205}},{"userUuid":"341c5eec-5d0a-4e99-b603-8b11488484ae","userLoc":{"longitude":-19.985489575912112,"latitude":44.53842665474741}},{"userUuid":"dd8ad151-57fa-41af-9d54-18462c6c0899","userLoc":{"longitude":108.13081327818833,"latitude":-55.66083747606313}},{"userUuid":"10bb31aa-c205-4df0-bb45-9ff2381d5434","userLoc":{"longitude":68.10945858085168,"latitude":-70.19165891708855}},{"userUuid":"3d555f69-7366-45aa-bc89-f522882e744b","userLoc":{"longitude":9.956368447995317,"latitude":-3.3996992190766093}},{"userUuid":"a93ae35c-1238-42ae-a439-e93c04f25acd","userLoc":{"longitude":-111.01359584476297,"latitude":-68.57850618411842}},{"userUuid":"0a093862-b1ce-4598-9058-021a5bd03ad3","userLoc":{"longitude":172.9618224961041,"latitude":7.654281958261436}},{"userUuid":"d83962c7-1140-4ccb-a7c0-c734660ae83e","userLoc":{"longitude":48.15723135449497,"latitude":26.6557090080956}},{"userUuid":"63a4c242-48fa-4d10-abcb-e8d225888335","userLoc":{"longitude":147.84438207497726,"latitude":-20.038842982423986}},{"userUuid":"4147d2e9-efab-415f-87c4-a7c4fff1f180","userLoc":{"longitude":176.85721985501596,"latitude":-69.26151308608974}},{"userUuid":"df6d4e7f-348b-47af-899e-92e4612050d0","userLoc":{"longitude":-71.10265007580065,"latitude":59.826832735992554}},{"userUuid":"79d6a2ab-f745-459b-b065-3b15d30da7be","userLoc":{"longitude":-5.073782309439451,"latitude":-82.22739779506287}},{"userUuid":"f1be0346-da98-465e-8e0c-55c98af97b44","userLoc":{"longitude":51.475177431292565,"latitude":-69.07570825028972}},{"userUuid":"a0efde83-ff56-449f-8ff9-1db9ac9db9a4","userLoc":{"longitude":-55.97127910218214,"latitude":26.57685843572976}},{"userUuid":"609b18f5-f807-459b-877e-d2ef61f1b030","userLoc":{"longitude":110.95421755156895,"latitude":-30.924475716259593}},{"userUuid":"d8afbab8-8c78-41e1-b1ee-53d24fef629e","userLoc":{"longitude":-155.66280572928488,"latitude":-44.60972489626671}},{"userUuid":"7db716b9-081a-4c91-9d88-f34e8b5b0ddb","userLoc":{"longitude":-5.266437831888084,"latitude":-51.868815970413365}},{"userUuid":"86315d42-2fa2-4439-b30a-a8c4d7cf8fd4","userLoc":{"longitude":-19.95066755281067,"latitude":-12.684807664616159}},{"userUuid":"0021fb0c-549b-4333-a2d7-57303b74aa46","userLoc":{"longitude":-98.55552123748654,"latitude":60.108046955165946}},{"userUuid":"1fd52007-d098-4034-b00e-370f876e30f1","userLoc":{"longitude":41.43751859401286,"latitude":77.08801164733273}},{"userUuid":"e811e524-9ec8-459b-a1db-81f40421fdc7","userLoc":{"longitude":-57.039725417700595,"latitude":-55.93440819301823}},{"userUuid":"f39bfeed-a66d-4544-8803-73b65cb570df","userLoc":{"longitude":-143.00419526238917,"latitude":-51.80947429149344}},{"userUuid":"2a6341db-75d6-4248-8ff0-cc8e79d89c68","userLoc":{"longitude":-157.6598503460904,"latitude":73.03294713633971}},{"userUuid":"fb9b69ab-d3b0-4cc3-a0e1-e77d246db7b8","userLoc":{"longitude":-75.72359329224305,"latitude":6.490111693840191}},{"userUuid":"a8ada9d9-a848-402e-bf45-5d54d6d97595","userLoc":{"longitude":133.15606409933378,"latitude":74.53603769706862}},{"userUuid":"aa95d3db-1897-4f0b-9373-6666ed3a4c35","userLoc":{"longitude":67.44587827873946,"latitude":11.76378050511228}},{"userUuid":"d7464016-33d8-49d2-82be-ef85ecbaa434","userLoc":{"longitude":37.23082596983599,"latitude":-34.76698634284419}},{"userUuid":"69882d40-30dc-4a37-bef2-da8af7afbdc5","userLoc":{"longitude":105.81741510248696,"latitude":-33.281145517787344}},{"userUuid":"4148818f-df78-4355-8aa6-144887776716","userLoc":{"longitude":72.1864997878788,"latitude":-60.99513895717852}},{"userUuid":"aeaae0de-3540-4515-8f25-71053230f1ba","userLoc":{"longitude":73.20270501663006,"latitude":78.64313565067695}},{"userUuid":"a0311dc5-a499-4206-8024-ddfb206db179","userLoc":{"longitude":-67.439679299157,"latitude":16.666857529878627}},{"userUuid":"c763d4a3-13b8-42f5-8084-17f6064b94ea","userLoc":{"longitude":93.1230512472086,"latitude":1.748587381788596}},{"userUuid":"c78e2ecb-e52b-4c33-874e-5348a1607804","userLoc":{"longitude":-96.33036863449108,"latitude":12.481441520979203}},{"userUuid":"bfdf9ef3-668c-44b7-ac76-eaf598d2dd1b","userLoc":{"longitude":98.37829552648367,"latitude":7.430258802696983}},{"userUuid":"a5a77c31-f79d-49a9-b185-d7215275cbce","userLoc":{"longitude":4.2810212782135295,"latitude":68.41989814373653}},{"userUuid":"08a71bf5-d69e-4c75-9743-9a9093bcecff","userLoc":{"longitude":45.564797615917854,"latitude":18.372453462725204}},{"userUuid":"fe10ac8a-076a-47fb-81bb-33365e8b68c1","userLoc":{"longitude":166.72899008897093,"latitude":-9.527200867029677}},{"userUuid":"64a04212-087c-4429-bdee-79d921069d61","userLoc":{"longitude":121.70304553963962,"latitude":-45.657584056545375}},{"userUuid":"e5b5a72b-0153-47de-80cd-c3f7b60e8624","userLoc":{"longitude":108.40166751810654,"latitude":-72.9608346178299}},{"userUuid":"60aae064-8fe5-4a62-b76d-a3631145755c","userLoc":{"longitude":-84.99245809421049,"latitude":-55.478552656218824}},{"userUuid":"ed8c9d2c-645c-4b81-8e15-ab72d4999710","userLoc":{"longitude":60.03256095801407,"latitude":81.05525636700523}},{"userUuid":"02ddba35-52e5-45cf-b4e6-1c9bc01b8892","userLoc":{"longitude":95.2859041353284,"latitude":29.26431220787272}},{"userUuid":"a4f2c19e-1a23-4e4a-a3a3-3679fdbdc63d","userLoc":{"longitude":-142.98023240358498,"latitude":3.5931679450422394}},{"userUuid":"e5ac86a6-4a85-4138-9928-fdfb589b2e4b","userLoc":{"longitude":46.61916841281908,"latitude":30.590431925499757}},{"userUuid":"3f96f05c-4eab-4d3a-945d-3dbe7bd12e9e","userLoc":{"longitude":66.97827451455933,"latitude":-71.98166876063156}},{"userUuid":"9d5db982-1ec8-4da7-b85c-54a79cebe75c","userLoc":{"longitude":-102.68295636651305,"latitude":-62.710624565936456}},{"userUuid":"a8278285-5b2e-47dc-8cf5-06efe6b86825","userLoc":{"longitude":45.01871969778705,"latitude":17.85603043250326}},{"userUuid":"e944063d-ced2-4cd1-ac10-967cffc29562","userLoc":{"longitude":37.38261434469618,"latitude":-2.0616387245199235}},{"userUuid":"f092117f-3375-4373-ac76-8a1cd8ab0cab","userLoc":{"longitude":151.0857664702536,"latitude":-75.97302679454899}},{"userUuid":"94789ea8-3b33-4b17-a722-ac06a1358f39","userLoc":{"longitude":31.38556972531231,"latitude":30.368741399329394}},{"userUuid":"ce739392-97da-4df2-ae56-75602883fa40","userLoc":{"longitude":-177.12032010437105,"latitude":67.01844910356161}},{"userUuid":"8afecc51-5cc0-43a1-bbfc-3ab325e98e76","userLoc":{"longitude":-117.25496377839694,"latitude":22.63542277485321}},{"userUuid":"26368faf-81fc-420a-9a20-a25f50598bc2","userLoc":{"longitude":-124.04518066928719,"latitude":0.616009779231959}},{"userUuid":"aef3e2e5-8d23-425e-aea7-ca15691c209d","userLoc":{"longitude":44.89034495799234,"latitude":60.93505786096486}},{"userUuid":"1e758814-ff69-475b-a9ce-8f57cfa28a7c","userLoc":{"longitude":-85.670425955297,"latitude":67.66068208079275}},{"userUuid":"6ddbeb7a-a62a-4cce-ae94-cd39403c7fd8","userLoc":{"longitude":73.53858417718047,"latitude":-79.1670340987881}},{"userUuid":"80ba58f5-2f00-4b16-9a48-a69c66486fe1","userLoc":{"longitude":-107.36853816260012,"latitude":9.028904667518987}},{"userUuid":"75c53e89-d544-4b23-b0d6-adeed6352b5f","userLoc":{"longitude":100.47910151291092,"latitude":20.4749828058234}},{"userUuid":"c9407a17-e881-416e-a886-54553f22aee7","userLoc":{"longitude":-170.0799447158796,"latitude":-76.94471171060202}},{"userUuid":"6f589a05-4910-4deb-9285-f15fbe8371ad","userLoc":{"longitude":-172.17665316792352,"latitude":56.508095887192184}},{"userUuid":"80cc6d06-1882-4e8b-8a98-1964c4290b3d","userLoc":{"longitude":127.91308269983517,"latitude":58.657093464366625}},{"userUuid":"cae21370-6853-4a40-b7bf-349ccc9c4673","userLoc":{"longitude":-56.339548280550986,"latitude":29.614379793067172}},{"userUuid":"6b305243-8729-41aa-b9d0-21e74c6f1f61","userLoc":{"longitude":176.2379145641877,"latitude":-27.00480171289159}},{"userUuid":"78535462-e1a8-45c5-aea6-2bb13c6e95d1","userLoc":{"longitude":48.44357485883961,"latitude":55.421906373743525}},{"userUuid":"1d385978-a0fb-4bb4-858b-adae5b579ce6","userLoc":{"longitude":-133.37148751719354,"latitude":-15.71464132067527}},{"userUuid":"d8416b1b-f71b-4766-88c0-db87335902ad","userLoc":{"longitude":71.80123262383259,"latitude":-15.652448503899748}},{"userUuid":"10bfc143-3552-4d9f-8b37-62b752bb8727","userLoc":{"longitude":-86.73889564782856,"latitude":-74.96395614989598}},{"userUuid":"c6090229-6e5b-488a-ad2e-e8232be73349","userLoc":{"longitude":22.142371764210992,"latitude":-22.836775164668396}},{"userUuid":"6da7962c-4c67-460a-a3c0-f8156a5c9676","userLoc":{"longitude":-56.64019716804465,"latitude":48.531733337359924}},{"userUuid":"e2f8f0eb-a66a-453d-b09b-a5c705b2a345","userLoc":{"longitude":100.34781805493765,"latitude":33.35777343446803}},{"userUuid":"6f970077-b47e-4022-8115-78c4ffcd405d","userLoc":{"longitude":70.07038093734232,"latitude":-38.036684559917404}},{"userUuid":"a9a4958b-af06-4472-9f84-68d9ba38943f","userLoc":{"longitude":-1.47659397080605,"latitude":-10.329539090886996}},{"userUuid":"2c431196-9a44-4130-a436-0a05f2486a47","userLoc":{"longitude":-140.95001941952012,"latitude":35.40998388216087}},{"userUuid":"679cbd68-2d92-44e9-b74c-47e53a81d730","userLoc":{"longitude":-67.19856603300333,"latitude":36.391196223391404}},{"userUuid":"e5635d0d-da91-4c8f-a74b-890c82abcb6c","userLoc":{"longitude":-171.3274798098499,"latitude":-32.71712590476887}},{"userUuid":"4dfb0545-0405-45bb-8792-537ce24f775f","userLoc":{"longitude":62.62175235531606,"latitude":32.51716122418222}},{"userUuid":"24fe77dc-9ba6-4cc3-af59-9d652a5bf795","userLoc":{"longitude":74.32260397826587,"latitude":-15.568027501671764}},{"userUuid":"589a420b-ccae-406e-98d2-b49ea3eb3404","userLoc":{"longitude":-45.40708866649115,"latitude":61.10709384251561}},{"userUuid":"ad131a68-9e3a-4ae6-9a04-a5cb7af995c1","userLoc":{"longitude":105.82236313387102,"latitude":-26.40134526378757}},{"userUuid":"b9c24e61-ef9f-48fe-9a4a-1b9f08e56bcf","userLoc":{"longitude":118.63614550485079,"latitude":34.22399282605552}},{"userUuid":"22b2004a-5ffa-4e66-9ada-0760c1735da4","userLoc":{"longitude":-70.03663610851237,"latitude":19.667061135968396}},{"userUuid":"c9c4a17a-aa0d-424a-ac0a-54f911e9527a","userLoc":{"longitude":-61.002242171814885,"latitude":24.682239859515576}},{"userUuid":"888be8bf-e5d9-4305-a007-8a084b9a515f","userLoc":{"longitude":95.93998641265216,"latitude":-73.48368732226541}},{"userUuid":"f19add3a-1f47-4127-9fbf-b2ca81d2e4a3","userLoc":{"longitude":0.25378962019138385,"latitude":-69.58708774705035}},{"userUuid":"266cefd4-584f-4fe9-8309-f8224bfb54c5","userLoc":{"longitude":-142.98478287884063,"latitude":55.91031768276048}},{"userUuid":"b249bd03-45e4-4be0-8c23-4e2764f31cac","userLoc":{"longitude":-176.94273757654983,"latitude":49.59078367162601}},{"userUuid":"13a0849e-e27f-4082-911a-7669e91c240f","userLoc":{"longitude":-138.34793261145563,"latitude":-48.92360439656221}},{"userUuid":"477a1a42-d028-4a42-8e54-7bcd00675267","userLoc":{"longitude":50.596946760673916,"latitude":74.3928153437524}},{"userUuid":"ebd804ac-9cc5-4db9-9994-d52b01a1656e","userLoc":{"longitude":-92.15710227914593,"latitude":19.768654335023314}},{"userUuid":"7d17dd49-fe82-4a50-9d13-8c6ce3981b7c","userLoc":{"longitude":168.01381196321796,"latitude":-61.06159773333703}},{"userUuid":"5b2dfee0-e6e0-4d45-b2ad-d8bc51ea919f","userLoc":{"longitude":-40.29942386534108,"latitude":75.23254379842953}},{"userUuid":"01af699c-b6f0-4e23-ad9f-71180baae01e","userLoc":{"longitude":65.75527503307327,"latitude":-32.622120077902224}},{"userUuid":"3a1b277e-fef5-4ccf-90ec-1587b3addc96","userLoc":{"longitude":-92.67156935541269,"latitude":-31.76184525506187}},{"userUuid":"5387b04f-c03b-4ebc-9b7d-592325b4a4a7","userLoc":{"longitude":-12.43871038521499,"latitude":-27.0407553150908}},{"userUuid":"fc08274a-4788-40e7-95e1-4f5bdefc2440","userLoc":{"longitude":-108.57263096237092,"latitude":-76.05762737590318}},{"userUuid":"b9c98128-3f31-49f4-b256-44c18fe98785","userLoc":{"longitude":-109.58479315266783,"latitude":-33.092195450265926}},{"userUuid":"3e0133b3-62d6-42d2-b5cd-caca87554a1f","userLoc":{"longitude":109.21806204922024,"latitude":7.118161519395315}},{"userUuid":"97a9e553-7de4-49b4-8333-04b21e7a9d10","userLoc":{"longitude":107.67148118745189,"latitude":-31.371980884043147}},{"userUuid":"9a79f22a-087a-4634-9d7b-0425517c1042","userLoc":{"longitude":4.599451808805753,"latitude":83.32694564210394}},{"userUuid":"4dd925b6-bdbb-426a-b049-7eb25a114ad8","userLoc":{"longitude":91.90104213046936,"latitude":-10.1222270498929}},{"userUuid":"f70434ea-234f-48a4-b286-5f5de9df83f6","userLoc":{"longitude":51.39390301793705,"latitude":37.96111271992645}},{"userUuid":"3ffed8a5-2b44-421a-8153-9eda6040b952","userLoc":{"longitude":37.06272025033917,"latitude":15.899551970199468}},{"userUuid":"579bbf89-62f2-416a-b7a0-41253ae4b7d8","userLoc":{"longitude":-100.00553242197863,"latitude":-9.366172990175215}},{"userUuid":"0f871ea2-7a9e-4f83-8380-6fbb8f8f1ffb","userLoc":{"longitude":-137.96265369160344,"latitude":29.064375367192596}},{"userUuid":"b0428013-06d6-49a8-8dfc-f080cd186f62","userLoc":{"longitude":-106.93102507526443,"latitude":-77.11659414168561}},{"userUuid":"fe808800-f250-42ed-b292-a6065a4e4d77","userLoc":{"longitude":76.04875684318682,"latitude":-0.5202060891733282}},{"userUuid":"76519956-c0af-4c55-92c5-8836d180dbe5","userLoc":{"longitude":56.17495179578253,"latitude":54.21310759763779}},{"userUuid":"71f27900-dfad-4e0c-be1f-a74b18328338","userLoc":{"longitude":123.0822681814596,"latitude":59.02291392602777}},{"userUuid":"68294b6f-c8da-478d-9ba0-26174bda1ba6","userLoc":{"longitude":-103.3632474334183,"latitude":-5.511739269282515}},{"userUuid":"8cf1f72d-8f52-4004-b519-96870a97aec0","userLoc":{"longitude":-19.71150274409314,"latitude":-35.84176958431733}},{"userUuid":"5492de15-39a6-460a-aced-5dea003d972f","userLoc":{"longitude":-160.37718061602712,"latitude":-71.12910341601365}},{"userUuid":"893d5570-1e2d-4d4b-a882-817dec0780fa","userLoc":{"longitude":10.334343613104494,"latitude":-19.047886007085992}},{"userUuid":"6dfd3b18-99af-4adc-89e6-2b05845159e5","userLoc":{"longitude":-33.18375060822521,"latitude":-53.59715625411323}},{"userUuid":"15306721-580b-4933-b430-72b461d653b7","userLoc":{"longitude":95.00554462946332,"latitude":31.880930995132502}},{"userUuid":"a84ad1cf-2b3f-41f9-a868-83086ce8028d","userLoc":{"longitude":43.511143805033356,"latitude":-41.50975407766583}},{"userUuid":"58648b69-044a-4a2f-9c50-b92a6e5d5cee","userLoc":{"longitude":47.774172988356355,"latitude":-67.97357238204444}},{"userUuid":"a5b6ffe6-46dc-4209-9121-6cb1fd380182","userLoc":{"longitude":-84.67051052221835,"latitude":-29.781957234462332}},{"userUuid":"974c5911-a862-4b71-aa9b-a91fb1daee2d","userLoc":{"longitude":93.910345486533,"latitude":70.27352055318104}},{"userUuid":"7f380bc3-512a-4afb-85ce-4bcf7941fe5d","userLoc":{"longitude":-57.34127431869767,"latitude":69.26110963781969}},{"userUuid":"6bec80ec-d559-4393-a271-4c80fc46c6a4","userLoc":{"longitude":-153.467005464682,"latitude":-53.186789971309665}},{"userUuid":"ac0e0187-9e4c-4c65-b344-a7818b21e9aa","userLoc":{"longitude":97.33149401746675,"latitude":29.591651618272323}},{"userUuid":"3f25c3a6-2ae6-4af5-9dd8-bf7046243359","userLoc":{"longitude":-153.74779659878638,"latitude":13.628705657218404}},{"userUuid":"5e0ec109-f659-41d9-a774-b90c8385f939","userLoc":{"longitude":-2.018774444052326,"latitude":7.117259397646137}},{"userUuid":"fbbe30c8-2813-4985-ad91-3f6b591c7cb5","userLoc":{"longitude":34.870190005581065,"latitude":-21.508063927285484}},{"userUuid":"b1552742-7359-4595-9c1b-38174d216728","userLoc":{"longitude":-162.524780289149,"latitude":-31.905021447164714}},{"userUuid":"c614e4b7-3d42-4630-a661-444c46a72ab4","userLoc":{"longitude":36.18402139528865,"latitude":-82.56169228678313}},{"userUuid":"7f4ea6ba-cd65-4290-93de-02c65dd29b6b","userLoc":{"longitude":27.750221321014976,"latitude":22.8692504831088}},{"userUuid":"f91193f3-5c96-4726-b657-448d99c24f8d","userLoc":{"longitude":-47.448513324717595,"latitude":4.810380690810874}},{"userUuid":"c256626b-cdd3-41bc-97d9-2f882debee6c","userLoc":{"longitude":48.177530603903875,"latitude":-71.62470555430954}},{"userUuid":"852fbb26-3429-43de-92c4-9ab84ad85ee7","userLoc":{"longitude":128.77952777585313,"latitude":79.61772473095928}},{"userUuid":"664f1f5a-b60d-4c1f-aa58-552f76f11667","userLoc":{"longitude":65.02255563728693,"latitude":-80.1270528614996}},{"userUuid":"46937b32-c00f-46eb-84dd-17d1564eab09","userLoc":{"longitude":100.89110325699954,"latitude":61.00125398558305}},{"userUuid":"1742ae60-69e8-4a2f-a3ab-d7bbbd61f9ad","userLoc":{"longitude":127.69428701008314,"latitude":48.71119743324314}},{"userUuid":"9979c232-a32a-49ba-8cc8-50ccfe20eae6","userLoc":{"longitude":82.75007074512621,"latitude":58.668300198538134}},{"userUuid":"fe347c18-96b7-4f37-a324-7ff3da34b7dc","userLoc":{"longitude":-93.48505858847149,"latitude":7.780202768236421}},{"userUuid":"b32f2081-e493-4dd0-96de-5e42945b3016","userLoc":{"longitude":47.8001344113479,"latitude":13.284497405240003}},{"userUuid":"b9e34d6f-2573-457c-977b-aa3848ac2663","userLoc":{"longitude":25.82146840317162,"latitude":-18.521256829867085}},{"userUuid":"dc4e05ab-fda5-415a-9fb5-0335493a27ce","userLoc":{"longitude":-145.74725057997568,"latitude":77.72735250781798}},{"userUuid":"31f8b9ca-df9d-4054-bf02-998bd2e078be","userLoc":{"longitude":-57.43955461793398,"latitude":72.65280094898864}},{"userUuid":"f98dd0dc-3aa3-4aca-84bf-62f9a5d93e44","userLoc":{"longitude":-121.45385796240598,"latitude":12.25070267369064}},{"userUuid":"dd0b856d-c281-4ec4-b71c-185c66adef02","userLoc":{"longitude":117.26949013335019,"latitude":82.63615686978471}},{"userUuid":"e98e9636-b65d-4220-936f-d7955a1237d2","userLoc":{"longitude":-104.69693369171127,"latitude":-82.83693671472592}},{"userUuid":"6e92024c-d93a-469d-9347-eec2c1a756de","userLoc":{"longitude":48.95773535853709,"latitude":-38.0337499553027}},{"userUuid":"43195d6c-8229-4cf9-8d8b-c644f638cff6","userLoc":{"longitude":-114.52179897121415,"latitude":-13.525925338498013}},{"userUuid":"0d4b2ba5-e9d5-4359-89ab-5216c9f74f9b","userLoc":{"longitude":-77.16696410359445,"latitude":54.50330780782252}},{"userUuid":"bcba9da8-4cfc-47d4-b73b-12dc2ce3f903","userLoc":{"longitude":-148.84113986801432,"latitude":65.38912639607872}},{"userUuid":"04194322-dc72-470a-a6b8-20ae0bb3b8eb","userLoc":{"longitude":-95.20292201757364,"latitude":18.77346599476691}},{"userUuid":"9ab08806-f3b5-48d5-87ee-f7a009ac64b9","userLoc":{"longitude":-62.17609474294474,"latitude":-82.88255925820084}},{"userUuid":"a6c68d45-8904-4437-9ba1-beb2e763f1c1","userLoc":{"longitude":88.87514622682158,"latitude":18.80858637543527}},{"userUuid":"17f1bb8a-77ab-4c58-b740-f69f7760cc40","userLoc":{"longitude":49.441270275320164,"latitude":10.684433278548454}},{"userUuid":"d8c8d595-6541-435c-8a42-03bc180402df","userLoc":{"longitude":138.49063105480099,"latitude":-40.98583423685629}},{"userUuid":"3077be31-fb06-4732-aabf-c6d39ff1b252","userLoc":{"longitude":-60.34767105768232,"latitude":-31.722644942576387}},{"userUuid":"d6c288a7-4327-47ca-998d-d5b3b783c2e6","userLoc":{"longitude":-97.72879940349003,"latitude":-30.336010333045948}},{"userUuid":"dad46a78-913f-4ce1-a402-a4b1de6d3efd","userLoc":{"longitude":44.658924685561544,"latitude":-64.18108062245722}},{"userUuid":"49ddd16e-d89e-4016-af12-98484cc099ce","userLoc":{"longitude":-6.234890646756071,"latitude":-65.4100791265636}},{"userUuid":"20d5de76-8b47-4a3e-a607-d7184c0b2878","userLoc":{"longitude":-97.98745153951663,"latitude":31.994220816455567}},{"userUuid":"0e3a54d6-db75-41b2-b1ec-97aa1c6ea344","userLoc":{"longitude":-118.55691444203259,"latitude":76.07199222057358}},{"userUuid":"96156c89-c316-480f-8be7-64f274b24fc4","userLoc":{"longitude":-120.44663199517097,"latitude":-31.14099295775638}},{"userUuid":"bd4cc982-c3c1-40b8-9c02-c94383e770b5","userLoc":{"longitude":-44.80407130594779,"latitude":-35.38260238807514}},{"userUuid":"ce30cef8-e645-4232-9511-c4dd3e1eb9e6","userLoc":{"longitude":162.9322783496196,"latitude":-38.49351515719359}},{"userUuid":"afa8699b-8a4f-4863-8e8c-356ee43170af","userLoc":{"longitude":-136.09494254879115,"latitude":39.34269136707617}},{"userUuid":"030d195b-72dd-4528-982f-6d1815510f9b","userLoc":{"longitude":119.97429253525678,"latitude":55.73017262753652}},{"userUuid":"c78f2b19-487e-4999-8ede-68f192a3a9fe","userLoc":{"longitude":-59.72753849225926,"latitude":-7.085719930427572}},{"userUuid":"7b763b59-4cd4-4933-b03a-c2fb09ba4727","userLoc":{"longitude":-177.0184520788911,"latitude":-46.786651679386324}},{"userUuid":"ad53ef93-5304-4260-bcea-622fa9e206f3","userLoc":{"longitude":-46.346197330266506,"latitude":-9.70652028162965}},{"userUuid":"cdec56ea-9009-4ccd-b980-136b79bd75b5","userLoc":{"longitude":-23.91244869911219,"latitude":-82.84728498127667}},{"userUuid":"2a587f12-580b-4ff1-bb87-3309644d97de","userLoc":{"longitude":-32.15003739977038,"latitude":16.006759762647974}},{"userUuid":"1bd5b402-9796-4ad6-bcb7-00fceb72a038","userLoc":{"longitude":-83.20927075661405,"latitude":4.372976016787206}},{"userUuid":"a4586530-1690-4f4d-83db-a67302b5ba71","userLoc":{"longitude":152.72550697598604,"latitude":-33.436339705476676}},{"userUuid":"cac192ff-49c0-4d00-8213-55f7ea8feaf9","userLoc":{"longitude":-49.02446279108631,"latitude":4.042652525731427}},{"userUuid":"17394620-b164-4ba3-935f-b00ed7ecd403","userLoc":{"longitude":-134.06090215555452,"latitude":32.340248871341586}},{"userUuid":"7aa7c9fe-e7bf-4cd2-afc1-7ed760559dec","userLoc":{"longitude":-93.70157091314866,"latitude":43.589718503232376}},{"userUuid":"158ad456-b0d9-4e7c-a2cf-0575aa5532c4","userLoc":{"longitude":123.24727236411428,"latitude":59.375280218665694}},{"userUuid":"cb36655e-2949-43aa-b074-397255ed8e43","userLoc":{"longitude":-95.52863129674904,"latitude":34.518233937088425}},{"userUuid":"ea6c7401-d85c-45b6-8709-659689753132","userLoc":{"longitude":46.21179793220017,"latitude":15.481318103830375}},{"userUuid":"536639be-1c4e-41ac-aba4-6a052e7ddd68","userLoc":{"longitude":21.56028849583214,"latitude":-32.08376527811232}},{"userUuid":"17fbe028-8448-4c48-9661-9dd516e4b94c","userLoc":{"longitude":131.89027122993053,"latitude":6.389119780891775}},{"userUuid":"6c7272e7-c747-4c4f-b728-25c2c2127974","userLoc":{"longitude":178.83042330185918,"latitude":13.778302449770408}},{"userUuid":"1430cc3d-a348-49c1-8890-7471135bb8fe","userLoc":{"longitude":86.48666434849423,"latitude":6.261691061317748}},{"userUuid":"b71d64c7-ed4f-489d-bc0e-a487f87e332f","userLoc":{"longitude":120.63724123739416,"latitude":-76.8073152505897}},{"userUuid":"8066a407-fab1-48f1-adcc-63c18e7ab3ba","userLoc":{"longitude":121.65896878534659,"latitude":48.62151475411244}},{"userUuid":"f9811b61-ec3f-4d68-b4a6-9bb825ce9f7e","userLoc":{"longitude":-169.5674256999252,"latitude":-7.995601877426296}},{"userUuid":"377d0a49-33c9-451b-9f11-bdad742a1479","userLoc":{"longitude":-36.56276454377277,"latitude":-62.57260640440138}},{"userUuid":"d0762a45-e1df-4a70-8d41-afc840a6e4de","userLoc":{"longitude":48.85176936490444,"latitude":-66.51615797532995}},{"userUuid":"79aa2de8-4c20-4e5c-b76a-23d26bd3260f","userLoc":{"longitude":133.42553971416243,"latitude":-44.83933313893967}},{"userUuid":"43d6dd36-5a9c-4d92-ba14-836967e10890","userLoc":{"longitude":-148.45072404513184,"latitude":-27.423015186315375}},{"userUuid":"87c94bcf-bca9-4862-810b-c2e6cb495c22","userLoc":{"longitude":-69.28281544587783,"latitude":80.31919556197386}},{"userUuid":"98782ff9-67b3-485b-b9d9-b69833290102","userLoc":{"longitude":35.12209211973715,"latitude":-59.49936066609649}},{"userUuid":"4973b4c0-d3b3-4df2-bca7-b2cc17bf306b","userLoc":{"longitude":-117.18614339477489,"latitude":84.21735631644543}},{"userUuid":"297d6735-a291-4b62-9213-7308d5f1ac56","userLoc":{"longitude":-56.64618474500213,"latitude":32.40250561995458}},{"userUuid":"ffa1ce72-106e-415f-86ab-6eb9867188bc","userLoc":{"longitude":77.13535641798666,"latitude":22.67427266413685}},{"userUuid":"ecf8da39-872e-49ba-b72c-ad364ee4dd30","userLoc":{"longitude":-26.745338780536684,"latitude":-14.668356671763433}},{"userUuid":"9b05c73f-4000-4b71-8858-0dc9317e1d83","userLoc":{"longitude":-141.27545485169833,"latitude":-52.3207653564631}},{"userUuid":"758f2017-4735-4729-84b8-49d5b4943f3e","userLoc":{"longitude":-176.36775701751506,"latitude":7.1924503297249345}},{"userUuid":"1a33f48b-5424-42dd-a660-e4e04ba3c3fc","userLoc":{"longitude":68.01292096877631,"latitude":-22.012382167704345}},{"userUuid":"73d23edb-cc87-4fde-9bf0-a87e5fec800f","userLoc":{"longitude":-130.98029965563606,"latitude":0.6389785782788806}},{"userUuid":"79445f44-928a-402d-bad2-c1ca6888e588","userLoc":{"longitude":62.02032004293633,"latitude":20.063030990955838}},{"userUuid":"d25a82b8-8875-4d51-9eb5-0b3a90a6d7aa","userLoc":{"longitude":10.833454191723575,"latitude":-48.29382799834211}},{"userUuid":"233bb56a-9a4a-403c-99a9-98a3ff23ca11","userLoc":{"longitude":51.73029382911983,"latitude":28.89385269185398}},{"userUuid":"9a445b5d-7a46-4899-8556-bbd8e12ea4fe","userLoc":{"longitude":33.78288819271566,"latitude":-65.10184453092546}},{"userUuid":"eeef48fe-a4ed-4e08-a542-6efabe6e2871","userLoc":{"longitude":90.2128166285961,"latitude":8.119047398176747}},{"userUuid":"e206f778-8132-4afc-95ed-d56a417eae1c","userLoc":{"longitude":98.05201649105231,"latitude":58.15936408858471}},{"userUuid":"3d36d2a8-9d2c-4ffe-8aca-368a03fcb73d","userLoc":{"longitude":133.21741970560345,"latitude":-1.9692743795497591}},{"userUuid":"c1960985-302f-4458-ac51-dc8c5e262e05","userLoc":{"longitude":-139.80703447620863,"latitude":-54.82046257065781}},{"userUuid":"966405b9-beab-408a-8155-7a0b77a0a55f","userLoc":{"longitude":-103.09413496017349,"latitude":-26.36680944231913}},{"userUuid":"0e1aaf73-373a-436e-b0b8-97e1fa05c9e8","userLoc":{"longitude":121.28249844707108,"latitude":-34.731046010609056}},{"userUuid":"f1aa1705-c955-4e8e-a49a-d0cc9f1f67f4","userLoc":{"longitude":-156.80993028700914,"latitude":-76.09199789721369}},{"userUuid":"fb09b84f-aed8-4858-b296-e1afcecc0e88","userLoc":{"longitude":172.1021514908739,"latitude":65.3331811562773}},{"userUuid":"93a76c55-1093-4e2c-a5af-cfcfa7b65c69","userLoc":{"longitude":-116.07685337736774,"latitude":-67.97613743223363}},{"userUuid":"1c07850c-2cca-4cd6-99a5-0d9c1c8e625a","userLoc":{"longitude":-79.90564687918615,"latitude":36.85546788531879}},{"userUuid":"0f6d0521-c72c-4551-b403-b7220fbc5c2d","userLoc":{"longitude":-102.24366127215222,"latitude":-28.696445750493282}},{"userUuid":"5177e16a-88db-461a-98c9-ec485806be41","userLoc":{"longitude":-61.340010572087294,"latitude":19.89465302530455}},{"userUuid":"6e0b4426-473b-416b-850a-f82612811c61","userLoc":{"longitude":-154.84699808574837,"latitude":-20.291306074861453}},{"userUuid":"f3daf9aa-2471-4dcb-8800-4686d8e6f8f7","userLoc":{"longitude":-0.685248328947381,"latitude":-43.420395583789116}},{"userUuid":"a106c8ed-6119-4f7e-91b5-109d7c92d46b","userLoc":{"longitude":95.81057336059979,"latitude":-25.57449176137286}},{"userUuid":"80a6f845-ec74-4384-860a-785aba3a422e","userLoc":{"longitude":26.370609786832404,"latitude":65.05842605726176}},{"userUuid":"58fce8a7-c9f1-4c0a-89a6-fb9322c2bb7f","userLoc":{"longitude":-55.00274470376627,"latitude":-52.00981566456585}},{"userUuid":"574f5bdf-03dd-4be6-9c95-43f750d69d2e","userLoc":{"longitude":62.963423848255985,"latitude":-72.10467599659535}},{"userUuid":"0a524eff-4456-4de3-8466-3be8968638d8","userLoc":{"longitude":31.0889899684681,"latitude":23.520554793260388}},{"userUuid":"ee6a5d0e-645e-498a-877a-01b8e58a083c","userLoc":{"longitude":168.4575517135023,"latitude":4.868020513748874}},{"userUuid":"42218538-a2e3-4167-876c-c41944ca44ad","userLoc":{"longitude":48.89831864545258,"latitude":-18.412597214404755}},{"userUuid":"ee073742-b795-4d26-a80a-7f4d7d24132b","userLoc":{"longitude":-154.02671595078579,"latitude":-35.2748739020736}},{"userUuid":"f2d5070a-3d00-4cae-b2a9-245cf9248a76","userLoc":{"longitude":118.73397960555377,"latitude":-40.48623495304097}},{"userUuid":"a0d06dde-e443-4ec4-8655-c158e71614ea","userLoc":{"longitude":53.402764513655825,"latitude":-45.456289097665305}},{"userUuid":"14da1f94-8a26-4547-8222-764059fc59f0","userLoc":{"longitude":-110.18735259821898,"latitude":84.05307717457538}},{"userUuid":"1cc9c489-0462-4502-9fae-274a2ab5bc8b","userLoc":{"longitude":158.85806107524473,"latitude":-79.57590212896739}},{"userUuid":"7f8545f0-7ab1-491b-92a3-9dca29762a83","userLoc":{"longitude":-90.02741429416575,"latitude":-76.69985670998217}},{"userUuid":"34fa1984-819c-435e-9f22-a18aec8ecdf4","userLoc":{"longitude":53.62538623507908,"latitude":14.09587661810211}},{"userUuid":"dad8d7b7-fd0a-4b06-b89e-e0f9d3520448","userLoc":{"longitude":139.80832050259005,"latitude":37.388093503427214}},{"userUuid":"4c290745-aa60-4a48-bcaf-1e3cced05ce4","userLoc":{"longitude":96.05083974190688,"latitude":-9.668218449412961}},{"userUuid":"3e176aab-af4c-4206-924b-02fb863c7469","userLoc":{"longitude":89.03910319865838,"latitude":-20.271986336617942}},{"userUuid":"7a732b22-4392-40f2-b4d6-1c796fccf41b","userLoc":{"longitude":-8.168767572318728,"latitude":-44.97189327243723}},{"userUuid":"b614072e-1a39-49e8-aa7a-ad95624c33b1","userLoc":{"longitude":-5.28005695300385,"latitude":73.12439643162406}},{"userUuid":"6f89cf28-2b1c-4819-962a-d4d0fb0f96c8","userLoc":{"longitude":-98.77365162718833,"latitude":-31.726204258627725}},{"userUuid":"06234a5c-842a-435a-ad9a-038a47df4a3a","userLoc":{"longitude":146.07239422577516,"latitude":-52.343770842225474}},{"userUuid":"8cfb8476-f648-402c-b9cd-b8fd6513ab65","userLoc":{"longitude":28.619378010757856,"latitude":21.955738513982993}},{"userUuid":"a183ee88-e735-4470-8843-35e64bbc92fb","userLoc":{"longitude":-162.81624262740985,"latitude":-27.986754325779387}},{"userUuid":"c63866e0-fcdd-4df1-a7a2-df25564dbdde","userLoc":{"longitude":-58.982244632185385,"latitude":-2.6147325722499346}},{"userUuid":"0a089fa7-7ff2-428b-a8a1-0cb9189c5b2b","userLoc":{"longitude":154.562824735096,"latitude":54.184318488845804}},{"userUuid":"72e402b4-6478-4de0-b2ae-6d124f23df9e","userLoc":{"longitude":159.28209553286285,"latitude":46.773451474962826}},{"userUuid":"65016745-aee0-48b4-a56f-cca3cdf021bc","userLoc":{"longitude":-83.57437862456777,"latitude":14.97061327259378}},{"userUuid":"bcaed007-4013-4892-851e-2fd4abed896a","userLoc":{"longitude":-171.2704913960184,"latitude":35.64067430139416}},{"userUuid":"9d187d1a-33eb-4de9-922d-89dae63de71b","userLoc":{"longitude":84.68496660406839,"latitude":-18.01657622670902}},{"userUuid":"8bb96a47-8cd5-4194-9685-b5f923fe46b5","userLoc":{"longitude":-125.41632787805659,"latitude":-53.50714752612208}},{"userUuid":"cebfe25f-7025-4399-89bf-bf9510614b90","userLoc":{"longitude":-97.25780089692005,"latitude":6.705739100497766}},{"userUuid":"ea1d10e8-dffd-419b-87ac-187cc739e51e","userLoc":{"longitude":-53.155243425627205,"latitude":-76.51147154552646}},{"userUuid":"813f489c-a0a2-4f4f-8a2b-45041d53aa63","userLoc":{"longitude":98.37072092109156,"latitude":49.68593772203465}},{"userUuid":"a4a6d404-6fda-48b0-8df9-0fb7645ca2bd","userLoc":{"longitude":-167.03325500956953,"latitude":-21.742102350455163}},{"userUuid":"decc481c-ef1a-4d5a-90c0-5244c78d01cd","userLoc":{"longitude":-96.15705652466607,"latitude":-13.702347833413725}},{"userUuid":"fc5762b5-3394-4bc3-8154-5085af318a32","userLoc":{"longitude":-77.23034492930168,"latitude":34.28378969634912}},{"userUuid":"b04a91ed-3702-42cb-a72f-56cba9caf7d8","userLoc":{"longitude":117.31348369943345,"latitude":29.753681682283215}},{"userUuid":"3db08e8d-8fdf-4b11-8672-28ea86005404","userLoc":{"longitude":-17.472110628869245,"latitude":-54.022287246331985}},{"userUuid":"73b5960a-90d6-40d0-892c-2c0e5ebfb59a","userLoc":{"longitude":40.233327252055915,"latitude":-25.04129531273012}},{"userUuid":"caa4354e-11f0-4c12-9c15-0d54caa7c174","userLoc":{"longitude":-150.4761637792686,"latitude":32.604503006594555}},{"userUuid":"3b8a9a99-5681-4499-97bd-dee67327f977","userLoc":{"longitude":-174.15853082184105,"latitude":9.034719193475041}},{"userUuid":"6e46787c-3520-4d8c-a10a-0631655c254f","userLoc":{"longitude":-2.167071320718861,"latitude":-53.36764517529801}},{"userUuid":"10491580-9da6-4b92-9e28-e22e589e6fc3","userLoc":{"longitude":-76.69295153331329,"latitude":31.86758550897794}},{"userUuid":"ffd01251-fba5-4eab-8ebe-734cae909245","userLoc":{"longitude":-5.5949588300711355,"latitude":-3.7011651890528583}},{"userUuid":"8150ba42-5084-4fd8-a898-817a3a6d3bb3","userLoc":{"longitude":44.23983720236049,"latitude":18.657567422988052}},{"userUuid":"04131e1c-bb01-4bd8-a4ab-1756f7ce41f4","userLoc":{"longitude":158.72949716069866,"latitude":76.86670253474506}},{"userUuid":"e465a464-09b1-47a5-a372-6ae618dd75a2","userLoc":{"longitude":133.09912864677528,"latitude":76.16173807372556}},{"userUuid":"01b52144-3976-47c3-99a3-14e0af5e2d83","userLoc":{"longitude":177.53028391822124,"latitude":-19.19424497458445}},{"userUuid":"8f9dae83-cf79-464e-82e8-4d9ce6161a9d","userLoc":{"longitude":146.42168442048734,"latitude":-55.90465311182794}},{"userUuid":"0a77df81-13be-4c68-91c1-195b73798402","userLoc":{"longitude":-140.6176972862914,"latitude":-4.044063526629657}},{"userUuid":"b5e9a6c1-bd6c-47cb-be33-c5b0432a7138","userLoc":{"longitude":0.6957351561037513,"latitude":-41.50802268953394}},{"userUuid":"ba19f160-6079-4308-a5e8-9f0b311f59df","userLoc":{"longitude":-155.38085869222473,"latitude":-44.84237457487101}},{"userUuid":"9f1a6c12-a0bd-40e1-b34e-8e3df033077e","userLoc":{"longitude":83.0177576512695,"latitude":-35.3590527870814}},{"userUuid":"045184cd-807c-4ad2-807c-e46f7af616de","userLoc":{"longitude":103.26090936805787,"latitude":-50.036228583809944}},{"userUuid":"00b5e221-2949-4193-8066-ed71572ee56e","userLoc":{"longitude":166.6220226261771,"latitude":65.2094400284875}},{"userUuid":"34c701c2-6c8e-47d5-8c6c-db96eab8fba0","userLoc":{"longitude":75.56220478671517,"latitude":-51.14902276307108}},{"userUuid":"b5506485-9e0e-4696-acd4-5484f10a1b87","userLoc":{"longitude":8.399481834976228,"latitude":84.27434452713257}},{"userUuid":"8e5036a4-61bd-400d-b273-c9aa1988c0ef","userLoc":{"longitude":-47.60129501966915,"latitude":-61.37308241140198}},{"userUuid":"34562459-9353-4ad5-80df-bb9d5f5a7efa","userLoc":{"longitude":143.9439654028344,"latitude":-41.33841987818626}},{"userUuid":"e85fe22b-16a9-40af-8aa6-5dc79cecee3b","userLoc":{"longitude":172.7800881213144,"latitude":41.8371803164339}},{"userUuid":"e5fbd4c6-c5a1-41d5-b12d-bf155493c807","userLoc":{"longitude":178.58057374085178,"latitude":41.59379006901641}},{"userUuid":"a566efc8-b9ce-4345-b563-c7b141dd70be","userLoc":{"longitude":-143.004122389013,"latitude":-12.62222390993061}},{"userUuid":"55d21b0d-bcd3-443e-a902-abfa19ec2458","userLoc":{"longitude":-118.01956484580708,"latitude":-31.772131824372707}},{"userUuid":"2708b593-9da0-4445-937b-82c00fe550a4","userLoc":{"longitude":-0.7668927782319201,"latitude":-81.4170412773532}},{"userUuid":"4a952998-b58f-4831-a61e-146351ced64c","userLoc":{"longitude":-141.4681204301116,"latitude":0.846940135024056}},{"userUuid":"546f693b-150d-4250-8251-44b57f9a2008","userLoc":{"longitude":-153.73479648409958,"latitude":-83.47339523917202}},{"userUuid":"f7d875e0-f3eb-4e76-ac49-5bbddfb4db22","userLoc":{"longitude":-162.0759960821808,"latitude":53.683937940402075}},{"userUuid":"0f320860-2f3b-47b7-a70e-be51823500c5","userLoc":{"longitude":-169.13810187633146,"latitude":-59.35713693677138}},{"userUuid":"23f4b3f7-35d4-4623-90be-8f21e0c9bf3f","userLoc":{"longitude":-61.73854009291641,"latitude":23.32234950072936}},{"userUuid":"11e8ed75-833d-4f89-afb2-e857c6651945","userLoc":{"longitude":-111.94190148765378,"latitude":83.16519005451033}},{"userUuid":"bba4224d-7cf7-4b04-bb13-82b7f11fde2f","userLoc":{"longitude":70.63988465665432,"latitude":65.80555911620695}},{"userUuid":"ad3ef58a-dd05-4179-8590-3f810ecfbda2","userLoc":{"longitude":31.090822160853435,"latitude":-71.45577795670263}},{"userUuid":"0c588be6-9b7a-4396-b032-562090717d00","userLoc":{"longitude":-178.6232559659963,"latitude":-26.429819466354964}},{"userUuid":"8087fc84-f71c-4e3f-900f-3652938a8f32","userLoc":{"longitude":-5.676832497552795,"latitude":11.40461625438843}},{"userUuid":"dc54f719-d45d-433e-a53f-25dd8915d335","userLoc":{"longitude":-92.1542029602283,"latitude":60.824860571057144}},{"userUuid":"fb4a3e3f-0586-4dae-a0cf-faef00df39f7","userLoc":{"longitude":-99.52226917381343,"latitude":35.05625389053317}},{"userUuid":"e0c46ef7-a508-41ad-a989-78892ee07dc0","userLoc":{"longitude":134.59587314582683,"latitude":-65.88565057292465}},{"userUuid":"9db701c8-3d87-4681-acb2-a27529ec3e43","userLoc":{"longitude":-158.96199420089047,"latitude":76.39990830312632}},{"userUuid":"9254a72f-826b-406b-b573-46b7672dc2e9","userLoc":{"longitude":64.13874659654724,"latitude":8.599586046923974}},{"userUuid":"2520d644-f4d4-4732-a34b-c4cf066e2df2","userLoc":{"longitude":-90.44584592307139,"latitude":-72.57227566193994}},{"userUuid":"65df0519-e437-49b6-9a88-d85ec39326cb","userLoc":{"longitude":-45.06477563109661,"latitude":-81.70389876571373}},{"userUuid":"3ec851b6-c323-4ac3-9df0-35ddda78be0e","userLoc":{"longitude":93.6320297705401,"latitude":-19.033641305432624}},{"userUuid":"69d10b9f-a2db-40df-8f01-a109ca36f95c","userLoc":{"longitude":-144.85855816585376,"latitude":65.16269308237409}},{"userUuid":"b1c35ecf-af71-49f9-80a0-4de13f921976","userLoc":{"longitude":163.64857182731595,"latitude":-80.78472989337516}},{"userUuid":"52cd6b31-2abf-4f8c-ba86-29e4230f5fd4","userLoc":{"longitude":-119.49958749655133,"latitude":-54.662297775077704}},{"userUuid":"c96c1e7e-6d5c-4269-ae58-926d101250c1","userLoc":{"longitude":-179.99263215746288,"latitude":-18.015916598622923}},{"userUuid":"522747b6-1fd0-4c02-8e3b-32fbfc00c552","userLoc":{"longitude":-18.26964206732532,"latitude":-72.54733992542872}},{"userUuid":"38ffef41-1c3e-4be5-b918-1c15ac6c1ad0","userLoc":{"longitude":1.5815376698163846,"latitude":-61.3501578255337}},{"userUuid":"fe1ee397-5836-4135-b1b2-f7d9b368d0ab","userLoc":{"longitude":-19.577403601997787,"latitude":-79.30408584175503}},{"userUuid":"b0a967b6-961f-4524-a78b-5ed66b08f891","userLoc":{"longitude":-66.28443523070783,"latitude":-79.49437547592079}},{"userUuid":"21443fbb-f76a-4b6e-bbb4-03dc8df8009b","userLoc":{"longitude":24.0149348659495,"latitude":57.44537103783108}},{"userUuid":"937ca6bc-800d-42ae-9c42-cd0c5f9e1900","userLoc":{"longitude":114.7035984642751,"latitude":42.836693877946075}},{"userUuid":"fb7e026e-aa15-49d0-98a9-ade57ca39a4e","userLoc":{"longitude":159.60185786690914,"latitude":26.30880434791611}},{"userUuid":"8575d3fc-1ec4-47b1-b18b-4dc3d6e4e7dc","userLoc":{"longitude":-59.74930804734453,"latitude":-78.77559870771562}},{"userUuid":"a630beec-4a55-4edf-b958-bb70800fd68a","userLoc":{"longitude":-83.8688782917353,"latitude":33.841638208847}},{"userUuid":"0d2f81b5-a82c-441b-957b-42707959c8a8","userLoc":{"longitude":89.58654505324637,"latitude":-69.41479298936991}},{"userUuid":"b484df8a-e4e3-4f93-a10b-59663c718329","userLoc":{"longitude":178.30828725176787,"latitude":70.44653586078564}},{"userUuid":"161d7e79-754b-47b6-b6b9-f045e3660a67","userLoc":{"longitude":155.5737013287142,"latitude":-57.875864592049595}},{"userUuid":"f9118da6-e72b-4d6e-b37e-46157669794f","userLoc":{"longitude":132.66445141915898,"latitude":84.48350437814366}},{"userUuid":"58182c0e-31dc-4068-b8b1-a9e2b415a342","userLoc":{"longitude":84.75477348516267,"latitude":-3.9599842447558586}},{"userUuid":"7a873c0e-10d9-4d8d-bee9-d3efb7b0b6db","userLoc":{"longitude":-109.05948605073733,"latitude":-78.17958971000799}},{"userUuid":"bc3947f9-61a6-4f93-af86-f20c596cf2f5","userLoc":{"longitude":-11.07870512278808,"latitude":74.52097515243898}},{"userUuid":"17136943-4ea0-45bf-8fd0-33e180a9e6ae","userLoc":{"longitude":-24.540524168137665,"latitude":-59.59066514794068}},{"userUuid":"8105e8af-f20d-419e-8b33-5e9ebf1e3e5f","userLoc":{"longitude":61.19247020940264,"latitude":-79.10165460790117}},{"userUuid":"ad0028d9-9d28-4210-864b-f0967bacca8a","userLoc":{"longitude":19.970494598913746,"latitude":-43.32519559012178}},{"userUuid":"b3289c82-525b-4aad-a315-5d91aefd23fb","userLoc":{"longitude":157.49019717665146,"latitude":60.41437601953467}},{"userUuid":"35159a4c-04e8-4780-8ac9-641347b1fcce","userLoc":{"longitude":34.74559589585451,"latitude":-45.975351793278}},{"userUuid":"2e17f4f3-d7e3-4f7e-be2c-ccffac7ba022","userLoc":{"longitude":-171.10310275610397,"latitude":-57.55023702269826}},{"userUuid":"9e6c34cb-7755-47ee-bef2-848e8c80b841","userLoc":{"longitude":-159.9246149425156,"latitude":-35.99269273712975}},{"userUuid":"0602a097-ce3d-406f-b530-8731a29cb848","userLoc":{"longitude":142.8551467844129,"latitude":-81.76950851207039}},{"userUuid":"524e607d-e525-41a9-94dc-0866327a3545","userLoc":{"longitude":-98.69594722686527,"latitude":8.037612777904684}},{"userUuid":"1b57abd1-89a3-4e7d-b249-c2ddfb075792","userLoc":{"longitude":126.00232218808668,"latitude":-65.99737711248855}},{"userUuid":"7d08d232-f84a-429c-9c35-a454fc4fcdc8","userLoc":{"longitude":116.87012758847004,"latitude":-79.96572308836437}},{"userUuid":"a503a024-6361-4643-a159-fd08aeaa14d9","userLoc":{"longitude":179.44512448462012,"latitude":-27.241761455167044}},{"userUuid":"2363ab0a-2a86-431e-a564-0d62bb7073ea","userLoc":{"longitude":-165.0314649810738,"latitude":64.41337574444364}},{"userUuid":"0cf93599-d32f-4f44-86ab-a168211f66d6","userLoc":{"longitude":176.06852376326964,"latitude":-57.306741550460586}},{"userUuid":"9ba0a394-66e4-467f-a14d-cbb117ee0ed9","userLoc":{"longitude":73.3672836223237,"latitude":-51.022522565282706}},{"userUuid":"75e72e50-d7cf-4ae3-a556-82503778b16e","userLoc":{"longitude":-129.4676656375615,"latitude":-65.02822730453528}},{"userUuid":"3e9718e3-91d4-4115-bf72-1a69be2be2cb","userLoc":{"longitude":-38.5971048505055,"latitude":-23.780326845351503}},{"userUuid":"7fb0bbbd-205e-4fe5-9442-83d7d53d5e75","userLoc":{"longitude":164.06341356905705,"latitude":-12.869136124982873}},{"userUuid":"5ba3a7af-71c0-48df-97c2-8d041580e6c8","userLoc":{"longitude":128.4168008232777,"latitude":67.54746431500021}},{"userUuid":"ee3392ea-48d0-460c-981a-62550f7c1ae3","userLoc":{"longitude":10.393390571104561,"latitude":-12.217257436964104}},{"userUuid":"4961a013-ce4a-4aeb-a7f6-c8aba8ff5927","userLoc":{"longitude":122.66012687771405,"latitude":32.231415407574474}},{"userUuid":"20ec18a9-e762-4a01-9dc6-16e3451ae6c7","userLoc":{"longitude":-32.05119537168065,"latitude":-58.08781401731997}},{"userUuid":"5065b851-9d55-4dba-b4c4-b5625d5aa7a1","userLoc":{"longitude":39.666494398668874,"latitude":65.24990689000239}},{"userUuid":"a2a7b756-00b5-4e55-bcd9-e9a22088f44f","userLoc":{"longitude":-106.10706873036824,"latitude":45.308867397533476}},{"userUuid":"10960dbb-e57e-420f-a5bd-6945afee6305","userLoc":{"longitude":-139.39409604858506,"latitude":-10.021502953780299}},{"userUuid":"cd7cb48d-9909-4d7a-a3e0-0a914ae7b1a9","userLoc":{"longitude":62.79185854863286,"latitude":-84.2782786501178}},{"userUuid":"b0453817-5ae3-4c6b-a167-5cfa2384a15e","userLoc":{"longitude":169.2268418419634,"latitude":-4.615010293810698}},{"userUuid":"659b9c7a-38a4-47c7-9d6f-07a5f356734a","userLoc":{"longitude":-58.212506358878414,"latitude":-77.60743116359612}},{"userUuid":"8febcbe9-139d-486f-a504-8f2ce4ff11a7","userLoc":{"longitude":-170.61406893830292,"latitude":-47.93206458862119}},{"userUuid":"78848e5e-fec2-4601-a74d-8123adce88ea","userLoc":{"longitude":150.59629499115573,"latitude":43.57172152445884}},{"userUuid":"1f09206a-d614-49a3-bf22-07e3dd6ba920","userLoc":{"longitude":162.54405835968925,"latitude":55.39641651556988}},{"userUuid":"742467e8-7872-41fb-8b58-19d31f6d78d3","userLoc":{"longitude":131.49336230337087,"latitude":51.85631811289477}},{"userUuid":"046671ca-16db-4633-9a7c-dfcac842e6c6","userLoc":{"longitude":126.12441272528065,"latitude":-37.25751316035376}},{"userUuid":"2f1eef7f-edfb-4b37-8eca-913f44eda952","userLoc":{"longitude":-143.3544129041429,"latitude":75.38843956235112}},{"userUuid":"71217ca8-2fa4-4e73-bd66-f062c738f0ab","userLoc":{"longitude":119.4271951479763,"latitude":-46.04490411922676}},{"userUuid":"6a53dce3-3ad9-47fb-906c-422944bcdbc0","userLoc":{"longitude":158.8545247433952,"latitude":25.236196638204305}},{"userUuid":"21c11012-f151-492d-a37f-f63e68c5ee00","userLoc":{"longitude":-131.296179172817,"latitude":-45.31611210151618}},{"userUuid":"4cfd70d5-7261-47e2-8640-1c14ecb4e98e","userLoc":{"longitude":-5.574967340369142,"latitude":-41.558236930154294}},{"userUuid":"b6f536f8-7675-4cba-ab49-27030f961340","userLoc":{"longitude":-43.411423941169744,"latitude":-36.04498973800793}},{"userUuid":"82fd22c9-091e-4440-b2fc-5bf552727530","userLoc":{"longitude":-68.74833308616819,"latitude":72.74375180631895}},{"userUuid":"e9fc2238-1ada-4157-9f86-ea51cf46acc0","userLoc":{"longitude":47.87283744622397,"latitude":57.50455001245675}},{"userUuid":"32cba665-621e-43eb-9ea0-22e5316db20b","userLoc":{"longitude":-134.6034070996161,"latitude":2.8032886970190702}},{"userUuid":"232db1db-608e-4936-8a62-5612ec0e0cf5","userLoc":{"longitude":-118.41002390090296,"latitude":70.66535832207674}},{"userUuid":"721d3807-565e-48f4-9633-f5a0da775d3f","userLoc":{"longitude":-47.060018726449215,"latitude":7.208670445789949}},{"userUuid":"b4834605-2880-469e-a79a-01aa25e84bce","userLoc":{"longitude":-45.54176275267048,"latitude":-67.0243718845699}},{"userUuid":"fbbf5a3e-3626-4df4-afa6-bf7e04c7a32c","userLoc":{"longitude":39.193842818420904,"latitude":73.61105405720275}},{"userUuid":"0da62b1b-ea84-41a6-8763-84c68534bc30","userLoc":{"longitude":80.23793900273597,"latitude":-9.91018976557794}},{"userUuid":"d2501fda-18dd-494c-9589-242864adfe64","userLoc":{"longitude":-173.41461314194277,"latitude":-29.066810146867127}},{"userUuid":"b1ff1248-82aa-4cb1-bd0d-8d335fefe261","userLoc":{"longitude":-80.62543586140654,"latitude":39.17112864573373}},{"userUuid":"20ad51da-044f-429d-92c7-60d91dc7a642","userLoc":{"longitude":-89.38959040938465,"latitude":7.600023857945175}},{"userUuid":"7e254aaa-399c-4357-b550-7382687f15eb","userLoc":{"longitude":-17.566248432133108,"latitude":-73.47348479323496}},{"userUuid":"7933ca00-eaf8-4615-a3ce-969c8267017d","userLoc":{"longitude":-10.922810075389378,"latitude":32.492543763164036}},{"userUuid":"0cf6d953-bb5f-4ce6-9ae5-7c6320146a36","userLoc":{"longitude":54.09795261563019,"latitude":35.34454149187512}},{"userUuid":"582a0097-6c79-4b9d-9f5e-84cd9dedea43","userLoc":{"longitude":-2.2936039606008194,"latitude":62.7295113413999}},{"userUuid":"db818377-83d5-4559-8930-b02381d666da","userLoc":{"longitude":86.54998042239833,"latitude":74.69295894819061}},{"userUuid":"905e7616-bcb4-40d9-a8ef-c172799417d0","userLoc":{"longitude":176.09186313226945,"latitude":-49.726830227783495}},{"userUuid":"67dc53d4-9f7f-4a20-862f-9d82567c99ef","userLoc":{"longitude":-36.554797922806586,"latitude":-23.776844998580145}},{"userUuid":"3af08fa7-989f-4c08-ac79-0c46d913f288","userLoc":{"longitude":68.16185424479568,"latitude":-23.55367933593272}},{"userUuid":"57c25406-0cb0-419c-81b0-a1f79b8be8b6","userLoc":{"longitude":-96.78070230126619,"latitude":0.9680632452523241}},{"userUuid":"d3ad2451-ecde-4f71-a48a-e8ab935596d4","userLoc":{"longitude":67.5426640599207,"latitude":48.2522853895573}},{"userUuid":"5a7d8a9f-40fe-4fd8-9e69-78bdd7ce4f77","userLoc":{"longitude":142.9812036285457,"latitude":80.57939103774348}},{"userUuid":"96e3abff-eef5-4f9f-b153-3243a668913d","userLoc":{"longitude":-43.458626845240246,"latitude":28.742092220827715}},{"userUuid":"62f8ad77-24c1-4c5d-8422-ae0f07fdecdb","userLoc":{"longitude":54.157626462611546,"latitude":75.01117679773836}},{"userUuid":"3ec0775a-d77b-49e6-a559-3f4dbfee6a2c","userLoc":{"longitude":-3.9320544174386214,"latitude":49.40749705126433}},{"userUuid":"423c9471-3981-46b9-a5d5-2f3dc8869dee","userLoc":{"longitude":-178.45298976088995,"latitude":65.33999944781758}},{"userUuid":"33a78459-0436-43b0-b22d-8415e988da6b","userLoc":{"longitude":179.3977191048716,"latitude":22.115992218610074}},{"userUuid":"c947621d-b935-48ae-a2b5-d1c5364f34f7","userLoc":{"longitude":80.61678079904283,"latitude":63.663453532383585}},{"userUuid":"7b7642d6-88ac-4758-96eb-85960e11c8fe","userLoc":{"longitude":7.040847742879492,"latitude":-27.20464287768408}},{"userUuid":"8227918f-a8e5-401f-bbfc-2701d0f037d4","userLoc":{"longitude":79.7431022236388,"latitude":-46.97086594300705}},{"userUuid":"94eeb1bb-c7a8-44b9-80a7-2ce5a5892821","userLoc":{"longitude":42.72746667985365,"latitude":22.953842621945356}},{"userUuid":"f7b105c4-53e8-44b3-9d9f-cbac5732c94c","userLoc":{"longitude":118.67872519212267,"latitude":-57.81917943539105}},{"userUuid":"e85fc43d-494d-4a59-b219-65d7c2b97c70","userLoc":{"longitude":26.81556768588527,"latitude":-52.09912248913339}},{"userUuid":"41e40880-2155-4372-be0d-703c990eb79f","userLoc":{"longitude":-57.4994092063522,"latitude":26.551491919400135}},{"userUuid":"1ea5e1ac-185c-40cb-8a14-a547824e1ce5","userLoc":{"longitude":178.40303008440048,"latitude":27.029373282367303}},{"userUuid":"951bd19d-62c6-4d71-b60d-cac595b0ffb9","userLoc":{"longitude":-42.28700478909457,"latitude":-55.3258211894927}},{"userUuid":"ce1512f4-7574-488c-a2ee-67f916141c8f","userLoc":{"longitude":-35.8441626504669,"latitude":-19.615287339329598}},{"userUuid":"4ff5d284-cb7b-4c9b-88bd-69771a9d9f79","userLoc":{"longitude":-53.21702390182412,"latitude":-10.964402443047248}},{"userUuid":"77376f5b-16fd-494b-af6c-53ed211613ba","userLoc":{"longitude":20.81758849440962,"latitude":44.43609356345743}},{"userUuid":"f90d3ead-da9f-4344-bcdd-aa07bc3a4d02","userLoc":{"longitude":-34.90630944099482,"latitude":24.161267011960135}},{"userUuid":"e976fba3-9c3e-46a4-b22b-3086707fdd02","userLoc":{"longitude":105.15137545458447,"latitude":-30.276190523999112}},{"userUuid":"7c154b13-1140-4abd-a422-5c89b237512c","userLoc":{"longitude":-124.71181918970377,"latitude":-28.99859126349505}},{"userUuid":"b9a4c36b-fc4a-4dd9-aa4f-3276376effbc","userLoc":{"longitude":-78.83390174095373,"latitude":18.270637645820315}},{"userUuid":"7b5e9ce2-5cba-4def-9842-ba94aeb486ea","userLoc":{"longitude":-69.44721221378083,"latitude":13.420839152675072}},{"userUuid":"5550e2e3-9834-4713-bd34-4eba82bd5ce2","userLoc":{"longitude":71.16817913769395,"latitude":23.961726742573006}},{"userUuid":"479908ed-47dd-4e4e-82b2-0abb821a2270","userLoc":{"longitude":39.22598270439752,"latitude":61.7027890042784}},{"userUuid":"8aa05099-8cf9-4d4a-b616-749f53dd5c3c","userLoc":{"longitude":155.5312006971199,"latitude":-45.267697911124124}},{"userUuid":"f9879f42-6700-49c1-8fee-4d67c68eddf8","userLoc":{"longitude":158.4111272818053,"latitude":-11.515059287408462}},{"userUuid":"2b7f1f8c-81b7-4754-bea7-313869f5d806","userLoc":{"longitude":174.9978314261263,"latitude":-72.81421554712648}},{"userUuid":"5c44bd28-0ec9-4d83-8af7-7b6c0a974187","userLoc":{"longitude":-132.3121002252785,"latitude":55.388128703765005}},{"userUuid":"7cf5d181-edd2-4d27-bcb4-5c5b9215d8d6","userLoc":{"longitude":-162.91014831075483,"latitude":25.883436482614513}},{"userUuid":"e49b588a-8680-4e69-9582-f29d2af673d7","userLoc":{"longitude":24.407317742406576,"latitude":21.93305828843873}},{"userUuid":"c9ac3d07-a332-491f-8a4e-c3e5b4ff9375","userLoc":{"longitude":22.742313537536717,"latitude":75.44110844222291}},{"userUuid":"069eb024-ed4d-473f-9350-ee190301156b","userLoc":{"longitude":19.67104732462846,"latitude":-50.624746627794686}},{"userUuid":"b769b123-aa46-4787-9056-edf87b3b24c8","userLoc":{"longitude":150.29667234121257,"latitude":70.02321326218544}},{"userUuid":"54e647c8-05cb-46bd-9d88-2e7fadbf5f9f","userLoc":{"longitude":166.4999124270588,"latitude":-59.760224647745815}},{"userUuid":"85953473-df42-48dd-b7ab-48687f39a03a","userLoc":{"longitude":160.8602838155527,"latitude":-45.47671716362918}},{"userUuid":"afdb615b-e3c1-4804-9e5f-de9ee08ca65c","userLoc":{"longitude":50.37042667929043,"latitude":22.581865392980305}},{"userUuid":"b96cef4c-b9e1-4c53-801d-f189e7cdba85","userLoc":{"longitude":57.41599159671475,"latitude":23.324911080003076}},{"userUuid":"d68b5c27-0ca2-4cb3-96e7-da45dd7cad29","userLoc":{"longitude":124.9306390171568,"latitude":-51.041434048448366}},{"userUuid":"dbcc84d7-88a8-4a60-96a9-48a4ef569ecc","userLoc":{"longitude":162.97411875656917,"latitude":29.019518309454114}},{"userUuid":"ddc54bea-8562-41ce-b966-dd40b768d5c1","userLoc":{"longitude":56.0491287647061,"latitude":-53.7635359303861}},{"userUuid":"d7b51842-aa3d-452f-985b-6a965c6b1750","userLoc":{"longitude":-169.5555089543336,"latitude":-52.302049308680715}},{"userUuid":"f3af3f56-f242-486e-9348-95d9a8ec8bb5","userLoc":{"longitude":8.419730531693403,"latitude":-75.7767773027941}},{"userUuid":"8a6548a2-9a00-433c-8142-49b92e0297db","userLoc":{"longitude":-96.64243216475077,"latitude":8.747049865798147}},{"userUuid":"a1bd83b6-b9c0-450d-bd9e-56e091ed8c23","userLoc":{"longitude":-173.88784543299866,"latitude":-18.944385175657615}},{"userUuid":"d20e914f-a576-4705-862f-653c5c82ba98","userLoc":{"longitude":-169.49107595135973,"latitude":-0.24436343462822663}},{"userUuid":"fc6ed4cc-d67e-4df8-a476-e1d5c6420532","userLoc":{"longitude":95.41188323044628,"latitude":-59.90613052106036}},{"userUuid":"a76186ee-be8a-4d77-8868-13163feed6e0","userLoc":{"longitude":-135.14325840203645,"latitude":-11.662047967546272}},{"userUuid":"cd01e674-451a-4f1c-b0aa-fac333086f5e","userLoc":{"longitude":-22.22965609984928,"latitude":23.14605646129948}},{"userUuid":"855dbe15-2c2a-4768-921f-14e1338312e4","userLoc":{"longitude":-113.94880303580183,"latitude":-44.80911630658254}},{"userUuid":"607c4a5f-1957-4984-a155-2959a679083e","userLoc":{"longitude":-148.11745945528494,"latitude":63.39134978385144}},{"userUuid":"e4199030-6094-4907-9e11-b58d6f62bbfa","userLoc":{"longitude":118.3191707709326,"latitude":15.453448379252436}},{"userUuid":"0c67748a-9e7a-47b1-b86d-aecf1454eb86","userLoc":{"longitude":-124.24828091800146,"latitude":-8.637104687736255}},{"userUuid":"0859deee-f84d-40a6-9381-ad9cc3636990","userLoc":{"longitude":-121.55653728831933,"latitude":-53.574692259289705}},{"userUuid":"7cb1952c-3eb2-4fde-b8bb-67278690e1fd","userLoc":{"longitude":82.29165693027784,"latitude":-36.67197399015799}},{"userUuid":"5a4960fd-7253-44b7-9b99-2f162cc6d288","userLoc":{"longitude":163.60364904548408,"latitude":9.642366824424457}},{"userUuid":"bc50d2c0-5522-4088-96fa-3b2e9c31c231","userLoc":{"longitude":144.94939409833023,"latitude":27.179388176461913}},{"userUuid":"41b66e62-1c69-4751-865f-34d065951b2d","userLoc":{"longitude":-167.82084584788055,"latitude":74.51254346749184}},{"userUuid":"035fc52d-b762-488b-8ee7-de4ae34928c2","userLoc":{"longitude":134.66861939908358,"latitude":-10.79741707192116}},{"userUuid":"9f1cd29e-430c-4e3a-a220-9e111366c049","userLoc":{"longitude":9.998157406632572,"latitude":13.729597667233449}},{"userUuid":"32f5ff67-446e-481f-8bf7-fb4cef5acb20","userLoc":{"longitude":-118.02110177549491,"latitude":45.12367410386378}},{"userUuid":"55c5ab9f-6a82-4e64-9316-1a3352500458","userLoc":{"longitude":-24.637198204161223,"latitude":36.67513726755314}},{"userUuid":"ad651ed0-d27a-4783-a895-a16b6d937f31","userLoc":{"longitude":-113.08081721818597,"latitude":72.90969613944611}},{"userUuid":"836504b9-1afd-40b9-b46a-c27872ddaf4e","userLoc":{"longitude":-176.1004633967536,"latitude":63.754348801682994}},{"userUuid":"db8a7c6f-d20e-48b9-b2a3-7cc0e0b80af2","userLoc":{"longitude":-126.96418941820912,"latitude":-39.53512336869805}},{"userUuid":"83a1857e-0c9f-41d2-a74f-977e687d9557","userLoc":{"longitude":141.4532392571212,"latitude":-21.999352453822496}},{"userUuid":"1bd57578-be93-433d-8285-b4c263396ea1","userLoc":{"longitude":48.58406068367381,"latitude":-69.09497995329949}},{"userUuid":"cbcb2d87-3f39-4606-a1c1-2141491b89c4","userLoc":{"longitude":28.7410356817349,"latitude":-13.215670259284664}},{"userUuid":"7b2a6ddb-1d54-409a-82bb-1f6ae4a90985","userLoc":{"longitude":-119.7819436657942,"latitude":57.02262957330598}},{"userUuid":"d65a0b00-ae6f-4a53-b471-3f6ff5e53bc9","userLoc":{"longitude":-22.866449701439933,"latitude":-42.16795276748625}},{"userUuid":"b36b00ec-ea4d-4bd2-8aa0-a6e0d86774be","userLoc":{"longitude":154.76289292262754,"latitude":58.077702943489925}},{"userUuid":"9a6162f8-cc95-4f93-8028-c7fa91822eda","userLoc":{"longitude":76.44266203652217,"latitude":16.069317863570774}},{"userUuid":"885af3e8-c9f6-4a17-9862-d23a172b1c11","userLoc":{"longitude":57.149107035068994,"latitude":-1.4240150188461485}},{"userUuid":"8a17469c-7ddd-4605-9dec-4c18e47bc51d","userLoc":{"longitude":-39.16914071460039,"latitude":63.08094701360605}},{"userUuid":"867f807c-05e6-4c4b-8daf-e4e7a17d32f0","userLoc":{"longitude":142.5696012281545,"latitude":-48.585302307523655}},{"userUuid":"acacf841-a420-4bbd-b60c-afa10faa932d","userLoc":{"longitude":84.74213981724267,"latitude":-40.333978788346144}},{"userUuid":"719ee1c2-a191-4e4d-bda4-d0835ccd7f2b","userLoc":{"longitude":43.378004113588474,"latitude":14.702856724067615}},{"userUuid":"af00a94a-af78-4ea4-941f-f2279b0c3341","userLoc":{"longitude":-165.90857378363717,"latitude":72.07022634522735}},{"userUuid":"1d74ba80-5f4f-435d-b043-cff54551505c","userLoc":{"longitude":44.77701704212481,"latitude":-30.085258765889613}},{"userUuid":"c6ff0c6d-e87f-4888-9f89-9c90204b6437","userLoc":{"longitude":-105.69714073248542,"latitude":-73.03105484218831}},{"userUuid":"59265ae5-3d4e-4aeb-8ac3-733aaf59c14e","userLoc":{"longitude":-82.7085756365953,"latitude":-74.32552377928907}},{"userUuid":"406b5cb2-934c-4104-ae5b-57829219546a","userLoc":{"longitude":-144.03608972795732,"latitude":6.265250920290015}},{"userUuid":"7ce79654-6fb1-4a35-9311-b028fa520b1d","userLoc":{"longitude":170.3290356210806,"latitude":-53.49675550277719}},{"userUuid":"f7c04ca4-ae5a-43d9-9815-b8836116b9a4","userLoc":{"longitude":145.73794581112963,"latitude":49.32387477662337}},{"userUuid":"bcf9c977-886e-43cb-b23a-9fe4c4c20a8c","userLoc":{"longitude":54.06218611920187,"latitude":-49.96737827419847}},{"userUuid":"131b89ae-4bed-4714-9880-19aaf8fdabbb","userLoc":{"longitude":-94.57099364006255,"latitude":14.988569824581262}},{"userUuid":"2e03d8b8-0c51-430f-859b-b3144c31466c","userLoc":{"longitude":-71.26578987967775,"latitude":29.719444562629363}},{"userUuid":"51969f2f-7b87-4494-b575-0ac13e7f9299","userLoc":{"longitude":30.05448820715074,"latitude":79.62980148283307}},{"userUuid":"545c5b64-d3ed-44a4-b4f9-4bf65178f171","userLoc":{"longitude":-135.93950366355003,"latitude":6.280730979857282}},{"userUuid":"cb94cdfd-239f-4188-8c8b-68df03e47937","userLoc":{"longitude":-0.01386910953689835,"latitude":-17.852079858403187}},{"userUuid":"452c2c2d-e3a1-4bad-9e81-9d26d31f6fe2","userLoc":{"longitude":-55.07983802137929,"latitude":-5.410130746557627}},{"userUuid":"430c6499-e2b2-4f7b-842d-30b507df99da","userLoc":{"longitude":-76.97748068374314,"latitude":-31.387834834657504}},{"userUuid":"091477eb-d955-4f3a-aa7e-e26f66710215","userLoc":{"longitude":22.197881616854403,"latitude":64.08156798270767}},{"userUuid":"ce79b0c5-02bd-41ab-af10-30596dff407a","userLoc":{"longitude":31.64228666616188,"latitude":77.51310176532752}},{"userUuid":"3d3f2716-6850-4c8b-a576-74e894748002","userLoc":{"longitude":2.682994415132555,"latitude":-78.06338139176785}},{"userUuid":"c5517f14-abad-4ae1-bf27-8892463d2a8d","userLoc":{"longitude":55.31068429269223,"latitude":18.325281956176497}},{"userUuid":"da42133f-1798-4135-bdb6-d797fab4fd08","userLoc":{"longitude":86.07292964885727,"latitude":-50.94344461791659}},{"userUuid":"313956ee-7483-455a-bbaa-e764531f6551","userLoc":{"longitude":33.05693580996541,"latitude":77.57605456749027}},{"userUuid":"31b98ccd-f9da-4dd0-b7df-615cbda81ea9","userLoc":{"longitude":-146.07972188096213,"latitude":-35.89699327291698}},{"userUuid":"7a9f2290-e3ef-432a-9137-85b5f83a902e","userLoc":{"longitude":-84.10716028350947,"latitude":28.280461365221313}},{"userUuid":"50dd96b3-7e14-4cb9-9bbe-1aa3f34fb356","userLoc":{"longitude":-177.22355801015894,"latitude":41.855474273254785}},{"userUuid":"8cd3cbdf-f8a3-474a-b7d1-c87e6a1ba17f","userLoc":{"longitude":179.40549651292747,"latitude":-53.67877714047657}},{"userUuid":"7fe120da-f71c-434a-bdb2-1e28b9661c0f","userLoc":{"longitude":-90.22250454863813,"latitude":30.911835483773814}},{"userUuid":"9cc6f066-0999-45d6-baa6-21c5964fac68","userLoc":{"longitude":147.34898356380978,"latitude":72.92503359104336}},{"userUuid":"50b16c0b-2586-433f-9d4d-9216faaef3a2","userLoc":{"longitude":20.353267392099582,"latitude":34.79417352035442}},{"userUuid":"a3a86de6-cc10-48d5-af1f-2adbc0821513","userLoc":{"longitude":62.060796580437994,"latitude":19.968938082945556}},{"userUuid":"0be8d449-5104-4d0d-88bb-dce552551958","userLoc":{"longitude":-90.87880495327539,"latitude":61.157429273490294}},{"userUuid":"068a5d00-8868-49bf-b1c1-f7a9e02ebf42","userLoc":{"longitude":-156.8216498840136,"latitude":67.15651766715854}},{"userUuid":"60ddcb2d-39a0-4473-87eb-cf128e66c2eb","userLoc":{"longitude":42.419477005930304,"latitude":-33.12435831688535}},{"userUuid":"407cc5cd-7096-4ea7-aa78-64323227b099","userLoc":{"longitude":-89.67531974944067,"latitude":-61.710486816722536}},{"userUuid":"46bc0aa2-0fc7-4e61-81a9-60c8ea5094f8","userLoc":{"longitude":-135.98337101210936,"latitude":17.908079241890974}},{"userUuid":"6bacfb13-0e8e-4aad-a99d-77690e01b353","userLoc":{"longitude":27.13880677944718,"latitude":80.06000228017558}},{"userUuid":"5639c825-d6f8-4a40-aa01-af0eb08205ea","userLoc":{"longitude":39.404886346376514,"latitude":-48.071697790762705}},{"userUuid":"26334799-008f-46d1-9cff-07932cfa0566","userLoc":{"longitude":52.3161651587198,"latitude":-78.2157566262565}},{"userUuid":"4d82f810-14e6-4607-bf17-4da66a843c5e","userLoc":{"longitude":81.37553388574474,"latitude":-47.771170786258025}},{"userUuid":"dbc30aa7-c2ad-4eb6-a7b3-50a75657b7db","userLoc":{"longitude":-128.34846808270842,"latitude":70.01722667740526}},{"userUuid":"d287c8c3-f1da-44e2-90d9-0112eead646e","userLoc":{"longitude":39.63012473071004,"latitude":39.500229659396965}},{"userUuid":"ec3e377a-c2ef-48ad-8702-84feb664ee30","userLoc":{"longitude":174.9914946019444,"latitude":-38.88314482981968}},{"userUuid":"e80e6de4-7da4-4753-8fba-6421bbf9346d","userLoc":{"longitude":-60.87756817696206,"latitude":-15.55393941728127}},{"userUuid":"319441e2-11ae-44bf-b38e-ce8118dfc57f","userLoc":{"longitude":-122.11295392740749,"latitude":-16.491490883162044}},{"userUuid":"3802e920-9cfe-4401-9fcd-591dece11924","userLoc":{"longitude":179.2361837983936,"latitude":61.88421481190272}},{"userUuid":"e787ed2a-f595-4a48-9769-99bfec9de18a","userLoc":{"longitude":-15.807139985330792,"latitude":1.613469087744079}},{"userUuid":"c35c6f06-08c7-4243-bb92-62202f3ab8ad","userLoc":{"longitude":159.4813194127405,"latitude":27.272347956234782}},{"userUuid":"21eba855-168c-47de-b47f-4fd3351aaa48","userLoc":{"longitude":-101.67608660710488,"latitude":-28.086097842183705}},{"userUuid":"d5584244-f72c-4734-a187-dec89d86d193","userLoc":{"longitude":50.36011695100933,"latitude":-38.17896162084222}},{"userUuid":"222c7a0d-8312-4114-8037-243f81c689ec","userLoc":{"longitude":-156.48402596805803,"latitude":6.66260412509574}},{"userUuid":"aa4fd184-54fd-4d1e-b164-306a03ac75f1","userLoc":{"longitude":-35.29096611001776,"latitude":-61.96159183719642}},{"userUuid":"ee59530e-c74c-4fe7-9431-7e62334dcf9b","userLoc":{"longitude":-123.69335691670287,"latitude":28.026014217304663}},{"userUuid":"2ece0f04-5240-4fc9-bd0b-6ef082d7a37a","userLoc":{"longitude":18.92461660639634,"latitude":-6.775467040067326}},{"userUuid":"82793c6e-d4b1-4627-b059-a9ba68224e69","userLoc":{"longitude":-161.1174763606951,"latitude":27.24754140645443}},{"userUuid":"b73fbb83-0a8a-411a-99c7-1fdd2d56a52c","userLoc":{"longitude":81.9737702301909,"latitude":-71.10485252975481}},{"userUuid":"ecc169c2-be29-4bf1-a072-3808c6aa9a33","userLoc":{"longitude":-7.258544678187434,"latitude":78.60664105240281}},{"userUuid":"be204ff5-10ee-415d-a7e1-e5ca89c15526","userLoc":{"longitude":-80.50884078343157,"latitude":-52.36324559617694}},{"userUuid":"a557262e-5b6e-4ac6-a19c-6fc4920b6871","userLoc":{"longitude":-60.44501355204467,"latitude":-9.569928313796865}},{"userUuid":"2d591035-f830-43b8-bbcc-2fd1349737ea","userLoc":{"longitude":-20.147015289598045,"latitude":27.01237871291805}},{"userUuid":"4c00bf44-af24-45d6-a22c-203870271363","userLoc":{"longitude":139.769682888153,"latitude":65.86711307285276}},{"userUuid":"2a4cf627-33d4-4356-b476-2f204ba2064a","userLoc":{"longitude":-2.6242865404731504,"latitude":72.39699512138358}},{"userUuid":"332966ba-06de-4d2c-8709-11ff00a6a1a4","userLoc":{"longitude":-20.883919438323034,"latitude":-12.67798294060887}},{"userUuid":"fe4e2edc-dc2b-493f-8374-8bee5f8db986","userLoc":{"longitude":117.53609594537664,"latitude":47.23845356507226}},{"userUuid":"5bcf6d68-18a7-43de-bc7d-af68e16b5171","userLoc":{"longitude":86.29300216921439,"latitude":-76.73759234235138}},{"userUuid":"682df70a-c7c7-482f-a0e6-2dc1bc8adbcc","userLoc":{"longitude":-91.64045267225363,"latitude":20.24737111751277}},{"userUuid":"a22994f7-5dfd-405b-b03c-f9a4dadbe0f5","userLoc":{"longitude":-151.87573083493365,"latitude":58.08185587516385}},{"userUuid":"313e4800-be59-421c-9300-8e2a5386fb66","userLoc":{"longitude":-102.07705920286276,"latitude":-21.193041719889372}},{"userUuid":"695a64fb-b968-424c-80d9-f89abb1560e5","userLoc":{"longitude":139.66525783287034,"latitude":56.047334502429095}},{"userUuid":"f114617e-ef2b-48df-93b6-1eb165681689","userLoc":{"longitude":-122.79750023063264,"latitude":73.73327826517072}},{"userUuid":"3dba0c94-340b-40d4-b675-fdc8b0b73af9","userLoc":{"longitude":3.82552156384196,"latitude":13.9886620295148}},{"userUuid":"447aaeb7-9f53-4d88-a28b-b98742fd6742","userLoc":{"longitude":54.45172514854997,"latitude":33.733243377064454}},{"userUuid":"bc507284-d852-402c-8018-e026fe4a3b7b","userLoc":{"longitude":-69.18118191664365,"latitude":-42.91180605516162}},{"userUuid":"8773ae0d-6c1d-42b9-b0c3-69db62dfe787","userLoc":{"longitude":-157.77713166769882,"latitude":36.27044119311482}},{"userUuid":"980259da-bdcd-4347-81b9-1ae974310944","userLoc":{"longitude":139.42557895723252,"latitude":84.40543985460715}},{"userUuid":"eff0d695-37f4-4a14-b032-485085e0535b","userLoc":{"longitude":38.62024131708637,"latitude":28.264253514005873}},{"userUuid":"b6f3b0fd-2058-4a03-8051-683506c9a54c","userLoc":{"longitude":116.67010291985139,"latitude":80.40375023436243}},{"userUuid":"4426efd3-a01d-4231-a2d3-4fa9212f1335","userLoc":{"longitude":-4.389773813037209,"latitude":51.027804365213086}},{"userUuid":"f08c1cab-4be0-4661-b97b-341022dff070","userLoc":{"longitude":24.159172378433283,"latitude":-29.250648905209005}},{"userUuid":"dd3d4533-9238-460c-8160-b8c79d6b08f2","userLoc":{"longitude":-176.49315753833326,"latitude":50.104470377489946}},{"userUuid":"962cc1dd-60e1-4f21-87a5-cde8ddbe856c","userLoc":{"longitude":-117.30331159434658,"latitude":70.56317500893635}},{"userUuid":"61c2cf97-0e9c-4b85-a56e-12b5dcdc5dcd","userLoc":{"longitude":-11.52274082461031,"latitude":12.993818586009027}},{"userUuid":"8bfe23cb-1fba-4011-9de6-87c522908e70","userLoc":{"longitude":-99.13021812227898,"latitude":83.96990804939296}},{"userUuid":"918fa863-da30-48ec-baa8-560723832e71","userLoc":{"longitude":122.52900693251308,"latitude":-44.064904654902904}},{"userUuid":"81906e21-f9dc-4379-89ad-d645529845c7","userLoc":{"longitude":114.78319026681885,"latitude":-80.21450093655366}},{"userUuid":"8bfbefb1-ea46-4d17-9ab5-a9f3e43daf27","userLoc":{"longitude":-160.08689259047418,"latitude":11.493865284010894}},{"userUuid":"9b7e9c17-aaa7-4a12-ba12-b72165d7afc4","userLoc":{"longitude":112.15000849878544,"latitude":62.96766128205621}},{"userUuid":"472b477a-f17c-4d03-84dd-19b5029b6427","userLoc":{"longitude":145.16323851433094,"latitude":-35.5468886545938}},{"userUuid":"6a1f1220-beed-45d2-9eaf-b1e36317633a","userLoc":{"longitude":6.791114168624631,"latitude":49.81626743469667}},{"userUuid":"05953776-ccfd-4a13-821a-4a8a4a354864","userLoc":{"longitude":172.71624675267577,"latitude":-84.80706235534907}},{"userUuid":"af264881-4f35-4ca0-8cfb-394646267941","userLoc":{"longitude":-136.15576509889235,"latitude":-9.338279934875231}},{"userUuid":"cc8b391e-3c00-48fa-b611-dba7e2af5ef8","userLoc":{"longitude":-33.008336214926004,"latitude":47.49958778454359}},{"userUuid":"9b188e13-738b-4387-a421-8b11a88aa085","userLoc":{"longitude":-4.469312436715086,"latitude":-84.35438382993831}},{"userUuid":"56186469-cbff-4c53-84f1-6a88eae44ba6","userLoc":{"longitude":-98.3065248724068,"latitude":-84.53742122753941}},{"userUuid":"4a080c4e-8c17-47a2-ba8f-dcf358a4af1f","userLoc":{"longitude":51.08105142778783,"latitude":8.921224518668112}},{"userUuid":"81c064ab-a891-4669-bef4-0145f8c9a131","userLoc":{"longitude":157.62933911437653,"latitude":-39.15425285226983}},{"userUuid":"897665f1-d0e5-4c70-a93f-a54b5b82aced","userLoc":{"longitude":129.45936797909587,"latitude":-69.15389690520625}},{"userUuid":"53ff50d4-870f-4064-af6b-1bda4c917d37","userLoc":{"longitude":-178.4955248916148,"latitude":80.15776798487599}},{"userUuid":"0133b3d9-616d-40df-9797-740f7c3bf398","userLoc":{"longitude":-132.3348301097684,"latitude":55.901656773978374}},{"userUuid":"4e53430c-a49c-48e6-8f24-3a158c62b190","userLoc":{"longitude":160.69652534465484,"latitude":32.93444186913568}},{"userUuid":"b0241812-8cb2-4c63-97a3-6c25fa429dc7","userLoc":{"longitude":142.60408933643777,"latitude":55.27830541427025}},{"userUuid":"2394e6da-9589-4532-8cca-7afc00c5f714","userLoc":{"longitude":165.147274878107,"latitude":46.6473172540062}},{"userUuid":"b0a8dd73-e024-4db8-be68-9626b9024b7f","userLoc":{"longitude":-42.87368329450723,"latitude":-21.82172837038543}},{"userUuid":"64f9bfe9-ca1b-4438-b758-d781f42a74dd","userLoc":{"longitude":-40.27207500978437,"latitude":-37.259105383463826}},{"userUuid":"281fed6d-4fd9-4c15-84cb-8aaea61dda63","userLoc":{"longitude":-167.86563916100604,"latitude":-9.818325518539623}},{"userUuid":"7bc44e44-3af6-4fb9-a743-638bfeebf4e5","userLoc":{"longitude":110.3751614416309,"latitude":-9.205322711474778}},{"userUuid":"f7bef1f9-f69f-4c89-adef-42c172cd1170","userLoc":{"longitude":169.25255687033183,"latitude":4.7245539261241305}},{"userUuid":"f54bd2e3-d609-41a4-ba19-e6d889e9206c","userLoc":{"longitude":162.44429875198506,"latitude":-31.072463427948797}},{"userUuid":"900010fe-6555-4962-bd4b-684b8005b9e6","userLoc":{"longitude":-171.28700729657177,"latitude":8.713120054014666}},{"userUuid":"eb52a128-6b0b-4524-b9d0-f9c024a90897","userLoc":{"longitude":-40.36952252019182,"latitude":79.33696082772747}},{"userUuid":"df67aba8-7446-4ac4-a438-c786058a10bb","userLoc":{"longitude":-159.6505956023286,"latitude":-7.835763580589514}},{"userUuid":"81ecf453-257e-421e-ae43-96e86eb3d545","userLoc":{"longitude":19.819610671311096,"latitude":-23.975037109382505}},{"userUuid":"938b72b8-2a9c-414d-ac8b-8a9e373ffded","userLoc":{"longitude":108.48792072624337,"latitude":10.904148970680708}},{"userUuid":"54518256-ffd4-4710-8ae4-4f85cb851d9a","userLoc":{"longitude":101.55446361846816,"latitude":37.90587230368159}},{"userUuid":"4701253d-dc9a-422b-98a4-d0671a867481","userLoc":{"longitude":13.738814410602544,"latitude":2.640047748334027}},{"userUuid":"592814dd-eaee-4e1b-8f52-0ac6ee53bd49","userLoc":{"longitude":144.758214416395,"latitude":-24.796937471626833}},{"userUuid":"c6e3ead4-7b7f-4a22-a932-b34dfbc301bf","userLoc":{"longitude":-78.89259503358265,"latitude":44.9352349317509}},{"userUuid":"fe9ea6a4-bb68-4235-8047-5e418c026f34","userLoc":{"longitude":112.89627392319767,"latitude":-64.83850772589182}},{"userUuid":"7d330038-0d02-4c96-81e4-d8174a086506","userLoc":{"longitude":139.92214702071323,"latitude":-39.10030411272241}},{"userUuid":"f5a81101-d6af-4da8-8628-2d4569efee14","userLoc":{"longitude":28.58908614849898,"latitude":-32.92385200543883}},{"userUuid":"e31caca2-70da-4be1-9908-f93de92f7328","userLoc":{"longitude":161.10849758765931,"latitude":83.53142052278801}},{"userUuid":"7da422d7-70a0-451a-ae83-b73d5a790eb7","userLoc":{"longitude":162.1823368112034,"latitude":-52.82927742220558}},{"userUuid":"10704256-70a3-4482-bce2-16385aa5830b","userLoc":{"longitude":-42.976841693686396,"latitude":44.412576436830875}},{"userUuid":"efcf66ad-0146-45b0-b561-12335720911d","userLoc":{"longitude":-54.88906701679991,"latitude":-1.484466851343825}},{"userUuid":"97f910fb-158e-4807-a332-be4a7ca13ddf","userLoc":{"longitude":-140.72459912411887,"latitude":42.383586739824906}},{"userUuid":"07267a9a-2e55-461d-a66c-a9acbc138373","userLoc":{"longitude":81.8055038242066,"latitude":-42.351322713586626}},{"userUuid":"4f78ffd4-355c-47f4-b38b-274e5337c3de","userLoc":{"longitude":24.017059946241943,"latitude":-68.23927025762434}},{"userUuid":"74282d53-caa1-4c9d-9282-20b5d8be228c","userLoc":{"longitude":155.18290689236,"latitude":76.21408053633104}},{"userUuid":"37f4d894-dbbd-4143-8d12-69962b91ddb8","userLoc":{"longitude":-158.3001810870776,"latitude":-49.90261766419436}},{"userUuid":"43224346-4acf-4f37-b61c-106d460af1d8","userLoc":{"longitude":151.58198299553123,"latitude":57.57483636087875}},{"userUuid":"08d3ecac-5c7b-4661-a6f1-dee2be2988b2","userLoc":{"longitude":-6.10766114080954,"latitude":-68.95918253257801}},{"userUuid":"2369bad5-f922-49cc-ad59-926e9fafdec0","userLoc":{"longitude":-32.852067942849175,"latitude":-49.295184195935384}},{"userUuid":"7e0e8f3e-d67e-48bb-9adf-9fe4973178a9","userLoc":{"longitude":40.880014012457025,"latitude":-79.58077829793869}},{"userUuid":"94803c3b-4d30-4a18-8f89-dd89c6256922","userLoc":{"longitude":135.9028971260467,"latitude":16.088784397960524}},{"userUuid":"0d3fb04c-b772-45e3-abe8-b8e8dac00812","userLoc":{"longitude":-170.43442850334696,"latitude":16.243085539366618}},{"userUuid":"62ab548f-8510-4a6d-bd54-21a39ee08cfc","userLoc":{"longitude":-103.64559507172235,"latitude":-3.7771895809087823}},{"userUuid":"e080ec97-45df-4cc6-9d26-6f469f293735","userLoc":{"longitude":113.94142150753765,"latitude":42.68876837454809}},{"userUuid":"f53e9223-f771-475a-88cb-8efa2b533978","userLoc":{"longitude":-84.62736240241222,"latitude":-74.86682511008593}},{"userUuid":"5e9b62e1-f525-4ef3-a1aa-8ba85225e3fa","userLoc":{"longitude":51.08318628389898,"latitude":58.10472506533134}},{"userUuid":"492d068a-2c63-4617-b665-494406b392ba","userLoc":{"longitude":-114.93956703207708,"latitude":-78.88598696583861}},{"userUuid":"177fa92b-8e24-4c63-a4d9-58ad49415f38","userLoc":{"longitude":30.265711509964376,"latitude":-58.68214739024689}},{"userUuid":"5d656521-3a1d-48e8-86cc-2c0ae473ed0a","userLoc":{"longitude":71.8019860818903,"latitude":-24.965146006352725}},{"userUuid":"a083671c-635f-47e3-a7f6-7a94bcf57b64","userLoc":{"longitude":-142.4328064119159,"latitude":-52.219244180064855}},{"userUuid":"a34ff279-871d-4159-b21a-dfa5af064c23","userLoc":{"longitude":-39.27451847685879,"latitude":-61.365395964680715}},{"userUuid":"3c0956f0-af2e-457f-b70e-f0d8a9c8322f","userLoc":{"longitude":60.7215601812635,"latitude":84.68238346086227}},{"userUuid":"0d514997-0be1-4083-92bf-1f3e0fdcc6be","userLoc":{"longitude":1.7248960824503001,"latitude":-48.98550042737754}},{"userUuid":"49a3e989-5862-434e-9405-f563e3a9ed89","userLoc":{"longitude":-132.4579824667086,"latitude":-49.23774075429124}},{"userUuid":"8bea742a-49e0-42ab-86b5-f86c1b9d2878","userLoc":{"longitude":125.17711090161129,"latitude":74.22164692025848}},{"userUuid":"875bb24b-9b54-4907-a62c-93108da08f2f","userLoc":{"longitude":165.8358736191335,"latitude":-33.275020801958796}},{"userUuid":"5ea0f917-d722-4e6d-acdc-a65ed8339dbb","userLoc":{"longitude":-61.376092708466274,"latitude":-78.6691062270441}},{"userUuid":"f54d5f64-7400-4aaf-9288-cb31abc175a7","userLoc":{"longitude":-70.11297610755211,"latitude":-7.485095175936777}},{"userUuid":"5fca9f7a-a3be-4662-b53a-05d1f8b9db7f","userLoc":{"longitude":62.541961706119054,"latitude":-33.308013490560974}},{"userUuid":"eaa5646b-d1c9-4d06-ada1-d0b8fe02b261","userLoc":{"longitude":-75.17816581358773,"latitude":70.13727475181844}},{"userUuid":"2758e43f-b292-42c1-9b41-da5ef822cee9","userLoc":{"longitude":-86.55305560424985,"latitude":-53.1304109411307}},{"userUuid":"ea185bf1-201f-4eb5-b640-1741fd03dbb3","userLoc":{"longitude":95.67206840972432,"latitude":70.97633036417454}},{"userUuid":"45e014dc-4723-4357-a971-f334c5fab18f","userLoc":{"longitude":106.24375055721538,"latitude":-20.09848678841709}},{"userUuid":"c48a16d1-a9e7-40ac-8738-c97e4e67022b","userLoc":{"longitude":14.957577021145397,"latitude":-17.40017774314383}},{"userUuid":"46f5a776-4836-4872-b45f-1101ccd0a042","userLoc":{"longitude":-115.18610608790371,"latitude":-16.585383369940672}},{"userUuid":"a4806b56-0940-45f0-af63-b0f3e33955fa","userLoc":{"longitude":2.6494451050810426,"latitude":44.3885277203961}},{"userUuid":"f03fd63a-b873-4caf-ade0-9d29e98a5e52","userLoc":{"longitude":-74.5802076998915,"latitude":38.235449263553306}},{"userUuid":"6186d21e-e655-4e6d-bd49-77fa7e4e03ad","userLoc":{"longitude":146.06564913427866,"latitude":-63.28478134790716}},{"userUuid":"daacf159-ac23-4991-a4b8-17749829c12a","userLoc":{"longitude":34.911364961682125,"latitude":-1.3916228879827912}},{"userUuid":"8bfb5a7a-135a-4b70-8e70-0b062c694f37","userLoc":{"longitude":-131.58680389001972,"latitude":-67.91367126435239}},{"userUuid":"f09b7be0-628b-4b7e-b8af-0051342f051c","userLoc":{"longitude":49.279376947576566,"latitude":34.03778139021563}},{"userUuid":"08280f58-7d2a-444f-ab6f-b4267da36695","userLoc":{"longitude":130.51852168747644,"latitude":-11.717670480062978}},{"userUuid":"dbef3f30-ba47-4008-a10f-cd597036a21c","userLoc":{"longitude":42.406897533519896,"latitude":29.09079705980652}},{"userUuid":"7a4f0236-fb01-420e-9b7c-31d42f257f16","userLoc":{"longitude":-45.351935361168984,"latitude":-15.024878765792607}},{"userUuid":"0f109259-4c58-4743-ad29-7bf495f48ac2","userLoc":{"longitude":136.59978884145818,"latitude":3.7239219839018034}},{"userUuid":"0f732c76-73c2-4bec-a12c-45241e14175b","userLoc":{"longitude":95.7863891846448,"latitude":18.078893443222555}},{"userUuid":"fd49b905-fbd8-47eb-a45e-827ec061ce47","userLoc":{"longitude":8.30945614224882,"latitude":12.303232217415939}},{"userUuid":"0615d0c9-5ffb-407b-a852-3762f340b9dc","userLoc":{"longitude":36.24099529385694,"latitude":-37.60078115749697}},{"userUuid":"ddfe5b30-129b-4bb1-9544-8bf7e3d6f0de","userLoc":{"longitude":146.01397582042506,"latitude":-3.9225902083174162}},{"userUuid":"086d7103-d453-4672-89c6-ff6d4e012260","userLoc":{"longitude":150.523969200868,"latitude":41.24026652290662}},{"userUuid":"85b792eb-11e1-4854-958a-95ed7a3cc70a","userLoc":{"longitude":118.43377387681466,"latitude":-9.08752890260287}},{"userUuid":"f4d69691-8983-4a1e-98af-af17c2fedfe2","userLoc":{"longitude":-149.64486081925895,"latitude":19.310831574992022}},{"userUuid":"22083d9c-3bed-4e85-9d73-ebef8179d70d","userLoc":{"longitude":159.2095716306261,"latitude":79.77371080581912}},{"userUuid":"b41e3b45-2d16-4363-8ded-3f58b387d659","userLoc":{"longitude":63.26614739229612,"latitude":-62.91950874163646}},{"userUuid":"e6724f33-20d9-4423-ae9e-98baabee2781","userLoc":{"longitude":62.525265763939274,"latitude":-6.9152483976084085}},{"userUuid":"34f22df1-0497-42a1-a7f6-677488f99227","userLoc":{"longitude":-40.919932814754134,"latitude":6.881857673874279}},{"userUuid":"7c594a47-3dea-4870-86be-9cbb510e9f6d","userLoc":{"longitude":-153.39706803427555,"latitude":17.127929030216464}},{"userUuid":"47cb01df-fd18-4b7c-8f6e-d556faa7f9c3","userLoc":{"longitude":-8.270512394078025,"latitude":-41.900601441273984}},{"userUuid":"18ab3d0a-2c18-48af-958c-cdda098d45a1","userLoc":{"longitude":-169.74664050765304,"latitude":-15.003840503693965}},{"userUuid":"a9418d26-f0b8-4455-aea8-613a8d86983c","userLoc":{"longitude":147.01294632123972,"latitude":21.071519616197847}},{"userUuid":"7a532fa2-15af-4caf-92fc-b01d96915289","userLoc":{"longitude":-62.06189205767663,"latitude":-40.05826956304509}},{"userUuid":"4ad8d77e-dae8-4230-a561-f7c41b76ba8d","userLoc":{"longitude":60.30924203913776,"latitude":74.55270970500263}},{"userUuid":"7db3dc43-f4bc-4a54-a43a-a39f6f3d2763","userLoc":{"longitude":-78.34425415325134,"latitude":19.30332009507586}},{"userUuid":"c416e466-863c-4d4a-84a5-2a3a8232edd7","userLoc":{"longitude":47.810543611671136,"latitude":80.25405214476984}},{"userUuid":"6123f11e-e55f-4b06-8461-cb58edb29f56","userLoc":{"longitude":38.91198611155977,"latitude":20.147367971771033}},{"userUuid":"74385062-190a-42df-9270-fd0457da524b","userLoc":{"longitude":-46.45211887467167,"latitude":-25.01997649674334}},{"userUuid":"1e1d4f30-cec0-4f87-852b-dcf6c842d13f","userLoc":{"longitude":-67.4164309962682,"latitude":-23.622354308748342}},{"userUuid":"be26648e-8344-4fd4-9b2c-cfe5d0b88ed1","userLoc":{"longitude":172.02122867890273,"latitude":9.210348268339715}},{"userUuid":"c3a3ad6f-71e3-4458-bc94-90206983cec4","userLoc":{"longitude":15.694506097329224,"latitude":-0.24226207351938456}},{"userUuid":"2aec2275-4798-43c6-8be5-e842e62b68b3","userLoc":{"longitude":156.4885057529595,"latitude":15.360884145065697}},{"userUuid":"dcf7d746-e75a-4165-b113-96cd66da5a18","userLoc":{"longitude":13.7793727872249,"latitude":65.89858030208174}},{"userUuid":"8b3cccc8-1353-4dc7-aa2f-a86182499b11","userLoc":{"longitude":135.94682869292842,"latitude":-7.008198261380443}},{"userUuid":"1f44158a-e4ee-45f2-b478-091c35daa364","userLoc":{"longitude":-141.16166468283262,"latitude":-35.738917124101015}},{"userUuid":"d3a682e1-a96a-4a02-97b2-1ba28f7638f6","userLoc":{"longitude":-42.89965812855803,"latitude":-79.4626423576152}},{"userUuid":"63d26939-cf8e-4ef0-9659-5862db8b6f8e","userLoc":{"longitude":85.35928820340638,"latitude":0.2235477710222824}},{"userUuid":"634e1e55-3313-4e2c-ad0d-14299e7b5df2","userLoc":{"longitude":-151.2838576464158,"latitude":26.171270889496995}},{"userUuid":"173bf589-8b74-4aa2-be23-880d69b3708d","userLoc":{"longitude":101.65781566050299,"latitude":36.83991067681548}},{"userUuid":"f1ebe353-fb88-48d5-af4b-d65272a61e0f","userLoc":{"longitude":16.154849167418746,"latitude":26.091342580606877}},{"userUuid":"fd71cef5-9c3f-4b07-95cd-d1a94ce25898","userLoc":{"longitude":65.67316191409608,"latitude":43.36032919565892}},{"userUuid":"9d0c9451-7d78-4d6a-8f58-467281821aac","userLoc":{"longitude":31.527804352399954,"latitude":-39.34891354106417}},{"userUuid":"b2b0a2c6-1cd0-455a-ad3b-6c2c583897e7","userLoc":{"longitude":-10.808704505354513,"latitude":79.23044990613661}},{"userUuid":"51f6ddf1-ea99-45a5-b72c-dc50361efff0","userLoc":{"longitude":-86.81101771066375,"latitude":-15.357053404868537}},{"userUuid":"cae5c9b5-33c7-4d28-bc07-d4a3c523c303","userLoc":{"longitude":23.332960189553717,"latitude":30.523597873561485}},{"userUuid":"3375fab2-bd4e-4ec4-bc25-87c418f9c2b0","userLoc":{"longitude":26.143931027913652,"latitude":42.73412087133596}},{"userUuid":"b5c0444d-3a7c-4f62-8ab6-41ee86a5c4eb","userLoc":{"longitude":-42.242543477686866,"latitude":-17.20442887798285}},{"userUuid":"579c6c67-9d89-4b5a-ade2-4c29d7a51eb5","userLoc":{"longitude":117.56437872192117,"latitude":46.08937503516654}},{"userUuid":"a9cb0b11-a1f6-43e5-8978-6a0873c3a5ab","userLoc":{"longitude":-142.58346058733756,"latitude":-44.398826810724735}},{"userUuid":"a2ef697a-d5e0-4d4c-aa21-369066605903","userLoc":{"longitude":-57.56437069375579,"latitude":-25.96823075434839}},{"userUuid":"de41f461-3a9a-43bb-aa62-50765f65e34a","userLoc":{"longitude":6.494471618336348,"latitude":-37.42780101656455}},{"userUuid":"6ed510c5-ee99-4223-b9c1-04077a3ae7e8","userLoc":{"longitude":-16.970719866963776,"latitude":55.677707751052765}},{"userUuid":"76031697-5efa-4d00-afe2-95fd985f5f2f","userLoc":{"longitude":-60.591578257169644,"latitude":-4.103822846627068}},{"userUuid":"dcfa43db-c017-4d9c-ad93-efcfa8b3414d","userLoc":{"longitude":171.7237371847575,"latitude":-45.555638692493304}},{"userUuid":"3b6ebda4-f580-4aac-93ed-6f5400416788","userLoc":{"longitude":-56.45841098797197,"latitude":-42.72989546319969}},{"userUuid":"5bc062e8-4b30-46f1-9cd6-9b4dff178e54","userLoc":{"longitude":29.54496357333116,"latitude":73.56179854923565}},{"userUuid":"48a3b036-7ce3-454f-ae29-2cf3c525905d","userLoc":{"longitude":132.1133558940477,"latitude":-1.2627075372553946}},{"userUuid":"3180255e-4590-4fda-8ee3-89cffd2eb546","userLoc":{"longitude":-177.84833972263883,"latitude":-42.13497611914323}},{"userUuid":"f21afcc1-d507-46b8-8604-9d70716860b2","userLoc":{"longitude":-44.88277208029314,"latitude":-65.60506753211173}},{"userUuid":"c947b693-40f5-4faa-b1d4-18acd327429c","userLoc":{"longitude":-75.0929555966069,"latitude":60.401193996719655}},{"userUuid":"0492d577-6e86-4c1b-93de-d9d89d251b68","userLoc":{"longitude":100.38196815405831,"latitude":-29.819155096998763}},{"userUuid":"5e06df15-de91-413c-82d0-d81f6f939095","userLoc":{"longitude":-82.5422805375783,"latitude":79.2221310740469}},{"userUuid":"076395a8-a2f4-4019-ab71-b60817ee898f","userLoc":{"longitude":-155.50699475396394,"latitude":-37.423310712408465}},{"userUuid":"e9ee22ae-3578-45f1-bbd3-9a4ad59734c4","userLoc":{"longitude":-145.3230348745162,"latitude":19.081982522092133}},{"userUuid":"9d87432f-24d1-479b-90b2-4aad3d2faf28","userLoc":{"longitude":-90.52760011399283,"latitude":83.57658058398482}},{"userUuid":"f3aa37c5-82f1-4c7e-96b2-f866c1c0930b","userLoc":{"longitude":-86.98137208271733,"latitude":66.1816768731228}},{"userUuid":"5004dea3-5098-48af-b2a7-1eb2bb3c7b0a","userLoc":{"longitude":-42.84826330442132,"latitude":-62.71381907791485}},{"userUuid":"5e5f131c-6f7a-4e58-8458-2e0e29a817a0","userLoc":{"longitude":-165.76451494806565,"latitude":17.622953765734124}},{"userUuid":"914a870d-1b8a-42d0-bf6a-2e17c43abfa1","userLoc":{"longitude":127.26354709192935,"latitude":36.62744309442124}},{"userUuid":"2a21a9e1-273d-40af-a1ec-1f6efd9d6b49","userLoc":{"longitude":97.32450866762957,"latitude":-13.222062402903305}},{"userUuid":"f886f570-25aa-48bf-ae60-474364baef54","userLoc":{"longitude":-9.750902990479801,"latitude":-67.33793807541113}},{"userUuid":"9b21bb9a-c4ec-48d6-a037-79c3d75d4ba3","userLoc":{"longitude":68.3691866354892,"latitude":63.10584942453383}},{"userUuid":"9cf464ff-2e88-486a-b2c7-322c52bfd5e9","userLoc":{"longitude":-12.791047507180025,"latitude":4.976994056026072}},{"userUuid":"446ad5b3-c6d8-46c1-a756-13ed9d60f850","userLoc":{"longitude":-56.441547065338725,"latitude":-57.224670641742904}},{"userUuid":"3acb505d-3415-4852-8d70-92314fd3f94f","userLoc":{"longitude":-63.45754091572283,"latitude":4.056740009606543}},{"userUuid":"16a8b31a-42d6-4dcd-8f28-cf966341701d","userLoc":{"longitude":4.212624902287843,"latitude":47.68994828653001}},{"userUuid":"47b8e869-e95b-44ac-ba54-5d389752a63a","userLoc":{"longitude":123.72420849338948,"latitude":40.95630322309745}},{"userUuid":"5c710208-b31f-4c12-b376-2d4144b9779f","userLoc":{"longitude":132.80332755353675,"latitude":18.317055962677145}},{"userUuid":"62c6dc3e-77c8-4e21-be4f-8a533a8e59a4","userLoc":{"longitude":-26.196173307997583,"latitude":25.979450107955785}},{"userUuid":"0571fcd9-b6bc-4890-a7ca-9019419b8996","userLoc":{"longitude":3.5316067574765384,"latitude":-39.747226319210206}},{"userUuid":"467c4109-6b7f-470e-88e8-47aeaced4c6d","userLoc":{"longitude":-161.12406395176544,"latitude":-5.27706918408731}},{"userUuid":"2caffda2-fc0f-4e74-a39a-286e5fa241f4","userLoc":{"longitude":143.20003900666302,"latitude":17.878650071287396}},{"userUuid":"20377f86-bddf-434f-a0f8-d6a4a20ff96c","userLoc":{"longitude":126.81878435680756,"latitude":45.243571286189336}},{"userUuid":"fd13ed1e-f2ad-4826-8625-f6bd9b68890e","userLoc":{"longitude":60.978293495168,"latitude":39.424444470407266}},{"userUuid":"8c21d0d8-b56c-4c91-979d-2dfb992692d4","userLoc":{"longitude":47.812743172524165,"latitude":7.935731208031314}},{"userUuid":"b19350e5-7a95-4aea-b12b-de7573261e1e","userLoc":{"longitude":38.11866531815457,"latitude":35.46100302615443}},{"userUuid":"c0c26c72-a68c-409b-86ad-3a772dca2335","userLoc":{"longitude":-63.489589129944804,"latitude":-32.4873428075362}},{"userUuid":"92286575-4158-437f-a12c-d6daeda198d8","userLoc":{"longitude":53.248898021755195,"latitude":-77.73225753750253}},{"userUuid":"b726f819-f0c2-4f09-adae-76e7c3ffe151","userLoc":{"longitude":41.45547245608793,"latitude":54.08674708304579}},{"userUuid":"d78f01a4-21b3-451c-90e1-6fb7389ba6f3","userLoc":{"longitude":-70.72903282063058,"latitude":49.33267155303304}},{"userUuid":"1f775fec-4506-46ff-bbf9-25632ad3104d","userLoc":{"longitude":107.22606615291232,"latitude":-53.39593091036466}},{"userUuid":"f09bf5d1-c8d8-4217-b227-af71f212bcc0","userLoc":{"longitude":-157.53358299305216,"latitude":-13.686665130664963}},{"userUuid":"aabb96b1-3002-477c-bbb5-2476c2e63500","userLoc":{"longitude":-31.39717607020907,"latitude":54.52873311195472}},{"userUuid":"12cf9a66-269e-4364-9e8a-1a818af17449","userLoc":{"longitude":160.35747599164284,"latitude":64.71071211405976}},{"userUuid":"65a8fc38-1053-4e4c-8dbb-7fe264d49618","userLoc":{"longitude":-30.322599779883603,"latitude":42.8481061690474}},{"userUuid":"cc34636b-bec9-4175-95d3-d854376ac50f","userLoc":{"longitude":36.07592332137301,"latitude":-47.221057376488126}},{"userUuid":"8275419f-1360-4335-bc37-8e2e03e2821c","userLoc":{"longitude":-8.368378618043181,"latitude":-79.77810097017984}},{"userUuid":"364f3365-9416-440e-8c06-343b6a27f415","userLoc":{"longitude":-102.69898292101759,"latitude":4.213882420611185}},{"userUuid":"3264485b-ac1a-4a66-b258-3f6c96ddedf9","userLoc":{"longitude":-73.89199117392164,"latitude":-13.502681794726868}},{"userUuid":"f1f8c284-c3e0-40d3-9f5c-ff67a570b290","userLoc":{"longitude":33.81494067640128,"latitude":67.00013478458266}},{"userUuid":"748b1797-ff03-4b09-95c6-ef248b6cdd45","userLoc":{"longitude":74.84178701847304,"latitude":-26.103376303418216}},{"userUuid":"96fd7d07-f7bc-4b18-9213-8282b3fd6494","userLoc":{"longitude":170.9724857077038,"latitude":-76.4196212275732}},{"userUuid":"860bb62d-f6f9-44c1-a130-5a0d21ea86d5","userLoc":{"longitude":-57.994772216751215,"latitude":-54.16009601968298}},{"userUuid":"0e1f627d-30e7-4931-a943-200c6005687b","userLoc":{"longitude":-104.29203585420694,"latitude":85.0324981073858}},{"userUuid":"50def70b-4443-482a-89ea-2880fc39a85f","userLoc":{"longitude":123.77154752911105,"latitude":0.007452923703866077}},{"userUuid":"67b6706d-6ff2-42bb-8c6d-949bef28cffb","userLoc":{"longitude":13.815821588979304,"latitude":-15.842068620500712}},{"userUuid":"ab61d6bd-db92-4a3c-afe6-df81f571a36b","userLoc":{"longitude":-172.84965639976858,"latitude":-52.91529050463915}},{"userUuid":"df96a358-0e6b-4899-b4c3-d5f17652e197","userLoc":{"longitude":-148.80191378128947,"latitude":66.99185575348952}},{"userUuid":"a74f5b5a-61c6-4ce4-a664-3b7f1e5fbe06","userLoc":{"longitude":-175.48928562148345,"latitude":23.54511400463018}},{"userUuid":"b723f59d-2519-428f-90a7-517dd737cee7","userLoc":{"longitude":-53.013731040852434,"latitude":13.826140528175472}},{"userUuid":"524880fd-33c3-4739-aadc-c8710d8e2616","userLoc":{"longitude":-30.20282171719083,"latitude":-71.0428015291365}},{"userUuid":"1019e92f-24d0-4aec-bfd8-567bdcc78771","userLoc":{"longitude":-73.18240952964585,"latitude":54.47917958295815}},{"userUuid":"5ec7b1e9-1d41-4fc6-b7f7-f98bc1175952","userLoc":{"longitude":62.748032312633484,"latitude":54.12434997783703}},{"userUuid":"eebe1832-29e0-4610-add4-a71d56be442a","userLoc":{"longitude":78.37431949285076,"latitude":-76.99785827353324}},{"userUuid":"3145c7e2-6b71-464d-857c-75e06615316c","userLoc":{"longitude":117.4407809602555,"latitude":23.769566238928917}},{"userUuid":"7822f12a-06dd-4aa4-a9c7-4ee7923eb8a2","userLoc":{"longitude":162.7873787184351,"latitude":-12.104371931742378}},{"userUuid":"3c13797b-4d46-45ba-9f2d-02e2219f1d94","userLoc":{"longitude":143.01783218272948,"latitude":31.776309903459804}},{"userUuid":"16a5f2ca-3d61-403c-8148-dafa4940c5db","userLoc":{"longitude":-166.22259907492293,"latitude":52.18821557587384}},{"userUuid":"b3897121-4dff-432b-a258-0bf9576ca5de","userLoc":{"longitude":72.93071847706997,"latitude":-3.2337980051890867}},{"userUuid":"efbca309-e570-49a5-b168-78886cd88f78","userLoc":{"longitude":-112.01880773304005,"latitude":-34.48971553821784}},{"userUuid":"df001edd-e176-4f4d-983b-23c766c9f7d2","userLoc":{"longitude":-0.5797899359862697,"latitude":35.06433429575313}},{"userUuid":"5046e3a7-7f07-4963-9267-bd5189ae4083","userLoc":{"longitude":-39.02387234833631,"latitude":46.260170216001086}},{"userUuid":"6fc535f6-2acd-4860-838f-8abf3051c259","userLoc":{"longitude":-105.49919984391131,"latitude":33.17056105612318}},{"userUuid":"1c4499e6-d8b2-4200-a4ec-3a45231833f0","userLoc":{"longitude":-145.63532053934523,"latitude":37.99827412849844}},{"userUuid":"b0f26e4c-7a98-40cc-80a7-03ad37d0f663","userLoc":{"longitude":-90.33034441483922,"latitude":-69.49597597592387}},{"userUuid":"f3870aea-e19b-4195-b7bd-b3c0b42d0de9","userLoc":{"longitude":121.49073306491897,"latitude":68.7696978741703}},{"userUuid":"3edaea30-f862-4302-a99b-07e32a3992b9","userLoc":{"longitude":-135.1092859858078,"latitude":-5.182618209814933}},{"userUuid":"a0fe45d6-aba8-4648-92fa-eaba5762667c","userLoc":{"longitude":24.588243912568686,"latitude":48.78707934097599}},{"userUuid":"212dd92f-a07f-48ab-a0f4-77ea91538ac2","userLoc":{"longitude":-125.12149004774545,"latitude":-47.79057596747073}},{"userUuid":"ccce5f41-fcd1-4a8b-8e71-d20a27e31748","userLoc":{"longitude":11.990696657331824,"latitude":-3.911372923791035}},{"userUuid":"bd5fd90d-871b-4c01-a288-ca08237482d1","userLoc":{"longitude":-9.938100064545779,"latitude":25.116663813595125}},{"userUuid":"13cba4b8-312f-4bd5-9c18-a98b59fdb663","userLoc":{"longitude":-16.783042660705235,"latitude":-9.254087054632251}},{"userUuid":"740d5b90-8ea8-4a7a-8288-58ed40c1e074","userLoc":{"longitude":15.933077693689711,"latitude":-83.05874367709896}},{"userUuid":"1b25c1b2-9627-4c93-958c-7c54c3d48a2f","userLoc":{"longitude":-76.91170242056738,"latitude":70.13446894186666}},{"userUuid":"f05f0c24-60b0-4cbc-bfc2-a3df1175153a","userLoc":{"longitude":-102.20197674372785,"latitude":-65.40971783824074}},{"userUuid":"b71d5cd2-1b5a-4b92-a374-7a52878316be","userLoc":{"longitude":83.96027590137334,"latitude":44.74508047332833}},{"userUuid":"63a81a80-4fd0-4eb6-aeb4-cbcfd87940ad","userLoc":{"longitude":-70.63703108550453,"latitude":69.19143018119578}},{"userUuid":"d77d693c-0ca4-4628-ba08-194f649375f6","userLoc":{"longitude":-176.10904343550737,"latitude":22.530847036487316}},{"userUuid":"5e5f0f20-7f58-42a5-b2a7-81e966b96387","userLoc":{"longitude":62.003367337618045,"latitude":76.96655571348737}},{"userUuid":"2ebbac4e-fbb3-4398-9878-207fb20083c6","userLoc":{"longitude":88.9546460076379,"latitude":7.013019611694702}},{"userUuid":"55f86217-8bb9-437f-8c2c-0e6f75eb12f7","userLoc":{"longitude":-82.82822760309918,"latitude":13.238538121108846}},{"userUuid":"46d24127-1c0a-4525-b947-e6b92cc512f1","userLoc":{"longitude":81.52444255604524,"latitude":-69.64265795790965}},{"userUuid":"4f8e5177-0f1b-4cd1-a687-6f20a89dc7de","userLoc":{"longitude":0.8497636414716965,"latitude":-82.8792010255025}},{"userUuid":"10d9638b-a29d-4503-ab3b-7edbf19544cd","userLoc":{"longitude":-52.639489579353466,"latitude":20.5977139896505}},{"userUuid":"b2ccb1f7-4132-4b75-96b7-2df0bfb70724","userLoc":{"longitude":-135.32745746851313,"latitude":-74.95318802676687}},{"userUuid":"cbe23ead-dcf3-41d8-9dd2-1018c6794524","userLoc":{"longitude":-170.04717734276,"latitude":3.9769807559654424}},{"userUuid":"060aac22-887a-492f-92b6-b4e19e54dbf9","userLoc":{"longitude":-101.57809171519851,"latitude":26.700499821162566}},{"userUuid":"dd80fd24-1484-4939-aafa-790e8b1cdfd1","userLoc":{"longitude":17.374349928834818,"latitude":58.86822797904958}},{"userUuid":"9e30dd13-4669-4441-af9d-a92b4445c329","userLoc":{"longitude":29.17225300169369,"latitude":53.46034879887159}},{"userUuid":"12373425-eed6-495a-aed2-3625489d241f","userLoc":{"longitude":-97.26274875510245,"latitude":58.2321170046678}},{"userUuid":"f2e4eea6-827c-4020-92e8-8305690ac68a","userLoc":{"longitude":-156.81602134987827,"latitude":-0.29859724462117754}},{"userUuid":"dd416017-71a9-468b-9382-5862dc50a19b","userLoc":{"longitude":21.68377845357324,"latitude":-16.522119970114233}},{"userUuid":"441549f4-d190-4df3-bfb3-117dfaf0d35e","userLoc":{"longitude":62.495367404915555,"latitude":14.978862143712306}},{"userUuid":"f1a2c71b-863c-4f73-bd66-b3b5d01aa72f","userLoc":{"longitude":11.632291791385228,"latitude":-7.913566027775531}},{"userUuid":"aa94ca6b-881f-4f43-82de-0d1c5aea7c26","userLoc":{"longitude":100.35277258787352,"latitude":-39.28662788570084}},{"userUuid":"c30b6b56-9b74-4c08-bbf0-5e02405e64ad","userLoc":{"longitude":-115.96221130250163,"latitude":-84.70260032384883}},{"userUuid":"73a8295b-be10-44b5-95cd-afab6d540930","userLoc":{"longitude":-78.88464818416118,"latitude":-17.104772501440152}},{"userUuid":"dc906ed4-55f4-4c98-845f-5af1b191ffe1","userLoc":{"longitude":28.77838165882821,"latitude":25.83705769290377}},{"userUuid":"b01972bd-12ec-4e5c-93f3-78f6c9d09a1b","userLoc":{"longitude":29.800740497441296,"latitude":8.123134839943077}},{"userUuid":"5bf3cbe5-615e-4fe1-a1ce-ec20d9be6d36","userLoc":{"longitude":116.47676418851029,"latitude":-31.661083487335517}},{"userUuid":"38a93037-849b-4238-881c-445244ad2957","userLoc":{"longitude":120.73669640942728,"latitude":39.891873728524885}},{"userUuid":"2e1f09e1-d020-4ea0-9c85-1934a857f5ad","userLoc":{"longitude":-175.3750832963585,"latitude":65.8525483374784}},{"userUuid":"d849b9f5-7c77-46ad-971d-32010dffa3b6","userLoc":{"longitude":-52.48857144285917,"latitude":-5.365453573727805}},{"userUuid":"5ce7078f-6a79-4ef3-8621-5c630ad6d2ca","userLoc":{"longitude":-1.5537103418532467,"latitude":-23.225122724549735}},{"userUuid":"06c9f1d4-5f9d-4500-83bc-fd9f7b02a762","userLoc":{"longitude":149.10250080636314,"latitude":-28.54231283739243}},{"userUuid":"8599a9de-b2ed-4536-b290-72de70487090","userLoc":{"longitude":151.58689111394432,"latitude":-49.363048782725684}},{"userUuid":"15cd4490-dcc8-4756-bf53-f2bce4ea8042","userLoc":{"longitude":175.3764433388181,"latitude":-11.7102224140542}},{"userUuid":"b70db30b-2e29-4389-9d90-225180960927","userLoc":{"longitude":-56.403225156502685,"latitude":-58.76056986115772}},{"userUuid":"382996ba-4ef3-42d7-8626-9aa56bb77971","userLoc":{"longitude":153.09013504254727,"latitude":80.80192924045929}},{"userUuid":"dc8f150c-c123-4531-8d52-0b8e07250c9f","userLoc":{"longitude":-49.79771333744509,"latitude":-42.445919650906504}},{"userUuid":"bc7bb0c3-c1e1-45e5-9847-fb4eae8667e8","userLoc":{"longitude":9.936271396016082,"latitude":-63.00952486526435}},{"userUuid":"4d920956-f1f4-4c4c-add2-548c13621756","userLoc":{"longitude":129.48103900940362,"latitude":17.253897857876396}},{"userUuid":"219d69ae-3bbd-4951-926c-479f66dc0ce2","userLoc":{"longitude":-99.49306969281228,"latitude":29.5013016891199}},{"userUuid":"1c3e8cec-13ae-45b8-aedd-bf882f37cbce","userLoc":{"longitude":125.0299472736674,"latitude":-1.1955254034437957}},{"userUuid":"05d63ffc-5874-4a52-b25d-7c84ab3ffa61","userLoc":{"longitude":51.37914016864215,"latitude":-39.93819075896664}},{"userUuid":"dca61471-f914-4764-ac28-6452c439cb3a","userLoc":{"longitude":138.4234298350906,"latitude":-11.18623831506109}},{"userUuid":"e10c19c4-4084-458a-89c1-d55c36170036","userLoc":{"longitude":138.3495626433364,"latitude":73.46700182296863}},{"userUuid":"31a3ecbe-0a1a-41f2-8bcd-8c1d1fc68a94","userLoc":{"longitude":-45.31778874089147,"latitude":5.385428001420536}},{"userUuid":"8dfa8d13-4be0-4700-a5ad-5c222636eb26","userLoc":{"longitude":15.079852778857486,"latitude":-26.070054178703607}},{"userUuid":"e77516e9-89ce-4280-a42e-ff4dc78026dc","userLoc":{"longitude":-50.06812979862383,"latitude":-37.14588118692292}},{"userUuid":"4461a14a-a215-402b-bbc0-ddd60930ec4f","userLoc":{"longitude":-70.61545966956974,"latitude":56.25818168541397}},{"userUuid":"ddf7b537-afd8-4d11-97bd-8a871ae7c4c4","userLoc":{"longitude":70.53258961653393,"latitude":-24.698610217303553}},{"userUuid":"67a9b2b6-022b-4bec-8529-70143e4c3d5e","userLoc":{"longitude":-56.88532048946861,"latitude":-79.71367139775496}},{"userUuid":"bdefb7c9-3564-4bf1-a9f7-836048966558","userLoc":{"longitude":30.470624428311567,"latitude":-34.16831815444577}},{"userUuid":"3def6aca-c5b1-4f17-add9-8a8306ea8692","userLoc":{"longitude":18.52469443937423,"latitude":32.72180782502632}},{"userUuid":"3b413b7a-8156-4e1d-8b80-d3f4ca384110","userLoc":{"longitude":-130.48210415154747,"latitude":34.70256340230284}},{"userUuid":"109b07c5-3dea-404f-aba0-129bb3202312","userLoc":{"longitude":-150.72886856396596,"latitude":50.68497175285776}},{"userUuid":"1b8de07f-6aae-4406-8377-3011fd13788c","userLoc":{"longitude":62.12145128759332,"latitude":58.65163851272186}},{"userUuid":"d2675ee0-aeb6-4531-8585-6a8e746cf088","userLoc":{"longitude":-94.24929399801935,"latitude":-70.1293786724201}},{"userUuid":"2b7a0fad-4437-47e9-9c87-467326398da1","userLoc":{"longitude":155.5978168007657,"latitude":61.54076362410984}},{"userUuid":"f44398a1-8d40-4cf7-ab8f-db3a2e51ddd9","userLoc":{"longitude":126.95511270309783,"latitude":-7.962129765333998}},{"userUuid":"00ed2995-ad72-4db0-96df-43a2d4d1d75c","userLoc":{"longitude":32.28741203451031,"latitude":-57.316056687528146}},{"userUuid":"5c7229c5-1b74-46b3-8e8b-d4694d9fbaf6","userLoc":{"longitude":-155.0530108228347,"latitude":48.47102686453934}},{"userUuid":"30a54766-90db-430b-907c-5c992b2f91b9","userLoc":{"longitude":-150.153953806059,"latitude":83.64042641108486}},{"userUuid":"47b53169-c660-4542-86ea-719157a173b3","userLoc":{"longitude":-36.87838972912539,"latitude":-28.16642673614644}},{"userUuid":"10b41806-3877-408a-a663-83f9ecbc9eb1","userLoc":{"longitude":146.19704648097502,"latitude":62.616379160098575}},{"userUuid":"7c6ecec3-1901-48d9-9778-19cdb3afd619","userLoc":{"longitude":-8.057773556751073,"latitude":74.1310482429138}},{"userUuid":"9b9c750a-426f-453c-a2e7-7455dffb7089","userLoc":{"longitude":163.0413093833588,"latitude":52.164514710694476}},{"userUuid":"e228794a-dc8a-4a89-bd89-016bfce20e11","userLoc":{"longitude":15.318441330306541,"latitude":-32.33705791415079}},{"userUuid":"ac1802dd-ab4d-4845-873b-f0518b79f022","userLoc":{"longitude":-165.81390833079325,"latitude":-21.609238809840484}},{"userUuid":"4f67f00c-57d0-4ffd-8a7a-6880e15481df","userLoc":{"longitude":-122.78651770105422,"latitude":-19.410008496448185}},{"userUuid":"4cb87336-bad3-422f-82ef-9794dc79c471","userLoc":{"longitude":-63.12732271919262,"latitude":-71.29743005501358}},{"userUuid":"da10528a-7988-4704-ac34-d944bd5bbd9b","userLoc":{"longitude":-137.42532295899093,"latitude":-35.880776709527815}},{"userUuid":"a49cb500-0b18-4fc2-a162-5015808e290c","userLoc":{"longitude":97.2493241517663,"latitude":17.73062821197759}},{"userUuid":"806c5629-e5f9-4352-b54e-8a05e8934492","userLoc":{"longitude":-57.7102031660888,"latitude":-26.883809678223813}},{"userUuid":"5fc2ecd6-789b-4c3b-b6eb-d2f574122863","userLoc":{"longitude":-130.99078578266483,"latitude":5.992811585776735}},{"userUuid":"a416beb6-e545-4acc-8033-0501ca11b9d6","userLoc":{"longitude":-102.8218713092449,"latitude":-66.85539478083089}},{"userUuid":"8365325d-6d2f-4c0d-9d79-024298dde22a","userLoc":{"longitude":176.60480757486096,"latitude":70.66310118011862}},{"userUuid":"323be1e6-2d43-4bcb-8243-e45cf3d585ee","userLoc":{"longitude":-143.95543820770516,"latitude":62.6279939115324}},{"userUuid":"5fb80b6f-6ae7-496c-9f1a-0f49f908a0c7","userLoc":{"longitude":149.7538087324321,"latitude":-81.27658316663751}},{"userUuid":"7714ad00-244e-4532-b531-df0992518b0b","userLoc":{"longitude":120.39590904909727,"latitude":-28.407118784015267}},{"userUuid":"0d69f193-eb8c-43e7-afa3-dee4819f50fb","userLoc":{"longitude":-38.02486176080765,"latitude":49.21373827469108}},{"userUuid":"e5f3f8ad-ee1a-4245-bfa8-595ad475689b","userLoc":{"longitude":-135.72413510404206,"latitude":41.75039105020396}},{"userUuid":"b4817a41-195c-41be-a8b5-483f07184c66","userLoc":{"longitude":155.4002933093555,"latitude":-7.118448529693595}},{"userUuid":"b24e72b5-0951-4ad2-a112-5d438345f1a4","userLoc":{"longitude":-128.84327615493467,"latitude":64.94722642484822}},{"userUuid":"1bfa056e-de47-464f-a756-6863625a9ae6","userLoc":{"longitude":12.357056065113653,"latitude":3.6250675559481067}},{"userUuid":"30d0b5d7-af9b-461c-97c6-24a37cc4c8f6","userLoc":{"longitude":-41.65722521222287,"latitude":13.364408226364134}},{"userUuid":"0d7b5e46-24e9-4f64-a142-f06c196505ff","userLoc":{"longitude":87.09153228027964,"latitude":53.7680916385286}},{"userUuid":"62a8e68c-bfa1-4a91-b47a-d796f84edd4c","userLoc":{"longitude":43.360183399943196,"latitude":-41.084939260083125}},{"userUuid":"5e05bf22-af24-4b4d-8431-84ae6b0c9933","userLoc":{"longitude":-141.18568402282753,"latitude":72.28190207815791}},{"userUuid":"61087add-71f0-4502-ad7d-cd9a98962bdd","userLoc":{"longitude":116.51142667759996,"latitude":4.826843614916868}},{"userUuid":"94af9629-c383-46ff-b997-4163e328217e","userLoc":{"longitude":104.73920840960966,"latitude":65.91977486594453}},{"userUuid":"c5bd3bde-acb8-4844-a472-b28b9d8156b2","userLoc":{"longitude":33.56195946391912,"latitude":23.297447819749053}},{"userUuid":"71979de2-eae5-4184-8f5a-fc4dc6a49369","userLoc":{"longitude":-6.836766448008234,"latitude":79.04935093138397}},{"userUuid":"7a87189f-ea76-4ce3-a078-80b85d4f39ce","userLoc":{"longitude":44.223618365588436,"latitude":38.04870881482694}},{"userUuid":"3aa04334-c0e7-4b8b-bc73-f1532515168f","userLoc":{"longitude":44.77719171272784,"latitude":29.703448108755566}},{"userUuid":"61275948-52f6-4df4-ba4a-18d99aca8849","userLoc":{"longitude":143.03777034733832,"latitude":61.58132511586757}},{"userUuid":"119f607d-8159-4822-92ac-fc962070dc8a","userLoc":{"longitude":140.2508267284611,"latitude":-74.35303459062536}},{"userUuid":"4140eaef-bbd9-4363-8545-40c4bf78a0d7","userLoc":{"longitude":102.93745823931317,"latitude":-26.011210605338093}},{"userUuid":"b61562b9-fc47-41fd-8ba6-4e80338756af","userLoc":{"longitude":-138.08293084629497,"latitude":-75.59757567805855}},{"userUuid":"08d59a2e-16f5-47cd-b018-1a11a9735f52","userLoc":{"longitude":-143.21745311682426,"latitude":-77.3161707141655}},{"userUuid":"f2073c0d-0d56-4a2f-88ef-7546e7f59715","userLoc":{"longitude":-113.3041483992496,"latitude":-1.154003141797233}},{"userUuid":"b8026b3d-561c-4590-81ed-1e871ab1c8bb","userLoc":{"longitude":125.12777845322353,"latitude":3.41273665656783}},{"userUuid":"290e5199-e930-4846-b3ef-3b200adc04af","userLoc":{"longitude":-11.297401148954691,"latitude":-2.7563299100033447}},{"userUuid":"967bc3ae-16c1-4fe8-9b3f-db3a96165c97","userLoc":{"longitude":27.643234015071414,"latitude":-57.44265847644658}},{"userUuid":"c154c0dd-3f3f-47e8-be76-854d59554e1c","userLoc":{"longitude":99.62519300312738,"latitude":62.40439514593814}},{"userUuid":"fa328d12-7e9a-474c-901b-05c1486c8544","userLoc":{"longitude":-127.58703534628853,"latitude":-54.71872200498606}},{"userUuid":"660e260a-1803-4eaf-a114-79c3c16836b0","userLoc":{"longitude":139.09312557554426,"latitude":75.61775400902943}},{"userUuid":"5c8ce843-2db5-4e87-97d8-9228bc6b309c","userLoc":{"longitude":-52.60534810632906,"latitude":68.57062383068643}},{"userUuid":"31709e5d-1f3d-4a8c-aabd-587e2a40b099","userLoc":{"longitude":-61.16585382464446,"latitude":-79.1801737615967}},{"userUuid":"532e02ca-1026-4504-b6d8-05e3cc52f3c7","userLoc":{"longitude":-9.34878365572493,"latitude":-48.43012430688542}},{"userUuid":"c29e565a-59f8-435b-851b-4da92330d48d","userLoc":{"longitude":-147.66333050159824,"latitude":-27.98345532375926}},{"userUuid":"88d25a74-54ac-4131-a55d-711b47e025b0","userLoc":{"longitude":-27.75264261557794,"latitude":81.95404705325694}},{"userUuid":"b3f0dc57-698a-472f-bc9e-cfc68ced3c51","userLoc":{"longitude":-170.95613574107628,"latitude":-63.420987478996636}},{"userUuid":"ef648fdf-548c-475a-9625-861a10ebd48d","userLoc":{"longitude":-77.43956918628103,"latitude":18.5339101297308}},{"userUuid":"b5bfa78f-5a14-444a-af73-834779f30d7b","userLoc":{"longitude":-121.16821520607127,"latitude":-4.858902235306417}},{"userUuid":"3bee1333-71d6-4f59-9dd2-17d2a5000620","userLoc":{"longitude":95.18705088132958,"latitude":40.02342426784891}},{"userUuid":"a625868e-6c3d-45dd-bfd6-a24abe368fde","userLoc":{"longitude":-66.81823429516652,"latitude":-17.180895446971718}},{"userUuid":"472bdda6-cdc2-4e65-a835-365021dd8a4c","userLoc":{"longitude":-6.973748677402142,"latitude":27.16158465133688}},{"userUuid":"4b18f0f6-3c7f-40fa-b33e-9af88058c9dc","userLoc":{"longitude":136.4455295331798,"latitude":76.54657742390052}},{"userUuid":"1721bd2a-2b08-4758-b926-19e074d44c80","userLoc":{"longitude":80.38092762973861,"latitude":-46.15778678318515}},{"userUuid":"fbc49516-df29-49e3-94dc-74d3fb5a80ec","userLoc":{"longitude":134.5217653259848,"latitude":-61.715056227261414}},{"userUuid":"d0621e52-21a1-4633-a6e2-a6e27d7ea6f7","userLoc":{"longitude":3.0323743791940387,"latitude":72.47233108719402}},{"userUuid":"a4890437-0c1d-410f-b5da-ee975c944d25","userLoc":{"longitude":-84.5142186094594,"latitude":79.39059070989245}},{"userUuid":"6159bd31-5984-46ac-9351-8b1be66cab38","userLoc":{"longitude":-74.70796346305687,"latitude":26.75278629551009}},{"userUuid":"b23ae8a4-d19a-4bea-b0df-d16c21d8da25","userLoc":{"longitude":4.975270757224138,"latitude":40.4816216485831}},{"userUuid":"df498484-9875-4cc9-9818-4842153f6d58","userLoc":{"longitude":63.834001599413256,"latitude":69.82928234374828}},{"userUuid":"4b5810b2-411e-457b-9500-b80f82bf0cc5","userLoc":{"longitude":164.18567715955828,"latitude":12.170413955461925}},{"userUuid":"ddd3b22c-1c16-4bd7-956d-84de09d1b920","userLoc":{"longitude":-165.0465719194957,"latitude":8.836462624933716}},{"userUuid":"0a00a351-980e-4768-8075-465ff1f8c2cb","userLoc":{"longitude":-113.39809367006652,"latitude":4.706727095839}},{"userUuid":"a0d6b4b6-bcce-4616-a48d-fea394909a3c","userLoc":{"longitude":83.3094518199834,"latitude":-18.214318657961257}},{"userUuid":"713b9c64-4d42-40e6-ad87-e2e438c56122","userLoc":{"longitude":-102.08818518485427,"latitude":38.05650220387861}},{"userUuid":"1b185521-ebac-4027-9b71-5ce05946fa10","userLoc":{"longitude":-144.12610365075415,"latitude":-74.44603614701178}},{"userUuid":"a6faa3af-f114-4b2a-896e-09af1fab271a","userLoc":{"longitude":-153.14673432839822,"latitude":-74.58718106679738}},{"userUuid":"bc2b074f-37a6-4b80-bc34-7adc3821d2c3","userLoc":{"longitude":-68.11074908528823,"latitude":-13.568702195074863}},{"userUuid":"26242754-4226-4b40-8567-72c48d422ae2","userLoc":{"longitude":-61.30888828806407,"latitude":23.801746543408143}},{"userUuid":"c285f70a-d21e-446b-9d67-9baa0ffce4bc","userLoc":{"longitude":160.52046077392367,"latitude":-80.23226660098415}},{"userUuid":"b89c53e8-31e7-4300-837f-b32c8f75e2b4","userLoc":{"longitude":55.761065856900956,"latitude":-61.98273848506424}},{"userUuid":"8a2972ab-6f10-466e-8240-78ad419053b9","userLoc":{"longitude":-91.34212632737903,"latitude":56.08364650417303}},{"userUuid":"b6187c22-3236-4d7e-be93-d0d23b94e83d","userLoc":{"longitude":-78.52988732472437,"latitude":79.24846435387605}},{"userUuid":"12f3d8ed-6fab-418b-bbf8-84861c01d977","userLoc":{"longitude":24.1823365943643,"latitude":13.165299259378443}},{"userUuid":"a13a5029-2610-466f-a816-c26068fdfffc","userLoc":{"longitude":-147.13181549775658,"latitude":1.5826649698065722}},{"userUuid":"ccec19f5-a69d-45b3-a728-270dad4c3656","userLoc":{"longitude":145.02562197304957,"latitude":63.00522051894197}},{"userUuid":"3fcfdf2d-e59a-4f0c-bc2d-686c870b5960","userLoc":{"longitude":21.592846894365238,"latitude":-36.56102723130916}},{"userUuid":"c9f49b22-d680-4102-8529-8a7df0fcf73b","userLoc":{"longitude":135.23087560110235,"latitude":12.306779145192579}},{"userUuid":"3b22102d-9954-47a5-9360-bcb6672d9521","userLoc":{"longitude":66.8553110893022,"latitude":-78.09857343965425}},{"userUuid":"ca174550-449e-410c-8106-6fceda728413","userLoc":{"longitude":-123.94667002149693,"latitude":33.99402523582519}},{"userUuid":"983b91db-2f6c-47da-ae24-a71e18e2570c","userLoc":{"longitude":-106.46946996582332,"latitude":-72.31589256464949}},{"userUuid":"31e3a471-7546-4140-b44d-2e9e727817e8","userLoc":{"longitude":-145.1620536581111,"latitude":-42.39107430516138}},{"userUuid":"2f9a0e21-aa23-4dcf-bf3b-631264101b4b","userLoc":{"longitude":5.7276423243881425,"latitude":64.52326275422388}},{"userUuid":"e75052d7-492e-4efa-a933-eb182b0f133e","userLoc":{"longitude":39.42350259382707,"latitude":-63.00598053922821}},{"userUuid":"9b219dcd-dfdb-4e3c-9945-df7678e921be","userLoc":{"longitude":153.17926710554968,"latitude":-4.606234190948612}},{"userUuid":"d1ddddf4-8b6f-445e-95b8-f68903de0840","userLoc":{"longitude":61.90021326270309,"latitude":46.57412465737613}},{"userUuid":"8fc59e74-731f-4044-ad50-6aebae2583ea","userLoc":{"longitude":21.853207106294548,"latitude":-61.18904840424433}},{"userUuid":"8196d01f-0af0-4a64-9318-8cc89dbdc4f1","userLoc":{"longitude":-106.96565276797946,"latitude":57.35287721909282}},{"userUuid":"56747056-02c8-4f00-852b-f6991d0923f3","userLoc":{"longitude":-91.61690154818287,"latitude":-10.482036046121081}},{"userUuid":"ec27b969-9d28-4c16-9cc8-6b60c6ff594c","userLoc":{"longitude":36.39087935865021,"latitude":44.67564015327059}},{"userUuid":"65496279-e0a6-484e-a265-8d1d5212df18","userLoc":{"longitude":-179.04778254211237,"latitude":44.043318298823465}},{"userUuid":"a7b9c2c0-1e8c-4da4-b411-e83d0bfce4e0","userLoc":{"longitude":109.51157688446949,"latitude":22.539707265237297}},{"userUuid":"56e83f5c-f8ae-4f35-8858-6a13a0337386","userLoc":{"longitude":-145.1828805581145,"latitude":-69.36404262141845}},{"userUuid":"1fcd1f20-1074-432f-b904-7613720097b0","userLoc":{"longitude":118.01183762474301,"latitude":-83.20490965982353}},{"userUuid":"245ef229-2c76-4df4-845f-f3c769ff3dd2","userLoc":{"longitude":-119.68499839967156,"latitude":-41.37891185119468}},{"userUuid":"3a9fb51a-5f14-47fe-934d-39ad73588386","userLoc":{"longitude":-17.55287216582323,"latitude":-45.093104046793464}},{"userUuid":"6374eec0-3b52-40d8-89ff-8d32cb158681","userLoc":{"longitude":43.298636879686455,"latitude":19.639721935994757}},{"userUuid":"cd69de2b-4572-4c86-9f0c-77a8033d8020","userLoc":{"longitude":76.52586291922034,"latitude":20.959867356634263}},{"userUuid":"743ac444-72f5-437d-8fa8-0b1f44d0cfea","userLoc":{"longitude":-163.25412175952698,"latitude":-11.490401197720075}},{"userUuid":"e59eec89-eb8b-49b8-a844-6559309746db","userLoc":{"longitude":-106.85116255449883,"latitude":-46.800848265578495}},{"userUuid":"718e73aa-80da-480a-a2bc-42e9057df017","userLoc":{"longitude":-165.14285396442875,"latitude":-18.99754435711742}},{"userUuid":"e452ee14-ae36-4572-a5da-ceab3bd337f6","userLoc":{"longitude":146.91834592942877,"latitude":70.90985719402113}},{"userUuid":"ad8e04ba-f750-4711-965f-77037184c3f8","userLoc":{"longitude":98.42198704920537,"latitude":-77.08457834020406}},{"userUuid":"356a51d8-cff1-4ba4-8964-071e681578b3","userLoc":{"longitude":-164.3656350053583,"latitude":33.04864903772952}},{"userUuid":"535fc0b4-d51f-4225-a40e-b573a60dd4b6","userLoc":{"longitude":54.65688671824046,"latitude":78.484286742705}},{"userUuid":"d539060d-3ac0-4b04-b97a-ea92eca671e9","userLoc":{"longitude":-41.88999116686679,"latitude":-13.376139830159403}},{"userUuid":"91861919-adaf-43bd-a249-1c582de8afde","userLoc":{"longitude":42.76787074985802,"latitude":-30.577357306971194}},{"userUuid":"df7e31cb-0684-4c82-9914-6b4d8ce353cd","userLoc":{"longitude":-112.23196793251873,"latitude":-49.46581816861291}},{"userUuid":"9f0b5a60-a00e-49c9-aeba-59f52d479f56","userLoc":{"longitude":-30.19855827296402,"latitude":20.95094739674667}},{"userUuid":"d9109fcb-a2e7-4541-83a4-cf8b4c098dbb","userLoc":{"longitude":-22.430454660568046,"latitude":-52.22869830943695}},{"userUuid":"7c4e7271-e37e-4c20-bd47-a11544c189fd","userLoc":{"longitude":140.81426718284723,"latitude":20.044729482339775}},{"userUuid":"20f29e9f-c657-42a0-b09d-5435cc25f3f5","userLoc":{"longitude":-48.280990926184415,"latitude":36.891087045052586}},{"userUuid":"66737472-9276-4ba3-bb2f-0450ad287029","userLoc":{"longitude":155.11674984856523,"latitude":20.193246340027756}},{"userUuid":"5253a30b-134a-4ee0-be31-9bebbc50d853","userLoc":{"longitude":85.54636966897965,"latitude":-76.58789926266688}},{"userUuid":"41b1cbc7-6e43-4fd5-98ef-306dc828eeef","userLoc":{"longitude":62.83923949934908,"latitude":33.462845204051234}},{"userUuid":"26a857ff-18db-4996-bb0a-e235cc7b8b9b","userLoc":{"longitude":-1.0910853149516129,"latitude":-44.501530147655465}},{"userUuid":"ba9837c9-5db4-421d-b713-ba20e4b876e2","userLoc":{"longitude":-41.609196194398265,"latitude":57.975580888331024}},{"userUuid":"38b07f46-d765-4e42-b20a-352a937ccc2c","userLoc":{"longitude":-50.71106619559342,"latitude":15.818966918141243}},{"userUuid":"25d307e8-3865-49d6-8a48-0fe4ebf55710","userLoc":{"longitude":-65.01180609993281,"latitude":-65.04599013269558}},{"userUuid":"05e330a5-39f4-4c55-a5d4-ed166d8a24d9","userLoc":{"longitude":-165.69849119486813,"latitude":-56.695105940444364}},{"userUuid":"ef2c6e47-6863-4331-9aa9-9aee27db694a","userLoc":{"longitude":-73.970581019065,"latitude":67.35177246430047}},{"userUuid":"ce39784b-7a56-495d-babe-e1bce67fa0d9","userLoc":{"longitude":-16.86033371586703,"latitude":14.62118253337583}},{"userUuid":"5c52f370-e6de-4ce8-94a2-9f568248ec0b","userLoc":{"longitude":-101.98598694068444,"latitude":-18.98923622860309}},{"userUuid":"592a075a-074b-4e98-ad3e-3abf95ae3bf9","userLoc":{"longitude":-69.36502171114739,"latitude":-57.5668413449366}},{"userUuid":"c4d3da3d-989f-4feb-ad03-db7d55fa38b0","userLoc":{"longitude":-163.02515265451885,"latitude":75.55840619543537}},{"userUuid":"44392ebc-16aa-4043-a211-f0d549b46542","userLoc":{"longitude":156.5357893115784,"latitude":-71.16356429549384}},{"userUuid":"b18e6f16-46a6-4396-9bfc-629909daacf0","userLoc":{"longitude":1.7717290236377607,"latitude":43.191193471383144}},{"userUuid":"60eda3ce-5ffe-4b24-8603-3f8579e40b3c","userLoc":{"longitude":-10.364899928991349,"latitude":73.61251562498717}},{"userUuid":"964fd82d-cfba-4738-b93c-234ac4ed1fc3","userLoc":{"longitude":141.50753127298157,"latitude":23.71662386695263}},{"userUuid":"9f224899-4334-4aa5-8374-2878193b500a","userLoc":{"longitude":-13.556419002465276,"latitude":30.723126231253858}},{"userUuid":"5a5f17b0-7b08-4c8d-a0b1-170fa9ccd829","userLoc":{"longitude":165.1399745830165,"latitude":-66.91514922341945}},{"userUuid":"a3c583bd-a87d-49af-b69e-d608d68d5179","userLoc":{"longitude":-127.84515406622766,"latitude":68.41156727634089}},{"userUuid":"47f00ca8-3f1f-427e-b322-d9bc3a9a7d7e","userLoc":{"longitude":-142.79096879511428,"latitude":55.544684566859814}},{"userUuid":"dd49bedb-5571-4812-a29e-1b5fe38b2d48","userLoc":{"longitude":144.87311470403273,"latitude":37.54466646544388}},{"userUuid":"6991849d-718c-4c22-9643-9ab85c84c140","userLoc":{"longitude":64.13325725936517,"latitude":-18.530331204738303}},{"userUuid":"d0582a84-3963-4d28-9bd3-c89201e41b71","userLoc":{"longitude":53.93189521919436,"latitude":27.671572731126332}},{"userUuid":"561a2e9f-006c-459c-82fd-ed1627f89b43","userLoc":{"longitude":-126.84431953474147,"latitude":-80.08354157617279}},{"userUuid":"9bfb4feb-bdd5-49d3-8759-3d731ccad692","userLoc":{"longitude":-137.37108606381034,"latitude":-66.31224761824642}},{"userUuid":"fd6280c7-6d06-4dce-aaa3-d899be9133a0","userLoc":{"longitude":-77.73355369236953,"latitude":-66.134125250717}},{"userUuid":"35256859-08f2-45a1-a60c-35f3a10f5e0b","userLoc":{"longitude":126.21593240843868,"latitude":56.46872362557113}},{"userUuid":"3464a939-a206-4a92-bfc6-6dbe4b18b2de","userLoc":{"longitude":-105.88946276037647,"latitude":-84.82073664489651}},{"userUuid":"685d66d4-7ba1-494b-94c8-ae0e750e6dd7","userLoc":{"longitude":-15.604419428864787,"latitude":-6.518000087844015}},{"userUuid":"04e47721-0ee9-481d-8817-aee5b5c4865e","userLoc":{"longitude":-160.68963712718747,"latitude":76.48224394128783}},{"userUuid":"6f11ec6c-3f31-416f-835f-b196a00d4196","userLoc":{"longitude":69.87425086357615,"latitude":-72.19255403513817}},{"userUuid":"d4015ac9-35dd-45f6-8267-9fbdceb844b0","userLoc":{"longitude":53.86300789196872,"latitude":-41.266165742318464}},{"userUuid":"717a6b05-190b-445f-be2f-6830fecdd6c7","userLoc":{"longitude":142.56279823294727,"latitude":-30.061991017137224}},{"userUuid":"51687476-cbcc-4823-8cec-1aea1e754eb1","userLoc":{"longitude":-114.1579654856473,"latitude":-45.09556147782319}},{"userUuid":"ca31eb9a-4b8e-43fe-b288-6f42dcad307e","userLoc":{"longitude":-7.7127170820167805,"latitude":27.332274809024838}},{"userUuid":"d2452525-657a-42d1-8fdf-bc379ed135d9","userLoc":{"longitude":-174.74438382305723,"latitude":7.030207541807769}},{"userUuid":"5a2c7db1-ff1e-4bf4-9912-40e4d8f1d8cd","userLoc":{"longitude":-69.1521336294965,"latitude":60.97844225626139}},{"userUuid":"06d3b011-c608-4bfb-a77e-b6f348d32c47","userLoc":{"longitude":26.820599623061156,"latitude":17.41173666606825}},{"userUuid":"18709acc-9355-4ce0-84ea-dcdce0852904","userLoc":{"longitude":44.63471793635492,"latitude":-16.54939779085636}},{"userUuid":"a1f7a307-5fbf-4a6a-aba8-4715d987d251","userLoc":{"longitude":-73.54563762789724,"latitude":-2.9631130871054268}},{"userUuid":"54e9e4e7-fcd7-4bef-879e-1a5b892b4799","userLoc":{"longitude":-60.967019253851035,"latitude":-73.33354751779042}},{"userUuid":"33133064-a928-4f40-9788-74b67ec31aff","userLoc":{"longitude":77.02976628341679,"latitude":-18.80512120805666}},{"userUuid":"5dc50261-1fd6-4045-b2e0-57d43fa5bdf8","userLoc":{"longitude":-0.2563640767089339,"latitude":-10.778264463273956}},{"userUuid":"89589b95-6fda-43e5-a078-2672c7d952a9","userLoc":{"longitude":122.46640117722359,"latitude":32.70548635842995}},{"userUuid":"9e1631fa-d429-4d9a-921d-e738f99c8b09","userLoc":{"longitude":174.3212427096268,"latitude":-57.52900466798869}},{"userUuid":"ae703f2e-2990-4100-893f-d72cffdfd9b6","userLoc":{"longitude":-120.55124589702717,"latitude":35.954987798091366}},{"userUuid":"9902f8e0-8b9c-40f3-987c-fc4ae8be6e3c","userLoc":{"longitude":-82.6374890011419,"latitude":-12.799627755803613}},{"userUuid":"41508eac-8795-42ea-a7db-c437defffd32","userLoc":{"longitude":-167.58587132189655,"latitude":-76.16084432269051}},{"userUuid":"de98f3d3-d23d-476f-a4e8-ac3f5048dd07","userLoc":{"longitude":114.19689691022279,"latitude":-48.326950873496415}},{"userUuid":"b86add3e-61db-4236-8610-e411253cf6f2","userLoc":{"longitude":-37.930446946527155,"latitude":12.277416238136254}},{"userUuid":"0875cb7d-0164-4861-bff9-2682f4702115","userLoc":{"longitude":-105.33130530083636,"latitude":-83.79332604648995}},{"userUuid":"4039d648-7868-49fe-aea9-f9745f579357","userLoc":{"longitude":102.01092144634094,"latitude":62.43234621773209}},{"userUuid":"5f51c68a-103b-47db-a634-b363d6365ab6","userLoc":{"longitude":-157.62812697290806,"latitude":77.1193033247672}},{"userUuid":"91c3e424-4fd7-484d-817a-d7ffd085a75a","userLoc":{"longitude":127.39646260403396,"latitude":-25.94675065744184}},{"userUuid":"ef4b6ca1-27e8-4eef-a99e-ed5e81a08a7b","userLoc":{"longitude":-21.890050905806817,"latitude":-71.62241406258207}},{"userUuid":"46de3f5f-4d00-492b-bd34-43295876d800","userLoc":{"longitude":168.22109929656665,"latitude":-32.063916738464556}},{"userUuid":"73eb1cf4-25a0-4c57-a83a-15f1c3073a3c","userLoc":{"longitude":55.46663355917559,"latitude":-44.10799968321664}},{"userUuid":"0b96ca77-53a6-4242-a62d-376b0adb9fdf","userLoc":{"longitude":51.15212726354045,"latitude":-71.23127149829435}},{"userUuid":"10907272-996f-4c3f-af05-dd6c18062524","userLoc":{"longitude":109.30667975737674,"latitude":-37.192113491767245}},{"userUuid":"b73e58b6-11e6-4604-b7db-56116a87aef4","userLoc":{"longitude":135.98193362317767,"latitude":21.932718432249132}},{"userUuid":"7dc91178-acb5-461d-bc3b-49c7240d231e","userLoc":{"longitude":150.10176198249428,"latitude":-36.27988077864256}},{"userUuid":"2935260c-af95-4885-b184-1803cb4873fb","userLoc":{"longitude":75.05236973781084,"latitude":29.229326222917436}},{"userUuid":"3e3727fa-2f43-407d-b026-4fd1a8b51659","userLoc":{"longitude":86.1111723752964,"latitude":-52.841844572519555}},{"userUuid":"5904ac78-87e4-4768-b7e7-74b17349fdb0","userLoc":{"longitude":-165.8147930695853,"latitude":-37.34202362470704}},{"userUuid":"9804b810-5e3a-4f21-a763-600fc35dfb2d","userLoc":{"longitude":-178.82234396435237,"latitude":-47.79226847227386}},{"userUuid":"fc49f9fe-ff2a-4670-9b44-5115b443d593","userLoc":{"longitude":103.29801693867586,"latitude":59.77786340095153}},{"userUuid":"bd8168cf-25cd-40d7-ab86-710b3735ea90","userLoc":{"longitude":117.05689020450063,"latitude":-53.20341547786944}},{"userUuid":"3ebe027d-4dec-49f2-9157-60d892f54eef","userLoc":{"longitude":32.03701416817921,"latitude":-2.4359457378480585}},{"userUuid":"5729770a-dfe4-4b4b-aebc-2539635766fd","userLoc":{"longitude":81.18903380202721,"latitude":-51.01604086417912}},{"userUuid":"8e53ad5d-2a47-450f-86a3-191be823a30c","userLoc":{"longitude":58.79998358511827,"latitude":-37.59930010966082}},{"userUuid":"65479805-f0a7-4496-bbb4-830c7475f3f6","userLoc":{"longitude":-44.43208124465545,"latitude":14.753692408764408}},{"userUuid":"d595f802-047d-4048-a56d-40dc1e4970a8","userLoc":{"longitude":-79.5715363532631,"latitude":-17.927580010366697}},{"userUuid":"99208151-8d72-4f65-b0cc-bc32b9f41664","userLoc":{"longitude":-161.9824200994334,"latitude":63.886873455962075}},{"userUuid":"d742950d-0e96-47b3-9fd6-dd09952ac516","userLoc":{"longitude":-7.365411271360728,"latitude":74.30076992874885}},{"userUuid":"5424ccf9-b4e3-4ae4-af8c-8d42f3670f35","userLoc":{"longitude":-112.58518350743564,"latitude":-28.871096615679093}},{"userUuid":"5cd3ad16-c169-4b8c-b806-eaedd01ed403","userLoc":{"longitude":-174.73107233621676,"latitude":-43.41437181691669}},{"userUuid":"3275b72d-afc3-49fe-991d-1c34a8904be2","userLoc":{"longitude":-106.71226425708699,"latitude":57.076523289525426}},{"userUuid":"35e2b3c2-f6c7-4f6a-b492-e063e367667a","userLoc":{"longitude":-87.5716147890541,"latitude":-42.040290815667404}},{"userUuid":"093f00e5-796c-4628-b11f-d5dbfd2bffd6","userLoc":{"longitude":62.37594364485946,"latitude":19.94368588819539}},{"userUuid":"87171755-100c-4be9-995d-1b49bc189f99","userLoc":{"longitude":88.26082299520698,"latitude":-67.58797752239755}},{"userUuid":"453ea8e3-1556-4b47-89b9-52397e56fb55","userLoc":{"longitude":-42.347515294247785,"latitude":-55.19009981759942}},{"userUuid":"75bd315a-1528-4f29-a786-dd6ef8ae18d8","userLoc":{"longitude":-120.4628194256899,"latitude":-42.95909014616002}},{"userUuid":"f24fe2c8-5cdb-4266-aa94-4817305374b5","userLoc":{"longitude":-66.59245095862349,"latitude":-57.75676697090869}},{"userUuid":"912151fb-4502-42ee-bb20-e4820f416b99","userLoc":{"longitude":-133.98227940296704,"latitude":-37.52485372643051}},{"userUuid":"85240a81-5600-496e-84c5-90ec13455732","userLoc":{"longitude":129.64345874728468,"latitude":1.9002192550778574}},{"userUuid":"5e518662-5c49-40c0-8273-683fb5c09682","userLoc":{"longitude":143.22559246628367,"latitude":11.071297650451044}},{"userUuid":"01a37939-8e30-4c03-a602-c487cf11d85b","userLoc":{"longitude":22.783336384103706,"latitude":-41.34924130966864}},{"userUuid":"3d64e8c7-4cc4-48af-9ba6-a4fa66fb0b9b","userLoc":{"longitude":87.76903169125558,"latitude":-51.215537825712914}},{"userUuid":"12eb8d3f-80ac-430f-b5c7-37f56ef3da86","userLoc":{"longitude":-65.4242320063864,"latitude":28.76523567520195}},{"userUuid":"5ea1dfef-d11b-4155-8710-830fea76a4bc","userLoc":{"longitude":-20.573117466604003,"latitude":63.24937422785072}},{"userUuid":"b183511f-0888-43c9-83c5-427ae77ec56f","userLoc":{"longitude":-123.00976700765446,"latitude":-13.343373970169907}},{"userUuid":"79ded15f-bdc3-43bc-b038-9bdc2f050392","userLoc":{"longitude":35.79010516557574,"latitude":-62.86465452460998}},{"userUuid":"84107e3d-fc05-42ac-8f14-53731b68f8a2","userLoc":{"longitude":-177.68098947955664,"latitude":70.54954324569064}},{"userUuid":"3897cd8b-50a3-43bf-91d9-7e4f5db881ae","userLoc":{"longitude":-115.42832457443713,"latitude":23.437191492057735}},{"userUuid":"6c6eca04-0f1b-45f4-a12e-7ccb6e8bddaf","userLoc":{"longitude":-142.4788450879251,"latitude":-68.14140407805357}},{"userUuid":"c42983d8-3f1e-44d7-ad60-8ce13c0dbc8e","userLoc":{"longitude":25.922854978168232,"latitude":-26.10783996793848}},{"userUuid":"b62e012d-af8c-442a-94fe-3ed588d97953","userLoc":{"longitude":128.23867843241698,"latitude":-66.28089439718046}},{"userUuid":"b2382c46-8040-4b07-b8f3-08e25a85a9da","userLoc":{"longitude":-50.537393747840866,"latitude":18.128656128074738}},{"userUuid":"af001a13-94b2-45d6-af03-ba2f6d7d2c3b","userLoc":{"longitude":107.29889105026535,"latitude":-77.86113440752972}},{"userUuid":"f9d63138-126e-4600-96e8-9e7e09de2a2e","userLoc":{"longitude":89.44787211347256,"latitude":61.81788571412554}},{"userUuid":"2bb811e0-a418-4530-9f90-4d7069bc9550","userLoc":{"longitude":118.19592931881687,"latitude":-68.45965437377288}},{"userUuid":"4a585688-cc00-4df8-b75d-e07678310b82","userLoc":{"longitude":-170.40780397837534,"latitude":-0.8593624612704645}},{"userUuid":"bfa8ddcf-ca76-4f53-83e5-00f11318a208","userLoc":{"longitude":14.349029639198335,"latitude":71.8215935490679}},{"userUuid":"492f05c3-9696-4073-886b-b79c2afed018","userLoc":{"longitude":-39.38345020917032,"latitude":-57.63791932452879}},{"userUuid":"f43abd99-9317-4299-8be6-b9c12e09e37e","userLoc":{"longitude":175.95719703782385,"latitude":22.56736641419164}},{"userUuid":"f2bb82b3-6eb4-46ac-b3fd-3c7155b1ad91","userLoc":{"longitude":47.93200638440811,"latitude":30.890884337207524}},{"userUuid":"3e2ddf5c-d7cf-4ede-8dfb-8c270b4bb4ba","userLoc":{"longitude":-73.34746219178614,"latitude":28.902403281105194}},{"userUuid":"5eec4e93-7742-4108-95ff-eda493de8b6f","userLoc":{"longitude":-159.26736030021476,"latitude":39.54763496256531}},{"userUuid":"cf8f90de-dc92-4d35-9c2f-815377b582ff","userLoc":{"longitude":-125.9543688519484,"latitude":-26.41727773999935}},{"userUuid":"4672187d-aef1-46e9-9071-742c7bc76b18","userLoc":{"longitude":-51.56583374547054,"latitude":-2.1225777561764403}},{"userUuid":"83163874-115c-4121-8695-87119d76ae16","userLoc":{"longitude":-64.87476667473081,"latitude":-76.31195447720994}},{"userUuid":"486b44bc-28fb-4d41-b805-3ef7606ad22a","userLoc":{"longitude":-93.74629287317839,"latitude":72.9672657618226}},{"userUuid":"160fd96c-210f-4629-8afa-59c50c3c24df","userLoc":{"longitude":-88.79713853642656,"latitude":-25.726240326620257}},{"userUuid":"1341dd5f-08d9-4b5e-aaf8-f919fd981b64","userLoc":{"longitude":40.17156305550105,"latitude":-63.83874114334132}},{"userUuid":"131bf3da-6ae2-4c3c-8335-09d24aaaf22c","userLoc":{"longitude":-92.8031516657754,"latitude":-53.31387271643284}},{"userUuid":"2408487b-d84e-4022-8295-1d54688ccb88","userLoc":{"longitude":-57.588445065283636,"latitude":37.475319308889524}},{"userUuid":"1751d0a1-6780-4dee-ae21-c30795d45364","userLoc":{"longitude":-157.3974845628965,"latitude":-31.118074029993885}},{"userUuid":"93f25a2d-1d92-4dd9-b4e7-f0a791d2d747","userLoc":{"longitude":140.17371763154654,"latitude":27.76094579792003}},{"userUuid":"d56a52d8-5dca-428b-a005-7439d29a90a8","userLoc":{"longitude":50.54848742193906,"latitude":-4.966413480694683}},{"userUuid":"bac1cc46-a64e-4395-85cd-b3dac98f7c0a","userLoc":{"longitude":52.80269738498379,"latitude":77.69624167201655}},{"userUuid":"1b2901ed-a9e4-4fd4-bc70-5a4520e78110","userLoc":{"longitude":159.6368038153683,"latitude":-14.230506175168998}},{"userUuid":"a216e602-6dc7-453f-bf62-a798a1ca3ab6","userLoc":{"longitude":-114.25102368681435,"latitude":1.8611678575720845}},{"userUuid":"f391f668-f8e2-40e6-a3ca-6e18438295cf","userLoc":{"longitude":99.39972406983406,"latitude":-27.012825775448555}},{"userUuid":"706431f6-2bba-416c-a900-e1fbbacf65ad","userLoc":{"longitude":-91.17277458202852,"latitude":22.824230727462535}},{"userUuid":"835ddbe5-b334-4a14-9326-27046e5f4f7b","userLoc":{"longitude":13.376889163211672,"latitude":-72.14421329666318}},{"userUuid":"4cc88c8b-384d-4a56-98eb-6a6165a1014a","userLoc":{"longitude":129.85188531749804,"latitude":-31.7252570200216}},{"userUuid":"f9504b65-972a-4f61-b959-c02c844875f3","userLoc":{"longitude":104.83797748767762,"latitude":-20.332070858852106}},{"userUuid":"eb05621c-5a25-4d7b-a508-9ea7302ba57b","userLoc":{"longitude":-96.846202404303,"latitude":-78.92272728147066}},{"userUuid":"8ce38024-32ea-485a-9189-fb64b8514e5c","userLoc":{"longitude":-71.58506722017857,"latitude":64.85657226333322}},{"userUuid":"99992b7b-bff1-4306-93fd-75470566c648","userLoc":{"longitude":-24.872816068276705,"latitude":35.53268682362926}},{"userUuid":"77fa7809-6330-4ffb-bed1-707e4e774a50","userLoc":{"longitude":54.411620351658314,"latitude":-32.4337101386471}},{"userUuid":"0376b8a6-2814-4204-a568-d9a0180efb4c","userLoc":{"longitude":40.78331705815111,"latitude":-54.71229715244023}},{"userUuid":"722c4ab2-181e-414a-a19e-d3b2f2a4de58","userLoc":{"longitude":-150.99806638602277,"latitude":5.710311103072982}},{"userUuid":"9d2474a1-a1f9-42d1-b0b0-d71edbff9dcf","userLoc":{"longitude":140.9254018522575,"latitude":-40.98368181556165}},{"userUuid":"537d4c11-9697-47e1-b3c2-9a5a5d58fddf","userLoc":{"longitude":-88.51363731014915,"latitude":-32.79113848634793}},{"userUuid":"b048804a-6169-48bf-9f65-5cacca334284","userLoc":{"longitude":-31.449943185816892,"latitude":6.8259885583436954}},{"userUuid":"2d8f0d11-486c-4c63-9861-da433118551a","userLoc":{"longitude":52.26488421463711,"latitude":-52.90107562246792}},{"userUuid":"24cb259d-c207-4fd2-9658-c34541571167","userLoc":{"longitude":129.2332206945307,"latitude":-45.36026960383126}},{"userUuid":"f4866855-122a-4b89-9cf1-d87dcaeb1d95","userLoc":{"longitude":-179.0083354318777,"latitude":69.24977688132748}},{"userUuid":"34db9c46-1254-4178-9761-a94661fc56ed","userLoc":{"longitude":134.4040118939791,"latitude":-54.08202663101622}},{"userUuid":"172b28c2-1a66-4c60-8f8f-b0700ec92cec","userLoc":{"longitude":144.97109933668264,"latitude":10.587039493144005}},{"userUuid":"057f23dc-b3cb-4b41-a2f7-d2d4421fd43b","userLoc":{"longitude":90.64920609028411,"latitude":-64.55346701853131}},{"userUuid":"3a3211d4-ba71-4b04-9ac0-714dbaa23fa4","userLoc":{"longitude":67.03371688736556,"latitude":60.889359368822056}},{"userUuid":"dba0e9c4-7f3d-4325-96e7-32a1226a2d6d","userLoc":{"longitude":-101.51419182527391,"latitude":52.911947697795256}},{"userUuid":"223f9946-7435-4beb-9a9c-489854eb1d63","userLoc":{"longitude":89.33527713354124,"latitude":-81.19139576375788}},{"userUuid":"fca53e00-52de-4952-b2b4-b5ffb10e3012","userLoc":{"longitude":-34.648030993660456,"latitude":66.59974383062055}},{"userUuid":"b5e639c6-7e3a-4ff0-bee9-6381fca00b98","userLoc":{"longitude":149.427132628864,"latitude":39.829909551583626}},{"userUuid":"5dd82ad3-de62-4232-a48f-4b6ef58af4f5","userLoc":{"longitude":-35.597857197595005,"latitude":-49.31291659336323}},{"userUuid":"7808fb1a-29aa-45d3-bc11-317db7aa5626","userLoc":{"longitude":-117.52354841993927,"latitude":-18.75435956200731}},{"userUuid":"9726e811-d109-493b-8f3c-d598ecff4f99","userLoc":{"longitude":-148.4128602686088,"latitude":-85.0343071548571}},{"userUuid":"f0e28ee0-af32-453e-9321-07b7f8f24d56","userLoc":{"longitude":-56.35369267547301,"latitude":43.44650429906616}},{"userUuid":"62f63a30-406d-4c53-8121-e18ad0be945e","userLoc":{"longitude":77.473698390018,"latitude":70.90461595421712}},{"userUuid":"f6b916df-de7b-4a1b-9b83-37e018693799","userLoc":{"longitude":122.15248217634735,"latitude":-36.656811019583856}},{"userUuid":"86190577-5415-40f7-92a8-2ff255e8ff41","userLoc":{"longitude":-14.268324961323088,"latitude":-38.8989401523196}},{"userUuid":"9620d790-3149-4a29-b608-46f6da993dbb","userLoc":{"longitude":172.77108493485377,"latitude":-13.204825936904598}},{"userUuid":"5c9e0092-888b-4ade-89b3-c77ecd449182","userLoc":{"longitude":104.71849001041079,"latitude":22.12570134208319}},{"userUuid":"8b1dffe6-7d91-475a-9312-db93651479e1","userLoc":{"longitude":112.35424326955996,"latitude":-80.5499971437549}},{"userUuid":"816edff9-0028-4f3a-94d5-a5bb0dee3632","userLoc":{"longitude":-140.53559062134397,"latitude":4.576569587483391}},{"userUuid":"69c1033d-a7c3-4bbc-bc57-3daf0197b92e","userLoc":{"longitude":-14.441267893027202,"latitude":45.658299931453286}},{"userUuid":"769381fc-57d6-4d5e-83a4-80312ddc0497","userLoc":{"longitude":145.85383703292564,"latitude":-1.5010557791584205}},{"userUuid":"80dd2d2b-c91b-45d4-894e-54d44081497f","userLoc":{"longitude":-28.623015018447433,"latitude":0.4213657547317524}},{"userUuid":"02fa7095-929f-4abf-a046-8dbd1775a749","userLoc":{"longitude":16.06281771795213,"latitude":30.315497541546947}},{"userUuid":"aa328aff-6984-4cf0-bff5-c925348313b3","userLoc":{"longitude":18.00918005428713,"latitude":54.115418319033694}},{"userUuid":"e53966f2-fb5d-4883-9349-610a333e1597","userLoc":{"longitude":146.30148337282992,"latitude":79.84962240235586}},{"userUuid":"b99f1556-47a9-47e4-bd42-7d5baa9f8582","userLoc":{"longitude":141.3472852524722,"latitude":-74.20494906832926}},{"userUuid":"73ca091c-f07b-4ac4-83c8-323d1cc60fdf","userLoc":{"longitude":175.86977697009723,"latitude":61.66555983064961}},{"userUuid":"7bfdf509-04ca-488d-b700-0d546d079ada","userLoc":{"longitude":116.25443634668545,"latitude":-5.586715383784281}},{"userUuid":"a8a73db5-049c-4e33-ba3f-c968eb2e2576","userLoc":{"longitude":-52.313322383203555,"latitude":-41.64363120374948}},{"userUuid":"5d542824-ae6d-441c-9db7-e64518123d45","userLoc":{"longitude":-141.9025897142455,"latitude":74.13261166502289}},{"userUuid":"fda86a3b-7b32-4ed6-98f3-aaf7eef64ff9","userLoc":{"longitude":-55.16252153556316,"latitude":-6.814460488471468}},{"userUuid":"34140b3c-fd81-4443-a02b-654a7c044f36","userLoc":{"longitude":54.72361726468003,"latitude":65.2905693743729}},{"userUuid":"03ae83dd-aff4-4a54-a4a2-e5486ce525ed","userLoc":{"longitude":-49.15406674921667,"latitude":-8.06628595014395}},{"userUuid":"b929036c-b89b-4bea-b311-dc94da9ccbd3","userLoc":{"longitude":-106.64531358239039,"latitude":50.23759036877027}},{"userUuid":"95333c08-3910-4f29-8933-f81bf33c3838","userLoc":{"longitude":52.66061701075512,"latitude":59.07490518031199}},{"userUuid":"285109b0-c81e-423e-8daa-d54c5f83c1fb","userLoc":{"longitude":-129.1450438462903,"latitude":-17.746161405313586}},{"userUuid":"257c4b52-4420-4e95-a3c4-43186bd7b845","userLoc":{"longitude":64.79596254310917,"latitude":80.62639992751693}},{"userUuid":"4e983254-33f5-4b28-9939-c5299babe6f1","userLoc":{"longitude":-115.13565507332682,"latitude":55.00488912725626}},{"userUuid":"cb1da20a-46de-4bde-bdab-45e5b3a4e296","userLoc":{"longitude":91.43382148593082,"latitude":-38.42397586588268}},{"userUuid":"446e32d5-80df-4204-95bc-a6672dc7a855","userLoc":{"longitude":-160.83436462036272,"latitude":-23.076709509178066}},{"userUuid":"4257eabd-3d9b-46b8-8a5c-efd8f6e2a245","userLoc":{"longitude":106.72612729839881,"latitude":-8.63543474127907}},{"userUuid":"cde25131-3520-4338-ab8d-66de71df86fb","userLoc":{"longitude":-69.92432542016499,"latitude":-25.567941192019084}},{"userUuid":"08a43c63-ff6b-4683-a60a-cc5d5dd1618f","userLoc":{"longitude":-69.2775870335565,"latitude":25.146328453194812}},{"userUuid":"a1d9b347-772b-4056-8419-9d7219640c5c","userLoc":{"longitude":37.723131203606215,"latitude":42.92086546287062}},{"userUuid":"b632dece-7a91-42f0-8159-98a69ad37703","userLoc":{"longitude":31.656027514624583,"latitude":-36.984498397448654}},{"userUuid":"0eaa84a9-655c-4bd4-9265-1ffe47b05256","userLoc":{"longitude":69.44917906036,"latitude":76.07323445119516}},{"userUuid":"b6c5fc74-a66c-47b4-9188-b039d5241caa","userLoc":{"longitude":-115.62480227164947,"latitude":-57.583670879497404}},{"userUuid":"3018d9f3-f79b-480c-bf48-efdc79c68961","userLoc":{"longitude":-37.37165238275563,"latitude":22.6062490962817}},{"userUuid":"d6c5e5c5-08ee-4c29-8501-f43b8ae0856b","userLoc":{"longitude":127.23587351495416,"latitude":47.702775122368024}},{"userUuid":"3e3aab5a-9115-4930-b8e8-ffe9c38c5c54","userLoc":{"longitude":174.72729096704495,"latitude":-79.69813283950859}},{"userUuid":"3c1d0dca-5875-4837-82f8-e4388aabac22","userLoc":{"longitude":7.4596280762204685,"latitude":22.416379654037414}},{"userUuid":"d32ca6ed-6ec1-445b-b827-3a427969e8ca","userLoc":{"longitude":-14.40431459622863,"latitude":-55.800663337000024}},{"userUuid":"2ad1f2da-195c-47d8-8596-8e51ca6c763f","userLoc":{"longitude":-54.84190987300042,"latitude":78.93884961885075}},{"userUuid":"1683d012-f2fa-42f9-b566-39bf8f56a283","userLoc":{"longitude":98.00077238969487,"latitude":28.253107379945106}},{"userUuid":"270c5444-7c34-4e09-be62-d7ba8265124f","userLoc":{"longitude":114.07244467532917,"latitude":84.16031845047215}},{"userUuid":"bb901de2-e02b-4d70-bf36-3119f272cc3e","userLoc":{"longitude":-154.32223166363136,"latitude":-57.820410200550086}},{"userUuid":"390b74f5-e996-4f12-898e-18aaf752ad82","userLoc":{"longitude":66.29832291256585,"latitude":-58.76570213230971}},{"userUuid":"0609131f-c2d9-4724-9f96-c7deae1d86d3","userLoc":{"longitude":-177.52188078888724,"latitude":68.22734107895951}},{"userUuid":"2806647a-2842-4d82-9e88-7a14933ec5da","userLoc":{"longitude":28.76044803829123,"latitude":22.91176124317063}},{"userUuid":"192c16f6-f302-4492-8fea-d5a1c05c6d6d","userLoc":{"longitude":-144.9574779022326,"latitude":-72.64921450712295}},{"userUuid":"3b339e86-7580-4f1f-93f8-550dea398546","userLoc":{"longitude":29.506277445317977,"latitude":72.75730677006905}},{"userUuid":"98a55b18-4e53-4cf0-b1a3-4e4c6c4de3df","userLoc":{"longitude":54.81389269523859,"latitude":-18.93563323535662}},{"userUuid":"134b4cc8-7969-4cc6-95a2-29f6a2fc42ce","userLoc":{"longitude":-91.38341613189584,"latitude":-15.87303601989872}},{"userUuid":"7b3bc764-889e-4b3f-9b64-c1169272bd13","userLoc":{"longitude":-119.10964856161574,"latitude":0.14500606307696273}},{"userUuid":"a91b97a7-0635-4e89-8af0-40f4dcc39fa2","userLoc":{"longitude":-48.64753502014281,"latitude":-19.271075431329038}},{"userUuid":"d7694756-9e42-4547-9bc3-a2c8921468ad","userLoc":{"longitude":-15.452542331195104,"latitude":32.30032186279388}},{"userUuid":"44a07b7f-7008-476f-ba73-a1a43d00beb6","userLoc":{"longitude":21.711625174174742,"latitude":-53.39849231164173}},{"userUuid":"db039561-6c2d-49f3-9458-a2e44083a3af","userLoc":{"longitude":9.365973366881803,"latitude":63.09882881204618}},{"userUuid":"bd7dc655-9208-4829-8497-bfe9472618a1","userLoc":{"longitude":-36.162871032566954,"latitude":42.1464644268452}},{"userUuid":"2b9009d8-f424-42a5-8969-c11eae9bb428","userLoc":{"longitude":142.10894987010397,"latitude":-72.2939192514838}},{"userUuid":"4053dafa-58f0-4adc-bd2a-c3f266d75c46","userLoc":{"longitude":-16.918748097511696,"latitude":33.41282918818975}},{"userUuid":"b3619d8a-b88b-471d-9ea1-f2bebb73cf4d","userLoc":{"longitude":-179.70375365958031,"latitude":70.09138782629199}},{"userUuid":"98cab292-81dc-4231-bcaf-e9e92d4e8029","userLoc":{"longitude":41.64126388685486,"latitude":2.3298540571705644}},{"userUuid":"664356df-196a-431b-a1bb-0caf90b2a4e9","userLoc":{"longitude":87.96486846991502,"latitude":-13.872579979181467}},{"userUuid":"51bafb16-84d1-4dea-b4a0-d3230a55458c","userLoc":{"longitude":-9.719849324633913,"latitude":42.47663933379124}},{"userUuid":"f4a29afd-e641-4b58-a099-f9c0bcd4d470","userLoc":{"longitude":-112.76077560597219,"latitude":60.69716283570696}},{"userUuid":"bf308b4a-d2ae-4e66-a4b9-703cd00a58f1","userLoc":{"longitude":-133.12510013293303,"latitude":-53.41468495914499}},{"userUuid":"0c3efc07-4043-4e43-963e-1d6aa019a03c","userLoc":{"longitude":-104.70711708396426,"latitude":71.64668708811516}},{"userUuid":"4ee40bda-ffb9-4539-a5b5-2fa0256ae45b","userLoc":{"longitude":178.08268707914897,"latitude":19.45898249516644}},{"userUuid":"c96f032e-fd2d-4d94-94ba-0723cb2c8844","userLoc":{"longitude":147.69204091960376,"latitude":55.05460200261825}},{"userUuid":"b359234f-fca2-4b83-abe0-2ccb201f075b","userLoc":{"longitude":-143.61510586275176,"latitude":66.91957564760352}},{"userUuid":"e8383f39-33fc-43b6-8376-8a1bd5b8453d","userLoc":{"longitude":52.674982939784485,"latitude":40.995807982360205}},{"userUuid":"e6773929-d46d-4b4e-81d6-e2303daef0a4","userLoc":{"longitude":-179.4243589017293,"latitude":67.38315897647269}},{"userUuid":"b69176c3-cf7c-447f-b1e5-0a007c965b79","userLoc":{"longitude":-6.2340167074583235,"latitude":24.39499529179544}},{"userUuid":"430fd117-d879-4ee3-8367-f17bea739f13","userLoc":{"longitude":-113.78955712731606,"latitude":-18.60043831315261}},{"userUuid":"e99a910f-73fd-46c7-8998-05721aed1727","userLoc":{"longitude":109.69736106236218,"latitude":52.13512261420769}},{"userUuid":"cb684b81-5d67-48c0-b53f-dc73886102e5","userLoc":{"longitude":84.7723414832617,"latitude":50.67041916672042}},{"userUuid":"883f4c53-0ec2-4ef8-8ecb-daf894cfb188","userLoc":{"longitude":85.32817081713694,"latitude":-61.58448041158307}},{"userUuid":"30ea5a6c-2b96-43f6-8bad-82d069876a08","userLoc":{"longitude":48.448552057889174,"latitude":-60.74804005764443}},{"userUuid":"683c02cb-9adf-4009-a47f-8de4db79e5c8","userLoc":{"longitude":165.7882961098814,"latitude":-37.64475562455302}},{"userUuid":"c03298a8-1981-4afd-a55f-e679bd0c153d","userLoc":{"longitude":-2.1992661411315453,"latitude":74.27798717692417}},{"userUuid":"12e39983-5a90-407c-b185-b4d2c3386081","userLoc":{"longitude":168.40161125543136,"latitude":48.5446259087426}},{"userUuid":"9f508159-478a-4816-80fd-23cfcd21f108","userLoc":{"longitude":132.81839953924816,"latitude":47.5726293646793}},{"userUuid":"5e892b98-538f-43b7-8294-77162f23dea9","userLoc":{"longitude":-13.631713765669247,"latitude":36.07515538660624}},{"userUuid":"4cf57751-8091-46ec-b564-c74fea8c666f","userLoc":{"longitude":-156.45761250239445,"latitude":-50.523631697112634}},{"userUuid":"396c912a-6143-4719-8e82-37945707aed5","userLoc":{"longitude":-128.03794287449875,"latitude":-14.443798087935008}},{"userUuid":"cf2c5440-af1d-4c4c-b1d2-a164c7de5b31","userLoc":{"longitude":-15.2644889381437,"latitude":30.899780874276956}},{"userUuid":"e1b77180-f689-4651-9756-e7acc081ec4c","userLoc":{"longitude":153.3959591651506,"latitude":28.957557930191086}},{"userUuid":"2ca0dc22-52b7-4067-a0f5-6a041b2ae6f1","userLoc":{"longitude":131.9986227767543,"latitude":23.192350429127472}},{"userUuid":"2b18cfba-aa72-431d-894a-8d49e932bbfa","userLoc":{"longitude":-121.79078009643108,"latitude":-31.909727255229356}},{"userUuid":"c17fcb09-4499-4d97-aa76-1d179036c66a","userLoc":{"longitude":-129.7464228366592,"latitude":78.74019841916729}},{"userUuid":"3652380f-c367-465f-9dfd-f99a62930c47","userLoc":{"longitude":-18.400814154350684,"latitude":64.2059589622479}},{"userUuid":"dc97b206-861a-40e4-9237-7495dc3e59e7","userLoc":{"longitude":-58.96092764256234,"latitude":53.668200054717346}},{"userUuid":"62ce65cc-96fc-461e-a701-d0bd359e0800","userLoc":{"longitude":-165.06889209412915,"latitude":70.50447283237855}},{"userUuid":"c798cef9-59e0-4cc8-be93-ed6b9fbd260b","userLoc":{"longitude":41.77242876259456,"latitude":-81.08666683152566}},{"userUuid":"0a92c9f4-63c3-496a-a9b0-23ed1d9fef18","userLoc":{"longitude":160.29579548909106,"latitude":74.40691138836172}},{"userUuid":"369f79b8-d180-46d1-81f1-0ae82f5ae65b","userLoc":{"longitude":-175.2051165803274,"latitude":66.32752895269877}},{"userUuid":"72eab356-8256-40ca-9838-0a32894384f8","userLoc":{"longitude":-27.167735751970582,"latitude":9.148029613580746}},{"userUuid":"25e1f84a-2ab7-432a-8b36-810783bd17d4","userLoc":{"longitude":92.57335107456299,"latitude":-47.656493134920474}},{"userUuid":"75b15d8f-b607-40ef-8d9b-f58c0693bcf1","userLoc":{"longitude":-0.22707825595838926,"latitude":3.918200497755933}},{"userUuid":"d8cadbcb-14b8-48ae-b735-6cb304e9b4c4","userLoc":{"longitude":-148.9855789765333,"latitude":-43.7708695644697}},{"userUuid":"0e6eeaaa-b2d6-4812-a376-e67473b7d4a1","userLoc":{"longitude":101.74867799390569,"latitude":-51.30027224881423}},{"userUuid":"7dce4099-7a39-4d8e-aece-19dae82023f5","userLoc":{"longitude":28.24421396676192,"latitude":45.79171698850868}},{"userUuid":"dfac4239-3f44-4328-8393-b7207be51869","userLoc":{"longitude":-168.68720555467027,"latitude":52.64463613126617}},{"userUuid":"c8bea950-f1e9-413b-be98-ae316433100c","userLoc":{"longitude":9.638666551151715,"latitude":4.78699298155928}},{"userUuid":"9d36baab-f9de-4e08-a496-8365e3788362","userLoc":{"longitude":22.202455684994618,"latitude":83.8685217340282}},{"userUuid":"0e2db6c6-1eda-4963-a92d-8ed74d292f2b","userLoc":{"longitude":-92.35041707376936,"latitude":73.98701540311873}},{"userUuid":"626500f4-6403-486d-8379-b16d77aecee9","userLoc":{"longitude":68.2920804755421,"latitude":-5.194896466849158}},{"userUuid":"32771bf9-c1ca-42ab-9adc-0f696d7f9804","userLoc":{"longitude":29.901216136440098,"latitude":-3.1361127478173074}},{"userUuid":"97c2492e-66ac-4bde-b7dd-460eab0d02ce","userLoc":{"longitude":36.70630789925403,"latitude":82.34542779706192}},{"userUuid":"34f85876-ff57-4187-ac18-ab9b73f663d7","userLoc":{"longitude":-130.83017407582938,"latitude":-24.232576362489148}},{"userUuid":"aba266e5-c2c2-4503-bad5-5f27329e4a58","userLoc":{"longitude":125.74191891465466,"latitude":-60.41687160956223}},{"userUuid":"99075936-f83e-4150-a680-3624802fefa7","userLoc":{"longitude":71.66277285627893,"latitude":56.45388709749642}},{"userUuid":"ae65a296-99e3-4e71-9084-ca695cefb882","userLoc":{"longitude":72.22280040665387,"latitude":-33.15909268982694}},{"userUuid":"0b2baafa-e79c-400a-8c35-83679def8f9c","userLoc":{"longitude":-134.9475163843361,"latitude":18.147965102226692}},{"userUuid":"bfbeef58-346a-4fed-be96-0f45d9a2613e","userLoc":{"longitude":83.60079028850134,"latitude":-5.160516939704721}},{"userUuid":"4fcaade1-3c19-4ead-a1c6-e4ea72e40e36","userLoc":{"longitude":68.68184406959392,"latitude":-66.69872024813827}},{"userUuid":"d2617d94-feb3-4a86-a484-6e327fc8597b","userLoc":{"longitude":100.95710689006705,"latitude":29.637726975699266}},{"userUuid":"4e5ee0e7-8fd5-4612-ace9-2e1ec18752f5","userLoc":{"longitude":160.43730276421059,"latitude":-39.716524791164254}},{"userUuid":"0c1a8e0c-504d-4add-9d1a-901898ed6408","userLoc":{"longitude":137.85079486412837,"latitude":64.87736265502008}},{"userUuid":"4a0efeef-0766-4cf0-a6b6-6dd6c24c76e9","userLoc":{"longitude":102.10260144892572,"latitude":-17.24861529007019}},{"userUuid":"d97b511b-0ec1-44f9-af5a-ad4e0ed5918d","userLoc":{"longitude":122.14315603142575,"latitude":81.89232736651789}},{"userUuid":"af674568-1903-4948-8b4c-6fd305d02209","userLoc":{"longitude":-173.12692820963488,"latitude":-32.562660631248946}},{"userUuid":"04bb6b61-97a7-4f85-9fc3-773e2ef70f2e","userLoc":{"longitude":-142.32415622249053,"latitude":-32.59775388485164}},{"userUuid":"feef73eb-afab-468a-a274-f3c6ecebafa5","userLoc":{"longitude":-172.08014473786594,"latitude":-41.45988232044615}},{"userUuid":"0fccaa90-b940-460f-a586-ad413dc28528","userLoc":{"longitude":-174.79043387886907,"latitude":82.95552451510295}},{"userUuid":"88856c16-ef24-4f37-87b3-a75de07e4f65","userLoc":{"longitude":-161.6262173451678,"latitude":-80.28606138612875}},{"userUuid":"c97b9ab4-e5a0-491e-8f82-ce6a22e691f1","userLoc":{"longitude":-0.8250689239252438,"latitude":7.901390201922453}},{"userUuid":"d97f29ab-9752-403b-b553-3e6ae28ac43e","userLoc":{"longitude":-155.9688120246023,"latitude":70.52735127224773}},{"userUuid":"4c02136c-15d0-4373-87ec-d5ae3a67cb01","userLoc":{"longitude":-43.186651117063974,"latitude":27.52412512653801}},{"userUuid":"95466529-0eb1-46b7-801e-ae311f7dc399","userLoc":{"longitude":114.02952412277199,"latitude":-14.956448206101612}},{"userUuid":"6fcb5c0d-c0e6-4483-9b21-7a003d629955","userLoc":{"longitude":-77.40635092207123,"latitude":-85.01611611315211}},{"userUuid":"29e8b087-408f-4882-852d-e0a45b0959fd","userLoc":{"longitude":-14.922150216462171,"latitude":-74.41729571048708}},{"userUuid":"f53b74a0-ac68-4b49-b663-57af86323d6e","userLoc":{"longitude":44.35842293357027,"latitude":54.16678170536932}},{"userUuid":"79ec2cd0-9ed7-40c9-806c-e824b758304d","userLoc":{"longitude":-114.36487172821784,"latitude":-69.20526576134499}},{"userUuid":"f18251e2-2b9f-4e53-8b13-43589ee3fcf7","userLoc":{"longitude":6.982545296954726,"latitude":14.067304493952761}},{"userUuid":"be3abfc2-94d9-4372-91a8-02e7f823a401","userLoc":{"longitude":166.73665083693112,"latitude":16.40178318169174}},{"userUuid":"d8fb995f-7e59-44f2-bf81-bbe63574e988","userLoc":{"longitude":100.26053544785566,"latitude":-62.638513800711465}},{"userUuid":"a798f4b4-5b74-4e45-8227-e98821804be7","userLoc":{"longitude":-62.778170250435466,"latitude":-21.704437833072774}},{"userUuid":"9e5ecb44-4650-4ae3-9274-5248e2e13129","userLoc":{"longitude":-5.785968137905655,"latitude":-40.7098311371231}},{"userUuid":"de9efd73-a1c7-44c9-88b8-8a25b1a2e0ad","userLoc":{"longitude":-116.97791050416326,"latitude":-76.41507003491125}},{"userUuid":"6d464e02-952b-4aea-8c3b-ff0ccb0f8a13","userLoc":{"longitude":148.8817850033259,"latitude":45.98251472064749}},{"userUuid":"93eb15ff-5cef-429e-9ac7-81798423131b","userLoc":{"longitude":-139.81614460959312,"latitude":16.810737789314146}},{"userUuid":"1e967761-4f04-4519-923c-cc3f222b36f7","userLoc":{"longitude":-130.17282532137438,"latitude":19.94781941284488}},{"userUuid":"c2219581-15c4-4968-bbb1-d2e03702eb16","userLoc":{"longitude":-44.26971218204574,"latitude":65.38420985990703}},{"userUuid":"44b4d8ac-6781-4e47-9341-26c946e3d4e5","userLoc":{"longitude":-145.2154385499765,"latitude":55.559272576241966}},{"userUuid":"001f8e54-5680-42d9-a62e-0e238b35b164","userLoc":{"longitude":173.29536787495664,"latitude":-83.68661281939202}},{"userUuid":"871966bf-958c-4557-9b4f-73582f2c79ff","userLoc":{"longitude":5.119913625486873,"latitude":-56.980365246131754}},{"userUuid":"05fb2e92-9dd7-4325-88eb-c90a4c198b2d","userLoc":{"longitude":-109.03897618125494,"latitude":76.6393931098088}},{"userUuid":"5f0472bc-d1e8-4880-ba2f-612eb8f7305f","userLoc":{"longitude":24.376547291197454,"latitude":-67.2574410170362}},{"userUuid":"6a6dd323-defb-42dc-bf48-cf061da7e640","userLoc":{"longitude":-140.0160646412653,"latitude":-32.32692408277113}},{"userUuid":"5aed99d3-5c62-4e51-9eff-dd154ee60d4a","userLoc":{"longitude":88.14106358001987,"latitude":-43.69126006518042}},{"userUuid":"c706f42f-2859-46f2-bc34-bdd76b44e125","userLoc":{"longitude":66.0224878225466,"latitude":-57.12005251943201}},{"userUuid":"b65f4b48-936b-46ee-a44f-89a315f1d336","userLoc":{"longitude":14.319596540064396,"latitude":-68.42311676376875}},{"userUuid":"10328214-fc52-49b5-bae8-22f962fdadde","userLoc":{"longitude":131.8274358886394,"latitude":63.79610030312591}},{"userUuid":"0c9ebfaa-5094-4c1e-9383-292b383fc4d6","userLoc":{"longitude":-78.49661565426078,"latitude":-7.718781738972538}},{"userUuid":"3b1926e5-40cb-41d2-9eb4-9c2edcdc74af","userLoc":{"longitude":76.561017340533,"latitude":-53.65061792594554}},{"userUuid":"a8a00034-0499-47a2-b507-babc94b2e986","userLoc":{"longitude":171.6820031469212,"latitude":-66.20912119900183}},{"userUuid":"d3c40dc8-f873-4b95-9995-c80ee4782ada","userLoc":{"longitude":-96.14009448860268,"latitude":-72.01744618825217}},{"userUuid":"d41f4475-cbf0-4bea-8cf5-dcbf0afc5dd0","userLoc":{"longitude":-115.9898608954532,"latitude":-69.82258669999453}},{"userUuid":"824d9175-50a0-433e-bf74-b13c624046ad","userLoc":{"longitude":16.098318993308084,"latitude":-77.29433494947631}},{"userUuid":"62c237ff-d059-42da-bcf9-1eb42d8a94d3","userLoc":{"longitude":118.99539158758898,"latitude":-6.070907978876704}},{"userUuid":"2ae80d9b-5874-4597-9e73-f7f932453f48","userLoc":{"longitude":-124.23080673053596,"latitude":-79.67608491715961}},{"userUuid":"77d50d32-cd4b-4946-a009-2afe6de4a8c0","userLoc":{"longitude":161.07638002864718,"latitude":-31.877518936907663}},{"userUuid":"e4661759-3508-4cdc-9f56-47af6ac8c88a","userLoc":{"longitude":17.357707424119326,"latitude":-46.865448567535815}},{"userUuid":"28a7e839-bec1-4ca7-a103-699b3e9cc21e","userLoc":{"longitude":108.77635026710192,"latitude":22.90500452674395}},{"userUuid":"7db70582-a8ab-4cfc-81c5-6a861d0797c6","userLoc":{"longitude":-34.52194524377387,"latitude":-84.47424171566595}},{"userUuid":"02badfc4-319d-4550-8e95-4654fc378db8","userLoc":{"longitude":70.97324319479671,"latitude":71.94270216292134}},{"userUuid":"ead8c639-b671-45cf-96ae-0e6ecc8ece35","userLoc":{"longitude":178.9018442015588,"latitude":54.724580175350724}},{"userUuid":"78e92d7c-61d3-4dc4-aabc-4716c6590d72","userLoc":{"longitude":87.02508208647816,"latitude":20.14396409032082}},{"userUuid":"54685d76-8b0e-4bc7-9480-2bd8ddba7063","userLoc":{"longitude":75.61875610972763,"latitude":-45.77131229104307}},{"userUuid":"7606aa4c-1c41-49ef-af9e-4b7a97c357db","userLoc":{"longitude":-72.33101069578741,"latitude":30.07702220791579}},{"userUuid":"4707e319-0d3d-45ab-8ec6-29357e165c80","userLoc":{"longitude":52.39655865537151,"latitude":-22.582677760561552}},{"userUuid":"576c9ff7-dc75-4cdb-abb8-58a9a7677f66","userLoc":{"longitude":-27.338120357270952,"latitude":-12.21459336057005}},{"userUuid":"35c6361a-d8ee-4d1a-ad89-ee05fceb01e3","userLoc":{"longitude":-173.04897446169355,"latitude":-39.453883175883206}},{"userUuid":"740fa452-eafb-4c72-bfb0-e2d4c7d80bc7","userLoc":{"longitude":140.69831268008915,"latitude":6.936437194854122}},{"userUuid":"a78b6c8d-56aa-4e29-a24f-9e50ecb63ed4","userLoc":{"longitude":109.9753063428168,"latitude":53.13742335508664}},{"userUuid":"cd398784-70e7-435d-ae4c-4f1c63e7d0a5","userLoc":{"longitude":-52.47561228702557,"latitude":-39.57291016515069}},{"userUuid":"cc4315eb-b4a7-4ad4-a3da-a40182879305","userLoc":{"longitude":122.60254847084622,"latitude":43.17232697032907}},{"userUuid":"74912c8b-9d43-4cd7-b682-7f08a525f2ac","userLoc":{"longitude":141.86582812462586,"latitude":-73.54760089553595}},{"userUuid":"273e8f8e-4273-4443-b496-47d92f357269","userLoc":{"longitude":19.466156551022266,"latitude":48.81977754237016}},{"userUuid":"26b659cb-5c90-4042-91c8-bb631f418fc0","userLoc":{"longitude":150.01394595179255,"latitude":-62.4262636018785}},{"userUuid":"35ead07d-8d15-438f-adf9-77f4750a1c94","userLoc":{"longitude":-162.5966465216842,"latitude":-54.162672037802025}},{"userUuid":"fe243d20-c2da-4e4f-961c-5f9f671b8a85","userLoc":{"longitude":-99.24737380857827,"latitude":27.86149501444227}},{"userUuid":"efbb1179-a6c5-4485-b5f6-0d3526b8e36a","userLoc":{"longitude":-15.932690864436324,"latitude":-83.23946069695842}},{"userUuid":"2f79ecec-c062-4885-aff4-da5e04f18662","userLoc":{"longitude":126.4634328364275,"latitude":76.11380379860941}},{"userUuid":"a7a478fa-f6d4-4e3a-8e22-bf73fe746fe1","userLoc":{"longitude":-158.6107467105202,"latitude":-60.02709228056016}},{"userUuid":"4ee19005-f0b9-4678-95e5-fe5016a656d6","userLoc":{"longitude":-169.92055488727064,"latitude":-57.78341297808531}},{"userUuid":"50d38638-167b-4ac1-a8fe-f2f460a201f3","userLoc":{"longitude":169.54843513916694,"latitude":44.36968186842782}},{"userUuid":"c37e4204-4d9a-451c-acfd-89aa7f1d9092","userLoc":{"longitude":90.7629309196833,"latitude":-81.95636690748115}},{"userUuid":"b2434a5a-e790-43d4-97e9-cc5bbcd930da","userLoc":{"longitude":-107.08888290803884,"latitude":-39.86551098653341}},{"userUuid":"79874971-73eb-4d56-a85d-060ea00e2572","userLoc":{"longitude":-113.49690564425428,"latitude":-72.34239840450857}},{"userUuid":"63550b33-6b41-4c94-8cd3-8bcf8c0d3666","userLoc":{"longitude":5.251289573800676,"latitude":-31.68636860148645}},{"userUuid":"1f6509ad-f683-4f74-9110-83c289d68ccd","userLoc":{"longitude":148.87952258440038,"latitude":-13.334801868674944}},{"userUuid":"41aa5ebf-f469-4d1e-a7fd-d20458cd289e","userLoc":{"longitude":-77.54431338906899,"latitude":-49.21450295452962}},{"userUuid":"1dda2a40-990d-4583-8b89-f2682448c37b","userLoc":{"longitude":-158.28373606942367,"latitude":29.956157772024554}},{"userUuid":"34ca7f07-c3d0-4b52-a031-8207ec616ff7","userLoc":{"longitude":-67.53120582722683,"latitude":-82.14490533640966}},{"userUuid":"2ec1dd2c-9974-483f-b388-0ec2fe194643","userLoc":{"longitude":135.933998492883,"latitude":82.47610303808054}},{"userUuid":"1759d089-6a2a-4ba0-b517-bc26a7773ea1","userLoc":{"longitude":160.59575981189244,"latitude":-15.124136074454285}},{"userUuid":"4f271f2e-73c5-47f1-9934-16a3889e1a42","userLoc":{"longitude":58.39507577264459,"latitude":20.323376129792194}},{"userUuid":"0da5b922-a809-4437-bf24-ae16b753fe5a","userLoc":{"longitude":-165.28853087261726,"latitude":74.4267461959686}},{"userUuid":"8ec85cfa-0525-492e-81d6-9745202aaf8a","userLoc":{"longitude":5.101329040327698,"latitude":68.9681343617855}},{"userUuid":"59150811-db2c-44e2-8b29-124e87d5aaa3","userLoc":{"longitude":-109.69561913028261,"latitude":-59.32442487499617}},{"userUuid":"22ea802e-72f2-4999-9f8b-b3eb155ce447","userLoc":{"longitude":-130.9806514308339,"latitude":-17.40027222510824}},{"userUuid":"72d1952a-4e09-47c5-bada-dbb65da6c112","userLoc":{"longitude":64.66707137440588,"latitude":-8.800522754132416}},{"userUuid":"90b26589-04e3-456b-9fc7-e3a32cad7a46","userLoc":{"longitude":70.12663276705564,"latitude":-46.78151742641749}},{"userUuid":"b46415c6-edf5-4135-9867-4251d28d7ca6","userLoc":{"longitude":-30.504686333023216,"latitude":-4.555646371282506}},{"userUuid":"759a436a-7e16-4ee7-8bd9-05576bac7a35","userLoc":{"longitude":87.91743046499977,"latitude":31.916951280667362}},{"userUuid":"70d6e1c6-d041-47fa-99fa-90e8ded32e6c","userLoc":{"longitude":60.21952954307193,"latitude":70.41790844894547}},{"userUuid":"8700fc53-0979-41cb-b25e-71333e3d6092","userLoc":{"longitude":27.88853964587483,"latitude":43.23566331301089}},{"userUuid":"ca7629f7-ee0e-46bd-9737-0adfbab23d3e","userLoc":{"longitude":-22.352085857463436,"latitude":75.50901740685856}},{"userUuid":"f19cf738-6cb1-4d06-b84e-042921b4a073","userLoc":{"longitude":132.9389183305259,"latitude":9.048228469326531}},{"userUuid":"eceb3165-f5d9-491c-aec1-6cceb6ec281c","userLoc":{"longitude":21.11508900251991,"latitude":-47.98299490470938}},{"userUuid":"6acadc9f-1caf-408d-b89b-d3b91e2331ed","userLoc":{"longitude":84.60130190316028,"latitude":56.579196865483055}},{"userUuid":"28973710-e0c0-4836-b191-62872f49b3be","userLoc":{"longitude":-70.48097066760204,"latitude":-84.0360138798379}},{"userUuid":"25f8bc86-f104-4519-bf65-42a10bc725e5","userLoc":{"longitude":-28.1309969534924,"latitude":-60.52946627288516}},{"userUuid":"887bfa3f-97dd-4e05-826e-a6c0a3a97921","userLoc":{"longitude":45.76050871048304,"latitude":28.852250064892047}},{"userUuid":"1773c26f-802c-4c7d-a71c-f6760790ffbb","userLoc":{"longitude":-43.99348402338714,"latitude":-69.92650829809106}},{"userUuid":"3411e6b8-5ebb-4eb3-b453-411a2744eaad","userLoc":{"longitude":-77.6171969645968,"latitude":16.857170786720616}},{"userUuid":"4872e196-4888-40ef-a040-7c5f8867bc23","userLoc":{"longitude":51.45445738700994,"latitude":-16.098355198023967}},{"userUuid":"31cd76df-773b-496b-b4ae-909756f36a83","userLoc":{"longitude":130.986160796472,"latitude":41.155861305513056}},{"userUuid":"d5ac0eb9-8e65-4641-8011-f03da18a1089","userLoc":{"longitude":-159.1372667365602,"latitude":58.695257445346925}},{"userUuid":"a740ef23-5d21-4654-8f4f-40e91f13b8ca","userLoc":{"longitude":146.65827379750982,"latitude":-13.785236161123919}},{"userUuid":"bbf34a74-a4b6-4e3e-ba6e-f696a1d2c5d2","userLoc":{"longitude":-154.923790865945,"latitude":28.404085373628007}},{"userUuid":"2111ce9c-c7b2-404f-82fd-734ebd92a534","userLoc":{"longitude":59.17796525878177,"latitude":-30.535161461045647}},{"userUuid":"83cd6fb1-522c-4d0c-8983-0036f7c9738c","userLoc":{"longitude":-154.04217944947789,"latitude":26.10967066359457}},{"userUuid":"1e88eb29-6f66-4cfb-9c6b-1d26f4a473c1","userLoc":{"longitude":161.56149084961464,"latitude":-71.77369579374756}},{"userUuid":"0c0d94ac-befa-4c89-83d9-62bc525df15f","userLoc":{"longitude":-41.986645760724485,"latitude":-30.16777813413607}},{"userUuid":"78694445-24b0-48ad-ac4b-7154bc5a8377","userLoc":{"longitude":-99.98297115706501,"latitude":56.467495596619244}},{"userUuid":"16ac9200-606a-4651-a44d-ad0b5054eacd","userLoc":{"longitude":123.04280241237888,"latitude":64.8101480567872}},{"userUuid":"7c42539a-2856-4cd0-87ed-169ec2d32d48","userLoc":{"longitude":-136.09897839154587,"latitude":63.10815246011967}},{"userUuid":"8ec3a0e2-295a-44f1-94d9-5d9c48b9fb56","userLoc":{"longitude":-8.11970212366009,"latitude":49.3948284665133}},{"userUuid":"3e610923-acf9-4df5-bc3b-f4d972745873","userLoc":{"longitude":47.41999797334398,"latitude":-32.17653258436961}},{"userUuid":"c7f9d514-23ed-4796-9abe-241f2e1e42df","userLoc":{"longitude":164.05765493022398,"latitude":55.82147323979109}},{"userUuid":"7e9b27b4-25c0-4042-82b0-c9c9b4efaee9","userLoc":{"longitude":87.1570874368092,"latitude":-22.34110372757886}},{"userUuid":"cde3d1b6-1d26-4cfd-b5e3-95310e34660a","userLoc":{"longitude":122.39532900694115,"latitude":81.52397490025143}},{"userUuid":"d327361b-4f49-4463-bafe-06581b7dd692","userLoc":{"longitude":-152.3593880323113,"latitude":-73.391768665257}},{"userUuid":"0f1c74be-0903-4184-873a-b744501839ad","userLoc":{"longitude":158.53514241935937,"latitude":67.47048738285775}},{"userUuid":"9c142732-73cf-4a61-9c5f-ec482d051c07","userLoc":{"longitude":-74.07457727012716,"latitude":74.73173392831339}},{"userUuid":"4f67a8fd-1b5d-4be8-ab06-bdea32a88bc9","userLoc":{"longitude":109.55839253195978,"latitude":-17.004042670498777}},{"userUuid":"0c7e3006-673b-4a4b-aa42-b8cb8923f6d1","userLoc":{"longitude":126.55321761799064,"latitude":-79.85321648395308}},{"userUuid":"71bd6838-829d-45d5-9789-504e4d34a97d","userLoc":{"longitude":57.37660330005289,"latitude":-54.372814688429365}},{"userUuid":"7d6668a6-7f8d-4282-8b61-34d6642edf2e","userLoc":{"longitude":-143.95700823339456,"latitude":-68.7802283664104}},{"userUuid":"848ed2c5-a001-471d-bd0c-af89098e681b","userLoc":{"longitude":84.45779730454359,"latitude":-36.382309661145634}},{"userUuid":"00bc82fe-67c3-4e52-8ae7-2b2bef344c49","userLoc":{"longitude":121.1613475760496,"latitude":-22.33291749548686}},{"userUuid":"6b46182f-e833-4070-ad5b-c5db390deab5","userLoc":{"longitude":32.51154648998073,"latitude":37.105097444286955}},{"userUuid":"2b03c7b8-7095-46dd-b3b6-cd698350d0c7","userLoc":{"longitude":-160.96141349916033,"latitude":2.0232593185167644}},{"userUuid":"6cf04d93-2611-4660-bb3c-e0d27a7e4c3a","userLoc":{"longitude":-112.87650416278147,"latitude":-84.86042629946857}},{"userUuid":"0c691270-c6bc-4cae-83de-b52168f66737","userLoc":{"longitude":-155.03808141822637,"latitude":-65.39888566667322}},{"userUuid":"4aa0b191-5085-4eac-86e6-a9c3ecc331ab","userLoc":{"longitude":46.65925958611089,"latitude":61.4071893601388}},{"userUuid":"f503f517-8c3d-4e66-b8bc-6dca873be0b8","userLoc":{"longitude":174.8504546010871,"latitude":-27.09663893801246}},{"userUuid":"918f8d9a-2f7a-461c-a360-1f7c97f9c340","userLoc":{"longitude":-173.30557998089122,"latitude":18.943161774847013}},{"userUuid":"7dfb091e-2d26-43ad-b50b-0dc8904894c8","userLoc":{"longitude":47.778647804290785,"latitude":10.455097568296708}},{"userUuid":"7f77967c-c8d6-4b04-b34e-3a53842aaf5d","userLoc":{"longitude":133.321207195103,"latitude":-3.045740043904601}},{"userUuid":"909bf40e-4be3-48f7-8d43-47e77a8b1449","userLoc":{"longitude":-122.85323228540084,"latitude":-3.579270363805051}},{"userUuid":"75e1d7f4-6c75-4bf6-a8f2-e66e683b8877","userLoc":{"longitude":26.81927121589581,"latitude":-3.7409019846543714}},{"userUuid":"461e963b-7ec4-4070-8865-43480d431b5a","userLoc":{"longitude":99.5870970320106,"latitude":-65.05332884200496}},{"userUuid":"64233d38-eef4-4d67-a8e1-ae5ea22d17ea","userLoc":{"longitude":-25.037071946809476,"latitude":18.251720602075096}},{"userUuid":"905f848e-731d-4b88-aa51-4d0bf09276c9","userLoc":{"longitude":-75.29809125613968,"latitude":-74.37780613159869}},{"userUuid":"1764e3b5-edb0-4164-aa9d-30f73aaa4034","userLoc":{"longitude":97.41446158977999,"latitude":-18.368994431557496}},{"userUuid":"d32b9f91-0016-4146-930c-394fc1fe19f1","userLoc":{"longitude":28.9889312935816,"latitude":58.14064302735818}},{"userUuid":"e3ffe206-8b37-4f28-b565-d17a12e74500","userLoc":{"longitude":75.87295676490311,"latitude":-14.619344929492243}},{"userUuid":"193e7e43-01fc-4acc-abcb-d38ebf4a387c","userLoc":{"longitude":51.51182611514221,"latitude":19.89409772837628}},{"userUuid":"86ece14a-de6a-4768-a3db-f1702faafab0","userLoc":{"longitude":-166.23669712204924,"latitude":52.77945001787586}},{"userUuid":"d231843f-37f2-4b37-8d65-dd6b23aaa6e0","userLoc":{"longitude":35.084611936786985,"latitude":-7.252480302192382}},{"userUuid":"568587d2-3a31-407a-aa23-9f1e7852f2b7","userLoc":{"longitude":134.4963027032157,"latitude":-36.54564660447349}},{"userUuid":"8b40c185-8577-4303-9914-5ff7b457642a","userLoc":{"longitude":161.25769137582466,"latitude":-46.98062655738553}},{"userUuid":"e795f5d8-3f07-44c4-a156-df88b79ff34b","userLoc":{"longitude":9.59917827932918,"latitude":-1.2273393598327118}},{"userUuid":"b2aaba36-fbcb-415e-9288-8b5924b4dc85","userLoc":{"longitude":-129.4423795058456,"latitude":-38.90270174850434}},{"userUuid":"c36d7a8b-40b1-45ff-8e3d-d4126efaf37b","userLoc":{"longitude":-33.641430349430124,"latitude":26.645872325425742}},{"userUuid":"45633c30-7490-4ab4-9e1b-a2dd1a21427c","userLoc":{"longitude":-135.10726797669355,"latitude":69.78204747160794}},{"userUuid":"b227c77e-87d4-4af8-a809-2242419d2fbc","userLoc":{"longitude":24.11023181528489,"latitude":71.7010715718948}},{"userUuid":"06e02833-8da5-4667-aa83-dfbdbb95d3bb","userLoc":{"longitude":175.74266213207238,"latitude":-66.89733502511942}},{"userUuid":"f5bc9057-b0fd-4276-b382-cda49f4f5d8f","userLoc":{"longitude":-156.41980392534452,"latitude":-45.14316109390042}},{"userUuid":"f7e93b65-50cf-4156-9349-bd74165f966c","userLoc":{"longitude":-73.86648419772438,"latitude":14.143952310269214}},{"userUuid":"e961a138-8161-4c2f-944d-95b882dccac6","userLoc":{"longitude":67.1718491116961,"latitude":-5.6163452232620585}},{"userUuid":"4f4c6dd2-df6c-49e6-83ac-ac6e2a3e0b95","userLoc":{"longitude":136.7397553579848,"latitude":14.137329288593833}},{"userUuid":"85dd79b6-1bd7-4a77-84dd-fba05836c4e2","userLoc":{"longitude":167.8802324175,"latitude":42.974928410328346}},{"userUuid":"08b3c141-bc4d-453d-8562-d26805c0c581","userLoc":{"longitude":40.335138742179595,"latitude":84.6294426251693}},{"userUuid":"b28ccdb7-d7c5-4877-ba99-4030e3e3b436","userLoc":{"longitude":0.0174257004759113,"latitude":-83.326355310798}},{"userUuid":"955368d7-c5cc-418d-93a1-e988e6ec875a","userLoc":{"longitude":-157.44590181699726,"latitude":0.3865089303126723}},{"userUuid":"0298f2ab-20d6-49ac-929a-b720fae099b7","userLoc":{"longitude":-157.35333356152273,"latitude":50.777267324293604}},{"userUuid":"d6db69ec-faa3-4446-a5e6-67a368a1481c","userLoc":{"longitude":-49.56069970106276,"latitude":-31.17884434922852}},{"userUuid":"3d957ee7-4090-4f30-ab58-80cc46544b88","userLoc":{"longitude":27.81446149465873,"latitude":56.37131677093504}},{"userUuid":"be4d10e5-0098-46b0-a5ce-26345014bbb8","userLoc":{"longitude":75.96622885334583,"latitude":-69.33172471433923}},{"userUuid":"4e46f2a6-d720-4dc6-9973-8a824f23309c","userLoc":{"longitude":-45.047268574048786,"latitude":-71.7628706116437}},{"userUuid":"ff7772f3-aca8-4d8c-8803-9afe774cc53b","userLoc":{"longitude":21.24336093126996,"latitude":59.347804920893566}},{"userUuid":"9232cfad-3af8-48a1-b455-30ded11d1364","userLoc":{"longitude":-118.90504224385452,"latitude":13.805167717011855}},{"userUuid":"b3f2bd1f-fafe-4669-ab3f-92ceccb7dc52","userLoc":{"longitude":107.61395065633053,"latitude":-23.866700519874414}},{"userUuid":"4f4a29fc-bb4f-4ecd-aa3d-5dc367e8b637","userLoc":{"longitude":-125.77695307902943,"latitude":-38.04893831998068}},{"userUuid":"f1b685ed-42c3-409a-a86a-917654759652","userLoc":{"longitude":91.04238863074647,"latitude":56.14184135478311}},{"userUuid":"af12ba7f-0c2b-43e1-b519-ed5e010b58f0","userLoc":{"longitude":50.955417565573725,"latitude":73.28000399974775}},{"userUuid":"5c1a80d9-f1d6-450f-a15d-d27dce84bbc3","userLoc":{"longitude":-146.7400335636674,"latitude":-36.20436430955979}},{"userUuid":"fadd53d0-4e13-436a-b0ee-834d6701b690","userLoc":{"longitude":-176.59767250416547,"latitude":24.222429316493745}},{"userUuid":"36e69fc6-e6bc-47bc-a24c-8190c55cade3","userLoc":{"longitude":75.35883622509496,"latitude":56.614929761923094}},{"userUuid":"9bce4324-97a4-4349-b744-e577fa649606","userLoc":{"longitude":45.508021086406075,"latitude":-15.475573062756553}},{"userUuid":"459f33f9-f917-4b85-9c70-7ea3b4e11975","userLoc":{"longitude":8.781744563040803,"latitude":6.938590849180898}},{"userUuid":"4bdad1ae-f9be-49e9-bfdc-77142456b8fa","userLoc":{"longitude":72.47773118809238,"latitude":23.462775329145984}},{"userUuid":"da614831-fe95-4e1a-b8ed-a87157620d94","userLoc":{"longitude":43.58132158755967,"latitude":-83.0899827424835}},{"userUuid":"5f8c5a5c-d20e-4a57-96ef-59913070095e","userLoc":{"longitude":36.35617935478342,"latitude":81.73656958839197}},{"userUuid":"8fc1a0aa-5851-4698-b98d-767840835830","userLoc":{"longitude":-79.29469625733472,"latitude":40.17460330710085}},{"userUuid":"7ca574f7-e135-4e47-b0ad-d004e93f61e4","userLoc":{"longitude":-52.170090539644036,"latitude":-0.6086482149051733}},{"userUuid":"f9bc1a76-93d7-404e-b6ee-42a656783176","userLoc":{"longitude":-62.47771053078563,"latitude":24.80928348905259}},{"userUuid":"0eba886f-39e2-4cb4-a0a6-3682801020ac","userLoc":{"longitude":-76.11776775025227,"latitude":66.32460515500054}},{"userUuid":"69871586-7860-4b93-8315-3dae289ff540","userLoc":{"longitude":135.07331970070464,"latitude":-54.59283887558048}},{"userUuid":"28101e5b-4646-45b4-acbb-099ab0470194","userLoc":{"longitude":173.78912801679934,"latitude":11.52515597433873}},{"userUuid":"37bfb3c3-2493-4cc9-8858-3d737a84e14b","userLoc":{"longitude":-126.81205228939005,"latitude":-29.607627059076584}},{"userUuid":"495b2675-79ce-4786-ac04-0c447522cc3b","userLoc":{"longitude":-154.86844445809396,"latitude":71.75459376143701}},{"userUuid":"75e9304c-274c-4688-9020-31c5867695c8","userLoc":{"longitude":176.3506136468485,"latitude":-38.23320433765578}},{"userUuid":"7b5907c0-fe0c-4c6c-9cf0-78a9cbed5c53","userLoc":{"longitude":-164.03584770450965,"latitude":-14.696150640399196}},{"userUuid":"65cb36da-84c8-4a3f-96b0-9a25cea9d03b","userLoc":{"longitude":133.7241508443861,"latitude":-78.4046223881776}},{"userUuid":"295b3132-aca8-4dd3-8553-9fdbb25403b5","userLoc":{"longitude":86.50663769253157,"latitude":75.10434057755569}},{"userUuid":"08b44dc6-1ca4-44f8-bbfc-f7ab1d68126f","userLoc":{"longitude":151.2344830310651,"latitude":13.795015200920673}},{"userUuid":"615e6bed-af89-491a-9f72-f3ead4318687","userLoc":{"longitude":-157.01302882135266,"latitude":-69.78114260851834}},{"userUuid":"2debdbc5-564b-4fa0-ac68-0dae0601226f","userLoc":{"longitude":-91.07675217102201,"latitude":72.39623676192522}},{"userUuid":"a4db5d46-b70c-461c-bda6-d51e45ade3b4","userLoc":{"longitude":123.0975068697233,"latitude":69.50502884890255}},{"userUuid":"7336b396-e1c9-4df3-90db-01304d92b70c","userLoc":{"longitude":26.74553359787228,"latitude":51.341637606227806}},{"userUuid":"5a7e812e-781d-471a-9b97-347a07b605a0","userLoc":{"longitude":112.30111200560759,"latitude":27.574191436234656}},{"userUuid":"04c82667-3779-45ba-8c76-758960d60bdc","userLoc":{"longitude":-152.0490657545135,"latitude":-71.60384910993074}},{"userUuid":"6207e17a-c460-4a1e-8ea3-75c4388d5ad0","userLoc":{"longitude":-87.84890373357882,"latitude":-82.58468090206075}},{"userUuid":"4c3f4c5c-07e2-4f37-bf44-429ecad8cbb4","userLoc":{"longitude":47.9368061852027,"latitude":11.277831690916273}},{"userUuid":"3cf207e5-ecf7-4974-8ac3-6940ea99c522","userLoc":{"longitude":25.357137962876777,"latitude":-7.112715133162311}},{"userUuid":"255fefd4-166f-480f-b3bf-f6ee24e730d2","userLoc":{"longitude":-81.80610139318001,"latitude":69.80708954483188}},{"userUuid":"e40e58fd-e510-4c84-8c9b-188d374ba587","userLoc":{"longitude":-45.006078269104364,"latitude":45.792426936740924}},{"userUuid":"9000fbe0-b75d-4298-94c2-2e9fc671bb98","userLoc":{"longitude":24.929293711626514,"latitude":4.563499353650229}},{"userUuid":"157ea883-5312-428b-bbd3-dadf75449e99","userLoc":{"longitude":-110.38173220913559,"latitude":-12.675420300500647}},{"userUuid":"95e70b99-091c-4ec3-a164-8a7f630551ef","userLoc":{"longitude":-60.39367058138754,"latitude":-75.06958363350991}},{"userUuid":"1f405125-ba6d-48c5-8cc3-12982736a9aa","userLoc":{"longitude":19.223436493164513,"latitude":24.498718066383233}},{"userUuid":"a3c61000-c4f2-4f6f-9b56-77a94d2c9767","userLoc":{"longitude":117.64174566732316,"latitude":-73.34122245479102}},{"userUuid":"1f9ec1d4-37ff-444d-aabc-b463298b21b2","userLoc":{"longitude":-81.82580505807333,"latitude":2.2163755004681462}},{"userUuid":"794d3473-6f8c-466d-9deb-00e01fd1e76e","userLoc":{"longitude":30.410171343543936,"latitude":-58.51145684908484}},{"userUuid":"e7ce4169-fb83-4461-887b-5a7f48bed28d","userLoc":{"longitude":149.40122466763972,"latitude":79.1332208108881}},{"userUuid":"763117a1-66fe-4373-80ad-9f962cdcdc3d","userLoc":{"longitude":146.96232979555276,"latitude":-66.43754149133859}},{"userUuid":"d6efbc6b-1bba-4628-ba30-348a2324943c","userLoc":{"longitude":61.33346789171691,"latitude":-30.024430131570625}},{"userUuid":"f3a3dcf0-c524-4348-8738-e382c6d28427","userLoc":{"longitude":72.707472101337,"latitude":10.034866746880496}},{"userUuid":"8ff5d475-0d47-4228-8a29-1d0147fad312","userLoc":{"longitude":-73.17982032332519,"latitude":65.72011577717282}},{"userUuid":"6d759587-9502-482f-80a7-94dbe5482d0b","userLoc":{"longitude":-22.66394351839017,"latitude":-38.00124809052542}},{"userUuid":"7880134a-1067-4b18-9733-3031b4a9425d","userLoc":{"longitude":-64.92663678544243,"latitude":-73.70680406625137}},{"userUuid":"21114193-3b65-4f43-b2b3-95d652d34021","userLoc":{"longitude":17.755088784755486,"latitude":-19.828919192648925}},{"userUuid":"756e113b-d35f-43a7-acad-ced4a2533438","userLoc":{"longitude":-75.33854175071404,"latitude":12.420416404374961}},{"userUuid":"8823e041-b290-460c-bec6-8e4c8b310e4c","userLoc":{"longitude":35.53668151963032,"latitude":-39.30053493747124}},{"userUuid":"64b81e53-7662-4d87-a9f5-344d6b76bc8c","userLoc":{"longitude":-0.7547816342746501,"latitude":75.47972285793722}},{"userUuid":"9e65295b-624b-48c7-b8ec-03f92afc2a55","userLoc":{"longitude":-169.2339582878548,"latitude":16.502093150319354}},{"userUuid":"23047c2b-a4db-4c36-b2e3-6916abdf32f7","userLoc":{"longitude":89.77573664428826,"latitude":1.2574644333364802}},{"userUuid":"c5ea242f-0c25-4d31-9620-82de2660ceec","userLoc":{"longitude":89.90532031383026,"latitude":43.48937667463028}},{"userUuid":"b67010c4-4993-405a-adaa-e895b699845b","userLoc":{"longitude":-148.35998499977205,"latitude":42.05576144113435}},{"userUuid":"dcaec2fa-d032-44c5-949c-a9695e16e1c4","userLoc":{"longitude":-34.265879106322274,"latitude":41.52609773322976}},{"userUuid":"1f098709-efa1-47ca-8e3e-015e92aad3ad","userLoc":{"longitude":33.0726116333183,"latitude":7.375867084158614}},{"userUuid":"518388a1-387c-4df6-961a-fc6be479b552","userLoc":{"longitude":85.98176092641523,"latitude":-13.85778401260228}},{"userUuid":"438a13ab-6b04-4926-a853-256c81de6016","userLoc":{"longitude":92.50313577857736,"latitude":-33.6275670686368}},{"userUuid":"00786693-a185-49e8-b55a-80d28e344a7d","userLoc":{"longitude":-66.43782453553084,"latitude":48.430564060063375}},{"userUuid":"8d4cf0fb-18ba-4b5c-b700-fbe017c51c5a","userLoc":{"longitude":23.760213711101557,"latitude":72.44441693819104}},{"userUuid":"90d75f76-39d2-4013-975e-2e71cee385fb","userLoc":{"longitude":-119.10653580947418,"latitude":65.05247554189253}},{"userUuid":"237ddbd4-5bdf-4689-a827-925bea1a9067","userLoc":{"longitude":32.97017692719126,"latitude":46.01293756191555}},{"userUuid":"ee732093-e6f3-4ff9-b1a0-b3f175e5f022","userLoc":{"longitude":-104.47663862214245,"latitude":-51.82866468486152}},{"userUuid":"6175a262-f2c2-4bfc-a8c0-8713b0c184fc","userLoc":{"longitude":-177.58327329473363,"latitude":-73.81552030551033}},{"userUuid":"d39d5002-8d03-40b1-ad38-c870e2600e60","userLoc":{"longitude":-113.90802923841744,"latitude":42.23503186988623}},{"userUuid":"0d49c235-f7a2-43af-ad70-ee337457fcce","userLoc":{"longitude":-175.65305831011324,"latitude":26.046801925751552}},{"userUuid":"14183eec-76ce-4079-9df5-4fa107769991","userLoc":{"longitude":-38.077822263926606,"latitude":67.54654464162749}},{"userUuid":"9ebd4532-1b46-4f6c-9afd-3ab98b1116eb","userLoc":{"longitude":-11.089341163848758,"latitude":38.88057367414197}},{"userUuid":"922f3cf6-69a0-434a-b2e6-0652b02f6b21","userLoc":{"longitude":-172.41840659405423,"latitude":-21.355539721360984}},{"userUuid":"bccc48f1-2280-4c25-948d-959f110ebd94","userLoc":{"longitude":-74.5429970860827,"latitude":33.80125723497113}},{"userUuid":"36ee08e8-ee86-4e1c-afe8-24a299fea6bd","userLoc":{"longitude":-158.01977771241283,"latitude":-1.320104305785378}},{"userUuid":"6e82dd42-22fa-4510-9d22-2a8c3019af17","userLoc":{"longitude":166.7727574650766,"latitude":-23.694149403792075}},{"userUuid":"136eb4ce-389a-4785-b5dc-5be376a83494","userLoc":{"longitude":-2.1029040345054852,"latitude":-84.05334958942863}},{"userUuid":"f30cf7cd-ded2-40ca-894b-4e0398fbc527","userLoc":{"longitude":-53.209576444458435,"latitude":-20.409358907965228}},{"userUuid":"6a0170bf-c544-48e5-bc5a-c2c1cc2c0889","userLoc":{"longitude":53.358781903764424,"latitude":53.174920895816456}},{"userUuid":"a7513159-a2dd-4dd3-bc58-92b483dd374f","userLoc":{"longitude":11.62655246400513,"latitude":32.58756431956735}},{"userUuid":"a2a48092-56e5-4878-8abc-304824a267ab","userLoc":{"longitude":-159.11325524727403,"latitude":-37.39943121198669}},{"userUuid":"c634fc1d-6ab4-4bc1-bf8f-fed769534041","userLoc":{"longitude":76.89010086211152,"latitude":-66.22861350084499}},{"userUuid":"65060139-f243-4027-b1ed-2c2606abb686","userLoc":{"longitude":-65.5838297018909,"latitude":80.28078381131189}},{"userUuid":"e10a7433-9ab0-46ef-928e-b0974ef8955f","userLoc":{"longitude":157.97574669083804,"latitude":17.423488264975802}},{"userUuid":"56cf139a-7e8a-4af8-ba2f-06db79b27a80","userLoc":{"longitude":72.00560014097849,"latitude":-80.81492412811079}},{"userUuid":"a5b0a91b-2ba1-42e4-a931-6d5a90ef43e3","userLoc":{"longitude":-39.05513920756022,"latitude":-52.52379691836159}},{"userUuid":"d0e71631-ef2a-4bba-bf2a-03a8d675d709","userLoc":{"longitude":170.06047218337875,"latitude":-65.71444598301899}},{"userUuid":"2f631e5b-835b-40e6-8044-7944def0ccb1","userLoc":{"longitude":-25.254330734292324,"latitude":-21.904113340903976}},{"userUuid":"cfb0e909-7499-43d9-b286-5cadca2b26be","userLoc":{"longitude":-10.173645076452601,"latitude":-84.63298669972158}},{"userUuid":"04c465aa-9e0e-4c8e-a1b0-00ec668799da","userLoc":{"longitude":-84.53172060411208,"latitude":40.74570419612881}},{"userUuid":"2b8d0c5a-0618-46ac-9d08-0f8fcb37f8b8","userLoc":{"longitude":85.38810820120347,"latitude":2.499779988114099}},{"userUuid":"fac9a74a-6208-4655-b4c6-df06b3f0e467","userLoc":{"longitude":80.39034400722863,"latitude":-58.53388817430289}},{"userUuid":"4f3f359c-8b23-4491-b8d7-68017ca79526","userLoc":{"longitude":-107.81385339273143,"latitude":-35.641682401997485}},{"userUuid":"eca2de02-efa5-4645-8ba7-7d528bf266ba","userLoc":{"longitude":41.447374300476866,"latitude":56.833424655797586}},{"userUuid":"02324134-8c1f-49a3-8e51-de1cba0898cf","userLoc":{"longitude":-175.8384059152681,"latitude":34.61308625488688}},{"userUuid":"bf74927b-b46b-46c9-95f8-9ecfb507a686","userLoc":{"longitude":-105.92672346942247,"latitude":-57.47162788160219}},{"userUuid":"20b56872-dcac-4803-9d97-9f6e66dabdf4","userLoc":{"longitude":-140.33484439900468,"latitude":77.64413230123529}},{"userUuid":"0f3e3a14-66fb-48cb-a293-77579738bab6","userLoc":{"longitude":1.1499397764477237,"latitude":24.970182381623616}},{"userUuid":"27325153-1d64-49e6-933f-ed2824287613","userLoc":{"longitude":-15.375363581154033,"latitude":-20.09372702969671}},{"userUuid":"7d27b1bd-ae85-4f45-a04b-1f8f7608de88","userLoc":{"longitude":168.71239697348142,"latitude":-43.46272514895039}},{"userUuid":"c0e17ab3-cbcc-4250-82db-9405d0a2182b","userLoc":{"longitude":-153.61068134516847,"latitude":-69.37125203257291}},{"userUuid":"8df34ab3-3f2a-4a5f-8f5e-6c934cb64c68","userLoc":{"longitude":48.338956517004135,"latitude":65.95581950780166}},{"userUuid":"aad15dd2-cde2-4b9d-a23f-0e4231bfdf45","userLoc":{"longitude":161.65736775185064,"latitude":35.32239193222141}},{"userUuid":"e899cfb7-3502-4cb4-9bdb-d2b7714856ec","userLoc":{"longitude":141.31819009701587,"latitude":78.80687472707825}},{"userUuid":"6a2717ba-252b-421d-8e65-a3f12299e424","userLoc":{"longitude":-158.6161330560583,"latitude":-3.94145746219489}},{"userUuid":"112e2af2-2200-4280-a13d-90acff87a415","userLoc":{"longitude":43.94101306612535,"latitude":-58.98064786595275}},{"userUuid":"9a87433e-c93d-4412-9cf2-42ef96c08d88","userLoc":{"longitude":-24.157537064138495,"latitude":-75.5737291791816}},{"userUuid":"df28ceac-e0a3-4c55-83f5-d71084c2091a","userLoc":{"longitude":3.408410856769507,"latitude":-34.376698392692326}},{"userUuid":"8f79cad4-3823-4732-97e8-89340ec4dad7","userLoc":{"longitude":-141.1957686836055,"latitude":-65.71119798778012}},{"userUuid":"f1c0d2a8-7b38-4ada-85a9-d38da0d6d554","userLoc":{"longitude":20.721297652570485,"latitude":68.70190155217435}},{"userUuid":"60dc0d12-f52a-487f-87a9-0b2d8ce1c2d4","userLoc":{"longitude":142.62497849065852,"latitude":73.95779825282494}},{"userUuid":"f7ad3271-19db-443e-b798-df6adc735a97","userLoc":{"longitude":-77.30699173247496,"latitude":-0.3195127030981979}},{"userUuid":"7e2b487b-75d9-43e3-bdcc-be6621d0a2b2","userLoc":{"longitude":63.56594932590713,"latitude":75.39342828618925}},{"userUuid":"c1545133-4589-4762-8b53-6f7e5af98547","userLoc":{"longitude":124.00977363025294,"latitude":6.040839738232549}},{"userUuid":"f07c967d-54fd-449c-bf94-1fd16e68704f","userLoc":{"longitude":-10.665917478053132,"latitude":64.89062763461726}},{"userUuid":"a75eb860-d3ef-4867-9423-843dde50e999","userLoc":{"longitude":-46.17875329036309,"latitude":3.9620900708011533}},{"userUuid":"0005dee0-6cd8-4fe9-93c5-40bd31220334","userLoc":{"longitude":152.82849274156223,"latitude":-25.36834974562234}},{"userUuid":"88102b65-23bc-498a-b6d6-75f87e82efca","userLoc":{"longitude":-172.13025393540678,"latitude":35.72750711105262}},{"userUuid":"073ef450-34bc-41ea-8a7b-34a28261dff1","userLoc":{"longitude":-165.54923704728802,"latitude":59.81058740011491}},{"userUuid":"431754c3-a4a1-4d6d-8236-d316a77c8e14","userLoc":{"longitude":123.3288773540653,"latitude":-51.878513957312634}},{"userUuid":"48654607-bb3b-48fd-af95-8914ea443611","userLoc":{"longitude":150.13563343535998,"latitude":34.21631041768843}},{"userUuid":"5a8fc1ac-b78b-4e27-b1d3-83feeab05c8c","userLoc":{"longitude":57.75180457291481,"latitude":52.742553074744336}},{"userUuid":"73c675af-58ef-4f1d-b4eb-332442f4f625","userLoc":{"longitude":102.67571980704196,"latitude":15.512735850769573}},{"userUuid":"84ad6537-b98e-47e0-aae7-898d89b94333","userLoc":{"longitude":152.47411959127243,"latitude":41.223490272896754}},{"userUuid":"86767831-1caf-468c-bc5e-b897932d9108","userLoc":{"longitude":-84.66718479987635,"latitude":-73.09755052049144}},{"userUuid":"b90cb05c-3473-4fd8-85d0-bcad2fdaf06f","userLoc":{"longitude":93.0632119294167,"latitude":-58.48461805971071}},{"userUuid":"3e16a2f4-2cb1-41b3-a8ac-21d43c891427","userLoc":{"longitude":-116.43300875412322,"latitude":58.31947804163789}},{"userUuid":"0cd36001-4c97-4eeb-8447-aa36a9d8b5c1","userLoc":{"longitude":-29.246306781762428,"latitude":-27.817946390911004}},{"userUuid":"a46cc357-175a-44e4-b52f-5de9b49bc394","userLoc":{"longitude":-63.509621580023605,"latitude":-44.55212414016368}},{"userUuid":"39548e80-b234-4c4f-95c2-d722eaa66652","userLoc":{"longitude":156.27178363869655,"latitude":-69.60844425376658}},{"userUuid":"2de57a1e-d2bc-4d02-a6df-cca0f64fb56c","userLoc":{"longitude":147.0311451679192,"latitude":-51.90715342552589}},{"userUuid":"d4b37760-4a0f-42ee-94aa-6176ced9e936","userLoc":{"longitude":164.78301392017994,"latitude":11.356760528532746}},{"userUuid":"7f4c4cb3-f103-44ef-80eb-d3e63c252afc","userLoc":{"longitude":-59.992667943329295,"latitude":-37.95475909396777}},{"userUuid":"0c8a07cf-42f9-41f3-a78f-9aa99267ba18","userLoc":{"longitude":-71.2489762577569,"latitude":39.47593986970982}},{"userUuid":"6c1a8bdd-d89a-4580-a7cb-11668a7948b5","userLoc":{"longitude":-164.1428857439137,"latitude":4.516516040635182}},{"userUuid":"bef1430a-72c5-4101-9c6e-e536b3e04124","userLoc":{"longitude":-49.12910742225333,"latitude":-3.8950676459556917}},{"userUuid":"f7b819e4-73c4-44d0-92ee-39261190435a","userLoc":{"longitude":95.66082790520903,"latitude":24.62769503761497}},{"userUuid":"15fb1335-6303-452a-842e-1281ac2e1369","userLoc":{"longitude":-43.5920818416229,"latitude":47.66564278355614}},{"userUuid":"31b34d26-0346-4be1-84c8-798652571b88","userLoc":{"longitude":57.815519394711544,"latitude":-0.8277319917075943}},{"userUuid":"87026e8b-58d2-436d-bf00-4482b8015306","userLoc":{"longitude":-158.064485674333,"latitude":-39.53927998067634}},{"userUuid":"6f1a2998-95e2-4a38-8efa-dd0c4fd087e4","userLoc":{"longitude":-92.57503628305008,"latitude":75.79668114608555}},{"userUuid":"5c82d9ce-0d12-4497-90ae-031a195d5ec2","userLoc":{"longitude":-165.36803379065503,"latitude":-56.306533359444984}},{"userUuid":"e717ba3e-6122-49e5-b547-5fafd45fdb41","userLoc":{"longitude":-126.81438043838253,"latitude":-55.29075029778838}},{"userUuid":"0c938169-34dd-433a-a838-5dce394e3ee3","userLoc":{"longitude":138.41709569837343,"latitude":-83.12610608383268}},{"userUuid":"7d970d21-1f4c-43dd-bc49-294af10b41ca","userLoc":{"longitude":-16.77039269700407,"latitude":83.64279645018655}},{"userUuid":"4acf5e05-460d-4129-8d58-95a27d8c606f","userLoc":{"longitude":106.55211381994656,"latitude":27.134156185446173}},{"userUuid":"469a0359-c7b6-4a71-9ca1-9052d9080970","userLoc":{"longitude":36.14997517453244,"latitude":24.36213018402823}},{"userUuid":"b6950162-b3f8-4f37-acc7-1edcd79add59","userLoc":{"longitude":-144.2559588025931,"latitude":-48.086572161479886}},{"userUuid":"8fa172be-0ac0-44dc-9bbf-0f9a657e22f1","userLoc":{"longitude":-146.96718580499078,"latitude":-62.24898985572791}},{"userUuid":"f1a63ba6-c274-40d6-8bda-daf9e1e6d5d1","userLoc":{"longitude":29.496455115885936,"latitude":71.83217377645562}},{"userUuid":"857bc361-e8d0-4fe8-ba66-47d01fd1ee27","userLoc":{"longitude":124.42083713877236,"latitude":11.274572869876565}},{"userUuid":"74e15a5b-7cfd-4653-983c-eca28091eae4","userLoc":{"longitude":-179.45472905914036,"latitude":3.1323081321594515}},{"userUuid":"61d04eda-27fb-4ec6-8d39-7e1701d241f8","userLoc":{"longitude":-51.841148324501404,"latitude":-34.47190471536094}},{"userUuid":"4c87c717-fad9-445a-b949-2fce0e4295fe","userLoc":{"longitude":-39.60426936553199,"latitude":2.0859231661161317}},{"userUuid":"861adb24-724e-4881-9ff9-ffcf1bea415b","userLoc":{"longitude":-29.052572148938395,"latitude":75.21977552975858}},{"userUuid":"c9a85991-6e90-4340-8164-84c266cfe3e0","userLoc":{"longitude":-85.20185932625033,"latitude":-15.923884878895606}},{"userUuid":"d08ecbf8-25d5-4f23-8def-10e47b34c099","userLoc":{"longitude":-82.03289103081269,"latitude":24.440061049147516}},{"userUuid":"a86d53e7-e50a-49fe-a27a-a42035927d51","userLoc":{"longitude":96.80959470109951,"latitude":-72.31442840469936}},{"userUuid":"f0ad7bd3-ca8d-4b10-9585-1958705f799e","userLoc":{"longitude":39.66866745230561,"latitude":-84.93598796696935}},{"userUuid":"8ee1a24a-38ad-49cc-b700-67759491becc","userLoc":{"longitude":117.17734973820177,"latitude":-5.384879590021839}},{"userUuid":"bf97a082-192f-43a6-aab4-9ff737ea14c6","userLoc":{"longitude":-0.9046083747721241,"latitude":3.588531870547854}},{"userUuid":"ae146e2f-4f57-4fb1-8a8a-65b45fa0c2cf","userLoc":{"longitude":14.116241631825858,"latitude":-31.277656970166348}},{"userUuid":"b3a14d57-e9ca-4a47-86c3-25688c993111","userLoc":{"longitude":-28.362430417565093,"latitude":-64.49315526373141}},{"userUuid":"4ed6ee9c-dad2-401b-906d-0bef3e14bc06","userLoc":{"longitude":-144.7513381617222,"latitude":55.33453654796617}},{"userUuid":"8d61d30d-10b6-47cc-baad-a94127c8e912","userLoc":{"longitude":2.376265974888696,"latitude":45.656268389168616}},{"userUuid":"d800a745-2c5b-4600-a05e-02a60026f4ae","userLoc":{"longitude":-146.22571203156656,"latitude":42.87575614079833}},{"userUuid":"31cc78b8-3ae7-4dc0-9808-5d56fa0db311","userLoc":{"longitude":132.43649610042291,"latitude":-72.47913331895448}},{"userUuid":"3cc56588-54ef-4a8b-84e7-98cd5b2e1683","userLoc":{"longitude":33.27311987025763,"latitude":35.65680705935716}},{"userUuid":"8975a832-c7af-4d75-9178-930d700c0937","userLoc":{"longitude":103.77903455335155,"latitude":32.39529212982414}},{"userUuid":"15989fc7-ad09-4bea-8b82-d67b36325618","userLoc":{"longitude":-153.6470746406985,"latitude":15.12636766379353}},{"userUuid":"cd916e02-761d-4ffa-8b28-866daddc037d","userLoc":{"longitude":37.35418843102494,"latitude":-49.3959763126516}},{"userUuid":"3ae59f36-9772-4709-ab70-88dca10ed75c","userLoc":{"longitude":148.54058502855486,"latitude":-46.014205583523555}},{"userUuid":"39857066-06a6-4e28-8886-c93898e87e19","userLoc":{"longitude":-101.41104854792354,"latitude":-11.544292727339624}},{"userUuid":"3878edaf-87bc-4a0f-b57b-4a6634e7a2bb","userLoc":{"longitude":-58.901607868847634,"latitude":64.11357582475301}},{"userUuid":"8f3b5849-9db7-48c7-a38c-b2d7d8047ad5","userLoc":{"longitude":-5.8268952007874475,"latitude":14.189878731835648}},{"userUuid":"0334748f-6665-4448-86be-b0daf5c68a3c","userLoc":{"longitude":-147.04427687146153,"latitude":-6.4853905533486085}},{"userUuid":"957cfc34-cddd-4dd1-b162-bd1d2e1d6308","userLoc":{"longitude":-100.77691807276442,"latitude":-30.840413395792957}},{"userUuid":"21e7acc3-9ed3-4d50-a421-a3fe19253011","userLoc":{"longitude":-170.9264263669996,"latitude":-79.70187245795864}},{"userUuid":"bb9c47ac-b190-40a5-9c29-8f13960c632d","userLoc":{"longitude":174.9763678166849,"latitude":-6.049975895145025}},{"userUuid":"297c756c-a5c2-48f7-bc28-1c4ae8770291","userLoc":{"longitude":-33.27879305650421,"latitude":-75.05973419339078}},{"userUuid":"c44ba98e-8905-416c-bfb0-d98fef496368","userLoc":{"longitude":-160.60894007360582,"latitude":-75.33398517316725}},{"userUuid":"f0b0b198-1ede-4b40-a1a6-6316d5b2a7e9","userLoc":{"longitude":-79.89742147231061,"latitude":-51.26372922972432}},{"userUuid":"b4e2233a-fb12-4e23-9aef-5f0d5c2ca015","userLoc":{"longitude":170.7983498441531,"latitude":55.41731784044558}},{"userUuid":"a6ae5d5a-2636-44ef-a224-73ef865bd5fd","userLoc":{"longitude":53.564222973059,"latitude":-3.6938992069594434}},{"userUuid":"2d6b3090-da1c-471d-96fd-627dd8696e4f","userLoc":{"longitude":-91.73051468659621,"latitude":13.938898715051806}},{"userUuid":"302e3f67-3045-453a-8b72-1f7ea93679c0","userLoc":{"longitude":134.47431791366859,"latitude":-29.446264600105167}},{"userUuid":"f725813a-9956-42b2-96fb-e635ae838eb9","userLoc":{"longitude":99.959592650996,"latitude":-24.498698445678983}},{"userUuid":"6860a0d5-15dc-4d37-8718-0a09305575d1","userLoc":{"longitude":174.82901580868696,"latitude":84.37972998843992}},{"userUuid":"37010957-8899-4c1b-9312-085e74ba97c8","userLoc":{"longitude":-2.513833872797875,"latitude":-67.08546011431447}},{"userUuid":"eff196da-c3bc-41b8-837b-773c3409a436","userLoc":{"longitude":45.95331713560091,"latitude":83.56120437630784}},{"userUuid":"c35c1ad0-3231-4d1e-8abf-555cb8f9354f","userLoc":{"longitude":-154.77256982319807,"latitude":52.022251380652335}},{"userUuid":"9992a604-7367-412e-9eaf-78e03016a3c1","userLoc":{"longitude":-148.00893901619463,"latitude":52.27785118401732}},{"userUuid":"4fb2c175-bdd4-4c5f-b165-5cfc76aafd7c","userLoc":{"longitude":166.21169142676445,"latitude":-0.4165897624590258}},{"userUuid":"1c728768-8dea-48cc-84fb-edb67ccccd56","userLoc":{"longitude":42.068911970131296,"latitude":-37.81591865059417}},{"userUuid":"44514886-88db-4ff4-877d-3d5fdd9ca1dd","userLoc":{"longitude":-31.893299320468117,"latitude":-73.68004723525443}},{"userUuid":"417ad5b6-5009-4d45-a5d6-517817a5013c","userLoc":{"longitude":56.43059869115487,"latitude":78.0222181168715}},{"userUuid":"3d10df67-ae86-4ecb-a06a-e8faff31cbc4","userLoc":{"longitude":-107.42403845578592,"latitude":4.780902712619735}},{"userUuid":"80de4f50-2105-498b-99dc-de204c02edba","userLoc":{"longitude":32.883731726152945,"latitude":-31.8785554056304}},{"userUuid":"e81d2590-470c-41be-ab42-de819259c8f8","userLoc":{"longitude":84.35087838106239,"latitude":66.01101420612676}},{"userUuid":"ce30185a-6ca7-4d27-a0fa-0dc63a352501","userLoc":{"longitude":53.800545216165034,"latitude":-76.06277773963457}},{"userUuid":"d5aff4bd-fa8f-41f3-9c58-720db06c4afd","userLoc":{"longitude":-70.7512601581531,"latitude":30.587819338040106}},{"userUuid":"bed1a997-3647-467b-bdcd-dfa0e734d44b","userLoc":{"longitude":114.39641003476868,"latitude":12.185391561621202}},{"userUuid":"1fb54734-0750-4d07-b2c9-bf5f6ff15456","userLoc":{"longitude":-2.844277449488402,"latitude":43.57165785548395}},{"userUuid":"4148d852-861e-495d-a679-6bd9aa6711b9","userLoc":{"longitude":-148.23046751464,"latitude":-81.78196244697246}},{"userUuid":"3a2f6ea0-9407-46ab-a7e4-739e5c2d91da","userLoc":{"longitude":132.4692619258795,"latitude":4.218872886934861}},{"userUuid":"e3c72237-f8f3-4f53-966f-1aa77b4c7e7d","userLoc":{"longitude":-162.87669144464158,"latitude":-56.142528782830325}},{"userUuid":"4acc9f59-ee14-4668-805c-cd6a5fdc97dd","userLoc":{"longitude":112.79262948371445,"latitude":-9.828424757886907}},{"userUuid":"4a7bb5d6-17f2-4b59-8235-912a9a3a34f1","userLoc":{"longitude":5.720349670893171,"latitude":15.010464308128377}},{"userUuid":"f139ec0b-2981-41a5-b02c-0289ec4b5973","userLoc":{"longitude":148.37418436726205,"latitude":82.70534252069919}},{"userUuid":"5ecd28e1-8325-442c-80e3-e9b03d7d7d3e","userLoc":{"longitude":-100.98087868288029,"latitude":-57.89667184950072}},{"userUuid":"12c0135e-6d13-45b3-aa9c-24f091a7d4b9","userLoc":{"longitude":-55.77608759535882,"latitude":-48.68193852200779}},{"userUuid":"e569c911-ad77-4c0c-9ea7-5ffeeadf6098","userLoc":{"longitude":90.02364321701339,"latitude":-79.50111642050287}},{"userUuid":"b867a990-19a5-4b1f-9669-efef59833a4f","userLoc":{"longitude":-124.09223884870813,"latitude":-49.055416147487016}},{"userUuid":"2806820f-5824-41aa-a62c-53f479255666","userLoc":{"longitude":-129.37251194786208,"latitude":61.20122753984933}},{"userUuid":"888f68de-8282-4f06-9742-726da61f2012","userLoc":{"longitude":17.302067531450177,"latitude":66.10608958909711}},{"userUuid":"da8b4730-7ce4-4841-8c3c-325e618ed163","userLoc":{"longitude":138.32841529529964,"latitude":-2.477629183928798}},{"userUuid":"e83179e0-1370-4695-af01-2ed1008c7fd1","userLoc":{"longitude":111.83204872764884,"latitude":-45.29248023421815}},{"userUuid":"ec6b7d8a-7782-46c9-8c44-fdfa4861c578","userLoc":{"longitude":61.46551970887566,"latitude":40.447436771085634}},{"userUuid":"c35b98d9-6f37-4a2a-a198-02ceda4a32aa","userLoc":{"longitude":-80.04707297839211,"latitude":-18.937086980606153}},{"userUuid":"0ff6d146-f0ff-46f5-945e-9f4e6404e615","userLoc":{"longitude":-35.66412681863122,"latitude":20.416403782647706}},{"userUuid":"d8c50d25-11b5-4701-a176-39e9e96a3765","userLoc":{"longitude":107.40312733660386,"latitude":80.68251852672716}},{"userUuid":"690847a0-d57e-4aab-9f82-ed1aa211e9f4","userLoc":{"longitude":144.1640288463248,"latitude":73.12226325328362}},{"userUuid":"a84c7884-aff1-461a-9589-ead2fbef1de5","userLoc":{"longitude":-103.4087916426517,"latitude":26.67874434006451}},{"userUuid":"049e03fd-f31d-4ee1-838e-2bfe30ab8dbc","userLoc":{"longitude":-54.17175845301972,"latitude":-78.23971841065838}},{"userUuid":"9257f93a-3f28-4a77-bfa6-d6b2af7c2cbf","userLoc":{"longitude":46.73960168288147,"latitude":81.53545028129389}},{"userUuid":"ecaa583f-9106-4ec0-8de4-a8f434e6a7d1","userLoc":{"longitude":-170.70571231146516,"latitude":-74.70611363056376}},{"userUuid":"adddbf2d-3ca8-40e7-920c-5a0c4788db0f","userLoc":{"longitude":-144.97338295902975,"latitude":-84.96018885791852}},{"userUuid":"d26f65ef-c1b6-4397-9721-bc970991e12f","userLoc":{"longitude":-135.9636437360137,"latitude":50.96151269282507}},{"userUuid":"d1ebbcb4-2501-44ff-93ef-bb27d7224152","userLoc":{"longitude":-33.7754711797964,"latitude":-54.30357198550385}},{"userUuid":"91a19a41-fd63-4d33-a552-32663ade4ade","userLoc":{"longitude":65.56044877154235,"latitude":-60.456099870772974}},{"userUuid":"b55a410a-239c-44b6-ae0e-22ba9a5622cb","userLoc":{"longitude":-10.881413070995393,"latitude":46.17585552310834}},{"userUuid":"1f5bc163-4660-4b0d-a10c-049d3cecc987","userLoc":{"longitude":-98.90991421060619,"latitude":19.348545340623858}},{"userUuid":"6a9ff834-220e-4086-8dd1-131d9ea86b89","userLoc":{"longitude":-84.721897584647,"latitude":-27.653193303241423}},{"userUuid":"6667aa4a-e817-4bd5-8b58-7be7daef7cfc","userLoc":{"longitude":-45.097987663659296,"latitude":-20.279223935272114}},{"userUuid":"aea68f5a-01af-452e-8217-8d3b022cbb60","userLoc":{"longitude":144.49140220690168,"latitude":15.514397935384679}},{"userUuid":"c9d4b7aa-41f8-4cee-8d8e-8783af3c59de","userLoc":{"longitude":43.13385751971728,"latitude":34.82059373119225}},{"userUuid":"89097b2e-9074-402f-b49e-1ebfa912d44c","userLoc":{"longitude":-130.79708877047537,"latitude":18.799731984114615}},{"userUuid":"1f4d13c4-46cc-45d6-945b-f01008260c62","userLoc":{"longitude":86.18733255725039,"latitude":-17.63089998663959}},{"userUuid":"12fc3366-fd8c-416a-9886-a6af440f4020","userLoc":{"longitude":163.4566700530874,"latitude":-37.04513542768807}},{"userUuid":"f72a01b3-6f1e-4d1e-b24e-c514f84943ff","userLoc":{"longitude":166.0864230621803,"latitude":-54.830427468139945}},{"userUuid":"9e4b1458-85a7-4272-805a-5e513c132f42","userLoc":{"longitude":8.207618270496255,"latitude":45.93166687919569}},{"userUuid":"69b1dd4d-ad85-4d93-9467-869443887f95","userLoc":{"longitude":17.039100723410513,"latitude":69.0251611814538}},{"userUuid":"0784bc7a-b82d-4009-bdc2-529a90de9b5c","userLoc":{"longitude":-87.34281991482317,"latitude":-59.52196758529511}},{"userUuid":"b8876ce6-1638-48c2-9770-a05eee530dfc","userLoc":{"longitude":-176.01063693958932,"latitude":-0.368405236316093}},{"userUuid":"1a721ec1-f6d6-490b-b5bb-a395d7d9845a","userLoc":{"longitude":-10.996601503605547,"latitude":-22.41658077530392}},{"userUuid":"a9e5a3a2-4267-4202-a2e1-6c28c3a93483","userLoc":{"longitude":165.04823310039302,"latitude":-37.870147020874924}},{"userUuid":"58649423-7094-43b0-98eb-414a6a0d5030","userLoc":{"longitude":-15.613686448412807,"latitude":9.853083652491875}},{"userUuid":"e0d2c207-4886-4e42-8fbf-81157a326a19","userLoc":{"longitude":-4.666739348603301,"latitude":-74.39471200085411}},{"userUuid":"cbb00a3b-7618-4e1a-8438-33b2496385e7","userLoc":{"longitude":-43.412894710862304,"latitude":3.098860066504656}},{"userUuid":"3762a929-a77f-4599-98b3-3d4ad2b6eccd","userLoc":{"longitude":108.87620483619071,"latitude":-58.97041734005826}},{"userUuid":"82a8817e-2e11-4c27-acd6-b562eb480334","userLoc":{"longitude":-165.68257780301272,"latitude":-58.53895830607348}},{"userUuid":"827351fb-8705-4b17-ad99-0ed577d317fa","userLoc":{"longitude":150.58102286158436,"latitude":-46.840777016065275}},{"userUuid":"06abf184-bfe3-4719-8f24-5bf9132aacf9","userLoc":{"longitude":-23.473904347619396,"latitude":-11.784494882349634}},{"userUuid":"2362d485-9eb5-472f-ac4e-e908e333df29","userLoc":{"longitude":-6.287803761534377,"latitude":-28.843033233537824}},{"userUuid":"237ea3d9-c807-4f2b-a517-9b70d06dda09","userLoc":{"longitude":-58.65584924095752,"latitude":54.59985479509544}},{"userUuid":"e845b325-dab0-4520-8461-260439c57c4b","userLoc":{"longitude":179.7409613417904,"latitude":-24.610040476048056}},{"userUuid":"d5253082-7cde-4aa2-bb6b-de9b2da16955","userLoc":{"longitude":-170.8965108060669,"latitude":-57.19977557530855}},{"userUuid":"788d012a-9c61-4d4b-bb1a-372ba946a276","userLoc":{"longitude":3.9123972939328837,"latitude":75.48344757015857}},{"userUuid":"f8bdf66c-7862-411a-8055-a15a6c7cd261","userLoc":{"longitude":59.38537288910044,"latitude":-83.67871254987112}},{"userUuid":"84f438c4-8c40-4042-b9b2-dfbd110eef10","userLoc":{"longitude":-1.6238633649034,"latitude":-34.87113035424571}},{"userUuid":"708c88bc-65b4-4b17-9ae1-725ea9447ca5","userLoc":{"longitude":173.31067054276457,"latitude":-54.283904950017416}},{"userUuid":"b683bf91-ba35-4f57-88ee-fd535bc41a55","userLoc":{"longitude":56.46205876498422,"latitude":59.701870992518394}},{"userUuid":"43cd2b0e-13e7-4e9b-8de3-34d1e3059002","userLoc":{"longitude":-66.62084585753476,"latitude":-58.518230885984245}},{"userUuid":"6c4085f5-eca1-4598-afdf-526e66c2643f","userLoc":{"longitude":57.85544902426011,"latitude":43.91174488340414}},{"userUuid":"58cdd94b-708c-490d-b007-164171445635","userLoc":{"longitude":-1.3677618762908708,"latitude":24.148883568941997}},{"userUuid":"3f09dbdd-f72d-4141-99f1-13fc72e36ff1","userLoc":{"longitude":86.46900271650776,"latitude":-56.99621559851668}},{"userUuid":"fb3b0051-6aff-4b80-9e65-b1fccf6fdcde","userLoc":{"longitude":-19.915959876124788,"latitude":-39.92000510524142}},{"userUuid":"77c30886-a723-44be-b5b3-fdec24e28b4a","userLoc":{"longitude":-55.501097160601134,"latitude":-81.62003052657624}},{"userUuid":"e415eb7f-4371-4f13-ac3f-970f7bc2f88b","userLoc":{"longitude":-0.08874704144341194,"latitude":-22.40203162220797}},{"userUuid":"511287f6-6e32-4298-a2b4-79b879d69974","userLoc":{"longitude":12.391357013345356,"latitude":64.9453303450174}},{"userUuid":"3f0ec73e-a24c-41d6-b9e2-fcd11c37c67c","userLoc":{"longitude":-44.77509248445122,"latitude":-39.8865997780088}},{"userUuid":"50d1e03e-e703-4dd0-b1bf-241859e6a32c","userLoc":{"longitude":10.723998859815254,"latitude":-47.881108705278685}},{"userUuid":"fd341f11-a86c-4d7b-89db-df557e000e63","userLoc":{"longitude":113.99309171041278,"latitude":-42.96917539864566}},{"userUuid":"d8150417-75c6-4535-b387-609217b6b8a3","userLoc":{"longitude":20.07479843632052,"latitude":7.563170497244542}},{"userUuid":"057f6a28-5dee-4f48-93c4-17368d0f7209","userLoc":{"longitude":-171.40176287943555,"latitude":48.057760265863834}},{"userUuid":"9e427a39-3efa-4c1f-b88d-97a3d19fc512","userLoc":{"longitude":100.67166479304109,"latitude":58.38466648579231}},{"userUuid":"3be3f8ac-30fb-45cc-a23e-69061d22d30b","userLoc":{"longitude":117.18095076464135,"latitude":10.76974232094257}},{"userUuid":"f09e2fe2-248e-402a-b7a3-a7ca9bed0326","userLoc":{"longitude":-80.00393242299722,"latitude":-65.85982578735609}},{"userUuid":"1ae73083-1069-4945-ad5d-fee6281857a4","userLoc":{"longitude":7.343331389936196,"latitude":14.356962103459182}},{"userUuid":"eccb30df-ae99-422e-be23-6d3e8f01db73","userLoc":{"longitude":-17.139290795257352,"latitude":-42.61452856518486}},{"userUuid":"e7169917-687d-429a-84a9-7861298f17fd","userLoc":{"longitude":42.82781419149029,"latitude":10.123279504575152}},{"userUuid":"388239d3-06f8-4488-8afc-dcbaf0397a9d","userLoc":{"longitude":29.086462460139273,"latitude":-67.03673109765136}},{"userUuid":"ae644113-5661-43a6-bbf0-a3e1ec764c5d","userLoc":{"longitude":13.858743257964676,"latitude":-31.26633024575454}},{"userUuid":"e9f77ebe-0196-46c7-9eb5-c222e83cf75b","userLoc":{"longitude":151.07472544053417,"latitude":-77.05817926537674}},{"userUuid":"58d4ced5-7f62-4c6c-9242-f603f48b8986","userLoc":{"longitude":31.75495217747485,"latitude":-45.376289968350726}},{"userUuid":"d46bd047-ac6a-4c36-918b-28fed7e68235","userLoc":{"longitude":-166.17485077144002,"latitude":-38.87871354148336}},{"userUuid":"80b4ee99-d877-4c27-ab0f-983ff69996eb","userLoc":{"longitude":150.30463362227573,"latitude":25.999575534512346}},{"userUuid":"a66b3e8b-babc-4541-97b0-3f84ed14113c","userLoc":{"longitude":-147.34859526104873,"latitude":2.1630553262866385}},{"userUuid":"20efaeb7-1f90-429b-a7b5-fafc92824499","userLoc":{"longitude":-30.360315265625104,"latitude":77.73201414983538}},{"userUuid":"f98c13db-f8f1-4e44-8ef4-b774c899be11","userLoc":{"longitude":-120.30465570783954,"latitude":-27.530186959513962}},{"userUuid":"ebec5203-8b4c-456d-a4fb-ad283ac74fb9","userLoc":{"longitude":-119.00463685120138,"latitude":57.465448836932836}},{"userUuid":"2cd67ef5-a10f-40c0-8cd7-76534f61eba5","userLoc":{"longitude":-170.43279395482259,"latitude":-19.449531521430146}},{"userUuid":"975c1eee-4914-4aac-ac9b-447f12a71a05","userLoc":{"longitude":-17.186626332135916,"latitude":-41.02018352916254}},{"userUuid":"66094760-5f5a-41a8-9e12-5c333920ce85","userLoc":{"longitude":166.64433867765212,"latitude":46.301135770876016}},{"userUuid":"50dad3f2-5e4b-4097-98c3-390c21bb5de4","userLoc":{"longitude":139.88414567345404,"latitude":79.42090896004771}},{"userUuid":"01c9a2ac-7bb8-4b9b-96d5-ce466eb26998","userLoc":{"longitude":38.46349851333696,"latitude":-62.57203939605786}},{"userUuid":"0f73abd4-cde3-4ab6-ae5b-615af432b3e8","userLoc":{"longitude":-24.63467300079637,"latitude":-80.24638906353209}},{"userUuid":"ee4a1932-f23d-4b35-80b2-8f930188cbf2","userLoc":{"longitude":-32.119207584554374,"latitude":-26.275855891430616}},{"userUuid":"5ff6f384-1b8e-4a8c-b480-2c6a03c750ec","userLoc":{"longitude":-139.415899226762,"latitude":-3.939191530645928}},{"userUuid":"98a28c1e-626f-462c-acaf-7957140f5ee7","userLoc":{"longitude":-114.84668624464857,"latitude":13.207072392043244}},{"userUuid":"5c4bd9de-309c-40ec-a26c-f216f7a20b5c","userLoc":{"longitude":-28.961399459090728,"latitude":-78.86209440947474}},{"userUuid":"52baf12a-d0cd-4657-a73b-7c9578e29b99","userLoc":{"longitude":165.4346733677536,"latitude":20.381667134665676}},{"userUuid":"73d61f8e-442a-48f4-b08e-008ec331312d","userLoc":{"longitude":-40.21367389639923,"latitude":-53.68404024199897}},{"userUuid":"5b06772c-400b-470c-8e01-366bb5267692","userLoc":{"longitude":147.3342736555261,"latitude":-7.814892694498496}},{"userUuid":"7e4ccce8-49a7-4ad4-8bca-80a3895b26dd","userLoc":{"longitude":77.31214949137359,"latitude":-6.708365658019616}},{"userUuid":"cd3a1bf0-09a1-415a-9ad3-4f72b4a12f0b","userLoc":{"longitude":165.26545998401315,"latitude":-67.94452158768284}},{"userUuid":"1e00d049-ba05-4562-8a87-322fdb74539a","userLoc":{"longitude":-56.05572389515194,"latitude":-34.327427124876245}},{"userUuid":"1552758f-26d2-4243-8945-5b1d1b15e0f8","userLoc":{"longitude":168.91319868919055,"latitude":74.52476223703684}},{"userUuid":"c4731eb0-35f9-4b43-a117-7d5ce201b685","userLoc":{"longitude":-6.9008769927317815,"latitude":-20.94529705124353}},{"userUuid":"47d5c447-67c1-4644-9f66-2cdfdb980fc4","userLoc":{"longitude":49.523750792082836,"latitude":-57.74390080444677}},{"userUuid":"a2c1960a-8ecc-40bb-ab7f-634a1e5b2923","userLoc":{"longitude":132.1897765446397,"latitude":-12.156670115281699}},{"userUuid":"52893e14-aca0-4516-b4a4-a3588c4f55b6","userLoc":{"longitude":74.76041995176399,"latitude":-66.89635055623897}},{"userUuid":"53dfca89-8928-428e-af2b-fb8b8e386d95","userLoc":{"longitude":28.90596542338463,"latitude":54.88888075304291}},{"userUuid":"7ab56a6c-ae42-45c8-854e-12f198111533","userLoc":{"longitude":-6.72492269641225,"latitude":-59.99221196288888}},{"userUuid":"d6565cc0-dfd2-4874-9993-8e77a9c77eb9","userLoc":{"longitude":66.1633652710195,"latitude":-49.02962248999811}},{"userUuid":"29c06007-3b8d-46e9-ba2e-d90f6342d60e","userLoc":{"longitude":78.07146915237911,"latitude":44.17259150720824}},{"userUuid":"770aaa67-0d2e-4e3c-a7ee-7ff43220149b","userLoc":{"longitude":161.41807776915772,"latitude":-33.930395697156904}},{"userUuid":"13d21f8a-4a40-41b5-b654-f484feff3b15","userLoc":{"longitude":-30.17880253972217,"latitude":36.73876480889837}},{"userUuid":"b402592f-bd40-4a7b-ba1e-97df5e40c5aa","userLoc":{"longitude":-26.866816721279235,"latitude":5.209405205029327}},{"userUuid":"967aa42b-5640-4d10-960a-dd634c13847d","userLoc":{"longitude":-34.00537465917071,"latitude":77.02324664980088}},{"userUuid":"64d015bf-e8cc-43e6-b644-a08a9d66671b","userLoc":{"longitude":116.00696112941222,"latitude":-35.42055565059518}},{"userUuid":"87942a24-438b-495f-9353-c80ecda9f51c","userLoc":{"longitude":36.15343775666818,"latitude":-74.17264643121734}},{"userUuid":"eb335e31-5d09-4695-9a7f-a0bec7d737be","userLoc":{"longitude":143.97688297010802,"latitude":63.537794617099706}},{"userUuid":"6f007b89-95ca-41be-bacd-143b1a2e5459","userLoc":{"longitude":101.07459697797725,"latitude":59.569028182265384}},{"userUuid":"919c6d16-27a8-4c99-8691-c2aa400236f8","userLoc":{"longitude":-121.52239663255695,"latitude":-40.65863335406585}},{"userUuid":"48c97a94-060d-45b2-8f3e-7f5e4bbc6cd0","userLoc":{"longitude":116.83483162538175,"latitude":21.627410794798294}},{"userUuid":"080ffc26-5e48-430b-9407-434c4b41b362","userLoc":{"longitude":60.42504160086017,"latitude":21.578283109114963}},{"userUuid":"db1e1561-a149-427d-8299-27855b5d5212","userLoc":{"longitude":-111.62498708080919,"latitude":13.19447601562436}},{"userUuid":"e26d95e5-3958-453e-9e81-211c64d67a2c","userLoc":{"longitude":10.45844413971534,"latitude":-58.06418990940888}},{"userUuid":"dfbd5f7c-afaa-4cb7-b178-0614ab685055","userLoc":{"longitude":-151.4495152231406,"latitude":-40.21141876411178}},{"userUuid":"f7be31bd-9907-48df-9459-eed2fd3b099c","userLoc":{"longitude":35.31834107447807,"latitude":-48.04695899521506}},{"userUuid":"ccea7165-caaf-44bd-b4f9-aad5a8fc67a4","userLoc":{"longitude":93.86766400462159,"latitude":-70.03732900905109}},{"userUuid":"06068276-7293-45c8-bf04-cdc8bb4e2e3a","userLoc":{"longitude":-37.19507643314185,"latitude":-76.74000759581081}},{"userUuid":"0a511832-47b8-4c39-a131-c3cb4327709e","userLoc":{"longitude":-119.7470697001231,"latitude":46.52858618366827}},{"userUuid":"cf607020-2fe8-41c6-806f-6265e765063c","userLoc":{"longitude":48.56616374684597,"latitude":-13.23986817185056}},{"userUuid":"087e63b0-2ab8-48ec-837d-4b62fee228a4","userLoc":{"longitude":58.117259018047065,"latitude":-29.235828129473113}},{"userUuid":"63bdcc1e-1872-4878-880e-49efbaffccb1","userLoc":{"longitude":56.64098857126106,"latitude":-65.75315842664108}},{"userUuid":"62719705-d91b-4ef4-bc98-7b8362760e46","userLoc":{"longitude":-94.95771970774459,"latitude":-61.9165150402783}},{"userUuid":"fe34d046-fec3-44ff-8e85-0c5a22ed2063","userLoc":{"longitude":124.6495495546477,"latitude":24.861692778271916}},{"userUuid":"a8490cea-2c7e-4430-aa5c-503c86381663","userLoc":{"longitude":14.229453350111868,"latitude":19.895353908838132}},{"userUuid":"26a75bcf-8174-4acb-b2f9-55f80579bfa6","userLoc":{"longitude":-72.57057072519915,"latitude":-6.919995597456307}},{"userUuid":"305487d5-0990-4375-b8d0-78686bceb3c7","userLoc":{"longitude":-155.69787286318308,"latitude":11.801750490994024}},{"userUuid":"b7dcb7a5-5fc4-48ed-b0bf-3e771a85a7ad","userLoc":{"longitude":14.441114616383317,"latitude":1.7643931474040642}},{"userUuid":"b44436fa-dbd0-4b83-8c66-8f05a3955345","userLoc":{"longitude":-145.58550140498062,"latitude":-36.07290115270204}},{"userUuid":"60c6840c-6d6c-466e-8248-fce8e8f8c1b7","userLoc":{"longitude":136.66237099586044,"latitude":58.984998188443825}},{"userUuid":"1cb0e690-b4d5-4d30-a20c-1a5079f9dd9f","userLoc":{"longitude":-52.915390311919154,"latitude":-64.16589702174568}},{"userUuid":"728ce3ed-2728-4ff7-9a62-a88b6bc50057","userLoc":{"longitude":-166.7735493110576,"latitude":81.47971621820895}},{"userUuid":"0a460c52-a1f5-4831-887a-e4a3ab2b32bb","userLoc":{"longitude":82.894755424386,"latitude":-55.935599243808866}},{"userUuid":"b48a63f5-a521-4a81-8b61-38ae8526525e","userLoc":{"longitude":141.4120390809976,"latitude":57.409491157822316}},{"userUuid":"1eb74bb2-30a0-4d04-a157-724840a3470d","userLoc":{"longitude":42.28962795976966,"latitude":33.07194965233634}},{"userUuid":"980d5565-92d8-4c03-9f87-c1dacc522918","userLoc":{"longitude":1.4304369986049323,"latitude":-8.277654095977766}},{"userUuid":"dfa2ce4c-c533-4fe7-b3e7-e3160e80e944","userLoc":{"longitude":-82.01347163206268,"latitude":-17.328482428093793}},{"userUuid":"27c3b9a1-7324-4359-8455-c8581af4f62b","userLoc":{"longitude":-67.23908065616739,"latitude":80.31623690691364}},{"userUuid":"fa7059ea-624a-4c80-87ee-fe95088eb406","userLoc":{"longitude":103.65724158709327,"latitude":79.22578185740014}},{"userUuid":"9f918840-2ab6-4995-aeaa-e6b968314dbe","userLoc":{"longitude":-134.9014381656145,"latitude":47.737733235580066}},{"userUuid":"861f68d8-84ea-4650-9424-838521cb5b46","userLoc":{"longitude":-36.38918955738333,"latitude":-46.90651030837}},{"userUuid":"db199860-8ce6-4c86-acc4-3a6c45b6cffe","userLoc":{"longitude":153.99169527907588,"latitude":58.93340990837643}},{"userUuid":"3a731568-c86a-41b6-a748-b77bc493d5c4","userLoc":{"longitude":26.340422417018146,"latitude":2.0088427916581253}},{"userUuid":"26140a91-74a0-417d-a40d-a497a02aecbf","userLoc":{"longitude":174.74356294409245,"latitude":60.89736756210144}},{"userUuid":"4e8326f0-732f-4774-8e6c-b90f996d832a","userLoc":{"longitude":54.87819961723096,"latitude":20.944101125683844}},{"userUuid":"349f883a-ff98-4061-af37-6eaaf9fa0b6d","userLoc":{"longitude":30.755356529925677,"latitude":-48.03124855782272}},{"userUuid":"20b6658d-af0d-4468-9a8d-e82412999ac2","userLoc":{"longitude":-55.22165848657964,"latitude":9.596427865349156}},{"userUuid":"2887208e-42e7-4f27-ad58-09046465b6d6","userLoc":{"longitude":130.5059419263112,"latitude":-40.996058288853874}},{"userUuid":"dee3db26-d851-47f0-bbbe-ccbc1912099b","userLoc":{"longitude":-170.60779792689218,"latitude":-16.380993987572452}},{"userUuid":"93a6f0e5-5dce-497e-b0a8-52bf7c59cdac","userLoc":{"longitude":-137.06806271119424,"latitude":61.667462448709074}},{"userUuid":"d79d9756-924f-4ccb-a7b3-b1d373de22c1","userLoc":{"longitude":170.32567639902442,"latitude":-57.99728794401942}},{"userUuid":"9048cd84-0bc4-4329-b9ff-7bcbc9ffbeee","userLoc":{"longitude":53.2733067496674,"latitude":-37.17895407345214}},{"userUuid":"9b1476b4-98c7-4c02-a5ee-b8b58b13d9fa","userLoc":{"longitude":-42.03144975370057,"latitude":-73.22581552494984}},{"userUuid":"8b0e4b99-2e98-499e-a641-877ff036adbc","userLoc":{"longitude":70.90728168212371,"latitude":61.590418356327035}},{"userUuid":"bd043eae-cf1d-4450-a96a-8d3ecb6f7ba8","userLoc":{"longitude":-49.99096821176252,"latitude":53.45543590739018}},{"userUuid":"727b4afd-9a1a-4732-89d6-0282f1bbb931","userLoc":{"longitude":-59.24172731432098,"latitude":65.82103189055411}},{"userUuid":"3f2c3922-f623-4321-af2b-89be8036faba","userLoc":{"longitude":-113.08264654568865,"latitude":-43.83658685671755}},{"userUuid":"bb310c3d-1cdf-4013-8263-39828ff0c5ea","userLoc":{"longitude":115.84898169082686,"latitude":-54.11365736591837}},{"userUuid":"65e035ed-e088-45db-8b72-449f5d3b1330","userLoc":{"longitude":66.09396047299171,"latitude":-20.682952508650175}},{"userUuid":"5448e8e4-e7f1-4b01-b0fa-e7697944778c","userLoc":{"longitude":128.97681947629076,"latitude":8.363164081536766}},{"userUuid":"38f4c936-2c51-4408-aac5-01c47c2efd9b","userLoc":{"longitude":-72.46876687082238,"latitude":62.14983334718096}},{"userUuid":"b7281e36-0c16-43a7-a699-3132fe2c6df4","userLoc":{"longitude":95.58995052256313,"latitude":-27.609106459129137}},{"userUuid":"134d5c67-8e85-48a1-8ef7-c0d2d6bb3250","userLoc":{"longitude":154.126177738582,"latitude":-61.35526955290636}},{"userUuid":"c437e863-00f4-4776-8934-8860a6ed762c","userLoc":{"longitude":22.543535249982227,"latitude":-52.1396165705824}},{"userUuid":"742a3ced-9ab1-4009-837c-3854b7d3fb26","userLoc":{"longitude":-75.97185698765666,"latitude":71.1567203853997}},{"userUuid":"b807801d-3c3f-46b7-bb6a-785007d8cdff","userLoc":{"longitude":172.2251137989228,"latitude":4.103048855876196}},{"userUuid":"9cfaf13c-8e0d-48b6-bf76-89286ad0ade5","userLoc":{"longitude":-120.7296087918273,"latitude":62.803509267283886}},{"userUuid":"4357793e-e62d-4e04-8b5a-1dc07f5b1e30","userLoc":{"longitude":-46.856890899920614,"latitude":83.74018419742222}},{"userUuid":"af67b687-a92b-483c-8cfe-65dcda855019","userLoc":{"longitude":-144.7213195621984,"latitude":76.88297709354163}},{"userUuid":"ac139f79-abed-43bf-8390-2e842d424c40","userLoc":{"longitude":-95.64715943037876,"latitude":-33.58610668246578}},{"userUuid":"cd4b3a5c-e157-4517-b8c9-3f4062f18c98","userLoc":{"longitude":150.53239045862432,"latitude":-78.18222923916245}},{"userUuid":"2e60963a-fdcf-45b6-b3fe-897f1177256b","userLoc":{"longitude":-127.85446925750652,"latitude":-16.189768580904314}},{"userUuid":"5651f362-7d10-4e1b-a80a-d9defdfabc59","userLoc":{"longitude":157.8913688424317,"latitude":-47.194474468513164}},{"userUuid":"b51eff0a-f2f6-439a-8532-12d835cd7031","userLoc":{"longitude":-54.11131141329345,"latitude":47.47327286677938}},{"userUuid":"c2dac718-95db-4cd2-bfd3-bb73952e7b74","userLoc":{"longitude":-70.22130827301376,"latitude":-10.388684536753999}},{"userUuid":"6fb232f0-91eb-43ef-8858-f78c353be265","userLoc":{"longitude":174.047571208154,"latitude":-71.95873871889559}},{"userUuid":"aea321e2-1858-4410-a949-99717f587321","userLoc":{"longitude":31.483552301612974,"latitude":-57.65902159600601}},{"userUuid":"5334293d-2e52-499e-97da-3fcdbcfeb85f","userLoc":{"longitude":-134.3121135480248,"latitude":-76.77504990064588}},{"userUuid":"522885ab-a83e-4e23-b95b-c7ecb1468a30","userLoc":{"longitude":22.681327713656003,"latitude":84.53925967830892}},{"userUuid":"a8b8dbd3-3578-4e66-bed1-e5079118053c","userLoc":{"longitude":35.799202978124555,"latitude":62.84410111185892}},{"userUuid":"ae6b6169-aecc-435f-a6ed-ddb3f3aaea40","userLoc":{"longitude":-113.2358202613234,"latitude":-11.452817180920619}},{"userUuid":"02de821c-7c4f-4b25-9b4e-bd58e0f2ba19","userLoc":{"longitude":-54.35661059799719,"latitude":-60.87223850096492}},{"userUuid":"73305c9f-e78d-4785-b1ad-11a20570e12f","userLoc":{"longitude":165.76071965922358,"latitude":-34.253490164279214}},{"userUuid":"0ca9913b-784b-493d-97a1-e6f61653c6a5","userLoc":{"longitude":-179.62789286786395,"latitude":65.027910510857}},{"userUuid":"8a999897-6ac2-4f2b-a27f-b82593d71c97","userLoc":{"longitude":128.56518299733727,"latitude":-16.133312992873954}},{"userUuid":"16d713b8-32d5-4d81-ac79-3b9510093595","userLoc":{"longitude":38.64623165249793,"latitude":13.380150226714818}},{"userUuid":"f7d814d8-be12-4a17-add7-c2c0fe063192","userLoc":{"longitude":-73.17349320023109,"latitude":69.97076805679697}},{"userUuid":"980c2b57-1abb-409e-8005-1d7ecc26a464","userLoc":{"longitude":-166.19809923609773,"latitude":-69.6754007251673}},{"userUuid":"1ddec4fc-10c3-470b-88b1-467f8821e327","userLoc":{"longitude":-119.86614579733326,"latitude":32.13069673132395}},{"userUuid":"dce979bd-a65c-4744-a6c1-f14f436e4e17","userLoc":{"longitude":109.65776681997937,"latitude":14.580834842757852}},{"userUuid":"c4938c3d-46c7-4de9-bf7a-5ac4e3831caa","userLoc":{"longitude":-27.045128394341447,"latitude":76.3763860717007}},{"userUuid":"747cb504-7931-44cb-bbae-38ae0e785363","userLoc":{"longitude":139.17035542925458,"latitude":57.07523554053881}},{"userUuid":"c0bdfc3b-ca96-4931-a1c3-b3f19e45a817","userLoc":{"longitude":-124.18676313128395,"latitude":-3.4250025905576535}},{"userUuid":"19e36a32-0bb1-4582-bf63-ac1bbd007c43","userLoc":{"longitude":-19.795581215651765,"latitude":68.67966740201933}},{"userUuid":"ab746dd0-e030-4457-8b86-a3f0da56c1f2","userLoc":{"longitude":170.16157920863333,"latitude":11.281620412838876}},{"userUuid":"a20df36a-a07d-431f-b2c4-1cebbfb86b6d","userLoc":{"longitude":-136.8948985446606,"latitude":-55.90475602857206}},{"userUuid":"4a32ab3f-6b4a-4cb6-8ace-fb2a2bce827e","userLoc":{"longitude":135.83160354947006,"latitude":65.41160698135931}},{"userUuid":"527ae9ee-2717-4f0f-b5fb-5d95a5cfd74a","userLoc":{"longitude":-105.23051121052457,"latitude":-69.44242386426903}},{"userUuid":"17e05d07-b715-4ef5-b3f6-dd151e71c2b1","userLoc":{"longitude":-97.25628074043148,"latitude":79.53201324459408}},{"userUuid":"660e9bc3-abf4-4813-92f0-042315e7568b","userLoc":{"longitude":-176.67452102845002,"latitude":77.74467665017283}},{"userUuid":"8c6936aa-f8eb-4eb6-90f6-6c6e140a1292","userLoc":{"longitude":172.96007737054026,"latitude":54.634245078858015}},{"userUuid":"59771399-0cb3-48af-b392-9d609e1737d6","userLoc":{"longitude":-153.26392910128968,"latitude":-51.52473914279921}},{"userUuid":"f2c205d7-8719-4bff-938d-d7ceb1299839","userLoc":{"longitude":109.53436609414615,"latitude":-50.512495067175934}},{"userUuid":"66fb4467-2046-4686-820a-a4b282782749","userLoc":{"longitude":-24.737272546894786,"latitude":-43.49754690188803}},{"userUuid":"f44edcbb-bef4-4c7b-bcb3-f26a73f2a719","userLoc":{"longitude":-16.88779552396909,"latitude":74.46945890191446}},{"userUuid":"7ea3a0d4-6ae6-4df7-a914-574934c3e7f7","userLoc":{"longitude":164.56680210650995,"latitude":20.786495084376384}},{"userUuid":"8d9ea76f-faf2-4128-a13f-2efc1decdbff","userLoc":{"longitude":-95.87400623299247,"latitude":55.13949388541201}},{"userUuid":"5bde104c-dd9b-4603-b43e-3a5ee4b6bdb4","userLoc":{"longitude":-160.8169801608453,"latitude":-31.01682936663225}},{"userUuid":"fedf0028-e9ea-4790-8392-f3fff75ab3ef","userLoc":{"longitude":-161.6925439256736,"latitude":77.20999507580328}},{"userUuid":"45360763-b4b1-4bef-a9e4-ea287673715e","userLoc":{"longitude":-42.11631554404511,"latitude":72.63931748588774}},{"userUuid":"72b7eab6-b17d-4241-86c5-bb9ca509ac70","userLoc":{"longitude":-16.448521316392686,"latitude":-13.858260368573227}},{"userUuid":"d9ed6343-97af-4d5a-acd1-cf379f38ba68","userLoc":{"longitude":134.07327925119228,"latitude":-66.42484231143224}},{"userUuid":"22dc49d8-462b-446c-93bd-7177be3262c2","userLoc":{"longitude":-4.921994464971704,"latitude":-24.18556772527773}},{"userUuid":"f19401bb-598c-44f7-97a2-e423bbea3b42","userLoc":{"longitude":132.47247103941908,"latitude":-64.57471986927833}},{"userUuid":"c3158683-d167-4785-9ba9-902822fab0d6","userLoc":{"longitude":-167.64446613539894,"latitude":55.36681636922219}},{"userUuid":"b4231550-1089-4a28-9b29-312ca14ddaf3","userLoc":{"longitude":-166.24101518076873,"latitude":-82.07261077997018}},{"userUuid":"898c700c-e7fe-4a86-ba83-587eb1409ea6","userLoc":{"longitude":-105.38061305589444,"latitude":35.339089149409716}},{"userUuid":"b49ff5da-0f0c-47a7-8a82-fd56b2a0905d","userLoc":{"longitude":64.45263101692524,"latitude":-1.2026154154519162}},{"userUuid":"acff1af3-a496-49d4-bb16-b6deddfe750b","userLoc":{"longitude":55.50421998399676,"latitude":84.91987512692015}},{"userUuid":"46cec1ec-105d-460f-af5c-483ca2759cff","userLoc":{"longitude":98.30641632218948,"latitude":-59.765502906453634}},{"userUuid":"dadc9aa3-ba01-405f-88b0-cd6b7491ef57","userLoc":{"longitude":-85.04660360230501,"latitude":-1.643569995801883}},{"userUuid":"1c584b66-7694-4843-a7ac-a0a5565dc23f","userLoc":{"longitude":-15.3943721794179,"latitude":-54.14193031844701}},{"userUuid":"5d127d88-71e2-4fdd-aaec-3d3a5812507e","userLoc":{"longitude":24.973926451086754,"latitude":-71.35467162579386}},{"userUuid":"7c9b45eb-fbe7-49f2-8acc-89867f0df94e","userLoc":{"longitude":-162.9214072402522,"latitude":77.7553822553046}},{"userUuid":"1898a3f4-8762-4d21-bd19-be47479bb4c9","userLoc":{"longitude":10.89951033899169,"latitude":-0.8612687914316552}},{"userUuid":"7d176e07-2a08-4b0e-9a71-e8e3e04373b2","userLoc":{"longitude":74.11001711824812,"latitude":50.43685063246437}},{"userUuid":"02ee08df-698c-414f-92f0-ee01cc6b0293","userLoc":{"longitude":107.43086063657307,"latitude":41.37774215230465}},{"userUuid":"9c7c7cc8-7a0d-4a2e-be51-34d031a7c8b0","userLoc":{"longitude":126.77428468997442,"latitude":41.34119355208641}},{"userUuid":"5104c74b-6fc7-40af-8051-d9f9df513296","userLoc":{"longitude":-96.92950504764258,"latitude":76.98751145448549}},{"userUuid":"291d2c84-8d45-48fd-ab1d-27c8ee705046","userLoc":{"longitude":-19.074410536768,"latitude":-2.675724832244441}},{"userUuid":"0cc5e09d-b833-440d-b4a1-79352e18f9e7","userLoc":{"longitude":-18.965839935024434,"latitude":39.82440298358165}},{"userUuid":"1ab150ae-da5e-455a-9ade-ca6ca6eab300","userLoc":{"longitude":-114.43921288207109,"latitude":-6.268649328906804}},{"userUuid":"c554a2f4-30c2-4f50-a89a-7b5a506d4ced","userLoc":{"longitude":25.287308079999036,"latitude":-49.89554838399623}},{"userUuid":"c91aefb6-4340-46cd-9b11-395bd768a829","userLoc":{"longitude":150.12568691495437,"latitude":1.3704001244709048}},{"userUuid":"e102cfc4-7ea7-4128-b072-f57b1d2aea3e","userLoc":{"longitude":99.34435344299413,"latitude":34.69634543215035}},{"userUuid":"15a841f0-96f0-4a51-8b83-ac0a823d00a0","userLoc":{"longitude":63.23200527367479,"latitude":-60.8391807640466}},{"userUuid":"7bd91682-a569-4c98-81ec-22016e803bb1","userLoc":{"longitude":-158.01881731546646,"latitude":-31.658519644108445}},{"userUuid":"6cc152d7-dae8-4af7-ab79-2750e6daeab2","userLoc":{"longitude":29.47361507377218,"latitude":-49.71394313492058}},{"userUuid":"faec9e27-f923-4fbe-813d-a02ed86bdd0f","userLoc":{"longitude":-124.80831235438492,"latitude":63.92944180982735}},{"userUuid":"821b99f1-559e-4f30-9304-6be8706e49ff","userLoc":{"longitude":-179.61792609972363,"latitude":35.67678690083167}},{"userUuid":"e2661966-f3c0-47e1-a6a2-d56fc0a9c72c","userLoc":{"longitude":-125.18712349505302,"latitude":-80.9935649223029}},{"userUuid":"64ec5da0-1d61-42f8-a92d-9c39a4490893","userLoc":{"longitude":66.21784967756665,"latitude":3.2828882256262517}},{"userUuid":"50805140-5570-45dc-abfe-3f87746dcc41","userLoc":{"longitude":161.0898056970069,"latitude":32.46152845027329}},{"userUuid":"8881f72c-810c-46da-9ea8-6f07f3d73317","userLoc":{"longitude":-66.49738687880894,"latitude":-18.30586066909268}},{"userUuid":"35e2c934-864a-4efd-b071-43db7554b60a","userLoc":{"longitude":-142.9779389947392,"latitude":-53.90392770943998}},{"userUuid":"c983bc04-88aa-4a5b-a433-6e96d0f3a0dc","userLoc":{"longitude":-36.99988657412834,"latitude":63.04091058791573}},{"userUuid":"a9826c9a-4286-414b-b16c-c32c5c2dd9d6","userLoc":{"longitude":-87.36837806606492,"latitude":68.30960587101836}},{"userUuid":"f31d1e93-0c0b-4323-9e67-8071911cadc7","userLoc":{"longitude":-159.35267908048894,"latitude":-35.08736600536862}},{"userUuid":"9f3d1be6-16d8-4840-aa0f-974ba81bf2fe","userLoc":{"longitude":143.27741527448416,"latitude":-44.13505108247743}},{"userUuid":"a408c504-c6d4-466c-9e37-7b4ce1df8ba6","userLoc":{"longitude":101.81921900803297,"latitude":36.17856979258116}},{"userUuid":"61f8aa76-8fa1-420e-9617-d8a948dc15d6","userLoc":{"longitude":-12.61360458738946,"latitude":64.1112785870493}},{"userUuid":"6fcdb31d-5447-448e-8c5e-cc19a4977fde","userLoc":{"longitude":161.57964700804467,"latitude":31.934879198502074}},{"userUuid":"3ff96bb4-c125-42da-8b7e-3eb19d4aca4f","userLoc":{"longitude":52.57611809995072,"latitude":-67.21239308638678}},{"userUuid":"4fabfd48-340e-43e5-9f90-f380c1ba749a","userLoc":{"longitude":-62.84814079487877,"latitude":57.2570204221675}},{"userUuid":"25508a4d-cf50-412d-98e8-47e152b403c2","userLoc":{"longitude":-119.56398734862461,"latitude":-46.655002178117094}},{"userUuid":"97c4fae4-d95a-4be3-a48f-9bef12ded784","userLoc":{"longitude":58.51551706533343,"latitude":6.000647198809432}},{"userUuid":"841554be-c2de-4908-8cd0-3970f2f23df2","userLoc":{"longitude":-10.742003679474607,"latitude":-31.525344547363495}},{"userUuid":"67f66ce0-4e94-4562-81fa-7fa0e699d333","userLoc":{"longitude":164.6864566069521,"latitude":-51.08860898093009}},{"userUuid":"9dc4aac0-9d1c-40a4-a40f-de418caee2c1","userLoc":{"longitude":45.23522727664346,"latitude":-42.61589311920289}},{"userUuid":"46990a47-7435-47a0-b278-697bc0374ed8","userLoc":{"longitude":-64.2887758469137,"latitude":-21.088228625104115}},{"userUuid":"a3828278-c6e8-4ec3-be9a-012e46356755","userLoc":{"longitude":177.91890996509852,"latitude":7.622326233453876}},{"userUuid":"06e22bfa-c0a9-4684-bca2-7f094c012d3c","userLoc":{"longitude":79.16958074857251,"latitude":-60.57338425169803}},{"userUuid":"8234b565-5421-477c-b1f7-57bd5a985175","userLoc":{"longitude":111.29447506413703,"latitude":-34.470689245163655}},{"userUuid":"2e36f7cf-08b3-4d4d-87f2-d5eb0dbdf7b9","userLoc":{"longitude":-23.395504500226508,"latitude":39.62127266797441}},{"userUuid":"68c9dda1-5ad8-423c-bf29-bb528afe58de","userLoc":{"longitude":-132.6208146196024,"latitude":-78.53358452299966}},{"userUuid":"3ae666bc-6ec2-47c7-860f-ad37ab593226","userLoc":{"longitude":139.9458157196466,"latitude":-51.53593338697635}},{"userUuid":"bb4fc35b-ca1a-4f7b-ae45-2313ec40f2af","userLoc":{"longitude":133.06923911189944,"latitude":62.3805752140544}},{"userUuid":"32064e80-64ee-4322-bca6-1e61f802ffde","userLoc":{"longitude":65.75122855044665,"latitude":15.385476555097199}},{"userUuid":"108ae7a1-975a-42b2-a334-0ebd9e0b1a88","userLoc":{"longitude":-172.62801976958312,"latitude":44.29613725994875}},{"userUuid":"f42a35a4-010b-4784-bda7-f8ddd8a0636f","userLoc":{"longitude":143.15036988325005,"latitude":-36.73843231333018}},{"userUuid":"670ac82c-c2cb-4e13-b801-096453c31473","userLoc":{"longitude":-164.21753285789714,"latitude":26.360492244186105}},{"userUuid":"231091be-cdc8-4987-bd3c-41c3a28dad5f","userLoc":{"longitude":-70.43035103777314,"latitude":-78.07098594006258}},{"userUuid":"400e3b1a-2a50-4df0-a6ee-c0b0412286c0","userLoc":{"longitude":-99.97006738477565,"latitude":-7.50908472978341}},{"userUuid":"3d617956-80ed-4b57-be12-72aa85c6c1ac","userLoc":{"longitude":82.71844208974352,"latitude":35.7076085355816}},{"userUuid":"3dcb4307-f170-43b1-b956-307b1fa0b3d7","userLoc":{"longitude":167.09821215879072,"latitude":45.27354007065489}},{"userUuid":"623e7fc4-f05d-4a63-98e5-ff925434ef56","userLoc":{"longitude":158.83602143384115,"latitude":39.60197117189557}},{"userUuid":"487ca53f-b141-4c02-9eb6-3c7cedb9d0dc","userLoc":{"longitude":-100.60121548738236,"latitude":-9.649447971866863}},{"userUuid":"4925f744-9f6c-447e-9580-3c71e50a6ef6","userLoc":{"longitude":162.24630591335819,"latitude":3.8757388906785053}},{"userUuid":"5d434296-2f66-4707-abfd-7a822b8d046b","userLoc":{"longitude":-98.55814633063176,"latitude":-37.20234858815051}},{"userUuid":"44503477-c3f4-4e26-811f-b849265423ea","userLoc":{"longitude":17.827544681832705,"latitude":-32.65539859064185}},{"userUuid":"cbdc3c9f-904a-45ea-bbe3-3559e7887deb","userLoc":{"longitude":-111.37987266522481,"latitude":74.75114667678383}},{"userUuid":"4d489287-a415-464f-b1dc-68c0ab76ece7","userLoc":{"longitude":92.12400336511865,"latitude":42.885510680105796}},{"userUuid":"911d1960-baf3-442c-b723-f196b1d45d92","userLoc":{"longitude":9.665489685914423,"latitude":-41.2990115454783}},{"userUuid":"3d3d7323-5499-48a7-80fd-29413aa63056","userLoc":{"longitude":119.29194207671179,"latitude":8.349834706456122}},{"userUuid":"56d77b0f-c167-4485-a4c8-0bbd53ec01dc","userLoc":{"longitude":-113.32219165972428,"latitude":16.10796576621621}},{"userUuid":"33172c89-89e2-45dd-82e2-5102e8680da7","userLoc":{"longitude":62.997600501753226,"latitude":52.9073530593289}},{"userUuid":"86ec375d-a345-40cf-ac5d-63b1bd659358","userLoc":{"longitude":15.677587153869837,"latitude":40.98218235275856}},{"userUuid":"1d4eba22-2518-4534-aa17-3a59bb50ec98","userLoc":{"longitude":-104.37122643897739,"latitude":27.23291830873545}},{"userUuid":"5084f64d-d730-4ab6-8358-1536c5b818dc","userLoc":{"longitude":-103.34595848873556,"latitude":-55.654989075667004}},{"userUuid":"f177a35c-424e-4136-a192-f6adcbec985b","userLoc":{"longitude":-78.421210543345,"latitude":-58.8716441082922}},{"userUuid":"f1487c01-5c9b-4f52-959d-69d69a5ebfc1","userLoc":{"longitude":98.65570530477731,"latitude":64.2388877952921}},{"userUuid":"9939723c-6f13-48c3-85c4-205c3cb0b265","userLoc":{"longitude":-92.05726664703734,"latitude":-26.3099928476044}},{"userUuid":"d61d9d0c-e91e-48de-b349-01f6769a80aa","userLoc":{"longitude":-42.301198570643066,"latitude":9.270885238573214}},{"userUuid":"165d617b-0d3d-4815-b431-5ea7bb6830d5","userLoc":{"longitude":10.962619970268037,"latitude":-82.75688303742723}},{"userUuid":"6abe3c2f-9ecb-4cdd-b2b0-26d60ec0578b","userLoc":{"longitude":-80.45642108486919,"latitude":-51.43051967629718}},{"userUuid":"e80bf911-f5de-453b-8269-d654d6abbb9f","userLoc":{"longitude":42.733564978893895,"latitude":39.75561801838742}},{"userUuid":"6041b238-eef2-4b7f-8a15-4cf8a7af709c","userLoc":{"longitude":25.530208890193933,"latitude":-79.11019984888901}},{"userUuid":"552f9d0c-4665-4c04-abb5-2a39b4a60055","userLoc":{"longitude":179.40411315575898,"latitude":61.29121326653461}},{"userUuid":"cfc265d0-9300-4e00-bc8c-dfe782b84153","userLoc":{"longitude":66.77388495647648,"latitude":-54.74725274897732}},{"userUuid":"0d4b5670-85ad-4b6e-871a-46843ddfbec8","userLoc":{"longitude":-140.60201914323736,"latitude":51.20994686511165}},{"userUuid":"1dfc3dd6-1606-467e-b845-159b86a71b17","userLoc":{"longitude":2.595151345608855,"latitude":-83.84525590824826}},{"userUuid":"a273a03d-1286-450f-b298-4976c614dbb9","userLoc":{"longitude":-13.813484156905929,"latitude":44.597282331770856}},{"userUuid":"b63a4a7f-da72-410a-9c4d-d85814f231a5","userLoc":{"longitude":-56.47897657325747,"latitude":78.84411254377167}},{"userUuid":"3136f7da-e7c3-4dd1-b5bf-d27850e606d3","userLoc":{"longitude":12.85555665321553,"latitude":70.09129660731472}},{"userUuid":"955b4632-61a7-41ca-b936-7b5c8969405c","userLoc":{"longitude":-85.95261402279806,"latitude":78.68122436709581}},{"userUuid":"e5f3c41e-6be1-4324-a6d9-52e1de716f94","userLoc":{"longitude":173.0761615904549,"latitude":73.89715561963553}},{"userUuid":"5be9da7d-f537-41d6-90da-8c9ad719c347","userLoc":{"longitude":149.0498029097933,"latitude":29.974901435732065}},{"userUuid":"cdbc2f6d-0310-4d0e-bd5b-80795a739261","userLoc":{"longitude":-170.97277022484832,"latitude":22.01765631006407}},{"userUuid":"7e05bf2d-2191-4697-a783-51a2da612e7e","userLoc":{"longitude":-171.16222869529133,"latitude":72.23365705752505}},{"userUuid":"94568865-1dbd-4136-9dec-1214be33e6a2","userLoc":{"longitude":159.28748583710262,"latitude":-70.62513873752697}},{"userUuid":"57f07438-7185-4a70-8eeb-222e1fa37b03","userLoc":{"longitude":-6.84503138247814,"latitude":24.182841389815763}},{"userUuid":"0311ddac-6bae-48e1-af5d-8114706a51e8","userLoc":{"longitude":95.80448999235773,"latitude":-80.88331237548068}},{"userUuid":"ceac31cc-6d5d-49f1-ae0e-6ae526131edf","userLoc":{"longitude":-44.03222831797413,"latitude":-61.51639018411054}},{"userUuid":"4594b3fd-31c8-4324-8182-e154d9cd7c72","userLoc":{"longitude":-156.90030506714297,"latitude":84.54841735397991}},{"userUuid":"0f037ba8-20e4-4496-bd18-3bcda179d981","userLoc":{"longitude":-67.92468192480528,"latitude":83.91070411590192}},{"userUuid":"f6bf6551-5488-491d-ac98-c1592578c18a","userLoc":{"longitude":-116.36413921158112,"latitude":-59.29629198770684}},{"userUuid":"4b003a22-6696-4c30-bc89-62c1d18c7e4f","userLoc":{"longitude":-24.581061598205935,"latitude":-59.75020835444309}},{"userUuid":"3589edaf-e3e5-48f2-b049-4a276cf7ce86","userLoc":{"longitude":100.53329164719008,"latitude":71.22193961371491}},{"userUuid":"d89b9234-d33d-4980-863c-c492ed72f5dd","userLoc":{"longitude":-36.14311159499937,"latitude":77.04413456266076}},{"userUuid":"789aa00c-10bf-483c-8a28-f64cdc1cdab6","userLoc":{"longitude":6.357135777283048,"latitude":-17.829911901203815}},{"userUuid":"4eacca5f-597b-4ef0-adcd-12ce42752e39","userLoc":{"longitude":-74.8056041491191,"latitude":-22.689197509470027}},{"userUuid":"be080e24-5b48-4e89-9f0c-0e3c5fb40280","userLoc":{"longitude":-22.13002375987537,"latitude":-5.848180501864093}},{"userUuid":"16f14e5d-9bb9-4164-909f-01fa7ffcc198","userLoc":{"longitude":-167.4815615027658,"latitude":0.014023880089666818}},{"userUuid":"5fd5bc1f-0b4a-45df-885c-9d1842523032","userLoc":{"longitude":10.157759534954721,"latitude":-85.0018260482347}},{"userUuid":"a8b4d347-b5b6-4994-bd79-7f0a9b37bcdf","userLoc":{"longitude":73.81406418098612,"latitude":-27.72130063019523}},{"userUuid":"1b0b232d-ac08-4f48-9ad9-b081b7785a7e","userLoc":{"longitude":72.53410217825646,"latitude":-0.6868357778261469}},{"userUuid":"d2720eca-8293-41cb-847f-9c2f6b3f37b8","userLoc":{"longitude":-81.43852879569809,"latitude":47.46884174718724}},{"userUuid":"cfd716f6-7ece-4885-bf4b-84d1423dbcc0","userLoc":{"longitude":155.4096031648573,"latitude":49.1020575296682}},{"userUuid":"1abff71d-b1ae-45bd-b6ba-b12e97ba1dde","userLoc":{"longitude":119.27736412775153,"latitude":-26.53896284811752}},{"userUuid":"6e0ff03d-0392-46ac-92f2-19e3842429b3","userLoc":{"longitude":-143.41906962647667,"latitude":-48.70072449840041}},{"userUuid":"3f16d0f4-1a6e-4dbe-ab1d-924d7b2ee90c","userLoc":{"longitude":-75.60534587242527,"latitude":76.18614978306431}},{"userUuid":"ea8d4d98-d0a1-46ae-814f-ef599dca10bb","userLoc":{"longitude":-95.01250105113776,"latitude":17.120432680012655}},{"userUuid":"b85c7777-40b9-41a2-9296-1354c40db7d7","userLoc":{"longitude":75.08838092127274,"latitude":-81.37500057079035}},{"userUuid":"e90099ff-5c2f-4b25-9d8e-92e1b89859c0","userLoc":{"longitude":96.4822020770419,"latitude":-6.906138933434647}},{"userUuid":"4e587c20-304c-4e6b-8ad3-28c7e6621f04","userLoc":{"longitude":-167.63849679808303,"latitude":28.95504674477685}},{"userUuid":"df94908d-36eb-41fa-a985-c1e882548326","userLoc":{"longitude":-26.73617578700899,"latitude":-12.596567978688412}},{"userUuid":"aa89b118-a4e2-4c00-b267-a98837a485de","userLoc":{"longitude":-19.624256511318038,"latitude":-70.48006417074993}},{"userUuid":"f62a30b7-aa7a-4188-948b-9bfaec0f4782","userLoc":{"longitude":-168.36013845912098,"latitude":54.16762376403244}},{"userUuid":"0d2bc27d-97c9-418c-acad-e7126ed07dfc","userLoc":{"longitude":167.30237019228525,"latitude":47.75943092789157}},{"userUuid":"52220c8e-6a47-472c-a70b-5f8a5be37a15","userLoc":{"longitude":-68.832067457312,"latitude":66.77977784992791}},{"userUuid":"b225774a-09b9-4226-9a11-193e247a7476","userLoc":{"longitude":137.25661698455434,"latitude":8.30793247757616}},{"userUuid":"f4b13498-6473-4ba3-9f92-2fb30397a37a","userLoc":{"longitude":-163.37207761697016,"latitude":16.65531657652774}},{"userUuid":"66ffd44d-aaf9-487b-8a8a-f407ecb20163","userLoc":{"longitude":-173.58751105626715,"latitude":25.55238561193073}},{"userUuid":"f7f00c89-6e3e-41ab-949d-4f2d9f25c4e4","userLoc":{"longitude":-75.56276958351681,"latitude":61.75121090476779}},{"userUuid":"0e131739-f587-4c2b-bc7c-f25e247b4048","userLoc":{"longitude":-30.068844578693273,"latitude":13.34821593410608}},{"userUuid":"449d246e-6b88-4822-8f46-e743e5883483","userLoc":{"longitude":-32.454105940856664,"latitude":8.82041819322869}},{"userUuid":"8f232904-40ee-4f4f-a7c6-6967f3c91326","userLoc":{"longitude":22.749925289966313,"latitude":-17.684737960478486}},{"userUuid":"7458b151-9dfa-4ee3-91db-a1fd89d2610b","userLoc":{"longitude":132.20442439199928,"latitude":-42.867675677390956}},{"userUuid":"5b06a756-1aa8-4889-ae73-2b6b60d3881b","userLoc":{"longitude":110.27344750887335,"latitude":61.89707972090136}},{"userUuid":"dad95115-c42a-422a-a566-adaf4d9fe2c2","userLoc":{"longitude":-133.26505978604283,"latitude":-3.773403234066379}},{"userUuid":"7eb58683-1909-46c1-891d-a7a94fec909c","userLoc":{"longitude":78.69559744431535,"latitude":-11.451493579303673}},{"userUuid":"62d65dc3-b618-4b14-971f-8cbdbd0f2863","userLoc":{"longitude":-69.60204938397125,"latitude":69.67456000735146}},{"userUuid":"e2a716ea-1aab-4d18-b118-de25f0442b56","userLoc":{"longitude":-98.2955994945583,"latitude":13.973891237834252}},{"userUuid":"547bf3d1-c47e-454f-83d0-9364872ee2f7","userLoc":{"longitude":73.8072240692513,"latitude":60.692461393359395}},{"userUuid":"a23d2aba-cc0e-4513-9370-f3c0abcad1c4","userLoc":{"longitude":118.32489796116124,"latitude":33.92607068809811}},{"userUuid":"d53cfd16-9501-47c3-88f4-3141fa2efb5f","userLoc":{"longitude":-108.29442823122099,"latitude":66.35115059702588}},{"userUuid":"e4a33c42-c49b-4fbc-8e92-2f8cd10da451","userLoc":{"longitude":-41.446111404944276,"latitude":67.16669216086459}},{"userUuid":"132412ea-982e-4ee4-8298-cb61b09a15f2","userLoc":{"longitude":123.73045203861659,"latitude":-74.28541531554798}},{"userUuid":"9b3200c1-0ab4-4a8e-afbb-64218563e907","userLoc":{"longitude":-67.30200466282471,"latitude":-14.966562510843417}},{"userUuid":"ffb06793-488f-4017-af67-4cf58397ee89","userLoc":{"longitude":23.783362029159264,"latitude":68.28295276062116}},{"userUuid":"c57749ff-a5b0-4fa9-8b47-b929a41c2b9c","userLoc":{"longitude":-68.05837700085755,"latitude":-21.02699580867977}},{"userUuid":"0941f30f-0bcb-4646-b6b4-f104ea66fb2d","userLoc":{"longitude":58.181414157774725,"latitude":12.243442397305373}},{"userUuid":"d129a1b0-3695-4e6a-938a-24ef9cafb55a","userLoc":{"longitude":-161.67949106564834,"latitude":7.05337863723787}},{"userUuid":"8b95ec03-c8f7-464b-b97f-c757c8803c42","userLoc":{"longitude":-85.79182514360049,"latitude":75.00661045566511}},{"userUuid":"68f21907-c259-4ea9-a037-2a31dd12191a","userLoc":{"longitude":-32.13517720608672,"latitude":-17.653479088618965}},{"userUuid":"59207d76-f14a-4209-8b35-a886b9695210","userLoc":{"longitude":-129.47877601013914,"latitude":-10.393774947575011}},{"userUuid":"3418ca6b-b252-43fc-98ac-c22454509776","userLoc":{"longitude":-106.30371134862237,"latitude":-14.159714829550083}},{"userUuid":"72dab88d-cc97-4bed-bdc4-b3bd30117203","userLoc":{"longitude":-119.84177023274768,"latitude":-12.785574192544132}},{"userUuid":"445e1543-ffa1-4e94-81e8-d6da64db2673","userLoc":{"longitude":176.17657182764623,"latitude":-58.649628389320654}},{"userUuid":"0c602e78-4ab2-48f3-939a-76789fb5e5ef","userLoc":{"longitude":158.34286803524571,"latitude":-31.351040192710123}},{"userUuid":"594ace2f-79ab-4544-8547-f2753076e216","userLoc":{"longitude":23.75465504991621,"latitude":-17.19723790463088}},{"userUuid":"81188681-0339-4df9-8f99-370fc4cd0d05","userLoc":{"longitude":58.12337080152736,"latitude":70.78772102617694}},{"userUuid":"66422e21-be1b-4210-a687-e9605e04406b","userLoc":{"longitude":70.89005329783026,"latitude":1.4482663926227275}},{"userUuid":"6e223fa3-47e6-46f8-b832-b3cfd3a3793c","userLoc":{"longitude":88.04706263609444,"latitude":-70.3097599431068}},{"userUuid":"eb48c2ba-84b9-4d0f-b5d5-98b92b04187f","userLoc":{"longitude":24.243073616899807,"latitude":70.00944741998822}},{"userUuid":"fc87f8a6-dbca-46f3-9d63-3cbf6b654a54","userLoc":{"longitude":-136.47966781111288,"latitude":40.78606108940491}},{"userUuid":"a4c29520-8b89-4403-9be7-456552405c62","userLoc":{"longitude":-135.11657792559458,"latitude":22.380556032868}},{"userUuid":"5efa0852-686e-41dd-bc62-07b3b2882e8f","userLoc":{"longitude":72.02573003911334,"latitude":-17.565044164544247}},{"userUuid":"102502b2-27dc-4ccd-b39d-ab3c039c76e7","userLoc":{"longitude":-74.42073536889387,"latitude":-12.712556551459969}},{"userUuid":"15dba384-3886-4fad-8fb3-b536f09011d9","userLoc":{"longitude":-22.497984876470554,"latitude":20.81985907808786}},{"userUuid":"fba014d0-734f-4695-893e-493de3bfc2c2","userLoc":{"longitude":-91.0282651298752,"latitude":-4.208849841758223}},{"userUuid":"ec3b99ae-90e4-4aa1-90b9-e22667a2be88","userLoc":{"longitude":19.83708560797308,"latitude":79.29196165895868}},{"userUuid":"a04d5f3b-fb7e-44de-b9fe-14f81d07a99b","userLoc":{"longitude":-165.51474177468322,"latitude":-70.05669395987651}},{"userUuid":"efa0f590-d436-4be5-b88c-2d12579ee3d0","userLoc":{"longitude":92.1364723647261,"latitude":-11.844028598345744}},{"userUuid":"9590c9c3-55c0-4e05-aaca-a910695b96c7","userLoc":{"longitude":-178.84374707809505,"latitude":-81.53517782710858}},{"userUuid":"3b467449-4c0b-422a-8dc6-1c60745dea7d","userLoc":{"longitude":-96.47779668083697,"latitude":53.62259432160832}},{"userUuid":"c81851b9-558e-4438-af18-66a2eca0e3c3","userLoc":{"longitude":47.71928452710108,"latitude":55.38048905904188}},{"userUuid":"ed62e420-2b77-4b80-af7a-e300acee5253","userLoc":{"longitude":124.75948859081257,"latitude":-78.2302524717925}},{"userUuid":"cb1768e2-ebba-4362-a18b-1230138143cb","userLoc":{"longitude":-83.03589691249465,"latitude":-68.60336250512242}},{"userUuid":"9190df6e-147b-4771-9f2b-6fad61fe830d","userLoc":{"longitude":46.13834505517002,"latitude":-2.118811968764234}},{"userUuid":"5b9405ef-7f63-4736-9020-2989df1c42a2","userLoc":{"longitude":58.93630329513246,"latitude":59.073404199034144}},{"userUuid":"35a26696-e6c7-4b40-bdf9-379f1a65cfc5","userLoc":{"longitude":-30.634487463127073,"latitude":43.505998701698815}},{"userUuid":"30a37296-2bf5-4af0-8913-8eaf78eb70d8","userLoc":{"longitude":150.11164069691984,"latitude":66.69185508616039}},{"userUuid":"99ace4fb-b892-460a-84f2-e6bc11f0ca13","userLoc":{"longitude":-55.421423242518316,"latitude":-54.31328766353485}},{"userUuid":"80e1bf52-de39-4277-adf5-ee4df2b02781","userLoc":{"longitude":80.96215328180443,"latitude":47.91571289342812}},{"userUuid":"aed23ae1-be57-44ad-84a9-159716feba1a","userLoc":{"longitude":25.071987653987662,"latitude":-62.738118507427814}},{"userUuid":"d645f6ec-a84d-447f-aa29-bdbc16ee2a75","userLoc":{"longitude":52.46840758564585,"latitude":79.85308443593527}},{"userUuid":"b898853f-34b8-4551-8237-861fb6f6e0ea","userLoc":{"longitude":-37.097274916634376,"latitude":-52.709458975023956}},{"userUuid":"71d72cfb-6990-470b-88ea-1b3bbd25c771","userLoc":{"longitude":-81.96271231910157,"latitude":-50.040959285427014}},{"userUuid":"6a27a404-5e5d-46e6-8e4f-2c548e7a10ac","userLoc":{"longitude":-24.154126837982318,"latitude":27.852174668228074}},{"userUuid":"671a1209-cac9-4b32-9f19-76794b6f23bf","userLoc":{"longitude":106.81529549051669,"latitude":-54.5188177309065}},{"userUuid":"459a51a6-0e93-4ace-af53-15c07ba2b25d","userLoc":{"longitude":-135.21401739848585,"latitude":60.62609795975871}},{"userUuid":"98c8e84c-99fe-493d-9c1f-bdd0d427fea3","userLoc":{"longitude":84.90716465271936,"latitude":-62.687197842392706}},{"userUuid":"204b251b-b9bd-42bc-a58a-243e58044f60","userLoc":{"longitude":169.32775605847843,"latitude":39.400671010079336}},{"userUuid":"f037e284-70e1-424a-92b1-a1d6bab31ff6","userLoc":{"longitude":-79.9191150511766,"latitude":46.38480286533553}},{"userUuid":"cd77d2f8-bb70-487e-971b-3920541333c2","userLoc":{"longitude":140.25306920934605,"latitude":73.23072549138851}},{"userUuid":"9b6b9f1e-44c6-45c3-a422-7ffca4dbe0d5","userLoc":{"longitude":170.9664743111964,"latitude":-18.736255620358833}},{"userUuid":"d78acb82-93f4-47d8-beab-f47bc21bb0fe","userLoc":{"longitude":-151.7573653842173,"latitude":-8.248108618121748}},{"userUuid":"bb16584c-1e2b-4db0-88cb-ef1008684a75","userLoc":{"longitude":78.55869385059611,"latitude":-28.757434353446605}},{"userUuid":"26709330-8844-48f6-a91c-1230752e2c58","userLoc":{"longitude":-70.49992931337647,"latitude":-62.80353850524489}},{"userUuid":"3a0d5cde-a17c-4f09-990f-e208b9f5679f","userLoc":{"longitude":-166.48645001080797,"latitude":-68.20753084799263}},{"userUuid":"82209db7-2157-489e-9dd7-fdc4af3ffcd2","userLoc":{"longitude":50.95697007217365,"latitude":50.66821741290954}},{"userUuid":"d489a46c-df1d-4ace-b5fb-b47807b17aff","userLoc":{"longitude":2.1957439526630935,"latitude":32.16623179706178}},{"userUuid":"93457da9-07d5-4f00-bb52-b39cfa109348","userLoc":{"longitude":-170.2531373108903,"latitude":27.212425796363135}},{"userUuid":"7bd2bfd0-2d84-4439-b9a9-d91fa7edd404","userLoc":{"longitude":-87.24362260944969,"latitude":63.64261652640948}},{"userUuid":"1f73423a-4f30-4d91-b340-c24c7603d622","userLoc":{"longitude":58.982473033711074,"latitude":-43.047732621752544}},{"userUuid":"8d22ed42-7c2a-4942-ac96-d37ca7b69726","userLoc":{"longitude":91.23639587265063,"latitude":65.687207664163}},{"userUuid":"5acf953b-f468-46db-a5a1-39f5f8a3456b","userLoc":{"longitude":55.92640275110571,"latitude":-4.898673763208549}},{"userUuid":"3429eab3-7ffb-47ca-94d5-ae1da3d51005","userLoc":{"longitude":-166.7486439089727,"latitude":71.11046126832073}},{"userUuid":"b8362392-f985-4c49-95c1-edad75f3292c","userLoc":{"longitude":-99.00413928509617,"latitude":26.985826982422836}},{"userUuid":"f1778bf0-ff9d-4c31-83ab-ce862b1c8c6d","userLoc":{"longitude":156.2001480811897,"latitude":19.555406496095344}},{"userUuid":"9e58694e-0ad9-4867-b5e3-305349a62680","userLoc":{"longitude":-18.749299930800078,"latitude":29.80115904378566}},{"userUuid":"8a3a86f2-a810-407f-8b70-1ab18af15d33","userLoc":{"longitude":-77.84919176107047,"latitude":11.173490615278837}},{"userUuid":"c06fdb52-34fa-49a4-aa56-fe8032cc26af","userLoc":{"longitude":138.66805673483242,"latitude":-59.22949554710553}},{"userUuid":"9eeb0a6e-7ba1-49ea-a705-623ec44f9726","userLoc":{"longitude":135.85602092891355,"latitude":-30.23651236362079}},{"userUuid":"6fdc7c52-bdf8-421e-ab42-aec6041e8115","userLoc":{"longitude":-19.804940021671513,"latitude":63.48205149091035}},{"userUuid":"13c2e5b0-aeed-4814-9005-b12f4d21f87e","userLoc":{"longitude":-145.23068392507233,"latitude":-51.50528175721155}},{"userUuid":"f14d045d-d335-4753-8ef1-94f650a5a9e1","userLoc":{"longitude":95.92872370693283,"latitude":49.51122153803456}},{"userUuid":"4f70e957-fe05-4ae0-9c6d-8cb01229f0ee","userLoc":{"longitude":138.04328837146022,"latitude":-72.65680134062185}},{"userUuid":"f48f531e-ee94-4c1e-80a8-8c10558ce1eb","userLoc":{"longitude":79.43200812807822,"latitude":-71.88970728361312}},{"userUuid":"c584cf53-a241-4e4c-9a82-4c9ab6adf486","userLoc":{"longitude":-144.08470114522268,"latitude":16.93758723568635}},{"userUuid":"e6974692-54fb-47ec-80d4-8923ae145713","userLoc":{"longitude":-131.0446179576648,"latitude":-43.50874757509038}},{"userUuid":"85d1d2de-5885-432b-ae75-45df63743e10","userLoc":{"longitude":-164.2593951066884,"latitude":82.26040757847741}},{"userUuid":"e49e6691-b3df-4211-8199-1e8d5e2e817a","userLoc":{"longitude":-96.49962120253291,"latitude":-83.61103533147308}},{"userUuid":"46c62001-9b20-4bd7-9297-c8d4acf248e9","userLoc":{"longitude":-110.94142768684816,"latitude":-67.57050604575744}},{"userUuid":"054c7be0-8ad6-4ac2-9ca9-943c344333c4","userLoc":{"longitude":-33.292904182837674,"latitude":71.87449299220631}},{"userUuid":"f7056d12-e644-46bb-88bf-f99b0f72dab4","userLoc":{"longitude":-166.56634388672418,"latitude":-72.04831912498587}},{"userUuid":"8db8d2e1-35f8-4e91-89b2-bf09b976cb07","userLoc":{"longitude":94.88434294840266,"latitude":-44.01495425710952}},{"userUuid":"5573247c-1edd-4636-ac3f-dd5c608ff51d","userLoc":{"longitude":-119.13205449563557,"latitude":-32.465231324861854}},{"userUuid":"c3f82d34-7917-493c-b3ca-77abda3dc178","userLoc":{"longitude":-9.298962554587206,"latitude":-56.30192083438152}},{"userUuid":"342d3597-8641-43f4-8247-1576fc871fae","userLoc":{"longitude":-145.77424559401945,"latitude":-54.962053878834624}},{"userUuid":"749e0456-c6e6-4e44-a46f-c26489736c7e","userLoc":{"longitude":-117.27599606090578,"latitude":-41.676132253904534}},{"userUuid":"2dfb0a06-c938-49e3-8e52-394ad007608b","userLoc":{"longitude":-49.67914332135342,"latitude":-60.18477438952078}},{"userUuid":"c4ec86b3-414a-40a8-94ec-4fcf4ba7e5d3","userLoc":{"longitude":-68.7283127295482,"latitude":-79.77445398284885}},{"userUuid":"606e130f-a9a4-44ba-b9d2-4618ebb34801","userLoc":{"longitude":-143.9065013789694,"latitude":22.65846098599053}},{"userUuid":"b3993fec-b4f2-4ea0-ad68-1e889519096b","userLoc":{"longitude":179.6135470127577,"latitude":-23.352443895357567}},{"userUuid":"6a365eff-c67b-4cd5-a644-7a6ee705264c","userLoc":{"longitude":-153.3132849127229,"latitude":-22.70531705836151}},{"userUuid":"931b61a9-8eaa-4811-a5fc-9e3e88c87d1e","userLoc":{"longitude":164.19051402543886,"latitude":-66.98602895990936}},{"userUuid":"5d6487f6-7238-4611-8fa8-a7c5e19a89e6","userLoc":{"longitude":26.498654003385212,"latitude":56.478963854391935}},{"userUuid":"5f50b301-7c29-4a54-bcc2-098db5c66d46","userLoc":{"longitude":-88.03141711077193,"latitude":60.40869428991735}},{"userUuid":"ba02da34-652c-44de-abb4-04269f9ccaf5","userLoc":{"longitude":-95.28956039857738,"latitude":-39.13804337877528}},{"userUuid":"0de91acc-b611-4804-a075-62f66eb57b03","userLoc":{"longitude":-14.023323672188582,"latitude":75.35778577255161}},{"userUuid":"c24277c2-71c7-4691-91ad-e48f72276345","userLoc":{"longitude":99.07057828022545,"latitude":-13.577391519032773}},{"userUuid":"3e54db35-f21e-4f14-afed-c4bce33d5323","userLoc":{"longitude":16.260520186901005,"latitude":-65.39743726872513}},{"userUuid":"756be822-307d-4eac-abdd-24e1b8a3b60a","userLoc":{"longitude":-121.84090582712311,"latitude":52.61462636986181}},{"userUuid":"d1af65b1-2b3d-4f55-ae5c-650018a30f05","userLoc":{"longitude":25.727860541774362,"latitude":-65.75496551552348}},{"userUuid":"fd223ca2-272d-4131-84ec-8256ca8acad4","userLoc":{"longitude":-178.72490341757418,"latitude":72.2992785910435}},{"userUuid":"9d1a597d-8ac6-471f-b1ea-c0e24e8cdf3c","userLoc":{"longitude":7.46134317527455,"latitude":62.30891970135485}},{"userUuid":"8ef9eff1-6138-4552-aa34-9eaac9dc3178","userLoc":{"longitude":-126.33495012968842,"latitude":47.43361725851102}},{"userUuid":"45206b69-468d-44b0-bafd-653e0a6cbb5f","userLoc":{"longitude":-86.46800820400624,"latitude":15.891074009779075}},{"userUuid":"4015abb4-dd82-466c-8315-15ab53b5fbd4","userLoc":{"longitude":-31.339493088459022,"latitude":81.01270733440731}},{"userUuid":"1593e491-dc1a-4635-8e1a-bdd627380c76","userLoc":{"longitude":117.6621788416432,"latitude":-59.26484868994134}},{"userUuid":"04fe30f3-3904-41f4-a490-a6006af13ca8","userLoc":{"longitude":-16.443705300427297,"latitude":42.92182437204475}},{"userUuid":"06c30ba8-450c-4532-af85-f476418b0a0e","userLoc":{"longitude":-143.0144429523151,"latitude":58.768888918388}},{"userUuid":"c40d18f8-d9c0-4093-a7c8-2f7583cc8734","userLoc":{"longitude":10.83306201254996,"latitude":-13.012726770071538}},{"userUuid":"a6859895-c1fe-4c85-afa1-2512089a7ab6","userLoc":{"longitude":-51.9897057603369,"latitude":56.931792929943384}},{"userUuid":"3b87e324-9d29-4f4f-ab63-70e7659a4555","userLoc":{"longitude":54.14367593927469,"latitude":7.385302604942041}},{"userUuid":"6c094def-8480-4569-9b3d-29e088600360","userLoc":{"longitude":-121.24927494401555,"latitude":-42.93806796405731}},{"userUuid":"5cc633db-c288-483a-b48c-a664921620bb","userLoc":{"longitude":-60.13021204920719,"latitude":47.79032039764655}},{"userUuid":"997ee85c-e7e5-420d-aade-96c8d8958efa","userLoc":{"longitude":11.838917434416686,"latitude":-33.63169346797687}},{"userUuid":"7b6e0fc0-b63e-4bde-8502-fed4ddfbf162","userLoc":{"longitude":121.03349853050355,"latitude":-79.45139608241375}},{"userUuid":"3e7805b9-8c4a-4653-ad36-4a3fc70fc8b0","userLoc":{"longitude":142.10999032815283,"latitude":82.87403007779895}},{"userUuid":"0796ee80-44e6-412f-911e-bffc9023587d","userLoc":{"longitude":70.23669432232123,"latitude":-59.920200175416035}},{"userUuid":"9f0d6d77-c7c4-4d15-b24f-c384d6494bfb","userLoc":{"longitude":-70.64553483638367,"latitude":-23.144724624705667}},{"userUuid":"1b37719c-c41f-4625-9858-141d0cde620d","userLoc":{"longitude":-18.52654839822091,"latitude":-72.87756809333368}},{"userUuid":"83846e7a-754e-4016-8564-1b693cdbef98","userLoc":{"longitude":138.49235078859328,"latitude":-77.14991633021386}},{"userUuid":"e7d7dd4c-d0aa-4ce2-9c29-9ba84c47229c","userLoc":{"longitude":92.55412408134634,"latitude":-14.648507358094918}},{"userUuid":"31ef705f-b8f4-41e8-a70e-98ab7e7e15e4","userLoc":{"longitude":-47.88105330210246,"latitude":84.96517206538377}},{"userUuid":"39bf948d-ca13-405b-8c01-5065b7fec5ff","userLoc":{"longitude":-151.2553255256367,"latitude":79.18815604304436}},{"userUuid":"3bd302b5-b6e7-4bc5-b115-edb8efd31f43","userLoc":{"longitude":156.0569508118259,"latitude":59.55321334532155}},{"userUuid":"23c95bc2-493e-4c2f-9560-a363c6983979","userLoc":{"longitude":58.32723719810508,"latitude":-82.25586331625355}},{"userUuid":"ec5d5914-5804-43cd-a034-7510daf9a7df","userLoc":{"longitude":-36.50661373620426,"latitude":-75.67326859309135}},{"userUuid":"803ce592-afaf-4064-b1e8-9187084e9ea2","userLoc":{"longitude":66.05615121707459,"latitude":-81.58008625405303}},{"userUuid":"5f379e23-d5ac-4ecd-86ed-7e6257e8a559","userLoc":{"longitude":174.70766020737744,"latitude":-2.577860416487397}},{"userUuid":"e4ed9575-75c8-42bb-8afa-b71bcf11fa7a","userLoc":{"longitude":120.38052442128782,"latitude":-13.151582501099199}},{"userUuid":"4509dc12-42e4-412b-825e-80fac73ecfbd","userLoc":{"longitude":-146.73814209713703,"latitude":3.483302733225912}},{"userUuid":"c01660a6-316d-42a1-8443-6a4729ce8822","userLoc":{"longitude":170.34240490220395,"latitude":-61.337189200270885}},{"userUuid":"eb849e11-569a-4e62-b5a2-3512db7e86e1","userLoc":{"longitude":121.1741886060986,"latitude":-41.84817514979152}},{"userUuid":"5c2067bb-f49f-4b74-aa79-205464418024","userLoc":{"longitude":-63.39084779602776,"latitude":-38.676780561308895}},{"userUuid":"f693a7b2-2982-45b2-8e90-7aa7d43ba65c","userLoc":{"longitude":164.98228735279434,"latitude":-82.54021412994314}},{"userUuid":"d09fe414-ebbf-4014-95f9-d680afd3724e","userLoc":{"longitude":-142.8372397740205,"latitude":33.768376311094144}},{"userUuid":"31f67590-6e8e-41f4-946a-a32c9c5f69e6","userLoc":{"longitude":-37.927621072077386,"latitude":57.85112070652531}},{"userUuid":"40f46fa4-1556-41a5-93c7-c4beec044b6a","userLoc":{"longitude":-175.1166822166178,"latitude":-43.73074247421419}},{"userUuid":"030d2c7f-13f2-4346-b60c-b2e297915787","userLoc":{"longitude":161.96332679839327,"latitude":39.89341950491077}},{"userUuid":"4ae99596-6664-43e1-9824-9a6413f9664d","userLoc":{"longitude":-57.845446033706224,"latitude":6.765822754377027}},{"userUuid":"8b5a22a1-deb6-42d3-8585-7933ff076f92","userLoc":{"longitude":-112.4990867069887,"latitude":83.21797396327077}},{"userUuid":"2841b31e-28d3-42fb-a50c-19e4bf2b018f","userLoc":{"longitude":70.88205215585438,"latitude":-9.493305909921546}},{"userUuid":"a5ae206f-1a54-4cba-834f-a6e029198800","userLoc":{"longitude":-151.10704169241626,"latitude":47.16163115140114}},{"userUuid":"aead0957-ccc7-4edf-9715-cd67263ace04","userLoc":{"longitude":-78.1584445256632,"latitude":-40.719871343657026}},{"userUuid":"7ec3565b-724d-448f-b39c-6ebc96a504d0","userLoc":{"longitude":-73.84678173857424,"latitude":-17.546096133447847}},{"userUuid":"c198a0dd-49f6-4e5a-b8a3-23cb8938a551","userLoc":{"longitude":-106.91043070151812,"latitude":22.73121425855166}},{"userUuid":"c263a8c4-74a5-471f-9425-48d9c0ed6452","userLoc":{"longitude":173.94709727631073,"latitude":-29.800487496547838}},{"userUuid":"5124a6f8-902b-421c-995e-e2ac6c6941a6","userLoc":{"longitude":137.55591285148398,"latitude":-66.0147908451431}},{"userUuid":"f67c0b35-c015-488e-ac11-c42e037ab137","userLoc":{"longitude":51.76482698533724,"latitude":64.62060941072176}},{"userUuid":"74514d88-0552-4e67-84d0-7874e4505faa","userLoc":{"longitude":21.799697698855425,"latitude":-45.983872721212315}},{"userUuid":"eec1e146-88da-4cb6-ad4f-b52550a67d8c","userLoc":{"longitude":-164.65089595262532,"latitude":-48.81519662758251}},{"userUuid":"1b0028c3-ed35-4e6c-a779-fb651307b41b","userLoc":{"longitude":-72.86323570048218,"latitude":-32.663348106755855}},{"userUuid":"72b2f705-41ff-48d7-95c3-1dad0db81bef","userLoc":{"longitude":119.96309897311585,"latitude":-55.02887122068681}},{"userUuid":"0babef77-2a30-4aa0-addf-6c1facbbae35","userLoc":{"longitude":24.324241105995412,"latitude":-30.936428192879184}},{"userUuid":"3fedf5bd-c6d7-460f-8396-81676cba1811","userLoc":{"longitude":77.84643577991505,"latitude":-79.8905013003267}},{"userUuid":"4b09cf91-0f03-43d9-be37-aec360e516ce","userLoc":{"longitude":134.8079325092084,"latitude":-4.822558929940968}},{"userUuid":"07c4b6d8-37de-45f1-b18c-26c7853531c6","userLoc":{"longitude":-16.98613157195055,"latitude":66.90588566882388}},{"userUuid":"8d6ea1d4-d6cc-4a4d-a7ce-0163fdf088bc","userLoc":{"longitude":140.43026115457786,"latitude":-61.55637344731486}},{"userUuid":"94c9948d-ff5a-45fc-9027-620014ced8a8","userLoc":{"longitude":4.8237388645158035,"latitude":49.62523504112434}},{"userUuid":"fd415bda-bea2-43b5-9187-7901c4bb54bf","userLoc":{"longitude":-42.47969073645086,"latitude":25.671690867663713}},{"userUuid":"f824cb84-5a42-406f-b7dd-e8bc2982725e","userLoc":{"longitude":13.262342520414592,"latitude":78.73804321011235}},{"userUuid":"ab3429da-7df7-4db9-958a-4bc9b5a4eb00","userLoc":{"longitude":-75.54546035732956,"latitude":-67.09105763155364}},{"userUuid":"f3da53c3-fa63-4d9d-939e-399dbbd34a44","userLoc":{"longitude":-46.474509592085354,"latitude":20.472925003132232}},{"userUuid":"802208ae-7d2b-450a-8e05-8cc267bb98b4","userLoc":{"longitude":158.37837043312948,"latitude":78.78741736235429}},{"userUuid":"bdb75294-989f-4d06-95ef-f4cf1a033171","userLoc":{"longitude":157.6392306875789,"latitude":16.155294781361675}},{"userUuid":"9bb4e814-f8fb-4c95-9649-baf1fc3cb3f2","userLoc":{"longitude":136.6334690077145,"latitude":21.005243879296344}},{"userUuid":"4fd24cf4-ebeb-4065-92aa-9ecbbc18c8bd","userLoc":{"longitude":85.96773397372272,"latitude":-58.14600971708471}},{"userUuid":"9fcdd77c-2086-4985-90f2-7390113c6544","userLoc":{"longitude":66.97699821360834,"latitude":15.249898891741054}},{"userUuid":"60db3894-05af-4fd8-94f8-6a3f183202c2","userLoc":{"longitude":118.55992870666768,"latitude":7.583765637166721}},{"userUuid":"f0306d18-feed-4ef1-9b7b-acac01320cfe","userLoc":{"longitude":5.141707903566839,"latitude":-71.41907783335121}},{"userUuid":"78fe96a5-1732-4760-94bd-692330e92194","userLoc":{"longitude":59.69268150297677,"latitude":-7.3646362747894045}},{"userUuid":"d2d2a5e6-94cb-41e0-9e9a-165101070eed","userLoc":{"longitude":56.54094408208783,"latitude":-70.04557127505598}},{"userUuid":"be7da70e-7e64-4139-8c2e-e4a0617c603e","userLoc":{"longitude":-23.943590755309856,"latitude":-20.6659328208396}},{"userUuid":"346a8f06-c21d-4c90-926f-d5936fe2621a","userLoc":{"longitude":-35.7459805471255,"latitude":-75.77536364185391}},{"userUuid":"b80a0add-c97e-4a5f-8f02-322a8b3e7238","userLoc":{"longitude":-34.394563222222246,"latitude":-45.01440713362275}},{"userUuid":"7462e10b-69d3-4523-9f72-d51d451c5677","userLoc":{"longitude":-165.81995836772884,"latitude":-25.838625268920175}},{"userUuid":"500d93c2-26e4-47a2-8095-cc7b6b041c22","userLoc":{"longitude":77.08246589045001,"latitude":-80.42109163876813}},{"userUuid":"987cca18-bb31-423c-b012-d21f5a7605c6","userLoc":{"longitude":-106.74161567766477,"latitude":48.459466386610615}},{"userUuid":"4830d9c0-4c5b-45f1-b3be-2bcac333c93f","userLoc":{"longitude":-73.07647287965627,"latitude":-32.96836404385171}},{"userUuid":"87a6e599-57ef-4a73-ab0b-49e5c408dc67","userLoc":{"longitude":150.81402791609463,"latitude":-19.383676545097714}},{"userUuid":"b09b01d4-8d3f-475c-8913-1e11049664fc","userLoc":{"longitude":-9.310819952517448,"latitude":-81.80990644749392}},{"userUuid":"b48880a1-0f1d-4230-865c-e4ad39bb9b16","userLoc":{"longitude":145.22664796459475,"latitude":-70.41543644426116}},{"userUuid":"32e8624b-be44-4a03-9cca-07dadcd1b337","userLoc":{"longitude":87.09622503796624,"latitude":-72.38278021516007}},{"userUuid":"901894c8-738f-45a3-9167-e933dc2ef0e5","userLoc":{"longitude":-175.8020139894739,"latitude":-58.6452591642816}},{"userUuid":"0d8b5cbf-5f53-4466-8c3e-2c27fcd2a9d6","userLoc":{"longitude":134.48154216530145,"latitude":-55.73172036538493}},{"userUuid":"5b4aca10-e295-4b88-b71a-25f67ba592b1","userLoc":{"longitude":115.91834669283554,"latitude":-43.83466333586593}},{"userUuid":"f2db3c92-44c7-42f7-b8ba-8ffd5113a082","userLoc":{"longitude":-5.279729112193479,"latitude":25.230842018168858}},{"userUuid":"44bfa63f-19c9-4680-8744-2ed9b2c4cfd9","userLoc":{"longitude":110.87387152853898,"latitude":-49.38884483447637}},{"userUuid":"ac682535-ae50-4693-ab1f-adf116d3b7cf","userLoc":{"longitude":63.889864397445706,"latitude":-24.95019090322149}},{"userUuid":"ac408290-c1da-4157-88bd-8d9b340b88d3","userLoc":{"longitude":-153.30320406967746,"latitude":48.26913858617132}},{"userUuid":"3ac424d5-6270-4a1f-bae2-7621079a4daf","userLoc":{"longitude":-117.97380901775507,"latitude":17.83454235787626}},{"userUuid":"7bc6e8d0-c565-42ce-9688-bda772aa70c5","userLoc":{"longitude":121.28031879006369,"latitude":62.9781359919445}},{"userUuid":"ab18b10c-be65-40b8-bd81-0f8f1461c58c","userLoc":{"longitude":29.014732095309398,"latitude":-4.804581276828742}},{"userUuid":"0cc104b2-f020-43bf-a579-0bac34ad02ce","userLoc":{"longitude":-73.07898331374912,"latitude":-48.47891241396986}},{"userUuid":"c31eacdb-f0bc-4d50-ae0a-97fa6db443f0","userLoc":{"longitude":-171.04204472372362,"latitude":-12.597933059962926}},{"userUuid":"24f82535-4ed5-47f6-aa34-a66722d8f45e","userLoc":{"longitude":50.308629815677335,"latitude":50.74946307600365}},{"userUuid":"65af246a-865e-4239-b43b-782da95bda44","userLoc":{"longitude":134.3401657184546,"latitude":-32.457597001958355}},{"userUuid":"2daf8db3-82b2-4638-a77c-4d04582fb96e","userLoc":{"longitude":-21.071579038467803,"latitude":77.79339320922577}},{"userUuid":"82e08bf1-fa82-4531-9497-2b9008269ecd","userLoc":{"longitude":122.09405744684966,"latitude":-34.43166681347868}},{"userUuid":"d6acbd62-743e-4edb-a7d1-03754480f4f8","userLoc":{"longitude":-137.5589429796047,"latitude":-34.848968104514434}},{"userUuid":"4efff347-b640-4371-858f-8be356bd6c38","userLoc":{"longitude":-163.7915277982332,"latitude":34.227550099858405}},{"userUuid":"89c563a8-6b38-441a-9424-d1d3c1ab3eca","userLoc":{"longitude":17.506485444823426,"latitude":19.490810709745176}},{"userUuid":"7f4a2367-8909-471c-9f40-d824c506ad5e","userLoc":{"longitude":37.22640537902902,"latitude":38.19087846273155}},{"userUuid":"d1be5258-6468-4375-829f-de87ff395d2a","userLoc":{"longitude":-19.621316251123346,"latitude":-6.547563076232208}},{"userUuid":"5a2bd110-694b-46ac-98bd-418cbb655c58","userLoc":{"longitude":169.6136058013215,"latitude":79.9433547753344}},{"userUuid":"aa1ed0ad-4615-4923-a0af-9c077c89e917","userLoc":{"longitude":-123.5975414863896,"latitude":74.54734894530122}},{"userUuid":"20fb6ce2-f394-43fb-8152-091d644053de","userLoc":{"longitude":-75.24307968906088,"latitude":34.669229293656514}},{"userUuid":"6dbc533e-a037-4b61-8728-859a2ad0ea12","userLoc":{"longitude":-69.49158112091732,"latitude":-53.585228848538804}},{"userUuid":"d1d30ed7-31a4-42e2-9937-0645506e0258","userLoc":{"longitude":-111.63891146116197,"latitude":-67.29887401796908}},{"userUuid":"7de6ce33-b36c-4a70-9a87-b73ec3b75148","userLoc":{"longitude":87.66633225504523,"latitude":82.94993949509325}},{"userUuid":"1c18779f-6c99-43d9-bee3-e28c17939542","userLoc":{"longitude":-119.06036099464032,"latitude":-57.32265499919579}},{"userUuid":"9a8ca758-b3ce-4d1a-aad6-6e7e58273b52","userLoc":{"longitude":-32.96896625346031,"latitude":53.429446694387735}},{"userUuid":"c4d77842-5f8a-4d49-8dc0-cab9ac2be82c","userLoc":{"longitude":153.47305661019027,"latitude":-60.33148670193402}},{"userUuid":"fa2c5618-0274-4618-9c36-d54fa728bcdb","userLoc":{"longitude":5.796873162329518,"latitude":-37.49408937462185}},{"userUuid":"fcb4f382-9575-466f-a053-213fac151125","userLoc":{"longitude":-137.54271446480664,"latitude":-78.69537889605179}},{"userUuid":"5e471daf-c9e3-4e1b-a3b0-92c4f1d01b37","userLoc":{"longitude":-81.60275304990897,"latitude":-47.32999575267452}},{"userUuid":"b3c88b62-b4b4-4db2-8262-1dbf04243506","userLoc":{"longitude":-71.55319085913942,"latitude":-18.944192364885893}},{"userUuid":"b68c59e0-a979-45a4-8197-cd2ed69fff29","userLoc":{"longitude":-15.471423892561006,"latitude":39.90341446509936}},{"userUuid":"5db1ac16-8383-4700-96e5-6523fa7b2c80","userLoc":{"longitude":-159.26245460898429,"latitude":-81.85281386999787}},{"userUuid":"41ab2cff-80c6-4198-9864-ca2bf94a0561","userLoc":{"longitude":169.99712290970206,"latitude":26.21343241556235}},{"userUuid":"3e54ac83-804e-45ff-9bec-289cded444e9","userLoc":{"longitude":64.01491045861465,"latitude":-4.230249323139432}},{"userUuid":"7f83bb25-4b91-4e00-bc66-ab08c13f23d6","userLoc":{"longitude":51.00640661671963,"latitude":-22.63245105841004}},{"userUuid":"133809c6-8759-4f89-9b2e-7a71b9357d94","userLoc":{"longitude":52.43915049397282,"latitude":69.44193568619625}},{"userUuid":"435a7f9d-b307-4c30-8868-47ded93ed7f5","userLoc":{"longitude":61.61882621708102,"latitude":40.023037985731634}},{"userUuid":"49014d6d-c246-4866-b8c1-3c7459c04d31","userLoc":{"longitude":70.33832590017573,"latitude":-60.53710155909492}},{"userUuid":"b2c5ed4b-012d-4095-93c9-af936229dcda","userLoc":{"longitude":12.730328428735078,"latitude":51.828348727690155}},{"userUuid":"2b13b7dc-f5b5-447f-bbcf-6ba980672f75","userLoc":{"longitude":12.71180831099636,"latitude":-65.61673033124686}},{"userUuid":"4d886615-a8e2-447a-868e-447d3a1fcd08","userLoc":{"longitude":-171.48153857806878,"latitude":46.53174767955878}},{"userUuid":"5335fbdd-69a1-40bb-ba79-f52c0afb2a17","userLoc":{"longitude":-116.3853800420668,"latitude":-72.34474100816527}},{"userUuid":"0acd82ca-8fcb-433d-a73f-98dea3dbcb2f","userLoc":{"longitude":-41.0155466342396,"latitude":63.15680585606495}},{"userUuid":"2c864607-6580-4067-ae0e-8c1fad3e57b5","userLoc":{"longitude":-62.64657742459819,"latitude":20.611165902851667}},{"userUuid":"1183c167-9b1f-4c10-94d9-baa6b2124b47","userLoc":{"longitude":-63.78740419648686,"latitude":58.192808949321574}},{"userUuid":"d2fec6e5-66e6-421c-92df-656935484b1f","userLoc":{"longitude":-1.3892614662191818,"latitude":8.585429762232963}},{"userUuid":"5cbb5c7b-cf4d-413b-adb5-00749d9687c9","userLoc":{"longitude":-36.059954212865534,"latitude":-15.124311821144062}},{"userUuid":"bd2411de-558d-4a31-8f65-b3821bb0db96","userLoc":{"longitude":-33.51152465947581,"latitude":-48.5386313383293}},{"userUuid":"b1ee868e-d4a6-43b0-b989-e7e81f9aa4ba","userLoc":{"longitude":67.0057741941543,"latitude":-7.993508566488686}},{"userUuid":"40ebccac-8881-4598-a85a-be5f4481327b","userLoc":{"longitude":27.68037722479997,"latitude":-9.991544080741747}},{"userUuid":"03b5c633-5487-43d1-94db-bfcf0f021d04","userLoc":{"longitude":-0.7751254140524111,"latitude":-16.383861327317774}},{"userUuid":"337bb54a-2c37-4be0-9a54-e6cb0a512b83","userLoc":{"longitude":-34.72442562482968,"latitude":-40.81073489457963}},{"userUuid":"f6fc6a49-8b2f-4659-9b69-62470fbd9f23","userLoc":{"longitude":29.210809986643596,"latitude":-3.3000414493688623}},{"userUuid":"762a48e5-03c9-4733-aa67-9802c5cb87d2","userLoc":{"longitude":-14.61727328871632,"latitude":59.7293608645395}},{"userUuid":"20cd124d-b3c9-4926-81d5-2ed25fc5925d","userLoc":{"longitude":-65.91135371621318,"latitude":22.846185209100838}},{"userUuid":"2a198da5-58b6-4fb1-a868-72ffbce30043","userLoc":{"longitude":60.055682795272105,"latitude":-24.824853001854798}},{"userUuid":"9ce3fe1e-a487-40c2-a2fb-76511eab6604","userLoc":{"longitude":18.06280708238745,"latitude":-21.98661045071816}},{"userUuid":"893ba1a1-ab37-44be-982c-513114df6221","userLoc":{"longitude":-107.88354060552068,"latitude":2.650453005520731}},{"userUuid":"bd09c061-cbf6-4141-a212-5232949f5cdd","userLoc":{"longitude":121.67868026544858,"latitude":-7.717079180041452}},{"userUuid":"418547f8-95e1-4d0d-b9a9-09db1f76e6c4","userLoc":{"longitude":0.8435271737399148,"latitude":46.40740769873696}},{"userUuid":"0180975d-dc33-4c59-a09f-e04c4be3bab6","userLoc":{"longitude":172.17084049385932,"latitude":-51.80836945758742}},{"userUuid":"3f31700b-5e9b-4484-9659-7e3d48e588fb","userLoc":{"longitude":-17.7501469941204,"latitude":59.098568513752696}},{"userUuid":"fd134875-7001-4356-9bd4-1f0835970214","userLoc":{"longitude":62.915641880491506,"latitude":30.591114088210958}},{"userUuid":"a223a9a0-3ecb-4b81-96c7-f94d9b81882e","userLoc":{"longitude":-85.76013269980399,"latitude":-32.25842073371976}},{"userUuid":"dea8a917-5a4b-410d-b0b0-df02ed32355c","userLoc":{"longitude":-60.23904219828502,"latitude":-52.49085329628395}},{"userUuid":"32332fc6-3abe-426b-8fbf-88a643724770","userLoc":{"longitude":85.9305480312708,"latitude":54.1744640965816}},{"userUuid":"290638c5-3719-443a-a2fe-d76f9f4e1fa3","userLoc":{"longitude":61.077067415764645,"latitude":61.06586301749806}},{"userUuid":"2feae203-dce5-4c85-b7db-085f98418876","userLoc":{"longitude":-27.429637258808214,"latitude":-27.07601908360777}},{"userUuid":"42d151fd-02df-4d9e-afbf-97eed605df8f","userLoc":{"longitude":-178.51403439531038,"latitude":-18.529319361636382}},{"userUuid":"dd07c84e-eafd-43e9-982e-cd7b5497290b","userLoc":{"longitude":129.53850409229364,"latitude":36.51926809811334}},{"userUuid":"be4a15e0-ab13-4507-846e-52d6f213afce","userLoc":{"longitude":-104.7930891387244,"latitude":-25.354924643787854}},{"userUuid":"2c28a6aa-2f4d-4b40-91eb-589665b7be3e","userLoc":{"longitude":85.75417211433785,"latitude":-20.073597493173395}},{"userUuid":"ac80598b-ca20-4b89-8ac4-fdefd3a97646","userLoc":{"longitude":-85.49534705886883,"latitude":-65.4173888219253}},{"userUuid":"0084b234-c7e9-41e0-b49a-04e4e67c2d4c","userLoc":{"longitude":21.339882848211374,"latitude":83.64607640524588}},{"userUuid":"e5411657-339c-46d4-bf2e-f0bd2b94ae3b","userLoc":{"longitude":-49.56332298314723,"latitude":8.580935815910465}},{"userUuid":"edb9af8e-c2e2-4710-a9f5-d1cd9b1488c2","userLoc":{"longitude":-140.89769025580762,"latitude":60.50603805760193}},{"userUuid":"815b8a99-c5e0-4c5b-86c5-e002c56de4dc","userLoc":{"longitude":-123.6676451455154,"latitude":-68.67057657623835}},{"userUuid":"2094b058-1193-4231-87bc-bce3ad9d94bb","userLoc":{"longitude":175.23125316254743,"latitude":58.55911606690469}},{"userUuid":"ad43410d-8b59-4e38-bdbf-0e97ac2610f1","userLoc":{"longitude":153.80653578473277,"latitude":77.3226624588103}},{"userUuid":"fbcdf748-c3c3-4463-be76-e6d842dca868","userLoc":{"longitude":23.932224121832434,"latitude":-59.356409916200235}},{"userUuid":"9ae7beec-b798-40ec-a51a-056092e5152d","userLoc":{"longitude":-154.46243817876342,"latitude":82.5019457980656}},{"userUuid":"9627894d-5daf-4d5a-b18d-57907742517a","userLoc":{"longitude":-155.08786819153076,"latitude":19.769179134766333}},{"userUuid":"2242242b-1697-4583-8021-b1cbd40cc45b","userLoc":{"longitude":-177.76803822258842,"latitude":-68.87051443058448}},{"userUuid":"97de1163-102b-45d9-b3d7-4e49c85d51ef","userLoc":{"longitude":-87.83439466065875,"latitude":-81.75395702360447}},{"userUuid":"1bb22c25-6fef-4131-82bd-6621ba453220","userLoc":{"longitude":-56.88243579487964,"latitude":-20.702440971315383}},{"userUuid":"3091f019-6135-4b5f-8ac5-5339f7d37731","userLoc":{"longitude":-145.38524945315115,"latitude":14.605793047590907}},{"userUuid":"738419ba-0cb9-47a3-8712-573c1b43ad0a","userLoc":{"longitude":-45.370004833488,"latitude":-51.04641114890189}},{"userUuid":"692edc65-95c5-4b4a-a8f2-019767b67738","userLoc":{"longitude":-107.3455571156975,"latitude":45.43675641697237}},{"userUuid":"99f79cb9-b304-4654-a217-622a7962f601","userLoc":{"longitude":115.10618208622293,"latitude":57.588237456468875}},{"userUuid":"f1f4cb0a-8f3f-4523-9fa0-069bdec3ae74","userLoc":{"longitude":-0.882506034721672,"latitude":-6.635952147644673}},{"userUuid":"0802e712-2dd8-472a-ad14-07d51c7a5901","userLoc":{"longitude":-63.892174678018435,"latitude":83.99260025054477}},{"userUuid":"e3883523-dee9-442a-bdbd-1fac41b53d9d","userLoc":{"longitude":178.37767126062818,"latitude":42.7591512261658}},{"userUuid":"d55647f1-a68f-40e2-ae51-f312abed6637","userLoc":{"longitude":46.52575385720499,"latitude":-7.46656068878805}},{"userUuid":"26305206-154f-4dcc-9874-d7067d9e4236","userLoc":{"longitude":-23.062604148658494,"latitude":0.5150804771079578}},{"userUuid":"f562b809-7063-453d-8fbc-614ece5d54ad","userLoc":{"longitude":-164.7175246672103,"latitude":-26.492440507407544}},{"userUuid":"3a6acaf1-f247-47ac-9aec-a244b1de2ccd","userLoc":{"longitude":119.49783445009297,"latitude":-28.087785300941732}},{"userUuid":"2e332677-3dfe-4bba-bcec-53999a296be7","userLoc":{"longitude":77.12153885865104,"latitude":-3.97604624205907}},{"userUuid":"c36633d9-aade-4987-bd49-d6c92e588fb9","userLoc":{"longitude":-173.64267637444738,"latitude":-23.698380629536622}},{"userUuid":"0cee124a-1a45-4d50-9290-1ec1b3350cf3","userLoc":{"longitude":25.4236021732778,"latitude":70.81169310302838}},{"userUuid":"0ad488f1-564e-4e06-ae6c-e4fe101c15de","userLoc":{"longitude":-9.994462311439548,"latitude":43.20424358002427}},{"userUuid":"2828417f-a98f-4766-b71f-0939e24c298d","userLoc":{"longitude":109.67693516528368,"latitude":-81.12903937757018}},{"userUuid":"7c2e4637-b03f-4106-a6f8-9c6a8cba0bb4","userLoc":{"longitude":17.59705030452932,"latitude":78.40640658537222}},{"userUuid":"0916baa0-327f-4608-ae6b-1f735ea16008","userLoc":{"longitude":-145.22115249834587,"latitude":-1.2285428984850313}},{"userUuid":"f201b941-8e02-44a7-a898-3912ae6ceb98","userLoc":{"longitude":-144.0285650587801,"latitude":27.21146753341199}},{"userUuid":"c671f5f0-e766-4083-b0b5-61809b360626","userLoc":{"longitude":-14.333854315632493,"latitude":7.066775586050483}},{"userUuid":"fa51f8f8-e008-4088-bcf0-4f76636c3635","userLoc":{"longitude":64.34079957243054,"latitude":-52.930205475082566}},{"userUuid":"4a6cb90f-a78a-4e62-98a3-0e6a182ca6d5","userLoc":{"longitude":-26.377392531186587,"latitude":83.7398626888104}},{"userUuid":"baa51e71-31b5-41cd-94de-c41627a2cfad","userLoc":{"longitude":93.5435268037026,"latitude":-77.18055932860251}},{"userUuid":"23276070-ee1d-4104-8a44-70af33791cbe","userLoc":{"longitude":-170.28271492563178,"latitude":66.7932104273921}},{"userUuid":"d50183a8-be38-45f5-a028-f8e23f5f0f4f","userLoc":{"longitude":102.90861983780263,"latitude":-38.80079913640584}},{"userUuid":"8bdd3948-8eda-49f4-90c1-648a28ed45f8","userLoc":{"longitude":-38.83480450650282,"latitude":50.24181378737924}},{"userUuid":"e771e5be-4aea-49b2-9183-107fe7b2be12","userLoc":{"longitude":0.2747498248066904,"latitude":16.861807037461944}},{"userUuid":"a52dfb35-0515-458f-be52-d57a65f346af","userLoc":{"longitude":175.58057784375285,"latitude":16.138646692955973}},{"userUuid":"3ec803e1-6050-4b44-a0e3-3a96488c9fb2","userLoc":{"longitude":130.49966311691787,"latitude":13.495576632309636}},{"userUuid":"3b244b32-280b-4eec-bbe4-9e9fedc8693d","userLoc":{"longitude":-45.000188054971545,"latitude":26.818158128370598}},{"userUuid":"c466bdc1-c63e-44b0-acf7-1cdc3637103d","userLoc":{"longitude":-145.28745908477111,"latitude":39.34483779089099}},{"userUuid":"9e06c379-70f4-42ef-9ee5-5ff613599930","userLoc":{"longitude":172.39869115515478,"latitude":48.939136096767925}},{"userUuid":"a7375273-b939-4168-a858-c292ce10a729","userLoc":{"longitude":93.21401913677187,"latitude":-4.248501655305361}},{"userUuid":"e5112554-9394-41de-bf34-08459657b78a","userLoc":{"longitude":-8.80824698524188,"latitude":45.20217540127214}},{"userUuid":"849fa873-4a02-4a47-8e03-aa79ffc6b0b6","userLoc":{"longitude":-53.910434316716646,"latitude":-82.21533184938082}},{"userUuid":"15818fb3-3c37-4a8e-acea-874096042913","userLoc":{"longitude":28.62647977882287,"latitude":-70.86963837392122}},{"userUuid":"d106a79b-84fa-4ce0-bd9f-59e4eabc53d4","userLoc":{"longitude":78.71944394640644,"latitude":-58.790954980066374}},{"userUuid":"f77cdf70-a648-40f3-89a4-e775dd3f3106","userLoc":{"longitude":-79.91298684306712,"latitude":-77.7124779612411}},{"userUuid":"257e719e-b314-4c97-a6f2-39fcde26db15","userLoc":{"longitude":81.79298694256568,"latitude":-76.51710102180317}},{"userUuid":"236e96dc-1c74-4075-a1d3-69aad5076bfa","userLoc":{"longitude":148.04427057189423,"latitude":61.25315265615063}},{"userUuid":"8055409b-434d-43ff-9d89-5872f0842224","userLoc":{"longitude":-80.2650326654994,"latitude":31.691542096987163}},{"userUuid":"19bb0143-6bf1-46d2-9063-3cd64e36606f","userLoc":{"longitude":-6.130732928257231,"latitude":-66.494965626201}},{"userUuid":"ec3f5794-cd7f-44a5-aedc-c6ab98aecf72","userLoc":{"longitude":-27.033356551326534,"latitude":-26.449776092557485}},{"userUuid":"88e3370b-9d39-497a-9a25-532fe87788a3","userLoc":{"longitude":129.38044596941722,"latitude":36.41164670987294}},{"userUuid":"1bc02359-46dd-472f-8130-d522b9c280b7","userLoc":{"longitude":151.573963449107,"latitude":-64.59991096479428}},{"userUuid":"c44a0e28-d05a-49d7-bd41-2c2c62dd2d58","userLoc":{"longitude":125.99184787074381,"latitude":-57.67793534974349}},{"userUuid":"800b2daa-5a69-4f5a-bf85-2a0601a673a6","userLoc":{"longitude":132.98095828403962,"latitude":-83.91295773966266}},{"userUuid":"4bf9f7f0-25d0-42b3-89be-5691850b0bca","userLoc":{"longitude":-116.00352898383035,"latitude":-8.461546044378565}},{"userUuid":"887c435f-1aa0-42cd-919e-a3571e465fb9","userLoc":{"longitude":66.72649417064713,"latitude":50.34237542710457}},{"userUuid":"1b8d5bf8-aaf9-439d-bc1e-6c6a3fceee82","userLoc":{"longitude":27.896267535823796,"latitude":13.745801908813633}},{"userUuid":"ac2545a1-fa06-434d-95d0-fbe359d6af37","userLoc":{"longitude":-92.20880383818258,"latitude":84.9434342484696}},{"userUuid":"feadef38-9ceb-46d3-a483-cc77a0d83793","userLoc":{"longitude":143.77681479621174,"latitude":-51.85105379763514}},{"userUuid":"4c5d2de9-874b-4707-ba8d-a0faf1f7d235","userLoc":{"longitude":-123.49957752779346,"latitude":69.68082337573387}},{"userUuid":"0f12db9c-165f-4908-b57d-e22eaa617290","userLoc":{"longitude":-106.08777840457427,"latitude":-7.898753358948383}},{"userUuid":"8c3ff442-5ebb-48e4-baec-73399a609d8e","userLoc":{"longitude":-48.825869494342754,"latitude":-69.83017808117827}},{"userUuid":"51f64e5d-d37b-4633-b84b-fe69c2d9053c","userLoc":{"longitude":-13.732070755268722,"latitude":-33.06797474435124}},{"userUuid":"c1b0896a-d547-48a9-aa7a-f24759aef135","userLoc":{"longitude":-158.71751070928536,"latitude":-59.33892198923398}},{"userUuid":"ab3c2096-9c8b-4f47-a732-db5d0da8b168","userLoc":{"longitude":65.95085254724592,"latitude":-65.02145655448412}},{"userUuid":"7d283d33-c8e3-40f2-a4d5-c7cbbec2a67e","userLoc":{"longitude":-33.067235399843014,"latitude":37.21594757920221}},{"userUuid":"7d050024-454e-4508-a338-25c7c328e786","userLoc":{"longitude":-172.95984931250987,"latitude":80.24368454303922}},{"userUuid":"dc8c304f-7fb7-4182-82d2-2b15108dfcbf","userLoc":{"longitude":-151.38836401711143,"latitude":72.92568638995016}},{"userUuid":"6d0ad0bd-707a-4bb5-8f06-1d61ba08491e","userLoc":{"longitude":-48.70955752047891,"latitude":47.33699427645692}},{"userUuid":"74cc8cbd-bcf8-4d06-96ac-8f6469c3d851","userLoc":{"longitude":-160.51242820960073,"latitude":73.89077968058425}},{"userUuid":"d66e9f62-0f7e-45f9-8286-de872121ffca","userLoc":{"longitude":-101.71088402217492,"latitude":44.24971730800394}},{"userUuid":"50c74826-4a62-4239-93ff-ac994c7cfb43","userLoc":{"longitude":-34.40754146782149,"latitude":-82.57791630910712}},{"userUuid":"6b891692-bfdb-46a6-a9d0-a5095a579efb","userLoc":{"longitude":-18.963212202913326,"latitude":74.97679480716917}},{"userUuid":"6e7db5cc-1fef-49ea-8dd3-cc9395a1aeab","userLoc":{"longitude":157.55615135016825,"latitude":-38.97623644209395}},{"userUuid":"4f39f886-528f-4b42-a824-824e3e7d7c20","userLoc":{"longitude":-164.62920531626781,"latitude":7.428505104046735}},{"userUuid":"519af3d0-99cc-4f0b-8475-137af660495a","userLoc":{"longitude":-60.52742201358592,"latitude":-3.704578394982647}},{"userUuid":"9f5b5bf7-278d-479d-8db0-15baf772f1f8","userLoc":{"longitude":7.676957858109944,"latitude":45.790614043776884}},{"userUuid":"1e6cb53a-a4f8-4ef2-aad2-27ae2f8aba89","userLoc":{"longitude":-142.64515681539842,"latitude":12.933009452255988}},{"userUuid":"824ca56e-5fbc-4676-b9b2-b96260f0c38f","userLoc":{"longitude":-171.79436144680682,"latitude":-76.94823687973135}},{"userUuid":"9f19705e-30ca-4198-b45e-9931b77a46ab","userLoc":{"longitude":-69.60992647940222,"latitude":-12.768603345915224}},{"userUuid":"0d99eddf-4d26-4e7d-a425-54bda3279c6d","userLoc":{"longitude":-22.86686869800917,"latitude":-76.81949696254833}},{"userUuid":"91dd6dc7-3f96-4ea2-9fc9-ac79222dd10a","userLoc":{"longitude":-98.03093498888585,"latitude":20.51552203862596}},{"userUuid":"1d3dc2e3-70e9-4f01-97bb-96a783d3ed7b","userLoc":{"longitude":-146.09165362012516,"latitude":69.5920803949162}},{"userUuid":"08d2e674-2f7b-4e48-849f-91f95c76929d","userLoc":{"longitude":-29.312303687705253,"latitude":-16.02585915635524}},{"userUuid":"e682345d-1e23-4c1d-b44f-177b55c3ecb6","userLoc":{"longitude":118.81604709220699,"latitude":-11.200371925208316}},{"userUuid":"c512b4d5-41f9-4b2a-85c2-64d43655f132","userLoc":{"longitude":140.51475656844076,"latitude":-26.130593275511103}},{"userUuid":"bc342bca-dbda-4149-b6c0-3a5f12b1e98e","userLoc":{"longitude":123.0732443013232,"latitude":83.41703225551629}},{"userUuid":"00d37f6f-2148-4ef5-bb03-dd77676fe670","userLoc":{"longitude":-60.18155347717642,"latitude":-40.663595578814395}},{"userUuid":"bea33bc6-6df1-49c5-9ac3-12db8b30dbeb","userLoc":{"longitude":-42.983662454171935,"latitude":20.208361039637907}},{"userUuid":"76da8955-f941-4b8c-9f1a-ee2e93ba5084","userLoc":{"longitude":154.1737296759842,"latitude":-49.79905950729176}},{"userUuid":"d9e99a72-cb74-4eb5-a48a-9894090034cb","userLoc":{"longitude":-16.505263091534687,"latitude":7.144688860817752}},{"userUuid":"f564de53-086a-453c-a853-e4699bd47a2a","userLoc":{"longitude":-76.07379044409822,"latitude":53.773452574739565}},{"userUuid":"3ea87e15-090d-4ad7-8044-83b077071d89","userLoc":{"longitude":141.1784698436026,"latitude":64.69271743438864}},{"userUuid":"37083d89-f74f-41ec-a5fd-0f42ac6511c0","userLoc":{"longitude":110.59589574251021,"latitude":-74.2676714075907}},{"userUuid":"8514aefb-6d33-4da3-8a98-0c500044520c","userLoc":{"longitude":23.65731222871304,"latitude":-78.25204730013431}},{"userUuid":"da54d9f3-233c-46f4-8435-cce4213ce880","userLoc":{"longitude":134.0627566148188,"latitude":74.10351609317672}},{"userUuid":"439e28d5-e0ea-4580-8c3e-12d04b7f3b2c","userLoc":{"longitude":164.39146201258887,"latitude":-14.799182136318223}},{"userUuid":"e7d4d10d-2f6e-44e0-963b-194d1a9ee68a","userLoc":{"longitude":-138.62285183396915,"latitude":72.31426456755841}},{"userUuid":"3791a9b5-3941-422e-975e-b75d2ac09779","userLoc":{"longitude":45.47011766574769,"latitude":52.7745013606762}},{"userUuid":"6b19eee2-c7d2-4b7c-b318-013d64142bf2","userLoc":{"longitude":1.7999685359215505,"latitude":-45.05893821383433}},{"userUuid":"9c6de972-70ae-4860-8a89-29a06cc59ff4","userLoc":{"longitude":-146.77348569649305,"latitude":77.53142479724019}},{"userUuid":"aa00e303-9772-451b-baad-971b495d0db6","userLoc":{"longitude":-68.09404437161487,"latitude":59.20657125222013}},{"userUuid":"fe5f7097-d173-4b37-a17a-d14b46535be3","userLoc":{"longitude":13.982245260609858,"latitude":53.56268814642527}},{"userUuid":"a26e28a3-9376-4e81-9a0b-65503757440f","userLoc":{"longitude":165.72215801131017,"latitude":-13.341307479543033}},{"userUuid":"eedb4dc1-7054-4386-afb2-cf435b7897dd","userLoc":{"longitude":-103.06317099743126,"latitude":-52.32578900049559}},{"userUuid":"b1eb379c-3d29-4e39-a98d-55461c20d733","userLoc":{"longitude":67.11674054909682,"latitude":-69.95494126465032}},{"userUuid":"e5b226ba-e0db-42f0-9d5f-3d8f43d71e7e","userLoc":{"longitude":115.93996575788924,"latitude":-68.7234090240698}},{"userUuid":"f2affa8f-a738-451f-a3ca-84312905dc75","userLoc":{"longitude":-122.9465805355012,"latitude":-26.45005050312436}},{"userUuid":"183c0ce2-9028-43e6-8f9e-c17ee5c9e29a","userLoc":{"longitude":42.24621090752919,"latitude":60.367508307039714}},{"userUuid":"6a218000-370a-4a18-ba2f-a6f4c37cf1c5","userLoc":{"longitude":-170.69534279693087,"latitude":1.8719994302379348}},{"userUuid":"49be102a-a500-4d6d-a75f-b48ac2c91619","userLoc":{"longitude":67.10589645983103,"latitude":-72.79313504144115}},{"userUuid":"df4c550c-48f6-4bda-83c0-3db706a7c424","userLoc":{"longitude":97.71472102876237,"latitude":-71.065924294089}},{"userUuid":"9cd88aac-d147-40ff-9d22-5df390c77445","userLoc":{"longitude":154.96297788491142,"latitude":-16.64736189494056}},{"userUuid":"53483ab8-808e-45ce-a1b0-b0f5110c92c2","userLoc":{"longitude":-80.99418797868333,"latitude":-45.48794873671866}},{"userUuid":"c6af8a2d-415e-42da-b584-7a8cfbbe63c0","userLoc":{"longitude":-124.39205023648327,"latitude":-36.063174386714905}},{"userUuid":"335d0660-95fd-4b48-ba5d-3ddc9bf4ece1","userLoc":{"longitude":-46.99984401489223,"latitude":43.625272938605974}},{"userUuid":"42e0e376-b2f4-4dec-8a1a-ce27aeb13a52","userLoc":{"longitude":-92.33083870618769,"latitude":-39.56274358026987}},{"userUuid":"9f3ba9c1-47ed-4b82-96c3-36c35c9e5908","userLoc":{"longitude":90.43306782144816,"latitude":71.02326542327543}},{"userUuid":"980550d0-941d-404a-ad73-50ce698e5631","userLoc":{"longitude":15.247372030594022,"latitude":-70.47405374498935}},{"userUuid":"f2a1a32a-76ac-47d2-ac71-6d31353e1366","userLoc":{"longitude":-126.26902793095638,"latitude":-20.27159667953977}},{"userUuid":"198e8450-13e9-4cf4-bba8-3e0ab41ae240","userLoc":{"longitude":120.47722170069,"latitude":6.384028997488912}},{"userUuid":"3fa2b8b8-0dcc-4073-845f-fdbbd94a8d81","userLoc":{"longitude":6.084253303872089,"latitude":-65.61592161025095}},{"userUuid":"b0c93de7-222c-400a-996e-4880a79972bc","userLoc":{"longitude":-0.6775227104611474,"latitude":-81.10713516002619}},{"userUuid":"7c841cd5-bfbd-4862-8319-8455346ba177","userLoc":{"longitude":-73.12910643435343,"latitude":-33.90930867486015}},{"userUuid":"1ff687c7-0fcc-4ebb-98cb-dc5e1889ac13","userLoc":{"longitude":-94.77927058344783,"latitude":-84.91965461905598}},{"userUuid":"312961fe-502d-4200-b58f-e56237135adb","userLoc":{"longitude":135.70918502497597,"latitude":37.97983238059727}},{"userUuid":"080e685f-17c6-4ea8-97fc-e0466cc32290","userLoc":{"longitude":-67.68314104164332,"latitude":-37.5943293399065}},{"userUuid":"b5f960e6-892a-40ac-888c-f9b1978408c4","userLoc":{"longitude":120.66332458875166,"latitude":41.92904231241688}},{"userUuid":"da5cf357-2a0e-4206-b6bc-156dfdc4731d","userLoc":{"longitude":-156.27248501029322,"latitude":-55.91301043722686}},{"userUuid":"d692344b-eb4a-4c66-a085-9a94b2fc84b0","userLoc":{"longitude":92.58562437723776,"latitude":59.80949311037324}},{"userUuid":"27df65a9-3f11-4b1b-b7d7-522660fdf268","userLoc":{"longitude":44.197341981463495,"latitude":-45.20181240045714}},{"userUuid":"8690823f-0bf5-4610-9dbc-f5d4ddfc4e22","userLoc":{"longitude":59.78881068381523,"latitude":71.06092768314753}},{"userUuid":"dca3ceea-e0ff-44a7-b6d2-9a6d3af6dd11","userLoc":{"longitude":4.494325899572999,"latitude":-8.714151092614543}},{"userUuid":"3b2ae238-443d-4899-aaae-84402e61a5bc","userLoc":{"longitude":-54.053619605420764,"latitude":78.7886525131612}},{"userUuid":"91aa0534-486a-4a8f-afc0-bc7fe8a5b34b","userLoc":{"longitude":-163.25057675934116,"latitude":27.589530994198185}},{"userUuid":"0cbc761a-4d09-4fcd-93c2-f1958fa7c376","userLoc":{"longitude":50.257304831009094,"latitude":-58.43826677095432}},{"userUuid":"0fb5cb2e-ada5-4cad-aa85-81d1a7b98f96","userLoc":{"longitude":80.623603468785,"latitude":66.02526722488332}},{"userUuid":"006b3f08-c5b0-4098-b093-a7df298b04f2","userLoc":{"longitude":-167.38634635659378,"latitude":-71.48359340830709}},{"userUuid":"d6144138-0fe0-44e6-8cd1-d8edf300d2a0","userLoc":{"longitude":156.92078967656863,"latitude":-39.2527033483285}},{"userUuid":"90f9d5c8-a5ff-4444-8c48-183896cb0854","userLoc":{"longitude":76.28949821602032,"latitude":71.85378712106285}},{"userUuid":"0a8a3970-a3c6-426a-8ee6-94dcf56e3824","userLoc":{"longitude":-90.42447651910683,"latitude":-22.89076535022496}},{"userUuid":"6dd4dce2-79b1-41e0-bfd0-3472c276c5f2","userLoc":{"longitude":-39.99200978514338,"latitude":43.93695507333754}},{"userUuid":"0abf6281-abd3-45b1-bc19-111f3d01f41a","userLoc":{"longitude":36.9157029508641,"latitude":24.339900725987434}},{"userUuid":"62efabcc-02db-4040-85be-dba4c782bbe8","userLoc":{"longitude":161.18162474141076,"latitude":-65.90167791754519}},{"userUuid":"dabbb592-30c1-4f24-82b5-e78b1fb70f87","userLoc":{"longitude":-42.51995101089133,"latitude":-36.159952005644605}},{"userUuid":"6329b9a0-ba72-437e-b8eb-25262709053b","userLoc":{"longitude":5.584449604896292,"latitude":-44.369547331579284}},{"userUuid":"d3da7abc-476f-4829-b3c7-d4d069fc5dd9","userLoc":{"longitude":-152.21163917357956,"latitude":82.65415557294008}},{"userUuid":"97d43e88-335a-4dda-be8c-64330f361635","userLoc":{"longitude":-143.4439646047323,"latitude":20.956414020934858}},{"userUuid":"420881bd-b8b5-49f8-980c-26f4914ab046","userLoc":{"longitude":48.01388958916269,"latitude":11.523787636986214}},{"userUuid":"e3396d24-8a66-470d-9277-885497ec9bd7","userLoc":{"longitude":97.03703346020535,"latitude":-43.427342935679754}},{"userUuid":"633047cd-9516-48fe-bfeb-91e0e8373165","userLoc":{"longitude":162.8848266955116,"latitude":-48.5655721024988}},{"userUuid":"9a1598e6-9a3c-4459-88a5-c9a7b67ef110","userLoc":{"longitude":-167.84182812716037,"latitude":63.895417244844595}},{"userUuid":"67a61d79-acd7-4669-aa0e-4f92353f9add","userLoc":{"longitude":133.08630395438865,"latitude":62.906580607092536}},{"userUuid":"b5fa99e7-c5de-4660-8576-49c96158fa20","userLoc":{"longitude":-107.17436131282702,"latitude":35.793898160780614}},{"userUuid":"512843a2-28f9-4a5c-8eb3-2226a1142a8f","userLoc":{"longitude":-89.23677132351105,"latitude":82.11742464607869}},{"userUuid":"c30263a3-d2a6-4070-922d-7041ae3f862b","userLoc":{"longitude":5.570266131527546,"latitude":-5.5688517591632944}},{"userUuid":"eb461a8a-6c0b-4f43-acb0-b62b690a6b94","userLoc":{"longitude":146.18413983905492,"latitude":-9.545157764271863}},{"userUuid":"6f9b6e83-9907-4ab5-a51d-f53241953035","userLoc":{"longitude":-43.010200930977646,"latitude":-9.604568625374853}},{"userUuid":"2fd8cce6-1770-4957-95e7-618e67020eb3","userLoc":{"longitude":158.08497205564862,"latitude":-71.6719555771364}},{"userUuid":"7cbf991c-1986-4cfe-9f3d-2afe69cc77cf","userLoc":{"longitude":-15.036904427246242,"latitude":-69.44108851590951}},{"userUuid":"6e4f1d37-f479-47f9-befd-3fc2778d85bb","userLoc":{"longitude":-156.67850585340074,"latitude":49.77254100182634}},{"userUuid":"88ab91fa-70ca-4dbb-9eeb-bc273a3860dc","userLoc":{"longitude":-84.53189176871702,"latitude":0.18639547253651756}},{"userUuid":"eefda008-d892-4a24-9011-8bf14a03f51b","userLoc":{"longitude":-94.4811871688771,"latitude":20.782698575507524}},{"userUuid":"96173ef2-8193-4b2b-a96e-43634b4f520e","userLoc":{"longitude":-74.40459897883215,"latitude":20.590615372520944}},{"userUuid":"b647f898-b1a8-4072-aab7-bd813293464a","userLoc":{"longitude":13.951830033808704,"latitude":-39.788314704078104}},{"userUuid":"b855cfb7-c63e-4fba-82d5-d5c2a6cf85f8","userLoc":{"longitude":-18.625007467821405,"latitude":8.276540648702081}},{"userUuid":"3656581e-b162-4174-85c0-c0fcc5d8ff62","userLoc":{"longitude":83.26763439471614,"latitude":21.22697600306101}},{"userUuid":"a65af961-b24e-4666-8997-8cf61d135953","userLoc":{"longitude":-165.29462954160172,"latitude":-66.4340320288517}},{"userUuid":"af15c129-370c-4779-891d-14a2a5cfac31","userLoc":{"longitude":15.047993240383278,"latitude":-67.23234672935048}},{"userUuid":"d1510fe0-6f32-4e18-bccb-494cbfb3a216","userLoc":{"longitude":-88.8880006887118,"latitude":-6.335916999348939}},{"userUuid":"e1195fa7-8845-4e74-a50f-2f683d3da920","userLoc":{"longitude":-156.29938118689938,"latitude":-66.03392016907819}},{"userUuid":"46d7cf8b-c801-4e39-b781-fbaa135b4b42","userLoc":{"longitude":62.48770669047508,"latitude":45.54900688663432}},{"userUuid":"76122ee0-f7f4-411a-aae7-253a98e82ab1","userLoc":{"longitude":-132.3631132529889,"latitude":31.66755185328482}},{"userUuid":"96d35134-7161-4b97-bad9-9bb3bc8105bf","userLoc":{"longitude":-90.04161302801106,"latitude":-76.74204675885923}},{"userUuid":"a8ed1c8e-db00-47e4-a272-3d6da322ed8c","userLoc":{"longitude":84.72295588777439,"latitude":-48.7724222569999}},{"userUuid":"4ebea871-a5fe-41fe-8f89-bd0292551948","userLoc":{"longitude":91.80364110508293,"latitude":5.005784209950292}},{"userUuid":"25b43eaf-3a45-4a5a-af8b-490323a1e0f0","userLoc":{"longitude":178.81791438098907,"latitude":-9.886423605726677}},{"userUuid":"df933779-9913-4c97-834b-39606a7b0090","userLoc":{"longitude":24.735056681821902,"latitude":3.6258693486279867}},{"userUuid":"a63542aa-fbcb-4346-8197-af1acf12f6f2","userLoc":{"longitude":-15.811315384762139,"latitude":-53.79503074456814}},{"userUuid":"c7497105-3555-4132-a6f4-2504d03a364f","userLoc":{"longitude":-135.61617637538149,"latitude":-26.893497350028163}},{"userUuid":"5280e6a6-e14f-4e96-8279-f739de53e922","userLoc":{"longitude":4.081578998060138,"latitude":-0.3683608020523508}},{"userUuid":"ae7359a1-4f88-4d65-969a-2e4b234530ea","userLoc":{"longitude":-98.78338860585524,"latitude":-52.46676409568933}},{"userUuid":"403b0fd7-94d4-4af7-8749-8544762822e3","userLoc":{"longitude":-28.20153237700322,"latitude":-24.84017275518729}},{"userUuid":"20b8b3c4-fc67-4824-90f4-c2057a73c507","userLoc":{"longitude":162.2740894874044,"latitude":40.56531270743038}},{"userUuid":"aca157f0-3697-4ff7-b857-88e34d308d9e","userLoc":{"longitude":-95.2037888161346,"latitude":-59.341152653823514}},{"userUuid":"37aa3276-9eec-473c-a1e7-172612fb0237","userLoc":{"longitude":-121.41576173776839,"latitude":-42.05553268981697}},{"userUuid":"3e3fba1b-ed4d-48ab-9c17-3b053b9a38a1","userLoc":{"longitude":-109.14201694815559,"latitude":10.49462278003135}},{"userUuid":"6688491a-e7e3-4afb-a6ac-8992da53eced","userLoc":{"longitude":86.17077359226244,"latitude":-26.31239923102722}},{"userUuid":"6a48078e-2da5-45d1-858c-780c3fc16f01","userLoc":{"longitude":-28.557135554508562,"latitude":51.79621657879687}},{"userUuid":"1e59db6a-d8b1-494a-8e1a-d098c478c954","userLoc":{"longitude":143.62414899798,"latitude":77.04856059013329}},{"userUuid":"4f45296e-ed7c-4651-a261-83e5fff9a21b","userLoc":{"longitude":118.5112390397166,"latitude":52.28174939403655}},{"userUuid":"e50ea917-b8f0-4899-a65a-5382a6016965","userLoc":{"longitude":14.04042150548284,"latitude":-50.26201823829142}},{"userUuid":"e7011174-3242-44e8-a76c-6aba5c48aaba","userLoc":{"longitude":173.0924348226078,"latitude":62.08883716574911}},{"userUuid":"b2a26a1c-3fb5-4e38-b43e-b10a5a7a2886","userLoc":{"longitude":-52.49871917214084,"latitude":-67.27817084941984}},{"userUuid":"d15253f6-f4ef-4475-b6f5-8e64524019eb","userLoc":{"longitude":-176.9263302473457,"latitude":-9.998495825174231}},{"userUuid":"a0fdff98-7db7-4e0a-97aa-b7c328087a48","userLoc":{"longitude":30.438892149907645,"latitude":-12.558366091621835}},{"userUuid":"d9051af1-823a-4d58-bd25-726225b8c04c","userLoc":{"longitude":-133.35447849771825,"latitude":3.6585756188323444}},{"userUuid":"c364b5b5-6350-4c93-ae8a-7504c767bd21","userLoc":{"longitude":170.89453841157746,"latitude":69.88570799703598}},{"userUuid":"10e66315-3e96-4c1b-811c-d64cdbc21b42","userLoc":{"longitude":-149.123997233311,"latitude":81.56431922756374}},{"userUuid":"d79c76e6-1735-49d7-9a45-a78368f85042","userLoc":{"longitude":-91.35286990603954,"latitude":-31.19628206277894}},{"userUuid":"cf79a892-ce3e-4acb-a24d-da06c6926952","userLoc":{"longitude":140.03106051915313,"latitude":-8.000240171070132}},{"userUuid":"8cc90d51-ccab-421c-9848-d0650215ef38","userLoc":{"longitude":66.54751331004067,"latitude":-79.6744063421305}},{"userUuid":"f5c8fad8-b99b-4a78-8fbe-1a9a53a5ad00","userLoc":{"longitude":-151.850388660548,"latitude":25.39360745369791}},{"userUuid":"c8174e03-e38d-4e37-83ae-15536557b0d1","userLoc":{"longitude":130.0151318338847,"latitude":10.8083126541826}},{"userUuid":"c5ee532b-7b52-4ef6-935c-290d55368ee4","userLoc":{"longitude":175.8827915824089,"latitude":-47.80306324188237}},{"userUuid":"cfbd076b-e516-48a1-a1e2-1f6cfdc7a716","userLoc":{"longitude":146.03364017108697,"latitude":73.9639330799094}},{"userUuid":"613090ae-dc1b-4589-aebe-cee0b7db660a","userLoc":{"longitude":-159.032633767292,"latitude":81.0726172551027}},{"userUuid":"eefe320a-5a4d-4592-a635-f94cc8873f1a","userLoc":{"longitude":139.29446688988276,"latitude":15.478923372796501}},{"userUuid":"c3fc81a1-a65b-45ad-8a55-8b1c5f9d4622","userLoc":{"longitude":-144.5874769153972,"latitude":36.31005651560339}},{"userUuid":"38d90759-34bd-404d-b874-e3e5f193f1cf","userLoc":{"longitude":1.779370154250671,"latitude":16.99823733153177}},{"userUuid":"da4ba468-cb7d-4bc7-a41e-9a9eb5860f6a","userLoc":{"longitude":128.7412463800536,"latitude":13.83807344519164}},{"userUuid":"cbe1ff8c-1013-4758-bd34-bff8cd50a0cc","userLoc":{"longitude":-10.472669586839999,"latitude":65.0897219440229}},{"userUuid":"8eaf778c-c97a-4907-8060-4a4a65469faf","userLoc":{"longitude":160.18465838175786,"latitude":15.369698148563899}},{"userUuid":"e065a6b3-dba8-4128-a87f-65a6516e7612","userLoc":{"longitude":-52.459425478589424,"latitude":54.959353453634634}},{"userUuid":"d0ac9081-fb70-46d7-ae60-0677ea67790d","userLoc":{"longitude":139.88360107373376,"latitude":54.591730294596516}},{"userUuid":"53d73032-d45f-48f0-b88b-67939feb4949","userLoc":{"longitude":-71.99666408942205,"latitude":48.69947646976652}},{"userUuid":"2faa331c-1595-4d51-a0ae-a267f4cf3f85","userLoc":{"longitude":-45.42628999647508,"latitude":28.8920934284847}},{"userUuid":"e94e04dd-a3f3-4b43-9aaf-65354fa24b62","userLoc":{"longitude":-123.3320557646245,"latitude":-5.336938483820703}},{"userUuid":"b18346d9-4fd9-4aff-81ad-05b4b3300e45","userLoc":{"longitude":-52.59344425786824,"latitude":79.26832327980912}},{"userUuid":"9315d11a-c7c1-4ad6-bfb7-9a8493982787","userLoc":{"longitude":170.83160754305368,"latitude":-45.07898787766556}},{"userUuid":"7a9d16f7-542b-4f83-83c4-d588d4e8a779","userLoc":{"longitude":20.65283791298816,"latitude":45.80657501741126}},{"userUuid":"e006f4c0-163f-462b-a391-b64e0249eed9","userLoc":{"longitude":-112.3537851407913,"latitude":65.6610631908035}},{"userUuid":"3a11630f-a19a-4c5c-97e2-b54b60658473","userLoc":{"longitude":173.08337425469773,"latitude":-18.939660114214476}},{"userUuid":"afd9877f-52ab-4daf-8dc9-1c43846dbfd0","userLoc":{"longitude":-111.60076241574956,"latitude":-36.208044933417476}},{"userUuid":"219e8fc6-ae2b-4f05-8a1c-dac36bbe47c1","userLoc":{"longitude":-4.43443215548146,"latitude":15.45518122013921}},{"userUuid":"888af481-a1af-4747-b820-b7f21d01e2a4","userLoc":{"longitude":-93.1447155853332,"latitude":80.52389592928924}},{"userUuid":"3f629f3d-ffb1-4357-8af8-1695023a6042","userLoc":{"longitude":12.560797333650726,"latitude":-41.52200075660435}},{"userUuid":"8385bd64-518c-45df-8df5-4351defdfdd0","userLoc":{"longitude":-166.43638709007726,"latitude":-6.286621436560367}},{"userUuid":"5876feaa-f570-4a88-86c6-3706dedb6612","userLoc":{"longitude":39.25405162643614,"latitude":18.471357255808343}},{"userUuid":"83353c12-a488-46b1-969d-917156a43499","userLoc":{"longitude":106.58311784678062,"latitude":-66.55498381031151}},{"userUuid":"ff2cbac4-a36a-43b1-b52f-d36f22e41ab0","userLoc":{"longitude":22.591788067520127,"latitude":-40.47317279610768}},{"userUuid":"08d0ae1b-3fc3-43b3-8aab-979f30aff655","userLoc":{"longitude":-129.13773839644932,"latitude":62.40774221542989}},{"userUuid":"48735c45-5f5c-4a7e-972d-712be65f3d88","userLoc":{"longitude":146.5528055350656,"latitude":17.517834256135828}},{"userUuid":"daaffeff-9929-4d59-a76e-8ac6157f27cb","userLoc":{"longitude":41.52258571634758,"latitude":-7.747980284071659}},{"userUuid":"45f175d1-4b9f-47dc-bb2f-885cf8491673","userLoc":{"longitude":-67.15793651998476,"latitude":-0.03564384867651427}},{"userUuid":"31245377-0b63-4961-b913-d6ce988b3c59","userLoc":{"longitude":78.10770403400397,"latitude":60.589718819413804}},{"userUuid":"4de66fa5-7bac-4396-8e33-93e1005c663d","userLoc":{"longitude":-150.8274399384512,"latitude":-21.233232687406982}},{"userUuid":"ce462e1b-69cd-4f58-8452-dfeb76a4480e","userLoc":{"longitude":159.59376343883525,"latitude":-82.29814613650919}},{"userUuid":"da01c074-7bba-44a9-951d-d375d2b59588","userLoc":{"longitude":174.64633561696957,"latitude":-73.68636719475248}},{"userUuid":"63bfff22-3100-45d8-98af-054c415a98a4","userLoc":{"longitude":-121.31030487092615,"latitude":-56.61035227505708}},{"userUuid":"fc098223-6387-4f8e-90af-546be3e42b08","userLoc":{"longitude":111.00800078174586,"latitude":24.2120342008306}},{"userUuid":"8f134588-4e18-4a2f-87eb-e28670de9fde","userLoc":{"longitude":-32.08547739291649,"latitude":-3.465188897086236}},{"userUuid":"158268f2-b90f-4a1e-816f-e2298dab198f","userLoc":{"longitude":117.78851027625637,"latitude":-81.89658315112653}},{"userUuid":"1c1286eb-73fd-4cda-b7aa-5ce3946de98a","userLoc":{"longitude":84.1441009021134,"latitude":-82.72141957715252}},{"userUuid":"71080e74-fb63-4068-8206-29ca89f6ce27","userLoc":{"longitude":-17.24352547193905,"latitude":43.210498493392805}},{"userUuid":"969ee226-5325-4c37-ab26-bfb9c6ffe14d","userLoc":{"longitude":-151.5819972708959,"latitude":-26.8505633454237}},{"userUuid":"4c928a9c-1c38-47af-b2fc-9c853b926089","userLoc":{"longitude":-89.35778413858824,"latitude":68.90479261210865}},{"userUuid":"dc87c48b-6ca4-4307-bd3c-d06f5f6dcd84","userLoc":{"longitude":-142.57934574051095,"latitude":72.31177392875802}},{"userUuid":"36acc07c-29b5-4e14-8910-ec25e715112a","userLoc":{"longitude":-140.1332499033135,"latitude":-20.23815570998913}},{"userUuid":"28bf0dc1-2500-40fa-bde2-29965d74f7e5","userLoc":{"longitude":96.72158502623648,"latitude":54.71177992459735}},{"userUuid":"338924b4-eb4f-41ae-a802-a34a623a9a20","userLoc":{"longitude":138.99752494612773,"latitude":-59.4074698016113}},{"userUuid":"36406e4d-efc3-4af6-890e-778f6810d647","userLoc":{"longitude":-84.629111760405,"latitude":-62.077649955892525}},{"userUuid":"054b3f92-1bb7-4fdc-b495-4d868b1b28c5","userLoc":{"longitude":-55.612338239761655,"latitude":80.62822207009862}},{"userUuid":"129a6295-a0bc-4e17-8b9c-dfb209257a7f","userLoc":{"longitude":-24.822346027524304,"latitude":4.990019978628496}},{"userUuid":"2acf0a78-76bc-4203-98c5-4cf30d5afed8","userLoc":{"longitude":131.10499920197236,"latitude":-42.55326067356692}},{"userUuid":"7f68e349-16bc-48e7-a8b4-c5afab1bc2e0","userLoc":{"longitude":-164.96867613259903,"latitude":22.037648187219133}},{"userUuid":"14cbb252-6b32-40ae-b7f0-b8fcf4532107","userLoc":{"longitude":59.27747607553593,"latitude":77.3339617093281}},{"userUuid":"ea6b3ad3-2607-48da-af27-40589bdf20fb","userLoc":{"longitude":130.07266759548895,"latitude":-0.9741235798907439}},{"userUuid":"35ad2109-34c5-487c-b1c8-d0675153f8be","userLoc":{"longitude":163.51737441234695,"latitude":16.327509427229316}},{"userUuid":"b992280c-d7cf-495b-8a57-59c6eef91352","userLoc":{"longitude":-171.14258844565686,"latitude":25.427687666772286}},{"userUuid":"5b32fa09-ac44-43f0-af9d-93daa96486c8","userLoc":{"longitude":166.84790488085565,"latitude":47.14342092039357}},{"userUuid":"5470f7d1-76c4-47f2-b6fe-90f0343c21a6","userLoc":{"longitude":19.323917394964212,"latitude":-50.59284680376517}},{"userUuid":"00b0bbf1-cc99-495d-b7c8-bee79b0c14e9","userLoc":{"longitude":167.10790715820042,"latitude":-62.98726766762006}},{"userUuid":"f72603c2-1cbe-4676-9f52-a22b8d360bb0","userLoc":{"longitude":0.0298795348162173,"latitude":-60.587732630313226}},{"userUuid":"bb7656c9-27f7-4b65-8677-ef7e6f9e7d45","userLoc":{"longitude":-17.037244359737457,"latitude":32.82887944431771}},{"userUuid":"157e56e7-19aa-4cc9-a281-999d869331cd","userLoc":{"longitude":77.88999323595044,"latitude":19.83812817229753}},{"userUuid":"939a9d8d-06cc-4431-9a28-1bf410ee4fc5","userLoc":{"longitude":169.01995278418985,"latitude":-39.35588159368645}},{"userUuid":"dcc914fe-9c53-4002-bedb-e24886cdfa5f","userLoc":{"longitude":-132.09365626949727,"latitude":42.01197471650322}},{"userUuid":"fc509257-7d28-4c66-8bbd-40cb130acf7c","userLoc":{"longitude":-176.11733070881658,"latitude":-2.711310479601437}},{"userUuid":"111806e5-a017-4d4d-a54b-ec5021e20f90","userLoc":{"longitude":-72.56058170777433,"latitude":-80.58690445519848}},{"userUuid":"d9204f8c-efd6-41ca-a559-d9c9a0c085ef","userLoc":{"longitude":34.53835692135584,"latitude":-37.652760546107004}},{"userUuid":"035ddbba-3a57-4349-a8a3-9bf7f2797238","userLoc":{"longitude":70.89010706887876,"latitude":-72.29918446063994}},{"userUuid":"2353ef5a-79b0-41c6-b629-01be4bffd3c4","userLoc":{"longitude":4.977920084358487,"latitude":-44.004350696758124}},{"userUuid":"a72c996e-538b-413d-82bf-bf3b769bc8c5","userLoc":{"longitude":131.87142612083306,"latitude":38.796490547754416}},{"userUuid":"a7f81d3c-f19d-4e66-ba7a-4c9506e574b0","userLoc":{"longitude":-89.8330775188502,"latitude":-31.398659472932827}},{"userUuid":"5ad29adb-b2f3-49f6-950e-c481128bd23a","userLoc":{"longitude":24.904297359323493,"latitude":6.129303843774281}},{"userUuid":"73c5b1ea-cdfb-4a9b-bb34-861a502f965a","userLoc":{"longitude":-0.1085493441192682,"latitude":-84.32047570872083}},{"userUuid":"d2c853fc-a278-4eb9-b40a-647053fb3558","userLoc":{"longitude":97.58450577861265,"latitude":-62.979732342674474}},{"userUuid":"cc5be080-1db6-4965-93e4-753efdfa803f","userLoc":{"longitude":-86.73567449868914,"latitude":-44.990432780028094}},{"userUuid":"e73d9994-12de-4cde-8cfb-74d4f56e1f6d","userLoc":{"longitude":-175.36319011131985,"latitude":19.99866828503052}},{"userUuid":"7f2e02d6-d032-4fa3-8f57-a0dc6a25c8d0","userLoc":{"longitude":-13.297157790829147,"latitude":4.389753309471345}},{"userUuid":"8893949b-3927-442e-b0a5-7127cd7234ac","userLoc":{"longitude":170.0656794386352,"latitude":-48.759821975364666}},{"userUuid":"fead3867-4eba-4556-b398-0756d292ec45","userLoc":{"longitude":123.84597242445392,"latitude":5.968407618503804}},{"userUuid":"346b6da4-d021-4f36-8460-50be0e217ef7","userLoc":{"longitude":-116.19685588546034,"latitude":-65.52765862503095}},{"userUuid":"606bfc67-501b-4bb7-b028-3a87383c889f","userLoc":{"longitude":-32.724879979769554,"latitude":-32.37990443423566}},{"userUuid":"46d733c1-3bf5-4df5-b160-8a70187c5531","userLoc":{"longitude":-54.08483139644285,"latitude":-49.010245330723066}},{"userUuid":"c05dcfab-1260-4d87-af79-84c58a16ce36","userLoc":{"longitude":99.56551434270142,"latitude":58.414043390949786}},{"userUuid":"d6737591-35eb-4e4e-aa74-4aee4b2410fb","userLoc":{"longitude":131.0276362949029,"latitude":66.60539672169227}},{"userUuid":"2f2b0d64-881d-4b47-b2a2-af75dce86335","userLoc":{"longitude":6.672381649449818,"latitude":-58.90631648985499}},{"userUuid":"77df4404-dcc0-411b-9286-a5a857087493","userLoc":{"longitude":172.8199428012607,"latitude":68.10922446027863}},{"userUuid":"067a3648-b5fa-4236-a4db-3bce204db9c7","userLoc":{"longitude":15.337495799795533,"latitude":-13.047973770033366}},{"userUuid":"4ba2135b-3a31-4ceb-a524-9e71671d9735","userLoc":{"longitude":131.4667186147558,"latitude":3.6599315208491987}},{"userUuid":"3b2fd099-1cbb-4886-9285-7d5aa1115294","userLoc":{"longitude":-19.365409137619906,"latitude":-34.08137123065332}},{"userUuid":"d1cce491-4e6e-426b-8336-ccb80abd5891","userLoc":{"longitude":-3.697593656299887,"latitude":-44.11013493405469}},{"userUuid":"cc875946-6b49-4312-9f68-281814843752","userLoc":{"longitude":-176.37960052913488,"latitude":54.74004329343944}},{"userUuid":"e1ad63b4-90ec-4624-95ce-915716aada84","userLoc":{"longitude":-86.29129406933409,"latitude":-53.04387997942499}},{"userUuid":"8d247c9b-b493-468b-80db-ef5d3defaf55","userLoc":{"longitude":140.2890685676042,"latitude":-4.226715857669774}},{"userUuid":"4cb41beb-9e6a-4e39-b15f-3822a7363993","userLoc":{"longitude":113.89481002176126,"latitude":5.971041501847466}},{"userUuid":"305e4585-5686-404f-9a11-a4724bd15bf2","userLoc":{"longitude":137.6546601293296,"latitude":-35.535434959314756}},{"userUuid":"89db4bf4-3ac3-40f5-91ee-8f6c1b6413c3","userLoc":{"longitude":84.80364097969147,"latitude":83.74504856799516}},{"userUuid":"114003d6-96a8-4d69-bed2-1f598686ee35","userLoc":{"longitude":136.62152151224888,"latitude":-68.24189320517952}},{"userUuid":"a7e05f0c-0694-4032-a7c9-84dfd72de0aa","userLoc":{"longitude":-5.122309621248263,"latitude":10.568336257941837}},{"userUuid":"e1692281-1721-4137-95cc-8c1e8aacbeb3","userLoc":{"longitude":-37.30376301055722,"latitude":-18.912560574263793}},{"userUuid":"306d043e-dd9f-4d93-bc13-ca9c6830fbe1","userLoc":{"longitude":-28.559014807106593,"latitude":-66.56301587771128}},{"userUuid":"ba7424ac-a80c-4ef7-a5b9-17e39b15bfe3","userLoc":{"longitude":58.271289402541015,"latitude":-45.783033703278036}},{"userUuid":"0cc11682-3136-42e0-8947-66858d323353","userLoc":{"longitude":-48.251222673702785,"latitude":-42.3445808710306}},{"userUuid":"64335889-f87e-4ec0-9152-4fc5dc671c70","userLoc":{"longitude":97.87165651537072,"latitude":56.162602176395836}},{"userUuid":"3e1bec86-d88f-4c0c-b057-4ca401f1ae16","userLoc":{"longitude":-113.8091976206812,"latitude":-14.837805276074278}},{"userUuid":"65ce562f-c78e-4ec8-84a9-ea4a9cbb0a28","userLoc":{"longitude":122.25980673428995,"latitude":65.79205889984911}},{"userUuid":"974d9660-eea2-457a-9b48-068b113f0038","userLoc":{"longitude":-5.038612643178965,"latitude":-57.23793548009421}},{"userUuid":"a54139ce-8b72-4bb5-88b5-72b6371f2c8e","userLoc":{"longitude":-119.40594843833343,"latitude":-0.5841390107608504}},{"userUuid":"66630a26-ed52-4885-8610-6dcab3ce473a","userLoc":{"longitude":163.23230540261744,"latitude":78.98958908641592}},{"userUuid":"b5c6a3a6-c842-4968-b73a-8c46a20d672a","userLoc":{"longitude":-168.04697931961385,"latitude":-48.02809142771253}},{"userUuid":"65307da4-d03b-4cda-869d-88f33c9bab9b","userLoc":{"longitude":104.90018970049488,"latitude":-49.46970206857847}},{"userUuid":"1663cbff-1bc0-40f1-8c5e-6c1487ce901a","userLoc":{"longitude":-131.22788577619548,"latitude":30.087711858986097}},{"userUuid":"92fde371-c464-4565-bf74-4d6b0b547fbf","userLoc":{"longitude":158.30843692436628,"latitude":-47.83990423795269}},{"userUuid":"cb910ad5-9b62-449f-9e9c-211b52125c35","userLoc":{"longitude":96.39615769989473,"latitude":53.40013282880747}},{"userUuid":"592f60a4-4065-4a0c-97bc-5d350e8a3b92","userLoc":{"longitude":4.462018603632316,"latitude":-2.304792004704879}},{"userUuid":"1c021bd3-581f-4044-a6d1-e8c70d230a09","userLoc":{"longitude":151.80078956171917,"latitude":37.03930320110037}},{"userUuid":"da88fcac-fc85-4a08-8264-9c3e149bba00","userLoc":{"longitude":-82.06105456574443,"latitude":-65.73253010698882}},{"userUuid":"99366e3f-853e-4d26-85f6-ee4b0a6ea411","userLoc":{"longitude":-120.62626842516238,"latitude":-61.23071361220266}},{"userUuid":"513f72e9-2317-42ad-8478-2aa43220e840","userLoc":{"longitude":-134.5040017262242,"latitude":-24.82750999723494}},{"userUuid":"2f706504-449f-4d2e-a8bb-5445b1d9d078","userLoc":{"longitude":-105.68105923885328,"latitude":-76.22995715885295}},{"userUuid":"7b67a8e2-1d06-49ee-90c3-44881a71b8db","userLoc":{"longitude":15.788240024140265,"latitude":-83.33945517307455}},{"userUuid":"326a567c-1063-4727-bc7f-e426d126ef3f","userLoc":{"longitude":4.964099605949343,"latitude":-21.42941637456692}},{"userUuid":"0557ea49-1d9f-4f8d-beaa-2bc2f749ba73","userLoc":{"longitude":-105.85380050479966,"latitude":6.582521229953926}},{"userUuid":"7d4cadc6-702a-449f-b26d-a4fa225cb81d","userLoc":{"longitude":141.61069291297082,"latitude":5.424764893252998}},{"userUuid":"abfa0194-5151-4f4f-b65d-4da79db97078","userLoc":{"longitude":-26.11243823162124,"latitude":60.906915433092024}},{"userUuid":"e87cda01-b66b-4478-859b-a2fd3562cccb","userLoc":{"longitude":-110.02742600351925,"latitude":-7.930809835998659}},{"userUuid":"0df16166-d125-4a70-9dc5-092c136e7ffd","userLoc":{"longitude":178.04415681342545,"latitude":38.798514562401834}},{"userUuid":"4fb65eef-0c8c-4c50-96ce-41b3b3d6db3b","userLoc":{"longitude":-69.74969750415562,"latitude":-64.30888674139992}},{"userUuid":"c64ceb09-281f-4f64-b706-1daff3d33dd6","userLoc":{"longitude":-100.52839073463032,"latitude":-39.03912133596785}},{"userUuid":"befdd0a2-6711-43d6-8795-ce305e4de1fc","userLoc":{"longitude":-3.377790157554813,"latitude":35.062616608301866}},{"userUuid":"0f606333-7a6a-4e3e-bbfd-31e99b6749b2","userLoc":{"longitude":-173.41219615422798,"latitude":-29.569716345207667}},{"userUuid":"50552c70-308d-406f-b081-80f4c1c31185","userLoc":{"longitude":-65.37075948535696,"latitude":33.836958657193094}},{"userUuid":"2a4a471f-f540-4c2a-87c7-76c6d7442031","userLoc":{"longitude":108.24382834050067,"latitude":-12.909639409608758}},{"userUuid":"59dc6fc4-cf18-41dc-8448-edcef37eb68a","userLoc":{"longitude":17.403195063367207,"latitude":56.67144451994784}},{"userUuid":"db0a64a5-403f-4da0-908e-deb0052f52a8","userLoc":{"longitude":22.07587151025865,"latitude":-20.870370086931302}},{"userUuid":"3f8b37b3-1e41-4596-a26a-4ac09b7b6f9d","userLoc":{"longitude":24.67198006854113,"latitude":-23.566341981027982}},{"userUuid":"87af280a-46fa-42af-973e-1b7f2a790318","userLoc":{"longitude":-108.00633661098054,"latitude":1.126006166053358}},{"userUuid":"f125ba1d-274e-4387-9276-39b3d4959cb5","userLoc":{"longitude":-115.21228206421301,"latitude":1.4213783807038993}},{"userUuid":"8caf728c-95d6-49ea-864b-8dd6a1844fbb","userLoc":{"longitude":24.543967648861667,"latitude":83.30391447137134}},{"userUuid":"a6d98af8-0d44-4946-8556-8da3adc317db","userLoc":{"longitude":-34.89266035713766,"latitude":-57.18386819766867}},{"userUuid":"aefc57cd-72c1-46d8-9546-98eb29d3377e","userLoc":{"longitude":-33.56440090568711,"latitude":-48.63501730092102}},{"userUuid":"c9cbb40f-04f8-4b6c-a182-0edc9b25e6e3","userLoc":{"longitude":71.76015717216885,"latitude":84.44491430347733}},{"userUuid":"473c1888-ac3e-406f-9821-5e5384c0a167","userLoc":{"longitude":-49.140502238451006,"latitude":-80.7249299372451}},{"userUuid":"3f71307a-5e6c-4376-b9b2-53822e5c7a7c","userLoc":{"longitude":171.18119362850814,"latitude":73.06565410055248}},{"userUuid":"9a424086-76f9-4e0a-881a-d33c2d7666d1","userLoc":{"longitude":-40.651216642941165,"latitude":-2.52209568004902}},{"userUuid":"c9c1ef21-d119-4d62-8968-c20df025b8ea","userLoc":{"longitude":74.37114156911991,"latitude":-80.75067066299582}},{"userUuid":"c8d711d3-64d0-40e3-90f2-9075c05f92d6","userLoc":{"longitude":167.83497046863698,"latitude":8.49126073491982}},{"userUuid":"671fc58a-7989-43fa-8c92-7abadc89b397","userLoc":{"longitude":77.71105322629654,"latitude":2.4826915905521787}},{"userUuid":"f0650c60-48d0-47e7-a929-618041586479","userLoc":{"longitude":111.67557256505557,"latitude":-14.760633607907891}},{"userUuid":"95cf24a5-f02f-48a7-aba2-782e7e223846","userLoc":{"longitude":-43.650448445868676,"latitude":-83.43813152880175}},{"userUuid":"3d083db6-123e-4218-9a46-0d0727ad694e","userLoc":{"longitude":144.3613051035237,"latitude":-1.7609914853016164}},{"userUuid":"4bbaf702-5aeb-4028-b2ce-05fca6203ddd","userLoc":{"longitude":149.4233664795304,"latitude":-72.69932137308038}},{"userUuid":"61b5c8fd-16e7-489d-b7ec-4ea1da79f39a","userLoc":{"longitude":-140.49161600932626,"latitude":-16.56941090545935}},{"userUuid":"f3237328-0d7f-4e34-b261-dbb8bf800098","userLoc":{"longitude":67.82627589321228,"latitude":-26.44170543964097}},{"userUuid":"2f83548d-926b-4741-8c73-9c77f6420ab2","userLoc":{"longitude":70.0352013065116,"latitude":62.657938851511176}},{"userUuid":"5654c61a-3574-40c5-9a26-4a0732152906","userLoc":{"longitude":95.78404466823741,"latitude":60.948539894051834}},{"userUuid":"97423f43-d1a1-4eb3-a98c-68f498943215","userLoc":{"longitude":-20.29230324735451,"latitude":-34.863935078545865}},{"userUuid":"99d4c3b8-2b9d-426f-be69-17bd44b71f3d","userLoc":{"longitude":48.56753025053692,"latitude":63.95738175784888}},{"userUuid":"1e002c46-78d7-40ab-b282-0209ea558216","userLoc":{"longitude":63.35602046575272,"latitude":15.57600814570037}},{"userUuid":"176d9ef1-3b16-4d78-b174-4c3cc5d17975","userLoc":{"longitude":-174.47027214579697,"latitude":58.22612113345946}},{"userUuid":"d0a0268a-6060-4ef3-b71c-b8d5a5b87bb3","userLoc":{"longitude":58.18435176542232,"latitude":-23.093689322049755}},{"userUuid":"2fe792fd-6003-4b25-a405-43a59877d74e","userLoc":{"longitude":-22.58492490555912,"latitude":58.910117026277476}},{"userUuid":"47571eba-5379-4ed3-bee6-7de8da632794","userLoc":{"longitude":-106.84193574937804,"latitude":-57.27552350977335}},{"userUuid":"9f9787fd-9a20-4854-b353-5fa926842e94","userLoc":{"longitude":67.34780624025427,"latitude":24.090582931973188}},{"userUuid":"5c468cc5-9824-495d-a528-aa14aefd55d3","userLoc":{"longitude":44.990360710508526,"latitude":-74.73635340844957}},{"userUuid":"ab9fc557-5255-466a-93c3-2cbed6cdfb46","userLoc":{"longitude":-1.7779037974797802,"latitude":-28.62714996410773}},{"userUuid":"6c4acf70-4079-4d21-a16d-22fe440bc4cc","userLoc":{"longitude":74.09922659528436,"latitude":48.819533912675126}},{"userUuid":"6bffe10b-c6a9-4351-b717-1375afc5617d","userLoc":{"longitude":-176.19940488729625,"latitude":43.08654119185874}},{"userUuid":"69806cee-9a29-47ef-a543-b2f9f4e77f9b","userLoc":{"longitude":-167.9160594385066,"latitude":-83.6918665588198}},{"userUuid":"73bb553d-4a10-4392-a253-343dd68e1891","userLoc":{"longitude":115.87689898699205,"latitude":-61.560677785229416}},{"userUuid":"40e41bae-410b-4267-a909-ee1a5d0631b8","userLoc":{"longitude":-94.72475541562386,"latitude":55.59345241311024}},{"userUuid":"f96fca8f-16b6-4dea-8446-298b1abede4a","userLoc":{"longitude":-86.11534864714113,"latitude":-76.99587369901613}},{"userUuid":"dd45acc3-6ecd-4774-9865-2895e318ee81","userLoc":{"longitude":-149.96642184844757,"latitude":-26.253668085348295}},{"userUuid":"14f21d2d-c520-4162-9ee4-dd277a7e4919","userLoc":{"longitude":15.515351933921096,"latitude":76.23097657854032}},{"userUuid":"172aa249-f7b9-47f3-abca-72a2f2721f98","userLoc":{"longitude":159.1630943983106,"latitude":56.022238953254}},{"userUuid":"0e0ef393-a4bc-420a-9139-91557e0c26b1","userLoc":{"longitude":-134.3337336756276,"latitude":19.950013139355576}},{"userUuid":"2ed0926f-e947-43a6-b7fa-154dad714f35","userLoc":{"longitude":133.5900921694937,"latitude":-74.20098916605258}},{"userUuid":"ae1b9bd2-bc15-4af2-b3a1-5fa9c19e7189","userLoc":{"longitude":-53.47934076058726,"latitude":1.3372608778646082}},{"userUuid":"ec2ed0f9-53b1-4b7e-b380-722b1207a1f5","userLoc":{"longitude":53.81860346313687,"latitude":-41.198977813022665}},{"userUuid":"f9a1385a-147d-4fda-ac75-ce7e65bc0b9d","userLoc":{"longitude":166.7037185175493,"latitude":-73.65147366366055}},{"userUuid":"461a811c-3cbc-4bcd-8ede-11462848337a","userLoc":{"longitude":-21.711220008500163,"latitude":-24.509376312272842}},{"userUuid":"6610a344-0658-4fe3-ba6d-5c6d93d53bc2","userLoc":{"longitude":101.59602251148095,"latitude":73.85905402555449}},{"userUuid":"e3f7c612-8a83-49d9-9ad2-47eefbf1d853","userLoc":{"longitude":123.09222110599904,"latitude":52.658192318448414}},{"userUuid":"1e19c696-3075-499c-9484-1a898368828a","userLoc":{"longitude":118.24854049433486,"latitude":49.81981775049118}},{"userUuid":"cc4d5ee4-4ba7-44ea-8c77-be2b2d1e24a3","userLoc":{"longitude":-155.53314639522114,"latitude":-3.8844398334529444}},{"userUuid":"6a324850-4e6a-4c55-bfe7-3d22cc3311e1","userLoc":{"longitude":110.43734361015726,"latitude":39.863015888931145}},{"userUuid":"d86c3197-c7ef-490e-9238-41d39ad4e112","userLoc":{"longitude":-6.508176862791316,"latitude":65.64103191373198}},{"userUuid":"baf1b59c-15ac-4573-9664-e640c58c9272","userLoc":{"longitude":-63.30099457007056,"latitude":-29.625362433337045}},{"userUuid":"80a775aa-37cd-40c5-9875-7f6e1c563f26","userLoc":{"longitude":177.91145696213857,"latitude":-37.474070708559005}},{"userUuid":"30b27d94-2ce8-43f1-830d-dc4bce002eed","userLoc":{"longitude":87.93074702534602,"latitude":77.01392118121103}},{"userUuid":"969a06ba-f32f-4030-9cf3-c797f28ef74a","userLoc":{"longitude":-170.94268356621194,"latitude":-32.840079182677485}},{"userUuid":"0db7feb3-490e-455f-9adb-daf43488d8cb","userLoc":{"longitude":-160.10192123584187,"latitude":72.84645063355973}},{"userUuid":"9216b7ed-f508-426c-9b15-b10965284085","userLoc":{"longitude":-61.90360410282227,"latitude":22.14574583051825}},{"userUuid":"0aa3d0a4-d7f4-4f2e-82b0-74df74845ecc","userLoc":{"longitude":140.8009177333281,"latitude":-13.581894509194143}},{"userUuid":"5d1fe182-a768-49c9-98ef-9c5b44f1c584","userLoc":{"longitude":-70.57226359433781,"latitude":-53.529879408261905}},{"userUuid":"cdb54a37-48e3-4d67-8524-81980c70dc9f","userLoc":{"longitude":98.10703789522051,"latitude":-35.547297260004775}},{"userUuid":"a623b795-a41c-4155-9303-c71e1408efee","userLoc":{"longitude":-123.31372981077303,"latitude":-0.584091862162083}},{"userUuid":"41138182-d548-4cfc-8df0-30194cd084a6","userLoc":{"longitude":-27.895383455576933,"latitude":-48.41098188394977}},{"userUuid":"ed6888c3-e2d7-4cb3-99a3-4ece5250ce3e","userLoc":{"longitude":95.455879854155,"latitude":-59.65218619173348}},{"userUuid":"85767921-9666-4719-8b94-4ea2a5ebcb56","userLoc":{"longitude":-46.68162285487335,"latitude":19.826105445232145}},{"userUuid":"ee7f39f9-0945-45ea-9a63-998fd79bc7ef","userLoc":{"longitude":111.42882909976487,"latitude":-79.55337956081414}},{"userUuid":"1ba312e2-417f-43ca-abf1-1a2033a9c420","userLoc":{"longitude":-80.43182140155994,"latitude":-32.29480196957197}},{"userUuid":"f906fc2a-496c-4f61-8cc7-25fa001275e0","userLoc":{"longitude":44.16508398462261,"latitude":-42.53660687408267}},{"userUuid":"ebb4cb48-5407-4c98-ba2a-78793cc51b7b","userLoc":{"longitude":158.32031396103753,"latitude":-47.478058986117276}},{"userUuid":"7ed938b9-b2ce-413d-938e-886b91e795fa","userLoc":{"longitude":-28.931741655882064,"latitude":-17.217914325422882}},{"userUuid":"0769940f-66c9-44bb-a8b5-ed8786f92415","userLoc":{"longitude":-82.118158801791,"latitude":70.13715868526708}},{"userUuid":"0e2bd060-beda-460b-aad7-ad97b57936ec","userLoc":{"longitude":-51.780985733999785,"latitude":-43.61454070392737}},{"userUuid":"de6d0d5c-6cbd-4b34-9c81-ca0f9d0819c0","userLoc":{"longitude":-79.35667860269058,"latitude":-42.99551116793925}},{"userUuid":"b607297b-9f4e-4fbc-ac07-6c1867c426e6","userLoc":{"longitude":-151.94058622709062,"latitude":-74.8220775473057}},{"userUuid":"a2836183-9113-4c0d-b06c-1a8f5eff31f9","userLoc":{"longitude":-170.34700387710794,"latitude":-81.87497379998625}},{"userUuid":"67a55264-3048-4efd-8071-6b588dda66f0","userLoc":{"longitude":-175.87576094733473,"latitude":-9.755732189174239}},{"userUuid":"79fe5a92-89fe-4432-a452-483107127f77","userLoc":{"longitude":142.42535154086335,"latitude":-63.97864580188728}},{"userUuid":"b189fcdd-f42f-4939-9dc0-81598a6ce587","userLoc":{"longitude":-85.42503403065234,"latitude":-38.11527293100252}},{"userUuid":"9abc9222-f8d6-4462-be09-6b0bbf655a8f","userLoc":{"longitude":167.27566937379135,"latitude":30.36195239438476}},{"userUuid":"7854b9a1-5af3-40e9-82f6-be432c91c638","userLoc":{"longitude":-55.099893242787275,"latitude":15.135462504211674}},{"userUuid":"04214ae9-198e-48de-b952-f23f044846af","userLoc":{"longitude":-173.92101381332103,"latitude":7.059575155734507}},{"userUuid":"a515bb0e-424c-407a-9913-c190bac9eaad","userLoc":{"longitude":171.64378029982015,"latitude":-29.101589122091205}},{"userUuid":"d89c89da-4b78-49d3-885f-939755757ffd","userLoc":{"longitude":123.58755170724237,"latitude":-33.779429615452045}},{"userUuid":"64bf61d7-291a-4ce9-9c9f-80048f751de2","userLoc":{"longitude":-168.55987011763634,"latitude":-51.471352803313835}},{"userUuid":"ff4b088a-2c79-4793-8844-db638a9e9020","userLoc":{"longitude":149.243523071286,"latitude":16.145159963324645}},{"userUuid":"6b6b963c-ad48-489f-bf8c-fc309babccc5","userLoc":{"longitude":20.771440374313812,"latitude":74.76115721799152}},{"userUuid":"b56a7506-bb32-4cb6-a9eb-a1926b72b211","userLoc":{"longitude":-158.1999034464085,"latitude":-52.989065234773754}},{"userUuid":"87355a77-374f-477f-b346-a5dfb2304be6","userLoc":{"longitude":139.00955084658347,"latitude":-6.7479095799262865}},{"userUuid":"14be5627-f1a1-4512-a42e-5272ec673516","userLoc":{"longitude":89.13160971733873,"latitude":-35.63874983309288}},{"userUuid":"7d1bbd36-1433-4a34-8b4f-a3fe1f91df78","userLoc":{"longitude":107.2434523660607,"latitude":57.42773062983059}},{"userUuid":"4d970e1b-9639-4ea7-8fd8-a129dd5ad3a0","userLoc":{"longitude":146.49478900835197,"latitude":-82.73546544061132}},{"userUuid":"59df319b-5362-49eb-b601-b904096dbea5","userLoc":{"longitude":-25.272214379123,"latitude":7.926619605651609}},{"userUuid":"4e9c3d77-91cf-42c7-8a3a-cead95cd8406","userLoc":{"longitude":29.889464639258165,"latitude":-44.075855178141836}},{"userUuid":"51457b08-e65b-4aa1-8f82-23bed3bf8a39","userLoc":{"longitude":69.58356842252863,"latitude":18.03742122974758}},{"userUuid":"b0281dab-b256-42d5-8334-e72b3a1697c5","userLoc":{"longitude":145.0142628518637,"latitude":-26.51260056588449}},{"userUuid":"c7c25f6e-e5a1-4856-83f6-9b315f9ac91c","userLoc":{"longitude":128.95627141494407,"latitude":-33.12254476553959}},{"userUuid":"51757d59-32b6-4488-9436-d4c58307b174","userLoc":{"longitude":167.5940908619162,"latitude":-24.85366701564577}},{"userUuid":"c96a96be-7f5d-490c-8b66-cccd7d90aeae","userLoc":{"longitude":124.24476304054133,"latitude":24.40487928149318}},{"userUuid":"0c99642b-ea96-4820-8757-f02541b67f3b","userLoc":{"longitude":-97.05321956646517,"latitude":10.520888959250186}},{"userUuid":"6d74053a-16ff-445f-a9d5-ad20d432f7dd","userLoc":{"longitude":170.41833284746838,"latitude":-37.71425015615618}},{"userUuid":"55fc03fa-8e7e-442a-af01-4a4d1db67ce0","userLoc":{"longitude":20.762387027206813,"latitude":47.20447067337071}},{"userUuid":"f5d59817-00f0-4c54-8a27-1997beac4015","userLoc":{"longitude":131.57293799225505,"latitude":60.84784718591547}},{"userUuid":"6e3ec9f1-c9ed-48ab-a770-c20010f107c8","userLoc":{"longitude":9.555612428135731,"latitude":13.279061126419009}},{"userUuid":"ba5972d6-25b1-4595-bd6f-6276d9fda7d7","userLoc":{"longitude":86.85799591099925,"latitude":47.19649695693039}},{"userUuid":"113670c2-34cc-4769-a43a-0ab8d7258014","userLoc":{"longitude":18.28906932873889,"latitude":-59.15697685938868}},{"userUuid":"30e88b3b-fa6e-4139-b4fd-6d7c82b819c4","userLoc":{"longitude":-126.61118806498669,"latitude":62.60520706723517}},{"userUuid":"26285a88-ed26-440c-8eab-faed0fe9d3cb","userLoc":{"longitude":43.31211233045039,"latitude":63.88520278496918}},{"userUuid":"00799bfe-f7d2-4f38-b3a3-a7860a655025","userLoc":{"longitude":174.57273346166244,"latitude":-78.88829087997108}},{"userUuid":"ea0c76a4-c37e-4ede-b2bd-8156b1b9e62f","userLoc":{"longitude":-49.11074738219847,"latitude":36.912878718509276}},{"userUuid":"6ef5bf75-fdc0-4a0d-9a50-9c6190e63403","userLoc":{"longitude":-78.7823585458318,"latitude":1.2440422643117444}},{"userUuid":"4cb78d6a-6d8b-490e-900c-18cb5ee5bee9","userLoc":{"longitude":125.17514293255755,"latitude":8.642084858104923}},{"userUuid":"62443ff8-5b6c-4dc2-bfcf-33ca4f6a2591","userLoc":{"longitude":170.6773351110894,"latitude":80.35479126297403}},{"userUuid":"a41e93bf-1930-4332-a39c-c2100885858f","userLoc":{"longitude":141.1250418387333,"latitude":-51.76615996282607}},{"userUuid":"28ff0bd7-a3ad-46a3-9357-f8bfea178265","userLoc":{"longitude":58.548124844866635,"latitude":83.64564669638077}},{"userUuid":"891158d2-922d-4e5e-b8f2-8e46d04c4feb","userLoc":{"longitude":53.89602435991662,"latitude":14.111394421380894}},{"userUuid":"4ea579be-9dbe-4be0-ab76-b746eb9afbca","userLoc":{"longitude":-9.881074895105627,"latitude":-36.08544480565862}},{"userUuid":"232660da-9ca3-4461-a5c3-874ce327b7d7","userLoc":{"longitude":-11.675355497829685,"latitude":44.15065463336512}},{"userUuid":"05570fbf-2cf7-44da-a638-90a526ca55b7","userLoc":{"longitude":-72.64995134823887,"latitude":69.7822743572572}},{"userUuid":"b802d3f7-8742-475a-ac1f-68f3a59e79c2","userLoc":{"longitude":97.99804285499022,"latitude":2.2782776049823923}},{"userUuid":"42945605-1fd0-455e-8d18-0a12de255845","userLoc":{"longitude":-106.76535545258228,"latitude":25.59531537501816}},{"userUuid":"a00e18a2-50ba-419a-90d2-2cbc59cc1d56","userLoc":{"longitude":-104.37182088225983,"latitude":52.781556289624575}},{"userUuid":"584e79c8-cecc-4808-a0b6-429e9f0d0df7","userLoc":{"longitude":84.8490303285979,"latitude":-8.351015513503853}},{"userUuid":"5ca46058-81e2-455d-92a6-f1ac8bdbf42d","userLoc":{"longitude":163.27566122935423,"latitude":-37.13133399443065}},{"userUuid":"a4e858ce-127e-40ab-8595-64117671ec5d","userLoc":{"longitude":58.697391650377455,"latitude":-42.24508003311451}},{"userUuid":"ca42efc5-e128-4d47-8de4-9bcaa1e5ba93","userLoc":{"longitude":-173.98726789023422,"latitude":27.26896883324764}},{"userUuid":"092a410b-5b69-4591-936a-402efbcd7260","userLoc":{"longitude":70.40117000117164,"latitude":-30.356956133834913}},{"userUuid":"6ee65763-1e9f-4f72-a572-b11ec609957a","userLoc":{"longitude":25.210305214796193,"latitude":12.980206319807323}},{"userUuid":"b618bfde-20ec-4fcb-972a-d5c13e7c1991","userLoc":{"longitude":-158.78540024659125,"latitude":49.74119769947305}},{"userUuid":"bfaf6f78-92b6-44d1-ba38-5a49873b7146","userLoc":{"longitude":-120.67645836585152,"latitude":-55.37062079473533}},{"userUuid":"f2912987-118d-4119-99c0-7af8df3b1dd8","userLoc":{"longitude":175.20419308098343,"latitude":-14.3842748558952}},{"userUuid":"036ee696-55f4-4fc0-be69-50469bbaf3c1","userLoc":{"longitude":-39.39327515910006,"latitude":-35.19981448670194}},{"userUuid":"16d05e50-d2e3-42a8-b997-d131a5a627b4","userLoc":{"longitude":-133.9728487761976,"latitude":57.63128820190707}},{"userUuid":"9f9cb8e5-d531-43ea-ad0b-f062bb11086b","userLoc":{"longitude":-60.85357274547927,"latitude":-75.51465045948457}},{"userUuid":"b0ae087f-16ce-458f-b904-4805b95cdeb9","userLoc":{"longitude":40.8386926827086,"latitude":6.909500499783775}},{"userUuid":"9f7350f9-0f80-4efc-ac99-3288075e9f6b","userLoc":{"longitude":130.45875571128,"latitude":-26.84268618667796}},{"userUuid":"24861224-222c-42b2-9739-d79a42faa214","userLoc":{"longitude":86.76573284172741,"latitude":-81.13923932561659}},{"userUuid":"d505ee4e-f240-4f18-8fc6-61afe33c2250","userLoc":{"longitude":144.44409157996205,"latitude":-23.411058582981426}},{"userUuid":"866500c4-95d4-4b67-8992-5259064a2082","userLoc":{"longitude":91.71246670778777,"latitude":-1.9721905214657767}},{"userUuid":"faba6a61-f259-4d60-ba90-3be7c8c86ba8","userLoc":{"longitude":-102.86898721016874,"latitude":61.684823956896224}},{"userUuid":"f890312b-8313-405b-9fae-22cabcc3622c","userLoc":{"longitude":14.25263076838334,"latitude":-37.36614168848902}},{"userUuid":"2923b245-a772-4286-9bc1-e228364a9a0b","userLoc":{"longitude":-69.62280517164159,"latitude":53.72576819605743}},{"userUuid":"6a928bf9-87e3-4c30-b843-34b18c273478","userLoc":{"longitude":-49.57174517043134,"latitude":-82.9955765546885}},{"userUuid":"22882e0e-0408-4b51-80bd-4b8280bd9dba","userLoc":{"longitude":-145.41065446115243,"latitude":7.99378198531879}},{"userUuid":"1e24ba35-9c88-4555-94d9-bc7118c3fcdf","userLoc":{"longitude":-96.03237110935515,"latitude":-50.514103863406795}},{"userUuid":"c0633012-c002-4e05-9aa8-3216e451a489","userLoc":{"longitude":146.49202915342408,"latitude":-64.35173120988958}},{"userUuid":"f8519901-4958-4b2b-b1af-2fe366236850","userLoc":{"longitude":-156.60784205955315,"latitude":16.040188169791904}},{"userUuid":"7af3decb-ff62-45ef-a4b0-ab756b5a8d0a","userLoc":{"longitude":-106.50142066406684,"latitude":15.453664307792394}},{"userUuid":"70f80e40-010a-4435-b6aa-537f96826d42","userLoc":{"longitude":-163.87018296054993,"latitude":53.72418621796936}},{"userUuid":"1f5a736c-c3a3-4c13-84cd-4df5475a7188","userLoc":{"longitude":74.74281429887714,"latitude":-33.65806707683128}},{"userUuid":"ed6b9e2d-90e4-45c8-a1c9-03c5dd3975fa","userLoc":{"longitude":131.09603336085297,"latitude":53.674398961505574}},{"userUuid":"ac652b9d-05f1-4217-a3f1-4edae4700b6b","userLoc":{"longitude":-163.25464052968562,"latitude":-10.414030301175714}},{"userUuid":"6a17ac4e-a428-4c0e-b78a-0875d927439f","userLoc":{"longitude":-145.00512004195977,"latitude":-77.9888752317653}},{"userUuid":"9286719e-6d0a-4aa6-a3c8-a01ca71e741f","userLoc":{"longitude":135.38337727072422,"latitude":-23.538258295193536}},{"userUuid":"ea494d07-e00c-4a79-9d6d-ee1171fd41e3","userLoc":{"longitude":82.22657896364507,"latitude":-63.144376917838116}},{"userUuid":"3366602e-f401-4570-a5f1-3f7ebec013a9","userLoc":{"longitude":-94.34795440051236,"latitude":77.32690874336902}},{"userUuid":"f4e7bef4-b42d-4e84-8679-90806ec2353a","userLoc":{"longitude":-14.36717311584718,"latitude":27.637392166667127}},{"userUuid":"d725f4b4-ad9d-4d61-8f72-74324c720ce5","userLoc":{"longitude":-34.69581349964969,"latitude":17.89530433415537}},{"userUuid":"99e116fb-ebde-47e6-9000-57d0d261019a","userLoc":{"longitude":-150.68846088169798,"latitude":-48.49279568393952}},{"userUuid":"6155dac5-0a19-42e4-b3c1-28d5af9dd92c","userLoc":{"longitude":-125.70760278453332,"latitude":-42.64686236112209}},{"userUuid":"bdbb184f-f391-42f2-b3f6-88582fa2c7a3","userLoc":{"longitude":84.57890444607699,"latitude":-7.3761838974137675}},{"userUuid":"fcf61b0b-e994-4f80-9bc7-815decf87983","userLoc":{"longitude":-83.60925481906303,"latitude":-23.43230590681147}},{"userUuid":"8c19ca81-353f-4904-912a-ddb779144a52","userLoc":{"longitude":-160.0723286747064,"latitude":-58.81217760312529}},{"userUuid":"5052cd3f-4e85-43f0-9e31-7fb3a53fd4fd","userLoc":{"longitude":160.38143914399376,"latitude":-79.73001642458533}},{"userUuid":"5017ae3a-ffd3-400a-9e24-90f37ea615f4","userLoc":{"longitude":114.62606990387621,"latitude":77.3502534086224}},{"userUuid":"43e52bfa-06b4-49d0-808f-308373ee1ddf","userLoc":{"longitude":-158.72073650466953,"latitude":-38.44336225003318}},{"userUuid":"65062dbd-66b2-40e6-9911-eba4f3af9d83","userLoc":{"longitude":67.978181166664,"latitude":-81.63071153408129}},{"userUuid":"58b4e100-d3aa-4780-b3e7-6cdbf07c69cf","userLoc":{"longitude":108.68670984119836,"latitude":-51.096779340011345}},{"userUuid":"346e3e0c-d1c7-4692-9431-fe19b42c6721","userLoc":{"longitude":25.777819141754804,"latitude":78.05086580599564}},{"userUuid":"c0864dd0-99ec-4249-9fc5-22ecc72fdce8","userLoc":{"longitude":18.957641767820974,"latitude":-82.34713028760035}},{"userUuid":"83d5f6a3-e919-43a6-a6a0-ea5fc353d19b","userLoc":{"longitude":159.92772149324992,"latitude":-38.17889566302642}},{"userUuid":"d2e7806b-5ed1-4cd4-9241-b9ecaf47d804","userLoc":{"longitude":-12.73814523968528,"latitude":30.721199533238035}},{"userUuid":"9cd11f45-7d90-4168-949f-a1120520ab3d","userLoc":{"longitude":-138.84236109332977,"latitude":-18.2042936493079}},{"userUuid":"bfddf97b-1c0d-4133-9c47-9d376e1da440","userLoc":{"longitude":-15.893993220726998,"latitude":33.46118606497208}},{"userUuid":"dbc24265-e236-4937-8e1c-4f4fe845ff78","userLoc":{"longitude":-75.66387800117788,"latitude":-17.604802954079517}},{"userUuid":"4320a887-3472-44a6-9465-940ffd363401","userLoc":{"longitude":-16.003755364692125,"latitude":-48.48773153606015}},{"userUuid":"19e06b15-81fb-4561-9655-75acbef4d25d","userLoc":{"longitude":165.8876188620722,"latitude":78.53708870350283}},{"userUuid":"995c5731-6cdd-4744-82fb-846afb1be05f","userLoc":{"longitude":97.29676116321156,"latitude":-46.43734381707442}},{"userUuid":"d3b38cf0-87e8-4666-b01c-8d30f1917ac0","userLoc":{"longitude":-76.89736839353593,"latitude":8.846357093727718}},{"userUuid":"0459f65e-44e6-4c07-9f6f-e80aac7d5978","userLoc":{"longitude":-66.66693024312738,"latitude":35.33547727716416}},{"userUuid":"c2578789-0744-4240-9c57-82ce7b2e1878","userLoc":{"longitude":-24.886499272822817,"latitude":-9.582144826695895}},{"userUuid":"2b006111-45dd-449b-afcc-2934ae49809e","userLoc":{"longitude":148.16693168683406,"latitude":-54.58085845294487}},{"userUuid":"f7b8f929-8f68-42b2-ab39-155874283c17","userLoc":{"longitude":-99.94775148311251,"latitude":-71.98363508962103}},{"userUuid":"6f485158-ee91-4ff1-aa4e-5d60f69443f8","userLoc":{"longitude":-131.50734551494776,"latitude":22.806736208700627}},{"userUuid":"774ccff7-5e93-4b2f-a460-acd2a47c018d","userLoc":{"longitude":-120.46534241766028,"latitude":-34.61422693004196}},{"userUuid":"3ba918d5-9440-4d4a-a1f1-cdeec262ab6d","userLoc":{"longitude":-146.0386629960806,"latitude":-60.47903599574164}},{"userUuid":"5de6aedf-1f8b-4023-8861-df00e46b9a38","userLoc":{"longitude":107.22342265833066,"latitude":-47.19106059720045}},{"userUuid":"2477d67c-c5b2-465e-816d-9ff6284365aa","userLoc":{"longitude":-59.608284656031,"latitude":20.67696859745628}},{"userUuid":"9700cbdb-65e4-4a8e-86cc-bef23f5d0fdf","userLoc":{"longitude":35.962992496528216,"latitude":-20.091971827739684}},{"userUuid":"9cdec9ba-d8d1-4dfa-acab-e1fefba833b6","userLoc":{"longitude":109.02678113380955,"latitude":10.046710657351284}},{"userUuid":"8def579c-c356-4e71-a31a-bb91d4b9449f","userLoc":{"longitude":-27.12797908488514,"latitude":34.50639607739704}},{"userUuid":"f4e5e854-b8ad-4bcc-a92d-b69f6fffaa6a","userLoc":{"longitude":160.63084639146115,"latitude":38.5265314949812}},{"userUuid":"0f813a3f-b4fe-4c66-a2ef-94780e9a537a","userLoc":{"longitude":73.79801605928176,"latitude":-47.93251253266401}},{"userUuid":"f4db3e4e-ba9d-47a5-b911-f1011c7bd553","userLoc":{"longitude":-95.55288972823037,"latitude":-10.555470497565125}},{"userUuid":"846a10bb-e2ab-445b-93cf-041ac422e77f","userLoc":{"longitude":135.70467168242055,"latitude":-70.44055580665834}},{"userUuid":"0c42ada9-bf9e-4e51-a81d-48715a9fc13e","userLoc":{"longitude":160.65042546059016,"latitude":17.891225123024896}},{"userUuid":"91807866-e3a3-4891-a410-646dc387d37b","userLoc":{"longitude":98.20239838947828,"latitude":61.9958439032001}},{"userUuid":"d28c3967-e58d-4d5e-bb24-f7a20d819140","userLoc":{"longitude":137.3511052584247,"latitude":-13.123626788649915}},{"userUuid":"891e0d73-3e78-4c32-aed2-be88868e8ab7","userLoc":{"longitude":-47.56346043635253,"latitude":-50.87583243204549}},{"userUuid":"ced17fbe-7a76-4486-abd9-840bd8d5aec1","userLoc":{"longitude":45.07005806953069,"latitude":-51.25002480545317}},{"userUuid":"4d1aeb25-2bb9-46cf-8285-9e72ea95b61a","userLoc":{"longitude":125.64511427615747,"latitude":-30.50655389934134}},{"userUuid":"37b5cf8b-c32c-41a5-a985-2385dff18f8e","userLoc":{"longitude":151.34251662505375,"latitude":23.91997760097604}},{"userUuid":"a48975fd-b6c5-4956-a05d-28a4042fde61","userLoc":{"longitude":134.69077045026472,"latitude":59.84933248511362}},{"userUuid":"721bd96f-2355-4fe5-a4ed-4ed5edb51993","userLoc":{"longitude":-65.96661694084247,"latitude":-20.839240401955095}},{"userUuid":"c74dcc75-e996-4a7e-94a6-7c6efecc7db3","userLoc":{"longitude":126.75221426455903,"latitude":10.474769491202778}},{"userUuid":"14aa7c07-98cc-4f86-95ad-f8284bcb0e68","userLoc":{"longitude":12.670248489049726,"latitude":14.82226961696854}},{"userUuid":"7e53ceb7-1454-4386-9431-2106568ce787","userLoc":{"longitude":-111.03476886026932,"latitude":-73.12565291384193}},{"userUuid":"3bd969b1-b12a-44bd-bda8-bdbcc4f4020b","userLoc":{"longitude":110.70273493862152,"latitude":6.021729120035744}},{"userUuid":"fbe5b860-f3d8-4317-8c46-16067a27f9a7","userLoc":{"longitude":116.34716239550266,"latitude":-59.82459506185083}},{"userUuid":"2e1e5b29-0168-4cfb-be05-958b407df87c","userLoc":{"longitude":-3.5350953578906683,"latitude":-18.282453130959453}},{"userUuid":"873aa2f1-ff0c-4f5b-9ab0-ff7169eafb4c","userLoc":{"longitude":8.557918617057595,"latitude":-43.6163430008651}},{"userUuid":"d640b498-0797-4dff-8d95-70ef9411ebe7","userLoc":{"longitude":144.42164418523714,"latitude":-75.81646329874037}},{"userUuid":"4a08dc38-67c0-447d-8b52-e4acb18ca73d","userLoc":{"longitude":116.95870022191554,"latitude":-65.24258086800646}},{"userUuid":"9d264818-4160-4604-be80-d835b6360392","userLoc":{"longitude":95.26225939408141,"latitude":67.40958363780891}},{"userUuid":"38020b3f-0563-4a10-8cae-14070056ca3f","userLoc":{"longitude":12.306076017429007,"latitude":32.38733092698412}},{"userUuid":"0e2f6486-8e55-43b7-96ee-e69b8e0e1785","userLoc":{"longitude":-126.22857179108328,"latitude":37.630116002751265}},{"userUuid":"26814318-98b0-46af-9c86-90a132afb4b1","userLoc":{"longitude":-116.85277726005445,"latitude":-24.15119433651151}},{"userUuid":"7fc938bf-97cc-4269-99ca-0fcf0e34047b","userLoc":{"longitude":135.14479876843689,"latitude":62.027948315254406}},{"userUuid":"61d3e21a-b366-414d-9825-bafe7a076d7c","userLoc":{"longitude":-142.78120738382694,"latitude":-84.97542827269235}},{"userUuid":"ffb6b009-2f22-4391-ad1f-67253efbf3de","userLoc":{"longitude":176.9685104701889,"latitude":-78.61132607655652}},{"userUuid":"9fceeb12-546f-4b28-a746-8d85f66deb98","userLoc":{"longitude":38.197367718221386,"latitude":84.98513464666823}},{"userUuid":"cba9123a-a21b-4e1e-965c-aeb6df147b75","userLoc":{"longitude":95.64882105799433,"latitude":19.142787925265083}},{"userUuid":"5d32baf9-bb1b-4533-a163-96f95b719878","userLoc":{"longitude":145.05304453438885,"latitude":-49.95518884915093}},{"userUuid":"1b75d870-fb46-43ca-948f-d5a2ed02c3fe","userLoc":{"longitude":-93.61679309773915,"latitude":-12.179160172484671}},{"userUuid":"055eccb0-d90d-42e7-9f34-642d26e0c982","userLoc":{"longitude":59.14942423063664,"latitude":58.75011476856068}},{"userUuid":"1f2129eb-380b-4598-b07f-8cfd48d53c5d","userLoc":{"longitude":92.00103741295095,"latitude":28.17184875453276}},{"userUuid":"3016c81b-a646-4443-984c-9628017ef832","userLoc":{"longitude":-129.9970247438144,"latitude":-25.318721415461617}},{"userUuid":"84d1aeff-3fd6-4727-b362-9df81c88639c","userLoc":{"longitude":75.1830695062732,"latitude":77.61946369049744}},{"userUuid":"64f834a1-b2ac-4130-832a-5e7345a2683c","userLoc":{"longitude":32.113123854636655,"latitude":45.94345271273801}},{"userUuid":"e2f66124-34de-48bd-a391-def91476596e","userLoc":{"longitude":-19.108162384521506,"latitude":59.24767169143115}},{"userUuid":"09c25c02-babd-4dab-861e-a31ca3619e7f","userLoc":{"longitude":47.11605041134726,"latitude":35.83974915882003}},{"userUuid":"1819ed85-1ae3-4260-aca4-6bcf5f64097a","userLoc":{"longitude":77.96775771634617,"latitude":-3.0696529664238597}},{"userUuid":"769165f0-3a90-4a8c-bb99-62422b9837f8","userLoc":{"longitude":89.70713205310392,"latitude":-62.69479949609703}},{"userUuid":"fb7b8dc5-8392-48f2-b54c-34baf7cc3c21","userLoc":{"longitude":120.35989497839046,"latitude":-46.50236866081549}},{"userUuid":"9612f1cd-96ee-4f98-8346-4afbcb7ccaed","userLoc":{"longitude":124.5370611013604,"latitude":-61.44411848356866}},{"userUuid":"ab50b727-b1dc-4e38-9bd5-64a9435d4ef8","userLoc":{"longitude":-174.1027082907239,"latitude":-48.92900003338015}},{"userUuid":"2de93c2f-17f4-4ff3-86d4-551e2efdf0ff","userLoc":{"longitude":-8.252338182579365,"latitude":-66.932335658214}},{"userUuid":"55e79d8f-dd46-47cc-ab2c-f5aafd06b94b","userLoc":{"longitude":-106.19435306606456,"latitude":79.68887333223608}},{"userUuid":"51163897-7a7d-4bec-823b-c7f4cdf458dc","userLoc":{"longitude":38.58714460960229,"latitude":18.811890038250283}},{"userUuid":"5802f62e-2826-4317-82b9-8c8758a00d4c","userLoc":{"longitude":-106.28099793309262,"latitude":9.980960169406842}},{"userUuid":"24dea7a8-3f26-4eae-ac2e-4521b3d291cb","userLoc":{"longitude":-133.06832854150792,"latitude":21.317719980392653}},{"userUuid":"05be3b9e-1da6-4f27-9760-994a342cb0f4","userLoc":{"longitude":-165.22967792673003,"latitude":-0.9301105544424786}},{"userUuid":"f9cffc64-c5c9-4a23-bfee-4e7181ca843b","userLoc":{"longitude":-151.5303728003056,"latitude":-1.1630476585977334}},{"userUuid":"5dabd926-8a79-48fc-93ca-9744197336eb","userLoc":{"longitude":102.9597325582925,"latitude":55.58625068923433}},{"userUuid":"72c20843-9884-4e7a-93e0-b3cf6113d4b4","userLoc":{"longitude":-70.18849242359808,"latitude":24.656814238940584}},{"userUuid":"9a57adf3-c52c-4807-a343-0a6666af0ed8","userLoc":{"longitude":-96.38188954036336,"latitude":-40.87356046339372}},{"userUuid":"46af7c10-5540-48a1-b644-635a81afab01","userLoc":{"longitude":153.14010444031106,"latitude":-25.88083738978861}},{"userUuid":"cc809db0-c6a2-4a71-ada2-9e8de32e5ff3","userLoc":{"longitude":116.73002170335667,"latitude":-64.2622436665728}},{"userUuid":"cd7c9248-d015-4225-8ca1-973aebf5904b","userLoc":{"longitude":-111.10418679414852,"latitude":-84.48760372179287}},{"userUuid":"dcf379f0-f316-419d-b37a-b3bc7edb4f01","userLoc":{"longitude":-111.0315410794067,"latitude":79.83022824127536}},{"userUuid":"7cbb14d9-e946-4c36-9efb-6e9806b983b8","userLoc":{"longitude":-43.08877822064278,"latitude":55.86695590683192}},{"userUuid":"9fa78a24-b3c3-4bc4-8316-f8071c9e30e5","userLoc":{"longitude":-28.584302783139663,"latitude":84.69630353097457}},{"userUuid":"383575dd-1e25-4ad2-b99f-f7361371082a","userLoc":{"longitude":177.25916202573387,"latitude":-55.77967949711513}},{"userUuid":"b35dca3f-f113-42a0-b140-a6ca2620eb65","userLoc":{"longitude":-29.545250844657033,"latitude":57.24925951953941}},{"userUuid":"5be1d123-9362-421c-ad9d-c3c09bd1553d","userLoc":{"longitude":-79.19929549883915,"latitude":-82.00786170870764}},{"userUuid":"80d492a9-8c21-4098-9c52-e4dce39567be","userLoc":{"longitude":66.26803171483135,"latitude":45.13633090458018}},{"userUuid":"6644adc9-713b-4365-8cd2-d49349947346","userLoc":{"longitude":-32.205868692004486,"latitude":69.93684938301922}},{"userUuid":"6c24634b-65b9-4a8f-99df-f89020cf42f3","userLoc":{"longitude":64.72084825921792,"latitude":9.90583990385754}},{"userUuid":"c7e62e1f-d180-4d62-8bfb-432594356fc1","userLoc":{"longitude":176.88895158712683,"latitude":60.589788687660615}},{"userUuid":"611f1588-0c75-40de-ad04-7ed6ca9f7c6c","userLoc":{"longitude":175.04691292234577,"latitude":-30.613325090568402}},{"userUuid":"d51e238c-f567-45fc-b049-7a7ebc2f63b6","userLoc":{"longitude":-5.1967015092715485,"latitude":81.5469339647689}},{"userUuid":"1d32ee9b-221a-4103-9ede-2f4370f60d7f","userLoc":{"longitude":87.79725187736545,"latitude":0.18431412125873692}},{"userUuid":"feb4d5e7-cc81-4621-8b4f-d9991a70a642","userLoc":{"longitude":159.64260830696327,"latitude":14.39654280105023}},{"userUuid":"bad729ad-7dc0-4da5-bb55-13a12be9606c","userLoc":{"longitude":-23.170034634290346,"latitude":48.09816739423374}},{"userUuid":"6180535a-d9c2-4fee-b27f-883c22d14a17","userLoc":{"longitude":-120.68927363650143,"latitude":31.494498785626917}},{"userUuid":"694edb96-4094-46b6-8fe1-dcb2f6664206","userLoc":{"longitude":-155.0315524172545,"latitude":-22.64800276576797}},{"userUuid":"6f47b29a-3ee8-4fdd-84ee-7987fc127ed1","userLoc":{"longitude":176.40057259595426,"latitude":-58.400438472242115}},{"userUuid":"d9162f66-521d-4c73-a368-0e446838f00a","userLoc":{"longitude":-5.930857413330301,"latitude":-43.014523030422815}},{"userUuid":"2c269da9-02cb-4bac-940f-291a9f886216","userLoc":{"longitude":172.01020416330726,"latitude":47.08738372353349}},{"userUuid":"6309b64a-8b41-4389-81eb-4ac7e165b9d5","userLoc":{"longitude":105.01780139159337,"latitude":-31.612080403308283}},{"userUuid":"98c47a3a-d381-4941-9535-c298d5fc018d","userLoc":{"longitude":114.47441791048169,"latitude":50.17824032550885}},{"userUuid":"d94a8f25-7ddd-4544-b65b-357b7e7a7241","userLoc":{"longitude":85.7475150859093,"latitude":71.5889706798103}},{"userUuid":"508b5e99-c5a3-45c0-96e5-aeabcf6c7e1c","userLoc":{"longitude":93.93706321654105,"latitude":38.750161943840766}},{"userUuid":"3f163d8c-0b82-4659-b9cd-0dfa33295020","userLoc":{"longitude":2.2364021326252157,"latitude":38.90747614132097}},{"userUuid":"e92d179b-722e-481b-8f01-35e0f674d021","userLoc":{"longitude":121.3187032542786,"latitude":81.23141055433874}},{"userUuid":"c8098983-5a21-421f-af78-f71f2078f15b","userLoc":{"longitude":72.10441185248766,"latitude":-27.57023802497484}},{"userUuid":"aeca4a80-cd5b-4c9a-831b-e65e817bf0bf","userLoc":{"longitude":21.76972716638764,"latitude":13.571705740680926}},{"userUuid":"20485259-0b6c-453d-9340-10772307b1bc","userLoc":{"longitude":132.12185215415894,"latitude":43.16836829246324}},{"userUuid":"58bff9cc-cdf3-4da6-b5c7-f2d669e349cc","userLoc":{"longitude":95.44364523833667,"latitude":56.58183945994395}},{"userUuid":"17fd16c5-27cb-4b9d-a274-a071a07ab771","userLoc":{"longitude":176.3526160636123,"latitude":-67.28789013598507}},{"userUuid":"ac5c77fa-be43-4d95-8f6c-ac2eecd314a5","userLoc":{"longitude":-68.28804529768716,"latitude":52.47082972705749}},{"userUuid":"6fd9d5a4-d528-4c37-83f7-3ca550b928f3","userLoc":{"longitude":-95.9768467038897,"latitude":40.868234470526275}},{"userUuid":"0f74617c-076d-40d5-a89c-63449b83862b","userLoc":{"longitude":-97.01609852144952,"latitude":33.62534855680164}},{"userUuid":"36448aa3-04fe-4185-9cec-f9bb0bbd4b49","userLoc":{"longitude":7.505597974451689,"latitude":9.181022159792946}},{"userUuid":"6a966ff2-ba4c-4e83-aa11-f51cc801a6c2","userLoc":{"longitude":90.47770058602015,"latitude":-50.352446220079834}},{"userUuid":"d444a57d-bb8d-4347-9c34-6b8c48794d31","userLoc":{"longitude":79.06277351447278,"latitude":24.499674815703827}},{"userUuid":"401465bc-fd0e-4cae-b3cc-cdb407a96aa1","userLoc":{"longitude":-121.98522348919306,"latitude":55.61261253117664}},{"userUuid":"eddac4ac-44b4-4e31-896e-e3244739d9cf","userLoc":{"longitude":105.23994803800747,"latitude":51.45462195974662}},{"userUuid":"1b690ee3-3227-4104-82db-45f1afe09e7d","userLoc":{"longitude":-77.83570367529863,"latitude":-23.840326193973482}},{"userUuid":"1d9a4ed5-d9a6-4744-b100-7dbfbf4887f2","userLoc":{"longitude":161.15810955371586,"latitude":-74.2927662323273}},{"userUuid":"c7c94567-f346-4fe3-a432-9a0fe95a502d","userLoc":{"longitude":0.6867833219044712,"latitude":-76.15583209278779}},{"userUuid":"b8505f7a-0476-4a1a-9ff8-a6200453b011","userLoc":{"longitude":-64.05829725757204,"latitude":-10.328097950983093}},{"userUuid":"d880daae-d97f-45af-bcf2-5a3b4966f226","userLoc":{"longitude":118.5771414953951,"latitude":-80.44507683657652}},{"userUuid":"3686147e-b9a4-4e2e-94f5-76b1a38e29c7","userLoc":{"longitude":56.98020852019869,"latitude":-16.01836883498119}},{"userUuid":"75f59c87-8623-41c5-b7ed-31945a947d8a","userLoc":{"longitude":-78.48515316734563,"latitude":57.33916849664749}},{"userUuid":"2151c370-38f6-419b-9567-992e94cd2065","userLoc":{"longitude":-40.44343380017517,"latitude":29.14714769671501}},{"userUuid":"a9ad53a9-cb33-4be5-bd51-f5c60f25863f","userLoc":{"longitude":143.55948630195758,"latitude":-7.616812378673728}},{"userUuid":"c974ef57-7d6d-44a3-b67f-2f3539aef56c","userLoc":{"longitude":-143.67831625264665,"latitude":-52.22989446243111}},{"userUuid":"e10ab875-9a8c-40ee-9f2b-093832bca94d","userLoc":{"longitude":122.21611112276423,"latitude":-15.027678122578436}},{"userUuid":"06b29bd2-6fad-4ed1-840d-4bc9302e458d","userLoc":{"longitude":28.2610275473738,"latitude":76.59764329958125}},{"userUuid":"ab35a52b-0d61-4868-9491-c5a2bb55eb14","userLoc":{"longitude":78.67883558696866,"latitude":57.38497825443591}},{"userUuid":"177add5e-cae4-4656-b815-b3b6011ea551","userLoc":{"longitude":-57.32098141445887,"latitude":-36.5103833860143}},{"userUuid":"247426f8-98af-4514-8b6c-a3911da99678","userLoc":{"longitude":135.5140912073581,"latitude":55.982587811523786}},{"userUuid":"2a45aa5a-4a54-44e6-a605-db3e9649da9b","userLoc":{"longitude":-3.2060891091927317,"latitude":-83.46315529733876}},{"userUuid":"610a508f-e4d3-4047-9d5a-d095275eb39b","userLoc":{"longitude":-60.303319526826016,"latitude":13.711116950877297}},{"userUuid":"2acba42f-7914-420c-897d-2fa9d4b8fe47","userLoc":{"longitude":-108.71300013986482,"latitude":15.05718962068724}},{"userUuid":"0e4f3d73-c5f4-491c-ab0f-4a7ba59537f1","userLoc":{"longitude":-162.56839821332275,"latitude":-51.46664101729394}},{"userUuid":"025af2c1-b303-455a-90cf-6d444651b799","userLoc":{"longitude":-179.7468731962285,"latitude":50.0675932977922}},{"userUuid":"36b5a469-8522-4f7a-9465-7c76894c65af","userLoc":{"longitude":82.90169102367685,"latitude":55.79178304160456}},{"userUuid":"f7c17ad9-1dee-452f-a2ea-99ea9995671c","userLoc":{"longitude":-173.45463107335047,"latitude":9.981773864703484}},{"userUuid":"5a7bc066-cfcd-492e-8285-98c837ab790b","userLoc":{"longitude":-134.7887246409033,"latitude":-13.755571795558453}},{"userUuid":"c2dc852f-88d9-41e6-b63d-8a23d0aa9990","userLoc":{"longitude":-135.75970861623378,"latitude":80.22857681659139}},{"userUuid":"e4cc2d28-518f-44c5-b009-ecde54fa7d88","userLoc":{"longitude":-165.68043875504952,"latitude":50.78886302623346}},{"userUuid":"18d2b125-6682-45b5-852a-10c75f159efc","userLoc":{"longitude":145.44471793416335,"latitude":-42.40728078580738}},{"userUuid":"d42badce-6217-4ac0-a17c-5cc34e5ad009","userLoc":{"longitude":-107.46433912653112,"latitude":-52.337282407122665}},{"userUuid":"3722fc28-9e57-46cb-a470-fcdd8ccdec78","userLoc":{"longitude":-126.68495565213479,"latitude":44.35123558121958}},{"userUuid":"56de3259-f707-4ef2-94f5-6ad242e80518","userLoc":{"longitude":-90.80768406846764,"latitude":7.154542635939279}},{"userUuid":"74b46bd4-4210-42df-9660-172934d4f5a2","userLoc":{"longitude":-70.49953199260219,"latitude":-14.423603097194786}},{"userUuid":"9cd36699-3584-405a-8908-e4335a40b617","userLoc":{"longitude":-127.48445133586557,"latitude":33.93820526113642}},{"userUuid":"453da6f6-ea31-445a-a975-16386d6583b2","userLoc":{"longitude":160.3711210993958,"latitude":3.0982605620097416}},{"userUuid":"588080f2-c157-41ae-bfbf-9460824c7bd8","userLoc":{"longitude":-119.10639369872936,"latitude":-55.41297271153937}},{"userUuid":"3a54f00f-3da9-4381-9039-d2deab0ed031","userLoc":{"longitude":164.75812631654702,"latitude":4.255213025621131}},{"userUuid":"4f261ac1-97ef-4206-bd09-6387d41a93ef","userLoc":{"longitude":-19.401334731278126,"latitude":-33.96576734293602}},{"userUuid":"a1123838-1d25-40f5-bcfb-b7d19bf37e08","userLoc":{"longitude":40.258916170236546,"latitude":-21.70704197752351}},{"userUuid":"edeae066-1f47-48eb-b98e-b4776c1b3a3c","userLoc":{"longitude":-18.63158416719844,"latitude":-68.04641484297859}},{"userUuid":"8ce8500f-b45b-4bd1-871a-ce47af3c150a","userLoc":{"longitude":-113.83216373834206,"latitude":56.45136396023881}},{"userUuid":"36cd5977-0df0-4bb6-a054-e948e2e23a80","userLoc":{"longitude":-108.07098697092434,"latitude":-80.85636236510527}},{"userUuid":"03b53f64-cbd5-42ac-99f5-6d7fb9f83cab","userLoc":{"longitude":58.32097433259361,"latitude":-0.7599287672809112}},{"userUuid":"50490c7f-ebbd-4b9c-a1fd-96713c08e508","userLoc":{"longitude":71.4996812208037,"latitude":-41.693515185214075}},{"userUuid":"12720aff-3a1c-497a-8dfc-e6af7d785151","userLoc":{"longitude":140.13413570942942,"latitude":-71.73942403160372}},{"userUuid":"fcc46fdb-f07b-4cd8-93d4-2a52dd696a34","userLoc":{"longitude":-2.3322096410931863,"latitude":60.969080485318756}},{"userUuid":"9d6e5a54-b08d-4896-bb17-1488feb40343","userLoc":{"longitude":76.66769768507959,"latitude":73.12509836715955}},{"userUuid":"58fcd08f-aaf9-41da-9b30-f2b38ba92bbd","userLoc":{"longitude":-9.277157967155773,"latitude":-39.05988971353367}},{"userUuid":"6a6bd351-a3b0-459b-a937-cb175a38dfe7","userLoc":{"longitude":-173.58258585718968,"latitude":-41.76702752511446}},{"userUuid":"a68c2be4-9174-4606-a6c5-028a3f05d768","userLoc":{"longitude":27.550610001142957,"latitude":-52.4443802899174}},{"userUuid":"da8fc7c2-e2e8-4de0-9fa7-f49b9ab771b2","userLoc":{"longitude":-21.716105529197307,"latitude":-83.86810645667391}},{"userUuid":"0359c57c-bde0-4a19-a4fd-46714443a004","userLoc":{"longitude":51.00759460482573,"latitude":3.974466876180003}},{"userUuid":"5c71b410-938d-48ca-a6bf-67914407e318","userLoc":{"longitude":55.11170543310698,"latitude":-28.936580694680835}},{"userUuid":"2e863212-a089-4301-88b7-607949f37f78","userLoc":{"longitude":-78.99109377962277,"latitude":55.572051803460795}},{"userUuid":"dc19ba19-4949-4f34-bedb-49f09fec45aa","userLoc":{"longitude":-54.3261823674076,"latitude":-45.75778449967808}},{"userUuid":"fe6cdda5-f69b-4beb-8aa6-f53ce085a58f","userLoc":{"longitude":-137.60563225398118,"latitude":-79.5301350438544}},{"userUuid":"e30ed795-6666-4cca-bf87-97f1aea2443d","userLoc":{"longitude":-166.23311847535538,"latitude":-47.33158054058032}},{"userUuid":"2102c428-e35d-4088-b90d-ca67e62fe661","userLoc":{"longitude":-100.75771653229202,"latitude":64.62798484585059}},{"userUuid":"f8aada32-61cf-4123-90f5-9e7fcad6be2a","userLoc":{"longitude":95.66294806938083,"latitude":-5.021266020401953}},{"userUuid":"704168a0-3fdf-4e70-b61c-34ad987135d0","userLoc":{"longitude":120.98255186702704,"latitude":10.667752087856584}},{"userUuid":"174728d8-8b97-48c8-b5cd-53b87416f011","userLoc":{"longitude":18.324556383271727,"latitude":51.347853771245155}},{"userUuid":"a55cde37-6a7e-4431-86d5-701cd046e8b2","userLoc":{"longitude":-117.76881058974558,"latitude":65.92091988240034}},{"userUuid":"9c4deec9-f495-44eb-a657-8453509848e5","userLoc":{"longitude":-125.9658913637363,"latitude":-1.6541538294735147}},{"userUuid":"831567b8-ec73-4ed3-b95a-42283ab0c5c2","userLoc":{"longitude":-47.791521058705314,"latitude":-71.03395281726013}},{"userUuid":"f0ea5769-a238-48db-9a87-a46e70ecbcc9","userLoc":{"longitude":-141.01014745043128,"latitude":-57.786551326443465}},{"userUuid":"41725bb8-8f5b-443a-99a0-3c9521114c02","userLoc":{"longitude":27.418832517003665,"latitude":29.910399791350557}},{"userUuid":"6cb52437-4526-479d-be5e-5381a8fa04f0","userLoc":{"longitude":49.05778461235394,"latitude":-65.16206637253624}},{"userUuid":"f1449e09-0a70-4b6c-8dec-4951f929feaf","userLoc":{"longitude":-52.762011328784,"latitude":47.02602479906463}},{"userUuid":"3d282b8d-9c08-4032-bc10-7e9877d7d2d8","userLoc":{"longitude":83.60931056785876,"latitude":39.57133093700692}},{"userUuid":"a52260cc-a576-4ebf-b7a7-1597df22a8ce","userLoc":{"longitude":-6.003445936976618,"latitude":63.98047553951733}},{"userUuid":"99b2607a-105a-4acf-894f-550744b96447","userLoc":{"longitude":5.735457518992661,"latitude":49.671485009910896}},{"userUuid":"a26f24e0-7762-42f7-9e7a-2cc54a1036e4","userLoc":{"longitude":-117.36565337999824,"latitude":-75.51668067736448}},{"userUuid":"0a409359-b636-4797-b635-78e52bea56c2","userLoc":{"longitude":-173.80863270797082,"latitude":-55.960620700936204}},{"userUuid":"6231dc6f-5044-4eda-ac34-9c57fb0200c3","userLoc":{"longitude":115.14666259541758,"latitude":-61.48705526223303}},{"userUuid":"034cc97c-1044-497a-a780-5ef434921f45","userLoc":{"longitude":141.20877631390113,"latitude":-55.5186445482093}},{"userUuid":"7ed36772-35ac-4573-a99f-daf0c1c1b7b4","userLoc":{"longitude":-95.45078168367472,"latitude":25.01172718140876}},{"userUuid":"e2c643e6-d886-4ec2-8167-60a3af02d24d","userLoc":{"longitude":-154.44991610073976,"latitude":40.830464494230014}},{"userUuid":"65aab08f-5246-4fb4-b9d8-19e12916c6ce","userLoc":{"longitude":-90.93129127312517,"latitude":-83.85295821954594}},{"userUuid":"b9005b1e-e5a8-4088-ac71-1dc45982d273","userLoc":{"longitude":-41.559408124966495,"latitude":-39.88242137554001}},{"userUuid":"6276a41d-f43e-4369-9ae9-80edd4e595fd","userLoc":{"longitude":-72.08095547356353,"latitude":38.9727650876838}},{"userUuid":"bb2c00ce-d3f5-48f3-9f84-1a09a9efe274","userLoc":{"longitude":165.19235177927698,"latitude":-8.848734143831166}},{"userUuid":"6f5fc6f4-0ff2-4e0f-9fda-632f9c3341b2","userLoc":{"longitude":-139.42653499215686,"latitude":-42.78835438787998}},{"userUuid":"8a78a496-98ed-449e-b424-4fce62e7c6b0","userLoc":{"longitude":-16.723286842277247,"latitude":16.691575837710417}},{"userUuid":"c4c8663f-ecca-405e-b126-20eaf5a53d81","userLoc":{"longitude":34.49810169053683,"latitude":-54.1510567954422}},{"userUuid":"b9d749cc-ffee-4428-a466-b5e87a8b1dda","userLoc":{"longitude":-105.55847499076737,"latitude":-42.376727663609735}},{"userUuid":"9eb4b951-e69a-45ba-a323-18c423c0f6c4","userLoc":{"longitude":110.36351437849248,"latitude":-21.205820021466074}},{"userUuid":"1665f714-49dd-48ab-ade3-8f0c6915901d","userLoc":{"longitude":129.24716679060936,"latitude":19.216169091813214}},{"userUuid":"790ff2c1-ff92-4252-8e01-dbe8371b1b15","userLoc":{"longitude":-170.25887984133016,"latitude":2.6117079797097773}},{"userUuid":"2b22f17e-e0f5-44ff-936e-41d0bf9606e7","userLoc":{"longitude":-149.01152580904412,"latitude":16.430952218022952}},{"userUuid":"e9c12228-0e8e-482c-b683-385ddadd72a4","userLoc":{"longitude":-7.620630400956713,"latitude":-18.7461713611509}},{"userUuid":"12513f74-8c26-41d9-b837-910971f6266a","userLoc":{"longitude":164.3018094073562,"latitude":-4.766618308647921}},{"userUuid":"77f4f66c-14f5-4cad-9895-c61544246bc4","userLoc":{"longitude":-55.144288236350974,"latitude":25.467034929580237}},{"userUuid":"4d56da72-99a2-426f-87b7-806c6c3c80e7","userLoc":{"longitude":-113.35877648667498,"latitude":2.6490610391242058}},{"userUuid":"fb47da84-3df6-421b-b8db-30fc8e7525ec","userLoc":{"longitude":-100.00837795639495,"latitude":-36.24617386104139}},{"userUuid":"609e1fdc-7c95-4a26-9d3d-4c99976a828e","userLoc":{"longitude":20.794818346640227,"latitude":38.92195963643634}},{"userUuid":"9bdcc34b-b99b-45a7-a310-493ca106e77b","userLoc":{"longitude":-69.88719259655919,"latitude":-63.13598508445524}},{"userUuid":"ed0568cc-7b7c-4285-9d9a-a40a91b6e9e4","userLoc":{"longitude":25.55173719302175,"latitude":25.991688254591864}},{"userUuid":"16e86bbf-85b7-44ff-ac31-dd2fc3ed37da","userLoc":{"longitude":-176.60682109870706,"latitude":2.0356193952420085}},{"userUuid":"19bdee50-21b7-4c65-aadc-8b33b679bee7","userLoc":{"longitude":-29.709819415546804,"latitude":-64.38197958469733}},{"userUuid":"a7fcb1f1-fd51-49ae-bd84-d2ec24cb594d","userLoc":{"longitude":54.51913223073433,"latitude":-43.38817040038015}},{"userUuid":"19a3744c-c99c-47b2-aa2b-0dc6ee4abdf5","userLoc":{"longitude":-109.17298819772451,"latitude":-16.464514416943857}},{"userUuid":"9cac78c4-b6f0-4a7d-930d-f0cc3fd974cb","userLoc":{"longitude":137.20830135263253,"latitude":-41.40000317516811}},{"userUuid":"e7cd7fbd-630c-450e-a804-536c9de492ef","userLoc":{"longitude":14.246566477163128,"latitude":61.78215779991146}},{"userUuid":"68194cfd-e74f-420c-92d5-ace1560d5b68","userLoc":{"longitude":-178.55272024492416,"latitude":56.9205458247437}},{"userUuid":"68050459-6c9a-4971-841b-cf173a53e853","userLoc":{"longitude":-47.317454054893005,"latitude":74.70928223724974}},{"userUuid":"36872e75-0f3e-4dde-a24f-3df981a6f816","userLoc":{"longitude":151.128742882849,"latitude":-2.6734479075712443}},{"userUuid":"f2a6d136-0b3e-4fd0-a421-6ee38f61f668","userLoc":{"longitude":17.138754631475592,"latitude":-11.633186494823136}},{"userUuid":"7879b460-935a-44c3-a6e6-b97291682225","userLoc":{"longitude":-113.05528578409107,"latitude":-0.76749000770414}},{"userUuid":"34eaf70b-2ec5-413d-9714-09b2495ca1dd","userLoc":{"longitude":-30.506941862866483,"latitude":54.99302867072822}},{"userUuid":"5475107e-0257-4f91-b728-b22406391119","userLoc":{"longitude":-38.90915335503237,"latitude":66.70856943486788}},{"userUuid":"9aafd1e2-a60f-4d7f-b6f0-5f4dba5026a7","userLoc":{"longitude":-114.49154690617748,"latitude":60.49548940214976}},{"userUuid":"a2665255-5889-49df-989f-bd40401109e4","userLoc":{"longitude":168.47874319094888,"latitude":10.570522796292977}},{"userUuid":"7df26d9f-6a30-4c9a-8bbb-622e3af4d787","userLoc":{"longitude":127.57783903379419,"latitude":66.21056345232728}},{"userUuid":"23666205-067d-4633-8db6-2ecd36fe3ef8","userLoc":{"longitude":14.747287220359908,"latitude":50.4110941267584}},{"userUuid":"72294110-050c-4b94-875c-6e6c4757bcfe","userLoc":{"longitude":-54.98139369612022,"latitude":-78.10194380148944}},{"userUuid":"f13c2c63-5d65-4070-bdeb-04b53e2c6aeb","userLoc":{"longitude":160.3468775577722,"latitude":-26.68405027769525}},{"userUuid":"aa1e33f6-bf27-4d3a-add1-0a63a0835caa","userLoc":{"longitude":-90.65120938777758,"latitude":-68.12115980807346}},{"userUuid":"2b89f0f2-abeb-4144-9e94-53c48b0ba754","userLoc":{"longitude":-175.57390577553528,"latitude":69.86133481538798}},{"userUuid":"fb713d50-2532-4128-805c-0551d41908e5","userLoc":{"longitude":111.48653592835643,"latitude":26.620709808189986}},{"userUuid":"7a901760-e0e6-47d8-82fc-36a7a5170f6a","userLoc":{"longitude":-134.36423267586102,"latitude":-27.064856578459263}},{"userUuid":"d415dda1-b95b-4791-8e51-8a528f9c6136","userLoc":{"longitude":-41.72167833092874,"latitude":-6.195167805299192}},{"userUuid":"5f41045b-ee3f-4d3f-9b9f-37684be52138","userLoc":{"longitude":-126.48278735992184,"latitude":-8.574906095208775}},{"userUuid":"d5c017de-b349-479d-93d6-cd747ea00d18","userLoc":{"longitude":30.191334158824247,"latitude":62.84720782946005}},{"userUuid":"55a08b24-9ce3-4f35-bd20-461b2432d049","userLoc":{"longitude":-19.698016162319078,"latitude":60.600055277970995}},{"userUuid":"e62fbd51-ad89-41e7-9414-aed36a6194cb","userLoc":{"longitude":63.95590533656886,"latitude":27.107563255726177}},{"userUuid":"ad92c7b5-071d-4e1c-b0c2-7ca8b2faae11","userLoc":{"longitude":-15.153256251179954,"latitude":-72.25088641871048}},{"userUuid":"87fa2683-34f0-4231-a9eb-c98c4b6c25c5","userLoc":{"longitude":-7.7325548407075075,"latitude":-72.71150898826353}},{"userUuid":"9c3c1aea-80a8-44fa-98f9-2596fa40e065","userLoc":{"longitude":75.01663731647298,"latitude":-41.19086897869168}},{"userUuid":"fe4fee5a-9f8d-4ef6-9d1c-585e54ac2b64","userLoc":{"longitude":-76.78488056753204,"latitude":26.435897631187913}},{"userUuid":"70e55dee-7470-4c17-a687-21ee6992cf5e","userLoc":{"longitude":-161.91121688399494,"latitude":65.99196137028639}},{"userUuid":"c564da6b-444f-46be-9b98-a3c3e37c6c5d","userLoc":{"longitude":58.404945079431286,"latitude":-19.29352206714104}},{"userUuid":"f7acfb3d-2c69-4e89-be50-760b5a8c6381","userLoc":{"longitude":161.69424725517644,"latitude":-49.01318188475465}},{"userUuid":"aa8671d7-3356-4f50-b574-5b998b521e8d","userLoc":{"longitude":20.461398674252564,"latitude":-74.15041646573725}},{"userUuid":"d7df7d5d-2ce1-4dd5-8811-9b00aeffaebf","userLoc":{"longitude":-131.19435326530282,"latitude":-75.22169581051745}},{"userUuid":"dd6be850-47aa-4295-b50d-12a1e3649103","userLoc":{"longitude":15.286271304164558,"latitude":-37.283422665354784}},{"userUuid":"b89f3dfe-8282-481c-8a5b-582cee950c2e","userLoc":{"longitude":12.354557302737703,"latitude":16.3613807982359}},{"userUuid":"e64d4ff9-fd73-405b-bd47-9d9fded7bfde","userLoc":{"longitude":87.58192395223023,"latitude":-19.45144956691604}},{"userUuid":"569c370b-7a12-4b4f-aacb-5e1c14fdf1bc","userLoc":{"longitude":33.79309923613255,"latitude":38.704872564347895}},{"userUuid":"15d2c723-c0d2-47f3-bdf4-6426eb1d284c","userLoc":{"longitude":-46.17643222927549,"latitude":25.579760461220687}},{"userUuid":"caf04525-fe59-438d-adb5-eb049fa42956","userLoc":{"longitude":82.30247559057818,"latitude":-72.15100194828122}},{"userUuid":"53f388b8-0288-43d1-8a81-f59ed5ad0344","userLoc":{"longitude":103.06957420899624,"latitude":14.352214884763114}},{"userUuid":"12a71360-94f4-426d-8b2a-1f56d0d9da65","userLoc":{"longitude":-162.7089428408589,"latitude":72.04355315590061}},{"userUuid":"62294b8e-662d-402e-aeb1-6da82705e574","userLoc":{"longitude":-157.27658351617129,"latitude":21.546956540859057}},{"userUuid":"ff86d2cd-d474-4d5d-bd40-3dfd5876b5f9","userLoc":{"longitude":135.46222186269927,"latitude":-9.248423479652772}},{"userUuid":"c5b575dd-d009-42ff-9990-d4b1b37368e0","userLoc":{"longitude":4.765925145525756,"latitude":-44.05645079438466}},{"userUuid":"59e4b500-ad99-4bf0-bb1a-d44caf73ac3f","userLoc":{"longitude":-82.21565883842246,"latitude":-73.75371920874744}},{"userUuid":"8c332344-fa73-4a93-b60c-eac74851ecef","userLoc":{"longitude":89.70669171110501,"latitude":-58.87033788075208}},{"userUuid":"0b4cfc46-c772-46a2-8e57-99132e91e4af","userLoc":{"longitude":35.602651090343755,"latitude":53.466733181257695}},{"userUuid":"eadd9ef4-d01d-492f-aafe-10ce65b8918a","userLoc":{"longitude":139.51674655108684,"latitude":6.912598499256845}},{"userUuid":"89863159-3de5-4588-87ae-77e6b4367a37","userLoc":{"longitude":109.21972666509305,"latitude":64.78261685018262}},{"userUuid":"86f81219-a6db-48b8-9283-1805f017e21a","userLoc":{"longitude":88.21938441430467,"latitude":-24.382825222501808}},{"userUuid":"3ec97531-71d2-446d-a083-8997774545cc","userLoc":{"longitude":13.246608570723652,"latitude":-62.16756186981256}},{"userUuid":"dac5c7e2-18c0-491e-b140-b283164253b9","userLoc":{"longitude":-65.0386534139831,"latitude":20.00330165920772}},{"userUuid":"763829e2-40e3-48e3-9759-63b0e38da312","userLoc":{"longitude":-163.59241370847081,"latitude":-60.557045414110995}},{"userUuid":"2feaff46-d09a-491f-b697-c42bdc8aa706","userLoc":{"longitude":55.32371462413806,"latitude":-65.66305678299454}},{"userUuid":"be51c238-56fd-4bd2-973b-dd5475c3ab62","userLoc":{"longitude":-57.55143229188489,"latitude":-84.63376790538868}},{"userUuid":"ce176b9f-eef5-49b1-951b-2ebc41b08f56","userLoc":{"longitude":57.52379311083638,"latitude":-17.64585850685542}},{"userUuid":"5a8f8bc2-3a87-4711-b606-6ac4c43dc6f2","userLoc":{"longitude":-160.2088856729001,"latitude":78.98107349629743}},{"userUuid":"13824c3d-767f-4bfa-9ba1-21bae0f05899","userLoc":{"longitude":-113.50881121041968,"latitude":-1.4137617955086625}},{"userUuid":"00d7418a-47ae-4d88-870b-7363a7cdd559","userLoc":{"longitude":-128.586608020661,"latitude":31.2527378379621}},{"userUuid":"dd5e9d07-4061-419a-af5a-968e9843164d","userLoc":{"longitude":58.968602041515794,"latitude":-84.47478312854689}},{"userUuid":"052367bd-d9b4-46a4-81fb-99a046657aad","userLoc":{"longitude":-17.068406014739054,"latitude":-46.14773695493978}},{"userUuid":"4f68701c-6d2b-4fa6-8676-12a3a6447599","userLoc":{"longitude":6.272233526570432,"latitude":-34.244607312978175}},{"userUuid":"7a3f599a-a54d-4f58-acef-79360a6516bb","userLoc":{"longitude":147.64786151121575,"latitude":18.843762143555878}},{"userUuid":"a23ec950-922b-47ce-bf20-cf898a2d846c","userLoc":{"longitude":-3.33285932200684,"latitude":-64.14164336739387}},{"userUuid":"e866f57f-caed-47f4-92eb-d3fd861e71d4","userLoc":{"longitude":9.624629285190224,"latitude":-50.91522424537929}},{"userUuid":"1921bbe2-6a9b-43a2-b494-a562cae03fb8","userLoc":{"longitude":-86.79646821609681,"latitude":-68.868349772872}},{"userUuid":"ea9947b9-8c8d-4feb-ad62-42f344ac2851","userLoc":{"longitude":82.08647504493973,"latitude":-8.370844091731001}},{"userUuid":"894939bb-942a-4e3c-91d8-c63c817dd10b","userLoc":{"longitude":89.21776260748669,"latitude":42.08908474169431}},{"userUuid":"a81f60fa-d14d-4c7c-903e-ac8534c6c4e4","userLoc":{"longitude":159.13656328733612,"latitude":-28.598026710054775}},{"userUuid":"b91f8bbc-82f0-4e24-a6a6-1aec41d1db63","userLoc":{"longitude":-158.6025291840307,"latitude":-8.746104267691436}},{"userUuid":"d809e433-eeb3-4d39-8737-5ec3f72ef34e","userLoc":{"longitude":-73.16547513140983,"latitude":-22.271805322184946}},{"userUuid":"a2b41714-4269-4ec8-b313-188f1c030a31","userLoc":{"longitude":67.35785608987544,"latitude":14.728381598497123}},{"userUuid":"d45aaec3-3202-45db-82f4-3df8161afbc2","userLoc":{"longitude":68.48046814340094,"latitude":1.3486833100570124}},{"userUuid":"728c443e-29d6-437b-b108-ec300d005fd7","userLoc":{"longitude":-141.10939603789058,"latitude":-44.20407236192456}},{"userUuid":"7b8e6ed0-ffa1-47e7-a85e-1aa5d6ade36c","userLoc":{"longitude":-66.95822660313618,"latitude":31.349703554931736}},{"userUuid":"076f21f4-8c08-4029-b3c6-c603f511b35a","userLoc":{"longitude":-147.59876300878128,"latitude":26.958582542922258}},{"userUuid":"69740839-7700-4031-a919-017caa277e5c","userLoc":{"longitude":-46.04541653138918,"latitude":7.932565591810516}},{"userUuid":"7c84413e-4d24-4661-8a45-bf4164e93e38","userLoc":{"longitude":68.02624335468852,"latitude":27.404281893678586}},{"userUuid":"c3a06048-871b-48ff-a83a-d7f8c8cf0561","userLoc":{"longitude":143.2963561382519,"latitude":44.90365588337286}},{"userUuid":"9b9c67da-75ec-47ab-b015-22c2fa990c8e","userLoc":{"longitude":-90.64368434128937,"latitude":24.6609063373284}},{"userUuid":"a0b8cfcc-6ad1-41f1-89a6-578e70c4944a","userLoc":{"longitude":54.28015303909456,"latitude":-26.807600507245418}},{"userUuid":"0f105c09-c2e3-4284-a0c3-710944e0fc5d","userLoc":{"longitude":-153.36265949380464,"latitude":7.195828806311127}},{"userUuid":"cccdd403-64cc-4440-b38d-5435364c9576","userLoc":{"longitude":-119.1312448728595,"latitude":-3.9642913355132805}},{"userUuid":"c782f7c9-5c56-48d1-aef1-cb65e27282d8","userLoc":{"longitude":-75.16103134432437,"latitude":59.70680305565509}},{"userUuid":"b16fe8fd-17fb-4f52-b8f9-4b6db6f89e71","userLoc":{"longitude":-54.536751921002065,"latitude":-22.34794019463004}},{"userUuid":"88965bb1-4617-4bfa-9af5-71cf035f5266","userLoc":{"longitude":-156.93730291192676,"latitude":6.047030077605157}},{"userUuid":"0b514952-182f-4f34-a4a8-58396fc2ad83","userLoc":{"longitude":-69.6001591341583,"latitude":68.34046887953369}},{"userUuid":"cba175b0-3125-458f-9f08-318aefdf21c0","userLoc":{"longitude":-121.88279075407658,"latitude":-32.35452733420031}},{"userUuid":"93ccc638-3288-4fae-a6c5-fb35ce0cc24b","userLoc":{"longitude":1.0696385589562851,"latitude":-3.996238982237216}},{"userUuid":"98fb6f74-c81a-47d7-badd-f4d6c270511a","userLoc":{"longitude":122.31614105671184,"latitude":40.85842822822116}},{"userUuid":"8ef8fb3d-cdc8-4258-907b-70560de4c569","userLoc":{"longitude":114.23821728943659,"latitude":-75.2081418070091}},{"userUuid":"f1b3531e-b3fa-4f5e-b99d-cecd49a4ebd5","userLoc":{"longitude":157.31630390168112,"latitude":76.22607217494988}},{"userUuid":"5e85bd59-b2ed-4a9d-9271-30b5f30f3891","userLoc":{"longitude":-27.793532627164836,"latitude":84.63423491379928}},{"userUuid":"cd1a9c19-6dd8-438a-80f5-8120ebf3f60b","userLoc":{"longitude":-120.7868885639567,"latitude":45.01168021898232}},{"userUuid":"590f28c8-64e5-46a6-8eda-870f8a193501","userLoc":{"longitude":39.63717055095165,"latitude":24.526633074937337}},{"userUuid":"813e797d-5059-4f5e-b3e2-00e0adbce824","userLoc":{"longitude":157.3120433349605,"latitude":39.53930942761413}},{"userUuid":"3b194d69-7b4c-4af3-951d-9c750efe9753","userLoc":{"longitude":104.57123745227227,"latitude":-23.314714104219277}},{"userUuid":"d02961bf-4916-4b38-81d1-e4e0ec126d28","userLoc":{"longitude":-102.0810487739546,"latitude":13.16068493733539}},{"userUuid":"3e9129d8-5ac2-4470-b0be-a6de84b1d013","userLoc":{"longitude":-157.51391621397514,"latitude":50.62008614822878}},{"userUuid":"52063563-b961-45a6-b98a-03f351ea4ca3","userLoc":{"longitude":-15.676709081977634,"latitude":25.005198318910743}},{"userUuid":"1cea48f1-e292-4c1b-a6da-850c9be90c7d","userLoc":{"longitude":-43.573809887068904,"latitude":37.082030951197225}},{"userUuid":"246f9356-cf4a-4371-b2d4-8a752a384fc6","userLoc":{"longitude":-133.10229741039598,"latitude":4.731120769094574}},{"userUuid":"ac0fd55a-b5ad-40d1-a218-c35c0a55519b","userLoc":{"longitude":10.9312107300795,"latitude":-19.333542970783938}},{"userUuid":"87b3c599-3588-499d-a81d-b027677f0ba4","userLoc":{"longitude":-113.62439689060227,"latitude":74.18156397034448}},{"userUuid":"c9c0cb64-77f2-4ae4-b273-335a56fba92f","userLoc":{"longitude":-110.25888398195058,"latitude":-11.601818583078455}},{"userUuid":"d37e30ef-f4be-43d6-a651-5505f7f222cf","userLoc":{"longitude":-47.4450425732777,"latitude":-51.70492353371163}},{"userUuid":"b90bcb46-2277-4323-a0a6-d358620806be","userLoc":{"longitude":1.6729664802981006,"latitude":-37.10500269702397}},{"userUuid":"953bb2f3-ccf8-436d-a426-bd89f2b869bb","userLoc":{"longitude":43.623120754828676,"latitude":-71.20988425582352}},{"userUuid":"03c7cdc1-adf8-4c03-a244-811042a114be","userLoc":{"longitude":-22.172198916329336,"latitude":-23.970280232746546}},{"userUuid":"cf0a9fad-f930-4a16-b689-4e46abb3b739","userLoc":{"longitude":110.02039427006503,"latitude":2.1297090927740356}},{"userUuid":"c0c60b06-6125-4ab6-bb8d-d4b263d278c5","userLoc":{"longitude":129.53418999912196,"latitude":-81.30029222463129}},{"userUuid":"9e148242-3509-4530-812a-cb1ecbed98bc","userLoc":{"longitude":27.020622185980784,"latitude":-40.97588869000402}},{"userUuid":"c3d45d31-587e-4e51-a08a-22525f7d4888","userLoc":{"longitude":90.77784443817632,"latitude":37.24746734060189}},{"userUuid":"bf493240-a564-406a-8e92-0f7b2e997129","userLoc":{"longitude":-32.294514330290184,"latitude":-9.797827108131699}},{"userUuid":"54b22e26-c510-47b4-b2f1-386b88a06740","userLoc":{"longitude":85.12189056351184,"latitude":59.24930777362644}},{"userUuid":"ddbaab2a-15f4-424a-8e83-e0ebfb02e4c2","userLoc":{"longitude":-142.55841295565907,"latitude":71.27103621514158}},{"userUuid":"91eb5a26-5213-4b82-9e04-d6aef1cb3cb1","userLoc":{"longitude":-50.30599783457919,"latitude":79.97365180661606}},{"userUuid":"2440b199-2d9b-4bf7-93d7-ce105076210b","userLoc":{"longitude":-4.268438373799114,"latitude":22.640065839801792}},{"userUuid":"86a4703c-1454-4452-ae22-c757f444734e","userLoc":{"longitude":-176.1008629092102,"latitude":-43.311654840569936}},{"userUuid":"6a896b92-00c6-4e76-a365-e5d44b443bef","userLoc":{"longitude":22.556218694756524,"latitude":-20.34684999248141}},{"userUuid":"2fd16208-05f0-4774-8af9-b70c1975f7a9","userLoc":{"longitude":28.661194951886017,"latitude":-45.85035862575104}},{"userUuid":"a0bfe755-65da-48e8-9326-7836f4d14b63","userLoc":{"longitude":-32.26312584415598,"latitude":48.08100894705015}},{"userUuid":"e973efc1-2d39-41ee-a681-3ce0dc377853","userLoc":{"longitude":154.13790532413145,"latitude":57.99911460145151}},{"userUuid":"b3620cdd-1af0-4ccd-906b-0b423ae35dbf","userLoc":{"longitude":-53.077790543910965,"latitude":80.30424419910833}},{"userUuid":"ef9db898-b3ce-4b16-850c-4b907d0ee4eb","userLoc":{"longitude":13.193912067817422,"latitude":-61.56318261558306}},{"userUuid":"0228d0d1-3f15-4658-a0dc-22f8a9af811e","userLoc":{"longitude":-16.304802167927505,"latitude":72.80547009787202}},{"userUuid":"b0da2409-2fe8-4ce3-be30-a5a9bb7427d4","userLoc":{"longitude":-173.10024643941176,"latitude":11.348350737673044}},{"userUuid":"145eaec6-83e5-4b57-a23e-0ab5271c96a3","userLoc":{"longitude":-154.31265782316123,"latitude":63.92244679820982}},{"userUuid":"cb4a77e2-9093-446c-a818-645f7b9abc8c","userLoc":{"longitude":41.17756839328641,"latitude":-22.126571313789704}},{"userUuid":"5af20178-a07c-4385-8294-9fa0b44754ef","userLoc":{"longitude":-55.3729886644731,"latitude":-57.55030491674476}},{"userUuid":"30ff4d94-a97c-4781-b0fb-0819b8df6c65","userLoc":{"longitude":54.00836671377101,"latitude":-37.29128143000179}},{"userUuid":"882e86b7-5ce7-44cc-994e-3fdcceab6210","userLoc":{"longitude":-13.863445883826188,"latitude":-4.558317424154353}},{"userUuid":"0a0a39a9-fdec-4d5d-91de-e1c214d5846f","userLoc":{"longitude":87.37745478947943,"latitude":63.0093973995788}},{"userUuid":"8d9d6bfb-2a57-4e3a-b1c1-fb9595f8544d","userLoc":{"longitude":-65.34454401476518,"latitude":8.53435107200211}},{"userUuid":"e99f9523-04c3-44b0-9019-88d9dccd01c4","userLoc":{"longitude":-118.96167057824262,"latitude":79.79375547389677}},{"userUuid":"883ce7eb-0ee0-4c3f-925e-797c27e449db","userLoc":{"longitude":-119.89926420712193,"latitude":84.2929952071253}},{"userUuid":"2268b607-81a9-4504-b45d-3695063d27b1","userLoc":{"longitude":-149.28912834157728,"latitude":48.07318818426478}},{"userUuid":"11d60bf6-bf73-468b-9b00-0af61312e716","userLoc":{"longitude":122.33554812524756,"latitude":-39.76479174209843}},{"userUuid":"08a34586-dd6a-454b-b115-98b84210a842","userLoc":{"longitude":-158.9911204081304,"latitude":-23.531738936089035}},{"userUuid":"0f7599f4-6d22-41cf-bdbd-5a0adc08686a","userLoc":{"longitude":-115.37891206118108,"latitude":75.6553983645563}},{"userUuid":"b6381517-2c91-4a8a-815d-80c9bf427969","userLoc":{"longitude":143.42358572493737,"latitude":-72.29550607087045}},{"userUuid":"e1bd44c6-8f49-4e5e-9cef-4c8ff17670d7","userLoc":{"longitude":-88.47144521821151,"latitude":65.47432091155125}},{"userUuid":"d540055d-3e97-4d2f-a208-a6ff1a895f72","userLoc":{"longitude":25.819485531174593,"latitude":-75.26155543744301}},{"userUuid":"acc07054-b368-43ad-b794-594115b7c8a4","userLoc":{"longitude":-106.53788453223964,"latitude":19.943002655903342}},{"userUuid":"71be298e-c801-4c8d-89ff-28865e083153","userLoc":{"longitude":-177.38195471301353,"latitude":52.755351969764604}},{"userUuid":"b5b17b61-f7de-4599-952d-b0244b7eee08","userLoc":{"longitude":54.21424076302225,"latitude":-24.711519406290186}},{"userUuid":"a81cf23a-d207-47dc-af83-96f96d45d095","userLoc":{"longitude":-53.46375887359329,"latitude":58.682221340926645}},{"userUuid":"750c8dd5-6590-4bad-acbe-f35dab6058b5","userLoc":{"longitude":-65.89967046874843,"latitude":10.716466439308306}},{"userUuid":"858778ee-c1c4-42be-a10d-ddf74c676a59","userLoc":{"longitude":145.2628679829262,"latitude":-70.83566540938796}},{"userUuid":"17709e56-bb31-473a-bcb5-bb35224bed73","userLoc":{"longitude":-150.6468901404198,"latitude":-62.7893366472895}},{"userUuid":"67ddd9eb-7860-4228-8a6c-f3b14654b1c9","userLoc":{"longitude":81.56951070200296,"latitude":-42.47725968700745}},{"userUuid":"14c5ff5d-4bd0-45a1-aa36-9c87b4b88fdb","userLoc":{"longitude":172.24475412779697,"latitude":-83.15991515846095}},{"userUuid":"9e2be7bd-4466-4132-b3c0-2c1d8fa073ab","userLoc":{"longitude":-7.609626520851293,"latitude":-19.635525412617838}},{"userUuid":"18c6c05b-99f0-4086-b194-609490724784","userLoc":{"longitude":-92.6522213505062,"latitude":16.241275920443513}},{"userUuid":"28e9fc95-0b03-442f-a168-82a267734853","userLoc":{"longitude":-5.1824159534155285,"latitude":-21.12442714016376}},{"userUuid":"b63e2889-2ec2-46f4-a081-a290e5ef39fa","userLoc":{"longitude":-49.85100764607881,"latitude":-76.5513360233622}},{"userUuid":"c6e50ceb-7c0e-415c-bf63-60fd237b527e","userLoc":{"longitude":62.055995393091735,"latitude":-38.851205783253405}},{"userUuid":"95bb5e96-792e-42a5-a301-49bd117ee057","userLoc":{"longitude":112.11830525399898,"latitude":-13.745895076177078}},{"userUuid":"24f397b5-2dbb-401b-b114-41268083a787","userLoc":{"longitude":-94.33982686169512,"latitude":42.00171183065096}},{"userUuid":"bf8a989d-ceb8-430f-bb6c-7f318dc05ee6","userLoc":{"longitude":65.53997984105803,"latitude":-20.28773683741693}},{"userUuid":"d24e430d-7500-4705-98a9-4c4a658e1a20","userLoc":{"longitude":-179.8384114653425,"latitude":81.82759225803659}},{"userUuid":"d3dc804e-8004-40ce-b369-7895da7a3946","userLoc":{"longitude":21.565052350463276,"latitude":22.21768594000295}},{"userUuid":"594589b8-22cc-4750-9ef1-bc8f54962beb","userLoc":{"longitude":23.919979825662523,"latitude":30.588996468036243}},{"userUuid":"0890a3b9-a6d8-4ace-8629-50893e639a79","userLoc":{"longitude":6.965064535146524,"latitude":-8.123084802599834}},{"userUuid":"7758e637-cefb-45b4-9036-641094b9f0df","userLoc":{"longitude":13.648091034174001,"latitude":-84.76863421315653}},{"userUuid":"a55e292b-30f6-4a15-9580-9d0fc4b678a0","userLoc":{"longitude":168.735763353462,"latitude":-41.62447751647184}},{"userUuid":"a1a4c3a8-96eb-48c0-9361-c7fe46a350c5","userLoc":{"longitude":-148.20622992872967,"latitude":52.34774671106925}},{"userUuid":"99cded22-e8ff-459a-b431-5d61db1ccfda","userLoc":{"longitude":105.84387705741943,"latitude":-17.765627956707547}},{"userUuid":"17fceafc-df7d-4656-a1fe-64696e217cd2","userLoc":{"longitude":126.57919993045311,"latitude":60.32125072734226}},{"userUuid":"75566511-a573-4b41-aa11-652d698cf089","userLoc":{"longitude":70.70811449082521,"latitude":49.95156313660354}},{"userUuid":"cd087a8e-6177-4c4f-9298-f1a6df0847c9","userLoc":{"longitude":-30.237200835288775,"latitude":50.855728518198475}},{"userUuid":"83de904e-2a10-4682-875c-5c2626b9f3b3","userLoc":{"longitude":-134.66983828726387,"latitude":12.759509445841175}},{"userUuid":"35784590-2f2d-4c58-a11e-001dfa8bb458","userLoc":{"longitude":-110.95822535461502,"latitude":18.263996060536556}},{"userUuid":"446c6d59-c195-431a-acad-2af9b447efee","userLoc":{"longitude":49.04892714185539,"latitude":5.801910982289144}},{"userUuid":"bc99fec0-c93c-4bd1-a05d-8168a9a08fdf","userLoc":{"longitude":3.1286388815677526,"latitude":42.38562290346839}},{"userUuid":"67475891-53df-4520-9d8f-8c75cf34fdc0","userLoc":{"longitude":-26.203675606398775,"latitude":58.50197834653932}},{"userUuid":"d7b4c28b-221b-4729-b108-0432eb047113","userLoc":{"longitude":125.31412784071449,"latitude":36.29239012467215}},{"userUuid":"c5ffb177-ed63-4d37-b652-bf8035562b70","userLoc":{"longitude":68.86289025554038,"latitude":52.30194847779677}},{"userUuid":"037e4bc9-0ef2-4875-83fd-16f4da884e6f","userLoc":{"longitude":44.33501693035879,"latitude":48.50696977115172}},{"userUuid":"6f083259-9512-4034-afe6-f70348a32a1d","userLoc":{"longitude":-53.42825069564434,"latitude":-17.44830998905698}},{"userUuid":"764c277d-530a-4988-8bb9-57d853418d9a","userLoc":{"longitude":-3.6108469437381814,"latitude":-32.070644677431574}},{"userUuid":"66d6e36d-33a7-433e-9636-56aacee95287","userLoc":{"longitude":-136.4479214164199,"latitude":75.8298060258212}},{"userUuid":"26d4ff6f-5dc7-405e-968e-0380c4dc9e35","userLoc":{"longitude":-57.82674683689439,"latitude":29.49007392577637}},{"userUuid":"0bdc75f1-c491-4141-8941-2fd689282ce7","userLoc":{"longitude":-128.6065162244036,"latitude":22.76948394330155}},{"userUuid":"ae878425-ba8a-47df-90b4-251c8e9d92f6","userLoc":{"longitude":173.91361697779797,"latitude":-27.570603835618932}},{"userUuid":"474f3439-187d-4cfa-8df4-508c6215bb79","userLoc":{"longitude":19.787791527821753,"latitude":15.709099776627056}},{"userUuid":"04bf63bc-5b7f-4f80-ae81-b25cca148609","userLoc":{"longitude":-163.31152983027818,"latitude":-22.22509926931035}},{"userUuid":"5efcf157-dcf7-479b-9d64-86d8074e1582","userLoc":{"longitude":-28.12096321713642,"latitude":-8.991863001261564}},{"userUuid":"1cb18899-5323-408e-94ce-e34ec2eb0f52","userLoc":{"longitude":90.52779028114355,"latitude":55.0091126172843}},{"userUuid":"18a012fb-d08a-4785-819d-83c237d6f9cf","userLoc":{"longitude":131.19865613131304,"latitude":-10.112889036489406}},{"userUuid":"03b3a543-4425-4641-a7ab-118c97b72428","userLoc":{"longitude":172.12733851042344,"latitude":66.5555765995401}},{"userUuid":"27b42623-1a87-49eb-ae7f-08546276227e","userLoc":{"longitude":-159.11018820691766,"latitude":-65.23753544834182}},{"userUuid":"bf01fb05-97c2-4983-9a27-f076ab0f2cfc","userLoc":{"longitude":-89.966419045937,"latitude":53.0192226075518}},{"userUuid":"9aca5df6-f8f5-4116-9835-5f483e348668","userLoc":{"longitude":-79.6142405908991,"latitude":26.217624038094428}},{"userUuid":"d5c0871f-94d3-4006-b7d0-7b9147950cc0","userLoc":{"longitude":98.80479880671675,"latitude":58.9474365544026}},{"userUuid":"70e09688-1b6b-4f12-aaee-55ce025fae41","userLoc":{"longitude":115.54007354424004,"latitude":50.36651166093995}},{"userUuid":"22717dba-6f8b-4fac-ad1c-fbe6168b0784","userLoc":{"longitude":-177.04366815571032,"latitude":-5.609891327556809}},{"userUuid":"6149e519-a9e8-4184-9cbf-532cbce277a1","userLoc":{"longitude":-115.73523236471895,"latitude":-9.325985557504339}},{"userUuid":"70b76cff-9b69-4221-a756-4a6fcd705aa3","userLoc":{"longitude":20.822032077421824,"latitude":21.21862603607879}},{"userUuid":"2f890506-c270-4f4d-af31-0d3db44be55e","userLoc":{"longitude":-16.94746053154725,"latitude":-8.935106530661926}},{"userUuid":"1b8f58d2-0452-49bc-aa3e-8cd6769dddbb","userLoc":{"longitude":115.5939243694861,"latitude":76.28078586881549}},{"userUuid":"fadae903-dcfa-43da-82cf-20f7842afe6d","userLoc":{"longitude":153.23488281090397,"latitude":-73.03456878656036}},{"userUuid":"8c5bb009-4641-4729-b702-8ad230c202fd","userLoc":{"longitude":158.68257520592283,"latitude":46.83229094169326}},{"userUuid":"929dda1f-4740-41ea-9db4-0c5ba53479e9","userLoc":{"longitude":-39.29562878532613,"latitude":-27.933479958296353}},{"userUuid":"9ea8a2eb-d276-4a18-9d62-ad9ce4f6566b","userLoc":{"longitude":118.30075743124786,"latitude":-74.51487998029546}},{"userUuid":"97f82167-32df-4205-ae6c-1c5b684a3189","userLoc":{"longitude":-140.14797617769062,"latitude":5.788639895797473}},{"userUuid":"b4a65449-a91c-4815-a2cc-083a309675ed","userLoc":{"longitude":-156.68958888343207,"latitude":80.27050008216003}},{"userUuid":"afd2bd70-1f59-485a-babb-5d87ab2abfe9","userLoc":{"longitude":-9.333751268326267,"latitude":13.611227783914359}},{"userUuid":"02957a1c-452d-4459-9a4f-2aa82b5d9e85","userLoc":{"longitude":135.7011466365458,"latitude":-10.24742080190353}},{"userUuid":"07a062d2-bfab-42ca-8cfc-99b22ae54b91","userLoc":{"longitude":-162.67119706138183,"latitude":-59.615310994327}},{"userUuid":"372320dd-7354-457e-a34f-2e5f884770e3","userLoc":{"longitude":-173.2936842700646,"latitude":-58.06351882428994}},{"userUuid":"77783ee8-fd5a-49a5-acdf-d20566922721","userLoc":{"longitude":168.15605919525467,"latitude":-50.69163028835605}},{"userUuid":"13e44c9e-93dd-4902-add7-e5cdf332863a","userLoc":{"longitude":11.615847849377644,"latitude":-26.815540809113955}},{"userUuid":"2741307c-d506-49cd-b635-943844e28551","userLoc":{"longitude":-103.54577530139382,"latitude":67.20595830173082}},{"userUuid":"f5abf5ec-79e0-4446-905c-ae3026ce5fd2","userLoc":{"longitude":-165.00999350326026,"latitude":25.838172488303186}},{"userUuid":"52c9ab75-bd31-4aa3-ab3c-4bc789a32ff7","userLoc":{"longitude":39.87392094814297,"latitude":-5.9719865672715144}},{"userUuid":"23c799c2-7ae2-42bc-b0bf-e67f6bffcfc4","userLoc":{"longitude":105.86311794740658,"latitude":73.8997217420357}},{"userUuid":"4f3cfec8-b34f-4176-a03a-72d803f9f818","userLoc":{"longitude":-168.81003238701965,"latitude":83.71335287989456}},{"userUuid":"44d680c8-f90b-4ee1-aaa2-12624e46b7ab","userLoc":{"longitude":165.2075748357583,"latitude":-49.281679693899314}},{"userUuid":"f4d66979-a3eb-4597-9fcf-bc1f671ddd5f","userLoc":{"longitude":-44.3604968917719,"latitude":14.557085456436141}},{"userUuid":"dcd70e32-8630-423a-8be8-5340c2281943","userLoc":{"longitude":123.1769563495996,"latitude":-28.720004927295406}},{"userUuid":"3b15951d-7871-4ff9-9521-c23cea8320a4","userLoc":{"longitude":96.73217237887201,"latitude":-65.53823157939833}},{"userUuid":"aae16dce-35b8-441e-b934-d3f584604c6b","userLoc":{"longitude":126.98707231072393,"latitude":34.60338547666571}},{"userUuid":"9d7bfd58-a115-4ebd-906c-27ca37a32bd0","userLoc":{"longitude":6.372142837539883,"latitude":83.52485126664814}},{"userUuid":"9f2714c5-23f5-4785-a869-bb45cff27773","userLoc":{"longitude":-167.91966457852857,"latitude":3.6309051784224238}},{"userUuid":"ebddcb06-62cf-4700-bb37-4a8396885b63","userLoc":{"longitude":41.90197614559213,"latitude":-27.068752691649856}},{"userUuid":"d76ea565-419b-4ef1-800d-5ae486a7bda9","userLoc":{"longitude":-12.162212671217048,"latitude":-55.50814590759463}},{"userUuid":"19fd6076-ce36-46f2-89fb-75985f52ca1f","userLoc":{"longitude":57.62273743503059,"latitude":-58.3478349099117}},{"userUuid":"f431a82b-89b8-4560-8076-f33bdd7505b4","userLoc":{"longitude":31.270436544650437,"latitude":-57.87966029027167}},{"userUuid":"5ccae00b-1fd1-4c47-8fe8-cb69d189fdcf","userLoc":{"longitude":22.299862926256225,"latitude":-16.606795917088732}},{"userUuid":"d0a6f779-4c56-4095-a715-5857afaaea6c","userLoc":{"longitude":139.18697510864962,"latitude":54.724479926785335}},{"userUuid":"0609a3ee-1d49-45c4-a3ef-41c46d59d496","userLoc":{"longitude":92.00465005019714,"latitude":5.580860205496819}},{"userUuid":"0ef9b141-8179-440b-a1fa-fa2607ad70d8","userLoc":{"longitude":-108.45027105556568,"latitude":-77.80849902654333}},{"userUuid":"43697403-6923-436e-bf60-dbe9ee021729","userLoc":{"longitude":-5.073978040757879,"latitude":-57.8312279534173}},{"userUuid":"a78f876c-1a4b-43e3-ac93-85f208799f56","userLoc":{"longitude":73.22771992694936,"latitude":-4.534021594504225}},{"userUuid":"d183edfe-725d-48ba-9296-1316689ad963","userLoc":{"longitude":-170.0540149950099,"latitude":-65.5353162165996}},{"userUuid":"71e0610f-6899-4965-86b7-3a355c7b9147","userLoc":{"longitude":30.577528667732224,"latitude":66.89436554029191}},{"userUuid":"5db69a84-1174-4d0a-9f59-b7c5ed7418cb","userLoc":{"longitude":-177.76750516495218,"latitude":-62.50569657160759}},{"userUuid":"bbdc2cff-4200-428c-9538-a8ba831d6ab9","userLoc":{"longitude":-164.01966021987568,"latitude":69.9467646340546}},{"userUuid":"16894973-58f9-481d-923f-75f143f88da8","userLoc":{"longitude":62.721492836554944,"latitude":-71.67627383625208}},{"userUuid":"32c57a81-fc1b-44c5-b632-8bf1a7f434c5","userLoc":{"longitude":125.46588723563468,"latitude":46.576929780640796}},{"userUuid":"62dbb456-3824-46e2-99d6-89c411b56d7a","userLoc":{"longitude":136.13480953416456,"latitude":-84.32085333798325}},{"userUuid":"98bf5047-d7db-432e-86c3-724704888f6d","userLoc":{"longitude":154.47409453127432,"latitude":84.31891310393735}},{"userUuid":"237a0f6b-e249-4168-8434-c491088f8991","userLoc":{"longitude":-16.54212157567821,"latitude":66.85875766064208}},{"userUuid":"1e61ed04-0299-409e-a7b2-e8e3c630aab8","userLoc":{"longitude":144.0039183920083,"latitude":-83.57548061406342}},{"userUuid":"9b238c01-ff65-47c0-bb77-8ace53bc6ac5","userLoc":{"longitude":-93.68868863692103,"latitude":-75.35487122340484}},{"userUuid":"093ebfa7-5700-4828-8299-a961dfe4bd48","userLoc":{"longitude":10.479260417156354,"latitude":-64.65985843755078}},{"userUuid":"bab30736-40d2-4611-b41e-c13a8f9ef056","userLoc":{"longitude":30.798055083431137,"latitude":-15.704495484112883}},{"userUuid":"6b2455d9-ef56-4f0e-af7f-1a3725136b95","userLoc":{"longitude":122.60072419215669,"latitude":-32.868467525246544}},{"userUuid":"09f13c66-1d0c-416d-8120-89486915cd27","userLoc":{"longitude":143.70343101916995,"latitude":42.8748872924445}},{"userUuid":"59af2d47-2a25-46da-b2d5-498472e16b34","userLoc":{"longitude":-24.08497432574879,"latitude":13.919177870610255}},{"userUuid":"1b66c8ee-627d-46ca-b4ce-fa0c43f08b91","userLoc":{"longitude":24.571056830896453,"latitude":38.55759458105776}},{"userUuid":"1f975afc-da1f-4dac-b17e-4d431328ac0b","userLoc":{"longitude":143.4962908948603,"latitude":34.44983706262492}},{"userUuid":"60af9fe3-f1aa-4bd9-99cb-a3a61bf54b3e","userLoc":{"longitude":-41.32228053342459,"latitude":69.55130282652871}},{"userUuid":"e1b815ee-bf7a-4986-9f20-1dd6f0ddb201","userLoc":{"longitude":-121.52675129087874,"latitude":-11.040816014606918}},{"userUuid":"043be58d-5b90-4746-b792-66a4e11a3478","userLoc":{"longitude":-125.09427141290337,"latitude":-63.2461693386867}},{"userUuid":"f485ede3-628c-4d6f-a8e8-548d5a388470","userLoc":{"longitude":128.9603668247247,"latitude":62.25440893821511}},{"userUuid":"e2fe1de4-cd60-4aec-93a9-fad0c51fbc38","userLoc":{"longitude":4.270131705346671,"latitude":-80.6385352590879}},{"userUuid":"83bd18e2-3cdf-42e9-bb71-918442b8af49","userLoc":{"longitude":-17.640090324520372,"latitude":64.62375181082308}},{"userUuid":"b1389e86-8881-4249-8103-552ec99ef909","userLoc":{"longitude":-83.48071123324823,"latitude":-14.196047556456165}},{"userUuid":"afa2afd3-24d6-45a2-b88e-170dab3b0975","userLoc":{"longitude":-98.68011795142345,"latitude":35.32306680117061}},{"userUuid":"15ea7bc7-241f-449a-a1b4-be77c4cfe5f7","userLoc":{"longitude":-74.23012440806865,"latitude":-71.99253082131129}},{"userUuid":"e33377ef-425b-49de-9c23-f89d06feeb75","userLoc":{"longitude":-84.72708553593061,"latitude":-41.19465628800546}},{"userUuid":"eb41bcec-1c47-4006-918d-922193535bf1","userLoc":{"longitude":-23.107329244621155,"latitude":8.063816827158007}},{"userUuid":"d388cc7e-8626-444c-bf70-4f903e90a78b","userLoc":{"longitude":-116.58176259001718,"latitude":9.207694400435571}},{"userUuid":"48db329f-b605-4f1d-9854-65591646e0bf","userLoc":{"longitude":-109.6830214193216,"latitude":-59.38026347967114}},{"userUuid":"21419065-e70c-405c-af3b-d03f97ccfb81","userLoc":{"longitude":2.4528729430907674,"latitude":-22.59901646277727}},{"userUuid":"a79d1695-3e78-4481-8759-9bb09464fbfb","userLoc":{"longitude":73.89368773174854,"latitude":67.27362014470324}},{"userUuid":"491c6633-8f0d-492f-a088-18749c997a39","userLoc":{"longitude":-136.228946428282,"latitude":-59.15383206239095}},{"userUuid":"ee20cd63-52b7-4a6e-b3a4-894f38cd14b7","userLoc":{"longitude":94.64333543649462,"latitude":-14.764822184557389}},{"userUuid":"5a4454c3-5b1c-4b5d-818c-5c3ab37d56df","userLoc":{"longitude":134.4935633792977,"latitude":65.8047383080141}},{"userUuid":"51912b34-8ddb-4d0e-a156-a376f30bebe0","userLoc":{"longitude":125.93845062971059,"latitude":-55.13573279650795}},{"userUuid":"5eefc483-ecf3-4a63-bb67-040075077ed3","userLoc":{"longitude":150.9623534826228,"latitude":2.9355145309960875}},{"userUuid":"7938a4aa-e8a1-4212-9507-0243faa40aa7","userLoc":{"longitude":176.80019683586158,"latitude":-27.06225472073836}},{"userUuid":"45d497c4-0ea2-4162-8651-b625d3d60250","userLoc":{"longitude":-82.1980777895421,"latitude":63.356877732446435}},{"userUuid":"3d28d981-081a-4da2-8fb2-0db0358c578b","userLoc":{"longitude":129.16885551979874,"latitude":-33.65968400259133}},{"userUuid":"4d76d08c-e667-422b-b878-e49daf2ac5d9","userLoc":{"longitude":-66.87952333118987,"latitude":76.56450305294214}},{"userUuid":"963efecc-ff3a-4451-b1de-b2cacdc82f8a","userLoc":{"longitude":137.84973536267103,"latitude":-28.262442298640806}},{"userUuid":"00dda157-305a-4e8e-b637-d98429f0d2e9","userLoc":{"longitude":-57.25867235412218,"latitude":6.386801333793301}},{"userUuid":"3631276c-3f71-4a85-a0a8-b7c6a8876f51","userLoc":{"longitude":128.859794507336,"latitude":-66.56399839074219}},{"userUuid":"6016cbdc-bb0b-4567-87ec-2c6f25e269f7","userLoc":{"longitude":-85.87603826396784,"latitude":73.23529867102661}},{"userUuid":"6b3c651a-b4c5-4638-a03b-3840c7c17d36","userLoc":{"longitude":145.09086852930523,"latitude":78.91274827876526}},{"userUuid":"aef8dea3-8949-42f0-a653-605c09a559bf","userLoc":{"longitude":47.45513955623119,"latitude":2.139115685533895}},{"userUuid":"dfdef740-0fa9-47fb-9017-fd88faa98ec2","userLoc":{"longitude":-107.14355554544896,"latitude":51.64242007782761}},{"userUuid":"3896046d-4c67-4ff6-b02c-4cbe59a49321","userLoc":{"longitude":-165.55451141124385,"latitude":2.51419031970525}},{"userUuid":"85e569d7-a828-428d-9e97-062d60430297","userLoc":{"longitude":-129.41704570610534,"latitude":-35.79420882567647}},{"userUuid":"99a46e34-d5bf-48a5-acc0-f3df6ba11d3d","userLoc":{"longitude":-13.4151052628483,"latitude":-71.09573525178244}},{"userUuid":"6cfd584e-e79b-4895-921c-985ab85c5678","userLoc":{"longitude":27.1397435019409,"latitude":-72.38200426497221}},{"userUuid":"97d5744d-d856-4c8c-af91-d61e268cc3b6","userLoc":{"longitude":93.45599512854943,"latitude":72.37212596498927}},{"userUuid":"9ce5ff20-0dd0-46a8-b3c8-a74d13135ca6","userLoc":{"longitude":-166.11971541762662,"latitude":51.724474576256284}},{"userUuid":"05f6e951-e139-4a33-abdd-192f44ffeb17","userLoc":{"longitude":107.53894183936887,"latitude":47.96607047596143}},{"userUuid":"24c069e4-f534-48ca-ab63-aa6fe7d04c3a","userLoc":{"longitude":97.83902701515649,"latitude":-60.094940820810734}},{"userUuid":"b91773b4-bad4-4568-955a-bd0ab9095b8b","userLoc":{"longitude":105.85101862525295,"latitude":-62.668013056433225}},{"userUuid":"171cce99-9771-4747-8c6c-c3e49c0490b8","userLoc":{"longitude":-83.62860037300673,"latitude":7.353724621555415}},{"userUuid":"ef8a1aff-6ad4-4555-ae5f-a15071d1203d","userLoc":{"longitude":86.16326345223519,"latitude":23.774873572807962}},{"userUuid":"9abf122f-d204-4cbb-82b6-429d77d214a2","userLoc":{"longitude":17.429542499466578,"latitude":-79.7528591651555}},{"userUuid":"26bc59ce-5551-4492-8e13-e2bb5267e508","userLoc":{"longitude":-121.76958629077366,"latitude":-17.031503834229994}},{"userUuid":"eee3d35d-0f5f-4dec-bd3d-d4ab8f26635e","userLoc":{"longitude":33.12006244388107,"latitude":-62.88939874885159}},{"userUuid":"dc9de412-0577-4d93-9e39-5e68943cb348","userLoc":{"longitude":121.7382613918449,"latitude":-80.64066805050756}},{"userUuid":"aa74786f-d7a5-4580-861e-77c1446057e3","userLoc":{"longitude":-38.836127014313945,"latitude":67.163697715517}},{"userUuid":"4dfcd496-ebf0-4aa1-a241-59a6d7ca673b","userLoc":{"longitude":-84.62062681589587,"latitude":79.4337372640399}},{"userUuid":"c454dd59-a4f9-4f3b-adbd-604919f65b5c","userLoc":{"longitude":164.28948437874408,"latitude":15.319181729783324}},{"userUuid":"8fafcc6f-88eb-4099-859b-668a016d9146","userLoc":{"longitude":65.42566180781094,"latitude":-51.844699156461395}},{"userUuid":"b2f67863-8de2-4177-ae56-ec0f07fe29f9","userLoc":{"longitude":-112.50770774815273,"latitude":-36.28482069333756}},{"userUuid":"2fc7f303-542c-4369-a9d9-5259f5e2b3fd","userLoc":{"longitude":21.695070155005254,"latitude":6.396576508658015}},{"userUuid":"74b30b1c-685b-40f8-9199-c99ba645c5e8","userLoc":{"longitude":159.98815394128877,"latitude":16.416760886263248}},{"userUuid":"413c2c8f-bc31-4c8c-a852-7c2f406604c4","userLoc":{"longitude":-155.20542498062713,"latitude":-6.522553674637564}},{"userUuid":"a622d79e-b88e-4359-96d8-ac48916a8935","userLoc":{"longitude":-106.69748595733624,"latitude":-30.992889966018936}},{"userUuid":"35d44085-df97-4894-975f-1d079655383c","userLoc":{"longitude":163.71984802331963,"latitude":28.679387243977615}},{"userUuid":"9f4ddde7-5d5f-4b25-8fd9-f999bd529a5e","userLoc":{"longitude":1.0936405269091267,"latitude":43.07006686091165}},{"userUuid":"38ba8f48-b49e-488b-b1d7-d73a719ffda0","userLoc":{"longitude":96.17266206066938,"latitude":61.713877814941526}},{"userUuid":"d374bde5-a156-4118-ae36-5029ccc8268f","userLoc":{"longitude":-175.5091272545859,"latitude":39.46788144304722}},{"userUuid":"9c577135-aec2-4b0a-b32f-a2df06413503","userLoc":{"longitude":94.229663580031,"latitude":18.32512206676512}},{"userUuid":"e1e4b0e4-778d-49fe-96ed-e95f3ff6a6b2","userLoc":{"longitude":50.892985534129934,"latitude":80.49062768483543}},{"userUuid":"fa4aec14-d9e0-413f-be18-add50cea9b65","userLoc":{"longitude":-171.09065228713237,"latitude":-14.291826919743727}},{"userUuid":"27abbb10-4300-4efd-a2a3-1ca21f4ea2aa","userLoc":{"longitude":-130.55561835944715,"latitude":1.4330661816685364}},{"userUuid":"3b833310-2507-4b31-869c-9348f56fce36","userLoc":{"longitude":-74.31572697171895,"latitude":-51.83874950780854}},{"userUuid":"97a96d9b-6eaf-4b38-adc5-5c81224e2975","userLoc":{"longitude":-179.25806991067788,"latitude":-32.54013624794131}},{"userUuid":"769ba2b1-a169-408c-9e25-651b59f3574a","userLoc":{"longitude":171.3788420248694,"latitude":-54.19344357598895}},{"userUuid":"438e2edf-045d-4334-ab2c-ee7effd99697","userLoc":{"longitude":-35.80530908475919,"latitude":75.87605082335753}},{"userUuid":"e2af5546-6486-40c3-ad46-afae2f94d01c","userLoc":{"longitude":-69.66895717263004,"latitude":22.022635138920364}},{"userUuid":"750b7947-9adc-4141-8f08-1e34b60264a8","userLoc":{"longitude":157.32080259900295,"latitude":61.85545467681996}},{"userUuid":"32e9eb38-f4cb-40fd-833b-ffa09774c2ce","userLoc":{"longitude":127.42639905149815,"latitude":28.173414113512393}},{"userUuid":"b9c35f74-39da-4e37-8939-a509fd1ba015","userLoc":{"longitude":-76.72428849061167,"latitude":-34.172469636194215}},{"userUuid":"6bdb9d9e-2cba-4a43-8b2f-cb7df57af921","userLoc":{"longitude":-144.58489436260768,"latitude":-57.58524967817132}},{"userUuid":"0fe84e6b-7dac-4adb-b946-635c8285c284","userLoc":{"longitude":175.60447531221143,"latitude":-56.723706631519434}},{"userUuid":"dd91f8f7-1405-4f57-96bb-68a087e2dbc2","userLoc":{"longitude":163.91443722971673,"latitude":59.16373935739989}},{"userUuid":"dc924dab-3b10-454b-b755-412399fb92a9","userLoc":{"longitude":46.51022082410381,"latitude":83.71139421348082}},{"userUuid":"a564b437-22f6-46cd-97f1-f980cc5382e1","userLoc":{"longitude":134.5135784816943,"latitude":-12.136633504372611}},{"userUuid":"cc65bbc6-f118-4f7d-a2fd-ec64358e398c","userLoc":{"longitude":-85.35855487391538,"latitude":29.570576547070885}},{"userUuid":"67ea61f4-1ae0-466c-93bc-eb3b7f375e13","userLoc":{"longitude":104.8394682156295,"latitude":-58.067375548576166}},{"userUuid":"fe9c04ba-a56c-43cb-9282-1fa33e46d82e","userLoc":{"longitude":-22.815333602845016,"latitude":68.5837718342639}},{"userUuid":"7513c245-e080-46f7-a6a5-e25be8aff100","userLoc":{"longitude":94.59085824369754,"latitude":14.828242756380718}},{"userUuid":"77c732fd-50d8-46d9-8a9f-91385f674e0a","userLoc":{"longitude":-67.17497076076356,"latitude":53.72656124574368}},{"userUuid":"1b74eb2b-7f9f-4ce2-b839-dc710c740148","userLoc":{"longitude":10.60515380795971,"latitude":-81.87186750013937}},{"userUuid":"65c87b47-1faf-47cb-8058-fb3afb7b28ea","userLoc":{"longitude":-54.64746103686234,"latitude":81.78243187451332}},{"userUuid":"29f7f1fc-fdbe-45c1-9723-e924dac5304a","userLoc":{"longitude":-156.76289584893595,"latitude":-27.943164944348588}},{"userUuid":"8aba5ccb-2703-4844-8a61-5c99e6dcad51","userLoc":{"longitude":53.318986415901065,"latitude":-48.72787716739795}},{"userUuid":"bced4907-8ac8-412c-bd50-c5e37ff5ed3e","userLoc":{"longitude":12.167730823498175,"latitude":71.70103092336865}},{"userUuid":"5c682513-3cf4-4652-a280-a41059b38724","userLoc":{"longitude":-174.32835060997758,"latitude":9.43112310258536}},{"userUuid":"826bc931-d93d-4cc0-90b0-66c587d73dd8","userLoc":{"longitude":141.66381425370776,"latitude":-18.36422023862349}},{"userUuid":"8da723c9-6b84-45eb-8bf9-808ab50c31ae","userLoc":{"longitude":-43.4324924179748,"latitude":-29.578804458710145}},{"userUuid":"bd9eb615-5661-45f0-a882-48ef3e8435ab","userLoc":{"longitude":114.42303047402038,"latitude":65.98488858992769}},{"userUuid":"b58f354f-eb34-4883-9dbb-21ef3cc6edcd","userLoc":{"longitude":-18.535970262780438,"latitude":-51.5977827866446}},{"userUuid":"b095ace5-b42c-473a-8f03-2a608b61eae6","userLoc":{"longitude":76.01501188735386,"latitude":6.3536900276058645}},{"userUuid":"906ad90e-1913-42f0-a71c-f9774f52d470","userLoc":{"longitude":9.253025899657132,"latitude":40.324021732914034}},{"userUuid":"05e80a32-7825-4fc7-a52a-40430c77cee3","userLoc":{"longitude":94.08016012313107,"latitude":35.16184846369259}},{"userUuid":"312cca09-5750-492d-9f9f-bacff9a2f995","userLoc":{"longitude":19.81156735750318,"latitude":62.783629828448284}},{"userUuid":"5a0161ff-9837-4938-82a0-e493549e6ea4","userLoc":{"longitude":-59.20884102627353,"latitude":83.91157451069526}},{"userUuid":"8b83f52a-674c-4f9d-9dfd-37e590143484","userLoc":{"longitude":-153.17802169406184,"latitude":-82.38916802973961}},{"userUuid":"758227e1-2bce-4492-af9b-7e8ed60791a7","userLoc":{"longitude":147.6684648793401,"latitude":66.16686755612704}},{"userUuid":"72e523a6-05cc-405d-9b9c-645814fe88d9","userLoc":{"longitude":56.582187426083664,"latitude":64.10332053912606}},{"userUuid":"c5e4ce81-fc25-4994-9168-e025c0f7d508","userLoc":{"longitude":4.0679465630139475,"latitude":13.911198768326457}},{"userUuid":"4735c57e-9f91-4ffc-a120-b9646384e1cf","userLoc":{"longitude":-54.284992834544965,"latitude":-33.96202850133323}},{"userUuid":"84b077f6-b4ec-4517-a448-1c6036e23ab5","userLoc":{"longitude":-23.743546973288943,"latitude":-27.595313116226258}},{"userUuid":"fff7f5ea-cf06-43e6-906d-3722e9eb8310","userLoc":{"longitude":-115.20234445385704,"latitude":83.4366230900651}},{"userUuid":"1fdb66eb-efd9-49b6-8644-85818a21fdf5","userLoc":{"longitude":2.1598573653038784,"latitude":37.49146895358905}},{"userUuid":"f804c73a-7734-4fc1-b593-04bb64a773aa","userLoc":{"longitude":53.75221550744624,"latitude":-51.84883677742284}},{"userUuid":"f11d30c2-b86a-4cf7-b2f8-b51d95854127","userLoc":{"longitude":133.0658539703466,"latitude":32.110413702908204}},{"userUuid":"baf2a5fc-ad72-4471-b57f-ca43889a979f","userLoc":{"longitude":-130.2964964858113,"latitude":-2.0271492656354724}},{"userUuid":"67e1971e-f76a-4ac3-8fab-fcf65577c43c","userLoc":{"longitude":140.20247851062595,"latitude":-59.05676766160006}},{"userUuid":"31e50772-ce8c-44a9-a045-b06b11a30c76","userLoc":{"longitude":152.12874582410615,"latitude":20.645980247997073}},{"userUuid":"6b061285-2cc9-438f-8bcb-e30f75f60d7a","userLoc":{"longitude":-13.610187885658917,"latitude":-17.11566885886515}},{"userUuid":"94b36347-6599-499a-8e0e-69b9bb3aee5f","userLoc":{"longitude":-152.77852994014134,"latitude":-57.848969009235425}},{"userUuid":"78936928-15b8-4c03-974b-d7306eb9d6cd","userLoc":{"longitude":116.41737567319217,"latitude":44.20248632505499}},{"userUuid":"6547ac9a-e3a8-47d5-aa51-4fae1ece530c","userLoc":{"longitude":20.423049198518072,"latitude":-30.683824111995996}},{"userUuid":"c3674147-c925-4243-943d-9d664090bae1","userLoc":{"longitude":64.86858420630062,"latitude":-29.517737533505738}},{"userUuid":"2c0ef5c9-7002-4d6a-a5db-e93c7c0319cc","userLoc":{"longitude":60.705653744965105,"latitude":-71.3084566336349}},{"userUuid":"35763cca-7bc8-4a73-ae4a-1975ca92b564","userLoc":{"longitude":118.50374869555026,"latitude":83.12573793106267}},{"userUuid":"97aad866-f762-4831-adeb-58025d0e2627","userLoc":{"longitude":-177.65710169846182,"latitude":51.25057737568224}},{"userUuid":"62f1ca5d-47f8-48e7-a6d8-fd1eed4691c7","userLoc":{"longitude":-61.134592299952786,"latitude":-74.34047768662049}},{"userUuid":"1c78dda2-497f-461f-bdad-67475ca70764","userLoc":{"longitude":-145.2745182460354,"latitude":36.70897298027688}},{"userUuid":"e64af1d3-7264-4ac8-9dd2-df54b5974580","userLoc":{"longitude":20.285172644991633,"latitude":50.978628948907925}},{"userUuid":"6dee1ad2-2f3b-420f-b2f5-90cdaa049cdb","userLoc":{"longitude":-155.42067174232824,"latitude":0.2565401877125453}},{"userUuid":"99cbbe5a-01e6-474a-a23b-054132d5403b","userLoc":{"longitude":-171.87508665740648,"latitude":-82.02880472780183}},{"userUuid":"c6386853-0385-4b84-a01f-e91faba8beed","userLoc":{"longitude":158.56743000851276,"latitude":58.15139284419632}},{"userUuid":"3eed8651-1a30-47b7-8d3f-15729ab8a4db","userLoc":{"longitude":41.14851234661032,"latitude":-14.55835499311489}},{"userUuid":"37c7fe6e-c02a-41ca-937a-9f16df87abb4","userLoc":{"longitude":-54.78058982786348,"latitude":-13.04734110347384}},{"userUuid":"fa4fe08d-846b-4464-ae85-d4c0e04cec89","userLoc":{"longitude":148.42312271941313,"latitude":19.350215750715748}},{"userUuid":"0f0921d9-ee06-444a-8de2-818b8fccf03d","userLoc":{"longitude":-82.8858167748077,"latitude":12.512900356328998}},{"userUuid":"712d53cc-3732-4106-9212-b8d30d625fe4","userLoc":{"longitude":-86.07979592579292,"latitude":-45.181749038373866}},{"userUuid":"02b57d6a-c53a-4476-add7-cff4bf50bf9a","userLoc":{"longitude":-29.75954602239753,"latitude":2.2468104702306704}},{"userUuid":"1e036eb7-f812-4351-95d2-7822a808e5cf","userLoc":{"longitude":122.50134788645971,"latitude":-3.360641619779514}},{"userUuid":"cb537246-8ac3-4819-9b5d-46061fad728d","userLoc":{"longitude":105.66425271091765,"latitude":-15.9654685647766}},{"userUuid":"2db967b8-6b46-4149-8c0b-67c5337c74ad","userLoc":{"longitude":-82.17952620164237,"latitude":-57.61583265811734}},{"userUuid":"c36ba312-2e39-46db-9ab0-b5dc3ce33d02","userLoc":{"longitude":-164.4721301783846,"latitude":-31.66550679721591}},{"userUuid":"91f1be14-1f4f-4f09-8ad9-49bd1dfdad7e","userLoc":{"longitude":-0.32878750860899686,"latitude":40.028345686997156}},{"userUuid":"34bc5563-b609-4903-a020-d716b1c894d6","userLoc":{"longitude":115.744096352378,"latitude":47.636498608989086}},{"userUuid":"3a5c5671-936a-4c2b-aa4c-701e369c8f28","userLoc":{"longitude":-60.79335391593578,"latitude":58.24910977846301}},{"userUuid":"d2c541db-6328-4f59-9bf8-a502ad19ecfe","userLoc":{"longitude":-111.80605802385098,"latitude":-15.114273125776904}},{"userUuid":"96c3d99e-4908-4d77-b6d8-f9d0a6436a69","userLoc":{"longitude":159.05168157028993,"latitude":75.96110469386133}},{"userUuid":"84711128-a62d-4466-810e-d70984a9646c","userLoc":{"longitude":98.42815646580124,"latitude":18.73353801737194}},{"userUuid":"b63365b9-3f6d-4d0a-881d-b2f7fb2ca543","userLoc":{"longitude":-28.091270480081164,"latitude":-14.174205151939745}},{"userUuid":"781c4fbe-817b-4658-bb6d-b3e3f0762773","userLoc":{"longitude":-84.43412347294733,"latitude":53.778825403372394}},{"userUuid":"07a60bb2-ae55-4b70-b910-24988b7962b0","userLoc":{"longitude":4.0608210494703485,"latitude":-16.071076063111747}},{"userUuid":"0b5185d4-334d-40f0-8455-069257fc76ce","userLoc":{"longitude":2.682544465341948,"latitude":-0.05940080368779377}},{"userUuid":"9d01326f-7dc9-46a3-9c70-3d44189746dc","userLoc":{"longitude":59.852109596908804,"latitude":-43.21156744343738}},{"userUuid":"73afe485-b90c-4227-80f4-f74802a6ee7a","userLoc":{"longitude":85.25458268138914,"latitude":74.99012730086741}},{"userUuid":"db9f7f55-5106-4d60-b9d3-1c8345dedee0","userLoc":{"longitude":113.48217363323306,"latitude":29.400666852676437}},{"userUuid":"0264112b-55cb-409b-bae4-9ec141e9150f","userLoc":{"longitude":95.34800547009826,"latitude":-29.48538747797265}},{"userUuid":"1952b494-c978-43c0-95b3-4accff0356d5","userLoc":{"longitude":-29.789530297590602,"latitude":-15.119251743658737}},{"userUuid":"925cb741-e59b-4e69-a531-debcd179367e","userLoc":{"longitude":107.80965271136012,"latitude":-44.77799440586566}},{"userUuid":"506c3f77-2888-4692-920d-5d387598cad2","userLoc":{"longitude":18.22517934801317,"latitude":-79.94865609846123}},{"userUuid":"19fb49b0-4807-471d-a58c-db224337c24a","userLoc":{"longitude":18.822838598472345,"latitude":80.57907630736145}},{"userUuid":"bc4d2d49-202d-4508-903b-8a48498ebac7","userLoc":{"longitude":-105.10978575475801,"latitude":-79.16543274303596}},{"userUuid":"d0defd20-e53f-4775-a513-92bab533a3bf","userLoc":{"longitude":-124.32858921322548,"latitude":-66.14403149991966}},{"userUuid":"d0823b6c-790d-4ade-a3c5-cc1c4305f19e","userLoc":{"longitude":-100.8977214439748,"latitude":46.388671498074046}},{"userUuid":"66b05275-4077-450d-a6fb-02c22b6305e9","userLoc":{"longitude":13.237119510553129,"latitude":40.092620956370496}},{"userUuid":"eb784e90-85f0-4204-863a-124d005b4b2c","userLoc":{"longitude":30.973189182800212,"latitude":-29.287843130204287}},{"userUuid":"de7be3f7-5ab6-4b92-831d-0182a4530a6c","userLoc":{"longitude":25.071317510612374,"latitude":68.68251007353015}},{"userUuid":"1f280dc3-88d8-4aaa-82c7-bfc311857512","userLoc":{"longitude":-177.30077943578556,"latitude":32.080904072991686}},{"userUuid":"12cca280-8127-43b3-8b93-b55e22830ea2","userLoc":{"longitude":-27.70953939996761,"latitude":-76.34725610022258}},{"userUuid":"f4cbddcd-02da-466c-b3cc-d8fbfe92794f","userLoc":{"longitude":-161.13404479320556,"latitude":63.92855264346113}},{"userUuid":"7635d845-ff73-4a76-aa17-b225afb85414","userLoc":{"longitude":22.485835625302656,"latitude":27.118798685133783}},{"userUuid":"97c4d5e0-446b-4e94-b548-3c8ae9acfb52","userLoc":{"longitude":175.15969628210416,"latitude":23.613423252561375}},{"userUuid":"744ee936-0ee5-4079-827d-96c13237dd22","userLoc":{"longitude":88.05474228300903,"latitude":12.20193813107467}},{"userUuid":"179ad574-c20a-4e45-8cda-47abc85cb07a","userLoc":{"longitude":-0.5631750340068606,"latitude":-75.16320040214157}},{"userUuid":"38db6222-7a17-43f0-8539-cef0c71b7bcf","userLoc":{"longitude":62.62430078790479,"latitude":-19.06258974276831}},{"userUuid":"c082e326-95c8-4088-929d-b2af2c047fa6","userLoc":{"longitude":21.927846398317683,"latitude":68.9852121342337}},{"userUuid":"24f5c261-7a64-43d1-b9a7-dd68a57aba14","userLoc":{"longitude":75.02798375098115,"latitude":56.839849768209604}},{"userUuid":"f30dbe42-8c86-472f-acb7-ace918758543","userLoc":{"longitude":117.44771701836868,"latitude":-83.28907312817377}},{"userUuid":"535a5a62-cd0e-4efc-bfd3-34ee86c04df3","userLoc":{"longitude":-114.81588763593122,"latitude":-84.2295669576854}},{"userUuid":"9b4fa962-18cc-435f-b118-12a6dc349e02","userLoc":{"longitude":179.6603028637262,"latitude":-29.12337125350387}},{"userUuid":"ab32c485-fb6a-48d5-8c8c-6dae27b60856","userLoc":{"longitude":-102.86903685430941,"latitude":63.25613628106194}},{"userUuid":"dc455853-9846-46ed-93e6-2f6571ee0afd","userLoc":{"longitude":-147.8952018962537,"latitude":46.771989955729}},{"userUuid":"eed94598-26b6-4703-96e3-d9e7b7eb9bef","userLoc":{"longitude":-59.32974862383959,"latitude":6.271509854888265}},{"userUuid":"2489a31d-2a48-44d9-907c-edee6f8149a5","userLoc":{"longitude":44.985689926874045,"latitude":40.740697095994335}},{"userUuid":"998702ce-d497-4e9b-adb6-78b38f6cd91f","userLoc":{"longitude":-55.887325032620794,"latitude":42.055711862560514}},{"userUuid":"88d04939-b5a3-4b8a-975d-a999aa0bc9e5","userLoc":{"longitude":130.03838375854286,"latitude":-21.709443508641513}},{"userUuid":"39c37c00-d101-4fde-bd28-708cdd275a21","userLoc":{"longitude":-2.0523732925156253,"latitude":-47.66451023787314}},{"userUuid":"55f3b447-4f70-4b41-8a60-a374b8476fe0","userLoc":{"longitude":24.109808995316257,"latitude":-72.03500102827215}},{"userUuid":"30617119-51be-4216-a600-6c8add7b196e","userLoc":{"longitude":-26.93136185237688,"latitude":83.690274492664}},{"userUuid":"418ff7ec-f640-4a6b-a269-8ed1113abf1b","userLoc":{"longitude":33.16136912452072,"latitude":-82.05807815607064}},{"userUuid":"5d5bc1da-cf66-454d-a9ff-2ead280de5ff","userLoc":{"longitude":95.6297731493139,"latitude":48.08661570765966}},{"userUuid":"ccdef3f1-fea6-47da-b0b6-968d0befd8c5","userLoc":{"longitude":35.92455967649008,"latitude":-76.13350711606974}},{"userUuid":"0cc57c2d-aa03-4ac9-aa04-39e186b85759","userLoc":{"longitude":32.70499015245218,"latitude":-39.86608095369493}},{"userUuid":"271b3fdb-6eec-4b01-a44a-8d9ea5e3cfd0","userLoc":{"longitude":-27.05584794275984,"latitude":46.71401419640469}},{"userUuid":"75c28989-8e48-448d-9b8c-6e27a722ffea","userLoc":{"longitude":-158.37558778887052,"latitude":-48.92437442354073}},{"userUuid":"6ec1f7cf-0159-44f2-baee-652334721b15","userLoc":{"longitude":59.63467360441021,"latitude":-18.45577562203519}},{"userUuid":"6a3c9946-da83-4b5d-bce5-d0ed26e0f3c2","userLoc":{"longitude":143.33632329902298,"latitude":-33.643769649821564}},{"userUuid":"37636fc7-ac71-40e9-bb6b-6147b21dab4c","userLoc":{"longitude":144.66865130669555,"latitude":71.18804913763924}},{"userUuid":"9f7121b4-f2fa-44ad-912a-df2b48a9c3d5","userLoc":{"longitude":-87.67113653942505,"latitude":-68.80053133130436}},{"userUuid":"91b96db9-68b8-439d-bc42-b6f29aa2c4e5","userLoc":{"longitude":-94.32100133637118,"latitude":-3.7341780336297887}},{"userUuid":"781e6972-99f5-4b91-b9a4-084356d0b952","userLoc":{"longitude":140.5356610511426,"latitude":16.494207215297237}},{"userUuid":"8da76147-4842-4034-b7c2-ee98442c8848","userLoc":{"longitude":36.631067594544504,"latitude":37.46338914960312}},{"userUuid":"e830d089-b8d1-45d5-8a0c-e7cb39d8a737","userLoc":{"longitude":-45.8349355743278,"latitude":52.98703778595703}},{"userUuid":"c5fb5b43-8b79-4130-b1de-c2a8e60e5431","userLoc":{"longitude":-102.50446253430432,"latitude":-24.13550222227382}},{"userUuid":"68a109ea-1357-4751-8aba-866e856e990b","userLoc":{"longitude":39.637006297268414,"latitude":6.466424561300599}},{"userUuid":"ed3d4446-f610-4695-a4d6-24f5662e9795","userLoc":{"longitude":23.444208784392885,"latitude":10.69996751817493}},{"userUuid":"276d0f74-4561-48fe-a794-4907f64865ad","userLoc":{"longitude":-150.7180526052536,"latitude":-77.97925503674057}},{"userUuid":"436d5ef1-84a9-4a05-8dc5-c5808648d9c7","userLoc":{"longitude":54.07025898426963,"latitude":-22.155341965179048}},{"userUuid":"e41da28b-3936-42a9-aeb8-c902b43a377a","userLoc":{"longitude":-7.075305814618133,"latitude":78.8890075289695}},{"userUuid":"4e979cbf-76cd-40ca-b5ea-70dfdffd3892","userLoc":{"longitude":-6.72358397220259,"latitude":-39.203158354759665}},{"userUuid":"2f870807-2439-4a43-ae78-5fc02a2268c7","userLoc":{"longitude":-178.74080401844415,"latitude":-51.2587448732263}},{"userUuid":"374a37f2-b90e-41c1-931a-1d2f39ce4352","userLoc":{"longitude":7.077866958669574,"latitude":-26.522866728803784}},{"userUuid":"c7d0c09b-f5a3-4a1c-8b3f-42223e104135","userLoc":{"longitude":71.76543667510663,"latitude":78.22223393599322}},{"userUuid":"3bb1f029-906b-4e1d-aa2a-5036714df775","userLoc":{"longitude":33.8985920096564,"latitude":78.08280080796371}},{"userUuid":"801c929e-2431-422e-984c-89082b19223c","userLoc":{"longitude":-29.930642510621226,"latitude":-54.84970908924389}},{"userUuid":"bddd6cb7-98ca-42ac-8819-fc210b724ec7","userLoc":{"longitude":51.229670297173044,"latitude":30.455329480130075}},{"userUuid":"2d557dae-e5fe-490f-aa11-1fea272900df","userLoc":{"longitude":-141.36760876761338,"latitude":13.807637904711143}},{"userUuid":"7c5289da-ccb8-4cd0-980c-104e640f8bf1","userLoc":{"longitude":53.33449672675286,"latitude":-18.922895580181788}},{"userUuid":"aa27569c-3af9-42b8-930a-f1cb0a17644f","userLoc":{"longitude":11.522192497661706,"latitude":36.42818440054515}},{"userUuid":"e70dde48-9af4-411e-ab6c-f6fa7a98c091","userLoc":{"longitude":134.76293297108896,"latitude":75.23830724260131}},{"userUuid":"50adcd5f-81d9-46f3-ab56-1aa2798031a5","userLoc":{"longitude":125.46533049310563,"latitude":-25.660105938656102}},{"userUuid":"20ad093a-415a-4637-810a-ca52ce298b7e","userLoc":{"longitude":-164.39131692801845,"latitude":45.98702060115829}},{"userUuid":"fa8e089d-c59b-4585-8ba5-a154f7430164","userLoc":{"longitude":-136.21509671864334,"latitude":26.049743883001085}},{"userUuid":"462ba189-ea3a-49a0-80cc-d35c390142fc","userLoc":{"longitude":101.47783186433213,"latitude":-72.9594982062803}},{"userUuid":"08f7d48a-8b84-41a6-a4ef-245eaf2962ae","userLoc":{"longitude":163.0707356544728,"latitude":83.9513590465719}},{"userUuid":"20470b63-92aa-4b4f-a5f5-c6d681866c7f","userLoc":{"longitude":82.08482495268265,"latitude":-57.468973917736356}},{"userUuid":"0b47d6bc-458f-4bb5-953b-7c2e9eded30c","userLoc":{"longitude":-86.43102709693957,"latitude":52.20740705511997}},{"userUuid":"22552bc0-e0cc-42ff-aa27-eca24aca7772","userLoc":{"longitude":-90.18651192936736,"latitude":3.609340673129367}},{"userUuid":"225cbbb2-5bdb-4203-adda-26537bbdb0d5","userLoc":{"longitude":36.54302758647924,"latitude":66.10522577877168}},{"userUuid":"5b1e53f4-ec4e-4ed8-8066-2dea188fb368","userLoc":{"longitude":-172.39595283167785,"latitude":-70.37720693775557}},{"userUuid":"c0197899-b1be-4d3e-b37a-688757acf442","userLoc":{"longitude":4.95148223335454,"latitude":30.587767971025343}},{"userUuid":"84a70974-6f25-4595-937a-bc83e65f065d","userLoc":{"longitude":-156.01197585626193,"latitude":52.44160874701362}},{"userUuid":"078004f5-721e-46d9-ada1-65560239c426","userLoc":{"longitude":-80.55639168068252,"latitude":-34.211211656520206}},{"userUuid":"df2a2b91-d6f2-497b-ba2f-bf50934705a9","userLoc":{"longitude":-128.3807921093111,"latitude":-62.16566219863269}},{"userUuid":"50c09949-035f-44ac-9af1-17aa22cbd2a4","userLoc":{"longitude":-116.67193409562915,"latitude":-58.63734589063985}},{"userUuid":"77599f69-45d1-4c8f-bd67-5d57edad4bf4","userLoc":{"longitude":-3.556917148241382,"latitude":-7.622782093935527}},{"userUuid":"3d9766c1-06e9-4a01-919c-564a0d6e84e3","userLoc":{"longitude":-74.82918885781548,"latitude":66.71763238730745}},{"userUuid":"785185e1-163e-4fdf-b004-af371d9a260f","userLoc":{"longitude":159.8881157548264,"latitude":-53.68778631425973}},{"userUuid":"42011498-7768-4772-a3a3-985550267afd","userLoc":{"longitude":32.10722021448527,"latitude":37.74293261079555}},{"userUuid":"3022b559-eef1-4dcf-b0b6-7d3e621ad45d","userLoc":{"longitude":-130.60102585132972,"latitude":-66.99716113256387}},{"userUuid":"6d432d90-6e62-4139-b6fa-4cd07005b142","userLoc":{"longitude":38.244321916204626,"latitude":66.60555699948338}},{"userUuid":"9ac01344-c0e1-442c-9da1-b67f3d085f28","userLoc":{"longitude":177.66668025411076,"latitude":81.4938326919252}},{"userUuid":"e8781939-a4df-4a89-b506-6ee09d0f039c","userLoc":{"longitude":-104.31845933768564,"latitude":-65.66191508656406}},{"userUuid":"fa7a7e94-6b36-4c20-8dd0-523d8af89a50","userLoc":{"longitude":-175.15711698253375,"latitude":60.892230746576246}},{"userUuid":"2f42064e-e8ed-4c94-bcdc-7b39be6f8bae","userLoc":{"longitude":-31.190485766682087,"latitude":19.387847964658278}},{"userUuid":"e22f1459-fb16-4dc9-8405-5e611d632b68","userLoc":{"longitude":174.5486356630123,"latitude":-33.55950305809536}},{"userUuid":"066d38f1-644b-4856-a0af-219c6a96bd9c","userLoc":{"longitude":-106.48635810716996,"latitude":-36.25841079031692}},{"userUuid":"785aa682-4b7d-4869-9491-e18bfd0d2b64","userLoc":{"longitude":72.3183152916904,"latitude":-63.726749911823305}},{"userUuid":"0e2fd602-83e3-4807-ac61-f1f01817fb1f","userLoc":{"longitude":-40.25746258493231,"latitude":-19.484698946344253}},{"userUuid":"4d33a063-3014-40a3-a18e-e31a2db03194","userLoc":{"longitude":12.822858365239767,"latitude":44.23672362328557}},{"userUuid":"ee2d561a-7a6a-4383-9a15-02e2bcb40226","userLoc":{"longitude":91.70783797846275,"latitude":46.26199730143182}},{"userUuid":"f6e558da-3291-4954-9ea0-0d45a0513bc0","userLoc":{"longitude":16.518223275316927,"latitude":23.855623355269657}},{"userUuid":"0d1f8ee5-a7a6-4f49-86d8-4bcd63d52ad9","userLoc":{"longitude":5.332103767007908,"latitude":-66.59878717469648}},{"userUuid":"6ea7128d-38d1-4dc8-a040-27b65491f738","userLoc":{"longitude":-101.28261624853494,"latitude":21.962723931791146}},{"userUuid":"4aaceb90-072a-4362-8487-0d2c7af17e3a","userLoc":{"longitude":-75.7054618910293,"latitude":-55.07418997431236}},{"userUuid":"bb7b532f-5633-4efb-9051-e9c7e0e4315a","userLoc":{"longitude":1.2660475047854334,"latitude":-30.95181440241617}},{"userUuid":"0b6bb307-d2b9-4352-b0f0-d66743fdf7a4","userLoc":{"longitude":-28.548313213060453,"latitude":9.900133336369706}},{"userUuid":"ef8f5b30-6d20-4d3c-9f79-1a5fcc4f4792","userLoc":{"longitude":-99.78725720726585,"latitude":-23.779835928669513}},{"userUuid":"6d30f8e6-b160-40dd-a7bd-2d040c49d5a5","userLoc":{"longitude":-139.20636163762387,"latitude":-47.420491785040916}},{"userUuid":"f54b4831-a614-498c-9ba1-6e61cdd38713","userLoc":{"longitude":-177.14486327872973,"latitude":42.08007451503842}},{"userUuid":"9d1edd23-a6be-4c9c-978f-749ca7f50444","userLoc":{"longitude":170.33491318716915,"latitude":-70.57989020094328}},{"userUuid":"a7fd8b6e-cbfb-42cc-972d-832530a3050c","userLoc":{"longitude":13.071272002537512,"latitude":30.49881145972394}},{"userUuid":"1c37ccab-0005-45b0-8112-f8ab5976b8e2","userLoc":{"longitude":135.9639467859069,"latitude":51.10151030293872}},{"userUuid":"56dc9237-0c18-43da-9987-0cba7f90bad1","userLoc":{"longitude":166.2510322453299,"latitude":-24.00619289730831}},{"userUuid":"945757e1-b6f3-4421-ad7e-bca3ca48ab37","userLoc":{"longitude":92.16947025374714,"latitude":82.05269175526428}},{"userUuid":"c133adc0-fc50-4866-b57a-f9a1de3c0e0f","userLoc":{"longitude":-38.99619862836519,"latitude":36.41614518272948}},{"userUuid":"937553f9-4ebe-450a-b798-14ef028c6bae","userLoc":{"longitude":-146.52729764683656,"latitude":35.69482847534967}},{"userUuid":"f69e3d62-0e98-41c6-b38f-f4971bef4096","userLoc":{"longitude":-19.179141818634236,"latitude":-2.506179914622251}},{"userUuid":"3a9a84fc-7e4f-447e-93de-1b7598d4e1f9","userLoc":{"longitude":81.34237999876405,"latitude":79.24853661231012}},{"userUuid":"155a0818-6e08-419d-8656-e5e3f0bea28a","userLoc":{"longitude":168.9568022578801,"latitude":3.909246411381119}},{"userUuid":"2bf6ec65-7bdc-49c2-8257-ab2e52c5b428","userLoc":{"longitude":-143.01749993465342,"latitude":52.634257875923225}},{"userUuid":"53be6e41-480f-4770-b320-46f9efe1cdc6","userLoc":{"longitude":6.15613062390716,"latitude":-0.19315093824143048}},{"userUuid":"578b14a9-a530-4eb0-93e9-8d35f1eb6dc0","userLoc":{"longitude":173.0742715257486,"latitude":-17.94227782497046}},{"userUuid":"53cc4868-cc38-4786-bbc0-2f2c3f6a38e2","userLoc":{"longitude":61.24080442610136,"latitude":-77.68239719564446}},{"userUuid":"f9bc0cb3-ecb2-4f0c-8cd9-b73ace22a9ca","userLoc":{"longitude":-57.54884123918191,"latitude":-2.808149871471727}},{"userUuid":"1338b845-0327-460c-9f4a-d359ad00a664","userLoc":{"longitude":-81.81317878813365,"latitude":62.14130162212848}},{"userUuid":"4e777f37-9a9a-45c6-ad07-8a94d9827581","userLoc":{"longitude":-162.35194336864492,"latitude":-2.831193072192832}},{"userUuid":"697c1e5a-17c5-4e54-b156-953df9411365","userLoc":{"longitude":126.57356391296122,"latitude":-63.337811432829135}},{"userUuid":"14fd8ed4-c23c-40c8-8195-c7362d26ff5f","userLoc":{"longitude":-168.29773361386512,"latitude":48.394303934164924}},{"userUuid":"fab17908-8da2-41d6-8f0e-9c97757f1c5e","userLoc":{"longitude":-135.74658697352996,"latitude":14.760568358459452}},{"userUuid":"d7d6045d-cd1f-45d8-bcce-5339e2218808","userLoc":{"longitude":80.97074271247482,"latitude":42.73906550770377}},{"userUuid":"f05fd50b-7d9d-42bc-8af4-a67597affc56","userLoc":{"longitude":117.99289487734228,"latitude":-29.793469877157413}},{"userUuid":"805f0228-a59a-45e0-982c-7a9053c0199a","userLoc":{"longitude":-96.91505478464224,"latitude":56.3496997959254}},{"userUuid":"d1e8bbc2-7ef0-4fc3-8982-6d858686b13c","userLoc":{"longitude":73.25761930202154,"latitude":-81.08472585010816}},{"userUuid":"5db065ca-396f-49b5-9500-33f1b7de84ec","userLoc":{"longitude":0.16987586252449205,"latitude":-68.01363657907997}},{"userUuid":"4d5bf4b5-d401-4b08-89ed-2709c5c8c0f4","userLoc":{"longitude":-46.47492059021221,"latitude":-74.1594757793127}},{"userUuid":"17732a71-be5d-4823-8fb1-8ffb39845fbc","userLoc":{"longitude":-165.80302652050878,"latitude":-39.87404414954256}},{"userUuid":"c26e5e3a-f341-42b6-a305-e43e9434ab40","userLoc":{"longitude":150.20905364465796,"latitude":-48.59956797013108}},{"userUuid":"2332e60b-070f-48ad-966a-06146099a15d","userLoc":{"longitude":79.3666121823644,"latitude":-21.049982439106955}},{"userUuid":"81c61346-7846-4e21-a69d-48248cabb6ec","userLoc":{"longitude":158.5033118778406,"latitude":-10.000369510151401}},{"userUuid":"0529b8cc-26b8-4286-a675-e4450aec959d","userLoc":{"longitude":-57.808237959585284,"latitude":18.649792737645683}},{"userUuid":"15ed99f5-3783-41a4-b17a-4085b8a2ca54","userLoc":{"longitude":-64.3395997936399,"latitude":47.23097964910613}},{"userUuid":"105fd298-c1bf-4b48-bb78-3d490aa08ec5","userLoc":{"longitude":-101.93326255620661,"latitude":-46.686538854665905}},{"userUuid":"9ec506ee-b043-42d3-8ac5-db57c5faf5c0","userLoc":{"longitude":83.60810649671504,"latitude":-5.378984656471971}},{"userUuid":"058135ec-9448-4607-a0e7-70ed803c784c","userLoc":{"longitude":-42.003244556168625,"latitude":-49.063131506741456}},{"userUuid":"260bd786-2655-4db7-a929-9d0a0c03724c","userLoc":{"longitude":24.354867154822756,"latitude":-5.273648610271309}},{"userUuid":"89d32fc0-6839-4556-9a97-b688fc126b9e","userLoc":{"longitude":-143.33363436752427,"latitude":55.244417896455815}},{"userUuid":"1a910997-60b2-4db2-874f-16b236011ce9","userLoc":{"longitude":62.461453793964495,"latitude":-83.67091713391447}},{"userUuid":"3790c101-facf-4b87-8263-b9af8f95d27b","userLoc":{"longitude":-155.96841205711115,"latitude":50.79094970371355}},{"userUuid":"64a163dd-c578-4623-8503-db567f4ff0aa","userLoc":{"longitude":69.31962733003309,"latitude":48.17278006712624}},{"userUuid":"41a276cd-f36b-43e0-902d-a91142797c95","userLoc":{"longitude":-50.54371016379676,"latitude":16.401077600268252}},{"userUuid":"483bf0cc-2bf1-4168-9b2e-19f82edff5b1","userLoc":{"longitude":144.0993328089789,"latitude":-63.55664885903957}},{"userUuid":"fb5ec71e-2126-45ff-973b-dea64fab593a","userLoc":{"longitude":-161.24304859362107,"latitude":-48.15242073120538}},{"userUuid":"64f80ed8-db99-4500-ad62-6977415ddbc9","userLoc":{"longitude":40.80563441319484,"latitude":29.00469764308832}},{"userUuid":"38a07746-6ddc-4a25-958d-b449a16098af","userLoc":{"longitude":61.491130033982785,"latitude":56.571077700622}},{"userUuid":"277169e6-72ca-4520-8e74-4e2b28e89487","userLoc":{"longitude":-75.30799894209791,"latitude":-19.353085506963154}},{"userUuid":"a90caae5-ac23-467c-ba70-0b0398b44a4f","userLoc":{"longitude":139.90585225505657,"latitude":-9.437396897411105}},{"userUuid":"5f35cfe1-c8d5-41a2-bd6f-a055bddbe232","userLoc":{"longitude":108.7517542502539,"latitude":-66.27929071870456}},{"userUuid":"8865537d-4833-4587-aab2-1f74d5998211","userLoc":{"longitude":-2.4910608324879036,"latitude":-32.200648891670426}},{"userUuid":"414eb7c8-d688-4b53-b078-3c838d39a650","userLoc":{"longitude":69.77979667253433,"latitude":-63.64935884813909}},{"userUuid":"04384cd9-7e6b-4fa9-94f2-57239bc650cd","userLoc":{"longitude":72.30387064814306,"latitude":-83.38380139326988}},{"userUuid":"d0334d74-3291-4894-9e86-ede79133f23e","userLoc":{"longitude":163.2606918672874,"latitude":6.5335524710836665}},{"userUuid":"0fdf622f-8b40-4727-b446-ea7e53a61412","userLoc":{"longitude":-49.23391226911076,"latitude":12.005130857847803}},{"userUuid":"eb770fc1-59c5-4b64-83b7-c252ce43a962","userLoc":{"longitude":80.74294692252658,"latitude":-66.48700127586463}},{"userUuid":"15b63812-7270-48b5-8b60-3b133f3a2df2","userLoc":{"longitude":143.34780197262654,"latitude":80.14778872140752}},{"userUuid":"89d3fbe3-4319-43ae-843f-d65d1c24ca2e","userLoc":{"longitude":-124.61665310496414,"latitude":43.92508049255821}},{"userUuid":"371d9d4e-e266-4015-af66-5c7f4a14f5db","userLoc":{"longitude":81.67215389960955,"latitude":-5.416036964433303}},{"userUuid":"74d08c15-21c7-4a80-a6ef-30cf376f81df","userLoc":{"longitude":35.680191781789745,"latitude":-24.922063183325214}},{"userUuid":"d5a27339-b87b-4ab8-a165-1961f235003a","userLoc":{"longitude":148.499021108338,"latitude":-6.2494976044343815}},{"userUuid":"2815341b-7308-4e1a-965c-3673ce7cf6e5","userLoc":{"longitude":173.80740995942205,"latitude":-69.74054811769444}},{"userUuid":"650bf957-95bf-4859-ac74-a8c7e166e2d1","userLoc":{"longitude":-94.36355039018476,"latitude":-30.50646498213633}},{"userUuid":"e3ddeb82-7412-46ee-9b27-d9925d12fac2","userLoc":{"longitude":141.64205244980423,"latitude":-81.77783969685686}},{"userUuid":"b754a734-e202-478c-9b9f-3cc4b52722d5","userLoc":{"longitude":144.4536317775641,"latitude":-31.134181612216977}},{"userUuid":"ccd27a60-bca7-4123-b445-b4cfe5b28b7f","userLoc":{"longitude":-13.325569211591414,"latitude":-74.45731902115865}},{"userUuid":"78e27088-1d38-49e8-8eec-d43b569f73bf","userLoc":{"longitude":164.4994998494439,"latitude":46.89849050897675}},{"userUuid":"bea12170-5543-4386-b799-e9a5cb280435","userLoc":{"longitude":79.10802165989281,"latitude":-58.666673940103884}},{"userUuid":"9575d4d8-c188-458b-a022-8bb73723ae12","userLoc":{"longitude":70.29224577070664,"latitude":73.85510493431534}},{"userUuid":"ecd12200-3aba-46d8-b390-20aa54b1e964","userLoc":{"longitude":170.44672373421093,"latitude":-45.20852493578417}},{"userUuid":"9ac76ef9-4f8a-44ce-af60-c1e50f00712a","userLoc":{"longitude":-88.45224118377408,"latitude":-16.977263841498086}},{"userUuid":"6db3ce70-0bde-4f1b-8f13-9b27fb207340","userLoc":{"longitude":14.060851746506216,"latitude":-23.309923205615156}},{"userUuid":"af83dc6b-d6af-4481-8056-ef1dac972728","userLoc":{"longitude":-140.42424643196895,"latitude":-77.90740840358646}},{"userUuid":"87675b50-03e2-465b-9cd6-32aeb4fc75db","userLoc":{"longitude":-66.74253618058464,"latitude":43.03850730171081}},{"userUuid":"644793ee-642f-4ebd-a94f-e36efab4c08c","userLoc":{"longitude":42.15561730125242,"latitude":-57.19458988744615}},{"userUuid":"0ab3f8e8-f0bf-4e56-8450-61ec23a7d52b","userLoc":{"longitude":-116.9047130305775,"latitude":20.11680169342739}},{"userUuid":"adcf5be1-0855-41b6-ac9b-c0df54a799d8","userLoc":{"longitude":-101.84018355387126,"latitude":-75.69163723594511}},{"userUuid":"5a8a2a02-f4b6-4e51-aebe-ae77b2502908","userLoc":{"longitude":135.04017014026653,"latitude":34.76424441057854}},{"userUuid":"033b7ede-d32b-46c0-a308-0b03f899a2bd","userLoc":{"longitude":-43.64427601040785,"latitude":51.96427961453398}},{"userUuid":"07d10c02-cb96-40bb-8bec-8c97b63170e8","userLoc":{"longitude":149.93964866739037,"latitude":-48.25437059262687}},{"userUuid":"56746dbd-868b-404b-90b3-924682f1df42","userLoc":{"longitude":-173.8958330752231,"latitude":27.04155124575645}},{"userUuid":"80eba940-b345-4ed7-9dd8-a67381500c61","userLoc":{"longitude":84.39268999252874,"latitude":-61.712370897756216}},{"userUuid":"519ee358-78ac-403d-9819-060abd4c9e88","userLoc":{"longitude":65.80055332615959,"latitude":-38.89263217985628}},{"userUuid":"7f399f83-4c13-4018-b32d-27012be92310","userLoc":{"longitude":-162.3199783350041,"latitude":-50.90226332626814}},{"userUuid":"fb322a6a-e0d9-4b3c-bec9-198c2f4085fd","userLoc":{"longitude":19.165206480586363,"latitude":-30.04416806871088}},{"userUuid":"da8c70a9-ab4b-4be9-8792-70fa3cb527af","userLoc":{"longitude":157.74410172015592,"latitude":11.792731806705376}},{"userUuid":"e88e8017-7ffe-4ca8-a3b5-3f4a2b570042","userLoc":{"longitude":146.65669753683676,"latitude":49.80855138206914}},{"userUuid":"ea422989-86dc-49e5-bb6c-e1115d433d70","userLoc":{"longitude":20.307915831875874,"latitude":69.86271277977005}},{"userUuid":"2a31f926-47d7-4657-9a5e-a0f029198c74","userLoc":{"longitude":-84.62130702163537,"latitude":11.528175974632987}},{"userUuid":"3da653d9-1b9b-44d2-9222-d9f37668a43c","userLoc":{"longitude":134.38859542025608,"latitude":-68.34169339007533}},{"userUuid":"a4cdf8cd-3ba4-437c-8ec8-36ad28c8bb9d","userLoc":{"longitude":-140.19860966261058,"latitude":26.83381205723491}},{"userUuid":"9b9fab5f-ce46-4be2-a0bd-23d158c1774f","userLoc":{"longitude":6.2432875247369,"latitude":-44.223436585479796}},{"userUuid":"f56fa58b-5eb0-4903-a2e7-49e8acee856d","userLoc":{"longitude":34.6243662884776,"latitude":83.88817736140774}},{"userUuid":"bfd2e8f8-1471-4512-9df8-226d8f9fb096","userLoc":{"longitude":153.22427420579157,"latitude":14.711613596857987}},{"userUuid":"6307e97d-2eb0-4612-bf14-3dff593f5cbe","userLoc":{"longitude":-179.81363330147872,"latitude":67.3882017833647}},{"userUuid":"3d380647-553c-4576-ba32-ffc94741fce7","userLoc":{"longitude":65.12005298960977,"latitude":-28.813545334666003}},{"userUuid":"4cdcc6b3-371c-4132-acd2-c439c77c9a6f","userLoc":{"longitude":90.30739132578873,"latitude":-6.449336847152921}},{"userUuid":"bf29b576-5b78-45c9-b69b-e22b729fa926","userLoc":{"longitude":40.00742397277108,"latitude":22.982479109841236}},{"userUuid":"fba16b04-b919-43a2-a835-847560429dbd","userLoc":{"longitude":-46.41040981222224,"latitude":22.463888728899278}},{"userUuid":"65a22f93-109e-4ba9-90d4-37beaa0f6e5b","userLoc":{"longitude":131.87876111773272,"latitude":-10.55435576005273}},{"userUuid":"d2bc30bb-14da-4220-99ef-e26e8b9d491f","userLoc":{"longitude":-29.22192326444565,"latitude":-82.97035466605477}},{"userUuid":"c8f358f8-9ac0-4b1a-90c1-1079a8c2e99f","userLoc":{"longitude":174.08391743155943,"latitude":-65.57560642633655}},{"userUuid":"519735c4-baf1-462c-bd0f-31c8d95c426c","userLoc":{"longitude":-36.16150411186163,"latitude":14.206219307389944}},{"userUuid":"4757eabb-1c44-497b-b30b-7b2862fcd34a","userLoc":{"longitude":-8.681709929552312,"latitude":-71.5860191428271}},{"userUuid":"e44bbae1-54f3-4994-b999-843aecf67178","userLoc":{"longitude":61.065086377540894,"latitude":18.717772074077985}},{"userUuid":"be6d9491-90f9-45f3-a2cb-2c07547516d2","userLoc":{"longitude":163.6445056507007,"latitude":18.941858042877527}},{"userUuid":"e24b0067-bc3d-4ed7-93bc-b79f3530bb88","userLoc":{"longitude":63.9596884638006,"latitude":76.08777987812246}},{"userUuid":"478fe853-2028-4a2f-98fa-f02e02e29982","userLoc":{"longitude":82.59910396650992,"latitude":-32.23601360767687}},{"userUuid":"f56a9099-6a5c-4bc9-b2b9-878bf09deb7b","userLoc":{"longitude":166.14679571789657,"latitude":-38.37284982570211}},{"userUuid":"bc5556c7-80dc-4e49-9847-817b07a2998c","userLoc":{"longitude":136.9186318235981,"latitude":77.51988868946844}},{"userUuid":"5a48c4e5-d1a1-4cf9-9d24-626334e9e53f","userLoc":{"longitude":146.55982952865725,"latitude":41.1062955797686}},{"userUuid":"da771710-9ffd-421f-b17d-aec810cc9a5e","userLoc":{"longitude":141.7746660553911,"latitude":-6.83644542523659}},{"userUuid":"bc22f2d8-2968-4474-bdd1-aab6498dfd94","userLoc":{"longitude":-140.1397724657816,"latitude":-81.20553500118224}},{"userUuid":"01e305dc-b049-4fb5-854b-915cd80d63ad","userLoc":{"longitude":-122.17124546664138,"latitude":67.4710801586547}},{"userUuid":"6e298d47-013e-4690-b543-e4c3e5d2d6ba","userLoc":{"longitude":158.41924864864245,"latitude":-12.590959493418637}},{"userUuid":"bd21d4e5-93ad-4185-8f09-7693aeaa9c6c","userLoc":{"longitude":90.16329933033859,"latitude":48.89977019850616}},{"userUuid":"8af9297a-7bfe-44a6-b977-52f36ebcaa26","userLoc":{"longitude":-82.80608062422817,"latitude":14.656538403186318}},{"userUuid":"38fd439c-97ca-4fe9-ae9b-fb6d57399ee4","userLoc":{"longitude":-178.97536324473649,"latitude":-6.1968058728933215}},{"userUuid":"6e4b87bf-b8c3-474d-b581-b3426f36f406","userLoc":{"longitude":105.05326886687516,"latitude":32.80799530036808}},{"userUuid":"feb3f960-f740-4ff5-a187-92d51e954ecd","userLoc":{"longitude":-137.10215757495763,"latitude":-8.25502110716208}},{"userUuid":"e2b7d16b-8319-4904-af8f-84118fd95ae1","userLoc":{"longitude":-27.94454493921316,"latitude":49.84002705776854}},{"userUuid":"20998ef9-3881-4577-abc8-be69400946b0","userLoc":{"longitude":-43.849877096944795,"latitude":-83.89367618773407}},{"userUuid":"24f5b136-9a66-4b7d-9cb7-01d45672a041","userLoc":{"longitude":109.33982861787865,"latitude":63.33909590564468}},{"userUuid":"ad8d9b3a-d8ca-4962-85d0-e7c87065bb98","userLoc":{"longitude":-138.755249350462,"latitude":-78.8904339955304}},{"userUuid":"90e9ca3c-71cb-4761-ac2e-4eac38f756c3","userLoc":{"longitude":-63.0426612840658,"latitude":24.197819298038212}},{"userUuid":"88042e2e-ccc2-4751-970b-f9ce3d2c9d36","userLoc":{"longitude":158.18790862028476,"latitude":42.43328010652549}},{"userUuid":"5e7dd866-9da2-4d30-8c44-0a94dc6f421e","userLoc":{"longitude":37.12938608123585,"latitude":-51.75718160738702}},{"userUuid":"6eb98a3f-3329-40bb-87a8-e90b096cfec0","userLoc":{"longitude":-162.20977863558448,"latitude":-21.718405583848693}},{"userUuid":"fe080eea-4a10-42a4-bda9-05b607e85300","userLoc":{"longitude":88.79687025737104,"latitude":28.022996845607736}},{"userUuid":"e5f6b19c-0778-4575-b6a2-cb6d4a3e7eb2","userLoc":{"longitude":12.431685160998029,"latitude":-36.598238328545335}},{"userUuid":"98cd5c85-9509-48ff-8874-6b0583ff8e5b","userLoc":{"longitude":-127.76609405525224,"latitude":31.8841122831313}},{"userUuid":"2359d1d2-07c6-4152-9702-63bbdd3fd019","userLoc":{"longitude":-43.96976001221921,"latitude":-79.98181397548531}},{"userUuid":"ad566e95-2631-4e08-8e1a-0c02dafa1faf","userLoc":{"longitude":-167.1203507585253,"latitude":65.98024839533497}},{"userUuid":"88e4df6e-7c4d-4e32-b009-d261edebbb81","userLoc":{"longitude":-27.6917963711266,"latitude":-55.68280480993961}},{"userUuid":"3c7c3e66-69cb-4831-9659-93eb0df45aec","userLoc":{"longitude":-162.83315008270466,"latitude":41.5151793799447}},{"userUuid":"8688aa2d-c50f-4840-aad2-61499fdbad74","userLoc":{"longitude":-169.9107046777278,"latitude":-51.93816074793992}},{"userUuid":"e4beee1c-94ee-460a-8b17-603f03382144","userLoc":{"longitude":126.9950158901795,"latitude":57.43921419395926}},{"userUuid":"44ed5759-283f-4317-9006-70bd538f925b","userLoc":{"longitude":36.6207216360981,"latitude":47.62966491193066}},{"userUuid":"b7bce438-8e33-4b59-a556-90451a549fab","userLoc":{"longitude":-119.44081696297705,"latitude":83.99374827863596}},{"userUuid":"467d291c-f915-4700-9004-bc4da6751712","userLoc":{"longitude":22.229739040980917,"latitude":-23.248567405556777}},{"userUuid":"ef4a6300-ca11-4583-a8d6-d6ae70b0c041","userLoc":{"longitude":-94.60281645335522,"latitude":31.05101442036731}},{"userUuid":"d360c81a-4598-4708-9be0-430948e28337","userLoc":{"longitude":106.54332071731767,"latitude":28.356246535904432}},{"userUuid":"92ff1ba4-aa0c-48b7-8097-0386e43a2f78","userLoc":{"longitude":-23.604337591986138,"latitude":20.70302948612624}},{"userUuid":"e2794f1d-e143-4811-9691-1abf3d9edbf8","userLoc":{"longitude":-136.91530650142724,"latitude":-39.80796340749882}},{"userUuid":"b8599de5-fa8e-4596-8278-58d5ae177e49","userLoc":{"longitude":-77.54805885282178,"latitude":40.632900501737126}},{"userUuid":"2aae8f56-518a-40f1-ac66-9513a852e20b","userLoc":{"longitude":137.64391063464257,"latitude":-18.757904017670654}},{"userUuid":"fcbe9bbc-eb35-4ce8-b72d-547b4deca99a","userLoc":{"longitude":65.04897277943994,"latitude":-3.007160790346731}},{"userUuid":"ae0e548a-1594-4e2d-9f50-6c0d9ef1030d","userLoc":{"longitude":98.75242795018039,"latitude":4.374988246610954}},{"userUuid":"28727a89-cced-458f-9153-8660358da161","userLoc":{"longitude":-142.10689033603506,"latitude":-5.976788368887853}},{"userUuid":"2f44cbe3-1e4a-4abb-939e-33d5e9170662","userLoc":{"longitude":-102.86915410036656,"latitude":53.37449946200158}},{"userUuid":"f6ed3f82-3885-4978-8881-bbb06801026a","userLoc":{"longitude":12.437765389540601,"latitude":-20.65414520587497}},{"userUuid":"f68ca3d1-f857-425b-8ff1-6df53f18e489","userLoc":{"longitude":-88.27658762547149,"latitude":20.9350901281221}},{"userUuid":"cbf1a40b-4ef2-47ce-8cea-2bdafc0563bb","userLoc":{"longitude":111.88505266347448,"latitude":23.165839125180597}},{"userUuid":"be4972cf-04f0-4c71-b8fc-d44cb50b5409","userLoc":{"longitude":168.5786089347801,"latitude":75.15355346745116}},{"userUuid":"fc9c2d4a-d8e0-474f-a176-d5a0687c4818","userLoc":{"longitude":65.52014780950688,"latitude":3.9409559797176996}},{"userUuid":"0fffa4e4-833b-4f87-82ef-9253569a9b6a","userLoc":{"longitude":62.612553104142705,"latitude":-23.40319307846317}},{"userUuid":"e56a602e-4f1c-4008-ac76-721058aa1e33","userLoc":{"longitude":-128.24981748488227,"latitude":55.91812086085241}},{"userUuid":"9f5286f3-364e-4aa4-891b-64b19ae43341","userLoc":{"longitude":-175.588243809984,"latitude":-13.927502160769833}},{"userUuid":"5952f380-fa94-4d10-9ec4-ddfcfebc7805","userLoc":{"longitude":-116.34745643800542,"latitude":47.777671557600456}},{"userUuid":"f5b979b4-36a1-4a39-a5ed-d56056df1447","userLoc":{"longitude":-101.54955489691477,"latitude":-58.38959168926083}},{"userUuid":"cba94bb8-ae8d-4ed0-a1d2-11460890c84c","userLoc":{"longitude":-9.113647087013334,"latitude":41.31842479019534}},{"userUuid":"41a213ac-246b-4b12-a3b3-32334521d8b6","userLoc":{"longitude":-81.52999262050142,"latitude":-62.216981343587236}},{"userUuid":"3957201e-aa3a-41c4-9fb6-99180c1acbd6","userLoc":{"longitude":108.11957955833554,"latitude":-0.7976863859799579}},{"userUuid":"c9cb96fe-3fbe-4bd8-a411-4d111ffc1ca3","userLoc":{"longitude":-16.494887203816717,"latitude":-75.15320803389513}},{"userUuid":"a1db5f3b-a70f-4840-adc1-185d4e42c631","userLoc":{"longitude":85.30182714106843,"latitude":-26.1367382795343}},{"userUuid":"34513af9-2204-476e-98a4-147dd7828fd3","userLoc":{"longitude":-40.29823918001776,"latitude":-38.83109833934513}},{"userUuid":"e13fade5-4773-4eee-bb1c-652b43d27200","userLoc":{"longitude":133.20488514009867,"latitude":-80.94681101861545}},{"userUuid":"e1e6122c-2a0d-4c79-a6eb-a3a7140ac657","userLoc":{"longitude":-98.66155675302714,"latitude":42.06959074339329}},{"userUuid":"a55d642e-5343-4f0d-92bc-d6b304a21fee","userLoc":{"longitude":95.41234383899786,"latitude":-21.881371150335802}},{"userUuid":"35aac08d-29a6-4deb-9d1f-6a3091564056","userLoc":{"longitude":31.39716384091747,"latitude":57.725192836882655}},{"userUuid":"92667772-aaf5-4971-81f8-30144777af86","userLoc":{"longitude":-133.84847009358344,"latitude":-72.35085427886322}},{"userUuid":"43e7a92b-476e-428e-9906-eeeb45c0fa1e","userLoc":{"longitude":7.7398025159736505,"latitude":-50.65570104217427}},{"userUuid":"0e315ac8-d2d0-406c-a14b-3be83cbd2133","userLoc":{"longitude":129.81736223528281,"latitude":78.55115180599796}},{"userUuid":"6e9e5258-5fea-4c7d-bdca-e4e6f159a0dd","userLoc":{"longitude":-40.44963336384677,"latitude":33.49344693261375}},{"userUuid":"4796df7e-6790-4b5c-a09c-c9568692cd1e","userLoc":{"longitude":-88.3195671878101,"latitude":-26.976316283925797}},{"userUuid":"b7a87295-a624-4311-93c4-04f5f9b58c3f","userLoc":{"longitude":-31.471185583818624,"latitude":75.6605824204211}},{"userUuid":"a458f6bd-323c-4598-a512-59b1fb59c07c","userLoc":{"longitude":-172.9405255003772,"latitude":-66.50036752349342}},{"userUuid":"cec4dd77-3e9f-475b-8eb4-646c6d71fe0e","userLoc":{"longitude":173.45922050762573,"latitude":74.64184735154655}},{"userUuid":"63a4dc45-df1d-48b7-902b-303936922b9e","userLoc":{"longitude":-155.4637717495045,"latitude":-53.886127897598186}},{"userUuid":"2fc7716d-1c34-4611-a63f-050923f8220e","userLoc":{"longitude":-130.92473959920676,"latitude":-18.891055463907122}},{"userUuid":"58e41443-a089-4996-a150-2877c4c46a6f","userLoc":{"longitude":147.29270223682926,"latitude":59.18373159544288}},{"userUuid":"d9ec2f4f-fbc4-4fe8-b81e-5ca069b6fbbd","userLoc":{"longitude":-26.57545748422953,"latitude":-36.599503746853074}},{"userUuid":"11b49fd4-45de-4547-91bc-f10e8d7ab239","userLoc":{"longitude":59.63138340358444,"latitude":41.84123227581095}},{"userUuid":"5db3c0f6-158c-42ce-b6e4-507cdc328d41","userLoc":{"longitude":19.994876891542788,"latitude":61.75156739103403}},{"userUuid":"a24a646d-4836-4307-a3ae-429f8d4f8465","userLoc":{"longitude":141.52754996899387,"latitude":15.897543603623703}},{"userUuid":"284a3f9c-e66e-442e-b84d-cc9b5abb54a1","userLoc":{"longitude":-0.6525754318668362,"latitude":-28.913401984109292}},{"userUuid":"4821f158-8558-42f0-b026-b0d13cf3b221","userLoc":{"longitude":-96.36031535947399,"latitude":-77.24061948977089}},{"userUuid":"686bdb4f-d07b-4c61-a370-e05595ccbc24","userLoc":{"longitude":114.27197294571363,"latitude":42.83270416320076}},{"userUuid":"28b8bea2-76c4-4087-a283-f52268f5b592","userLoc":{"longitude":-170.6019709501752,"latitude":-29.591571990460857}},{"userUuid":"6582b318-5e04-48e9-b8a3-44405315853e","userLoc":{"longitude":-35.06698643524831,"latitude":14.282777713739506}},{"userUuid":"856ce1d5-8501-4690-9909-a511d8c1c7a9","userLoc":{"longitude":-79.47139155417138,"latitude":-77.95639634431501}},{"userUuid":"51ecac9d-5390-4204-bc50-a5b0a986cf0d","userLoc":{"longitude":-151.18905014998052,"latitude":48.57525554458272}},{"userUuid":"d587664b-8472-4a6f-9eb8-e6004f98b0e3","userLoc":{"longitude":-103.44331927180234,"latitude":-40.79060112684921}},{"userUuid":"3f8b71c6-673b-4801-99da-1d5b81f75f5e","userLoc":{"longitude":-19.918992074534117,"latitude":81.53984919170313}},{"userUuid":"875ca613-ffba-49f8-a0c7-591b31b5d5da","userLoc":{"longitude":90.89563369420597,"latitude":37.732428445466425}},{"userUuid":"5c7e3fc3-8789-47a2-b54f-bf3b98e5cf79","userLoc":{"longitude":-109.53253115365848,"latitude":29.27857288563763}},{"userUuid":"7c1db2a3-f9fc-44a6-a4f2-532fdd4cedb0","userLoc":{"longitude":-13.691451001501719,"latitude":-48.07675794557114}},{"userUuid":"d79c9319-898a-4365-84c0-0a826370c0f2","userLoc":{"longitude":133.5626822221526,"latitude":81.99515866196995}},{"userUuid":"c3c1ed46-a846-4a59-ab37-0dafdc7dfa9b","userLoc":{"longitude":-147.66824070089882,"latitude":55.471808978219}},{"userUuid":"906be022-527b-48e0-9863-551537c1581d","userLoc":{"longitude":-16.3113447008663,"latitude":28.015850863928577}},{"userUuid":"0ec811c3-d251-4af5-9db0-87a796f5b7ce","userLoc":{"longitude":46.62657183614161,"latitude":70.20739181631703}},{"userUuid":"be5a32e3-2774-4123-9446-9116f067671d","userLoc":{"longitude":-138.47793019141557,"latitude":-40.77135788250845}},{"userUuid":"98731b99-891e-4e77-ace6-a48948f149df","userLoc":{"longitude":-108.00431087985454,"latitude":-3.0243543954959193}},{"userUuid":"529220bd-c33d-40ed-9d90-a314e4341403","userLoc":{"longitude":-99.18522964498226,"latitude":-64.8330474641091}},{"userUuid":"76275ef7-7fd1-4a70-b1b0-8e0efd4ef3f1","userLoc":{"longitude":-57.07759768306326,"latitude":10.442064491620428}},{"userUuid":"32ba37bf-8405-404b-86a1-96adb97477b9","userLoc":{"longitude":-168.18872311536649,"latitude":13.734827594221784}},{"userUuid":"7f089854-c81f-4d46-b26a-7660f5c11f84","userLoc":{"longitude":129.5776753319259,"latitude":-18.6218935833093}},{"userUuid":"98a0e351-91f8-415e-8255-85f2d828e9e9","userLoc":{"longitude":-54.46332390408783,"latitude":-9.28184272332696}},{"userUuid":"3bae8b6d-b2cf-4034-be39-32845ebc3fbf","userLoc":{"longitude":-144.3218269456417,"latitude":72.8012481172249}},{"userUuid":"f0f7681a-6827-4158-9d59-8cc0110a37c6","userLoc":{"longitude":9.725530924195482,"latitude":40.70088372419448}},{"userUuid":"f1f083c6-c4a3-4e16-9417-1ded86d94db5","userLoc":{"longitude":-144.763712647999,"latitude":5.654728811672655}},{"userUuid":"cc240811-7204-4170-8e7d-5d346a647ae7","userLoc":{"longitude":-6.623227607667047,"latitude":-80.28269853516296}},{"userUuid":"0c02e01d-313c-46e2-9c28-54770e8e6995","userLoc":{"longitude":21.221399690110303,"latitude":28.166295849691892}},{"userUuid":"dec00c99-1429-4c80-a960-e7bdf5e6919e","userLoc":{"longitude":-166.25028378269764,"latitude":22.808469713645053}},{"userUuid":"fcd0ab67-f477-4c70-93de-1da99ee4a599","userLoc":{"longitude":151.79202714328937,"latitude":-44.49459820239798}},{"userUuid":"4e3b02ec-4030-457b-8516-8b04c263778e","userLoc":{"longitude":-20.56722769897695,"latitude":22.839409689666027}},{"userUuid":"17f51c65-50be-4cac-8089-f8fc0bbdf45d","userLoc":{"longitude":144.01853675609289,"latitude":68.3942199295634}},{"userUuid":"973bb674-a2d9-4b8c-848c-243df453f3b9","userLoc":{"longitude":65.2588261231775,"latitude":38.32551667000925}},{"userUuid":"8de36ad3-76f2-4479-ba84-bb556193452a","userLoc":{"longitude":16.65697337269293,"latitude":43.62390595266007}},{"userUuid":"73419366-2e19-4ae9-b7dc-8b505518c4e9","userLoc":{"longitude":-133.18872011239068,"latitude":-54.54390160957047}},{"userUuid":"ab63df50-c1e6-4d9c-8121-3ce07741b008","userLoc":{"longitude":-153.70759930279493,"latitude":79.94213852879827}},{"userUuid":"7d4bd2f0-c924-4fe1-a82e-835dd87382fb","userLoc":{"longitude":-144.5044030802977,"latitude":-58.31673936161024}},{"userUuid":"aa4190c3-2440-462a-967e-c2713f6dd245","userLoc":{"longitude":84.39369095989889,"latitude":3.913114319876186}},{"userUuid":"23ff2427-2f01-4c6c-bf17-1f3ae457af9f","userLoc":{"longitude":-116.93480468114831,"latitude":-57.10066652092193}},{"userUuid":"c20ea017-2281-4f67-a9e4-311bf0cabb72","userLoc":{"longitude":55.262548590084435,"latitude":22.723642014315374}},{"userUuid":"b2d28060-7e02-4348-9dfc-f11c1b0e1afc","userLoc":{"longitude":82.25159671740533,"latitude":-52.41638346303142}},{"userUuid":"d6ef0ba0-f155-4830-ab52-48b0c050ea23","userLoc":{"longitude":-146.0517974214755,"latitude":-41.6438383302715}},{"userUuid":"43689c92-06f1-4233-ab2d-c52c3daaa0d1","userLoc":{"longitude":-169.01260660947182,"latitude":81.9342615095023}},{"userUuid":"e487ff5b-faec-4b8d-b59f-172435d152d2","userLoc":{"longitude":34.279452777318426,"latitude":-21.516219500101343}},{"userUuid":"e87a4f3d-98fc-41f1-aa1b-77092a6e0586","userLoc":{"longitude":53.47980412847167,"latitude":78.67472784937294}},{"userUuid":"16a5491d-53cd-4c26-804b-e6f592ed3331","userLoc":{"longitude":-40.17811911608237,"latitude":52.40371990933477}},{"userUuid":"a7732ee4-7f8a-4e59-9541-07b658b913a1","userLoc":{"longitude":69.2890114513448,"latitude":4.182380658004902}},{"userUuid":"8bd9581d-2ebe-4221-ba20-e40c619dffdc","userLoc":{"longitude":-147.92409605137368,"latitude":23.554420771331138}},{"userUuid":"92163b1a-c486-4e6e-8648-e9d9ff543e6d","userLoc":{"longitude":135.3933054185614,"latitude":18.850432884733777}},{"userUuid":"8044e8bf-9048-48bc-aa84-5731ae77e8a9","userLoc":{"longitude":162.1412359330364,"latitude":29.596037556251048}},{"userUuid":"ff202c10-e440-4f0e-94ba-5e8ea750f0a2","userLoc":{"longitude":-134.27075489771312,"latitude":-32.834855692930674}},{"userUuid":"8303bbdc-33b1-4801-a5df-485d87023643","userLoc":{"longitude":-16.816248383896493,"latitude":-30.026843573625655}},{"userUuid":"2b85d283-7b18-49b7-ab14-7ef2d4962416","userLoc":{"longitude":-144.8957986730964,"latitude":58.003960457971175}},{"userUuid":"f26a1458-6bbd-4be3-9e68-f4894a6a6285","userLoc":{"longitude":-26.58230432765191,"latitude":-52.7758346049055}},{"userUuid":"340866a4-5ba2-48eb-81bf-2ac15df45975","userLoc":{"longitude":-66.86149517126717,"latitude":-5.795547189884459}},{"userUuid":"4d1b3150-0b32-4070-8956-201ffa91b069","userLoc":{"longitude":-10.397757486665853,"latitude":61.48467987963727}},{"userUuid":"ce2584a3-40f8-48ea-b0e2-d015b6a419ff","userLoc":{"longitude":-23.600458665299243,"latitude":-16.86183867103226}},{"userUuid":"35c39b27-425d-45c6-b9e6-9b42e50c59cf","userLoc":{"longitude":155.54956061128036,"latitude":31.00961862781884}},{"userUuid":"b0c99d2e-55d2-4dcf-9290-8e50f02f295b","userLoc":{"longitude":-86.44573952464377,"latitude":56.472250892217716}},{"userUuid":"3412373f-92ef-45f2-b7fa-2f92890f43f3","userLoc":{"longitude":-85.70469368305895,"latitude":-24.20677127204263}},{"userUuid":"bd892f51-d214-48ee-8e20-0ab031e0854e","userLoc":{"longitude":171.32085306526483,"latitude":65.23564852144375}},{"userUuid":"a3e17766-9ad2-4295-9e1f-04f673291124","userLoc":{"longitude":121.00073544177735,"latitude":82.58962666306704}},{"userUuid":"d2fcb4e6-e9c9-4e37-ac3f-ef534ae5accf","userLoc":{"longitude":164.06029555475317,"latitude":67.41042135508411}},{"userUuid":"d4a18a26-0f98-4091-8f1b-a553eea0b6ad","userLoc":{"longitude":-160.76344511803111,"latitude":-83.92454266554184}},{"userUuid":"0ab9de44-cd9a-4d7d-aa2c-1622d2583c9c","userLoc":{"longitude":-135.97780011537913,"latitude":-36.1174145376786}},{"userUuid":"ff36f22b-eb9d-45f4-b85e-da2b67920f0b","userLoc":{"longitude":-169.34510715779277,"latitude":-63.73607053284305}},{"userUuid":"64e3910e-2108-4f83-9e3a-a4367f54079e","userLoc":{"longitude":-88.72993917730035,"latitude":-61.94051067957563}},{"userUuid":"50a5d750-56d6-4d39-833e-1289d3b57e1a","userLoc":{"longitude":82.49832004879056,"latitude":-14.57939257052378}},{"userUuid":"4973d391-f335-4677-b0b0-a51dac44f7fa","userLoc":{"longitude":-50.4037840889641,"latitude":0.9239939501899528}},{"userUuid":"21e7c1f7-48d3-4789-871a-4d8bb1c65fab","userLoc":{"longitude":-9.860063444925714,"latitude":41.364011282673076}},{"userUuid":"7e5a7746-7a01-4e27-927c-89c84e6da9e4","userLoc":{"longitude":56.41650983564668,"latitude":34.20470414049973}},{"userUuid":"a8c73684-07b5-45a7-87af-1fe555ef0746","userLoc":{"longitude":-1.4687153082076918,"latitude":-82.49647715938829}},{"userUuid":"b30ef9de-8ed3-4dfd-9dce-b152a96e2ae8","userLoc":{"longitude":-73.48308376985656,"latitude":-82.4270837981771}},{"userUuid":"c5221d1b-33c1-4ed0-8a53-4057b49e560e","userLoc":{"longitude":-94.12965102289058,"latitude":-30.642647781269595}},{"userUuid":"b4778f98-7f6d-4015-b40a-1c18a2bd67dc","userLoc":{"longitude":123.34235504520655,"latitude":67.85520252930075}},{"userUuid":"b539ab63-c403-4064-a518-c0507b018a68","userLoc":{"longitude":6.874818962625113,"latitude":12.415574184724363}},{"userUuid":"b9a08614-0f50-4098-919b-fd437f7747f2","userLoc":{"longitude":106.5339014796528,"latitude":-32.90772670660443}},{"userUuid":"38f392c2-1b73-4164-b4ab-13deb4cd1d17","userLoc":{"longitude":59.20449393744468,"latitude":-46.36642316541185}},{"userUuid":"bcec5115-0cb7-444c-b6ac-ea42c5515b6e","userLoc":{"longitude":71.18313930152897,"latitude":-18.633745498018243}},{"userUuid":"0eb875fe-a443-4e92-8930-1fb66e2a4a55","userLoc":{"longitude":-153.61182719095447,"latitude":-35.37332517770499}},{"userUuid":"69643665-2c98-4dfa-ba69-b970f9d833a6","userLoc":{"longitude":66.28971315626018,"latitude":-47.10191701329268}},{"userUuid":"2b1a7db2-f136-4bd8-abad-de0724a40825","userLoc":{"longitude":139.6079326052914,"latitude":-77.78876103777758}},{"userUuid":"afb08755-604b-423c-a993-83abed91689e","userLoc":{"longitude":90.46422911487997,"latitude":69.1935195661502}},{"userUuid":"b3405095-5708-4f8e-953a-208634b2bbca","userLoc":{"longitude":-154.67881168244907,"latitude":-9.266075048717113}},{"userUuid":"f0f68a89-ef84-41e6-bd77-e7bdcd130c41","userLoc":{"longitude":-34.04574649892828,"latitude":15.082403421154808}},{"userUuid":"f087feda-7a76-4a6e-a936-2264179c084c","userLoc":{"longitude":-154.05643275030206,"latitude":55.04271777413044}},{"userUuid":"be690125-abcf-4621-a882-1aa26b34f0b5","userLoc":{"longitude":-86.90233552536974,"latitude":14.071598690908004}},{"userUuid":"94f15a47-98eb-47ed-844e-79654bbb9095","userLoc":{"longitude":6.700797464728424,"latitude":78.96896638111625}},{"userUuid":"5c8d473c-496c-46e4-9001-274bd64a8d80","userLoc":{"longitude":-132.3682762588768,"latitude":-78.31480620048555}},{"userUuid":"ae09faf8-ee49-492d-9532-86d2d5ee75e5","userLoc":{"longitude":144.25247666343824,"latitude":5.4908178387561435}},{"userUuid":"1b750fac-5d9f-46b8-a0b4-2e0e609a4cc3","userLoc":{"longitude":59.60440836382779,"latitude":-19.03866624353057}},{"userUuid":"92275247-6aa2-44d6-9a5c-2c27ceb385a7","userLoc":{"longitude":19.897429415648247,"latitude":-2.944527539202113}},{"userUuid":"00a661c9-84c1-4337-b00f-036850d181e8","userLoc":{"longitude":-80.20190100437766,"latitude":-12.057171132644655}},{"userUuid":"e02ce7e7-8918-4924-b5ed-caf2b98d05de","userLoc":{"longitude":12.476610425942539,"latitude":-78.41645033130769}},{"userUuid":"1a085050-b834-4bc7-87c9-0f6f62055140","userLoc":{"longitude":44.92931116949356,"latitude":55.76053203310326}},{"userUuid":"12e4eb4d-5411-4176-bd7d-841e0a947e73","userLoc":{"longitude":59.23298772124997,"latitude":-70.74401854157412}},{"userUuid":"6905172f-fc29-4ea7-8563-142f59b9a3d5","userLoc":{"longitude":-82.95849483515616,"latitude":-2.88309325445816}},{"userUuid":"644bc61a-05b8-436a-b8cd-616379c3cde9","userLoc":{"longitude":149.1879524207282,"latitude":73.57198232509535}},{"userUuid":"118dc475-af35-40b0-9c36-a96abf44508a","userLoc":{"longitude":-63.283826666104275,"latitude":-48.04804613921832}},{"userUuid":"83f7db3c-e33e-4065-a4e1-c96859035c3a","userLoc":{"longitude":58.34532449016123,"latitude":27.01199368068346}},{"userUuid":"3ce22659-e142-42d0-8679-d6e71bc48664","userLoc":{"longitude":66.19053732729708,"latitude":74.45681165934874}},{"userUuid":"d3309209-5532-4669-a6f0-818356beeda0","userLoc":{"longitude":-70.6873517124945,"latitude":-66.01179055850452}},{"userUuid":"8787699f-d3d6-40a8-b5ff-e72224cbe6ed","userLoc":{"longitude":-148.33557884732187,"latitude":-80.83649585483779}},{"userUuid":"164665c4-9a97-45a3-84e4-18f530341dc0","userLoc":{"longitude":-65.39069314597118,"latitude":-54.673862938510595}},{"userUuid":"108a846c-c696-446b-926b-e0c57b5e455a","userLoc":{"longitude":-56.86446367238919,"latitude":29.72115295476179}},{"userUuid":"7e47c606-532b-4466-92e2-266f611986e7","userLoc":{"longitude":-132.98069588311955,"latitude":-25.619980683245558}},{"userUuid":"03c28c24-76e7-4dd4-b743-b634f501a4be","userLoc":{"longitude":-160.88461956840112,"latitude":63.70031008353595}},{"userUuid":"eee2912f-4c23-4bad-a576-9807f635e7d6","userLoc":{"longitude":-5.606441533942359,"latitude":79.62468510162722}},{"userUuid":"da9e6697-c69f-41d2-9556-5426251c6441","userLoc":{"longitude":150.40226551136482,"latitude":34.98897593365332}},{"userUuid":"0e0fb3bc-9825-4080-9663-40ee1ae252ea","userLoc":{"longitude":22.393523009297894,"latitude":80.60157814691499}},{"userUuid":"9ee45d4a-e8ca-4ed6-8b8a-a31fdc9c3365","userLoc":{"longitude":176.9862057750591,"latitude":67.0824045015984}},{"userUuid":"43669d17-7571-47df-80b6-0a487fe40b7f","userLoc":{"longitude":91.67115050069197,"latitude":67.43279223188065}},{"userUuid":"1299f981-f8bc-4f74-9dc9-86109b256875","userLoc":{"longitude":113.32270867674947,"latitude":-37.44474942496483}},{"userUuid":"486c9d99-6868-4dbd-b8d7-78545cb20d57","userLoc":{"longitude":-46.85987930283525,"latitude":-27.222207700965846}},{"userUuid":"0d36766a-e4a3-4d77-82b0-cc1bf6e8f2ef","userLoc":{"longitude":-72.00179304932811,"latitude":-32.26406331004607}},{"userUuid":"14194c58-646e-4f00-9228-5e7114191545","userLoc":{"longitude":107.40551474790675,"latitude":42.99159412607736}},{"userUuid":"d58e0bae-b73d-41a8-801a-231ef03b4e61","userLoc":{"longitude":151.7458153978933,"latitude":-69.41838688144807}},{"userUuid":"6f0b5eb0-9d14-450c-83c3-cefd3e0554df","userLoc":{"longitude":88.11093378117755,"latitude":-34.632001114052855}},{"userUuid":"0ee733b7-639d-4985-963d-78e6df5fd6b2","userLoc":{"longitude":-73.66693009277718,"latitude":-26.863681318563955}},{"userUuid":"a03b92ef-8bdb-47ac-8a1a-ed4967f58816","userLoc":{"longitude":-11.601907700207391,"latitude":16.11476161558184}},{"userUuid":"2aa72dab-3efd-4d12-a355-9fc81e41ea25","userLoc":{"longitude":179.4881489311498,"latitude":82.74294709365819}},{"userUuid":"8a94544e-9d65-45c0-8a37-d73f36a537cc","userLoc":{"longitude":157.21963264514142,"latitude":-37.071845241280926}},{"userUuid":"2e4a6c2e-9805-463c-8f4f-095eb30697ed","userLoc":{"longitude":122.88410879862266,"latitude":-68.33802927436078}},{"userUuid":"2c6baad6-45d9-463b-9a0c-e717e8efef2e","userLoc":{"longitude":-144.0035150310563,"latitude":58.11115160110688}},{"userUuid":"b084a79f-926d-4c9f-bb76-c4bfe1000e8e","userLoc":{"longitude":87.83638051236767,"latitude":-44.743787114304595}},{"userUuid":"8b98596b-aac6-494a-a9e3-f5d3a69fcb43","userLoc":{"longitude":20.958327550361872,"latitude":-83.17548725319386}},{"userUuid":"517f1b27-4059-473b-b337-b79ab75fa07c","userLoc":{"longitude":131.85596283324952,"latitude":-19.110180307369845}},{"userUuid":"55452929-47af-48d9-b355-764f48fa8083","userLoc":{"longitude":-126.34070059566562,"latitude":-21.942631616282263}},{"userUuid":"0ed21847-3641-4c34-b497-f7b7dd729cc7","userLoc":{"longitude":165.34700688063316,"latitude":-62.53043065601679}},{"userUuid":"61c0a6da-d6ab-4298-9798-a982fb7764cb","userLoc":{"longitude":30.101497373608026,"latitude":-76.53326254775378}},{"userUuid":"624365e4-033a-4ac4-bfcc-2db5ed67b632","userLoc":{"longitude":6.981142622520679,"latitude":-80.68245376644474}},{"userUuid":"e7497cd7-a3ab-48e6-9fbb-556877bb0ee6","userLoc":{"longitude":119.39511878416681,"latitude":-21.975649157542115}},{"userUuid":"8021c681-a8bb-40de-8a85-50d8fa39701f","userLoc":{"longitude":-51.867016809657656,"latitude":33.332026759650844}},{"userUuid":"de4c3760-a220-49eb-8ea9-33cf5d583e4f","userLoc":{"longitude":-100.4962164408876,"latitude":67.31557825672326}},{"userUuid":"d9bf0367-fae2-43a4-be98-314eb44038ec","userLoc":{"longitude":-97.0152816401645,"latitude":-3.487897107060334}},{"userUuid":"b2bd40b7-5514-4e06-acc2-8d4cffc6d804","userLoc":{"longitude":-98.24230107840148,"latitude":13.599100443291377}},{"userUuid":"a1a77f3b-348a-4cc2-ab3d-35629bf35418","userLoc":{"longitude":-68.77236604832116,"latitude":24.47877103654274}},{"userUuid":"bfd80684-a1b6-492d-93d5-38f2c893b9c3","userLoc":{"longitude":-62.526969763838466,"latitude":-11.26663773331262}},{"userUuid":"1489f350-a55e-45e7-9573-7c5fd5402808","userLoc":{"longitude":-12.740118466873128,"latitude":81.7335700925795}},{"userUuid":"5525faaa-1eb0-47b5-9c33-0072f1d96e78","userLoc":{"longitude":-100.86895636925165,"latitude":1.8670918730817903}},{"userUuid":"c63cb93c-16b2-4b10-b88c-62e86e32002f","userLoc":{"longitude":74.19376219741403,"latitude":50.331697938928386}},{"userUuid":"d2c76ed4-65be-4657-b2e6-377a0b068a15","userLoc":{"longitude":1.880106702307387,"latitude":0.2071864232804188}},{"userUuid":"ce521137-7729-4afd-8a80-e8135d105b96","userLoc":{"longitude":-67.8782598650458,"latitude":54.331386464905165}},{"userUuid":"34cec4aa-3b6e-427d-baf5-83ff44f4b41f","userLoc":{"longitude":-84.28082642050633,"latitude":-65.26253868210296}},{"userUuid":"24818298-90f9-404f-acc5-6e7384aa6ea5","userLoc":{"longitude":77.68868520679905,"latitude":25.204266981771625}},{"userUuid":"cf1aee35-080e-4c2f-8d6d-195d7f43f793","userLoc":{"longitude":166.6748034510644,"latitude":49.73099603728434}},{"userUuid":"b7b9bea2-b9ce-4fcb-84fd-adb629383e4a","userLoc":{"longitude":-82.3160481099496,"latitude":76.54010246610773}},{"userUuid":"461348c7-9577-4fe5-bac4-24e671b8a6b3","userLoc":{"longitude":136.21520753072048,"latitude":82.2701315970383}},{"userUuid":"eb2f1b5f-2e6e-4c48-8146-0ff74a881bf3","userLoc":{"longitude":-89.01248888160832,"latitude":19.79387200832818}},{"userUuid":"b472be59-fce4-419f-9ddc-b07d57d183ba","userLoc":{"longitude":120.70606758941602,"latitude":54.93080081418455}},{"userUuid":"c8fcd463-18e1-428a-b5c7-4ce4b98cb0cd","userLoc":{"longitude":-19.634166706822583,"latitude":50.0716014838996}},{"userUuid":"c0c0880d-b2c9-443d-9c04-ca748519a780","userLoc":{"longitude":12.77932890473852,"latitude":-37.76309575142069}},{"userUuid":"905cf165-9555-4fc0-b8ba-f3157002a03b","userLoc":{"longitude":78.76273800819268,"latitude":43.87320978848311}},{"userUuid":"f70906b3-1fa2-42f9-a231-9616af81050a","userLoc":{"longitude":-128.1969026964326,"latitude":-44.05065554405451}},{"userUuid":"42ee4ba9-ffdb-476b-b3be-4fd992be3fce","userLoc":{"longitude":27.66459638930661,"latitude":59.64547169291387}},{"userUuid":"528c5a24-701c-4c1a-a31c-09c55c6b8610","userLoc":{"longitude":157.97856906687326,"latitude":38.142298061772664}},{"userUuid":"cc3b9840-d5ee-4830-b0d7-5d7db8df7251","userLoc":{"longitude":60.23601978928443,"latitude":-68.56712223650501}},{"userUuid":"4908139d-01aa-46ad-8a60-7524f46c2eea","userLoc":{"longitude":65.91670716350868,"latitude":-5.390213661076189}},{"userUuid":"ca2ef3c8-7624-41e3-954f-036f1850f1cd","userLoc":{"longitude":77.69116113597084,"latitude":59.1822458149467}},{"userUuid":"51998432-fad0-478f-94b9-60d24769af95","userLoc":{"longitude":-136.59336059301216,"latitude":-23.40347266072277}},{"userUuid":"c693455b-cf42-4aa8-b2fd-4f0247da13d2","userLoc":{"longitude":159.10190221683587,"latitude":-72.87620970823147}},{"userUuid":"059f12ad-1c21-436e-9c53-e7b017f9a5fb","userLoc":{"longitude":142.20757486693464,"latitude":55.45129970361222}},{"userUuid":"bab41eb7-0c61-49e9-9386-3a1503ef3ffb","userLoc":{"longitude":-21.68168276798471,"latitude":78.71867641235039}},{"userUuid":"3eabc5bd-6171-4cd1-a0fa-66499815637f","userLoc":{"longitude":-62.413027417732806,"latitude":10.621661268335103}},{"userUuid":"0c1260f2-34d3-4729-a0c9-b6aef07f5f93","userLoc":{"longitude":102.28053012749962,"latitude":-53.68589941578438}},{"userUuid":"dc958cd3-d21c-4e6b-8ff9-a190aaf01f93","userLoc":{"longitude":-51.055474187014966,"latitude":-38.26004611274156}},{"userUuid":"75948e62-1199-41c4-ac0b-e012bc8dc3ba","userLoc":{"longitude":-99.87645399790098,"latitude":-7.465378309463077}},{"userUuid":"75ecd527-1571-4e59-9ab0-737749278e8d","userLoc":{"longitude":0.5962639297615908,"latitude":32.95223338139628}},{"userUuid":"c9aca1cc-f140-491b-a26e-e553b718b2e6","userLoc":{"longitude":-133.60531615715914,"latitude":-46.82778812246826}},{"userUuid":"f67b2042-b4ce-4cc9-aeea-820de25303c3","userLoc":{"longitude":-58.174460752846855,"latitude":-2.0707712604125987}},{"userUuid":"fdae874d-0128-46cc-86bf-6e08439c8629","userLoc":{"longitude":142.96340399295883,"latitude":77.45948223071656}},{"userUuid":"5287e3a6-3146-414c-bad9-65c5a28778ee","userLoc":{"longitude":116.3784747232337,"latitude":-9.844066757878068}},{"userUuid":"31f5a443-84bb-4cc3-a237-7ec6e9d9e692","userLoc":{"longitude":-24.13938846677769,"latitude":42.755062192017874}},{"userUuid":"422c494a-3c8d-4bf1-89f5-e2be3c4aec24","userLoc":{"longitude":123.65392119922444,"latitude":-49.759890108364374}},{"userUuid":"0381d670-8869-4026-ac7e-88add205c81e","userLoc":{"longitude":178.4336961064385,"latitude":33.189406672768484}},{"userUuid":"45d4fd06-08c6-4366-8c62-d051db42835d","userLoc":{"longitude":119.20966116685435,"latitude":28.36810609846262}},{"userUuid":"bd58f68e-faa5-4deb-b2f2-2266cb449762","userLoc":{"longitude":-144.67104927552506,"latitude":-24.872600361974577}},{"userUuid":"eef9b430-512c-42ac-99fe-70987b54a324","userLoc":{"longitude":90.71247518232269,"latitude":-72.75742796090631}},{"userUuid":"6503be0f-1814-4a59-b7ad-97c485d432e8","userLoc":{"longitude":53.53282800696297,"latitude":-43.748271151510004}},{"userUuid":"00068628-de8c-4fc6-ac0d-51b00d44d45b","userLoc":{"longitude":170.40563685940538,"latitude":73.52278267921142}},{"userUuid":"ea88b9b2-48e4-43d5-9538-89f723f4fdf9","userLoc":{"longitude":41.76182109000479,"latitude":31.94115364443215}},{"userUuid":"96e14041-348d-4ecb-8e70-dae806066a23","userLoc":{"longitude":64.35848514971153,"latitude":-69.55837028239497}},{"userUuid":"931fc11a-3b9b-46cb-a93c-fedd2df0d6dd","userLoc":{"longitude":-18.9972218643249,"latitude":83.51834198507592}},{"userUuid":"39d163cc-e30f-4a56-ba41-f2f548805864","userLoc":{"longitude":-15.491039596074586,"latitude":-60.87417772071562}},{"userUuid":"fa02c65b-3cdf-4170-b65b-5156f04ae5f8","userLoc":{"longitude":-115.8178385645553,"latitude":-5.407520855837333}},{"userUuid":"ccbbc2ee-87d7-4913-adf7-ca171ee5b110","userLoc":{"longitude":-164.0337887754901,"latitude":-36.90068892793637}},{"userUuid":"63d31fc4-d96f-4522-adcd-fea662bd7f2c","userLoc":{"longitude":-62.153766471418635,"latitude":-46.253482703934154}},{"userUuid":"a7a92c46-75af-4daa-8efe-29e2205d7e6a","userLoc":{"longitude":-146.80276902710455,"latitude":30.510614901133167}},{"userUuid":"7a244984-8ded-43ed-bcab-08858f0a1376","userLoc":{"longitude":100.78620700872017,"latitude":4.091770539884621}},{"userUuid":"c09ff309-5c85-4127-9168-a01dc38e3a1c","userLoc":{"longitude":3.683244189648576,"latitude":-19.858682599340526}},{"userUuid":"ffe81210-327d-4dce-9bbe-566c9e6352b5","userLoc":{"longitude":121.87403387532544,"latitude":71.97487577518811}},{"userUuid":"0343805e-c83b-410c-a2fd-b179773d608b","userLoc":{"longitude":-91.27528202144164,"latitude":48.79487786279623}},{"userUuid":"1817ad06-e7d1-4392-bdb2-d329ecfc20a4","userLoc":{"longitude":-94.08001263382238,"latitude":-71.56799783540882}},{"userUuid":"df9c753e-b3a6-4fb7-acc2-e89b74264d78","userLoc":{"longitude":114.19412553231587,"latitude":-37.34118465959885}},{"userUuid":"b0a9374f-00e0-4bf8-9224-d6796af5d785","userLoc":{"longitude":35.426291420226846,"latitude":55.466531556503185}},{"userUuid":"451f3f03-4e1a-4238-bbcb-de60b5d47aae","userLoc":{"longitude":99.52009645420725,"latitude":21.755643867444533}},{"userUuid":"4656685e-60c9-4896-b3aa-c5ccd4891fc8","userLoc":{"longitude":-59.67543934202753,"latitude":-28.6275302410573}},{"userUuid":"7e2f2531-c190-4f43-9b3b-799ede7b33d8","userLoc":{"longitude":-95.17905666774074,"latitude":62.57553239965185}},{"userUuid":"fc2ff9e9-07e3-48cc-b625-b609043689d4","userLoc":{"longitude":88.84258955560938,"latitude":29.858446528404883}},{"userUuid":"a1169ee8-c3d8-4fa3-b0a1-e0a1d8417dde","userLoc":{"longitude":-24.991150693988175,"latitude":82.4628538496361}},{"userUuid":"6e52a398-c4ae-43da-90a2-4a9bf8e0b3e6","userLoc":{"longitude":-88.09259423581385,"latitude":-34.71493574871838}},{"userUuid":"8afe3b1f-deb5-4a38-a144-f4ffa51c2818","userLoc":{"longitude":27.287746496540564,"latitude":8.15705445082304}},{"userUuid":"b5ca5487-3c7b-463f-b7b3-20a98aa8ee0c","userLoc":{"longitude":-155.8227222369605,"latitude":-30.655692054723005}},{"userUuid":"537c3982-7709-4273-b0d4-47c6ff7c748b","userLoc":{"longitude":-159.66903404801246,"latitude":32.066827541607}},{"userUuid":"db390055-3e4e-420b-bc95-97b9681f4edb","userLoc":{"longitude":60.331154103030144,"latitude":-81.1952184030892}},{"userUuid":"e2f46b22-2b42-4cdc-b44a-36b803ef11f8","userLoc":{"longitude":143.48417119078323,"latitude":76.16825048087324}},{"userUuid":"03b69f93-9ecb-4f04-a8b8-19a05267251d","userLoc":{"longitude":40.22963264563393,"latitude":-70.24793397023954}},{"userUuid":"cc1db48b-51b7-46f6-8679-b67f548b3798","userLoc":{"longitude":78.72249843938084,"latitude":11.215542799579268}},{"userUuid":"192c527f-a95f-42ab-890b-a5b5e702164c","userLoc":{"longitude":157.73204113218117,"latitude":76.93856022465386}},{"userUuid":"e2f779bc-0b64-4570-8451-85069890053e","userLoc":{"longitude":20.102049328152873,"latitude":70.05170238574613}},{"userUuid":"d52162d9-3e6b-46a6-9b67-8b62eea1851b","userLoc":{"longitude":-114.42931102741392,"latitude":-2.971785035976197}},{"userUuid":"095a136e-da55-4013-ab46-891ccc6129e7","userLoc":{"longitude":-45.06277638709935,"latitude":-12.586269100175343}},{"userUuid":"88aeb5f6-efe0-45f4-87c5-17c8514eb0a7","userLoc":{"longitude":-56.26175684581334,"latitude":76.60225392018972}},{"userUuid":"5838fcef-6605-4529-a3c3-0663f96651e9","userLoc":{"longitude":-118.71997359592558,"latitude":74.33450616427976}},{"userUuid":"f8e61d1c-8d75-4731-a516-64ec83cca2ef","userLoc":{"longitude":-152.92870479903752,"latitude":-11.636995131446454}},{"userUuid":"9be84266-5895-4558-b68f-2add06c32ac5","userLoc":{"longitude":123.47000468609889,"latitude":81.65760318982768}},{"userUuid":"062f6feb-0e46-4d46-93cc-f2e257ff91fd","userLoc":{"longitude":-109.80342076289068,"latitude":70.9211304931406}},{"userUuid":"83002fe4-fb37-4460-a4fb-0e380ca828b8","userLoc":{"longitude":41.485608808890134,"latitude":-74.05939209539231}},{"userUuid":"4f9e67d1-719d-49ea-b9bf-e6cb2f41a71d","userLoc":{"longitude":-19.343644283275864,"latitude":-29.691297934145524}},{"userUuid":"8568a72b-24db-4b1d-b82a-79e66ea9ea27","userLoc":{"longitude":155.17461032216767,"latitude":-75.9018988642821}},{"userUuid":"056ebf88-5ade-4920-b4f6-56ff4fac880e","userLoc":{"longitude":97.95966134103406,"latitude":62.267154741650444}},{"userUuid":"8906e92e-0d0c-4883-a8b8-a7d5982cae5f","userLoc":{"longitude":-66.39895922775972,"latitude":16.39255413444907}},{"userUuid":"bbee2e4c-8e05-41d2-a895-a6f6a1060d3f","userLoc":{"longitude":66.80116127577998,"latitude":10.740113219674441}},{"userUuid":"9a00184f-412c-4331-b54e-c0bb379a5b40","userLoc":{"longitude":144.5968684306008,"latitude":32.848751967343546}},{"userUuid":"0ba28c1e-bef3-42f6-999c-84fd077f3ce2","userLoc":{"longitude":-152.8051527513766,"latitude":-80.91042163206511}},{"userUuid":"197d7c0c-1505-43aa-8043-7659e0a4594f","userLoc":{"longitude":-96.07702911097675,"latitude":-30.69309467123771}},{"userUuid":"8fb56f9e-8e0c-4f29-8d74-b549904c2e21","userLoc":{"longitude":5.888774733945951,"latitude":-37.24318405334388}},{"userUuid":"521b9aa3-a01e-486a-9172-bdca391bf252","userLoc":{"longitude":-151.90746703077957,"latitude":29.427301754819013}},{"userUuid":"d0c968ce-dd20-4cc8-8b70-fbba3a6d6274","userLoc":{"longitude":131.10130771683095,"latitude":70.64335146853855}},{"userUuid":"c936e02c-050c-4056-bfe7-c580cdc5dafb","userLoc":{"longitude":132.39756766713077,"latitude":1.1087647351584735}},{"userUuid":"1bf87eb4-8e7c-4f5f-8183-694721ea74a9","userLoc":{"longitude":-157.5595552503853,"latitude":-71.60112941352277}},{"userUuid":"599431c8-2248-40a6-a4a4-58918a4c0a2b","userLoc":{"longitude":-164.4440527144754,"latitude":16.087051083237967}},{"userUuid":"abc5fdb7-ef94-4032-b5c0-8d8b20eabd2c","userLoc":{"longitude":1.076797483569635,"latitude":-60.11179671890695}},{"userUuid":"51e85b57-1360-4193-9fbf-53801814e17d","userLoc":{"longitude":-59.5248501794798,"latitude":66.04634959247457}},{"userUuid":"435b6da4-5123-4793-b277-96e32c8168c5","userLoc":{"longitude":8.777349175389901,"latitude":-70.64223558449402}},{"userUuid":"f6e24883-fb93-4f04-80a1-7599a91c77b2","userLoc":{"longitude":104.73179940036204,"latitude":67.47274926755557}},{"userUuid":"6a2856ba-26af-443a-b665-3aa892db6c73","userLoc":{"longitude":-69.93704143072543,"latitude":-4.189453127521475}},{"userUuid":"669e5998-01be-449e-9fd8-b59a5acc2bdb","userLoc":{"longitude":-157.7323545961506,"latitude":-38.35931207337859}},{"userUuid":"30132d74-d9c5-4ed3-9702-011ee423cf50","userLoc":{"longitude":11.836188546653574,"latitude":49.6829092276777}},{"userUuid":"63c14320-29d0-44ac-8734-9979edd7261e","userLoc":{"longitude":-64.35047625347984,"latitude":-58.72043170083409}},{"userUuid":"ad011217-d518-4f57-828e-102a7ca9b918","userLoc":{"longitude":81.86671624877789,"latitude":68.88434617362549}},{"userUuid":"c2a1101c-9972-45c7-8e98-31671566955a","userLoc":{"longitude":-117.7811091675998,"latitude":-36.194336383127485}},{"userUuid":"de5a3271-1a04-49c8-b2e5-de70d238c825","userLoc":{"longitude":-110.25707300920793,"latitude":-8.86468971417466}},{"userUuid":"2c89e5bd-dc35-4213-b39c-976ab7abf29e","userLoc":{"longitude":-80.15723698590185,"latitude":-2.3081196548697847}},{"userUuid":"41b0f6d9-6f83-4663-9fe9-c7617fcff546","userLoc":{"longitude":101.31736130858383,"latitude":-28.87082431331863}},{"userUuid":"ab24118a-a110-4e12-9b05-ceff5471db66","userLoc":{"longitude":128.5034799615632,"latitude":21.425907031455154}},{"userUuid":"8fd95094-9a6b-4e84-a458-af5b3e996306","userLoc":{"longitude":-129.3372874872069,"latitude":27.563166690341106}},{"userUuid":"4c9f1a05-19ac-43d7-bd0e-0abedb1d6781","userLoc":{"longitude":-29.375704477342055,"latitude":68.80142325523298}},{"userUuid":"04e5f803-36d1-464e-8b71-140b5963e2f4","userLoc":{"longitude":44.752323534326024,"latitude":-39.36125781658864}},{"userUuid":"b89102e7-427d-4177-85e1-93d1bfd00fe4","userLoc":{"longitude":-156.2573906311365,"latitude":-30.892404186990632}},{"userUuid":"8387b3c4-a6e6-4f4d-81b3-8f3fc31ae7e7","userLoc":{"longitude":-57.32137459070627,"latitude":-32.13715286884017}},{"userUuid":"c0b51eaf-a668-4167-9ab9-8f86e1284565","userLoc":{"longitude":0.7688002204781696,"latitude":-22.552712695400423}},{"userUuid":"e0fd7874-0e96-4cd0-bfd5-19248841ec09","userLoc":{"longitude":-62.70420622712537,"latitude":-38.67701424789756}},{"userUuid":"5a4cccd2-ddf8-4d80-ac0e-c49aedd673bf","userLoc":{"longitude":34.18418294775711,"latitude":-63.97670569940399}},{"userUuid":"21f7b2b9-a067-452e-9357-1129526b8670","userLoc":{"longitude":1.8471020202173918,"latitude":32.20733387771796}},{"userUuid":"224e1d28-c8bd-48c7-a2f6-9e7cff95d292","userLoc":{"longitude":122.49347533141469,"latitude":21.60581845400563}},{"userUuid":"640f6aca-3b9d-41b1-b3d2-a54bf783618b","userLoc":{"longitude":127.42228923223513,"latitude":74.06722224429066}},{"userUuid":"0fccc78b-d124-4a0e-925a-9ac15d540fc7","userLoc":{"longitude":56.54127882480091,"latitude":-62.30501123253093}},{"userUuid":"7a95cd74-07e5-4658-83e5-128974f9901f","userLoc":{"longitude":95.09375055865172,"latitude":-16.568391858605096}},{"userUuid":"eead1500-6b63-43b8-ae49-38856cf5d5aa","userLoc":{"longitude":-108.84100220349731,"latitude":48.13048254141145}},{"userUuid":"997023b5-de62-436d-9cee-5dc6b1029078","userLoc":{"longitude":-149.61061354478693,"latitude":9.430268746485282}},{"userUuid":"15354ec1-5a55-432d-9c42-fba3c88ed101","userLoc":{"longitude":-42.64160793811095,"latitude":35.31449825543578}},{"userUuid":"255cf914-6bd2-419b-981b-41b5f0ad7b1d","userLoc":{"longitude":132.8527428783799,"latitude":66.17029443969261}},{"userUuid":"bc181797-ab26-4b4d-8c91-fb61d51dba60","userLoc":{"longitude":-62.277636445594496,"latitude":-60.20343341615763}},{"userUuid":"e51561f1-9171-48cc-98fe-2acfed217a97","userLoc":{"longitude":65.27056935576192,"latitude":32.867838576026685}},{"userUuid":"ae787642-1b4c-48a7-a543-bf0f0f9abeaa","userLoc":{"longitude":45.82190983215435,"latitude":21.59889338598356}},{"userUuid":"869a9699-0fa7-4cda-b529-95f3428249b3","userLoc":{"longitude":16.338065119507263,"latitude":-81.95080064133171}},{"userUuid":"dddd90fa-34fe-4f89-81ef-fb5c81617bbf","userLoc":{"longitude":-104.51826288642646,"latitude":-51.77316148192565}},{"userUuid":"00f4425e-cc56-4ea2-9023-e387c387e525","userLoc":{"longitude":88.02140852528339,"latitude":19.200715681498238}},{"userUuid":"a7ba963f-938c-4400-be53-f6b664d3caa9","userLoc":{"longitude":-148.4564772790056,"latitude":48.00716667342573}},{"userUuid":"375d2bec-2781-4897-b6a5-279c67056c30","userLoc":{"longitude":-155.417856363472,"latitude":-10.272895523025468}},{"userUuid":"5e779a99-4d36-42c4-8c32-7df39c10c96b","userLoc":{"longitude":115.1569833126473,"latitude":-75.55182626981106}},{"userUuid":"4d4e846d-0400-4408-963f-33af5b36526f","userLoc":{"longitude":30.225586542052014,"latitude":-71.80542153550726}},{"userUuid":"4c78093d-58b3-413e-99f2-664879bdca80","userLoc":{"longitude":67.90427364934874,"latitude":-69.31967640133377}},{"userUuid":"a57a0013-2031-4101-8076-31f2bb887f81","userLoc":{"longitude":-0.8168638218067485,"latitude":-41.855772660918845}},{"userUuid":"6d27aeea-3d3e-40d8-b3e6-bc4dce5a8a2b","userLoc":{"longitude":-105.34691529449769,"latitude":69.73221677161553}},{"userUuid":"dc75b268-7714-43c3-892f-3c177280b0c7","userLoc":{"longitude":-76.65680975568877,"latitude":57.937049339315934}},{"userUuid":"00925ace-e061-43bc-831e-cc44225d1ef2","userLoc":{"longitude":-34.29869306843429,"latitude":-4.2317934213972705}},{"userUuid":"e0636add-144d-4f80-8fd5-e9e68993b8a6","userLoc":{"longitude":91.37165721045079,"latitude":-11.272174960696645}},{"userUuid":"5151cf42-dc61-4432-bc32-57eeb12ccbde","userLoc":{"longitude":124.63525175569453,"latitude":17.798155106424318}},{"userUuid":"5acca7a4-5d61-48e2-a92d-0abaa5c16c43","userLoc":{"longitude":132.8789150638258,"latitude":40.345395156664694}},{"userUuid":"ccb7ea23-34cd-43cb-a6e2-225c5887ceae","userLoc":{"longitude":-71.63717089982426,"latitude":-59.10885498495747}},{"userUuid":"4318f667-d951-4b04-a263-0ab05c001043","userLoc":{"longitude":167.8999334353661,"latitude":-11.638564436658896}},{"userUuid":"abd7fb55-1bc1-417e-9740-fa90d494aca5","userLoc":{"longitude":49.26170482655539,"latitude":-49.74688385604074}},{"userUuid":"6b841315-865d-469e-aec7-4da70c8841e8","userLoc":{"longitude":154.899680453825,"latitude":72.5321936972496}},{"userUuid":"580e990e-72ed-4428-9212-56f620662dfb","userLoc":{"longitude":146.42368352296177,"latitude":-70.85465690139063}},{"userUuid":"ce84c490-9050-460c-bb9c-26dae059979f","userLoc":{"longitude":-112.82092760153316,"latitude":-19.551500860645973}},{"userUuid":"b4f71686-7544-4da7-964f-82446ce741cf","userLoc":{"longitude":-75.18045409762213,"latitude":-17.033822723315538}},{"userUuid":"c46026ed-7d11-4e65-b7e4-28ece70811a2","userLoc":{"longitude":110.3906961242132,"latitude":-20.121534573474634}},{"userUuid":"462326ea-3df0-451f-9903-47856ab1279f","userLoc":{"longitude":-29.740273063342414,"latitude":37.19688573524401}},{"userUuid":"b699b67b-1828-4c4e-925a-2fd980d7e483","userLoc":{"longitude":-134.1752243366336,"latitude":84.89474708343633}},{"userUuid":"83f88531-b113-45d9-a5d2-7c81ff604ef4","userLoc":{"longitude":-104.29581148916554,"latitude":-76.48184209846548}},{"userUuid":"d213467d-e343-4167-b3e9-84329b546ee8","userLoc":{"longitude":111.62006980187834,"latitude":16.921128168820346}},{"userUuid":"4a3fba1f-331c-4dae-8a15-1d59ffe83abf","userLoc":{"longitude":-147.92866516101643,"latitude":16.98679255691775}},{"userUuid":"c596b1dd-c753-4de7-9bdf-e5d422dc43a8","userLoc":{"longitude":62.16723513662677,"latitude":7.825580382253861}},{"userUuid":"b4cdb9c5-8278-43e5-a2a2-7f44e60fbe1f","userLoc":{"longitude":95.82616507717819,"latitude":-55.01946225455309}},{"userUuid":"8c48f55e-486d-4646-94f2-2a5b441ef6b8","userLoc":{"longitude":-49.30142522160321,"latitude":-42.99246679531845}},{"userUuid":"b44dea49-efa4-49bc-b437-fa1ae246b974","userLoc":{"longitude":-42.26543017585635,"latitude":-14.971154307904968}},{"userUuid":"b1ec92d8-cc99-4c66-9496-64dceda96216","userLoc":{"longitude":-46.05701559087157,"latitude":-84.32315622259271}},{"userUuid":"49bf9c47-a95e-4305-ba0d-fe0c870ea741","userLoc":{"longitude":-170.42690002014413,"latitude":41.56532891362899}},{"userUuid":"300ba507-0292-428b-813a-f8965ffe060c","userLoc":{"longitude":18.018300023112886,"latitude":-44.36950071508283}},{"userUuid":"28d9aef4-08b2-421a-b617-be3fa9a17456","userLoc":{"longitude":-162.34707703186805,"latitude":-27.396401281332366}},{"userUuid":"dca0e085-8045-4650-b485-71a97ec3488c","userLoc":{"longitude":-73.4694338009694,"latitude":44.59815022388713}},{"userUuid":"96e72dce-a876-4bbc-a80a-64f6d6d22208","userLoc":{"longitude":116.97270251997281,"latitude":-56.85189214206546}},{"userUuid":"d842e4e4-5725-409e-bae6-822fdbdca704","userLoc":{"longitude":142.65130862174146,"latitude":-56.04512076797718}},{"userUuid":"73c35fde-bddb-4a77-9ff7-fc3e6bd92781","userLoc":{"longitude":34.10024494382344,"latitude":-81.25859501099819}},{"userUuid":"d89b7d07-03b8-4f98-bab9-909c4204ba30","userLoc":{"longitude":175.5826806425734,"latitude":84.6564533363871}},{"userUuid":"fc11d696-bb38-4ab6-91fe-d3cb48dff82c","userLoc":{"longitude":29.317008844076838,"latitude":-64.87555412646302}},{"userUuid":"7496200b-4b0a-4f26-b4e3-c409f0ba85ca","userLoc":{"longitude":24.469321605427126,"latitude":2.4410901566291443}},{"userUuid":"7af774bf-9ea0-4876-9267-7ea4fbf2547a","userLoc":{"longitude":-65.55038836333583,"latitude":26.57863378835286}},{"userUuid":"1ffcde77-d510-4b65-bf47-786995122fd5","userLoc":{"longitude":-40.1569702753732,"latitude":-84.29632985231034}},{"userUuid":"dad39786-15c9-4cf6-9bd3-ab0e60215a04","userLoc":{"longitude":80.02810970713364,"latitude":-15.821394478236726}},{"userUuid":"6b15d55e-afad-429b-b038-0410ca8cee85","userLoc":{"longitude":-5.686947209914791,"latitude":-67.22420308913249}},{"userUuid":"c4c7f40b-4692-4426-b711-3d955c08db85","userLoc":{"longitude":54.68213815599108,"latitude":20.400711927604718}},{"userUuid":"a2e38f97-f487-448d-95c1-a2e556950202","userLoc":{"longitude":-24.379883706374557,"latitude":-72.44899717270492}},{"userUuid":"67e5ad48-f092-4bb0-8ae7-6a2576ea7901","userLoc":{"longitude":-89.2134553952709,"latitude":-65.47573260569825}},{"userUuid":"ffb2e45e-49f7-4db4-90ca-c49117bfaaf1","userLoc":{"longitude":-94.18246682725099,"latitude":28.715101583703913}},{"userUuid":"b549dc3a-3344-4a14-a903-a64669c62864","userLoc":{"longitude":-163.06231717467406,"latitude":-21.953579978342127}},{"userUuid":"a6fbb025-4b69-49b5-a65e-9b5382ab8dff","userLoc":{"longitude":-6.781917802019478,"latitude":3.5017718542713254}},{"userUuid":"fd1bf15c-325a-4b2b-9a28-30198b027d77","userLoc":{"longitude":-112.23128436431637,"latitude":74.29657105417411}},{"userUuid":"0150b96e-2b89-4ec9-9a6d-41792612f274","userLoc":{"longitude":98.57587255396015,"latitude":-47.40030100572906}},{"userUuid":"43534de1-bd56-43f5-930e-12d1784ec31f","userLoc":{"longitude":132.80895189457453,"latitude":-71.33814749151927}},{"userUuid":"7744fe73-79eb-46ff-9967-431fb1dd2883","userLoc":{"longitude":154.8114435712033,"latitude":71.03116539255316}},{"userUuid":"5c5eadcc-534f-452d-af56-99350241f475","userLoc":{"longitude":-76.8330650481937,"latitude":64.90287319019669}},{"userUuid":"8ea1f166-d7db-4c8f-83cf-5a47b66fcc08","userLoc":{"longitude":-146.20066265185272,"latitude":77.98663085818197}},{"userUuid":"f0420963-750c-4440-b46c-ed9571033432","userLoc":{"longitude":-168.25762688934307,"latitude":3.2224118017501127}},{"userUuid":"6cf4f851-998c-4000-8ad9-ef2b58cfd4b0","userLoc":{"longitude":-68.69381633868727,"latitude":67.33071152074697}},{"userUuid":"8b49bb8a-98b5-4703-899f-b63f4d065aec","userLoc":{"longitude":-170.995655191838,"latitude":-69.4554140007155}},{"userUuid":"6047da2f-aeb6-4fe0-85d6-911b74bc475f","userLoc":{"longitude":-113.9300878104188,"latitude":-79.44393254722627}},{"userUuid":"c604b2a4-d55e-459b-92b8-032201ced7de","userLoc":{"longitude":-19.590586868398077,"latitude":-0.22413867962562506}},{"userUuid":"3507c8bf-d869-4720-bdb5-e1ec28295f7b","userLoc":{"longitude":43.91591523321139,"latitude":31.78399194263585}},{"userUuid":"3aa889c6-45cc-4b07-9e68-5e0c6061c85f","userLoc":{"longitude":-167.43069678170332,"latitude":46.308038544408845}},{"userUuid":"4c5f62bc-b45b-41f2-813f-06eea80b8472","userLoc":{"longitude":-52.78917385211501,"latitude":64.86849863991498}},{"userUuid":"33efc481-ef32-450c-8900-040e3612b4db","userLoc":{"longitude":-50.971591726578794,"latitude":-51.06692048298096}},{"userUuid":"cb54d202-0065-40f0-9aed-1a65909b853f","userLoc":{"longitude":-134.9816761382256,"latitude":-69.5713371199452}},{"userUuid":"4649660c-faeb-4dbb-b06e-d7a4f1e65d1e","userLoc":{"longitude":-67.02088042874021,"latitude":-34.66206549636173}},{"userUuid":"30c3f916-5975-4b12-8ac3-0c590a4950a3","userLoc":{"longitude":-139.08009232570436,"latitude":-31.713286380198944}},{"userUuid":"53f97283-1136-4c91-817f-a05080be449e","userLoc":{"longitude":-173.2521004923977,"latitude":60.33490186204611}},{"userUuid":"71998798-b87b-4c66-8d2f-41a9e9aa1aed","userLoc":{"longitude":-115.0098174277646,"latitude":14.76491327389678}},{"userUuid":"681577d9-5cb7-4f03-a3f2-65eb85047d3b","userLoc":{"longitude":-123.07950695796693,"latitude":-23.97059289234565}},{"userUuid":"a4d10c38-f7c8-475e-9f52-a8f54e03cd54","userLoc":{"longitude":-93.90218090686714,"latitude":34.31023464589455}},{"userUuid":"44d98b86-dab9-471c-853b-b771537c898e","userLoc":{"longitude":17.542987849560376,"latitude":0.33352821997829096}},{"userUuid":"4347260c-3bf9-4072-95ae-ce929b2084a9","userLoc":{"longitude":-86.95478880162685,"latitude":54.3557679772976}},{"userUuid":"b7690f99-ba52-4739-b9bc-408d72735e50","userLoc":{"longitude":-46.465397365417545,"latitude":53.328602016036825}},{"userUuid":"37ee1efd-0ae7-48c7-8f28-aac6128006e7","userLoc":{"longitude":54.16618397465464,"latitude":-51.63104745426429}},{"userUuid":"1b1f4763-2334-4dc5-b43d-042db53d402b","userLoc":{"longitude":166.6056871421838,"latitude":50.95579128474259}},{"userUuid":"407b801f-00e9-43bd-b60a-5dd85eb1fbd7","userLoc":{"longitude":-76.64993227199223,"latitude":31.2726146761363}},{"userUuid":"6d75939f-3b36-4d85-8cb1-de4c4dfc2950","userLoc":{"longitude":127.43562854509389,"latitude":44.24111218140442}},{"userUuid":"60ae2cc4-74a8-430f-acab-d6a4ae3c788d","userLoc":{"longitude":71.38744423732027,"latitude":68.56971459040838}},{"userUuid":"c24f8b91-5925-4178-b18e-4090f1bd2372","userLoc":{"longitude":154.70547772692584,"latitude":13.18001174089025}},{"userUuid":"152e1bba-feb4-4625-8ebe-95c493e3a55e","userLoc":{"longitude":-36.26958175228859,"latitude":22.31162510394151}},{"userUuid":"844da11c-5faa-4687-b90d-1a4ea0519812","userLoc":{"longitude":40.4273785333624,"latitude":-73.38013529018178}},{"userUuid":"40977b9b-8287-4653-b63a-32f067d17f9e","userLoc":{"longitude":38.98979515423224,"latitude":50.49887717369768}},{"userUuid":"3ae2ee24-352a-4595-b871-2daf504fd9f2","userLoc":{"longitude":-166.68184892374,"latitude":56.25834309278531}},{"userUuid":"37abda81-04b2-4a40-8129-2dd478fb37c7","userLoc":{"longitude":139.84555931305243,"latitude":35.69831202614951}},{"userUuid":"62df4346-08ec-46a6-bd8e-46700ebfa84c","userLoc":{"longitude":10.044847930838642,"latitude":-75.40658273502655}},{"userUuid":"434af77c-586c-43c4-a4a5-4707bc90a6ed","userLoc":{"longitude":-160.46653656570484,"latitude":69.08597110446127}},{"userUuid":"f7a4bc51-3345-4ef9-8e1a-39e415aae649","userLoc":{"longitude":-160.23593263064012,"latitude":-74.61221638930111}},{"userUuid":"f4660b39-5fa2-47a6-a374-8e0dcc6cb731","userLoc":{"longitude":-23.12394194406116,"latitude":56.00822089323134}},{"userUuid":"1fa4256c-15b1-4274-88cf-b695e80d9c30","userLoc":{"longitude":111.8818810887247,"latitude":17.277539796245293}},{"userUuid":"1037e183-a40c-462e-a445-f4b2aefce285","userLoc":{"longitude":20.8795428761739,"latitude":-22.110451454023135}},{"userUuid":"bd73c951-9a29-47da-a805-ce571185a64f","userLoc":{"longitude":130.33488799815882,"latitude":35.5780882293743}},{"userUuid":"a240bd98-290c-4c64-b2f2-2302968b94bf","userLoc":{"longitude":167.76773951238903,"latitude":47.349909731176695}},{"userUuid":"39ad24c4-0a0e-4483-ae5b-4d5be326f614","userLoc":{"longitude":-93.78563400950335,"latitude":-25.157203723962553}},{"userUuid":"aeda5cfa-0d31-48c4-8a71-15e77d15d1f6","userLoc":{"longitude":-77.27672383811286,"latitude":-13.834697094532501}},{"userUuid":"5cf0e1c8-5243-4813-91a2-6edfd020f460","userLoc":{"longitude":105.51300062970023,"latitude":6.056997132565257}},{"userUuid":"71de1412-d1c7-43ab-a8cb-09fc21900006","userLoc":{"longitude":-159.71204772123198,"latitude":-57.74893252842818}},{"userUuid":"0119710b-5620-4ae0-90cd-9af598be3b03","userLoc":{"longitude":64.29495200446775,"latitude":69.20027528995323}},{"userUuid":"0f3c323e-ca94-4e72-83f0-d9b2173ecfac","userLoc":{"longitude":62.69411368164316,"latitude":76.16565803843474}},{"userUuid":"74b23b7d-2e45-4a65-ba09-97456cb4e305","userLoc":{"longitude":-15.55976361029812,"latitude":60.21304938312181}},{"userUuid":"0533aeb1-0e83-4491-8389-eb28b9605307","userLoc":{"longitude":154.49520285693865,"latitude":83.44196648290048}},{"userUuid":"cccf3c95-5737-4e06-994e-2ecd7ea2bc84","userLoc":{"longitude":126.18619412111138,"latitude":56.11110959198456}},{"userUuid":"8c09b88a-134c-4976-ab93-da768a14d6ce","userLoc":{"longitude":69.33695380097907,"latitude":-80.6311063155575}},{"userUuid":"2d1ede01-7ed9-448c-aa2d-a9ab2534d474","userLoc":{"longitude":-58.997548705450484,"latitude":-25.40432548356506}},{"userUuid":"8c88ecd1-bef1-4d78-9e37-3e67cfdee268","userLoc":{"longitude":80.37963044267525,"latitude":83.63011116949625}},{"userUuid":"ffd5d365-9912-4598-8cf1-d25f7c69aeed","userLoc":{"longitude":-29.179543388109096,"latitude":63.66742802745378}},{"userUuid":"06b238d6-600e-4ce3-ba27-425fafacdea3","userLoc":{"longitude":-153.2013643538594,"latitude":-63.70728387258333}},{"userUuid":"6c6bb9f3-fad7-4d25-b4db-2a3a5823e16b","userLoc":{"longitude":66.16530811642482,"latitude":-74.82380806849416}},{"userUuid":"13b3d970-1b10-48f8-a636-3b1eaec5f4a3","userLoc":{"longitude":44.092710455844355,"latitude":-8.548686617031905}},{"userUuid":"532b0679-0cef-4f9c-bef0-1fb419f85905","userLoc":{"longitude":121.22761482359027,"latitude":-61.32954318246452}},{"userUuid":"985f9267-4a2f-441c-acf2-e14cb6bdc3c3","userLoc":{"longitude":44.007288039704605,"latitude":62.25726794518272}},{"userUuid":"720ec7cb-4e5e-4c59-8696-ccfcdc261d20","userLoc":{"longitude":119.21262677392423,"latitude":-70.3545992353206}},{"userUuid":"b1416a67-893f-4f3a-9b7c-58ba8c220dfb","userLoc":{"longitude":-60.370992254848176,"latitude":-15.665611723184057}},{"userUuid":"0a6347b3-b539-48ba-a3f7-ce0a134aedd3","userLoc":{"longitude":73.59329995412392,"latitude":69.02546516990444}},{"userUuid":"c029ba4b-8266-4666-8c97-20c5a48068e6","userLoc":{"longitude":57.16373737175044,"latitude":34.96928213033762}},{"userUuid":"f48d7d16-831e-48b7-83f9-4399cb6f7d7d","userLoc":{"longitude":-6.375062431581512,"latitude":55.022072487010064}},{"userUuid":"89609c2f-54f4-4801-880b-20ddce0c912e","userLoc":{"longitude":100.84045157358838,"latitude":0.46665952175943914}},{"userUuid":"544b79e0-ac83-4acb-a4a5-df61b1ef248d","userLoc":{"longitude":41.73006397468947,"latitude":-68.26985283339374}},{"userUuid":"5e5489c7-c4d3-4851-aa20-d195c50bf0ca","userLoc":{"longitude":160.5476960397902,"latitude":-8.50300500739823}},{"userUuid":"04d1dff0-5d85-4d9d-89ab-71f77a165c65","userLoc":{"longitude":-178.2908576100251,"latitude":-33.24071485668072}},{"userUuid":"f54ba64c-8d0a-462f-8ec1-68da6eb3ff2b","userLoc":{"longitude":118.77768754823774,"latitude":-45.30301545709763}},{"userUuid":"dbdde6f7-c1d3-43a7-925a-642a6403d3a7","userLoc":{"longitude":-157.11342339809505,"latitude":60.292809358537426}},{"userUuid":"4ffb82fc-47d1-42f7-95b3-79dd7192950c","userLoc":{"longitude":-95.56288046461476,"latitude":63.60600132786141}},{"userUuid":"34e32a01-c24d-4cf9-9bca-d68543b1b87f","userLoc":{"longitude":-16.164120566246964,"latitude":-4.240533409280943}},{"userUuid":"e414d3f0-9204-4a28-92e6-15732d976ab6","userLoc":{"longitude":167.89645931572892,"latitude":-41.5476750526857}},{"userUuid":"c49a4352-c472-4d05-a7a8-0325a8d4366c","userLoc":{"longitude":145.0665852717737,"latitude":-48.34900046336085}},{"userUuid":"3fd8efa6-2772-42b7-aa47-9e6e2d54cac2","userLoc":{"longitude":66.6687652161819,"latitude":77.45010636991645}},{"userUuid":"c05c6995-d121-4c92-9562-58bbe69381e5","userLoc":{"longitude":-117.8335805011582,"latitude":49.66537139534614}},{"userUuid":"41be1157-600a-4c57-a87b-dfbbb7c7323a","userLoc":{"longitude":14.472797498629774,"latitude":-2.1370984575218728}},{"userUuid":"b0501afd-1035-42ab-8c34-d13de76cc768","userLoc":{"longitude":110.2633937131173,"latitude":-18.624828407116752}},{"userUuid":"a4bb66e1-df7f-406f-a2b0-8fbaf0a0977b","userLoc":{"longitude":157.00696187970982,"latitude":74.10717823399389}},{"userUuid":"3ce8d56a-6848-4c8b-919c-899df8ef356d","userLoc":{"longitude":109.11660855746385,"latitude":12.402128953302594}},{"userUuid":"5e4b9004-27bd-4166-8a30-a5e816148e49","userLoc":{"longitude":54.94844465429301,"latitude":-45.190001188280334}},{"userUuid":"1e3d090f-b609-4a06-ba26-54765f9e7eff","userLoc":{"longitude":71.357975939466,"latitude":-9.118941095120064}},{"userUuid":"baaa5e9c-3da9-4a3d-a2fc-74e46f5226f2","userLoc":{"longitude":94.83718425789516,"latitude":5.751390105412767}},{"userUuid":"866e6e93-2c15-44d0-9277-f4fae3175da7","userLoc":{"longitude":56.580667455931604,"latitude":-9.941401566680526}},{"userUuid":"289995ef-8fad-4f49-8943-fdf8df4e100b","userLoc":{"longitude":93.67624926357018,"latitude":-77.80261261211977}},{"userUuid":"92e21f57-086a-4498-8813-cbbdf19a2707","userLoc":{"longitude":123.93610269094387,"latitude":35.0486245609314}},{"userUuid":"cddff285-8028-4262-b972-2bb3f0ae65fa","userLoc":{"longitude":165.71730034285036,"latitude":-63.70006094648923}},{"userUuid":"e8d999dd-7661-4e11-84fd-4fa9049560a0","userLoc":{"longitude":-102.71095988133003,"latitude":37.59913485161559}},{"userUuid":"78d81bec-f67c-48a1-9104-f81d6dd27b45","userLoc":{"longitude":-56.03116957524493,"latitude":76.3464908710969}},{"userUuid":"663f7ebe-c9be-4885-a742-b3992c3c55d7","userLoc":{"longitude":-37.085982044914005,"latitude":-40.44507905096448}},{"userUuid":"78356af5-b5e7-4824-88ad-cf25aca72e82","userLoc":{"longitude":61.26210390168163,"latitude":-57.681709636204445}},{"userUuid":"b2be1975-64ab-4b35-b916-107a35050d5b","userLoc":{"longitude":-169.32293090949355,"latitude":-53.84840314410301}},{"userUuid":"ceb3a5e8-2966-4b5d-8481-57933afe256a","userLoc":{"longitude":-131.82547302933597,"latitude":-71.72391917834169}},{"userUuid":"8a3c20d2-b5c1-4501-ad61-157640040012","userLoc":{"longitude":-94.7914120891226,"latitude":-2.1164930204354135}},{"userUuid":"ceab9fbc-bda9-4521-910b-9c5975c195d0","userLoc":{"longitude":104.69405877542914,"latitude":39.056426415119276}},{"userUuid":"074c6988-d841-401e-835b-75c2e4a435f0","userLoc":{"longitude":161.00057720153336,"latitude":76.77729501958149}},{"userUuid":"74b82996-2f1c-499e-aa2e-5406d2d453dc","userLoc":{"longitude":63.67181364008704,"latitude":61.04761335410163}},{"userUuid":"fbcfe036-6cb9-4f04-97cc-d14b2a9c0fbb","userLoc":{"longitude":-2.8595661131678582,"latitude":12.516200684082364}},{"userUuid":"b1fe327d-4e28-4852-96b6-182ce71fae9d","userLoc":{"longitude":81.86563642005217,"latitude":19.774385211072527}},{"userUuid":"be78974e-315e-45ee-a97a-8d5384a77eab","userLoc":{"longitude":-51.82505480988351,"latitude":46.434392892477746}},{"userUuid":"a24c8ae0-2f17-41af-8f90-d91ca29151d8","userLoc":{"longitude":157.02247685618988,"latitude":11.955574100369375}},{"userUuid":"ad49cc93-65cd-40bc-b72e-dff96a189217","userLoc":{"longitude":73.33616665919615,"latitude":-6.570069875890269}},{"userUuid":"10f45ee1-1d07-4579-bad3-bb9afa38e53d","userLoc":{"longitude":-25.54337594883677,"latitude":32.63580330742862}},{"userUuid":"f754967f-baae-49da-8441-beff9f86dd30","userLoc":{"longitude":-88.48690274022157,"latitude":-42.5472001176935}},{"userUuid":"2996fd75-83f9-4a85-b3c0-d795ab079d55","userLoc":{"longitude":-18.562656403597572,"latitude":-71.53977347214035}},{"userUuid":"31ecbbb3-ec12-4d04-ae54-0140266d4e72","userLoc":{"longitude":145.6266834388943,"latitude":-23.18419995773155}},{"userUuid":"c5339408-11a6-403b-85e0-2787e78e7ae3","userLoc":{"longitude":172.38926772585728,"latitude":65.40063310368262}},{"userUuid":"648e9c55-71bb-423e-8129-e2c0dcd13be4","userLoc":{"longitude":-84.17468742956484,"latitude":16.36864405039276}},{"userUuid":"0f696d48-c810-46a7-afbf-6fc0f8d43e91","userLoc":{"longitude":56.012125268239544,"latitude":15.783983695630383}},{"userUuid":"32b1b888-1655-405d-a7c6-c0a3d3f09d56","userLoc":{"longitude":30.60376852893475,"latitude":50.68442548838479}},{"userUuid":"d552f255-0738-4bb4-a105-149f3a4ca172","userLoc":{"longitude":36.66669783559698,"latitude":-41.43081774276757}},{"userUuid":"9ee0af4e-0b2b-4d03-80ea-8766911e7ec9","userLoc":{"longitude":-150.50441402086088,"latitude":43.32151170068002}},{"userUuid":"5e0f73c9-f347-494e-a4e6-7bf1a4a2ecfe","userLoc":{"longitude":63.62471922415858,"latitude":-32.77307713885251}},{"userUuid":"1e03f96d-51c0-457e-a8d5-f0a0133b7792","userLoc":{"longitude":129.42914823569083,"latitude":-71.01234976118684}},{"userUuid":"59bcf3c3-0a63-4e1a-bacf-60cf0625c73b","userLoc":{"longitude":50.6296854469696,"latitude":24.3011351236225}},{"userUuid":"959e0c80-3248-4dbf-bd79-f26306f9d869","userLoc":{"longitude":-128.21856699848638,"latitude":-33.698828656822855}},{"userUuid":"f9b29a84-434e-4abb-83c3-2227bd3d1c06","userLoc":{"longitude":-78.82539249012929,"latitude":-52.50244937104108}},{"userUuid":"b84c728c-3450-4456-b910-c6bb2dce51cf","userLoc":{"longitude":-110.27262469006419,"latitude":35.294090600447916}},{"userUuid":"e01041b6-c192-4aa4-964b-a091a1d02dba","userLoc":{"longitude":-91.76564189925112,"latitude":-81.15580304897846}},{"userUuid":"1ed64ed7-608d-47a1-be47-c44627647c42","userLoc":{"longitude":-69.7649934554567,"latitude":17.618592543174202}},{"userUuid":"37865d1e-d17e-4a7f-99d6-c2f99b55baf0","userLoc":{"longitude":-47.04999035332591,"latitude":78.54653485098618}},{"userUuid":"7dc60dab-f01d-47af-8925-d5a8762650ca","userLoc":{"longitude":51.89966303804425,"latitude":-62.72449885146335}},{"userUuid":"4a866096-8fd1-4afa-ab27-1e6ecb4d56c0","userLoc":{"longitude":-123.19822992925498,"latitude":79.56478581020372}},{"userUuid":"da0ab4b8-24d2-4404-a2fe-5130b8580a57","userLoc":{"longitude":133.91896525244965,"latitude":-28.963912855560125}},{"userUuid":"5ee81539-6cf4-4d8b-8207-3dfd1dbc5581","userLoc":{"longitude":42.47404183765366,"latitude":69.81902144375351}},{"userUuid":"93cc4ff8-628b-4562-9a16-4e9a4f8a811e","userLoc":{"longitude":-9.676151105887442,"latitude":-29.342036767704492}},{"userUuid":"518ece57-b65b-406b-978b-edaf14739cc8","userLoc":{"longitude":124.08240539830496,"latitude":40.40257916640495}},{"userUuid":"6e411f7b-cdb6-4d75-baf4-e395c71b90f1","userLoc":{"longitude":-3.744037387602475,"latitude":48.02963361099259}},{"userUuid":"cd0d8bc7-ff58-408b-8b88-def54f36e83c","userLoc":{"longitude":36.276455064118664,"latitude":-10.360471864835475}},{"userUuid":"ed812b39-c8ec-44aa-8af3-9af13dc820f9","userLoc":{"longitude":58.03720560252745,"latitude":-59.690570147138146}},{"userUuid":"831adf4f-9f5e-4257-9bc1-c791ac8837c2","userLoc":{"longitude":92.29110555058907,"latitude":-45.000762773150434}},{"userUuid":"faecfd4e-0f1e-4090-89db-b08c243e082f","userLoc":{"longitude":127.17027949528489,"latitude":-45.18451357804418}},{"userUuid":"256a6d43-1484-4c0f-a5c0-77568bda763a","userLoc":{"longitude":-97.23899579406766,"latitude":82.26159582194902}},{"userUuid":"cc783e37-d838-4833-a032-c61545be81a5","userLoc":{"longitude":-90.32842843370278,"latitude":-13.077850539689223}},{"userUuid":"0c5e6213-fe1d-4c0d-805c-c02f7c38fb91","userLoc":{"longitude":-48.18708166631373,"latitude":-20.9303203578542}},{"userUuid":"8521e8c4-c978-47aa-b253-09837feb1f71","userLoc":{"longitude":-177.1731350836604,"latitude":55.81738595856686}},{"userUuid":"912002e0-a6b7-4aa1-b145-4de738d250dc","userLoc":{"longitude":-104.20974833062547,"latitude":-50.147703118750215}},{"userUuid":"937c4c46-f1a6-4b68-a7b3-44337e54e09b","userLoc":{"longitude":-94.5154708680115,"latitude":-50.36085388398798}},{"userUuid":"c852b12a-eed3-49a9-9e3e-604f9be4df7a","userLoc":{"longitude":92.53073723364031,"latitude":-53.30446827445557}},{"userUuid":"d42cde6f-97d5-47f6-a560-b2170b25ae8f","userLoc":{"longitude":-175.96942693063363,"latitude":61.157334609913704}},{"userUuid":"d8fc0da0-48b5-4c50-9067-f7cb2b7ec95a","userLoc":{"longitude":-21.443639965253823,"latitude":-55.77995253845815}},{"userUuid":"9cad24c9-e766-4dac-aa6f-66411d0a16cf","userLoc":{"longitude":103.05909783857709,"latitude":-75.98360796560803}},{"userUuid":"fae092aa-f5f0-4c3a-8e67-04bb1d06aa5c","userLoc":{"longitude":-15.3194329344025,"latitude":33.377748188697794}},{"userUuid":"e5f337a5-4d27-44a2-8b9b-83646dabfe78","userLoc":{"longitude":105.86300347665536,"latitude":42.47602151022038}},{"userUuid":"eccdf9e4-d81e-427c-aa41-c128afbbbedf","userLoc":{"longitude":85.21473935450683,"latitude":7.661590804050903}},{"userUuid":"221d1f07-3d3e-4812-9ba8-ce5189e65073","userLoc":{"longitude":-10.339845083928537,"latitude":-60.981234907602456}},{"userUuid":"07dd220d-8bbf-4ce8-845c-0e3620995a81","userLoc":{"longitude":137.63583351122207,"latitude":-43.43218426583139}},{"userUuid":"46323119-e249-46be-9d86-30d1bf3507f9","userLoc":{"longitude":-89.07539409206859,"latitude":-44.31980032714389}},{"userUuid":"7c3d2b19-bc1f-4b58-9557-ad06a9bd6f40","userLoc":{"longitude":145.9965894348502,"latitude":65.981247186849}},{"userUuid":"2d80fd36-97eb-4950-a9b5-d93bd5b1bb95","userLoc":{"longitude":-114.41448378558059,"latitude":75.27366887838775}},{"userUuid":"ddefcb83-59b3-409f-9133-6990b73c2418","userLoc":{"longitude":38.67307558676512,"latitude":-26.518663980153704}},{"userUuid":"fcf57da0-c6a9-4e94-9335-a8cf74a19b92","userLoc":{"longitude":176.38747778929041,"latitude":28.579601261450748}},{"userUuid":"74d2f244-c708-420c-9e1d-2be391f19db2","userLoc":{"longitude":-41.70805735109488,"latitude":19.18448334243118}},{"userUuid":"d3157e93-d53c-4e77-82bc-593ae24df7b6","userLoc":{"longitude":94.43910280957004,"latitude":76.9091879298237}},{"userUuid":"e87c24fd-1377-4c85-b0c8-49840f4cd8c3","userLoc":{"longitude":94.45132188193253,"latitude":-14.4468116989825}},{"userUuid":"a882a053-2c3d-4380-a01c-4dbc94b79ee0","userLoc":{"longitude":82.46727038028814,"latitude":-2.4305595645356277}},{"userUuid":"296cb856-65ba-4e19-8fb2-4686e4321245","userLoc":{"longitude":-106.11059087860775,"latitude":8.936593101937333}},{"userUuid":"7399f27d-ec4a-4ad4-a9ab-5cd49a5e9329","userLoc":{"longitude":-7.976596515013767,"latitude":-31.552317357527542}},{"userUuid":"8b20c0d0-9268-41bd-a33d-c578327ca504","userLoc":{"longitude":-109.5813774040549,"latitude":53.07829975814849}},{"userUuid":"fe6b5d36-cab4-4471-bfae-b97144f289ab","userLoc":{"longitude":-68.99259812931521,"latitude":14.117045232058445}},{"userUuid":"2da36ace-d46d-4f07-9f12-603f3bea311e","userLoc":{"longitude":-53.95910270389321,"latitude":36.48308099257365}},{"userUuid":"f9ab3915-7f1f-4546-8530-c580dca4ae34","userLoc":{"longitude":-163.73928038738808,"latitude":-77.34447323886482}},{"userUuid":"36ef0fd6-77cb-4921-b2fe-1b81bb2654a5","userLoc":{"longitude":75.5887170722664,"latitude":53.99657486600461}},{"userUuid":"2a8bbdc6-b750-43c6-b207-1899d9e53531","userLoc":{"longitude":108.31151162304718,"latitude":-60.569186158244406}},{"userUuid":"45465ae9-5171-4974-b3e9-04fe95259cd0","userLoc":{"longitude":-3.2442295637921745,"latitude":-30.355863982619}},{"userUuid":"4a4f4123-4526-4bf1-af41-48ffd42fd4bd","userLoc":{"longitude":150.42704730857503,"latitude":37.38060579629803}},{"userUuid":"3b246e89-b298-4cee-b325-97f16edc24d4","userLoc":{"longitude":148.3630345639878,"latitude":-73.35938973090757}},{"userUuid":"caef160e-8b58-4471-b70c-82ead699a155","userLoc":{"longitude":133.258511118745,"latitude":41.04329060789989}},{"userUuid":"e511e215-9a04-4f76-940f-20174d21de19","userLoc":{"longitude":-38.85240917353343,"latitude":9.068495529293472}},{"userUuid":"002916d1-3aa6-4186-9eff-505ab7d4339f","userLoc":{"longitude":35.227808106771505,"latitude":-47.52964022974045}},{"userUuid":"4412e19d-915c-40f1-927f-0a08e5a1f59e","userLoc":{"longitude":126.96011515935692,"latitude":77.50434497136092}},{"userUuid":"04807f70-204b-4f1d-bfe9-586ea09b4916","userLoc":{"longitude":120.1824294002995,"latitude":-3.3420967210183363}},{"userUuid":"8ea7c0f8-52c2-4089-aa35-2218d946f53f","userLoc":{"longitude":-40.400628129230114,"latitude":-30.346289949519473}},{"userUuid":"668b0657-0e7c-4600-bb55-994cee550800","userLoc":{"longitude":10.713389796549166,"latitude":76.83586222381487}},{"userUuid":"b22f49c1-182d-41aa-83af-58e5d536e3bb","userLoc":{"longitude":3.1487779196596932,"latitude":-5.128224758865429}},{"userUuid":"bc4e412d-b452-43e5-baad-30b1b3611f94","userLoc":{"longitude":-147.15305388477202,"latitude":-21.733176731300617}},{"userUuid":"6674b641-6c51-4653-834a-25c65c235bb3","userLoc":{"longitude":71.71490131666206,"latitude":81.59756752326467}},{"userUuid":"fb0c0ac1-41dc-46e8-a7f9-24594b952e10","userLoc":{"longitude":-171.43026608732507,"latitude":46.339043321214575}},{"userUuid":"23650d5c-d502-4ac8-80fd-b87fce73a939","userLoc":{"longitude":-130.70758303297168,"latitude":-24.048795480801957}},{"userUuid":"9a8ad123-2610-4b71-9667-f38bccc17b37","userLoc":{"longitude":96.50932671453864,"latitude":-39.874334611016614}},{"userUuid":"6a924411-bea9-4fe4-877c-5be0ee09e65d","userLoc":{"longitude":-87.02673964494507,"latitude":78.93640459429153}},{"userUuid":"431b0229-8f98-495b-bce5-37a95d46a0dc","userLoc":{"longitude":25.56677242696884,"latitude":-52.863651964028094}},{"userUuid":"9c1734a2-cb4a-4388-8c66-893d1319e9c0","userLoc":{"longitude":122.25692114478034,"latitude":82.87367321385537}},{"userUuid":"f7a7fb57-cdd4-4812-8890-94b43e8d44b1","userLoc":{"longitude":155.2808808981594,"latitude":57.2336009237369}},{"userUuid":"7c540225-5f91-464c-9242-117cb911b945","userLoc":{"longitude":132.10596311772122,"latitude":55.30816428152821}},{"userUuid":"c628c388-3655-414a-a8e6-f2e6128285b2","userLoc":{"longitude":-171.04505959130077,"latitude":34.82489243555389}},{"userUuid":"61639f17-d26d-4dad-b0b1-22cfaf5e947b","userLoc":{"longitude":27.729573234401784,"latitude":17.286987460711558}},{"userUuid":"917a485c-bacf-46c0-b262-8e3a8bdb8dd2","userLoc":{"longitude":45.15244323633783,"latitude":-65.19889984859353}},{"userUuid":"742531a9-5ff0-49c1-b879-6c6417dfcd7f","userLoc":{"longitude":-12.452350124678162,"latitude":63.08925552818326}},{"userUuid":"4fcec7f2-d3b3-4fbf-b096-18615075b154","userLoc":{"longitude":127.41892810249794,"latitude":-57.32655089880822}},{"userUuid":"ce7b6409-b4c0-4c6e-86a1-097c0311f6f0","userLoc":{"longitude":62.1869557349107,"latitude":-7.742172821140798}},{"userUuid":"8949263b-99f0-4ca3-b223-97316b2ff8c8","userLoc":{"longitude":103.99812263112682,"latitude":-77.93188425052149}},{"userUuid":"c6416e4f-c43c-4c9e-b678-c1a50a082c3a","userLoc":{"longitude":40.27503570055572,"latitude":30.057929459424287}},{"userUuid":"7ebeeba0-fbb0-48ab-84d5-87c604959e36","userLoc":{"longitude":-97.65084373758336,"latitude":-83.9573558217764}},{"userUuid":"7583ea2e-f634-4346-b9bb-f3f7743e51c9","userLoc":{"longitude":69.03432580824492,"latitude":61.650748595480735}},{"userUuid":"863057b6-37c9-4542-ad57-e4eda936dd5e","userLoc":{"longitude":-87.59585991059036,"latitude":-10.614728209205197}},{"userUuid":"00bc7e91-197b-4ade-b2c2-99a4451826a6","userLoc":{"longitude":-173.17114133731715,"latitude":-32.49811734558708}},{"userUuid":"f49beac8-b000-493c-bb14-308a7a7611ad","userLoc":{"longitude":-138.91724301276088,"latitude":-63.83933224417621}},{"userUuid":"5e1d88d5-c159-42a7-9cce-33eba7b7f671","userLoc":{"longitude":-57.83291849000403,"latitude":69.52250531669875}},{"userUuid":"bf0fe9f0-7759-410f-8a2a-7fe53546571b","userLoc":{"longitude":-11.71974400636762,"latitude":-78.42393732279507}},{"userUuid":"68755bf9-1b2c-47b3-aaf1-71fce300c9db","userLoc":{"longitude":62.03655122335621,"latitude":47.575969158916536}},{"userUuid":"32ffa89c-c0e3-495b-a2eb-1f12310fc660","userLoc":{"longitude":-67.80710454477965,"latitude":-57.87982015318572}},{"userUuid":"838f1cc0-ce52-4852-a993-0a967b0d93fb","userLoc":{"longitude":179.57933963816413,"latitude":37.334932965004015}},{"userUuid":"e043d0e6-8f8d-4be0-b11d-f23b2c181d0d","userLoc":{"longitude":115.52162010850577,"latitude":-20.906126803291016}},{"userUuid":"c5b32e2c-5e2b-47cf-a5c7-c2d424c6ff3c","userLoc":{"longitude":-164.6052323067715,"latitude":19.95973146407765}},{"userUuid":"563c6147-4d03-4e9b-b8a1-9835a5caf975","userLoc":{"longitude":21.99331726375135,"latitude":-48.81336102306555}},{"userUuid":"20762a79-1d52-4c6d-bf60-5e3d0490cb23","userLoc":{"longitude":111.19314122457467,"latitude":10.23148997129637}},{"userUuid":"0e1d109b-ce79-4305-a32f-5cd22d8f2763","userLoc":{"longitude":-155.85239534046042,"latitude":-84.06011136105958}},{"userUuid":"526064e2-4d04-4bdc-a483-90ff36eea2d1","userLoc":{"longitude":-5.523926234093722,"latitude":54.12500419281747}},{"userUuid":"20903e02-96e0-4ae3-9f15-358f284b9fb0","userLoc":{"longitude":-25.217840318435805,"latitude":-50.57195350989432}},{"userUuid":"f331ac0e-2177-4818-90e9-7912d9f19422","userLoc":{"longitude":-20.265345181904337,"latitude":-65.71294900118858}},{"userUuid":"f1753ec0-ee19-40b7-bfd8-196347d49d8f","userLoc":{"longitude":-162.63364599774766,"latitude":54.04933556705953}},{"userUuid":"396f605d-1439-4a1d-bed3-dce5a01765ca","userLoc":{"longitude":40.75432632034091,"latitude":-16.75097097359148}},{"userUuid":"0e5fdaaa-308f-455c-85f5-4a74caa35d68","userLoc":{"longitude":38.74345864264947,"latitude":-39.63149457436114}},{"userUuid":"2e699813-dd78-4e34-83f0-26f69ef83ea9","userLoc":{"longitude":32.252911408909284,"latitude":42.46830402956756}},{"userUuid":"5ad2a82d-5acf-41e2-a03f-73a59af20841","userLoc":{"longitude":130.95967185234014,"latitude":23.727327384903546}},{"userUuid":"66c2a7b6-30d9-406b-88c3-8bfcdaeccb20","userLoc":{"longitude":138.67007916606303,"latitude":-61.56887723751649}},{"userUuid":"ff11ff81-10dc-4120-86fc-9eff217c27bf","userLoc":{"longitude":94.65664763053707,"latitude":2.445875419680405}},{"userUuid":"47e1be9f-b02f-4933-a225-0760e0bc0999","userLoc":{"longitude":168.54388757827326,"latitude":-32.675355419461134}},{"userUuid":"c84516ec-d114-41d5-b8f5-26f1d5c922ad","userLoc":{"longitude":47.642622182283446,"latitude":-77.17116599931255}},{"userUuid":"1c583f7b-8375-4a87-9958-fb732cd62c34","userLoc":{"longitude":129.9645219935514,"latitude":-28.240978481443854}},{"userUuid":"fcb10291-34dc-4dd4-aa51-ae143b55252f","userLoc":{"longitude":-16.17596598491062,"latitude":-45.73116794702475}},{"userUuid":"7b1a998d-f353-4557-85dd-ca8760549cca","userLoc":{"longitude":142.77624508650945,"latitude":70.39159496387481}},{"userUuid":"d7580959-f8c0-4554-a379-ca90dbbd0d6e","userLoc":{"longitude":174.71306501609843,"latitude":-36.50869600453575}},{"userUuid":"daa784c7-86e4-4656-9a55-f1231e652d86","userLoc":{"longitude":10.034004140304404,"latitude":-24.944048990395764}},{"userUuid":"49dc31f8-4bc1-4b43-a62b-84a07e0c419d","userLoc":{"longitude":-141.86442461848262,"latitude":-66.12166319395456}},{"userUuid":"6da6e99b-0d1c-4556-b04d-cef194dabf76","userLoc":{"longitude":41.95842655595993,"latitude":-23.035662043249836}},{"userUuid":"7f211936-6f27-4c2f-a62b-2b768b61c644","userLoc":{"longitude":29.871626300626332,"latitude":9.29203062006441}},{"userUuid":"6f0ecd5b-3ff5-4406-9668-b1982cf94535","userLoc":{"longitude":-173.18559106390347,"latitude":-15.36550583851232}},{"userUuid":"a75e665b-76fd-4303-8e83-0d6f9b909245","userLoc":{"longitude":66.19574645840453,"latitude":63.68400274354394}},{"userUuid":"57bf3d5e-cc31-4d73-8d51-3e6ca74f70a0","userLoc":{"longitude":-104.08814046754516,"latitude":-22.38574544770725}},{"userUuid":"55628206-d821-4394-ba13-55ba5c2e70c3","userLoc":{"longitude":90.13243898516816,"latitude":-44.19842858849576}},{"userUuid":"58ef0851-5d3c-4cfc-b808-7c94ea7fef61","userLoc":{"longitude":-22.962631032573455,"latitude":16.577258301220766}},{"userUuid":"f9ba85d4-17a0-497d-a1dc-cb94119db55e","userLoc":{"longitude":147.8653183256605,"latitude":-29.410503882640718}},{"userUuid":"0e64b1b1-dd58-4544-9c5a-dfbb9ae563fe","userLoc":{"longitude":-136.85962714377484,"latitude":18.89111186346203}},{"userUuid":"23040208-6e61-4cea-ac44-ce618715fd30","userLoc":{"longitude":72.90969858613772,"latitude":22.40940176980574}},{"userUuid":"4f379be7-6e1b-403c-8f25-3247c9e16647","userLoc":{"longitude":160.22046931011243,"latitude":-47.544112785649034}},{"userUuid":"c3ceb459-8377-4b4b-9b3c-f9c556b58d0d","userLoc":{"longitude":-22.293005246519556,"latitude":37.71813096367198}},{"userUuid":"f620671c-2575-4847-9388-4d7ef8331e54","userLoc":{"longitude":169.49624117620368,"latitude":46.521040040170675}},{"userUuid":"2474d05b-811e-4567-94e9-2d1622a731ee","userLoc":{"longitude":24.179480126734376,"latitude":26.861916508651078}},{"userUuid":"0870b7f8-d1ba-4598-969b-508a27165b7c","userLoc":{"longitude":-5.030064284443114,"latitude":67.20134430597383}},{"userUuid":"075cc4f0-ac29-4efc-9611-1097e43b1e84","userLoc":{"longitude":37.05082774689458,"latitude":53.273411848620015}},{"userUuid":"d7d4c6b4-f464-4525-83c9-461e3b1e8ccb","userLoc":{"longitude":125.33512066910816,"latitude":74.19703971739872}},{"userUuid":"60d90b07-39b0-47cf-bbaa-b05a612998d8","userLoc":{"longitude":-65.75437965967896,"latitude":-29.914739858693217}},{"userUuid":"9aebc282-d77f-4e65-a0e0-57ad577997c1","userLoc":{"longitude":-71.25837177294811,"latitude":-2.61697356364121}},{"userUuid":"f4ebb639-33db-434c-b046-869f58b51216","userLoc":{"longitude":-72.23666909865597,"latitude":-38.76914388582049}},{"userUuid":"f0ddd4c7-e6ef-4e97-a1da-09374ff5e5a1","userLoc":{"longitude":87.29745197724412,"latitude":14.477986257919795}},{"userUuid":"1a33f979-1ba3-4e72-8e65-75577bf06b2a","userLoc":{"longitude":-82.3598058055752,"latitude":47.73861491252259}},{"userUuid":"4a481505-f2ac-465c-8a51-c4424b70f36b","userLoc":{"longitude":85.73168394755294,"latitude":2.921624536455653}},{"userUuid":"5c7a6cba-cb75-47df-9bdc-0480bb7af09d","userLoc":{"longitude":-21.17745333379324,"latitude":-41.79550270316981}},{"userUuid":"df36d220-746b-4b68-979e-0e79abade12b","userLoc":{"longitude":-93.69334173340411,"latitude":68.11542458848771}},{"userUuid":"9bf6c16e-02d2-40fa-88cd-1804f25da687","userLoc":{"longitude":-65.66766238757205,"latitude":22.25674061590975}},{"userUuid":"25f65800-1e48-4339-89d3-1551ee5fcc37","userLoc":{"longitude":-152.9800816308056,"latitude":-17.184756265557624}},{"userUuid":"1cdcc57a-1b08-479d-921b-67525ada1938","userLoc":{"longitude":126.56296127641002,"latitude":-6.452522397534111}},{"userUuid":"83268781-547a-4432-874e-13ff7aed9bdc","userLoc":{"longitude":-83.38350253516774,"latitude":-40.223621342098305}},{"userUuid":"09cfe995-2cb6-41af-bd14-2c61976d29db","userLoc":{"longitude":-19.070062389436856,"latitude":-70.93225736478784}},{"userUuid":"88c99818-aae7-4515-96e1-cf5c40ffa1f0","userLoc":{"longitude":26.42575884750272,"latitude":57.49018395990919}},{"userUuid":"f47db64c-425c-48d8-9575-310629638eb4","userLoc":{"longitude":-168.67466994363994,"latitude":-8.963542027816104}},{"userUuid":"488f0650-58ba-4db9-81c9-05b11f43461c","userLoc":{"longitude":169.90205243928705,"latitude":-42.80956897104652}},{"userUuid":"b598a54c-2124-4005-8336-24a91dafd09b","userLoc":{"longitude":149.79810049654014,"latitude":8.760169570732927}},{"userUuid":"baf6e23c-7578-44f4-b19f-68f040d01c29","userLoc":{"longitude":155.66941056952436,"latitude":-19.652306932699105}},{"userUuid":"bb0dbaa7-9448-420e-9970-d5da516cd697","userLoc":{"longitude":59.26111239299689,"latitude":38.48536226887046}},{"userUuid":"8445855d-eb19-453b-8b96-a7e960c3ae25","userLoc":{"longitude":74.71138571040046,"latitude":9.500165719928773}},{"userUuid":"87b3a2f6-f90c-4df1-be67-38a2a1df3de2","userLoc":{"longitude":49.416862636597955,"latitude":-40.358076393998715}},{"userUuid":"18d56707-9871-4944-84c9-7cc90ba3f102","userLoc":{"longitude":-125.56433932614627,"latitude":-22.029698944193363}},{"userUuid":"8d9bfb5e-943e-4c44-95ae-82babb753abb","userLoc":{"longitude":150.45724583014237,"latitude":-38.207524744938176}},{"userUuid":"eeea549c-dad7-4145-be22-edfdd5efeff3","userLoc":{"longitude":-170.62195893609388,"latitude":-82.83579759394495}},{"userUuid":"ad8fddd6-94ed-47ac-a623-d6d5518c3cb4","userLoc":{"longitude":-121.83237908818874,"latitude":-73.7389232242374}},{"userUuid":"1a1c8b6d-59cb-4779-af37-fbeb0bdd7247","userLoc":{"longitude":146.28643843943752,"latitude":3.759291661219777}},{"userUuid":"026b942d-ac2a-46dd-91bb-a3e288bb5fb2","userLoc":{"longitude":-127.05844615922385,"latitude":-68.48052464635006}},{"userUuid":"3e390db4-3ffe-451f-bb59-ef7624282572","userLoc":{"longitude":142.88308206362296,"latitude":-11.187797140352046}},{"userUuid":"3b0e155e-9ed6-4e2b-8b85-dae168e2ee24","userLoc":{"longitude":-170.19857366484595,"latitude":-78.004229515772}},{"userUuid":"74f7a519-d03b-4730-a470-4bb674f86f5a","userLoc":{"longitude":-149.62613998417558,"latitude":-18.331983679528363}},{"userUuid":"42436768-7e2a-46c0-a9f9-23fe6849863a","userLoc":{"longitude":-158.3105670794039,"latitude":-64.46235037361191}},{"userUuid":"0b43f9fe-ff52-490e-bed7-4f4a307b9603","userLoc":{"longitude":-133.093722776707,"latitude":-56.37975254214354}},{"userUuid":"549377f0-22ac-4835-974b-40ec6fff7635","userLoc":{"longitude":-32.2890481313498,"latitude":76.62706505001395}},{"userUuid":"1edd2b5e-36d9-45f5-a98c-fc7f6cad9c30","userLoc":{"longitude":-140.67947781809693,"latitude":-23.769013168251142}},{"userUuid":"4d5f6d55-df00-48c1-b959-e32a86a434f8","userLoc":{"longitude":-41.35415277017049,"latitude":-69.54488112954176}},{"userUuid":"610c0a0e-1571-4779-b2d6-8cbe66f9b2cb","userLoc":{"longitude":-122.89010311788503,"latitude":69.14008738162815}},{"userUuid":"55cc93eb-9d8f-451f-9a76-159471171688","userLoc":{"longitude":-95.1691217980568,"latitude":-4.954321796469941}},{"userUuid":"198789ea-c143-415b-b706-ce4df3f0e9e8","userLoc":{"longitude":155.4598951459468,"latitude":-53.790493470086076}},{"userUuid":"7f02892c-f8bb-4cf3-a739-ec00f55e7ae4","userLoc":{"longitude":-86.97710290986552,"latitude":43.64738880558298}},{"userUuid":"bda6fa43-f148-496c-8fa7-4f68ddd1bf21","userLoc":{"longitude":174.705062487953,"latitude":-7.336347827850517}},{"userUuid":"601069b3-7d71-4cbc-940b-4c6a287a0c08","userLoc":{"longitude":48.28869826933072,"latitude":10.220745260674875}},{"userUuid":"4fb7aac7-7997-4e54-a832-29ce2512e150","userLoc":{"longitude":54.67074794249737,"latitude":38.53775170898852}},{"userUuid":"384eb5e4-d45b-4695-8b47-7deb48606721","userLoc":{"longitude":54.52513490178603,"latitude":-3.1683637904841504}},{"userUuid":"0c29b542-4eba-4795-b905-6d4c32107e82","userLoc":{"longitude":-31.80777744000511,"latitude":16.301688641612387}},{"userUuid":"713c81bc-5f75-4e95-ad73-430c52fa4615","userLoc":{"longitude":-126.82693780630893,"latitude":-37.19263328564639}},{"userUuid":"b4fe1f21-162e-4c72-8e34-e49984d4c6b0","userLoc":{"longitude":-88.90449084060837,"latitude":-26.782028335199065}},{"userUuid":"e6608623-601a-4a62-a3ba-af648a47c4da","userLoc":{"longitude":89.2877431676144,"latitude":8.50511358850045}},{"userUuid":"800ac66e-2e07-4ba8-a196-00794aa727b0","userLoc":{"longitude":170.4126213035775,"latitude":26.5868481782031}},{"userUuid":"c499de9f-3cd7-4935-8c59-aeea6efd12e6","userLoc":{"longitude":-149.4239565495385,"latitude":-53.12102895390282}},{"userUuid":"66deb18e-4929-47e2-a007-75607e4f6bb3","userLoc":{"longitude":83.87755474709297,"latitude":-73.62311380693613}},{"userUuid":"0fde05ce-095f-496e-8ed3-1141d3eca83f","userLoc":{"longitude":143.5536881754199,"latitude":12.292836668599548}},{"userUuid":"11f009ac-657b-4e44-954e-f52e05c369bc","userLoc":{"longitude":31.956436685377923,"latitude":32.4311228950653}},{"userUuid":"45519c14-137c-4891-8655-6503e512fa45","userLoc":{"longitude":76.00763990150108,"latitude":-80.08919110206905}},{"userUuid":"ce4c7d1e-31df-46f1-a14f-75df41f3c78a","userLoc":{"longitude":-20.962139408245434,"latitude":64.94607778828828}},{"userUuid":"499f0519-3022-4aa6-b3ca-d6096fc8746b","userLoc":{"longitude":-152.43642497350066,"latitude":-60.12907533870144}},{"userUuid":"bcbfd091-ebb7-4ac3-8dba-a0b8a6c277f5","userLoc":{"longitude":-61.200396608678076,"latitude":-46.223936960690374}},{"userUuid":"0bfdbac3-f087-491b-a52d-89c483953f01","userLoc":{"longitude":-89.830339429242,"latitude":7.745637117700724}},{"userUuid":"b96fc8a3-cb46-412b-95c6-70ef6bdeac7c","userLoc":{"longitude":-38.880039265796995,"latitude":50.14264719849348}},{"userUuid":"2b8f8790-3c76-4219-8c95-ccf82f36415c","userLoc":{"longitude":142.60996903813583,"latitude":2.8408052729521103}},{"userUuid":"c19d8641-8360-4841-b97b-46986188a7ff","userLoc":{"longitude":29.361951944283817,"latitude":-20.49248043589847}},{"userUuid":"7c05b7b7-2a90-4bd4-9bd5-808b11d28ddf","userLoc":{"longitude":-129.77380176711918,"latitude":7.350941714713343}},{"userUuid":"da941070-48e1-4d2b-9db8-c433e97bd036","userLoc":{"longitude":-88.71824810887335,"latitude":41.397367674059154}},{"userUuid":"eb5d7db3-8271-4e98-bab0-260a0c4ca362","userLoc":{"longitude":-64.08079421344495,"latitude":-11.57464995460191}},{"userUuid":"2ed9358e-3a5d-48e6-883e-10b5575ab52e","userLoc":{"longitude":22.83559483896613,"latitude":27.511972124518422}},{"userUuid":"d8afc517-c155-42aa-99a9-064ed868d34b","userLoc":{"longitude":-157.58296041560004,"latitude":69.62218213636109}},{"userUuid":"720d6c6a-6aec-4b07-b249-73ceffd602ae","userLoc":{"longitude":-176.74300857075858,"latitude":-80.26190899625726}},{"userUuid":"fd9e29a9-95ae-4df6-ba92-2c6a1e9f2c81","userLoc":{"longitude":98.41379057686822,"latitude":71.21231076844347}},{"userUuid":"af177c88-2561-4e77-9503-405197c0035a","userLoc":{"longitude":-170.02662494415029,"latitude":-18.10111184852508}},{"userUuid":"f6ae7783-8d85-46eb-bba7-e3662c6fa8d5","userLoc":{"longitude":-34.14116822921392,"latitude":-22.02213810516671}},{"userUuid":"b5861e76-37f7-41a7-b707-38aa2b738dd8","userLoc":{"longitude":21.20352697500556,"latitude":-45.49805243865327}},{"userUuid":"f88e137d-1f9e-409d-8b07-0439b5b5f822","userLoc":{"longitude":-17.897462241927627,"latitude":74.52087101780006}},{"userUuid":"3fce8c7a-135e-4946-a96c-4eb94b0378cf","userLoc":{"longitude":-63.20766120322931,"latitude":31.100466842565226}},{"userUuid":"6ee7e972-6bf1-43ee-9f83-2b0f6bb07b73","userLoc":{"longitude":168.80389901596004,"latitude":-1.8856056548829656}},{"userUuid":"76b0ba3c-be40-40e0-9709-6164e2b09a63","userLoc":{"longitude":1.9454817571838987,"latitude":63.95806497962462}},{"userUuid":"b9077c9d-c40a-4369-bae5-0c50de2bbfe0","userLoc":{"longitude":-30.516521091161536,"latitude":17.76042581359721}},{"userUuid":"be9160a5-00ee-4738-90c2-16c0c0dfa7d7","userLoc":{"longitude":-1.5549280712586437,"latitude":-39.480917466805636}},{"userUuid":"9267de92-0ac6-4ab2-9de3-349fe6e1bd42","userLoc":{"longitude":17.026004195707856,"latitude":42.596060676728726}},{"userUuid":"619e246a-3361-4f60-bc7d-e93fcb59b489","userLoc":{"longitude":12.144544964040222,"latitude":70.56948326104751}},{"userUuid":"18f63d01-a27f-447a-b585-8ca36e9dea01","userLoc":{"longitude":-131.3134503832639,"latitude":-34.3190915088815}},{"userUuid":"c477cfeb-971d-48f2-88af-7af031b9b347","userLoc":{"longitude":18.188531006437984,"latitude":-11.417027737058064}},{"userUuid":"f4835317-9f39-4085-a059-3faf903a00f2","userLoc":{"longitude":68.11606960158929,"latitude":80.57698253807041}},{"userUuid":"d6e8fe52-949d-42da-878d-23a0310b7115","userLoc":{"longitude":30.451112019547054,"latitude":65.51514628619768}},{"userUuid":"e19e1853-25b4-4cf0-a69f-2d2a87a6a755","userLoc":{"longitude":116.6843617623714,"latitude":-67.32227002071829}},{"userUuid":"96b7045d-270b-452b-90ca-8c2de56aa176","userLoc":{"longitude":-136.29291500212517,"latitude":67.52063802623337}},{"userUuid":"7d6e7924-09ff-49e3-b4bb-6407c81187d7","userLoc":{"longitude":40.500733976306066,"latitude":-49.74200819045609}},{"userUuid":"8ab9595d-a97f-4826-aeea-b94415f1bc75","userLoc":{"longitude":160.03523709437883,"latitude":-63.25675546022801}},{"userUuid":"e8fed868-1f05-44d3-8a78-19002e374a3b","userLoc":{"longitude":121.12140155722358,"latitude":1.2496960850178453}},{"userUuid":"ceea334d-a90f-4f0b-9820-032ac26f9a65","userLoc":{"longitude":27.913331505974156,"latitude":-55.88321888865212}},{"userUuid":"b04b2eb5-7bcf-488c-af3b-a418c488e64d","userLoc":{"longitude":-45.4523929785812,"latitude":-25.646568013828798}},{"userUuid":"a847c50e-da28-44c6-a140-fe9091bdfa43","userLoc":{"longitude":-147.80932656887236,"latitude":71.03619969482614}},{"userUuid":"acfc70d7-0ff3-4e29-ac8d-5a62f2838184","userLoc":{"longitude":5.065575202351766,"latitude":9.041866750266365}},{"userUuid":"5590f26d-12d8-48bb-a2ec-9967ea9820c5","userLoc":{"longitude":20.797919226665954,"latitude":-41.0086933232503}},{"userUuid":"2e2c96b7-5438-4a7f-966b-dfa5368b0df4","userLoc":{"longitude":61.47814057370073,"latitude":-55.3834554771922}},{"userUuid":"5f2f8c4b-833d-4620-98c3-7c1bc110ed99","userLoc":{"longitude":-178.36159294811043,"latitude":-50.5251008783195}},{"userUuid":"013aa7ce-b088-494c-a90b-09438be4ebf8","userLoc":{"longitude":34.567956065659644,"latitude":12.666489332973228}},{"userUuid":"feedeb0f-411f-457b-91ba-53530ce4c1ad","userLoc":{"longitude":108.37448308523011,"latitude":15.062708684310124}},{"userUuid":"05d146db-c432-4b40-9901-80d4b9b47c78","userLoc":{"longitude":55.46296676553797,"latitude":50.718564222663446}},{"userUuid":"bdf82ac8-1281-420d-9360-2ad848708604","userLoc":{"longitude":71.551240295821,"latitude":25.30495758926189}},{"userUuid":"db007478-196b-4e8a-82ac-ee8029dc433a","userLoc":{"longitude":12.367567875217134,"latitude":26.243796874810727}},{"userUuid":"5ffabd6b-3d75-49e3-ac09-451fa6c5d230","userLoc":{"longitude":-69.9527598865687,"latitude":37.400450920568844}},{"userUuid":"8ae0041e-a855-4da2-93c3-6ff3f99fc573","userLoc":{"longitude":-73.18357989741783,"latitude":31.001800198258692}},{"userUuid":"4b042602-4242-4aa7-ac86-c2a76c1f4cc6","userLoc":{"longitude":-78.11844334029654,"latitude":-64.18570745641517}},{"userUuid":"7e124fc6-9abb-4325-9501-55bc35fcbb8d","userLoc":{"longitude":40.914700915972475,"latitude":26.275954749895163}},{"userUuid":"a6f9f521-46f2-44ac-b06a-9bf94878fef2","userLoc":{"longitude":174.6444262736258,"latitude":80.33476507191145}},{"userUuid":"b03c26a4-0209-490b-9d63-b49d25590fed","userLoc":{"longitude":57.92917717383688,"latitude":37.84028344951717}},{"userUuid":"a781b71f-6bd2-45bd-912a-9d98bcde55c3","userLoc":{"longitude":162.3891020290323,"latitude":-71.05841866420174}},{"userUuid":"36da5b05-7003-490a-8f22-d2ab7fd610f3","userLoc":{"longitude":74.87186998514602,"latitude":-25.462799500742165}},{"userUuid":"d36b6366-279b-40e2-8c1d-25acc7f6d7eb","userLoc":{"longitude":-19.587269669621804,"latitude":-59.973155223586986}},{"userUuid":"d1e9cd75-d03e-43b0-98db-eb74744cbb7a","userLoc":{"longitude":-143.14725489536656,"latitude":-68.1703874303524}},{"userUuid":"dadbc531-0ab6-4eec-911f-0abd7cdcdf0d","userLoc":{"longitude":-3.6634922636315537,"latitude":-84.96399814652126}},{"userUuid":"83d96c77-7be1-41c1-a0e4-852f96c17704","userLoc":{"longitude":-105.89808832186577,"latitude":-58.03196691937749}},{"userUuid":"be79c17e-4641-44f6-8354-8c5df52875c6","userLoc":{"longitude":74.1093999432598,"latitude":-52.619693054560855}},{"userUuid":"04e1e501-cc83-4dde-a348-f86915e71ff2","userLoc":{"longitude":154.68587284499353,"latitude":-43.458754344992215}},{"userUuid":"d849c3f6-3a37-4f93-be5e-7fe7c7a51076","userLoc":{"longitude":147.9346224278675,"latitude":-70.55849391928473}},{"userUuid":"3b86e033-232f-4ffe-aba4-4cd5bae362d7","userLoc":{"longitude":-80.6742938821752,"latitude":-19.900840441817564}},{"userUuid":"827a80ea-6f5c-4a2b-9960-784d3513075a","userLoc":{"longitude":-112.26429063523341,"latitude":69.69513290450877}},{"userUuid":"de1aa615-3e64-47bf-bc62-1bd652730120","userLoc":{"longitude":68.92637221646837,"latitude":-59.725335852131096}},{"userUuid":"dcf4c854-5c5b-4215-a592-4b7aac33994d","userLoc":{"longitude":-163.8813587686929,"latitude":-31.474747842608693}},{"userUuid":"30675554-5ee5-4bf2-ba41-e897d2a4044b","userLoc":{"longitude":92.16377087179535,"latitude":31.025957021346457}},{"userUuid":"f76b6c9e-c8dd-4515-bd73-69d7baa564f4","userLoc":{"longitude":-147.74065492691795,"latitude":77.50385713627932}},{"userUuid":"57014cea-6115-4702-b56d-63615c131e8e","userLoc":{"longitude":-12.072012788391163,"latitude":-69.22555664956931}},{"userUuid":"ff6f145a-cabd-4b9d-9668-99f4edea62b6","userLoc":{"longitude":-127.95500737879603,"latitude":11.085754591498045}},{"userUuid":"32725940-7fca-4c7e-b3f4-d12cd5f92bfc","userLoc":{"longitude":-72.8195890634329,"latitude":-35.25494746636755}},{"userUuid":"5ec0a3c6-accd-4b20-acf9-363207f1cfb0","userLoc":{"longitude":-28.66112984588827,"latitude":-1.0089760232109342}},{"userUuid":"2f3d8549-65d0-4107-aa06-48db0d0e901f","userLoc":{"longitude":-20.314643247953995,"latitude":-33.80244094386942}},{"userUuid":"7f2117c1-daca-4e6b-afa5-2e131840909d","userLoc":{"longitude":-156.2067864672429,"latitude":66.47308751866075}},{"userUuid":"5b9843e8-b05f-4c14-a0ca-bb8ff5adf2c8","userLoc":{"longitude":-118.42311223524797,"latitude":-1.9888404550492709}},{"userUuid":"b76ae16d-5d3e-42b9-bacf-c833bbeafc31","userLoc":{"longitude":107.03839045963025,"latitude":-33.17041312385324}},{"userUuid":"463d9b24-e942-4743-a350-45d81753d855","userLoc":{"longitude":115.17427542656935,"latitude":10.667603621167174}},{"userUuid":"18f32e6c-2a53-4e7a-b063-e75dc8dca89f","userLoc":{"longitude":137.05194016753745,"latitude":-49.7500063682665}},{"userUuid":"7293ebcb-b50e-4d85-aa1c-ad6698e0c0b0","userLoc":{"longitude":4.211800081258161,"latitude":-70.67395516583808}},{"userUuid":"a5167d1c-20fd-47c8-a333-e38d0190a39f","userLoc":{"longitude":-131.75577968441144,"latitude":23.73845861410284}},{"userUuid":"c1e6bc83-bab8-4d00-9da1-27e039450a61","userLoc":{"longitude":-12.18948887400083,"latitude":25.10674867077644}},{"userUuid":"fa16a105-0bfd-4f1f-af6f-7dece1841ff5","userLoc":{"longitude":-157.61060162948758,"latitude":-77.39718170794117}},{"userUuid":"9d7bb60d-3508-4c86-a6ea-58c998b44647","userLoc":{"longitude":20.83863343397283,"latitude":-17.244901419476307}},{"userUuid":"fd24e52a-feec-49f4-ae19-23107e0bf845","userLoc":{"longitude":69.21053842868469,"latitude":74.33300459011983}},{"userUuid":"ed8101a1-feaf-4ab2-b541-5f9dcc983269","userLoc":{"longitude":151.3009814512717,"latitude":67.24920388994866}},{"userUuid":"72c94121-0cea-4fac-86e6-9f8b36b61889","userLoc":{"longitude":142.36633789692587,"latitude":-74.59181791625016}},{"userUuid":"730c94b0-f4ff-412f-9908-e917aaebf99d","userLoc":{"longitude":142.0833359030661,"latitude":-11.78525157612961}},{"userUuid":"90a1a8bf-beb2-42f0-b656-e0f1bc1a1ca6","userLoc":{"longitude":-123.62757615490901,"latitude":11.428712083924452}},{"userUuid":"166b1038-36fc-4eac-beae-556ae6c6be15","userLoc":{"longitude":105.59518273614282,"latitude":13.062541178526331}},{"userUuid":"3b9b2a0c-0a64-46fe-8d4c-33236ad4944d","userLoc":{"longitude":165.0466038451063,"latitude":80.87669098376801}},{"userUuid":"8be3fc43-e81b-4154-8ff5-e0029c81a300","userLoc":{"longitude":-1.4756880531361674,"latitude":-85.02672464166154}},{"userUuid":"0652031c-ecb1-4359-9d6b-76cf6a5bae4c","userLoc":{"longitude":-174.1631825100273,"latitude":76.03016922176991}},{"userUuid":"94ece8dd-c24e-498a-aa77-31a5cb04f892","userLoc":{"longitude":-173.5315652381017,"latitude":7.980598766670326}},{"userUuid":"2bbdf063-f927-4096-b612-b231c7d4c5f8","userLoc":{"longitude":-17.842573141848277,"latitude":17.099826127376076}},{"userUuid":"ae1b5f32-e008-4227-a48d-ed367b6f3569","userLoc":{"longitude":23.086865760674527,"latitude":3.6672793896651967}},{"userUuid":"f680b145-d1a2-4b9d-9579-ae4746720bbf","userLoc":{"longitude":74.5942505504089,"latitude":-37.4057383552072}},{"userUuid":"4fe47648-a37c-4760-921b-d60e44373ebc","userLoc":{"longitude":-30.357405512418154,"latitude":-55.79869875560587}},{"userUuid":"cfd7fdaf-e720-4782-92ef-fda206fde3e4","userLoc":{"longitude":-59.188229540735676,"latitude":-14.514513295088207}},{"userUuid":"30200cba-d40c-4296-9a3e-6ebc8f85c27f","userLoc":{"longitude":-94.78405341513783,"latitude":-28.687374303530042}},{"userUuid":"e955d4bc-754f-4938-bcc3-de94848e9ce7","userLoc":{"longitude":96.17234678644593,"latitude":-1.2046195629444156}},{"userUuid":"30667a6a-7a2d-4418-a350-4598f49acc1c","userLoc":{"longitude":102.04384285095205,"latitude":-45.62197211136159}},{"userUuid":"2bc82092-7324-4c90-a676-639d404c7fe3","userLoc":{"longitude":-37.196247516897614,"latitude":-39.05871255943709}},{"userUuid":"53d30cf7-8b2d-4fc3-bcad-d32b4f27320e","userLoc":{"longitude":-159.40693806960806,"latitude":-41.15167800295915}},{"userUuid":"817f7113-37f3-4ec2-a210-a754ac5504b2","userLoc":{"longitude":-28.041029867191924,"latitude":51.08888444151768}},{"userUuid":"36e5574e-385e-42b3-815c-86bf12ba8d12","userLoc":{"longitude":-73.49194825131363,"latitude":-61.12789995016975}},{"userUuid":"68a4b49f-fb23-4b03-8fe8-bb9d46ef8104","userLoc":{"longitude":11.040999165733723,"latitude":66.45157042623953}},{"userUuid":"9d5a2253-9f79-4f64-84e1-9dd595d91954","userLoc":{"longitude":96.98369890649695,"latitude":36.17237834869023}},{"userUuid":"f69c2616-5890-4c69-bb2d-3b1d67cc42ba","userLoc":{"longitude":-176.8419211082135,"latitude":-39.90593881434268}},{"userUuid":"3e5758dc-c39e-414a-8b51-9131134fddda","userLoc":{"longitude":-63.9830825851752,"latitude":80.741362288614}},{"userUuid":"fb6a0eed-49fa-49a5-ad77-02ef3ff081d1","userLoc":{"longitude":-152.7479032411138,"latitude":61.418780210865435}},{"userUuid":"dc5b54ac-9ed3-43f4-bf15-2ba51a2580dd","userLoc":{"longitude":-17.684546985421775,"latitude":40.5456311089351}},{"userUuid":"f7135951-38e3-47b4-94c4-69d243b2e24f","userLoc":{"longitude":118.50443412510992,"latitude":-81.14902063118129}},{"userUuid":"2a0bdfe2-ccf0-464a-a70b-3843d53c3998","userLoc":{"longitude":8.178177247753325,"latitude":-67.38405438946}},{"userUuid":"74b60916-1d94-4c1b-9b3d-7b3bd61bf86b","userLoc":{"longitude":58.28776907586703,"latitude":53.149763182062344}},{"userUuid":"f460aa46-e536-49ac-9f90-5987c0fef793","userLoc":{"longitude":-170.67194348049955,"latitude":-62.243624636148155}},{"userUuid":"27f6f43e-a290-4279-9025-06a9ca45b126","userLoc":{"longitude":-156.5918690799595,"latitude":38.02562082265412}},{"userUuid":"e4a0517b-3ea7-4e92-acb5-774ab5153747","userLoc":{"longitude":97.65663611421843,"latitude":-84.05747442871186}},{"userUuid":"7a338d35-1876-4703-8f8b-8c709017d8d5","userLoc":{"longitude":-119.45680930708815,"latitude":-83.04266722157995}},{"userUuid":"59c97d87-8e13-44f9-ba4d-55d2b36c66b6","userLoc":{"longitude":145.6176478669945,"latitude":-13.116692972003179}},{"userUuid":"d867f512-1bc6-4648-9d00-e55da4142bae","userLoc":{"longitude":8.683614652227135,"latitude":-59.463865124572294}},{"userUuid":"2feaed82-72fe-4183-a913-6dd47ab0dce5","userLoc":{"longitude":135.81530892491782,"latitude":-19.204223044571535}},{"userUuid":"05bed912-0790-41de-a6f3-786ddb99aa7e","userLoc":{"longitude":-146.20403109296092,"latitude":11.42443258801923}},{"userUuid":"9ee96cf9-dc45-4c79-937b-08154a2f7990","userLoc":{"longitude":129.44837157289112,"latitude":64.80045251823478}},{"userUuid":"5a8fc292-92e6-4396-bc68-5083468f4602","userLoc":{"longitude":5.80106654470859,"latitude":-50.545807162004785}},{"userUuid":"0321518e-eb48-4ed8-a4c4-3790559c7404","userLoc":{"longitude":79.04901221451729,"latitude":-20.839872216164053}},{"userUuid":"21363a34-fe1c-4d41-9194-d75b4d0400a5","userLoc":{"longitude":-161.2378679565344,"latitude":17.691172759497277}},{"userUuid":"95b027aa-02c4-444a-b0d2-01fd29be9317","userLoc":{"longitude":4.904606201114888,"latitude":20.226234215019545}},{"userUuid":"abfcd235-94d7-47bb-a0a4-d7c030f5d56c","userLoc":{"longitude":-127.86864901322451,"latitude":76.54263254191312}},{"userUuid":"d9053e41-5e24-4af1-8dde-bfd2ba801957","userLoc":{"longitude":-83.08414257641297,"latitude":-44.07084516416835}},{"userUuid":"578c6789-395c-4e23-8515-de45a3c273a3","userLoc":{"longitude":-68.16951415839912,"latitude":-58.86366613163743}},{"userUuid":"63bda0a1-c287-4e38-a403-2858a509ecb7","userLoc":{"longitude":147.83184595759792,"latitude":-50.69109625389985}},{"userUuid":"0823179c-fd78-44bf-814e-d1e8393b885d","userLoc":{"longitude":140.40855609670984,"latitude":-73.13470875200066}},{"userUuid":"34285526-be60-4e5e-bd0f-67c0ca631182","userLoc":{"longitude":107.74915351695842,"latitude":15.164793452470477}},{"userUuid":"91444dff-b946-435a-bf25-95ada897893e","userLoc":{"longitude":142.5215389834214,"latitude":-10.06699456341994}},{"userUuid":"3d693cf8-a9fe-4e4f-96a0-d3d54c995eb3","userLoc":{"longitude":-88.30932561895384,"latitude":31.05480866542915}},{"userUuid":"9a247238-159e-4dc5-8ef9-98898bb8d961","userLoc":{"longitude":-160.2380729144846,"latitude":28.468408297863306}},{"userUuid":"c9e0623f-1f41-46be-bdbc-fcbe3b1c0975","userLoc":{"longitude":54.94998383291309,"latitude":73.60918736878148}},{"userUuid":"da610336-4eb6-4645-b648-1570d5bdf6e1","userLoc":{"longitude":-50.882262728915464,"latitude":-49.23116348091371}},{"userUuid":"5057facf-c5d6-4213-b202-310be0f7c3b6","userLoc":{"longitude":-88.68633159764441,"latitude":77.3994149852187}},{"userUuid":"1711821a-fe14-42ca-84d1-69a824ec4e75","userLoc":{"longitude":-161.0807982719652,"latitude":-29.01136343818498}},{"userUuid":"aaf8275f-a139-4d30-966a-994faee52ff6","userLoc":{"longitude":-60.43445485727612,"latitude":34.20126985465966}},{"userUuid":"db9d9fd6-b5bf-42d6-9598-f70015b5f983","userLoc":{"longitude":-32.32245363725784,"latitude":-52.55456888447611}},{"userUuid":"be924f59-1c62-479b-8956-9b34e2221d71","userLoc":{"longitude":-8.478379915449722,"latitude":83.6479676721527}},{"userUuid":"a33c0452-a976-414e-99d1-05de74a7a94d","userLoc":{"longitude":163.30437084105142,"latitude":-68.47265089935473}},{"userUuid":"44f62b71-3d1e-4a4a-a817-7901bd45e8ff","userLoc":{"longitude":-32.901219920763424,"latitude":59.78578215446737}},{"userUuid":"56e40cc0-5981-4e05-b52c-3d8120a8596f","userLoc":{"longitude":-5.3450464614204805,"latitude":47.42781470414255}},{"userUuid":"586d0a79-bbd9-4b5b-8e1a-6a4bd00fda28","userLoc":{"longitude":-26.860659244665015,"latitude":61.63829464629754}},{"userUuid":"44ab46c9-47cc-47fd-bb20-8ab276613e40","userLoc":{"longitude":27.11985850451839,"latitude":-79.39881074450022}},{"userUuid":"2bb43933-9066-4ac4-94a8-4f6e64136b4a","userLoc":{"longitude":-56.256865106595,"latitude":-12.478507050962875}},{"userUuid":"72c32bea-d185-466d-9174-c3df3b1c1b60","userLoc":{"longitude":-94.27549492618894,"latitude":-17.794813871287005}},{"userUuid":"baf5be6a-327f-43c3-83bd-67c92e701849","userLoc":{"longitude":176.26261111786835,"latitude":1.8029611253087268}},{"userUuid":"10ee5632-fc75-4153-9f5c-3c107f6d22d8","userLoc":{"longitude":-41.67722046447682,"latitude":31.509612974706712}},{"userUuid":"167718f9-e4ce-4ee1-a488-65f771e673c3","userLoc":{"longitude":33.975900326714026,"latitude":-72.56742219244585}},{"userUuid":"b4676ce6-bec2-4575-8e2c-8f1ca1fcf830","userLoc":{"longitude":-116.93926010755064,"latitude":24.7413204385236}},{"userUuid":"9e361c93-54de-4b68-a92d-60291f9d9412","userLoc":{"longitude":87.56172914330688,"latitude":-51.681679240569814}},{"userUuid":"a4283f20-276a-4127-9648-e9860bd0af2f","userLoc":{"longitude":-177.43676031874838,"latitude":-83.45068814385176}},{"userUuid":"3734d206-8c43-4260-9c7a-2ddec9961046","userLoc":{"longitude":156.76429965131308,"latitude":68.83697839230675}},{"userUuid":"b5d68468-5eb7-4135-857c-9396eeaca72e","userLoc":{"longitude":68.036520508282,"latitude":-62.618624018016234}},{"userUuid":"84bde2e6-a88d-4d5a-8850-18b4ce4cbf56","userLoc":{"longitude":140.15438852871915,"latitude":-68.95971812378522}},{"userUuid":"f838075b-5592-420e-91cc-744a3fb8224d","userLoc":{"longitude":-155.4369161572746,"latitude":64.52692082061446}},{"userUuid":"2dd0c932-10c1-41eb-99c2-30ec69b768ec","userLoc":{"longitude":6.112245322871814,"latitude":54.36797523040667}},{"userUuid":"bc7b8133-2f13-430a-92b0-3a5a5398f87e","userLoc":{"longitude":-127.08985526669059,"latitude":-82.00761981619235}},{"userUuid":"3aeb0864-bdb8-4eb1-81de-127c20a9da34","userLoc":{"longitude":-68.09526909298704,"latitude":-27.54709707359619}},{"userUuid":"b6ad7f69-df04-432c-9ec3-01f7c1a5f191","userLoc":{"longitude":92.41015435071722,"latitude":-28.374794943678744}},{"userUuid":"a3670dad-55f0-4e4b-9857-aa369c470b45","userLoc":{"longitude":168.55106181411787,"latitude":19.204005278516107}},{"userUuid":"5478797e-35ed-4839-892d-ab05f759d589","userLoc":{"longitude":140.79148672818872,"latitude":62.7724412631099}},{"userUuid":"9ef34b96-99e6-4272-b45c-1008ec583a7a","userLoc":{"longitude":33.52548862813592,"latitude":-12.545635651033535}},{"userUuid":"218aa6d2-4cbf-4d65-877a-bb7b91c50ab1","userLoc":{"longitude":-100.79269310898825,"latitude":28.48224302626717}},{"userUuid":"87864b16-7225-43cc-b581-8795872ebd68","userLoc":{"longitude":-163.0478265783547,"latitude":-48.85212192664651}},{"userUuid":"b17a55ad-b30b-4226-9001-a3ba5f731de9","userLoc":{"longitude":103.90101127451896,"latitude":42.08909134050762}},{"userUuid":"5160e1f2-fcb6-4e88-8361-9fb5bc0ee0cd","userLoc":{"longitude":-15.576097896790714,"latitude":10.20227171667618}},{"userUuid":"bcd49775-0d3b-430d-bc22-feb9a9546e9e","userLoc":{"longitude":-150.82176276402663,"latitude":79.1760584538894}},{"userUuid":"53519d79-a2ab-4d6a-9af0-c62e8e2a2861","userLoc":{"longitude":-172.53944187170094,"latitude":72.07980734834283}},{"userUuid":"20d372a4-f810-4d8d-b7a4-8487c4f7e323","userLoc":{"longitude":150.88033964271574,"latitude":-64.20827407961964}},{"userUuid":"a6a3075b-84ee-443c-8d4a-d85a36ae99ec","userLoc":{"longitude":14.908048358100586,"latitude":-48.49313772755491}},{"userUuid":"1f2f4954-e190-416e-b6ff-2692385bf685","userLoc":{"longitude":-62.42525191866805,"latitude":-42.622929509225955}},{"userUuid":"709f96fd-0259-4c35-89d7-a057c9bb8d43","userLoc":{"longitude":-109.59170898194097,"latitude":-35.954445962291835}},{"userUuid":"462fb877-1df1-4bd6-8400-4300b217b65c","userLoc":{"longitude":-146.22110534440824,"latitude":-43.54700458765323}},{"userUuid":"5d878446-cd69-46a2-a40c-025dd1be2c89","userLoc":{"longitude":143.99011146121984,"latitude":70.95084620488169}},{"userUuid":"d0e8c541-2a8d-410b-9c9e-7bbdacc268a6","userLoc":{"longitude":68.52717693981128,"latitude":-17.184408240001886}},{"userUuid":"b3262964-b78a-43c3-97e6-173b658b45b5","userLoc":{"longitude":29.725599500519564,"latitude":-84.17970325759455}},{"userUuid":"13ab7ca3-5325-4574-8ade-246b43c540f9","userLoc":{"longitude":-74.90954444156493,"latitude":-36.04556292626096}},{"userUuid":"9fe8fd2c-89da-4511-bd29-0ce2805aa303","userLoc":{"longitude":-10.571638241607388,"latitude":-21.3178882286156}},{"userUuid":"d6721be0-0346-4770-93f4-de265ada15bd","userLoc":{"longitude":139.6761661940766,"latitude":55.93117655260082}},{"userUuid":"afaa5646-a931-4bbd-92b3-cc4cb8dfdc4c","userLoc":{"longitude":-41.93678496636812,"latitude":18.49868404904764}},{"userUuid":"fefd22f6-f1b7-4e1f-9095-f41f4c486ebe","userLoc":{"longitude":-141.37915883951385,"latitude":-84.24907365171603}},{"userUuid":"77f8d02c-fa5a-467b-acd6-b145d0f1e10d","userLoc":{"longitude":90.09795434894363,"latitude":15.182572274966162}},{"userUuid":"ee50e78c-1c49-41c9-ba64-51b0bcaf6d45","userLoc":{"longitude":173.33480087912312,"latitude":53.856151078203055}},{"userUuid":"f05e4539-f1be-4e40-a76f-8bacf57bd8cd","userLoc":{"longitude":-143.73257315423473,"latitude":-26.475575099333632}},{"userUuid":"7ee7ff2e-f22a-42c3-92f5-3924861970a9","userLoc":{"longitude":-149.5734366681922,"latitude":34.262379890815964}},{"userUuid":"cabfa561-3d62-4366-b1a5-4cbbca3183e3","userLoc":{"longitude":3.841386133515556,"latitude":-85.02103914403601}},{"userUuid":"57d13869-1879-4de3-beee-b75091ec11ee","userLoc":{"longitude":-130.96881693618278,"latitude":6.640914052209524}},{"userUuid":"a4edced1-25e2-46cf-8eaf-7f178aa468ac","userLoc":{"longitude":61.004783960652134,"latitude":-56.6174880958247}},{"userUuid":"c75d169c-9867-4f9a-9a74-39ea7dc592d8","userLoc":{"longitude":48.29909167983632,"latitude":-8.702956780699722}},{"userUuid":"dc52e11a-30fc-42f1-8874-1d29e8c08640","userLoc":{"longitude":-108.97917316509105,"latitude":20.3584410901791}},{"userUuid":"292815ad-9c6f-4704-8de4-82c2e6e764bc","userLoc":{"longitude":157.99439699720097,"latitude":72.88969470146753}},{"userUuid":"736eb4cc-8cfe-4215-8da7-5f65119b268c","userLoc":{"longitude":-24.282433633916213,"latitude":34.97585857923647}},{"userUuid":"46061955-41f9-4f26-bc1c-072bbfba1eaf","userLoc":{"longitude":166.8195342577518,"latitude":40.66629528814997}},{"userUuid":"419d4420-00d0-44e1-bcf1-9ead8e8197f0","userLoc":{"longitude":46.77059765642866,"latitude":84.6183765487306}},{"userUuid":"a2be9914-6586-41ff-a234-275c971e6b22","userLoc":{"longitude":-137.2189681937649,"latitude":35.74980587396131}},{"userUuid":"6b559a0d-8afd-4552-82ac-a00857277d5d","userLoc":{"longitude":-162.80726855032086,"latitude":-40.47492562682061}},{"userUuid":"a52dca2c-d301-4c0c-a3d9-148da8c9eef6","userLoc":{"longitude":27.17683162272803,"latitude":-31.237106855278924}},{"userUuid":"c0cfce54-5103-4482-8130-47c74152810b","userLoc":{"longitude":-134.26299900291093,"latitude":-35.87054092188997}},{"userUuid":"9a448db0-7c3b-413a-ae7c-fbb4181a71b0","userLoc":{"longitude":32.44260332949847,"latitude":46.03316184067867}},{"userUuid":"19234b6c-6460-43bd-9eed-a1ba74d49037","userLoc":{"longitude":90.03547740227731,"latitude":-6.473788476250633}},{"userUuid":"e32e1238-e316-492a-bc15-31fa7787293a","userLoc":{"longitude":-158.50325519105587,"latitude":16.806666732087493}},{"userUuid":"366613a0-d913-4b14-9a75-0ce785162fb9","userLoc":{"longitude":4.758080265933984,"latitude":35.78177473762928}},{"userUuid":"a46aca7b-c902-4af2-855e-9f0969da3690","userLoc":{"longitude":-114.10273895391296,"latitude":9.797590525724672}},{"userUuid":"756463c7-d517-40f8-b036-77515e43585d","userLoc":{"longitude":-42.85937266330487,"latitude":53.6748127670339}},{"userUuid":"0bdc81a5-5571-4422-a1e1-9a7b666ca446","userLoc":{"longitude":-62.04652227887655,"latitude":3.543847991517495}},{"userUuid":"825457e2-01d2-4d5f-9163-0dfceb76d2d2","userLoc":{"longitude":77.53834356090812,"latitude":16.55088698440909}},{"userUuid":"5faf36f9-72cd-45ba-91c7-8799af502cc7","userLoc":{"longitude":69.6477554087434,"latitude":15.011100656867626}},{"userUuid":"c88cb1dc-4b61-4b9d-9372-11764d9a9043","userLoc":{"longitude":49.01819497809794,"latitude":-44.33822893986315}},{"userUuid":"4fae7b5c-56f2-4fb8-83f6-c3fd913b80cb","userLoc":{"longitude":55.260146252641874,"latitude":-36.800943210036216}},{"userUuid":"6cdde0a0-b532-47ba-bb4a-16182f70219c","userLoc":{"longitude":152.89559822654076,"latitude":47.31600454577111}},{"userUuid":"7a4febd1-2390-491d-91ff-bcffeb20b33d","userLoc":{"longitude":8.389711511954829,"latitude":14.747689205702287}},{"userUuid":"2d534d99-b6e5-4ffe-b8d2-6a2671c5185e","userLoc":{"longitude":-7.014425057205585,"latitude":2.273446082511242}},{"userUuid":"a7f76d8d-bdce-407e-99ef-2c82c6744416","userLoc":{"longitude":-83.04359789862995,"latitude":-65.70124550601989}},{"userUuid":"f0a4756d-6a37-4dcd-8a0b-ccfaf9d55748","userLoc":{"longitude":-82.20496419183235,"latitude":-54.66120701849191}},{"userUuid":"b2389839-cc6e-466b-9e66-795309623b9e","userLoc":{"longitude":108.3550198022345,"latitude":-50.66136851406947}},{"userUuid":"2978566e-492d-4e0d-893b-fa66635dbba7","userLoc":{"longitude":-45.347821371751195,"latitude":-6.768479249206379}},{"userUuid":"89b36f61-e2d7-4cf7-a1cd-dcb447c1317d","userLoc":{"longitude":142.90886344454645,"latitude":-38.11423955120116}},{"userUuid":"67b73b72-ec08-4ad5-87d7-207df83fa503","userLoc":{"longitude":176.83466304284474,"latitude":35.669966068457285}},{"userUuid":"ab320127-981f-4430-8349-0fc0100a46c0","userLoc":{"longitude":143.13059926771018,"latitude":68.62324242182277}},{"userUuid":"12b1d5a4-0873-4d9d-955d-791b9afb18c2","userLoc":{"longitude":-23.315872273650854,"latitude":8.88526363234054}},{"userUuid":"2e4b52b7-dce1-46ec-90c1-5e3886d66241","userLoc":{"longitude":127.0585656551284,"latitude":-17.06005158468163}},{"userUuid":"e1f19e41-bfb0-41c3-bd92-393d417bdac5","userLoc":{"longitude":64.38377623424913,"latitude":-65.98643255731578}},{"userUuid":"cc4354a8-eb52-4faa-92db-d49464d722be","userLoc":{"longitude":104.97481022484578,"latitude":-58.91946735168327}},{"userUuid":"f4466e23-4380-4b04-8c33-ccce29b01458","userLoc":{"longitude":59.32204070256623,"latitude":-0.738085521729559}},{"userUuid":"0ba2b5af-4ace-41bd-a19e-cfb75b82a22f","userLoc":{"longitude":-46.71341525289057,"latitude":43.406781694854146}},{"userUuid":"50eba5fa-284d-4071-b420-53f60136a3f1","userLoc":{"longitude":-169.88781582173206,"latitude":16.18106849063517}},{"userUuid":"2ef44345-f8f4-49aa-a1e8-e08085635008","userLoc":{"longitude":107.89920071661953,"latitude":-58.05728145095539}},{"userUuid":"0c07c445-40ee-4d6e-93be-99715a679e92","userLoc":{"longitude":-44.783671324829186,"latitude":58.88989759936541}},{"userUuid":"85575832-0e50-4f71-b97c-222670d9172a","userLoc":{"longitude":27.853750070508596,"latitude":73.6728337868191}},{"userUuid":"c111092c-b358-4e68-9fd6-41481d67234e","userLoc":{"longitude":-132.59476297016658,"latitude":-53.93485325208127}},{"userUuid":"f248b982-3014-4787-9f36-dfaf2e015391","userLoc":{"longitude":-159.7450450764578,"latitude":25.431536332690683}},{"userUuid":"7230f1ed-e4e8-4f38-ae30-0a9f328934a5","userLoc":{"longitude":64.74994554072043,"latitude":13.83669406759482}},{"userUuid":"be3230d5-bae8-4f4d-b650-8fce8ccdabb5","userLoc":{"longitude":137.70778760461013,"latitude":5.657936519588446}},{"userUuid":"d27f4e92-4e7e-4063-8640-40f38bf07145","userLoc":{"longitude":-111.2366988085941,"latitude":-44.03311142283282}},{"userUuid":"7888c91a-9abd-409d-a74d-bf47dd2d4a45","userLoc":{"longitude":161.97667050275032,"latitude":6.873549179807384}},{"userUuid":"945f97eb-1894-4251-89ef-d8716ab16cf4","userLoc":{"longitude":177.8947162208534,"latitude":40.86187909909722}},{"userUuid":"6354836b-bef2-462d-9406-876f0014765b","userLoc":{"longitude":128.5754789663136,"latitude":75.55002089054037}},{"userUuid":"9864cb14-8373-476e-a7da-10fbb31d9f35","userLoc":{"longitude":-96.52733007836484,"latitude":78.97554812519144}},{"userUuid":"c047d2ed-f40d-45f2-be66-590c73218c5b","userLoc":{"longitude":-63.231234502655624,"latitude":-9.159912591051565}},{"userUuid":"a400a38f-a49f-40b7-a180-70fed3eab7ce","userLoc":{"longitude":72.13024204262297,"latitude":73.29319192389264}},{"userUuid":"52cf18c1-0c1e-42f9-b96a-f722e93a42cb","userLoc":{"longitude":-54.59621486997597,"latitude":84.16260584244398}},{"userUuid":"69440dab-3201-4f00-8b86-1b6f2e1db1e9","userLoc":{"longitude":-43.0572206594492,"latitude":-76.8781380384724}},{"userUuid":"efe6a375-32f7-48f3-b8ef-aa11246ededa","userLoc":{"longitude":38.39757361378258,"latitude":-21.052736149338486}},{"userUuid":"199c3f01-9a31-4d15-a23d-7941b94e0d50","userLoc":{"longitude":-49.529720830687125,"latitude":-39.33422215870585}},{"userUuid":"e1524036-2c6c-4614-9240-9e71bff2cc28","userLoc":{"longitude":0.9300175699736428,"latitude":79.8995274991129}},{"userUuid":"05f9a9f4-2318-4ea7-8f60-c0ea1a6667de","userLoc":{"longitude":-95.70859750803719,"latitude":-36.356229446742994}},{"userUuid":"51e94da5-3182-414e-8083-34baf47e5277","userLoc":{"longitude":-17.82472519508437,"latitude":3.748569122317406}},{"userUuid":"0b5f30d5-1dae-4fa8-81f9-9e229bb66ba3","userLoc":{"longitude":58.01161292327353,"latitude":33.82554784996084}},{"userUuid":"6fa2684c-679e-44eb-9994-5062629cba7b","userLoc":{"longitude":107.49055328864478,"latitude":-53.29261753351355}},{"userUuid":"b82aad1f-ceef-448b-bb49-30554fbf8c80","userLoc":{"longitude":152.3936801949617,"latitude":76.63968057326099}},{"userUuid":"6777276e-199a-4a62-a556-97a7919d6560","userLoc":{"longitude":16.61931595977805,"latitude":-15.241443816487262}},{"userUuid":"28868c74-5959-49f9-b37f-9060ba382af1","userLoc":{"longitude":-15.377099452245261,"latitude":-51.25986252589684}},{"userUuid":"5cd632f8-4cd1-476f-afd2-335386c872d6","userLoc":{"longitude":-161.2501066779481,"latitude":-19.54232620662235}},{"userUuid":"653fbde3-4984-41eb-b265-fcb9372568db","userLoc":{"longitude":-69.26734004800933,"latitude":-14.630701723624597}},{"userUuid":"d716c541-6ed1-4e6a-801c-e6c70393d700","userLoc":{"longitude":59.03086777727398,"latitude":7.279492669499774}},{"userUuid":"e7abdf89-1e4d-4ba7-b892-5db28f99ac07","userLoc":{"longitude":-163.21563126897976,"latitude":-18.424492190964358}},{"userUuid":"7d16f05e-34b8-4aa0-91f3-3042df824f40","userLoc":{"longitude":128.32921263342024,"latitude":66.07000339737777}},{"userUuid":"40fa7026-da11-4953-a81e-67b68f770c09","userLoc":{"longitude":115.26576144536028,"latitude":72.2020226431809}},{"userUuid":"c2ae4936-7eb7-4103-b163-71f2134744d9","userLoc":{"longitude":-39.174877644569335,"latitude":-76.00910401177111}},{"userUuid":"5f89612b-5653-4eda-9177-0ba894ed2f42","userLoc":{"longitude":-142.07063799328424,"latitude":10.901514134112915}},{"userUuid":"9908ab56-b87c-414a-bf44-498b751129ff","userLoc":{"longitude":24.008855846896807,"latitude":-69.02955319430369}},{"userUuid":"546668d2-5c45-471b-8c28-2a9024dfb722","userLoc":{"longitude":-14.750339679111079,"latitude":-28.5874074697634}},{"userUuid":"00d4f136-6b59-4bc0-ae13-8fbf74ab0346","userLoc":{"longitude":-96.5814903893625,"latitude":45.382052961830055}},{"userUuid":"b4acdbad-6f21-4cad-98b9-81908d4bd5ee","userLoc":{"longitude":108.14938446423434,"latitude":-75.1277392936913}},{"userUuid":"c51bb909-0c0b-4475-a8fc-f2aaed26890f","userLoc":{"longitude":-58.893400825461384,"latitude":-4.873486933909831}},{"userUuid":"d799c7f5-135a-4cfb-92ea-a1010466bf12","userLoc":{"longitude":-51.01100667320404,"latitude":43.40094201575985}},{"userUuid":"9dfaff57-fce0-47d9-be87-e96dcc3af558","userLoc":{"longitude":153.91183955538423,"latitude":7.675951168991801}},{"userUuid":"514b5634-393e-4dc8-84e6-8aac39f8b527","userLoc":{"longitude":-44.60718712547816,"latitude":-34.75240573807145}},{"userUuid":"72786b6d-e1b2-4bee-a60c-5252ab905ad9","userLoc":{"longitude":81.27815318470505,"latitude":83.37086246811475}},{"userUuid":"07df23b7-eb1c-400d-9fa9-5e61d49757f0","userLoc":{"longitude":163.26667712598203,"latitude":33.50766423427571}},{"userUuid":"c3968ba7-1b04-4b19-9ba9-cde7f658ea11","userLoc":{"longitude":150.96906743378906,"latitude":32.727349611097964}},{"userUuid":"7e863f4d-2ab8-439b-899e-1eb77b70f749","userLoc":{"longitude":111.02080577757022,"latitude":-44.69174964903578}},{"userUuid":"bf75dd26-beb3-4c4e-9c58-dc27ad5779a4","userLoc":{"longitude":-119.20793092981181,"latitude":19.656928736301907}},{"userUuid":"a9b33a57-349e-4460-8e79-2efbc129777e","userLoc":{"longitude":-41.247560598071146,"latitude":67.27627994507046}},{"userUuid":"1384df40-3717-4275-ae46-565936abe58f","userLoc":{"longitude":73.95781673779368,"latitude":-63.40105322005802}},{"userUuid":"b7f8018a-10cc-4cd6-8c70-f01f0e40de0a","userLoc":{"longitude":-58.02257951876419,"latitude":-51.24750674955018}},{"userUuid":"fce39832-3b7d-4567-9d3f-ccb2f8785750","userLoc":{"longitude":-172.94786288099186,"latitude":49.37447349405113}},{"userUuid":"29f52664-ef19-41ea-a917-ac8c03a3fdd7","userLoc":{"longitude":-34.05718810407777,"latitude":30.651710574902836}},{"userUuid":"6fc022e4-ef3f-433b-8270-0476211b6481","userLoc":{"longitude":108.09509086392865,"latitude":-31.870366923171055}},{"userUuid":"e1798ddb-f263-427d-9001-654c03285328","userLoc":{"longitude":-121.35087875710943,"latitude":-69.68926220632959}},{"userUuid":"09ed917c-8b21-42c6-a342-52a340a75998","userLoc":{"longitude":-15.865222132556482,"latitude":-41.17703917420881}},{"userUuid":"76b3cfc7-004a-4db6-8c06-b824c9abf1b9","userLoc":{"longitude":-104.89563400230851,"latitude":72.72729285023809}},{"userUuid":"b603ac18-bc50-4a7f-8797-84cf1913ac4e","userLoc":{"longitude":3.8687127633195644,"latitude":-68.45444768602351}},{"userUuid":"b7c8a6d1-fc5a-4f4a-b8f9-5547ebd3b0c4","userLoc":{"longitude":77.75809069422985,"latitude":45.3026672224598}},{"userUuid":"093949f5-e835-4718-be2c-1b1913e0a85f","userLoc":{"longitude":-133.6745431870746,"latitude":-21.22583852917345}},{"userUuid":"518cdcc2-babc-4184-989a-c07e17434fa3","userLoc":{"longitude":-89.36433646852822,"latitude":-33.88503945008408}},{"userUuid":"a5a67b1b-68f1-4831-b52e-9a42bfbe698d","userLoc":{"longitude":-68.74202500608678,"latitude":54.74103450790065}},{"userUuid":"96392690-1010-4d68-89e9-3b053291af99","userLoc":{"longitude":-151.72444731735314,"latitude":-34.59718417049697}},{"userUuid":"f962fe50-3846-46d0-8691-f9f8b85f10ce","userLoc":{"longitude":32.72910645013104,"latitude":48.4892881772912}},{"userUuid":"4893245a-ea9b-4a90-9ad6-d7579e76aeb1","userLoc":{"longitude":-140.01397001712118,"latitude":80.2390098200404}},{"userUuid":"40ba4ed1-4178-42db-a6a9-0d3de794866b","userLoc":{"longitude":78.710722836826,"latitude":35.39103181105851}},{"userUuid":"65b2d233-9113-4e8f-a659-e11e9dd4e3f4","userLoc":{"longitude":81.55736308503981,"latitude":75.59841733696359}},{"userUuid":"8da0fff2-e56e-418f-8786-e488f503152a","userLoc":{"longitude":114.76146303873998,"latitude":4.267472929232085}},{"userUuid":"5dee659f-62a9-4ddb-9230-54678a26dda4","userLoc":{"longitude":30.84690547565637,"latitude":62.12500940034187}},{"userUuid":"7af76988-d4e2-4c3f-b649-bb3f89ca4ba8","userLoc":{"longitude":-19.287707545968658,"latitude":62.648670658730936}},{"userUuid":"d908aac0-73b2-4eb8-bce2-53de2d4c68ed","userLoc":{"longitude":-11.00795748429087,"latitude":10.238438526566824}},{"userUuid":"87c896d5-6425-42c0-9473-0a8110ff0b07","userLoc":{"longitude":162.56317247333925,"latitude":-85.0481843928575}},{"userUuid":"a7fc4dcc-97c2-4bcb-99f5-a8cf255d2b10","userLoc":{"longitude":61.17717768651545,"latitude":70.87482785239575}},{"userUuid":"bc76caa4-8dd9-4830-a66c-c55fefd4e5b7","userLoc":{"longitude":101.529459328884,"latitude":-11.222991723593339}},{"userUuid":"046a20bc-4cf1-4561-adc8-6e316ab3d687","userLoc":{"longitude":7.8944883478746135,"latitude":0.7302753645875413}},{"userUuid":"705f0354-91ad-430b-a182-facc37879251","userLoc":{"longitude":-58.54813462810074,"latitude":72.81106918980731}},{"userUuid":"145e768f-8972-4656-8682-e631f0b504b0","userLoc":{"longitude":161.01676163951583,"latitude":13.602004427145232}},{"userUuid":"3e658f46-578e-46bd-8af0-84eb7d1651d1","userLoc":{"longitude":36.05186621767987,"latitude":44.846641096333826}},{"userUuid":"d5e34b34-0c8f-495b-ac2b-8eb87cf27aae","userLoc":{"longitude":75.77082541750198,"latitude":76.1202035714532}},{"userUuid":"dc2a2c49-215b-48a7-955c-f8a424f09972","userLoc":{"longitude":179.1115278026591,"latitude":-37.36113646886005}},{"userUuid":"f3fa4a63-fffe-4a5d-a6eb-f62c4b220689","userLoc":{"longitude":42.75221300910337,"latitude":-22.408651935994307}},{"userUuid":"f59196a0-3277-477e-9488-92fd0bf382c2","userLoc":{"longitude":43.832447228553804,"latitude":31.779544186836333}},{"userUuid":"d7b2a493-8ba8-4122-a1db-fd167f7e6b28","userLoc":{"longitude":146.0292897730934,"latitude":-14.888371029823205}},{"userUuid":"67e72803-b6c5-40fc-8782-5a82bbff80e6","userLoc":{"longitude":-135.51651198932547,"latitude":-19.77433908735472}},{"userUuid":"1d6bc021-40c1-46d8-afba-f442ca8ec04e","userLoc":{"longitude":9.7737621487328,"latitude":55.9504530779989}},{"userUuid":"596a7e69-5c86-4936-b211-18fd27cf15f7","userLoc":{"longitude":-127.35181963046122,"latitude":-32.4426609747335}},{"userUuid":"92f2bef5-03b8-46d1-a192-df51e6f36146","userLoc":{"longitude":14.005962916127771,"latitude":6.538359949120846}},{"userUuid":"f23eb3a4-450b-485a-a42a-b8e70c2e7a48","userLoc":{"longitude":-105.97949376740925,"latitude":-71.57776839896984}},{"userUuid":"dc64502a-8cba-4c74-a334-b1b312264210","userLoc":{"longitude":-158.0351719499923,"latitude":-44.42493475305565}},{"userUuid":"814b6314-f0b3-474b-8069-1085410e9826","userLoc":{"longitude":159.66544899995392,"latitude":50.04358516686324}},{"userUuid":"5358f537-fcab-4285-b3c0-95199ee263e0","userLoc":{"longitude":6.385583895890022,"latitude":45.63927645525649}},{"userUuid":"061f0e1c-aadb-485a-9e45-65d82c58678f","userLoc":{"longitude":-42.85897411395115,"latitude":-25.830809270454907}},{"userUuid":"2db72306-fd58-4ff8-9780-911cf52fc57d","userLoc":{"longitude":-36.48667972714554,"latitude":-56.19491184517268}},{"userUuid":"d8c409b9-0c7d-47fb-9e38-427d5b69dabd","userLoc":{"longitude":-61.704477231331296,"latitude":-40.58864975096072}},{"userUuid":"b1a3f2c8-6dcb-4bf6-a6df-68f990720b05","userLoc":{"longitude":-20.138686929357306,"latitude":-65.47288944714163}},{"userUuid":"998781a3-4662-45fb-ad57-c3f607fa508f","userLoc":{"longitude":-109.16299699389596,"latitude":14.623677881905735}},{"userUuid":"262629c8-7797-43bb-8619-9e0ec14b31ed","userLoc":{"longitude":-113.0444011743372,"latitude":-64.72765734676099}},{"userUuid":"1f7f85c6-0918-42b0-b02a-61ffed8f3880","userLoc":{"longitude":56.32293433317827,"latitude":48.83341466002}},{"userUuid":"b0bbb7b2-6faa-40f2-ac55-d723b3e75b12","userLoc":{"longitude":32.624373984515614,"latitude":-67.96301734780499}},{"userUuid":"a3eb371a-654f-4c3c-9447-e0c28f192915","userLoc":{"longitude":33.923571041280354,"latitude":37.29241166951151}},{"userUuid":"9528d26a-8304-4fea-a23b-098e0a3769fd","userLoc":{"longitude":-46.31329845201674,"latitude":44.46382718617204}},{"userUuid":"746659ca-107c-494b-908d-e692b4044ff2","userLoc":{"longitude":-61.84145473088289,"latitude":4.991792572372333}},{"userUuid":"6fb59af5-c02e-42db-a604-ab1583b234ab","userLoc":{"longitude":67.99060787666741,"latitude":-42.004630146088225}},{"userUuid":"1997e028-1a97-4d4a-8a72-2844274248ed","userLoc":{"longitude":77.33898490215631,"latitude":14.783707171530779}},{"userUuid":"9fe64052-3f67-4e1b-84c2-7d55a667e45e","userLoc":{"longitude":-82.60243014769759,"latitude":-1.1327907118512286}},{"userUuid":"24bf20f2-5fbd-4fb2-b6d1-b5a3ec0bc9ca","userLoc":{"longitude":-10.016450728219098,"latitude":60.2125063973599}},{"userUuid":"8a84619b-7be6-45ae-9303-4988dc349db2","userLoc":{"longitude":-20.55898836370335,"latitude":48.89020120530037}},{"userUuid":"030963bb-1d13-4d45-88dc-aeeaa2bf11a3","userLoc":{"longitude":-177.8966930797334,"latitude":41.756485959254576}},{"userUuid":"7108af28-5a91-4dca-a54c-abf6876c1e15","userLoc":{"longitude":-140.50420746251461,"latitude":46.24855162678301}},{"userUuid":"202b8fb9-70d6-44e9-b451-2877f13eabd7","userLoc":{"longitude":154.99576033896108,"latitude":-73.05450725374622}},{"userUuid":"1edfc96e-059b-406c-823a-2014c46ef705","userLoc":{"longitude":127.85290483933346,"latitude":17.661222157933366}},{"userUuid":"78d228f4-97e0-486f-8891-96fb110fd88d","userLoc":{"longitude":-41.50999076660068,"latitude":72.42956659026507}},{"userUuid":"d3ef6809-05ee-4803-a8cc-e798fb821bb7","userLoc":{"longitude":150.62656974243725,"latitude":-55.87493354851638}},{"userUuid":"be683ecb-af6e-49fd-847c-da073d6d8e39","userLoc":{"longitude":178.09777696892104,"latitude":33.08803518222638}},{"userUuid":"c985b58d-9538-44f6-af0e-c9c286b2943e","userLoc":{"longitude":31.985370346884395,"latitude":-39.82799547904818}},{"userUuid":"4be3f400-629f-4d2f-b828-60cb2e75c78b","userLoc":{"longitude":23.544621005649418,"latitude":-46.10184815247986}},{"userUuid":"614bc3ed-5c99-49e0-aaa7-bcb6721b76af","userLoc":{"longitude":160.94019120465464,"latitude":56.437083217856895}},{"userUuid":"0e72c1e4-327c-4e41-a879-33811fe92f69","userLoc":{"longitude":59.06529365746957,"latitude":-60.977822418565715}},{"userUuid":"f2841199-8049-4219-8340-2376d99d5bd4","userLoc":{"longitude":138.00280504379413,"latitude":-4.607804555625464}},{"userUuid":"bd06a10a-4c8b-41ba-9d8d-ce565a0af28e","userLoc":{"longitude":-61.680968281366006,"latitude":75.91965776271317}},{"userUuid":"a87f6a59-6433-4c50-b20a-3324bfc923e3","userLoc":{"longitude":174.88405344876554,"latitude":-55.40574229283234}},{"userUuid":"c3573e6d-4602-4207-8c02-01905364302a","userLoc":{"longitude":-145.94150463515655,"latitude":-33.29783416054495}},{"userUuid":"933ca36c-e9c7-4051-a296-693c1713cf20","userLoc":{"longitude":-32.67006085651039,"latitude":-77.34375877734934}},{"userUuid":"4cd855c8-a1e6-4e34-bfd4-84042326fdab","userLoc":{"longitude":-18.25142913808085,"latitude":61.81901399810803}},{"userUuid":"4528ecfb-a803-45e2-97f2-b7aa706aae4a","userLoc":{"longitude":112.50020797459968,"latitude":-39.18191621118938}},{"userUuid":"3be650a0-aa2e-4947-b434-be1394fcd6aa","userLoc":{"longitude":-14.161960646922182,"latitude":58.53711617259256}},{"userUuid":"68bfcffa-e67e-4ce1-a515-ee1b9e65beab","userLoc":{"longitude":138.81349502295768,"latitude":-59.98315539519159}},{"userUuid":"0f4cd3ea-a962-4191-aa10-b80b378ce807","userLoc":{"longitude":-53.42827683213983,"latitude":55.82830762168362}},{"userUuid":"8da225eb-6d68-4fde-a3bd-5e7ec4d93501","userLoc":{"longitude":-56.058065729453745,"latitude":-67.12242964528389}},{"userUuid":"4aa9c47b-4d70-4761-9f5c-be21634bc024","userLoc":{"longitude":106.06410506737615,"latitude":27.23411799134672}},{"userUuid":"4b3a57e5-7914-4fb0-b8fb-f60eef6498d8","userLoc":{"longitude":31.582866549494184,"latitude":-81.5610155411939}},{"userUuid":"8569c5e1-b312-44c3-805a-420749017cc9","userLoc":{"longitude":108.58583959986737,"latitude":64.70929383061386}},{"userUuid":"3bff9ab1-519d-4dda-8952-9d8f0ead6541","userLoc":{"longitude":-94.99906717713787,"latitude":-64.92299405316166}},{"userUuid":"2d73ac53-385f-4a7a-ac78-a7b5d85603aa","userLoc":{"longitude":-54.79645415652905,"latitude":-21.042323365966055}},{"userUuid":"96504b31-14c7-4e55-84a2-c49a29c6894c","userLoc":{"longitude":-161.16717686656386,"latitude":-25.301949201303664}},{"userUuid":"46cc61a3-e9e1-4aa1-baea-35135f9c5952","userLoc":{"longitude":17.540587275968903,"latitude":75.55661490710904}},{"userUuid":"4e4724c5-59aa-43e4-a126-9fae72a86195","userLoc":{"longitude":-76.0102520145374,"latitude":-21.994856376448325}},{"userUuid":"a9542648-67be-4666-9f27-e2626e600e98","userLoc":{"longitude":47.48368816933851,"latitude":81.7831741271622}},{"userUuid":"7bf0f9fb-e7b3-46f2-a84c-470592a94ed5","userLoc":{"longitude":37.58148295735771,"latitude":-27.222530269072458}},{"userUuid":"1e5bd246-06e9-42ac-8f9f-9a529a9ea8e1","userLoc":{"longitude":-140.09785867482827,"latitude":2.6196088209334505}},{"userUuid":"c425b8cb-4fbe-4ae9-8b63-c1331fc8056c","userLoc":{"longitude":-44.5820048933511,"latitude":-59.54216710456187}},{"userUuid":"9a3b7ef8-4071-47f7-bcf5-9b3eadb37027","userLoc":{"longitude":45.44051789648671,"latitude":-61.09943976737047}},{"userUuid":"a03405ae-699a-4f24-ae7a-cc9dbe703b04","userLoc":{"longitude":141.15614986057528,"latitude":29.690642103338078}},{"userUuid":"76775603-c307-44fa-b27b-cbc05914412d","userLoc":{"longitude":-10.98654003771685,"latitude":30.040882536637838}},{"userUuid":"f96504ef-1bd4-4b77-8ce8-30d573c41846","userLoc":{"longitude":-85.7214802419922,"latitude":0.5632913987422228}},{"userUuid":"6834b62c-955e-4c54-98d2-2ae75983484d","userLoc":{"longitude":-71.43495002157196,"latitude":41.105982981453394}},{"userUuid":"025dbf6e-4354-4583-8982-7dc0b449d8e3","userLoc":{"longitude":-84.86154483139566,"latitude":-84.43335646753755}},{"userUuid":"8ab69c55-9fa7-4ec1-adfa-e0de6ce95658","userLoc":{"longitude":-83.1355613147191,"latitude":-34.73562672915235}},{"userUuid":"88b70849-a80a-4462-b57b-29115173be99","userLoc":{"longitude":72.80746040840444,"latitude":76.27502616617909}},{"userUuid":"7337b76b-f547-4d07-8153-4e900173faa2","userLoc":{"longitude":179.08947245997769,"latitude":-43.03896341055429}},{"userUuid":"03267f72-c4be-4325-8d9c-64f3f18ed900","userLoc":{"longitude":68.87335425667419,"latitude":39.659735752936925}},{"userUuid":"32804ba3-7653-4036-bc6c-06cf7c9cacaa","userLoc":{"longitude":57.519438858379914,"latitude":30.454970224716007}},{"userUuid":"c46ce979-5923-4059-b7ca-407962b96b4e","userLoc":{"longitude":-59.872405750794954,"latitude":72.28841919383845}},{"userUuid":"61ed2f73-62f6-405c-bce3-58970943f4bc","userLoc":{"longitude":83.30562287456434,"latitude":-75.72203977543022}},{"userUuid":"6d236481-22df-406a-aec1-a3534ca4d49e","userLoc":{"longitude":-164.13802472151121,"latitude":75.66597880015595}},{"userUuid":"3f806414-e64d-4d80-8dd5-3d7c22e501ed","userLoc":{"longitude":-14.10126609082215,"latitude":6.116323782062011}},{"userUuid":"8d45321e-331a-4cb5-9366-1e776dc0907a","userLoc":{"longitude":-146.9618887720906,"latitude":21.65837415225792}},{"userUuid":"bfc5b638-1d67-4732-8a98-b55a2a1eb406","userLoc":{"longitude":118.7133093551825,"latitude":14.894139692924028}},{"userUuid":"da8568de-48c3-443d-b468-3f73808c1ab2","userLoc":{"longitude":39.361696314101636,"latitude":70.07937396076721}},{"userUuid":"32706c7e-bfcd-456f-9808-8d9ba0318bd4","userLoc":{"longitude":152.91114497017304,"latitude":-21.292723644129524}},{"userUuid":"84358f4f-b28f-4ca5-8613-798f4c95b3a2","userLoc":{"longitude":94.68087894231473,"latitude":13.480577598439595}},{"userUuid":"f31137b1-42c2-4196-94b3-ed5a364278ef","userLoc":{"longitude":-88.502761467393,"latitude":-2.593164445887652}},{"userUuid":"88d8e8c8-fec7-450c-aa2c-93e81e70a1b6","userLoc":{"longitude":-52.57659683584602,"latitude":-39.3733475076198}},{"userUuid":"bff73faa-f5a0-4bcf-91fc-a72e868cdd72","userLoc":{"longitude":113.37199171620989,"latitude":-17.02748242428092}},{"userUuid":"07675b70-eef6-4fa1-a30b-a3a69beab6e2","userLoc":{"longitude":95.44727047621507,"latitude":80.23337163993901}},{"userUuid":"83a169df-bdf0-4875-b4c4-de4d1d89fd94","userLoc":{"longitude":84.65253179938748,"latitude":-39.65470262016996}},{"userUuid":"59b8be1f-2985-4015-b498-aee6cf766915","userLoc":{"longitude":-59.50798256635211,"latitude":54.88874975335301}},{"userUuid":"c84670c7-5b1c-4ba4-9b4d-9a93c28323be","userLoc":{"longitude":-133.91117185462363,"latitude":25.47736491218626}},{"userUuid":"c8835a3e-4e4e-4328-a8d3-8ca8c0d7f5b8","userLoc":{"longitude":-14.21114835227911,"latitude":-29.27367284682142}},{"userUuid":"3b24e73b-b1b1-4137-baf3-3046215ebfad","userLoc":{"longitude":-9.67159037756511,"latitude":-21.390408747329886}},{"userUuid":"58b06d1d-83a6-4300-854a-792c985ca913","userLoc":{"longitude":-70.68776443468917,"latitude":-2.6693221648170464}},{"userUuid":"d934a6be-5ac3-4bf1-9b45-17448ab7eba5","userLoc":{"longitude":112.22107445872564,"latitude":76.69616098635902}},{"userUuid":"87c8049d-21ce-4cb4-8085-3bfc4276646e","userLoc":{"longitude":167.7381833709361,"latitude":15.93388799910906}},{"userUuid":"4353c8e9-3b7e-4735-ab33-da29df5c37e2","userLoc":{"longitude":21.49921615317635,"latitude":20.37953087711601}},{"userUuid":"bb022fef-2bf1-41d7-bc0f-dc41f13ec133","userLoc":{"longitude":128.97707417338285,"latitude":-9.507605242321034}},{"userUuid":"ee7384ef-b815-4193-8013-dca3a2594e5b","userLoc":{"longitude":-112.0236791436639,"latitude":66.09795594924111}},{"userUuid":"f6de5379-0884-4583-a4a1-d06e03ee9b47","userLoc":{"longitude":171.99075900635853,"latitude":-56.76286316802404}},{"userUuid":"1291b6b8-201b-4a76-890a-0d1422738b12","userLoc":{"longitude":-134.07306656755793,"latitude":-50.915540495459275}},{"userUuid":"020c5d0c-224f-45e7-96c4-e2174a94fc07","userLoc":{"longitude":-145.66252402553778,"latitude":40.934592713698706}},{"userUuid":"879babf8-6ed9-4f11-977f-96acd817cff2","userLoc":{"longitude":-136.45436268852592,"latitude":-78.6747623068351}},{"userUuid":"5f331617-bd98-4e09-b2f0-d1b6258d5eaf","userLoc":{"longitude":-146.68269065294695,"latitude":-55.55982543474639}},{"userUuid":"cd887964-520e-4a23-b5bd-bdbb009560da","userLoc":{"longitude":131.0321825183941,"latitude":-40.03593493282668}},{"userUuid":"6df99e12-37b4-4e53-a702-a438fecd51df","userLoc":{"longitude":-60.918390781702286,"latitude":-51.32401923018892}},{"userUuid":"06dbe82b-220a-4fb1-8982-bd34ada8363f","userLoc":{"longitude":-103.42970446996745,"latitude":-32.46687651880188}},{"userUuid":"06ca762f-c271-4440-b0d1-b0358cfdc62d","userLoc":{"longitude":118.26710269281057,"latitude":-44.56149576565658}},{"userUuid":"d6a79832-2cc9-4ac8-a6b9-6306f6d24259","userLoc":{"longitude":-155.46559488181367,"latitude":21.65460674940823}},{"userUuid":"d5f49741-0a2f-4640-a263-b6e151f59a92","userLoc":{"longitude":177.42556002578868,"latitude":22.715380493324773}},{"userUuid":"9201ab91-84b2-41c8-8dfd-d2cc2f3c0ae4","userLoc":{"longitude":-71.16952831161507,"latitude":14.18029348917824}},{"userUuid":"112b9f1a-8cfc-4791-9670-84aaddfdaa7f","userLoc":{"longitude":128.4113850057223,"latitude":49.18478998111482}},{"userUuid":"bae35819-39f3-4275-bf0b-92353e2820e6","userLoc":{"longitude":60.31765625252589,"latitude":51.24687115533811}},{"userUuid":"093fd122-3772-4610-b956-f0f555cbc4e2","userLoc":{"longitude":58.8280869909255,"latitude":7.662872443135328}},{"userUuid":"2284782c-d885-4f52-9199-50db6c24a60b","userLoc":{"longitude":146.59643251877344,"latitude":12.999089331399162}},{"userUuid":"307b6e16-8c79-4a30-b8a7-d1611e0feb31","userLoc":{"longitude":117.81624378810517,"latitude":-77.25163847858599}},{"userUuid":"4c75e18a-533a-4d48-b3e4-2ec8783c18ce","userLoc":{"longitude":141.82977739359154,"latitude":25.736145634518863}},{"userUuid":"2924ca2b-ed2e-4bbe-93e4-fe1c692663be","userLoc":{"longitude":-35.54640327937312,"latitude":-18.017521323256247}},{"userUuid":"e93b4a09-2c24-4c07-8338-80477a800033","userLoc":{"longitude":-93.20055146527986,"latitude":-25.57934768546987}},{"userUuid":"c8548805-533e-4e5f-8cb6-fe09f8f574a6","userLoc":{"longitude":99.11136918007736,"latitude":-76.46531903288256}},{"userUuid":"9c5e076c-144c-4c62-b1d9-4af49dcf5e61","userLoc":{"longitude":-6.548525124260578,"latitude":-81.20124544846566}},{"userUuid":"0a118eca-2d92-4df1-873d-56c59d2b3ecd","userLoc":{"longitude":10.288251207636705,"latitude":-79.72627762934749}},{"userUuid":"9f4a41dc-d246-4d0a-a270-729a0cf4d4af","userLoc":{"longitude":-112.32466504525135,"latitude":12.253159757268946}},{"userUuid":"681d1f47-3db1-4d9b-b7f4-f3ffb834a42b","userLoc":{"longitude":3.4909517838464694,"latitude":69.99830670340029}},{"userUuid":"a3dfa346-747e-412d-a133-398969ffa4b4","userLoc":{"longitude":78.23467161160903,"latitude":-50.24444819085709}},{"userUuid":"543a5397-3372-423d-b54b-c6c44a157179","userLoc":{"longitude":-12.952727627279302,"latitude":65.61837895901093}},{"userUuid":"213468d2-1fee-41d6-bea3-691a757886d6","userLoc":{"longitude":174.73339159023368,"latitude":78.56459429661348}},{"userUuid":"61bc6318-88f8-4bfb-a1eb-c1158bc0dbe5","userLoc":{"longitude":31.004179963834304,"latitude":-12.28218525366124}},{"userUuid":"eaa9312e-03a7-42c4-b127-98c2d8d98c20","userLoc":{"longitude":-150.5682145494391,"latitude":24.75993523125635}},{"userUuid":"f954c910-46c8-42fc-8ad9-124ac06e6baa","userLoc":{"longitude":55.645718338944846,"latitude":31.03313236274444}},{"userUuid":"13033a16-ff1a-49d0-a1ca-c4ef68370125","userLoc":{"longitude":91.50216781417339,"latitude":83.91598610199514}},{"userUuid":"b5ba720e-ce69-47f3-9c8f-0a39068eee2d","userLoc":{"longitude":-22.241643817681876,"latitude":62.46063724777579}},{"userUuid":"ac1dc91d-18c6-4150-8323-5a5f6cb02e9c","userLoc":{"longitude":-8.73297950205918,"latitude":-57.95577383321151}},{"userUuid":"17b7122b-1dcc-41a3-b8e4-6a9a29e66525","userLoc":{"longitude":173.17397895716886,"latitude":-83.33533104836566}},{"userUuid":"59dbee65-d697-47e7-8869-c965db8a38ed","userLoc":{"longitude":128.34490741848577,"latitude":63.96104390277037}},{"userUuid":"8a8761dd-cdc8-45cb-b679-4b4e2f6b4a1e","userLoc":{"longitude":-13.641409561356,"latitude":-69.52822661131079}},{"userUuid":"7423e7dd-4507-46dd-ad7d-0eaec1136b40","userLoc":{"longitude":132.9111501384039,"latitude":-57.982513144124745}},{"userUuid":"5c30bc89-1f7f-46cd-b900-21f8d8990bb6","userLoc":{"longitude":148.90314083203094,"latitude":-68.83698155468115}},{"userUuid":"55c586e7-0859-411a-a801-0947f3968d08","userLoc":{"longitude":-174.4135446196364,"latitude":56.10483662561518}},{"userUuid":"91e443f8-0c57-4038-a4e4-645236becccf","userLoc":{"longitude":81.20840252951842,"latitude":31.827693378893002}},{"userUuid":"0ca7e3df-68a6-43b3-a653-4720b8374515","userLoc":{"longitude":-117.25248072322407,"latitude":-2.952414174575594}},{"userUuid":"60918098-bc30-4032-aee0-fbd932891505","userLoc":{"longitude":134.75572869364004,"latitude":-59.84409062835846}},{"userUuid":"495eb81d-7f7d-4d6f-829c-5b3bfc3317cc","userLoc":{"longitude":-25.931732659606155,"latitude":-68.80090713839122}},{"userUuid":"4bbf88a4-145e-49e7-8e59-c85efbf62b92","userLoc":{"longitude":31.106510658445075,"latitude":34.18633089198816}},{"userUuid":"aa4bb66a-aebf-4b99-abac-a06ab5e09ca0","userLoc":{"longitude":105.09969141340207,"latitude":-39.91032698078114}},{"userUuid":"a00c4400-85ea-45ff-aa0e-1fcaa6c1674a","userLoc":{"longitude":-161.40831402379922,"latitude":3.199621229599444}},{"userUuid":"98cb486e-e2e5-4077-9f60-4efe7ce0f68d","userLoc":{"longitude":-78.7998700530586,"latitude":-73.56016153379173}},{"userUuid":"77aa40d0-50f5-4c0b-a9ab-9f95b38772aa","userLoc":{"longitude":-166.74392326990449,"latitude":-30.045717429841275}},{"userUuid":"34ed4584-a709-42da-8c83-bcd9d7fb9d61","userLoc":{"longitude":56.827727800776984,"latitude":0.7947365500016446}},{"userUuid":"78c3f1ae-cfe1-43bb-b68d-049c20d1b7b9","userLoc":{"longitude":83.47465156587816,"latitude":83.38280452108461}},{"userUuid":"1b8d1c77-9605-43ed-a630-6ef842dcefbf","userLoc":{"longitude":156.25226318274883,"latitude":-15.628220600964795}},{"userUuid":"7bf59ab6-b6e8-46e3-a0d8-c331fe14ecb7","userLoc":{"longitude":-18.96180811165698,"latitude":59.96599074280431}},{"userUuid":"50b20b0c-04fe-4b21-93b0-2598f06e189f","userLoc":{"longitude":-92.25983135772128,"latitude":28.215750843214778}},{"userUuid":"cc044e72-96f9-4ce3-9e5e-31ed77f50378","userLoc":{"longitude":-114.6744743574154,"latitude":21.20495827204381}},{"userUuid":"0232a56f-d52b-4870-9dea-2931db26d978","userLoc":{"longitude":34.450525988810625,"latitude":77.6160837578108}},{"userUuid":"dfac88fc-2b45-40f9-9f5d-746c4c14abb2","userLoc":{"longitude":-145.6310466089643,"latitude":24.101016601131306}},{"userUuid":"8a359641-8ebe-4794-ba3c-20598d65e386","userLoc":{"longitude":73.72190071991727,"latitude":-45.029101444344796}},{"userUuid":"d664c79a-c99b-4361-8b11-2051570e6e7a","userLoc":{"longitude":-102.02923639375608,"latitude":51.60496888031034}},{"userUuid":"01bb9067-302a-43fc-ab4c-aa6c0d9c9764","userLoc":{"longitude":-134.98979883277798,"latitude":64.76488806687124}},{"userUuid":"e7fe5bd3-8bcf-4eab-8bac-877d3dfd5128","userLoc":{"longitude":-14.211721061171431,"latitude":78.04861412785041}},{"userUuid":"ec2a564d-d807-4229-8797-ea927d8902d2","userLoc":{"longitude":23.71022520742136,"latitude":9.343564073837953}},{"userUuid":"e0f8cd3b-6461-410e-8d12-a8ddf956fdee","userLoc":{"longitude":26.179356713237382,"latitude":-64.74815287919586}},{"userUuid":"dfaa325e-0b3d-4946-9e94-42f7dd008062","userLoc":{"longitude":-38.68409101459909,"latitude":61.384560350204}},{"userUuid":"d0dda72e-4f66-46a7-904c-c2185b6c908c","userLoc":{"longitude":68.28024909210734,"latitude":16.543636732910613}},{"userUuid":"5542378d-5191-43b1-8afc-ffd3345c7dde","userLoc":{"longitude":-123.0146161032675,"latitude":26.833066730471344}},{"userUuid":"80656058-b0d0-4e03-b651-06dffda4555d","userLoc":{"longitude":-158.2232000601872,"latitude":52.61552326287941}},{"userUuid":"54a37283-9aa5-42bd-a6fe-fc95620873a3","userLoc":{"longitude":-131.92198675578726,"latitude":-21.862957147682728}},{"userUuid":"69401418-623c-4720-88d9-402390305388","userLoc":{"longitude":-16.600859897524373,"latitude":43.51137798172306}},{"userUuid":"7a87460d-3000-462d-a224-24ed1c774c44","userLoc":{"longitude":5.41071439991876,"latitude":-17.441627612741783}},{"userUuid":"3f5b5320-438f-47d7-acd5-33c0aba2b0e8","userLoc":{"longitude":148.4558716619856,"latitude":-36.798405589744334}},{"userUuid":"4f019a1f-a66f-4c08-bce6-2341950d8417","userLoc":{"longitude":-103.41693491290877,"latitude":84.25712675034106}},{"userUuid":"34c06126-b83e-4b91-b729-01657e36fd6c","userLoc":{"longitude":-43.271539759626165,"latitude":81.25857463844787}},{"userUuid":"d4d13662-652e-4584-8ee0-5059437e0cc9","userLoc":{"longitude":-47.848966652025666,"latitude":13.494348516073273}},{"userUuid":"37265ca2-d217-4003-9f01-f9f8f4bfd6ea","userLoc":{"longitude":37.71101676540127,"latitude":-53.92805322645535}},{"userUuid":"a8c19cdd-d311-4b6d-b7f6-b9778f1b499e","userLoc":{"longitude":11.90402326217611,"latitude":0.9709929374765096}},{"userUuid":"40c21dfb-980e-4093-9824-6a378fc47667","userLoc":{"longitude":-125.95981268840654,"latitude":35.94194247619862}},{"userUuid":"6351fcfb-fe74-41cc-a7f7-a654c32a7ec6","userLoc":{"longitude":67.22935422319708,"latitude":-18.455224399733126}},{"userUuid":"072e6b40-7ab5-4e48-a3ec-415f9d617eea","userLoc":{"longitude":-91.52757457663492,"latitude":-20.31444935745475}},{"userUuid":"35e9f6fc-8f1f-4dfb-a81a-795ebb3f8f37","userLoc":{"longitude":37.06053018187981,"latitude":-13.182643677684311}},{"userUuid":"d1c62a0d-5a5d-4ad6-871b-16d09823acee","userLoc":{"longitude":35.033779334679565,"latitude":45.84055486956058}},{"userUuid":"85b98ada-dff7-49c4-ac8d-431abb903926","userLoc":{"longitude":-59.15599062885971,"latitude":69.29046619966672}},{"userUuid":"264f228f-1dd6-4d91-8bd0-04b5605cf02a","userLoc":{"longitude":129.75399786635523,"latitude":-32.27076918486759}},{"userUuid":"aa4c47df-157f-45cf-944e-6e0c368d68da","userLoc":{"longitude":-133.37975449314422,"latitude":66.41791763404308}},{"userUuid":"6ecfc19c-f97a-47cb-b159-d3aa8ffbb42b","userLoc":{"longitude":-94.7713927286556,"latitude":27.924586845034284}},{"userUuid":"d1bfa4bc-1be7-4a83-a6e6-d7b9d02a78f4","userLoc":{"longitude":-168.46609128559933,"latitude":49.2864371773629}},{"userUuid":"99a113fb-74c5-464a-8b14-88e99789fe5b","userLoc":{"longitude":150.18234050856717,"latitude":-22.452105801052454}},{"userUuid":"560d2c67-e300-4254-9f3b-7750710dfcd0","userLoc":{"longitude":156.72578541000388,"latitude":-29.61527507176777}},{"userUuid":"e1cabe70-92c8-4e44-beac-a75205a1201c","userLoc":{"longitude":52.503370176597656,"latitude":74.02507499725758}},{"userUuid":"a8a0976c-b235-4767-a026-9628ee8d4b53","userLoc":{"longitude":5.454897151130552,"latitude":37.91048323997093}},{"userUuid":"96a49871-3ebe-4428-918c-c262c950d47f","userLoc":{"longitude":-147.7144383165252,"latitude":-75.4743610270875}},{"userUuid":"e9ac7e19-edc0-4075-9872-fb2753bea6e6","userLoc":{"longitude":139.38822514364273,"latitude":-38.817380434819896}},{"userUuid":"40429a47-b2d3-4d96-9b9f-b87fa4141075","userLoc":{"longitude":24.254794152004763,"latitude":-16.730519144182495}},{"userUuid":"a96a53e1-22e4-47f7-a325-f1485fb22e73","userLoc":{"longitude":-26.912603365089467,"latitude":84.26911444032629}},{"userUuid":"b1c3d8c4-6f19-4871-a3bd-0a2581288931","userLoc":{"longitude":-179.88064683126464,"latitude":31.470222943924753}},{"userUuid":"67e8cbbe-23c0-45c5-92c7-1ebf943dcab9","userLoc":{"longitude":-156.3632006991041,"latitude":58.37298396095838}},{"userUuid":"99dc77ad-6ca4-4624-a32e-72df1f9a26c3","userLoc":{"longitude":83.77454607571042,"latitude":76.83941031681653}},{"userUuid":"a93476f0-cac5-4250-af18-b18d8118ce48","userLoc":{"longitude":162.1390146558341,"latitude":-15.455815857225758}},{"userUuid":"60928665-9dc9-4308-b101-a510db9284b2","userLoc":{"longitude":-93.22345987468475,"latitude":32.67744334021609}},{"userUuid":"17803ca2-219e-4e69-aeb8-bec84f416ebb","userLoc":{"longitude":131.87071874954745,"latitude":-69.30027410288344}},{"userUuid":"f2daab16-eee4-4a7c-b7e5-0f8a2170fb70","userLoc":{"longitude":-170.59587564675903,"latitude":-13.935887311586143}},{"userUuid":"eafae444-bc8c-4461-8c62-24ed7012f226","userLoc":{"longitude":156.67138133292855,"latitude":56.52168954550257}},{"userUuid":"5e2626a8-5133-46ef-a07f-3a059e7d21de","userLoc":{"longitude":-130.75756315894552,"latitude":-75.47172780403147}},{"userUuid":"a2be9e09-b7e8-4a49-b23c-aa39d4d44b25","userLoc":{"longitude":-146.68540310171906,"latitude":38.846394473287845}},{"userUuid":"59fe1b2a-360a-4b0c-90c2-ca8c4263dd9e","userLoc":{"longitude":-2.7211505736873676,"latitude":45.09046402616619}},{"userUuid":"d1a84874-5662-4c70-8d62-3cc5fe98571a","userLoc":{"longitude":45.59361837828979,"latitude":-7.250933804923491}},{"userUuid":"2f65b19f-e6c7-4424-9db4-c2afa7c7c1f3","userLoc":{"longitude":139.55967081666006,"latitude":-33.4436897215605}},{"userUuid":"5eecc0e7-7876-43b9-b848-b9191b34d8ca","userLoc":{"longitude":124.84605166677107,"latitude":35.168810020785855}},{"userUuid":"d4f404da-509a-455b-9426-94d4f5c90665","userLoc":{"longitude":87.19199630299863,"latitude":51.62351920720218}},{"userUuid":"475361da-e79a-400b-bce3-2ce7e7c9ab77","userLoc":{"longitude":30.861951464422305,"latitude":50.216987800495474}},{"userUuid":"71d79197-0901-41e9-be3f-ff3a2c0728f0","userLoc":{"longitude":-166.82504932340137,"latitude":5.854095913977503}},{"userUuid":"164a9285-f8d8-4029-8427-1738ed151fdc","userLoc":{"longitude":165.8394186007214,"latitude":-44.59022298988594}},{"userUuid":"442a17ce-f856-4f16-bc4b-05bc9e310fe2","userLoc":{"longitude":168.33174776971015,"latitude":44.40921924062408}},{"userUuid":"90ab51f5-a602-4507-9eb0-8c3b070dbdc1","userLoc":{"longitude":130.79670003042924,"latitude":-48.72595462345511}},{"userUuid":"83b39316-a0d4-4916-87c0-e3df9aeecd14","userLoc":{"longitude":142.6343947577248,"latitude":-5.208562389880996}},{"userUuid":"a334fe2b-cb91-4247-84ec-67f74a5a6c24","userLoc":{"longitude":-39.22007919870225,"latitude":-58.55187107659211}},{"userUuid":"55c46b94-fa5e-443d-a081-e24d3cbf51cc","userLoc":{"longitude":-57.40608900442649,"latitude":52.55757379426828}},{"userUuid":"4b3badcf-2d06-4ec4-acc8-5525943eed65","userLoc":{"longitude":-39.321188850957355,"latitude":34.318189234623986}},{"userUuid":"21985262-7924-449c-82fb-3ad917b0932d","userLoc":{"longitude":8.687853869314182,"latitude":-61.21170891702211}},{"userUuid":"431391ea-28b9-45c7-b153-cafcc3fede55","userLoc":{"longitude":166.2212435696917,"latitude":50.66722414676241}},{"userUuid":"b0f366ca-c891-4046-86f9-4a418f54250d","userLoc":{"longitude":-153.30575116304854,"latitude":-25.559655607752063}},{"userUuid":"21d136cc-348b-47b9-97b4-6baf1d1baabf","userLoc":{"longitude":54.87821607918184,"latitude":-31.980261225727467}},{"userUuid":"e1453105-b47d-4c65-9aac-365b476cb34c","userLoc":{"longitude":144.45326206224718,"latitude":-33.29596108429327}},{"userUuid":"dce581af-e09a-46ac-8a9f-51024b170fb4","userLoc":{"longitude":-65.8029036817961,"latitude":39.15199011957529}},{"userUuid":"6018f68a-c45a-49b8-bef1-87e0e4110776","userLoc":{"longitude":160.13258909303175,"latitude":-64.0313978254272}},{"userUuid":"49cb528b-f468-463c-837a-51ded21584aa","userLoc":{"longitude":148.27484736784515,"latitude":-58.97304943267452}},{"userUuid":"be1d2e33-a7fa-482b-9fa3-f635342331b9","userLoc":{"longitude":151.60014996434967,"latitude":-59.0069570744423}},{"userUuid":"5d1a2998-4890-4350-93bd-4da0d3589ecf","userLoc":{"longitude":-88.956748557763,"latitude":48.78030851122452}},{"userUuid":"6bb23ae4-111c-4bac-ab11-1298ccebbe99","userLoc":{"longitude":41.78346061607746,"latitude":-71.14929419197156}},{"userUuid":"d9034002-be40-49ca-8e8b-046d4e2ed837","userLoc":{"longitude":-94.75582017665309,"latitude":36.966396739021334}},{"userUuid":"9a81a1d5-d081-4435-a9d7-792de66a13b2","userLoc":{"longitude":151.34930793420614,"latitude":-12.680746752724104}},{"userUuid":"6e0cadc8-6bc8-492b-bdaa-b6d0005402d0","userLoc":{"longitude":133.81955550286858,"latitude":-26.516269629896335}},{"userUuid":"3ea1c5af-5815-4aad-b510-93f85e7339bb","userLoc":{"longitude":-122.2753090200141,"latitude":-77.92549782715341}},{"userUuid":"d6526da9-5d02-4e23-839e-7ceb8d21a93e","userLoc":{"longitude":-74.12304726778983,"latitude":23.72302983166219}},{"userUuid":"ebc5a6e1-2547-4d27-a4c6-2432264a5c7b","userLoc":{"longitude":16.729216353146086,"latitude":-43.63132139342608}},{"userUuid":"0c49f018-6a23-4460-bdbe-0d02c26d6878","userLoc":{"longitude":-117.35230694380843,"latitude":51.35572512280143}},{"userUuid":"4fe87097-9d7e-4cc3-8fb3-090699874fe2","userLoc":{"longitude":-38.548083931250574,"latitude":-26.514182597987883}},{"userUuid":"aa494ed2-d28f-406a-9d4c-df005fb1214e","userLoc":{"longitude":136.65258890970784,"latitude":-76.83860997706338}},{"userUuid":"db58193b-b178-497f-a165-3183ccfcee4d","userLoc":{"longitude":-43.13753351130245,"latitude":73.47651530771569}},{"userUuid":"000955d1-6e7f-4b4d-b320-e2ecb31692bf","userLoc":{"longitude":-61.83754683475779,"latitude":59.58632757250689}},{"userUuid":"d0ffd2ce-653d-4149-8bb3-f31d13e41334","userLoc":{"longitude":-139.5653153682086,"latitude":0.1429042344174718}},{"userUuid":"afedeaad-4a1b-4110-a1e0-c02584bc276d","userLoc":{"longitude":114.52829081990205,"latitude":-48.06570460254172}},{"userUuid":"e7fd9a57-6ef4-4c75-af68-68f3f3123161","userLoc":{"longitude":-94.05388413782713,"latitude":-74.96079233498415}},{"userUuid":"b88aa91f-11fa-4dc0-ab7d-50958cd50103","userLoc":{"longitude":133.34191263860072,"latitude":-15.552881179045144}},{"userUuid":"09aa235f-4172-4363-b50e-45630a7be0e2","userLoc":{"longitude":-133.28565922764534,"latitude":57.2520619492513}},{"userUuid":"bad1efe7-4281-428f-8e21-fc5b1a8e27b2","userLoc":{"longitude":142.43478530245022,"latitude":-30.055206383644}},{"userUuid":"31e97679-db85-44cd-9c36-a5716c29146c","userLoc":{"longitude":-68.44672767670585,"latitude":71.56827880616879}},{"userUuid":"7e1e3db4-9d62-498d-b08b-e46ae6778c0f","userLoc":{"longitude":31.7642301080742,"latitude":57.016517065535595}},{"userUuid":"a7e3f263-a11c-41cb-b97c-8f9d65ff46c7","userLoc":{"longitude":31.70735173091657,"latitude":-3.2697717508742414}},{"userUuid":"5c1716cd-364a-4b33-a6e9-e6674c35a165","userLoc":{"longitude":4.709661512777757,"latitude":-25.306723053885037}},{"userUuid":"ceff7b4c-4675-439c-a32e-ec679d406795","userLoc":{"longitude":101.42129942286903,"latitude":-2.8319204288586377}},{"userUuid":"7aa98e88-aaff-4c43-a785-3b09dd6e558e","userLoc":{"longitude":-65.70843245714782,"latitude":-7.999705638183556}},{"userUuid":"f67e2e4a-76aa-43b8-8804-589f4bcc72d7","userLoc":{"longitude":21.429490440006532,"latitude":-57.636867220995825}},{"userUuid":"df77a99d-2a92-4e84-95af-4690eea46d96","userLoc":{"longitude":-123.12014494274811,"latitude":15.309796537030877}},{"userUuid":"1dad598c-7bbe-42bd-a1b8-dd83fbf265d6","userLoc":{"longitude":-61.01372619260695,"latitude":-42.07372568307894}},{"userUuid":"f48f9fb9-a056-41a0-b195-9234d0c024aa","userLoc":{"longitude":-60.908886101584045,"latitude":-60.98277522727474}},{"userUuid":"3ab0bc84-d2e3-421c-a902-e26a9e4971c8","userLoc":{"longitude":-37.638214030281915,"latitude":30.264451945316196}},{"userUuid":"00243d3a-9456-4e67-bc83-e5516541867d","userLoc":{"longitude":128.11487283171402,"latitude":-4.998263643487306}},{"userUuid":"34c08917-9b20-4113-8fd8-579d95936d40","userLoc":{"longitude":146.36125416423255,"latitude":-53.37905533858531}},{"userUuid":"a5f4c5af-6e50-4865-b5ce-c0608be5c22f","userLoc":{"longitude":91.1724677866016,"latitude":-10.592890208272436}},{"userUuid":"08a1d82b-9563-4350-9195-891e8de8cd84","userLoc":{"longitude":-170.61160954079284,"latitude":61.68669641489865}},{"userUuid":"733f57d3-9e92-4048-b300-a5e04602b0b5","userLoc":{"longitude":-58.63137255234062,"latitude":69.95715036265676}},{"userUuid":"b7a1d682-1a36-42c6-b3c0-77765bce3d4a","userLoc":{"longitude":65.50575729886833,"latitude":-51.13001576910467}},{"userUuid":"3c2b1c9a-77e6-44c2-8585-1c389efa600a","userLoc":{"longitude":-49.3217926565228,"latitude":17.07001254569181}},{"userUuid":"cff79896-ab34-44f2-a29a-e119beeed4ed","userLoc":{"longitude":101.33920186314441,"latitude":65.09738309637714}},{"userUuid":"83da6aca-205e-404f-8d36-4a323aa90b45","userLoc":{"longitude":121.55218405631132,"latitude":-50.24762310636923}},{"userUuid":"0c44fea1-9cf9-462d-8a61-2f2226b1f1e6","userLoc":{"longitude":145.22694300626569,"latitude":-1.3844655570117652}},{"userUuid":"8283831c-d10d-41b5-95b6-52305d15b150","userLoc":{"longitude":15.566869212437126,"latitude":-35.109278507627735}},{"userUuid":"015457cf-7a55-4134-bb27-01740a635263","userLoc":{"longitude":146.21386485994032,"latitude":-17.465416826736927}},{"userUuid":"1b82a816-9a8d-4686-aaa8-c3ce6a0c91b1","userLoc":{"longitude":103.94283952318716,"latitude":25.5073338950761}},{"userUuid":"a04a8164-270a-4249-8e74-21fdf98253c2","userLoc":{"longitude":-29.676101297222147,"latitude":81.11597044282016}},{"userUuid":"62cdb007-11d3-4ea0-83d2-552180fb847b","userLoc":{"longitude":83.26117253722731,"latitude":-32.260325920746624}},{"userUuid":"46257daa-2121-4719-9c5b-0ecee56967af","userLoc":{"longitude":-84.77227750381729,"latitude":-43.254724427773894}},{"userUuid":"c7f009c9-e0ab-4e59-8a4e-8b1b34e3f0a4","userLoc":{"longitude":150.55200759859383,"latitude":51.74662705954222}},{"userUuid":"db983e9d-d444-47ba-8e31-d2b9d766a34b","userLoc":{"longitude":-22.386965180721006,"latitude":-79.76469321297276}},{"userUuid":"1605bca9-e28c-4783-a482-7214e4d3a769","userLoc":{"longitude":-64.75121725787723,"latitude":41.43070685810612}},{"userUuid":"845faa65-4021-4cb4-83d7-3faf5b99c23d","userLoc":{"longitude":-80.83350699906394,"latitude":79.40158423845935}},{"userUuid":"aae0eb78-5775-432c-b77d-918519ed39d3","userLoc":{"longitude":-160.8357785198528,"latitude":-20.157930144385972}},{"userUuid":"711290fa-79ea-4204-8102-819c31ae36b8","userLoc":{"longitude":34.68991223292625,"latitude":48.14765411239108}},{"userUuid":"2fdd659f-f0c7-4ee1-913f-366256fb8107","userLoc":{"longitude":-43.340299393637764,"latitude":46.089286369414395}},{"userUuid":"2a683d95-fb37-41e9-9a8b-d2c617e2c968","userLoc":{"longitude":65.78941201313586,"latitude":-11.204711004654257}},{"userUuid":"b43421b4-1e50-458d-9dde-3805e7808cab","userLoc":{"longitude":-54.86108533307062,"latitude":-36.057344266965124}},{"userUuid":"ed7366d5-2e30-42d0-b2de-5c4898287f90","userLoc":{"longitude":-76.53128506211416,"latitude":-34.6330990330719}},{"userUuid":"b1fdc841-5f8b-46b5-8d92-bfe6be966562","userLoc":{"longitude":6.204602885162615,"latitude":12.488946273624393}},{"userUuid":"5d4cfc41-dd15-4bf4-95e7-5bd59a09e0c0","userLoc":{"longitude":119.25810725171209,"latitude":3.823057206954431}},{"userUuid":"a2f433a9-d91e-47af-9c54-fe4708846f5c","userLoc":{"longitude":-166.17777339804672,"latitude":17.66919950392338}},{"userUuid":"d112b10c-66ab-4a2f-ac65-09ef4277eda7","userLoc":{"longitude":63.841065034332416,"latitude":-11.053458453208108}},{"userUuid":"c74fb2c7-5457-4256-a943-f90628c54435","userLoc":{"longitude":-92.54006851844757,"latitude":31.622874492292226}},{"userUuid":"4097bb8a-b18f-4be0-bd05-2db12aa4711e","userLoc":{"longitude":-21.27864496510736,"latitude":31.57572437326273}},{"userUuid":"b5f166dc-9090-488f-bc33-d53e4f19b430","userLoc":{"longitude":-117.62310028230017,"latitude":22.262684223762392}},{"userUuid":"e5696e49-f145-4a79-a46f-0867404481c3","userLoc":{"longitude":66.58764889024823,"latitude":-81.73471911754822}},{"userUuid":"da8c7f2e-fde7-47c5-bd54-a715b9356d1b","userLoc":{"longitude":0.2703283810107564,"latitude":-56.16817180962357}},{"userUuid":"2490858b-8daa-435c-89e4-26486e083596","userLoc":{"longitude":15.983424836770723,"latitude":-79.34843037260934}},{"userUuid":"69a2cf99-c7ed-41a7-97eb-2ada5a9b2357","userLoc":{"longitude":151.8081552493988,"latitude":-69.96397119481026}},{"userUuid":"2dc111c3-3763-4495-88aa-928ad6b7a9eb","userLoc":{"longitude":26.864209154650524,"latitude":-64.58783249540423}},{"userUuid":"0c2127fd-f369-41a0-b8a1-1478b885d952","userLoc":{"longitude":-76.17113695229659,"latitude":65.20849853272426}},{"userUuid":"1eabd90e-dda8-40ad-b0d7-4cea21e6eb0a","userLoc":{"longitude":-128.59168793616857,"latitude":-70.39994365621538}},{"userUuid":"4eb8a8ff-27aa-4768-9207-b79837fefd01","userLoc":{"longitude":-47.579692301761696,"latitude":70.39195553088183}},{"userUuid":"901fb12a-705d-4b01-87ef-e61b77cff20c","userLoc":{"longitude":132.95159551902594,"latitude":17.93907220681335}},{"userUuid":"dead9fd2-0a95-4da5-ae01-ea26639fe3eb","userLoc":{"longitude":97.90726174502231,"latitude":76.96411599732417}},{"userUuid":"3cf1ca0b-b09d-47d5-9af2-f1d59384827c","userLoc":{"longitude":-76.84207753206981,"latitude":60.172218156567624}},{"userUuid":"4b8aa21f-281d-4cb5-8ba8-3cea9f1536cd","userLoc":{"longitude":81.53504341799612,"latitude":10.554781585211174}},{"userUuid":"8d1ef3b6-a319-46a2-bf62-dbad3a598c08","userLoc":{"longitude":132.85225303405093,"latitude":-60.52274657552863}},{"userUuid":"5d593d95-87a1-45b0-b5d6-4138f88e3370","userLoc":{"longitude":-107.7863630239295,"latitude":-62.721744954003405}},{"userUuid":"9ed305ba-4834-440a-bb3c-a1907484caad","userLoc":{"longitude":-112.38477547738883,"latitude":-27.4906575362224}},{"userUuid":"93dd383d-e53c-4853-8505-1a79b4f9e2a1","userLoc":{"longitude":156.43385459721588,"latitude":-75.03208473660352}},{"userUuid":"e5fa49df-93c5-415a-8c94-0a53e4d963a6","userLoc":{"longitude":-61.85851582136296,"latitude":-84.36981415835692}},{"userUuid":"895d5f6a-178a-489a-b9b7-1f00eff88452","userLoc":{"longitude":-111.65924282719224,"latitude":12.370185132900858}},{"userUuid":"7437d8e7-e3f4-477a-a5ed-27594b0b0bdd","userLoc":{"longitude":-97.23750448606593,"latitude":49.33337068294492}},{"userUuid":"c98c80f2-3f7a-4668-87e5-93bf24ece399","userLoc":{"longitude":-159.19374400657804,"latitude":-32.72375603436412}},{"userUuid":"43756b61-3df2-4757-b97e-be6ef88c1441","userLoc":{"longitude":16.638093675690726,"latitude":-83.04914392736144}},{"userUuid":"fd6b2117-0b9d-4f42-a1fb-9ee5615d6d3c","userLoc":{"longitude":95.24430697291228,"latitude":-28.827835895721478}},{"userUuid":"f38ab5a9-959b-42c9-ac13-4d9f4b908376","userLoc":{"longitude":50.389442054929106,"latitude":-10.941752609644354}},{"userUuid":"3361c84c-3cdb-4be1-bb59-803d85d2c3da","userLoc":{"longitude":-132.70789257473254,"latitude":83.31050128968502}},{"userUuid":"f8704fde-2970-4be5-9f3c-2d19ae2b9def","userLoc":{"longitude":-26.417532288903402,"latitude":-19.613692987436266}},{"userUuid":"c61fdcf2-f7fb-47b3-bc1a-e397f9ad775a","userLoc":{"longitude":7.875991815974288,"latitude":15.785666192597176}},{"userUuid":"ff92a098-3592-47d6-87c1-61dfc1f03fcc","userLoc":{"longitude":96.17694013546918,"latitude":-15.610069799762528}},{"userUuid":"80f00a42-6ec7-4459-a449-5757010c3800","userLoc":{"longitude":-60.82914463555696,"latitude":-12.35859146444443}},{"userUuid":"7793906c-1c27-480c-af9b-f76c70427097","userLoc":{"longitude":8.213996783442838,"latitude":9.249109250090342}},{"userUuid":"c012a5f8-2d41-42b8-a877-0c4fd84d87f8","userLoc":{"longitude":82.03982716085955,"latitude":-41.97780451820693}},{"userUuid":"9f67c189-4a85-43a2-bd06-18035f07ddf6","userLoc":{"longitude":49.847390404974846,"latitude":-61.265415870398535}},{"userUuid":"085f40a5-c93d-4587-919a-2eb3d311f9a2","userLoc":{"longitude":-73.51485678257636,"latitude":-61.8964038246591}},{"userUuid":"2f074d46-71e5-43db-b3ff-79f1c256df67","userLoc":{"longitude":106.65801528179838,"latitude":73.04193229038589}},{"userUuid":"c12ca1b8-ff1b-498f-b98d-b90cfd527d06","userLoc":{"longitude":82.51440726854582,"latitude":-23.35104986781591}},{"userUuid":"7e78bc12-fee2-45b6-9211-a276ce54e64c","userLoc":{"longitude":-21.569285867001753,"latitude":77.23522187892274}},{"userUuid":"63db05fb-4e46-4140-b72f-72a550a81f2c","userLoc":{"longitude":-157.43498690462823,"latitude":-20.804288156664484}},{"userUuid":"71f4c497-537a-4c96-9e6c-6c50d5284022","userLoc":{"longitude":115.90741325512761,"latitude":21.38064303573654}},{"userUuid":"b7144b6e-443f-4679-95fa-d96d72564de8","userLoc":{"longitude":55.96583204234085,"latitude":-38.66243873749897}},{"userUuid":"4cc106cf-26a9-4706-bf80-cdbce6ff68a6","userLoc":{"longitude":-60.20000443026497,"latitude":-37.23844311363916}},{"userUuid":"70b71cf4-8024-4586-a17a-6a3e1ca6823e","userLoc":{"longitude":-31.53609691819028,"latitude":2.64291160889168}},{"userUuid":"e0b7c049-d364-4b50-8c39-6c68d2ad53ba","userLoc":{"longitude":-17.93348395617687,"latitude":-60.239468919259096}},{"userUuid":"9a0f33fe-45f9-4b4b-b42a-c0ea7f4ecdfe","userLoc":{"longitude":116.41384299321044,"latitude":-70.47629004828613}},{"userUuid":"727c168f-7eca-4133-94c7-d21726940489","userLoc":{"longitude":110.99888009072532,"latitude":-57.75229574203178}},{"userUuid":"bf87d039-10af-4af9-8d55-747cfee6caec","userLoc":{"longitude":112.26561500851966,"latitude":44.881184270717085}},{"userUuid":"4050a1ec-dd80-4e71-856c-5755e58eb952","userLoc":{"longitude":-134.10833645874635,"latitude":18.668979618634125}},{"userUuid":"ea330c3a-8c97-41a1-9e55-da34a5b72d17","userLoc":{"longitude":-124.54311377164778,"latitude":82.90348243739902}},{"userUuid":"68e102ae-41a1-49ff-b4e6-a1ad555e060d","userLoc":{"longitude":-98.65320527149042,"latitude":55.28066117798923}},{"userUuid":"c86c24d0-fae2-4c5d-9f1e-67db39e927ea","userLoc":{"longitude":148.6584712945605,"latitude":-58.565713666737956}},{"userUuid":"90d6a146-a9f6-4d5c-bb7b-219d13929964","userLoc":{"longitude":-123.58600315126165,"latitude":-26.6697785386095}},{"userUuid":"8c7445ab-9e24-4bb3-9a45-91a40bc054f2","userLoc":{"longitude":-81.7979901080098,"latitude":-41.63524068212365}},{"userUuid":"0249c319-db06-4fd4-b2cb-6e93e6187df8","userLoc":{"longitude":81.35813324969416,"latitude":49.306573665776114}},{"userUuid":"9904d5bd-0bf6-448d-bd99-7e47f594a705","userLoc":{"longitude":-129.28301623248,"latitude":61.495344767042354}},{"userUuid":"b40a317c-c4c0-4f36-b927-8b59f24d6c4c","userLoc":{"longitude":25.78538084829708,"latitude":67.63786721048851}},{"userUuid":"607f9f45-750e-4057-b05d-03d1f8b223c2","userLoc":{"longitude":154.6746807451804,"latitude":-31.285055014600978}},{"userUuid":"4ccca956-4b43-49e2-8d41-02843edd7abd","userLoc":{"longitude":-33.04023555523722,"latitude":8.591212121517444}},{"userUuid":"7dcede0f-9405-471b-a830-9002f2b25e1f","userLoc":{"longitude":-46.582574791777915,"latitude":4.197598242570848}},{"userUuid":"2ca3debf-2e27-4c06-9108-43e000c25b7c","userLoc":{"longitude":50.83761791873542,"latitude":-35.31264823659154}},{"userUuid":"d206f0b2-a6b0-43e7-b007-4fc1f52593b1","userLoc":{"longitude":7.749442774053875,"latitude":-30.632352162923304}},{"userUuid":"b681569a-1a8d-4e69-9428-804112fb6b00","userLoc":{"longitude":-10.37052177130846,"latitude":41.8491565869264}},{"userUuid":"0417ea23-93db-43e2-9c6c-8ec7c35db537","userLoc":{"longitude":70.12133232262642,"latitude":-61.75831958249778}},{"userUuid":"ebc652e5-ff79-4c17-89e6-e80601f9d9ec","userLoc":{"longitude":49.56914429923347,"latitude":-13.771911458413868}},{"userUuid":"f9e5090c-43c6-4d72-923f-55eb6e401f5d","userLoc":{"longitude":70.91891296612806,"latitude":-20.180103794787854}},{"userUuid":"decdd339-4e7f-40c2-8e4d-a1eaa38b82c9","userLoc":{"longitude":116.19244448392749,"latitude":-70.61523801809425}},{"userUuid":"dd11e0d3-545a-4a79-9370-25ba8342abf7","userLoc":{"longitude":-24.56996359607163,"latitude":-69.9511961661479}},{"userUuid":"7eefb3f3-7452-4637-9efd-f404c84c1f05","userLoc":{"longitude":75.15864604494928,"latitude":78.96762708107471}},{"userUuid":"5eacc1da-9335-4a00-bfcd-acc06ddc1478","userLoc":{"longitude":13.292847365561698,"latitude":-7.483295319385462}},{"userUuid":"4babb74f-6784-4a9c-8e10-7563373e3688","userLoc":{"longitude":73.04628674997102,"latitude":36.63535284058054}},{"userUuid":"c887809d-7f4e-418b-a00b-1aaff450d868","userLoc":{"longitude":157.44037235053787,"latitude":-36.60440122157128}},{"userUuid":"307c440f-f19f-49e9-9dce-2389f823ec89","userLoc":{"longitude":-72.6309766291083,"latitude":8.952823180768007}},{"userUuid":"bbcd679c-df5d-4b57-8b39-50bb1963400e","userLoc":{"longitude":140.48720611081433,"latitude":49.82346428516985}},{"userUuid":"5c094368-5038-43df-846e-5d3a216b63ba","userLoc":{"longitude":-141.36096625711053,"latitude":-20.787277451573203}},{"userUuid":"c2bf56a5-0be4-4573-b4e2-927570cca296","userLoc":{"longitude":17.959348291261023,"latitude":-42.6959425409027}},{"userUuid":"a9df77c5-a3fe-4a04-90ac-ee13de8aeced","userLoc":{"longitude":-86.32248396773602,"latitude":-20.90709150586119}},{"userUuid":"62d8565f-f6d1-4ab9-b0b1-0cdfe589c71f","userLoc":{"longitude":157.20458823726756,"latitude":-62.73955356269398}},{"userUuid":"593ad05d-11bf-4631-85c5-238ccd25ffcd","userLoc":{"longitude":168.48492531277816,"latitude":60.7431395873393}},{"userUuid":"9229d693-57b5-492c-84dd-be0f16f77b2f","userLoc":{"longitude":15.122837767757034,"latitude":-63.59385086324449}},{"userUuid":"0bbe4c87-5d20-4bf8-845d-6d90aab4890f","userLoc":{"longitude":119.10218301648467,"latitude":69.1202752614596}},{"userUuid":"15f2cb93-e268-421f-b82f-b4d890046cea","userLoc":{"longitude":-13.650411116085905,"latitude":55.92048333258134}},{"userUuid":"b6c3b8ec-c964-46b1-a2fd-d8bc7f9d9674","userLoc":{"longitude":-57.15889281898845,"latitude":-19.915442799135292}},{"userUuid":"ebe02b2f-983a-4257-b6ba-ed6de9463230","userLoc":{"longitude":83.5710222731717,"latitude":-84.03802993086376}},{"userUuid":"4e507079-81b9-45d4-b787-5cb99b1036fe","userLoc":{"longitude":-46.1070406742779,"latitude":69.14212621106216}},{"userUuid":"3400b7aa-23c2-4669-8880-081ea902ca9a","userLoc":{"longitude":-144.76051889595095,"latitude":66.2472185493759}},{"userUuid":"e05ba79b-da16-404e-8b97-d0d978e61fd1","userLoc":{"longitude":-113.68760541629895,"latitude":64.3302461758374}},{"userUuid":"e0e2f59d-2bfe-4baf-9644-92fa65976118","userLoc":{"longitude":-67.91384385201425,"latitude":54.508780733632875}},{"userUuid":"6a8ef6f1-66a4-449d-91d1-f2ceb78c033d","userLoc":{"longitude":161.88023735524774,"latitude":5.679680744130565}},{"userUuid":"518677c3-6722-42ea-85c6-4c0bde45346b","userLoc":{"longitude":-59.909701068868785,"latitude":20.94688774011125}},{"userUuid":"61b6d3e1-54d8-462d-8d57-c92d07b7bcca","userLoc":{"longitude":-50.58018229313086,"latitude":28.380180050092747}},{"userUuid":"1d51e1fe-bc91-4145-9f29-c16893c04167","userLoc":{"longitude":-67.2070698122398,"latitude":29.519840051999964}},{"userUuid":"39265a96-830b-43cb-bd6b-8b8df484f29a","userLoc":{"longitude":5.212611654919357,"latitude":36.89417971321326}},{"userUuid":"941aa098-d9f6-470b-99cd-c89f4c7726d4","userLoc":{"longitude":-64.15965680651719,"latitude":85.02663238451734}},{"userUuid":"8bca468f-99ff-42b1-ba03-6a663e8605b0","userLoc":{"longitude":117.07730232478787,"latitude":29.381060075330495}},{"userUuid":"5f642ef6-2711-4a29-bedf-cfb9194a7c8d","userLoc":{"longitude":-42.069490395362834,"latitude":78.33691824581857}},{"userUuid":"4007c7a6-1353-4749-a267-688ea5d4124a","userLoc":{"longitude":-121.94234152566433,"latitude":26.00178452945775}},{"userUuid":"cb7999bb-5741-427a-b74a-8a5f1ab1b18e","userLoc":{"longitude":103.35225914301583,"latitude":46.306124934500644}},{"userUuid":"993d0538-15b3-4aa6-9419-c5504e47384b","userLoc":{"longitude":-123.78228484449755,"latitude":31.639961693176417}},{"userUuid":"d4d010a1-a44b-42af-859b-b585a8817e7c","userLoc":{"longitude":-136.56961785010873,"latitude":57.24401063871383}},{"userUuid":"2a384aa4-5e80-4bd6-a6ef-ac67a11c9bac","userLoc":{"longitude":-74.49552317538895,"latitude":-5.344222618593065}},{"userUuid":"4382d87b-bf74-41df-ba46-0a50e773ed23","userLoc":{"longitude":144.50749772380573,"latitude":-70.68259183275866}},{"userUuid":"783d1086-ba49-42d8-92dd-b04ad38b356b","userLoc":{"longitude":-84.27078099357364,"latitude":72.72696547509565}},{"userUuid":"d0c58fd5-f54d-44c1-9027-4d7f9d6a9ad1","userLoc":{"longitude":-3.7660212348928894,"latitude":59.10795988434006}},{"userUuid":"5daa74b1-a29f-45db-be8d-91f6c5ba265a","userLoc":{"longitude":-141.96540856615545,"latitude":10.474309203217913}},{"userUuid":"1fa956ad-29c0-4eb3-abd2-0e61afd9bbc0","userLoc":{"longitude":10.409226689747271,"latitude":55.91972684617605}},{"userUuid":"3162fb73-af0d-4fef-bef2-ba9520b63d16","userLoc":{"longitude":113.8758705724814,"latitude":20.066644544266097}},{"userUuid":"f885cc96-90a6-479d-8ff2-33670442e487","userLoc":{"longitude":108.38916059997496,"latitude":67.39653156193626}},{"userUuid":"311b3b9c-aa3b-43b2-a15b-602986f169e9","userLoc":{"longitude":164.42154765075895,"latitude":-82.60260876492086}},{"userUuid":"a890c604-8273-4bf4-9e24-f80cda5a071c","userLoc":{"longitude":-167.26951601576516,"latitude":7.901958832877398}},{"userUuid":"68b92e32-cdf1-4280-b040-9bd8ae2b11ad","userLoc":{"longitude":-66.116476737604,"latitude":56.86549756117111}},{"userUuid":"bb7638cc-f2d6-4341-9e05-d1e0cf8fac21","userLoc":{"longitude":-77.30672794786597,"latitude":28.571591074746493}},{"userUuid":"86aecf80-d04b-4a31-9b8e-ec6b5f15541c","userLoc":{"longitude":88.81084600008575,"latitude":-12.270617840803837}},{"userUuid":"d7aa8ced-70d9-4796-ad34-175cebc5323c","userLoc":{"longitude":-21.008175739711163,"latitude":38.80255883374488}},{"userUuid":"6507e02d-6cc1-47d2-9eae-650eb6d12a1e","userLoc":{"longitude":111.69282750196271,"latitude":34.65398956192145}},{"userUuid":"57195553-973a-41fd-8c43-5366ea8b3eeb","userLoc":{"longitude":134.80459857127465,"latitude":-7.372048873652204}},{"userUuid":"c6efce32-e763-46a2-b48e-6a7f87904d5d","userLoc":{"longitude":103.99053644820185,"latitude":-4.244945545651291}},{"userUuid":"7a610da4-0886-483c-be53-e7a26a509559","userLoc":{"longitude":107.05677324369992,"latitude":74.20086141806613}},{"userUuid":"381a6ce6-2408-4557-b9c6-05858a68f5b4","userLoc":{"longitude":-138.56911260367917,"latitude":-56.86987373010382}},{"userUuid":"a8303eac-6ab8-46ff-851e-1de46786aaf9","userLoc":{"longitude":-163.94129591643255,"latitude":17.101929830993583}},{"userUuid":"c36369ae-bff4-4794-8a28-a823e39a15da","userLoc":{"longitude":46.699373825657375,"latitude":83.91450874439221}},{"userUuid":"14882918-dd1a-4cb6-b381-4c8562662246","userLoc":{"longitude":-163.4823061115476,"latitude":2.474417597067557}},{"userUuid":"90c337ec-4cf4-4736-b5a3-d287de204a30","userLoc":{"longitude":-65.62088432229814,"latitude":-9.210347286673539}},{"userUuid":"50d3cd72-103c-4bd2-b5ce-34a7c5e9cd73","userLoc":{"longitude":-61.01414742494828,"latitude":-24.135977178653476}},{"userUuid":"dc0935c5-21b2-4dbd-98be-7177fcc626ab","userLoc":{"longitude":116.3011446546966,"latitude":-35.38108009747191}},{"userUuid":"df3d250f-b817-4ba9-bcbf-dbea387d4776","userLoc":{"longitude":4.526310744175504,"latitude":35.11572228540494}},{"userUuid":"a6df61c0-4b28-41a1-8d09-a4881dcb310d","userLoc":{"longitude":-137.7055932432852,"latitude":-40.116434856406734}},{"userUuid":"91c3a2ee-6819-4497-8268-aa6c9eb329aa","userLoc":{"longitude":-52.72731304139735,"latitude":-71.14734663205405}},{"userUuid":"07e11d71-5cfa-4420-894b-a23b84fe0676","userLoc":{"longitude":-168.29992582085083,"latitude":28.382989306193977}},{"userUuid":"2e9ca89e-7f8d-40ad-b955-a6b509f89e05","userLoc":{"longitude":-104.01121088736407,"latitude":-0.9428802600739914}},{"userUuid":"bc9346da-7be1-41f3-9e39-11ae564b199b","userLoc":{"longitude":-174.5347317121603,"latitude":49.08370670066071}},{"userUuid":"56abf4a5-3e32-47cf-a9a9-e4cb2bcac5a6","userLoc":{"longitude":-140.8675217111165,"latitude":-37.906072475499464}},{"userUuid":"015a85a5-9516-4e69-ac74-4899c5fbaa48","userLoc":{"longitude":-150.3436620135449,"latitude":50.302637519674164}},{"userUuid":"d7aec625-01b4-4add-b497-22ca5a56c74a","userLoc":{"longitude":161.47305792960196,"latitude":-40.23833529290029}},{"userUuid":"f7c8b63d-2b91-4b32-89db-95dd91fd6213","userLoc":{"longitude":-119.00427297329533,"latitude":23.286843094905194}},{"userUuid":"13af3157-fc20-4262-b0df-779b09e51bb8","userLoc":{"longitude":163.89126288981515,"latitude":-39.45025524555159}},{"userUuid":"ce3da32b-17b0-4459-adaa-8706532c3a29","userLoc":{"longitude":-27.274280228589078,"latitude":21.520581992399215}},{"userUuid":"57961b0f-9c9b-43ab-9dba-2e2bc663f691","userLoc":{"longitude":-64.81576505472385,"latitude":60.29903754067237}},{"userUuid":"2f286917-8ba9-4b94-8eb5-80e1fabfe0ba","userLoc":{"longitude":-4.614483855966398,"latitude":-48.71493503123064}},{"userUuid":"9a62234a-1ef2-48e9-915b-ada7af5b58c7","userLoc":{"longitude":-71.22531733808603,"latitude":38.401948962034695}},{"userUuid":"d1982d8b-048c-4725-9346-d025f04c36e0","userLoc":{"longitude":-37.76665925453514,"latitude":53.27196325270049}},{"userUuid":"df086fcf-0aa7-46d9-a844-8b5c744e90bc","userLoc":{"longitude":5.727296074980188,"latitude":42.46156272751456}},{"userUuid":"0f27b268-7d3e-4bdf-ba9e-f5cf5f6839a6","userLoc":{"longitude":-121.59533829003153,"latitude":79.18131363806407}},{"userUuid":"656620f2-f3cc-4065-8752-e89c66c7cddc","userLoc":{"longitude":-99.98625057170426,"latitude":6.112824491195795}},{"userUuid":"15e2e73a-61b0-47cf-9154-301b09116ef9","userLoc":{"longitude":128.11672728655287,"latitude":72.63531008114856}},{"userUuid":"02160c78-6807-4a2c-bc66-caf955e92832","userLoc":{"longitude":113.35903479516725,"latitude":-20.383991832462982}},{"userUuid":"f3160fca-365e-4a98-8259-40261fdb112d","userLoc":{"longitude":14.207770623672019,"latitude":-7.207513627057253}},{"userUuid":"2c60774e-0f70-4d4b-9526-187881d07d47","userLoc":{"longitude":-13.296312438401202,"latitude":-68.76079617009319}},{"userUuid":"4e38b89e-58d5-4491-b2cf-cfa9cb7cbbff","userLoc":{"longitude":-95.97170360899825,"latitude":4.57967751550008}},{"userUuid":"4fd1c7f7-9b5b-44a8-a53f-d1fa9467063b","userLoc":{"longitude":-96.77235192098728,"latitude":38.29890429822372}},{"userUuid":"058c6825-0b63-4ee6-9e8d-4de5b51f6d15","userLoc":{"longitude":-118.15064556551185,"latitude":5.6690953485387325}},{"userUuid":"e3eb2b6f-654a-46ca-b8c4-deefcf2331b1","userLoc":{"longitude":-70.45850366320586,"latitude":-28.548671429644244}},{"userUuid":"81e13ece-2929-49c8-a67e-857affe0d4c4","userLoc":{"longitude":102.95034693163092,"latitude":-8.713273454884956}},{"userUuid":"37ae1663-25e6-4cd0-ae05-0bd9d192c7bb","userLoc":{"longitude":-126.34581037467547,"latitude":-26.095978532576638}},{"userUuid":"feb0d24d-8064-479b-abac-58c7f0746a90","userLoc":{"longitude":-156.60007239808954,"latitude":81.76007925031573}},{"userUuid":"053e350b-137b-46b8-bf5d-32179c9984a0","userLoc":{"longitude":25.230891961086854,"latitude":-68.27092763137166}},{"userUuid":"eb2a63c5-a4a2-4d8c-9363-b49b94bba201","userLoc":{"longitude":25.740000133399263,"latitude":29.233589596845505}},{"userUuid":"40b68546-cddd-4927-81c0-182666d35a1f","userLoc":{"longitude":-78.7690442795964,"latitude":-4.1825038133327155}},{"userUuid":"2fb96502-4ca7-44f2-901a-674d4c586274","userLoc":{"longitude":111.73559313788485,"latitude":78.23348188645096}},{"userUuid":"8d98beeb-e5d5-4a88-8667-778b6eb88c69","userLoc":{"longitude":-169.76988570156422,"latitude":4.298313929755693}},{"userUuid":"c99b5bc7-b044-44de-93e0-76039b5eefe8","userLoc":{"longitude":93.76284581605955,"latitude":56.530297859357205}},{"userUuid":"54093f1f-470c-4f8a-a109-82ceddebe1a5","userLoc":{"longitude":44.53838372231138,"latitude":-81.56360271520144}},{"userUuid":"da96bd64-fb8e-4c72-84a8-64efce25b3fa","userLoc":{"longitude":135.28503734806372,"latitude":22.2341161529757}},{"userUuid":"ba1715aa-eab6-4133-b035-068037a55d41","userLoc":{"longitude":80.79495708282627,"latitude":40.40661568422043}},{"userUuid":"b53aeed2-191f-41ff-8a91-445fbd7388a8","userLoc":{"longitude":-136.47717935649018,"latitude":38.18323974503298}},{"userUuid":"7a49faf3-cdd9-4cb5-8012-624c63e33154","userLoc":{"longitude":119.74787177117707,"latitude":7.223951314874142}},{"userUuid":"809922d8-1cb9-497e-b267-8daf3b5f9774","userLoc":{"longitude":-142.15748797875145,"latitude":46.48880853800162}},{"userUuid":"429b1e46-7066-486c-9b7b-0c2673b14fe0","userLoc":{"longitude":-74.76613413446977,"latitude":48.58491315789439}},{"userUuid":"ce5149ae-4bd1-43b8-ad62-48928015116e","userLoc":{"longitude":8.408671183487797,"latitude":-43.82214168514172}},{"userUuid":"dd4a41c2-a939-47c3-99b4-5c6bde24bf97","userLoc":{"longitude":48.34934422453924,"latitude":76.81847421367098}},{"userUuid":"96184096-8f13-4bad-8936-a82d7ed05e94","userLoc":{"longitude":-168.6996402412014,"latitude":-28.812174426701034}},{"userUuid":"e67d62a2-f12a-446a-a108-6b0505327133","userLoc":{"longitude":52.05641728754597,"latitude":-0.4444346193394324}},{"userUuid":"f2c60d6e-8395-4b11-b0c5-49b25eaf97e3","userLoc":{"longitude":65.16509134798079,"latitude":51.83031153636759}},{"userUuid":"e53cbe0c-36af-4aa8-bfb9-58513e94aabc","userLoc":{"longitude":-40.70291129345267,"latitude":59.56732916812402}},{"userUuid":"9d115e73-8e13-41d6-958c-bfd299be157b","userLoc":{"longitude":-41.28448187085539,"latitude":29.924757250018146}},{"userUuid":"4a10534c-858c-490a-8805-9443ba5bf072","userLoc":{"longitude":-62.881168784228635,"latitude":37.02794083783655}},{"userUuid":"f67db0e8-d337-425b-be1c-2fb51ac46ffc","userLoc":{"longitude":90.74903341168397,"latitude":-60.38403093789679}},{"userUuid":"e4e0ad11-4fdc-42e6-b245-5b98a28155b1","userLoc":{"longitude":3.377684305003129,"latitude":-32.29880340862671}},{"userUuid":"b9e27d9d-3457-4126-9396-acbe73a0c89c","userLoc":{"longitude":179.92974246744393,"latitude":78.35616110284838}},{"userUuid":"3a219d9e-b6cc-427b-b061-7e25c28dda9b","userLoc":{"longitude":-130.39203690344908,"latitude":45.398622642483446}},{"userUuid":"0fe188a3-0a98-40d2-8b9a-e1142547bbba","userLoc":{"longitude":44.20453151039436,"latitude":60.56089268651456}},{"userUuid":"d4d057d2-8baf-4bc6-8416-72302027e8ff","userLoc":{"longitude":-160.4792063414361,"latitude":25.963024898611152}},{"userUuid":"fca354e0-ed99-4223-a837-b4b1867d7c61","userLoc":{"longitude":107.50699517662588,"latitude":-31.54844575638588}},{"userUuid":"758ddc72-2c73-47eb-8c44-799476e9c859","userLoc":{"longitude":-85.01269038746334,"latitude":-49.096091708050594}},{"userUuid":"aeda7bd8-2dc2-429c-8595-1c0f71483ce6","userLoc":{"longitude":-152.8920270491246,"latitude":-60.270608399012545}},{"userUuid":"1aa8915b-2e10-4ec6-9b97-37153ca9532d","userLoc":{"longitude":109.50591145691993,"latitude":7.90090815465787}},{"userUuid":"7bfee1ae-aa58-4099-82b9-b4c1cf06afc3","userLoc":{"longitude":136.16291941783498,"latitude":70.61834389899013}},{"userUuid":"5b64808d-6bbc-4bdd-b4ff-a699b611455c","userLoc":{"longitude":172.53550701910177,"latitude":78.34574119780143}},{"userUuid":"afe832eb-d9c4-456d-9386-a3cb539ba276","userLoc":{"longitude":75.5629917315477,"latitude":-12.621591400405805}},{"userUuid":"06d04748-e05e-4cd1-9932-9fcb64046438","userLoc":{"longitude":50.187884635058765,"latitude":57.83567986067513}},{"userUuid":"882299b0-6904-44f3-bd5f-4f8ae87c2e35","userLoc":{"longitude":-164.49814040961522,"latitude":-32.65347437820552}},{"userUuid":"5159317f-1e10-49d3-a101-9c6e86dfddd8","userLoc":{"longitude":154.24338129771928,"latitude":39.413782791648444}},{"userUuid":"2d79d95e-f6ac-4aff-8ebb-3c198d3263a4","userLoc":{"longitude":17.84652722355318,"latitude":68.39400438906432}},{"userUuid":"e049a383-ce8e-426a-b1f5-096ebfd33bb7","userLoc":{"longitude":70.10235061251274,"latitude":36.597013903305665}},{"userUuid":"f48704ed-5295-4522-b875-c8b949f7628c","userLoc":{"longitude":-45.71880650874422,"latitude":-47.72464419472529}},{"userUuid":"6ebb0978-2405-4a65-97df-5c615411c845","userLoc":{"longitude":53.18180510034907,"latitude":-39.504087077341836}},{"userUuid":"d20d28da-cec2-4256-9765-c87bbaced31e","userLoc":{"longitude":-166.5178716315191,"latitude":38.010297119604004}},{"userUuid":"51c7b2ca-4e07-4173-917f-c51a8cd15da3","userLoc":{"longitude":101.83665269322813,"latitude":-11.484896564865124}},{"userUuid":"33583771-5095-4f2d-aab5-bef1d7e69849","userLoc":{"longitude":-174.2795410230989,"latitude":-29.87019120375473}},{"userUuid":"9de2a77e-7225-4299-adf6-cbd85d169f06","userLoc":{"longitude":4.255343906799936,"latitude":-56.33203453566355}},{"userUuid":"3223628b-99bc-4da3-a433-f85d1a0eb5d8","userLoc":{"longitude":157.90561077700642,"latitude":31.378569806897858}},{"userUuid":"45bc4e08-80dd-4f2b-bebf-b058d538fe7a","userLoc":{"longitude":-21.61677087417158,"latitude":57.335311344966954}},{"userUuid":"0bdd30ea-7688-49c0-8f58-a76cbeef340d","userLoc":{"longitude":53.406919830512635,"latitude":-13.970079394266818}},{"userUuid":"8b49503b-28d8-457d-b8d5-846e3a4d1ee6","userLoc":{"longitude":-113.96596006836869,"latitude":5.598065401645471}},{"userUuid":"5328b502-8f03-40e0-8458-8b2c1bd8efc4","userLoc":{"longitude":-159.3416497801473,"latitude":11.684403312549719}},{"userUuid":"5ed08ba9-bdad-4bb8-a623-58c6f77d05e5","userLoc":{"longitude":-70.46861128355947,"latitude":-27.21967482428284}},{"userUuid":"4cdab79d-eca8-42e1-ac4a-34db01314c84","userLoc":{"longitude":-72.93851244857915,"latitude":8.990517923658317}},{"userUuid":"caedb81c-45e1-4fbb-b9ad-618906feddbe","userLoc":{"longitude":134.93118998751504,"latitude":20.24985062389065}},{"userUuid":"428da047-1947-4be1-8140-f9f671f8a4b7","userLoc":{"longitude":100.09600927851932,"latitude":-33.87576510475692}},{"userUuid":"dc9fc36d-d896-438c-9749-92ae7ca9ee64","userLoc":{"longitude":40.80162524004112,"latitude":63.91533830432522}},{"userUuid":"828a9a0b-f06f-4d0a-800f-3028f85734c3","userLoc":{"longitude":71.4901738612104,"latitude":-13.63901000850234}},{"userUuid":"9a5296a5-180a-45f8-98e0-a069c0ba86d6","userLoc":{"longitude":38.71238519488344,"latitude":-0.45732648120744557}},{"userUuid":"3dc369df-eeeb-4ded-ae2f-d68a47939646","userLoc":{"longitude":-151.16439652697778,"latitude":-58.402175411119714}},{"userUuid":"e93ed572-b9c2-43cc-86d0-a2aad4a0d517","userLoc":{"longitude":1.8495424353634746,"latitude":-73.7446436662152}},{"userUuid":"53381ef6-a5c5-47a7-97be-68df4dd799c5","userLoc":{"longitude":177.88467378260998,"latitude":62.01992939164907}},{"userUuid":"1309d4b0-e8e6-4f78-b427-5ace70bd03e3","userLoc":{"longitude":86.33909794145836,"latitude":45.878047186185654}},{"userUuid":"2bafc19e-90aa-4257-9b34-f8e8d829b91a","userLoc":{"longitude":7.322785690384364,"latitude":34.83901817981321}},{"userUuid":"a3a41ede-6cc8-4d05-a14d-aa278a721a76","userLoc":{"longitude":103.13920622133202,"latitude":-80.19785149587796}},{"userUuid":"31081215-a671-4141-a41e-2676c63839bf","userLoc":{"longitude":-179.90033501409724,"latitude":10.308447371948034}},{"userUuid":"d49185e8-f608-4262-b8e3-f3f2a00ee847","userLoc":{"longitude":-155.14176146369766,"latitude":0.6317148527655831}},{"userUuid":"bebba87d-ca07-43b2-b047-6bc31a695590","userLoc":{"longitude":-119.32309798437147,"latitude":-31.2127236850301}},{"userUuid":"d35d83db-8ecd-4b63-9b3a-f67ef90307ba","userLoc":{"longitude":-145.3906723429952,"latitude":-16.190458650009234}},{"userUuid":"58c6bd5c-fd6b-4244-966d-333b9195b061","userLoc":{"longitude":178.81590436415064,"latitude":-55.107939461932574}},{"userUuid":"91a2c6ae-8886-4bc2-872b-84073c660309","userLoc":{"longitude":164.68598493966863,"latitude":18.958619996005936}},{"userUuid":"25add5b2-0242-453d-a461-6b060da0677a","userLoc":{"longitude":90.0119330751636,"latitude":-82.12940947814839}},{"userUuid":"ea00c252-4ec7-41b8-8f20-1792335fdbd1","userLoc":{"longitude":147.34915896210555,"latitude":36.97361758408687}},{"userUuid":"7f831328-16fc-4aa0-85e9-45a79a9259aa","userLoc":{"longitude":-118.61085892403099,"latitude":-39.99515102915027}},{"userUuid":"274b3052-af59-40fd-a5d4-8e00bfa3de01","userLoc":{"longitude":46.099084591482836,"latitude":-35.644249343061816}},{"userUuid":"83ebb602-c7b2-4d1a-be5b-98386e1741e3","userLoc":{"longitude":-74.38847869640915,"latitude":1.5004817602921605}},{"userUuid":"ca435107-b767-46f6-be57-9b3ea57a1114","userLoc":{"longitude":-151.92468090597433,"latitude":66.65936274930368}},{"userUuid":"666128a7-cb77-4a1d-86de-963ce3485950","userLoc":{"longitude":-28.091923889282242,"latitude":19.369749405301377}},{"userUuid":"711af8a5-ed20-489b-ae2a-7029f8392eb3","userLoc":{"longitude":91.35771651499692,"latitude":32.37078768762596}},{"userUuid":"7bb9d8c0-7f8c-497c-9ae6-8a78505d4892","userLoc":{"longitude":24.600553459870554,"latitude":30.972975268285495}},{"userUuid":"9c2fecff-e7f6-4778-bd40-06d351c13621","userLoc":{"longitude":162.658051677525,"latitude":-15.218219525780626}},{"userUuid":"e5e5aad0-f873-40d8-aa2d-f773a47033e9","userLoc":{"longitude":168.3762537045675,"latitude":69.92519183614249}},{"userUuid":"dc42d832-1ff0-451f-991d-4392615b1b39","userLoc":{"longitude":-75.70655930990743,"latitude":-16.69979320711448}},{"userUuid":"764d9255-40de-4746-9871-37120c9c2681","userLoc":{"longitude":-117.5286398723926,"latitude":1.9844094327010708}},{"userUuid":"7a9881a9-bf92-466d-81b1-79549f5da7bc","userLoc":{"longitude":121.17587830920718,"latitude":53.370135742615616}},{"userUuid":"4ba6f397-0dfb-475f-a6f4-075c1729dd53","userLoc":{"longitude":147.3820195893585,"latitude":-2.7588532030237474}},{"userUuid":"9448b6d6-2548-41d8-84d1-9fa459b87aa1","userLoc":{"longitude":-141.59390907230954,"latitude":80.6710197756768}},{"userUuid":"555b06dd-1f12-4625-a6e6-9683a16cfb9c","userLoc":{"longitude":-178.80844820667963,"latitude":-81.96777838472899}},{"userUuid":"eba24681-c8cb-4978-83e3-b5c0b6761d68","userLoc":{"longitude":-104.88233258249903,"latitude":39.876055578140495}},{"userUuid":"fd29f209-fa9e-4bed-9115-603441294965","userLoc":{"longitude":-135.73041668941323,"latitude":42.017481217604995}},{"userUuid":"094b3509-cd07-4a16-8204-93aaeddc8c58","userLoc":{"longitude":-20.495796553956183,"latitude":-79.26241241447914}},{"userUuid":"b79749a4-ef76-4eae-8e14-98864609c95c","userLoc":{"longitude":61.24953785590779,"latitude":72.94562983721184}},{"userUuid":"dd2f2109-ebde-4be9-a725-9fc3d3ce4f8a","userLoc":{"longitude":-151.11729391766764,"latitude":-34.3226655287725}},{"userUuid":"7d0d7c98-6ac2-418e-846a-c11e91fc1960","userLoc":{"longitude":-140.36632414231534,"latitude":-44.45916213846425}},{"userUuid":"ccbbac61-2c80-4a4c-84c0-1debcc9ee4bb","userLoc":{"longitude":74.94003942780361,"latitude":-34.66013677560201}},{"userUuid":"801b05f7-48ba-4759-8671-2908c68268cc","userLoc":{"longitude":-73.04879885702718,"latitude":60.05598897380736}},{"userUuid":"bd76e6c1-dd13-4a33-bf06-0083b9487a95","userLoc":{"longitude":45.96341298223285,"latitude":-44.144402212921925}},{"userUuid":"c8ae9e65-ad97-4681-a0a7-5d8e89bb65d4","userLoc":{"longitude":121.59790920602921,"latitude":-52.58749791369623}},{"userUuid":"d570127a-52bb-4cca-b2c8-5aa2b35523c7","userLoc":{"longitude":-65.8858237753081,"latitude":37.91219248347727}},{"userUuid":"3525b88c-cf73-40b1-967f-c497e3913bc7","userLoc":{"longitude":-0.1016135173564976,"latitude":-54.639684055925805}},{"userUuid":"b5751ddc-0cae-43a5-89e8-1e54eeb2ecc6","userLoc":{"longitude":175.8704615881602,"latitude":19.104869256475396}},{"userUuid":"2a0f7d4e-5654-4461-9516-d558e95858e8","userLoc":{"longitude":47.895541260578284,"latitude":-65.41506216755948}},{"userUuid":"769c84b9-0276-4a99-8211-ba719ade6638","userLoc":{"longitude":-55.17467464794501,"latitude":39.81137707957262}},{"userUuid":"bc733627-fdf1-40cf-887b-fed5b9369a47","userLoc":{"longitude":-81.73638235335487,"latitude":-61.76835226352877}},{"userUuid":"125dabe5-2294-4ec3-8517-6bcdc104f079","userLoc":{"longitude":-6.385171119198873,"latitude":9.77359674119964}},{"userUuid":"e951107f-a792-488c-9bad-d86ee6651ad7","userLoc":{"longitude":-128.84268434219103,"latitude":-13.126602023017881}},{"userUuid":"c8280211-2609-4ce5-9827-8360955b4e71","userLoc":{"longitude":-116.46908055720185,"latitude":7.39274509928488}},{"userUuid":"eba48808-aa6d-4c3f-a708-27b2e75341aa","userLoc":{"longitude":-22.458973325939837,"latitude":-53.60104236223356}},{"userUuid":"00ded683-4526-4986-bedb-1f6835a5e1cd","userLoc":{"longitude":104.54508753127953,"latitude":40.4594166205317}},{"userUuid":"99a71c1d-5720-47c0-bc3a-032b2addb50b","userLoc":{"longitude":-175.77480476129725,"latitude":-69.68247348965544}},{"userUuid":"ceb64b65-a659-47b6-b83b-df8ad27fe119","userLoc":{"longitude":-60.68099189826013,"latitude":-69.10031098580995}},{"userUuid":"924bab1b-0054-4cda-a6ef-f0e9939e0fa1","userLoc":{"longitude":-98.06784348883215,"latitude":33.22802868907466}},{"userUuid":"a03334a4-2084-4f48-a293-c4723117558f","userLoc":{"longitude":-126.51219232189835,"latitude":-30.127707187495922}},{"userUuid":"7bc35a01-377b-4a4b-9574-221c84e527be","userLoc":{"longitude":100.34738771253183,"latitude":-49.96213093918388}},{"userUuid":"a21ea6cb-7743-4854-a700-75feafcb92ac","userLoc":{"longitude":103.05744869037164,"latitude":25.114127363710054}},{"userUuid":"23381318-0a40-4a05-a422-aa328d685486","userLoc":{"longitude":-65.47032146064595,"latitude":-52.99393404555998}},{"userUuid":"df3b1ff1-0517-4d19-9240-6896df0e3d24","userLoc":{"longitude":24.082412721447753,"latitude":-10.140983051436265}},{"userUuid":"eb30d070-b839-4118-b5fe-908fe2450f2b","userLoc":{"longitude":103.17365583059643,"latitude":-0.3981868351107778}},{"userUuid":"84b241d8-4342-42a4-ba69-0ad0e7778bda","userLoc":{"longitude":-43.70755898203939,"latitude":16.943422326104837}},{"userUuid":"555804b0-f37a-476c-997d-541bd5757267","userLoc":{"longitude":-84.54074492709921,"latitude":38.817634079272366}},{"userUuid":"34019a4c-3fe3-4b78-9a0a-974071922718","userLoc":{"longitude":-168.39725930239032,"latitude":-31.55357487664456}},{"userUuid":"e451ae4b-e7d6-4be3-b28a-da74bf0edd07","userLoc":{"longitude":-111.32212617777782,"latitude":23.521864461162167}},{"userUuid":"9120ec2f-7f8b-46d9-b9de-be3a265d95ea","userLoc":{"longitude":-11.52557535684133,"latitude":6.654411076396627}},{"userUuid":"05da5080-9b2c-4f0d-96e7-ff302b97f5c3","userLoc":{"longitude":-133.36723605427994,"latitude":11.403582862690598}},{"userUuid":"ccdc69c5-11b8-40da-ad29-271e10e3a155","userLoc":{"longitude":160.07743514531097,"latitude":48.55973718839411}},{"userUuid":"b4ec0e86-b5c5-419c-9475-27a9fa07e05f","userLoc":{"longitude":-77.62559828016043,"latitude":-55.03939661473888}},{"userUuid":"cbb16ce1-184d-4c29-8db3-639eb6b689fe","userLoc":{"longitude":179.91041216800784,"latitude":74.0146802408328}},{"userUuid":"aa9f404e-6179-4f2f-af74-fc7ca40bf792","userLoc":{"longitude":-4.014813265228639,"latitude":25.695463473237623}},{"userUuid":"0fb44cd3-9b2c-4686-b7f9-a936fd9322db","userLoc":{"longitude":96.35310259421345,"latitude":74.99351441657868}},{"userUuid":"764d17ee-99b1-48cf-8408-a517b4a31f1b","userLoc":{"longitude":-120.22737196958104,"latitude":32.853834830029896}},{"userUuid":"2070b5b5-d37c-494c-9d56-3ca6a1e85106","userLoc":{"longitude":-8.854929930329604,"latitude":53.624943345382064}},{"userUuid":"f372eb1a-201f-4b88-828e-e90e72624b37","userLoc":{"longitude":-72.7191150188657,"latitude":16.430094430033904}},{"userUuid":"a28ee01f-385f-4624-8a12-e28eb0a87395","userLoc":{"longitude":-104.29318129885124,"latitude":74.45881235704718}},{"userUuid":"2a86a146-7bc6-48b5-b5f1-14a8440c6774","userLoc":{"longitude":-105.0151988985129,"latitude":-30.920085788846464}},{"userUuid":"0f97e927-a052-45e6-ba89-73c4f07de28a","userLoc":{"longitude":-22.504476454973627,"latitude":-31.119345796178216}},{"userUuid":"b291724b-4dd0-4b2e-aaca-583fcf70215a","userLoc":{"longitude":-152.1885792384897,"latitude":22.829500463364596}},{"userUuid":"bbf12ec0-8ddb-4310-802a-19d145f4a78d","userLoc":{"longitude":162.4810805946138,"latitude":-24.37389095775746}},{"userUuid":"229c758d-9280-4e9d-a92f-508590153da8","userLoc":{"longitude":16.038254042805676,"latitude":12.465436187592502}},{"userUuid":"2acc21c6-f52c-424f-8ff5-5551069daf86","userLoc":{"longitude":-60.63024979184121,"latitude":13.082882605698003}},{"userUuid":"3eacd976-6624-44db-a3fb-59b5a37e7deb","userLoc":{"longitude":-161.96135862515365,"latitude":-33.24158758123518}},{"userUuid":"a5500a7b-ea3e-4731-8b9d-f724382af739","userLoc":{"longitude":166.05895516742976,"latitude":-43.48359277667501}},{"userUuid":"9e98e1d0-ea2f-4d6c-982a-2cae780a93e0","userLoc":{"longitude":1.6567584813627718,"latitude":7.283462337523133}},{"userUuid":"7af3a625-d709-4418-b01a-62d442f81cf2","userLoc":{"longitude":-170.90008912646067,"latitude":63.52023296030558}},{"userUuid":"4d297a2b-f0a3-4d90-9405-115bb4bb23a1","userLoc":{"longitude":-134.09455518268345,"latitude":45.439237066246505}},{"userUuid":"9203083d-31eb-4d39-af25-3ea23c1fdd16","userLoc":{"longitude":46.17679596149503,"latitude":-63.64143385823267}},{"userUuid":"6873dab1-4517-4a42-bb93-d2741450733e","userLoc":{"longitude":154.40480822499012,"latitude":-51.70161746971831}},{"userUuid":"8c24cb34-ac38-42e3-9249-c1b03faca349","userLoc":{"longitude":70.00378254440793,"latitude":-30.077597308855317}},{"userUuid":"70204daa-99e8-468f-8ef8-41350d3be0f6","userLoc":{"longitude":-164.41309238185505,"latitude":-34.79974114418494}},{"userUuid":"f1ae19fe-5df4-4553-8d06-0cbeacec656b","userLoc":{"longitude":108.40187148296718,"latitude":20.04034505351072}},{"userUuid":"b24b1167-bbc0-4d4f-aaeb-f896d3a7f3e0","userLoc":{"longitude":117.10925180462635,"latitude":-47.35869787354039}},{"userUuid":"848eacca-fcdf-40e7-b1e2-3a9a82727ae2","userLoc":{"longitude":-179.64035563498962,"latitude":-29.335363904776152}},{"userUuid":"e0cc9739-4975-4464-9ffd-31939ee54114","userLoc":{"longitude":115.57290489532272,"latitude":0.3384310726073494}},{"userUuid":"bbf14e1c-087e-401a-9ea3-3be237c36b80","userLoc":{"longitude":-174.694954156322,"latitude":-71.26436513832736}},{"userUuid":"c7cb69cd-d9bd-4368-90a6-65e8ff5896c6","userLoc":{"longitude":-91.5153882421064,"latitude":0.40289145268559423}},{"userUuid":"7e3d08ce-23f8-4f5d-9b0a-6f144fad4ec4","userLoc":{"longitude":154.36190847190664,"latitude":-28.23128701294864}},{"userUuid":"85c0c612-4bd6-4191-98a7-4b4ef61d54ed","userLoc":{"longitude":-115.88540570613672,"latitude":-39.78135220314952}},{"userUuid":"6414c302-c54e-499c-9f2c-763ab4b29c66","userLoc":{"longitude":131.01118211774303,"latitude":-32.51247211777097}},{"userUuid":"6de1f817-8dbf-4b18-8f83-126fb78f1b14","userLoc":{"longitude":161.761972364136,"latitude":-78.39862357791995}},{"userUuid":"0f09e3fc-cff7-4437-b3ec-785124b872da","userLoc":{"longitude":90.27096183480319,"latitude":-41.599286323089174}},{"userUuid":"a353a8a8-41a6-4913-9aa4-25fbf68eee4f","userLoc":{"longitude":-40.18056449818587,"latitude":-79.82182840375674}},{"userUuid":"8597b1a1-aaba-4cdc-888b-e1bd41a7d107","userLoc":{"longitude":-102.08469585250992,"latitude":-82.8785514659666}},{"userUuid":"8cbc357a-6533-4fd3-a759-5608e4cda3cd","userLoc":{"longitude":-39.301554769883865,"latitude":25.633731239176257}},{"userUuid":"1ee4c767-b9d3-4827-aa8f-0094963c0aa8","userLoc":{"longitude":-27.85204237889559,"latitude":52.762144420050845}},{"userUuid":"19592c98-711f-49f0-a000-16428b864295","userLoc":{"longitude":26.56525758418786,"latitude":73.21237370415443}},{"userUuid":"33477c8f-05ce-4311-ad47-6e0181570ae8","userLoc":{"longitude":-94.07826505628466,"latitude":67.0516151913572}},{"userUuid":"dc996825-6ece-4c91-8679-12ac1033c078","userLoc":{"longitude":-139.8037226784039,"latitude":72.96151800222651}},{"userUuid":"597f5d2d-e457-4abf-82b3-72121ec5d8eb","userLoc":{"longitude":-85.99287761983332,"latitude":73.21526295869162}},{"userUuid":"c101c5ec-3ff3-4df5-80af-aee34d793def","userLoc":{"longitude":-46.529486165180174,"latitude":75.32909097455709}},{"userUuid":"67f8664c-8c3d-4652-bf61-369e16328143","userLoc":{"longitude":-170.30777842375915,"latitude":34.546014204096224}},{"userUuid":"f6f1e56b-f42b-4dfc-bb28-7c98f2f346eb","userLoc":{"longitude":23.158989720037567,"latitude":52.367323411219246}},{"userUuid":"89f7903d-0567-487e-b8a3-8488d3264786","userLoc":{"longitude":-112.94451006687228,"latitude":34.72901372088813}},{"userUuid":"8d05be2d-2fd0-480e-9a49-208337825539","userLoc":{"longitude":57.45870691884235,"latitude":-79.5922643949313}},{"userUuid":"d4151bcb-3f3b-4960-8bc0-aa321bd7cb03","userLoc":{"longitude":-114.71525126652867,"latitude":32.85109020804576}},{"userUuid":"3245e00c-8a5a-4252-bbff-1ab3b97434c6","userLoc":{"longitude":-16.364836680286942,"latitude":44.90913951730238}},{"userUuid":"eb774a07-8c5f-4f73-8800-4ad4830da880","userLoc":{"longitude":99.38151598198772,"latitude":64.84321395208312}},{"userUuid":"e65ce770-8f5b-49d0-b234-73b7d7d87407","userLoc":{"longitude":-119.77680586012374,"latitude":-29.76068570053897}},{"userUuid":"f07eeee3-b611-49ed-9cbd-78087f195cfc","userLoc":{"longitude":-80.01209004503758,"latitude":19.891674447467153}},{"userUuid":"1233d247-9b44-43de-b61c-989ad9e9177d","userLoc":{"longitude":-148.6302006268792,"latitude":-38.780041242561914}},{"userUuid":"7e5a5c71-6c21-430e-9b76-3ca56c3dd331","userLoc":{"longitude":151.68055024270598,"latitude":-62.28157822746938}},{"userUuid":"6822f1f8-6dda-4479-befb-4fa7db3f2df2","userLoc":{"longitude":-92.44945123780494,"latitude":-33.89531392587119}},{"userUuid":"a30b2458-c856-4367-ab81-00d980e53cdd","userLoc":{"longitude":143.81380420120092,"latitude":82.2829504908888}},{"userUuid":"51167895-2ae5-4a00-afb1-aec7a1ac996e","userLoc":{"longitude":88.24515599410302,"latitude":73.90164619157821}},{"userUuid":"7c826400-23f2-4796-bd15-7dc109a327e5","userLoc":{"longitude":120.5209677275011,"latitude":47.11607581464344}},{"userUuid":"14923776-2cc0-4ee9-80fd-54dad5ee0794","userLoc":{"longitude":25.885638345647948,"latitude":16.14958575472548}},{"userUuid":"427bcc6a-c6dd-42f4-aff5-63f704ebecaa","userLoc":{"longitude":-41.46960283260114,"latitude":66.76959683137804}},{"userUuid":"e8da5d55-0e08-484f-b2da-4d7420b909c3","userLoc":{"longitude":-91.74109960568775,"latitude":55.050474361433544}},{"userUuid":"27b64c40-6d29-4b99-8f30-d4ba3e2f82fd","userLoc":{"longitude":179.62482344823235,"latitude":-25.607286445877783}},{"userUuid":"3ff1d1d6-ddac-4cfa-ae07-bf6e75cde3f8","userLoc":{"longitude":-86.69525392162346,"latitude":-78.95116198490832}},{"userUuid":"287a6a81-796a-4fe4-a4df-c315153b5e51","userLoc":{"longitude":117.84931997896643,"latitude":-16.449652977807318}},{"userUuid":"326b88b6-ae0f-4b25-8e8f-fc3078afcf4c","userLoc":{"longitude":171.84468303841436,"latitude":-16.240537951699665}},{"userUuid":"d6644ac0-a401-4cad-bda4-33a80d96f65a","userLoc":{"longitude":117.26164623984789,"latitude":30.108946840420288}},{"userUuid":"fa5fa0e5-df31-4159-9670-5994fa89825b","userLoc":{"longitude":55.35685770312901,"latitude":35.59540230445475}},{"userUuid":"2460754d-2dba-456a-a337-3b5ff8451b7c","userLoc":{"longitude":6.196019413602357,"latitude":-72.28946856996393}},{"userUuid":"fbd3eab0-87ec-431b-b3bc-fbc9a557af4b","userLoc":{"longitude":-45.58572795217893,"latitude":-66.66998069666593}},{"userUuid":"f6fcce8c-267b-4aa5-a978-ffdaad276510","userLoc":{"longitude":7.8096611891607495,"latitude":68.89757813854334}},{"userUuid":"74aa2be6-eb37-4f1b-b73e-fa623f53f9f0","userLoc":{"longitude":-109.88989775605006,"latitude":-30.032275258404297}},{"userUuid":"72d15aae-2d51-44d2-8218-114e3c9425a7","userLoc":{"longitude":-57.20924991094894,"latitude":60.761651734747886}},{"userUuid":"cb912b53-f20e-4e42-a998-8d82cbc50dc8","userLoc":{"longitude":140.80804766660162,"latitude":-15.034300164730368}},{"userUuid":"b2482a14-6c33-4671-9387-ef27359ca3a4","userLoc":{"longitude":154.17187854782304,"latitude":47.875455699246146}},{"userUuid":"8c96f185-f4ce-436a-8404-b6b925110e58","userLoc":{"longitude":-54.776896059495584,"latitude":-58.992573971769644}},{"userUuid":"bdbd2d35-bb9c-46b9-9589-0644992499df","userLoc":{"longitude":-150.12961360834845,"latitude":-66.99022458531103}},{"userUuid":"8d1e4a5f-4832-436b-a492-f6f6783721eb","userLoc":{"longitude":70.21258806460588,"latitude":-7.499691927630437}},{"userUuid":"a7ca767d-43be-425b-a2cc-b9576a960ffe","userLoc":{"longitude":-39.16018848391036,"latitude":29.096070266978387}},{"userUuid":"57db3f6e-4fdf-4d96-b04f-2178aa1c45a2","userLoc":{"longitude":61.614351307039755,"latitude":45.26187001548914}},{"userUuid":"e21d4cf3-c66d-4844-b28f-45a9da277cbd","userLoc":{"longitude":-24.57289062532712,"latitude":9.739061626456149}},{"userUuid":"1ead866d-49c7-4e38-b33c-4fba4f0d8aab","userLoc":{"longitude":100.18341776349746,"latitude":-70.59221236024425}},{"userUuid":"a2a9f913-24d1-4f88-a9cb-4b8012155966","userLoc":{"longitude":-34.27061681620859,"latitude":34.64287568058589}},{"userUuid":"5e202d89-9a9f-4bdb-91d8-acb40a1b7a99","userLoc":{"longitude":161.11625714479067,"latitude":40.93702906759911}},{"userUuid":"e300bdbf-0493-4fb4-8998-29137360848d","userLoc":{"longitude":168.728201603184,"latitude":51.969074537306454}},{"userUuid":"90faa06c-9e46-465c-b408-a0a9f9f2a72f","userLoc":{"longitude":-19.853030331387004,"latitude":-15.57907696258755}},{"userUuid":"db383d84-b1de-43e4-b1b3-ee2d3efa0b7a","userLoc":{"longitude":-33.06929208161387,"latitude":-83.76117362687941}},{"userUuid":"9f4228fb-e51d-4ec9-b48b-784907623e17","userLoc":{"longitude":64.00006751456422,"latitude":-62.19105312037556}},{"userUuid":"406fd9e0-eefe-4975-9ff3-561464828812","userLoc":{"longitude":60.26819532559176,"latitude":16.46546281807676}},{"userUuid":"4714a150-bdfa-40ce-9920-de9eff53c0dc","userLoc":{"longitude":163.76277161171407,"latitude":-68.75621128685077}},{"userUuid":"2ee165a3-af38-4965-87ee-b98fbf7e7f56","userLoc":{"longitude":-80.22904803581126,"latitude":30.159747538258017}},{"userUuid":"0570e974-2e5d-45c9-a019-e3505136a54e","userLoc":{"longitude":-100.19391886234641,"latitude":36.36240507911121}},{"userUuid":"785b2789-c419-4dda-8e05-5dfeb371f267","userLoc":{"longitude":-9.840464202670546,"latitude":61.975122077897254}},{"userUuid":"a6cac7e6-4cfc-45eb-b132-f8d0c44ac110","userLoc":{"longitude":78.68439834248966,"latitude":-40.45933501031069}},{"userUuid":"19f399e8-fad6-4237-967a-3e44f4fd2a88","userLoc":{"longitude":56.813253253408135,"latitude":-60.038604317189325}},{"userUuid":"70817891-cf5a-4161-8fdb-fedd89431ead","userLoc":{"longitude":-128.26955839113117,"latitude":55.37748362799732}},{"userUuid":"ca7c7cca-a64f-45f5-8ebd-938e4e7fa460","userLoc":{"longitude":-122.53500080525538,"latitude":-40.90756461049286}},{"userUuid":"86c43893-ca61-4dab-9d2d-f911c9136564","userLoc":{"longitude":107.92981966857417,"latitude":-33.79351709335861}},{"userUuid":"33c0d9ac-c112-4178-97fe-294857d785b1","userLoc":{"longitude":176.1397808067502,"latitude":-43.050041111500626}},{"userUuid":"bbdcf5c9-96aa-42e6-a85f-385694f029ae","userLoc":{"longitude":-167.07594478442024,"latitude":25.698177888367}},{"userUuid":"809b8ce1-9cf9-4c7f-9232-3d12f743ecf2","userLoc":{"longitude":-151.6297844601215,"latitude":-41.2683986470155}},{"userUuid":"9498d27d-cdb0-4911-afcc-2838a987fca8","userLoc":{"longitude":-27.734544228491472,"latitude":-54.194950938500426}},{"userUuid":"110c68f6-970d-4af0-bc25-2f11cf0ccb15","userLoc":{"longitude":100.38941539692428,"latitude":-26.372486467086084}},{"userUuid":"59ba4874-2327-446c-8419-32dac055b485","userLoc":{"longitude":94.87870308886005,"latitude":71.94357286623608}},{"userUuid":"3fff172a-10a5-4416-a656-a47992cff849","userLoc":{"longitude":95.39410058128283,"latitude":18.706070843520592}},{"userUuid":"2cb8a3c3-a5de-4b87-87e6-f2e21d45109f","userLoc":{"longitude":108.70844272608406,"latitude":-48.26100528854266}},{"userUuid":"0d8643c4-a355-4817-867b-6d5d3ad322ca","userLoc":{"longitude":151.48951236439444,"latitude":72.46815928894705}},{"userUuid":"db30f328-3444-48e4-a679-b12df17e1a68","userLoc":{"longitude":-136.7949886940822,"latitude":1.096944955168837}},{"userUuid":"7e2a5b1e-bc55-4a14-84e3-5202f283166f","userLoc":{"longitude":1.0404328027608756,"latitude":3.1609870501724373}},{"userUuid":"d044c0fa-dc95-4ded-9a06-bb7f06e1f14e","userLoc":{"longitude":-29.03803529301385,"latitude":48.11511221622513}},{"userUuid":"3a0e524a-f5c1-4c6c-96df-c9012d5ea885","userLoc":{"longitude":-35.98570899914756,"latitude":-20.23397137540094}},{"userUuid":"4a695ed4-17bf-4f15-ad25-9b7d0ea7560f","userLoc":{"longitude":-26.151261540809116,"latitude":-38.542368009669865}},{"userUuid":"b9a140f8-8dbe-41a3-82d1-6598001650b4","userLoc":{"longitude":-127.08259484825481,"latitude":50.648307392411}},{"userUuid":"1c9bc9b6-45bc-48c6-90b6-de17ffcd48f3","userLoc":{"longitude":8.630696672339042,"latitude":27.276443655479596}},{"userUuid":"8640991c-a0af-451c-ad2d-d1f2bd33e2a8","userLoc":{"longitude":-157.42067802606016,"latitude":-47.90175291626923}},{"userUuid":"c7c0557d-6ad7-4dd3-af48-13e70fc1c519","userLoc":{"longitude":32.052124405892926,"latitude":-35.606885728309415}},{"userUuid":"49323046-b3a6-418f-9e81-ed479f223f60","userLoc":{"longitude":166.22553098596808,"latitude":-53.336091145953}},{"userUuid":"6846d7c5-e89f-42a5-b9cd-849d1c3fb677","userLoc":{"longitude":95.63366312066205,"latitude":9.817987470333605}},{"userUuid":"db76c6f8-fb81-49b1-afb7-a2d378672607","userLoc":{"longitude":168.37429181585213,"latitude":-6.883819120227955}},{"userUuid":"9ca92fe7-b02d-424b-a35c-6b770bff28af","userLoc":{"longitude":-171.06493483087507,"latitude":-31.718036211872466}},{"userUuid":"5efc2ac9-4ef2-438a-b314-80580a9b0461","userLoc":{"longitude":68.57389627346396,"latitude":75.40680648606428}},{"userUuid":"c0de6dc1-143d-43e0-b65d-8eef5de50a6d","userLoc":{"longitude":-144.4551877555802,"latitude":56.34547960328351}},{"userUuid":"749654b2-7e48-4e9a-a19d-2944b9d08e81","userLoc":{"longitude":-102.59309835996298,"latitude":-5.414464433688892}},{"userUuid":"acf0d240-d8bc-486d-b7ee-9364729709b6","userLoc":{"longitude":96.72016596995945,"latitude":79.70447167773162}},{"userUuid":"1c4aceff-19bd-4855-92ae-72b4af028750","userLoc":{"longitude":169.47020567815105,"latitude":-76.4218298002021}},{"userUuid":"5aaf6c51-9956-417b-823e-e9df0af6b894","userLoc":{"longitude":-85.00780516506161,"latitude":62.22075283040019}},{"userUuid":"e4524d0b-8a66-421a-9978-e78f07ac7931","userLoc":{"longitude":-81.89978079491793,"latitude":-35.748614178798114}},{"userUuid":"fc039566-128d-4125-872a-1df94f42d660","userLoc":{"longitude":179.54762204792695,"latitude":-71.29849138968159}},{"userUuid":"7c6ded48-57ab-4ce2-8ffa-4b442fd1febf","userLoc":{"longitude":57.16273715727431,"latitude":-13.033232678015423}},{"userUuid":"6a68da8b-0269-414e-8d20-700627e61c48","userLoc":{"longitude":172.28011949197992,"latitude":-8.792491247198868}},{"userUuid":"9b560ac8-b5f0-4fab-8a6d-99c431ad9820","userLoc":{"longitude":160.1617905519742,"latitude":39.23941998404008}},{"userUuid":"b2413b88-8cf6-487b-8953-ce5f49379e57","userLoc":{"longitude":-125.01060704456373,"latitude":-49.16111585467993}},{"userUuid":"5e531cd0-3ac0-4b45-93b6-872e13a6d452","userLoc":{"longitude":52.50831731427513,"latitude":-46.609300012636815}},{"userUuid":"899ed540-e7ec-406e-a95f-5654722c69a8","userLoc":{"longitude":-174.27975335042095,"latitude":0.31597103471739274}},{"userUuid":"b7df995b-b985-449e-be6f-957affe7c65e","userLoc":{"longitude":-154.08246516956433,"latitude":7.297380876945098}},{"userUuid":"96dfda15-921c-40e0-b830-b4c048bb293a","userLoc":{"longitude":172.14084194371105,"latitude":-72.7768241374394}},{"userUuid":"89a78a7f-2baa-449f-8fda-ce6a80c3dfd2","userLoc":{"longitude":179.8081131857944,"latitude":-84.674621673094}},{"userUuid":"071816c1-2054-4bfa-8ea9-5fa014116e19","userLoc":{"longitude":107.47152714074792,"latitude":-49.1097739458464}},{"userUuid":"f8b121bb-113e-4e73-9e26-1ee1a6431097","userLoc":{"longitude":-99.72066925802208,"latitude":-4.849727269301141}},{"userUuid":"d8b1ebf9-7415-43b9-a9ab-6a5072cf34a0","userLoc":{"longitude":-38.19839918313983,"latitude":28.654335362801504}},{"userUuid":"032602f5-f0cd-4f24-b21b-530c3e408f55","userLoc":{"longitude":-152.5704095865032,"latitude":6.288735092308357}},{"userUuid":"367b41f3-f53d-45b3-a213-18dbe3ac175e","userLoc":{"longitude":84.92854321776485,"latitude":62.22612516866971}},{"userUuid":"e545993e-71cf-4365-9801-836e96aef0c3","userLoc":{"longitude":-53.69255653331055,"latitude":-54.34497611391913}},{"userUuid":"700fd59e-5b64-4279-8a78-1d6737abc727","userLoc":{"longitude":123.76865795571354,"latitude":-8.601753817167634}},{"userUuid":"0c7d53a6-249c-4028-97f2-fbc0395375ee","userLoc":{"longitude":129.971318698046,"latitude":60.881558034956385}},{"userUuid":"83fba9fb-7b31-4959-a78e-6ae1643a260b","userLoc":{"longitude":-70.86157510572815,"latitude":45.23531523163436}},{"userUuid":"9c6870b5-ffe5-4eee-896c-32c1ec37beeb","userLoc":{"longitude":28.65546288233614,"latitude":-5.608288015549093}},{"userUuid":"081a8fb2-252d-464c-bc5b-9ab18cd936d7","userLoc":{"longitude":-55.31486902450858,"latitude":-44.27621372606777}},{"userUuid":"e11179d8-8436-4ca1-8a7e-6e26675f002c","userLoc":{"longitude":123.09008046167446,"latitude":60.94926990791467}},{"userUuid":"068d8fe6-2250-48c8-a929-2d6799db2ad3","userLoc":{"longitude":-40.98786206090375,"latitude":-62.63604665541129}},{"userUuid":"cf0bca13-4323-408b-90d6-493b87880c7d","userLoc":{"longitude":17.50926565207746,"latitude":46.99597740816634}},{"userUuid":"e0bd6204-ec0a-4004-9c96-be1efeb681b9","userLoc":{"longitude":22.17069241721933,"latitude":-76.49545411038395}},{"userUuid":"7632ae71-7e32-40a0-bcde-e461320626a7","userLoc":{"longitude":120.0437443379002,"latitude":-28.738569101280362}},{"userUuid":"6194f730-47be-4620-8e69-f2628ac492ea","userLoc":{"longitude":87.70033258364253,"latitude":65.58989378342557}},{"userUuid":"97e945b8-e6af-4c32-88f2-a21740d1e06c","userLoc":{"longitude":76.03906819189416,"latitude":77.56547158288251}},{"userUuid":"51f9fe8f-1251-4ed7-aa61-7be30aab0228","userLoc":{"longitude":99.70463763112508,"latitude":59.71981472815989}},{"userUuid":"ec698fc9-c49f-4804-a979-04baaf12bd01","userLoc":{"longitude":95.42990913755341,"latitude":-66.88917225642571}},{"userUuid":"e525c6d9-d5f6-4e38-850b-6b935401b62d","userLoc":{"longitude":-9.996131249380937,"latitude":-26.80409324948605}},{"userUuid":"e2053a2c-6d47-4082-b7ab-4b7be31ca39c","userLoc":{"longitude":75.31260725324279,"latitude":21.66034368898312}},{"userUuid":"2b843897-281c-40c6-9ef1-6777603cb8b5","userLoc":{"longitude":151.57917983775008,"latitude":59.28661298618758}},{"userUuid":"4a0db195-bea1-4552-8485-8fe83f37f58f","userLoc":{"longitude":129.24608446583574,"latitude":78.02831381821233}},{"userUuid":"c382a69f-a4c0-4c99-88eb-4e8e50c73a76","userLoc":{"longitude":-148.6705168717174,"latitude":-10.04283169938114}},{"userUuid":"3674f01b-ab53-4218-8a4b-af37fa6308ee","userLoc":{"longitude":-95.93009498213476,"latitude":47.35784597007455}},{"userUuid":"e9a25e12-47b2-4f5e-aef2-ba5cdd597707","userLoc":{"longitude":138.08979371294157,"latitude":70.5809785827987}},{"userUuid":"3924cc03-f4d7-4588-8709-3a43efcc0544","userLoc":{"longitude":40.89496482535088,"latitude":44.35077059727374}},{"userUuid":"b0fb3f2b-e37a-4aad-86ce-cfff52f3a9fe","userLoc":{"longitude":84.9214694051746,"latitude":-79.20346203359868}},{"userUuid":"7ec57ce5-89c2-4c64-9dd5-119e7c411c82","userLoc":{"longitude":-12.595421919075221,"latitude":-21.406603973686416}},{"userUuid":"0b69f275-06bb-4104-8191-57afb541ae3e","userLoc":{"longitude":40.80487178118929,"latitude":68.82389250799307}},{"userUuid":"74762635-4ede-401c-8b38-110d48094f83","userLoc":{"longitude":-95.48520335606575,"latitude":-74.35843837704684}},{"userUuid":"fdb500a7-228a-4b10-9a2c-b2030ea2eeab","userLoc":{"longitude":-175.55180217045046,"latitude":65.69896530331906}},{"userUuid":"62aa0dca-082c-4228-81ad-9b26d4c79a15","userLoc":{"longitude":-68.39430463285753,"latitude":-29.748464399574736}},{"userUuid":"ebeca25d-eb97-44ed-ab22-31503f06532e","userLoc":{"longitude":121.68548467587789,"latitude":-31.073965537945803}},{"userUuid":"c40028b6-c77e-4f6e-a5f4-9ba532e6638b","userLoc":{"longitude":126.73529273276733,"latitude":-0.9634814051432272}},{"userUuid":"e5cc0736-e0c3-4a0f-87a2-96fc31ab9d25","userLoc":{"longitude":-120.28645225098191,"latitude":-14.075635293236743}},{"userUuid":"2ce45d9b-9f26-47ce-a9db-c69bb53e74eb","userLoc":{"longitude":99.38160363115583,"latitude":-52.89721036160253}},{"userUuid":"1a3da96a-5235-4fb7-a2b1-7bf9628c121d","userLoc":{"longitude":-3.7020408521950117,"latitude":-19.576222954557664}},{"userUuid":"86f26ee9-139a-4592-91e5-7e3146e36958","userLoc":{"longitude":47.71317864791445,"latitude":-75.61894044277003}},{"userUuid":"c58aec4a-6623-482f-8abf-5113d843f8e7","userLoc":{"longitude":-11.452484060759275,"latitude":-9.742130019381506}},{"userUuid":"e9d9d1ce-8b29-4cc7-b2f1-465cfa20347a","userLoc":{"longitude":-105.34686039532292,"latitude":23.945329610056334}},{"userUuid":"017d2e4d-7049-426a-9eb4-9b43fb2a9043","userLoc":{"longitude":-5.852217361795965,"latitude":-4.778864542461164}},{"userUuid":"297c7edc-5d07-4824-93c5-6e46e0841c8a","userLoc":{"longitude":45.95455430913401,"latitude":-26.520100959609394}},{"userUuid":"267a998c-bc41-45e6-a110-7741de7bccfc","userLoc":{"longitude":-116.94012734023015,"latitude":30.937879099894758}},{"userUuid":"d7dacf41-f619-46b1-891e-9701220a1cfc","userLoc":{"longitude":151.85571855005827,"latitude":36.41930654488269}},{"userUuid":"977c8392-d690-4df1-afbb-db00a7123f80","userLoc":{"longitude":103.97552733440182,"latitude":-55.76900902903328}},{"userUuid":"23684d72-bfc8-4cd5-acab-99e5cc28a197","userLoc":{"longitude":-86.06462723028287,"latitude":-35.479775324203}},{"userUuid":"4ec3bd45-5d87-4da8-884e-864db725ec77","userLoc":{"longitude":131.87113953557105,"latitude":47.36822958585665}},{"userUuid":"c5c6bffc-8076-4cbc-8644-8703e3dae0e1","userLoc":{"longitude":-67.63580605823392,"latitude":-23.67758522575143}},{"userUuid":"2d359399-947b-4dd2-9798-c37348630825","userLoc":{"longitude":-115.42791598846942,"latitude":72.08173597447282}},{"userUuid":"039dbd6d-f94f-438d-8cec-5d2559e8c2a7","userLoc":{"longitude":46.43118979420373,"latitude":-20.553261674834985}},{"userUuid":"1d9b6c60-bd97-4bc1-a6dd-f7318463666e","userLoc":{"longitude":97.02609886647315,"latitude":1.777178160299428}},{"userUuid":"8bc6f79b-abfc-49c2-8c3b-cd0470c33165","userLoc":{"longitude":-64.76758615675062,"latitude":-2.032705718909412}},{"userUuid":"44739eb2-3db8-401f-9a95-a436da61f4d2","userLoc":{"longitude":-117.23896923677127,"latitude":-74.5854053141565}},{"userUuid":"b06bfd0d-1b72-4b99-a715-79bf754868c9","userLoc":{"longitude":169.74706145700668,"latitude":-2.9088531705346554}},{"userUuid":"583161c1-7d3a-41b9-9b0f-8f39de45c684","userLoc":{"longitude":115.7448497985846,"latitude":55.109879106554956}},{"userUuid":"b7b3057d-421c-46fa-8366-21c1d24a170e","userLoc":{"longitude":60.5590999441371,"latitude":81.40259757889947}},{"userUuid":"180615d9-7d05-4ea0-81a7-9c195f2009cf","userLoc":{"longitude":25.123300092889906,"latitude":-7.596379233634181}},{"userUuid":"74e4952f-5a57-415b-a9a9-0564d7e07259","userLoc":{"longitude":-169.0176523550323,"latitude":-22.465963494952696}},{"userUuid":"0513f34e-9ba8-4d06-ba32-8a37476a7f04","userLoc":{"longitude":-170.55222585829117,"latitude":-35.94172857648674}},{"userUuid":"7715d4f1-dd23-4f9a-a34d-11efcd9961cd","userLoc":{"longitude":-173.04297967745475,"latitude":-70.65134642729912}},{"userUuid":"5f1e9a13-f925-4c51-a620-3bf143a82a66","userLoc":{"longitude":-39.785127629177566,"latitude":-73.1044926661311}},{"userUuid":"b8405009-2554-46e4-9aca-5526ae1bc8e5","userLoc":{"longitude":21.25348652153687,"latitude":-41.67067910005977}},{"userUuid":"1523dab9-7169-4211-b11c-15cb53feb9f1","userLoc":{"longitude":11.856484287249401,"latitude":30.588114413821387}},{"userUuid":"dce5b468-2740-47ff-b4ba-e92f494c850e","userLoc":{"longitude":-65.61147230273141,"latitude":-51.9467012582134}},{"userUuid":"8eb6cc21-7860-4a4b-a657-7d44b3eee458","userLoc":{"longitude":22.53707482285671,"latitude":81.04591203148607}},{"userUuid":"432baabf-4252-4ba1-a78a-c5bcb163a4cd","userLoc":{"longitude":170.25867370617544,"latitude":51.11228680133519}},{"userUuid":"b429397c-744d-4247-a83e-acf46b621f81","userLoc":{"longitude":10.640863417820128,"latitude":-73.30849591873918}},{"userUuid":"439aa02e-07ab-4f5d-9608-b37757b6cb40","userLoc":{"longitude":-156.5729008552962,"latitude":32.075825760976585}},{"userUuid":"eaaa7831-1f2a-4169-8434-a68d49b346c7","userLoc":{"longitude":-145.03835870162166,"latitude":-50.4803607513126}},{"userUuid":"5524b256-d9d3-4bfe-a490-ba3007ff9997","userLoc":{"longitude":108.56548437386965,"latitude":18.380239639826627}},{"userUuid":"51d8940e-e162-449d-8582-2dcaab08b85e","userLoc":{"longitude":-110.12862111070224,"latitude":55.523435624289704}},{"userUuid":"aac4aa0a-f95b-40ba-95b1-a05373ee8f11","userLoc":{"longitude":18.203699946162743,"latitude":-49.66592958469554}},{"userUuid":"f6892767-0041-4f4a-81af-f21d0b3cb838","userLoc":{"longitude":78.92069151904093,"latitude":69.65322515859964}},{"userUuid":"2cea2b70-b602-47ca-b8c2-53a83183bfdd","userLoc":{"longitude":-45.91795484700583,"latitude":-77.91802244665546}},{"userUuid":"e3ac489a-56f5-40d8-8efc-d651a4160db9","userLoc":{"longitude":-163.78953105495268,"latitude":-83.1534323974821}},{"userUuid":"489c9b46-6aea-42d4-9f92-fb0ddd723bde","userLoc":{"longitude":-23.773856830814253,"latitude":22.605582494782396}},{"userUuid":"84794ffb-ea9a-4480-b16f-2c8f5506b5b1","userLoc":{"longitude":-138.98600037885336,"latitude":-58.79994083682463}},{"userUuid":"f9e2abc7-7eb1-48cf-b655-051208174de8","userLoc":{"longitude":2.8604771962035045,"latitude":-63.190845892104626}},{"userUuid":"f4f05c50-5fa8-4625-bd57-5219ce992c5f","userLoc":{"longitude":-14.87710863603155,"latitude":-52.91698778700799}},{"userUuid":"a53a87cd-85f3-426e-8308-4b54df86cbd8","userLoc":{"longitude":-26.283922092073936,"latitude":-13.897996633557241}},{"userUuid":"ccecd763-3cef-48b5-81c0-49d25d039427","userLoc":{"longitude":34.000598591466314,"latitude":82.03066915382618}},{"userUuid":"7d79afc5-e065-42b6-9d20-89d26fa32b1a","userLoc":{"longitude":-11.296456561593459,"latitude":-56.72196648514735}},{"userUuid":"776d89f4-4d26-4367-ad53-6deb9575877a","userLoc":{"longitude":153.23512661427532,"latitude":26.527443858903325}},{"userUuid":"a64db42b-90da-4310-8fb0-68321c6d54df","userLoc":{"longitude":-7.471464129270771,"latitude":-77.82995535224008}},{"userUuid":"6e281d9a-01af-4818-b98c-284dc8bee765","userLoc":{"longitude":172.26855035786997,"latitude":-33.23227104629758}},{"userUuid":"897bb1f1-6cdf-4062-9455-cf768616b07b","userLoc":{"longitude":-18.059838079952357,"latitude":-19.229132690211188}},{"userUuid":"4a8d4aac-7d28-4ac9-816e-266ecd0a99d2","userLoc":{"longitude":-111.1271362655392,"latitude":36.16292994169011}},{"userUuid":"6b4d9359-2f27-403f-868b-c8cb48be07d9","userLoc":{"longitude":-121.19744697764116,"latitude":-33.195151475052036}},{"userUuid":"b712ee85-c612-4527-901e-9c2d769fcc45","userLoc":{"longitude":-28.436846231716174,"latitude":23.167617085889063}},{"userUuid":"7e32673a-59ec-4492-a61f-0d860877dcfd","userLoc":{"longitude":166.4877335077975,"latitude":-18.326954265267076}},{"userUuid":"b18defb0-4c68-40a6-9b6b-5fd6bec83c4f","userLoc":{"longitude":96.74371805474414,"latitude":38.28933769791797}},{"userUuid":"db48c0c5-9a05-4403-b505-89af9b3964ef","userLoc":{"longitude":155.74670276479128,"latitude":84.34296003316894}},{"userUuid":"dee5363e-6b3c-40cf-af02-450103bac2fc","userLoc":{"longitude":15.980640454061472,"latitude":42.95540151619437}},{"userUuid":"4e517d8e-d6a8-4548-a477-e26c12837be8","userLoc":{"longitude":106.21304452485879,"latitude":40.788122767549964}},{"userUuid":"0df11271-13f7-4061-ae2e-b76b79952828","userLoc":{"longitude":-133.38678482399908,"latitude":-50.41680382220512}},{"userUuid":"8c678c25-01c4-43ba-8c7b-68b55df046a1","userLoc":{"longitude":119.59706311878023,"latitude":-73.55748322897351}},{"userUuid":"668ed4fa-f0f3-4263-b684-abc62115a17c","userLoc":{"longitude":68.31013299289293,"latitude":-23.465928413022304}},{"userUuid":"b1a94362-4df6-4d54-a91e-bab852263c17","userLoc":{"longitude":-90.88738049789018,"latitude":-24.26571912133234}},{"userUuid":"dba30ec1-2f2d-4212-aa77-b845de44b943","userLoc":{"longitude":9.61018086870618,"latitude":25.262571519424895}},{"userUuid":"16e81c81-7759-4f84-a692-88e924e949a9","userLoc":{"longitude":26.492133430417653,"latitude":24.593935638155983}},{"userUuid":"fab50fa4-8565-43b7-bcb3-5a2bf8d6ec4c","userLoc":{"longitude":129.8367603268327,"latitude":-20.377201612616403}},{"userUuid":"4aedd72d-819b-4df9-bd29-c8f9fcb0ee8f","userLoc":{"longitude":9.22624274337548,"latitude":76.20800011711398}},{"userUuid":"7e974820-987a-4f20-9128-baa00f5cea8a","userLoc":{"longitude":-166.37921984354466,"latitude":-81.92723971327025}},{"userUuid":"1b1901ea-2545-47e5-88ff-b2eb7341de42","userLoc":{"longitude":168.7445354927019,"latitude":65.17034660725085}},{"userUuid":"821ff975-0806-4372-b3c8-734214d843b9","userLoc":{"longitude":-64.58630422145312,"latitude":36.043969961462935}},{"userUuid":"a028281e-310a-4fd5-b7d6-1f5fc0923ead","userLoc":{"longitude":-73.12784330299301,"latitude":38.47183901580354}},{"userUuid":"e1a0f91c-05e3-49e8-b382-1989a5362516","userLoc":{"longitude":-88.62802027392978,"latitude":73.41299418455736}},{"userUuid":"97839869-fdc9-4b5e-891f-908a3a1a2aa5","userLoc":{"longitude":-137.78876654465262,"latitude":20.410462206412518}},{"userUuid":"c9922dde-4d04-4e2f-8da3-bed6f83e4a17","userLoc":{"longitude":-20.299096704106887,"latitude":-41.3762082862305}},{"userUuid":"94631419-2c91-475e-b1bb-df0bac03d12e","userLoc":{"longitude":127.24464995165198,"latitude":-11.99423744359774}},{"userUuid":"256ee449-a3f6-4e91-ab84-5db25180a7a8","userLoc":{"longitude":-166.46102574684267,"latitude":36.564116453970925}},{"userUuid":"7e45cfa2-2b88-476e-8e7e-c47f9b095e57","userLoc":{"longitude":-106.88468088451715,"latitude":-67.83829891255508}},{"userUuid":"aefdcbc7-7b03-4148-97a2-c12704bca4ff","userLoc":{"longitude":130.09496528356829,"latitude":63.50766579869716}},{"userUuid":"1a3d0c2d-3315-4113-9718-4d456f504d67","userLoc":{"longitude":93.72488116535311,"latitude":-11.570890460073912}},{"userUuid":"466bec09-b9ee-4d67-8827-df820aa759e2","userLoc":{"longitude":171.8950002517774,"latitude":-18.532034583071592}},{"userUuid":"cc360726-d8ae-4282-9192-071f64d364ef","userLoc":{"longitude":-131.21822539281754,"latitude":-48.58906304214568}},{"userUuid":"f6af9eb0-90fc-4d8b-b009-3dad6802d86f","userLoc":{"longitude":-151.0346754274057,"latitude":-28.784582724317822}},{"userUuid":"afd5f010-3d9e-40b7-a38f-7fde5cdeead4","userLoc":{"longitude":-168.901236566111,"latitude":58.64927386726558}},{"userUuid":"9a966011-79e5-4bf9-93aa-77179895d431","userLoc":{"longitude":-151.21045434359405,"latitude":16.13848424650979}},{"userUuid":"ddebc7dd-32de-4dee-85e8-dcd863f304de","userLoc":{"longitude":78.16396444457473,"latitude":65.31713967640079}},{"userUuid":"029b04aa-7b73-4833-b83c-d5296301a040","userLoc":{"longitude":-167.42239692537734,"latitude":44.03068177787321}},{"userUuid":"ac62bcec-460a-4617-acbd-491ea334ce91","userLoc":{"longitude":-28.433659497279876,"latitude":38.62791957458637}},{"userUuid":"a8d89cc5-3344-44b1-931c-7754afb00b99","userLoc":{"longitude":-3.8811974973732504,"latitude":78.13323617219075}},{"userUuid":"1f1922b1-8601-440f-9cb3-5a21fcf74ee7","userLoc":{"longitude":-49.99229670343314,"latitude":-13.998071565328118}},{"userUuid":"a096546e-6f1c-422f-acc5-64a6c464093e","userLoc":{"longitude":-103.2553153721145,"latitude":58.10634824361094}},{"userUuid":"49a6da08-0ba2-4bb2-b624-5e7282a8da68","userLoc":{"longitude":58.955819603957764,"latitude":17.501857481210877}},{"userUuid":"eb9f1a94-9e96-4528-a5fb-77227992d2cb","userLoc":{"longitude":-10.914708242364753,"latitude":16.705871818223585}},{"userUuid":"de5054bf-103c-489e-8ded-e73fede3eb20","userLoc":{"longitude":-173.57785509919435,"latitude":3.49410926366717}},{"userUuid":"007b971d-8918-4adc-b7f0-8c8cca4ab2cb","userLoc":{"longitude":19.37931360070857,"latitude":4.904114409612461}},{"userUuid":"6e24980d-5c0f-4dd1-ad90-a06609d8e800","userLoc":{"longitude":-87.52752767414101,"latitude":54.06656138720291}},{"userUuid":"7ba5d96a-24fb-4e78-8bcc-9469df5d4718","userLoc":{"longitude":-8.0633853382584,"latitude":64.06403726003788}},{"userUuid":"bc67c1e9-0ae4-45b9-a650-85ddba78b2ff","userLoc":{"longitude":-24.37399626043714,"latitude":34.902246662110585}},{"userUuid":"7b96bcd6-d58e-49d6-8424-485a133bc967","userLoc":{"longitude":-160.1836527363787,"latitude":57.454665006013016}},{"userUuid":"9b9fd834-0d3f-428b-b454-67e51737a6c8","userLoc":{"longitude":-50.323365938517185,"latitude":67.93931146126195}},{"userUuid":"71c5a099-f4a0-4027-9c3d-b15bb074a8bf","userLoc":{"longitude":-26.620311901739058,"latitude":7.925216559727474}},{"userUuid":"17c96641-1c4f-4442-80d2-32d1b6b6099a","userLoc":{"longitude":106.97951130946097,"latitude":21.1849914855854}},{"userUuid":"7d7e370b-ecb9-4262-875c-d8b93be46821","userLoc":{"longitude":49.70916908994943,"latitude":-4.8872502812618706}},{"userUuid":"b102488a-0bc6-4368-b218-b5211fb96589","userLoc":{"longitude":-135.1831387767541,"latitude":10.042539423212247}},{"userUuid":"34d15bf8-79f5-4651-84cd-872020b7d84f","userLoc":{"longitude":-175.7838013580526,"latitude":14.449170520204689}},{"userUuid":"c821dc97-8f4b-4852-bf35-ca195855f81b","userLoc":{"longitude":156.00585648045927,"latitude":23.66675243460395}},{"userUuid":"44bde832-de43-4057-b774-af4ff0872b44","userLoc":{"longitude":135.9406920258445,"latitude":5.248585283979153}},{"userUuid":"5344519f-bf60-44cf-819e-8cc951286e90","userLoc":{"longitude":-87.86958815925465,"latitude":-54.881075409393105}},{"userUuid":"b6d13afb-3a20-4244-880a-d19446b222f3","userLoc":{"longitude":-138.97197970501077,"latitude":-36.6502888686762}},{"userUuid":"f4f338c3-a8ce-4aec-a637-bc930e6e1bf2","userLoc":{"longitude":96.75980191627406,"latitude":-5.4656374362404705}},{"userUuid":"38cf7af6-356a-4f7b-8577-7b07d81d963f","userLoc":{"longitude":156.36576443594328,"latitude":-7.528223996060703}},{"userUuid":"8e5ab3d8-03e9-433e-91f1-61be38cd67e3","userLoc":{"longitude":-86.99568290972786,"latitude":21.46676243149365}},{"userUuid":"832755de-365c-4955-982a-124006436e3f","userLoc":{"longitude":-106.915089249823,"latitude":46.94792092587031}},{"userUuid":"5f31f41a-572f-4ffb-aa26-e305b1fbaa34","userLoc":{"longitude":31.878235795332586,"latitude":-28.493222103493792}},{"userUuid":"c311a88f-6854-4737-8580-58ec86a5fc46","userLoc":{"longitude":74.94245275972287,"latitude":70.15781663011927}},{"userUuid":"a454e526-0fd9-4fdb-afd1-1922defc23fe","userLoc":{"longitude":-83.29438471467607,"latitude":-23.779280113339652}},{"userUuid":"182148d2-84a7-46ba-94b5-5e27f9a0620d","userLoc":{"longitude":107.90868964279747,"latitude":-78.03185697790587}},{"userUuid":"7e9b07d2-ca72-4e7a-962b-7a0c89b0dc77","userLoc":{"longitude":103.63278643271497,"latitude":-40.47566738682618}},{"userUuid":"b1d2d1d8-60fc-4ad0-9fcd-6b10444198aa","userLoc":{"longitude":80.32405402952833,"latitude":61.18738646747968}},{"userUuid":"39d63890-5c3c-4c1f-a308-96864fce0ae0","userLoc":{"longitude":-80.07468334143564,"latitude":17.20441495262739}},{"userUuid":"588fbd21-75d7-4e1c-9ace-0573c3058d74","userLoc":{"longitude":92.06158073942697,"latitude":-43.87224743123101}},{"userUuid":"be493ba7-6a22-4364-913e-c34556e467bc","userLoc":{"longitude":43.14837350803171,"latitude":-40.51742833941046}},{"userUuid":"d8e68a9d-4bc9-4c22-ab72-7a0ee2b651a5","userLoc":{"longitude":11.048923278327294,"latitude":-77.99404555925773}},{"userUuid":"b41082df-fe57-4c47-8639-15d9ae307e14","userLoc":{"longitude":-29.128075199816124,"latitude":75.06129110644713}},{"userUuid":"317fa37a-f4cf-4698-9165-d3d8cbf81e9c","userLoc":{"longitude":90.66725646299886,"latitude":-41.454131268421776}},{"userUuid":"3e2c89c3-5fdf-4ebd-a5d4-9ed841a8a83e","userLoc":{"longitude":69.4800201046877,"latitude":32.741733805231306}},{"userUuid":"54d87276-7cd9-4ed2-9ead-68f9bf34b3c1","userLoc":{"longitude":-19.902094476835174,"latitude":41.03188334414014}},{"userUuid":"e3bae485-d114-454c-85c9-1f0f8f44f21d","userLoc":{"longitude":-29.267276993893432,"latitude":-48.60754795979537}},{"userUuid":"fdeb05d1-0ece-4c56-9895-55a915424f8b","userLoc":{"longitude":142.52688097614248,"latitude":-10.969914207704448}},{"userUuid":"1bc7bc61-a660-4a32-a093-2114c2d298b2","userLoc":{"longitude":-13.33529677302218,"latitude":-34.22267461096587}},{"userUuid":"32653578-eebe-4b06-8c8f-4df2708be4a2","userLoc":{"longitude":-118.40872227032875,"latitude":81.97182330985237}},{"userUuid":"45dcd5b0-a78c-4af7-99bb-54de84c5a8e3","userLoc":{"longitude":87.86501984316061,"latitude":-40.646083424660475}},{"userUuid":"46814d0d-6ae2-407c-97d3-50a794be3383","userLoc":{"longitude":-1.0683647351687853,"latitude":-79.61175027039361}},{"userUuid":"f7cb2d40-bb46-4d6f-851a-263bfc63ba68","userLoc":{"longitude":102.40849473850682,"latitude":71.310260325403}},{"userUuid":"cd330376-0949-42e1-a26a-a3bd45cbf3bf","userLoc":{"longitude":-64.68267680712967,"latitude":77.51818120968673}},{"userUuid":"a31ead3b-1019-4f1a-a81f-e212e93c3e3b","userLoc":{"longitude":59.82995718997847,"latitude":-69.49042086478767}},{"userUuid":"bf73c0c0-542c-46e5-8175-2e2335dc04ea","userLoc":{"longitude":-7.131646352066809,"latitude":-59.89109130120288}},{"userUuid":"0e4fdb7f-3a9d-4ccf-82ff-339a7f678ce8","userLoc":{"longitude":-77.94588488488006,"latitude":-19.80876599234989}},{"userUuid":"b235a159-9b63-423d-96cf-b1a631819647","userLoc":{"longitude":65.03204705513448,"latitude":-24.10431856440161}},{"userUuid":"4f65fb2a-3349-4acd-b265-8d63943767f3","userLoc":{"longitude":70.78753884733624,"latitude":-20.59205964702447}},{"userUuid":"f65a8623-61aa-4954-9002-7d8ca13c27a2","userLoc":{"longitude":1.772637130049901,"latitude":42.413675417292595}},{"userUuid":"d96baac0-574e-40aa-a8a8-bf80f941747a","userLoc":{"longitude":36.04173017206338,"latitude":0.22008280064483188}},{"userUuid":"e929eb82-ce35-43d7-a3c7-79aa233a6fd8","userLoc":{"longitude":-25.527202331039717,"latitude":-51.677575726934435}},{"userUuid":"fcc6f3a1-6a84-4769-9362-2110c298e130","userLoc":{"longitude":76.09069781930555,"latitude":21.436129287512514}},{"userUuid":"5fd0ab9e-8a7b-4e3d-9775-68abbf4f6239","userLoc":{"longitude":37.319716589803164,"latitude":58.0051377172835}},{"userUuid":"8c1510fd-25ef-4563-9949-63e6d95ac947","userLoc":{"longitude":92.99427441657105,"latitude":-7.5435669207445954}},{"userUuid":"8e35d0ee-0633-4fb8-99e6-e6f5a9c3e9cc","userLoc":{"longitude":-71.47592207333263,"latitude":51.75567381829774}},{"userUuid":"8ddf4e03-b50c-4a64-8061-b4a8b412eb2c","userLoc":{"longitude":173.3955844490385,"latitude":63.515286520718576}},{"userUuid":"0eb8e858-7ef8-42f7-9704-01dec9fbe82c","userLoc":{"longitude":168.43602902262535,"latitude":-25.29401760552721}},{"userUuid":"693e9e94-475d-42b7-b5b0-739408c07cc3","userLoc":{"longitude":28.482687876065455,"latitude":-23.333090027953432}},{"userUuid":"fb4a56af-02d9-4db2-8411-11c270023556","userLoc":{"longitude":59.7612285966766,"latitude":-55.10613205053959}},{"userUuid":"d0eb6433-398a-42f3-879a-b5d288f75d6a","userLoc":{"longitude":15.269288131951441,"latitude":62.84797124502987}},{"userUuid":"809e40e9-dbfe-4b82-a130-871c679eb188","userLoc":{"longitude":-109.02318909845921,"latitude":-81.78328184614637}},{"userUuid":"2fd1bdb7-0fb5-4218-9a4a-e3cc2140a8b4","userLoc":{"longitude":-145.67070374280053,"latitude":-57.78780072244044}},{"userUuid":"cf9dfdc8-5ffa-4314-86bb-2fcd3a144894","userLoc":{"longitude":74.09360271684562,"latitude":-23.239213701648517}},{"userUuid":"cc4f61bd-dc3e-48da-9ef8-e367011eb124","userLoc":{"longitude":-11.298518474377033,"latitude":56.59125612446098}},{"userUuid":"53ef5179-d70a-4019-bec8-2ed9d9c8cd94","userLoc":{"longitude":129.89334821054257,"latitude":6.051234949847043}},{"userUuid":"3ba44305-33fb-448e-bcc0-840cd1c7e866","userLoc":{"longitude":-139.88977851952876,"latitude":56.89706576841971}},{"userUuid":"910f0b91-a760-4710-b375-61005d378fd6","userLoc":{"longitude":67.37567659527974,"latitude":61.414920590909134}},{"userUuid":"84ac926e-9df6-4724-9dc1-c2247f77bf46","userLoc":{"longitude":144.96324843376055,"latitude":3.949417281695929}},{"userUuid":"3879b61c-80e7-4a46-801c-77b1f81ba256","userLoc":{"longitude":127.2982305764163,"latitude":25.526385340274643}},{"userUuid":"2baca118-8206-4897-a2cc-dc8b75b9c9c3","userLoc":{"longitude":-127.93183418145568,"latitude":-59.38076063591906}},{"userUuid":"da6e4b2e-70b1-4d98-9e03-1c1f26adca9a","userLoc":{"longitude":43.63008123234738,"latitude":67.51705709524185}},{"userUuid":"0cfa37c0-ae66-4a56-b9ae-4cfe19714ca1","userLoc":{"longitude":-81.23819019208659,"latitude":39.64687912440124}},{"userUuid":"96d8b283-a680-4cb5-a6b8-81c313b9666b","userLoc":{"longitude":12.529971706874306,"latitude":28.78992309372012}},{"userUuid":"a220f5cb-b865-4e1a-9580-8c9479fd4db5","userLoc":{"longitude":-35.8168476998697,"latitude":-60.15542425859364}},{"userUuid":"e8964a18-a462-4b7f-9ebb-49011ec87d90","userLoc":{"longitude":-168.5886215783051,"latitude":-30.24541777207174}},{"userUuid":"e72e7536-8496-4912-9310-bc38d41ac060","userLoc":{"longitude":165.16761370678836,"latitude":-5.557086505015008}},{"userUuid":"9812c596-eec5-4e2c-9016-98157de87de6","userLoc":{"longitude":59.587883895073304,"latitude":61.14877675809092}},{"userUuid":"ff097e62-8c03-4bb1-bda7-deddb35ff827","userLoc":{"longitude":-158.63321172627442,"latitude":3.3390605101810564}},{"userUuid":"16c1d337-eadc-4c22-87aa-e285abc0a5ac","userLoc":{"longitude":-43.6230721281282,"latitude":6.971443518805941}},{"userUuid":"c8948e28-5b22-4e06-8ffa-2fd3ae1bf30a","userLoc":{"longitude":154.19740571855243,"latitude":30.10075314036355}},{"userUuid":"4b84c9ef-81b8-42d7-9bc3-af9379835940","userLoc":{"longitude":-23.99347859621261,"latitude":-51.9963432813175}},{"userUuid":"0285fd81-0f57-4c2e-aaab-665c32b7b2a4","userLoc":{"longitude":106.99515283200361,"latitude":10.743206972901802}},{"userUuid":"d3358d71-2a60-4034-9d85-313b04b646e2","userLoc":{"longitude":-145.92168299819224,"latitude":19.935387671877677}},{"userUuid":"f5564b0d-1d2c-48be-b55a-b9772f70315e","userLoc":{"longitude":-112.34392189134267,"latitude":38.661202573334165}},{"userUuid":"8f8442c5-6332-4843-bbde-0ee78d386741","userLoc":{"longitude":-29.54502140465283,"latitude":-78.77202340480777}},{"userUuid":"eecf2044-4f42-44b3-8ad9-9175205d5097","userLoc":{"longitude":-123.13421292702385,"latitude":41.723104649398195}},{"userUuid":"82669731-27b0-425d-a2dc-1f232ccec1d5","userLoc":{"longitude":20.761566180090398,"latitude":4.357385801824421}},{"userUuid":"c88295ee-3878-4872-8929-058420510153","userLoc":{"longitude":-73.9299965961884,"latitude":50.545832368414494}},{"userUuid":"1ca553f6-234e-461f-9cfd-b7e3cc68ca1d","userLoc":{"longitude":-93.09157301780819,"latitude":-81.14080474904677}},{"userUuid":"8799f432-8fb8-4719-9b32-6cfa01617e57","userLoc":{"longitude":116.33767826658038,"latitude":-31.32212891932999}},{"userUuid":"3f684e7b-4d2a-4be0-a0dd-cb5af23c5dfd","userLoc":{"longitude":-149.94336973963348,"latitude":57.050917017003144}},{"userUuid":"278e1b93-8e07-42b2-a447-987538b94e6c","userLoc":{"longitude":-76.08832857768681,"latitude":10.931243264575087}},{"userUuid":"b4ccd527-4dc6-4687-ab0b-a0e603e4ddb1","userLoc":{"longitude":-159.62906827100346,"latitude":54.10251459740647}},{"userUuid":"f9c1ffff-cbaa-41ac-8744-4880ada04b59","userLoc":{"longitude":35.115474464583684,"latitude":-80.9338566581422}},{"userUuid":"af375084-1e99-4606-9727-3e5c8a9f1bf2","userLoc":{"longitude":-119.96095850747653,"latitude":-53.543023904552676}},{"userUuid":"b0e1153c-479d-4646-a758-604dbb152486","userLoc":{"longitude":-85.37387767558155,"latitude":-66.55974581865833}},{"userUuid":"94d00a7d-30ec-45f6-8566-c45f72b185c7","userLoc":{"longitude":-91.69869492631219,"latitude":11.154189941877618}},{"userUuid":"c2eff6cf-20da-435a-83f9-1167988712c7","userLoc":{"longitude":63.47329867855504,"latitude":-3.9474408549429256}},{"userUuid":"6af3700b-5d19-436d-ad89-03ec3be1111a","userLoc":{"longitude":-169.2218303655078,"latitude":37.79204815067625}},{"userUuid":"debc7a42-2a8b-457c-bbca-a6128539531c","userLoc":{"longitude":122.61607966681231,"latitude":-30.87451805564008}},{"userUuid":"57413bc0-97da-47b9-9643-a263f3a2d081","userLoc":{"longitude":-143.72067670217655,"latitude":12.116032796739475}},{"userUuid":"289cfa3e-4ef8-4420-81dc-5ac88773056b","userLoc":{"longitude":138.13213638349504,"latitude":0.9657836870664767}},{"userUuid":"4f52c62a-2869-4390-a28d-b6030bc380c1","userLoc":{"longitude":-22.733025206789023,"latitude":-52.36664656093672}},{"userUuid":"14e80f2f-f942-4815-9fd4-1d14e9862e99","userLoc":{"longitude":-117.64103350514328,"latitude":0.046191091251685634}},{"userUuid":"08f8eb35-d0d0-4c55-b419-5860c2a792f6","userLoc":{"longitude":172.06254393741057,"latitude":4.129399355042324}},{"userUuid":"3f13cbb0-6a5c-4ea2-8a4c-28279fe137b7","userLoc":{"longitude":56.3076348786885,"latitude":-83.3461229657304}},{"userUuid":"93e40714-6f54-4c9f-a8c2-673d788a48af","userLoc":{"longitude":11.015123740206775,"latitude":48.32875397016602}},{"userUuid":"66674c05-1f55-4964-a8bd-92232b6fb8d0","userLoc":{"longitude":-39.6121439772611,"latitude":-67.15633366394441}},{"userUuid":"94fe00a5-5527-4479-8da0-76e7ec373e47","userLoc":{"longitude":79.33829509801598,"latitude":64.26770756565926}},{"userUuid":"84b18542-a0b1-4601-858f-42be372f4061","userLoc":{"longitude":23.97712711816851,"latitude":-45.400979515157026}},{"userUuid":"e67d4d98-bdf8-4e19-9b8d-20ec03a569e5","userLoc":{"longitude":-175.5597985457777,"latitude":-73.78619544521644}},{"userUuid":"e79bb9b9-be96-4989-9057-e39d00d7af01","userLoc":{"longitude":-60.15777578593803,"latitude":-46.544324713541776}},{"userUuid":"fdeeecb3-4acd-4f43-b76d-6d9f976ee495","userLoc":{"longitude":9.397341008683583,"latitude":-77.1036638899887}},{"userUuid":"5d43d81c-195b-4132-8b16-aa8a3e261101","userLoc":{"longitude":108.77730435557646,"latitude":77.4479460785576}},{"userUuid":"d4d3de2f-c6ea-4dc8-a1db-0d8a12941e9c","userLoc":{"longitude":-143.38783133142107,"latitude":-49.87933918047819}},{"userUuid":"abed7b6e-7611-4e27-80f0-26d869d19f64","userLoc":{"longitude":-115.5167755600277,"latitude":59.06915309091883}},{"userUuid":"3494e81e-05ce-448b-9726-eaa2c26e4cba","userLoc":{"longitude":-129.4839332974197,"latitude":-17.907476239373125}},{"userUuid":"258a5a66-c098-4fe6-9356-e2680f46b2a4","userLoc":{"longitude":149.0456684178439,"latitude":62.18609009382044}},{"userUuid":"ffd82825-dc88-473f-b507-594d5711e7c5","userLoc":{"longitude":45.216376178329995,"latitude":-52.47027709579418}},{"userUuid":"bf9198ac-d6b1-4c8d-a8df-f0abdbed85b4","userLoc":{"longitude":-157.72607799650086,"latitude":7.9497028866124}},{"userUuid":"bb4bba8a-40e3-4a8f-95f6-a3a5e4781481","userLoc":{"longitude":-113.49804427052503,"latitude":-38.182842299724975}},{"userUuid":"8e6911ea-3cb8-47e0-88f0-841972679ab5","userLoc":{"longitude":-67.88268727986164,"latitude":28.963922225109727}},{"userUuid":"aa649ac3-3d4e-4e11-ba70-c86379d16d8a","userLoc":{"longitude":-90.22516868626124,"latitude":-37.706485428178425}},{"userUuid":"93c05d7f-467c-4300-8206-362ad9e3c0fd","userLoc":{"longitude":4.386822297013367,"latitude":4.628294880008653}},{"userUuid":"ae44ad92-1a69-42cc-adc4-47fe6a1390ab","userLoc":{"longitude":-158.8928042417538,"latitude":7.8404290592396535}},{"userUuid":"92875ebb-9b60-4ed3-8c49-f5cc53c269b0","userLoc":{"longitude":-117.58982477522233,"latitude":-1.9210468221225625}},{"userUuid":"5610fced-530c-41d5-b599-320aa148a6d4","userLoc":{"longitude":83.2232332591272,"latitude":-4.755532244547695}},{"userUuid":"dbea990e-e5c9-4f03-99c4-d615385e1a06","userLoc":{"longitude":-117.47336605088809,"latitude":34.48794067539049}},{"userUuid":"6053b07f-d330-46f6-965a-e3e86c53603b","userLoc":{"longitude":9.565158931581323,"latitude":41.36134823185793}},{"userUuid":"db5e25af-8ed4-4dab-aa8d-b2b7e0a47695","userLoc":{"longitude":25.196024692354513,"latitude":-61.607303101859245}},{"userUuid":"4dc11211-b58b-4c4e-aa8c-604f9b40bde7","userLoc":{"longitude":173.55446787525597,"latitude":-18.612974206416652}},{"userUuid":"ff1cdb42-5183-400d-8c29-a50e52fb294c","userLoc":{"longitude":-178.710769236129,"latitude":74.21915033918381}},{"userUuid":"77e9f7cc-9e5e-4c53-b995-e68866709968","userLoc":{"longitude":100.72661836439215,"latitude":49.51605772708086}},{"userUuid":"fd802b06-c5b0-40bb-a5b0-52464ad08fcc","userLoc":{"longitude":-33.185010800811625,"latitude":53.4791636996971}},{"userUuid":"0fa65547-7aef-49f8-ad1d-07583120e865","userLoc":{"longitude":83.76071386488098,"latitude":55.49677382244809}},{"userUuid":"9ce23963-e48d-422e-9b76-5b7ab1425bf4","userLoc":{"longitude":33.49020904594656,"latitude":25.110364168684157}},{"userUuid":"07da1c33-7cdf-4c1e-b29b-2103fa0811d6","userLoc":{"longitude":75.85918644098803,"latitude":-11.053941221014256}},{"userUuid":"92adb6ed-51a9-4224-b97c-f0f7c0d1dda6","userLoc":{"longitude":64.16457764226564,"latitude":14.044563315039639}},{"userUuid":"e6d4cab9-f2a2-460c-a424-805e4a433570","userLoc":{"longitude":116.10519033707453,"latitude":43.56938373215095}},{"userUuid":"8b856e9d-f54f-4782-a4a2-c5caff972ba8","userLoc":{"longitude":-90.83321847089084,"latitude":65.53500587497206}},{"userUuid":"f0ab4697-c6bb-4e78-9161-85c1f87f69a3","userLoc":{"longitude":94.75816389099288,"latitude":62.344248592152326}},{"userUuid":"c0cdba94-ae69-48c0-8b96-988cc79f7878","userLoc":{"longitude":-88.73245902419366,"latitude":27.759928308456622}},{"userUuid":"db93f131-981a-4463-aa03-683114b66306","userLoc":{"longitude":1.9883272544508657,"latitude":-38.6302307516764}},{"userUuid":"ff9d01c4-3b40-4357-a019-62035997369a","userLoc":{"longitude":-121.65176842493628,"latitude":-6.718214122874599}},{"userUuid":"89f7ed6c-c210-4371-8a75-18b8f1f1b356","userLoc":{"longitude":173.76977413282782,"latitude":3.571617479956913}},{"userUuid":"0a037b3b-8bcd-40e1-9356-0af17b3ad139","userLoc":{"longitude":-23.745575994344534,"latitude":-24.111389175040628}},{"userUuid":"55093074-54b1-498d-8841-c677e059c7cf","userLoc":{"longitude":115.13795174002553,"latitude":-7.875423014878066}},{"userUuid":"7f80f75a-b157-4464-a55a-efed7d24ddd0","userLoc":{"longitude":-155.09523087339895,"latitude":42.643655112375626}},{"userUuid":"a3cfcc85-7568-4752-9905-a10511396a73","userLoc":{"longitude":57.83476912766605,"latitude":32.08754575777844}},{"userUuid":"cc6683d9-3140-4867-b554-8e9c4d4ab0e8","userLoc":{"longitude":93.25175553147909,"latitude":66.94072095519405}},{"userUuid":"176eba3e-a814-4ec5-bb0e-ac82d989e460","userLoc":{"longitude":-40.31554071782236,"latitude":34.44320563327442}},{"userUuid":"9014acd7-9141-4b2f-a7d6-db0f2e50114c","userLoc":{"longitude":-157.051427709822,"latitude":-64.09167298900152}},{"userUuid":"3e0defcf-5e35-4a66-a2e2-15aa0092853a","userLoc":{"longitude":118.6252354499232,"latitude":-68.1586844995514}},{"userUuid":"cb3e747f-68a2-4a69-95d0-2d88002a2f9d","userLoc":{"longitude":-61.390476896051794,"latitude":-25.53640506579159}},{"userUuid":"e01ce965-8ad4-4a8d-bcbe-09c6fd45ddc5","userLoc":{"longitude":-9.025070956029651,"latitude":-37.22591680244115}},{"userUuid":"0f4fe6ba-164e-4c75-8e54-31415251da66","userLoc":{"longitude":-38.095303233494434,"latitude":-7.509331814827021}},{"userUuid":"283d81dd-4d96-4559-a446-aecd20f30d43","userLoc":{"longitude":-169.6321198976494,"latitude":82.53570914650703}},{"userUuid":"422f1d0b-2a5a-4bac-b1c1-c1c2ec13f940","userLoc":{"longitude":57.04652603317055,"latitude":51.18053502484665}},{"userUuid":"bb7e5bb8-98cc-4629-bc2b-09f286c5d927","userLoc":{"longitude":44.78541434630242,"latitude":-43.898468742310335}},{"userUuid":"f7a37f6f-d70c-48f2-a93d-a6de46baafd6","userLoc":{"longitude":72.31753356875987,"latitude":28.689599107356017}},{"userUuid":"6b8b1c80-5d16-48b6-b189-63856bf9e03a","userLoc":{"longitude":45.35416994060563,"latitude":64.48158317001258}},{"userUuid":"53aac7ae-551c-47ea-8641-bbe81501f6e5","userLoc":{"longitude":-108.00208344385413,"latitude":19.64904712465122}},{"userUuid":"054450e4-3dcc-4d69-9d0c-6f0319c99150","userLoc":{"longitude":-154.20111381495025,"latitude":-47.96660494978043}},{"userUuid":"b8455a50-a5fd-465a-b071-38f6a788c800","userLoc":{"longitude":106.99519549849424,"latitude":60.08117014879508}},{"userUuid":"a538ab87-5cda-4f12-8d9b-b7407a1c9c40","userLoc":{"longitude":134.58591134349757,"latitude":-3.5509068738326306}},{"userUuid":"50d4024d-ceb3-4b95-989f-08d39283fbc3","userLoc":{"longitude":-144.4217581580672,"latitude":41.60061783233368}},{"userUuid":"516e6102-ecb9-4711-98c9-5738c694fbaf","userLoc":{"longitude":130.4485172412899,"latitude":-45.496721116582826}},{"userUuid":"31a339be-420f-4ac9-86bd-a02386e63fb3","userLoc":{"longitude":79.0247938900493,"latitude":25.533923080478147}},{"userUuid":"a35f5932-5334-4b24-a76b-d0907d917ae0","userLoc":{"longitude":-148.12893287679304,"latitude":-49.885926339255285}},{"userUuid":"c989120c-918c-45b7-b39a-b4cf87953f97","userLoc":{"longitude":-102.72637690262698,"latitude":36.27889630926599}},{"userUuid":"d5ab9b23-19d0-4ee3-bbe1-0da69d1724fb","userLoc":{"longitude":129.9344868973813,"latitude":51.713826447265035}},{"userUuid":"0e61becd-8ddd-424d-9519-9ba204b4e8e1","userLoc":{"longitude":-65.98426371415793,"latitude":37.13992022559255}},{"userUuid":"74594508-89d6-4cd4-a539-4715df867a11","userLoc":{"longitude":178.50184888655497,"latitude":33.2227209699202}},{"userUuid":"98235d3f-9690-4189-b784-c79ae79bd762","userLoc":{"longitude":-65.68054142560905,"latitude":43.89322404227022}},{"userUuid":"c8280cd7-36fd-4321-9393-7cb608d60252","userLoc":{"longitude":-135.44832656066077,"latitude":-9.358971738240072}},{"userUuid":"a3d8c234-44fb-45d2-a29f-321d9192b741","userLoc":{"longitude":61.860043216095846,"latitude":-48.15678868463502}},{"userUuid":"4c423cd6-6823-43ae-9eb9-fc40aac6b059","userLoc":{"longitude":-50.099034165468765,"latitude":-30.034437052050826}},{"userUuid":"2b923892-060b-4dd0-abfe-ccaaaa0f60a0","userLoc":{"longitude":54.01750976533506,"latitude":74.39425937831064}},{"userUuid":"29a65875-5384-44af-a97b-be05bcb52224","userLoc":{"longitude":-26.415185574294554,"latitude":-1.5620401858388533}},{"userUuid":"9f0c6542-0d59-40b8-9004-0dee0e5a439a","userLoc":{"longitude":-71.43046414556171,"latitude":63.764887981700554}},{"userUuid":"143531cf-0f4a-4a44-adc7-0b086c045d92","userLoc":{"longitude":-26.47682840838212,"latitude":-72.9443657991837}},{"userUuid":"08bf3e56-db1f-4380-a266-baaeddd83994","userLoc":{"longitude":35.23919011247253,"latitude":-2.0786196076882106}},{"userUuid":"4c498260-7b00-4778-ad52-44aba8dab3e3","userLoc":{"longitude":83.23233917632507,"latitude":55.39836366951684}},{"userUuid":"a454fb5f-34a2-48ed-ac4a-63e1a744f78b","userLoc":{"longitude":-103.77541938357527,"latitude":-17.909396609140913}},{"userUuid":"a1bd090c-6ff2-46c2-ad48-eb29ec7eac29","userLoc":{"longitude":-132.40231095205758,"latitude":-83.11165249613029}},{"userUuid":"4aad1dcd-c54d-47be-b44d-bdbbfc9e9d65","userLoc":{"longitude":-113.62949411591595,"latitude":-59.03228962451611}},{"userUuid":"266fbaf1-9983-43fc-8950-5f316c2b3078","userLoc":{"longitude":22.00871051630233,"latitude":0.3320612889963286}},{"userUuid":"b3f33b74-1d75-4f5d-9289-0a4cc498f33d","userLoc":{"longitude":-167.17012328322284,"latitude":-75.20639978988144}},{"userUuid":"94a970f1-a468-4a2d-a702-e0ffa0b8473f","userLoc":{"longitude":101.86239876601479,"latitude":-20.535871008126207}},{"userUuid":"91672881-21e0-48bf-88a7-f4ff62ed5b50","userLoc":{"longitude":121.83986490326913,"latitude":19.398481397702838}},{"userUuid":"3bffd1f3-3f07-4982-8532-e5fb0ea6e950","userLoc":{"longitude":7.645138701275187,"latitude":33.841102954178865}},{"userUuid":"c6dafb99-bf30-4c05-b0cc-271cd85fc369","userLoc":{"longitude":72.09684545083607,"latitude":-23.72703201264907}},{"userUuid":"5402022d-0d64-4f57-9a21-f639c18bed62","userLoc":{"longitude":-179.16587427121382,"latitude":0.26338963901349643}},{"userUuid":"aec948ae-0b67-4c1f-8ad1-917324144a0a","userLoc":{"longitude":-66.69228033065315,"latitude":35.213680902858414}},{"userUuid":"581298e8-b859-4b84-9a42-e847957aaf04","userLoc":{"longitude":-159.85398797197982,"latitude":-3.643561255326972}},{"userUuid":"81acaafb-80a2-4e83-a876-cf2c344fdda4","userLoc":{"longitude":-148.01956954246833,"latitude":-29.555817590523993}},{"userUuid":"9fcef162-9df8-45b4-9c95-181be795e15f","userLoc":{"longitude":66.36854160163833,"latitude":-66.97700765319773}},{"userUuid":"c9dc9545-44fe-4134-9072-e4ab492184e2","userLoc":{"longitude":-104.2753354610395,"latitude":78.64335379478865}},{"userUuid":"43eb19a3-d99b-45f3-a4fe-63ce8e6fe6ea","userLoc":{"longitude":-7.984360848474523,"latitude":-63.729878419250525}},{"userUuid":"89a946c8-727f-4832-846a-64f062128304","userLoc":{"longitude":176.43254727877513,"latitude":-32.182862446593816}},{"userUuid":"d2ef6c73-bf32-459e-9ec2-2ca9c1e2e08c","userLoc":{"longitude":-45.247663859318294,"latitude":75.42834479004134}},{"userUuid":"775a4587-758c-4cd1-89ba-3480ffff4122","userLoc":{"longitude":-166.2537740939969,"latitude":25.63402120544896}},{"userUuid":"b1778c21-ace8-4d7a-9b3a-d056d8ce8847","userLoc":{"longitude":116.91374292520231,"latitude":-25.236491676078906}},{"userUuid":"99dc44b3-c3e6-4d5d-ba1d-e7b265d46ba0","userLoc":{"longitude":-59.245083150551196,"latitude":-84.56786684378163}},{"userUuid":"6cfe4de8-8ba1-48fc-8823-7b13cc340fa5","userLoc":{"longitude":-65.97595771419823,"latitude":-18.139303260881974}},{"userUuid":"fe2f7441-8fe7-4650-b4df-580744e8e39c","userLoc":{"longitude":177.2232340566989,"latitude":25.278187963271705}},{"userUuid":"e801b89a-4b86-4b5a-a5e2-893abda0a35c","userLoc":{"longitude":-59.524203726460485,"latitude":37.62100849197617}},{"userUuid":"38a9a106-a259-45cf-9b39-4399923beccb","userLoc":{"longitude":133.67427329713928,"latitude":3.311872837460058}},{"userUuid":"00898d96-2c0f-456e-9a40-c7705338b3c3","userLoc":{"longitude":150.2054174002767,"latitude":-64.87535894360134}},{"userUuid":"e9fbe039-f6d0-4e68-8dd7-b42e6c53f0bb","userLoc":{"longitude":29.252754570085642,"latitude":-47.36129767619878}},{"userUuid":"bfd87956-97f0-40e8-a3dd-cb2c4dd07ecd","userLoc":{"longitude":164.81123388619102,"latitude":-37.5192855217662}},{"userUuid":"f6a6f7c8-57ca-4612-b98a-5e308aff80d7","userLoc":{"longitude":-148.88766740496527,"latitude":-20.122689093271617}},{"userUuid":"8f43068b-557b-4804-9bfc-845b13a154ba","userLoc":{"longitude":75.71589644759953,"latitude":16.951515818534546}},{"userUuid":"fe30074b-221e-4a5b-a4d7-b2ac3198dd06","userLoc":{"longitude":65.1619473951809,"latitude":-65.70754165826376}},{"userUuid":"9ed493f7-53e4-47db-8a73-2f0954385756","userLoc":{"longitude":135.79330806986542,"latitude":-83.71416121385053}},{"userUuid":"571e5d02-71e0-457c-9ecc-342370405704","userLoc":{"longitude":149.6271712476102,"latitude":69.65754031554931}},{"userUuid":"c7f8fd6f-aef0-4381-a5f1-36d6996dd64e","userLoc":{"longitude":23.07637298810201,"latitude":59.558781782201635}},{"userUuid":"917b1424-7c94-4dcf-8d90-e94ceaa7d2ce","userLoc":{"longitude":27.60650919295736,"latitude":-65.785549173109}},{"userUuid":"6b055438-9ada-46f8-9d93-d4a63bac97fa","userLoc":{"longitude":-176.876729422222,"latitude":12.181382246709362}},{"userUuid":"3de976a7-5773-4079-93e2-57572d29a1a4","userLoc":{"longitude":-28.552133529552577,"latitude":29.975655140183505}},{"userUuid":"a4e3d4be-2c56-4319-87c7-d3e350a42594","userLoc":{"longitude":-118.88627917467797,"latitude":-58.484216878790676}},{"userUuid":"01357fa0-3708-43df-afdb-5fd5b5aae732","userLoc":{"longitude":147.86044217343618,"latitude":68.25073705751237}},{"userUuid":"a356411e-6385-4da1-bfde-f9e09c85255b","userLoc":{"longitude":116.20387800708488,"latitude":16.639011639740133}},{"userUuid":"cedff02d-bf42-4d92-9eb7-4dd3efd17a3b","userLoc":{"longitude":-69.57148350560138,"latitude":74.43990578278655}},{"userUuid":"a0919ee1-e015-4bdc-90d6-d234d0247511","userLoc":{"longitude":37.32136352176957,"latitude":2.2963287628461586}},{"userUuid":"58008c31-6518-46be-bca5-08cf877ace5d","userLoc":{"longitude":-25.001461630248457,"latitude":0.8128805990024262}},{"userUuid":"bdf321aa-6585-4c3c-9e0a-f3f5eca7f770","userLoc":{"longitude":-9.925941253015168,"latitude":25.119400221857532}},{"userUuid":"d77a67d7-3851-4d36-86e7-85ff59e9e7db","userLoc":{"longitude":-4.977361323541004,"latitude":-12.470040196125282}},{"userUuid":"20ff47c5-11ad-4ae5-9d82-ed1f3e432ef6","userLoc":{"longitude":6.013444121410316,"latitude":-48.6125954734315}},{"userUuid":"4ca8a3d5-b79a-4ab1-953c-48cec5cc4f79","userLoc":{"longitude":63.74224296025494,"latitude":74.87627135750637}},{"userUuid":"3e4e804b-fd60-4274-9a73-bbd14675965e","userLoc":{"longitude":-103.27032289554738,"latitude":22.81781037356255}},{"userUuid":"c873ff4d-2572-4970-b247-6962c1f269f4","userLoc":{"longitude":-118.28515105524971,"latitude":75.820659239506}},{"userUuid":"29766ee6-3101-4990-816f-a1c2ca2f4bb3","userLoc":{"longitude":166.67579962671118,"latitude":61.61162208273353}},{"userUuid":"fd7ad642-a310-46c6-9ec3-e5d502dd283d","userLoc":{"longitude":72.74826513413242,"latitude":-42.95773216914883}},{"userUuid":"9d4388aa-b27c-461b-b08c-255a7459134a","userLoc":{"longitude":-26.570566541261513,"latitude":-7.429091004874721}},{"userUuid":"2acc2e84-ad2a-441d-afc9-3e24b7b08e45","userLoc":{"longitude":18.978258239280535,"latitude":-44.97781705858545}},{"userUuid":"fb58b1c2-f17a-4999-a89e-3363d8faf02f","userLoc":{"longitude":141.09484874680095,"latitude":20.114213347283382}},{"userUuid":"770a769a-3c2d-4c6e-ba61-861218160f54","userLoc":{"longitude":-95.83253126848112,"latitude":-61.210133408563934}},{"userUuid":"a006f7aa-b3ec-4e4b-8cc5-823891485a88","userLoc":{"longitude":-64.71966199623719,"latitude":-42.902002799863055}},{"userUuid":"3343e8b9-bc3c-4a3c-a768-dfa2fd630a55","userLoc":{"longitude":-130.89121283856593,"latitude":-63.57731182915684}},{"userUuid":"15158c2a-c721-4aa6-9203-d8bb67a4d597","userLoc":{"longitude":48.39613618124767,"latitude":5.598760389172128}},{"userUuid":"0a3801b2-638c-4664-805c-316313fc46e4","userLoc":{"longitude":-14.257786187994583,"latitude":-80.39459007984445}},{"userUuid":"e6007443-0a18-44ec-bdd0-dd594687dd21","userLoc":{"longitude":-150.7555787528084,"latitude":-36.066776790092604}},{"userUuid":"e45007cf-f4c0-4190-998c-0700a81b8c87","userLoc":{"longitude":146.6004622629692,"latitude":64.0239280096263}},{"userUuid":"fc2d0b46-3bed-46ea-b799-6407d5a6df9c","userLoc":{"longitude":142.83940998280468,"latitude":51.04570168518998}},{"userUuid":"f9c7b43c-0fb5-4d53-8401-3eee53b6bc4f","userLoc":{"longitude":-64.34494107819177,"latitude":-32.51793662836263}},{"userUuid":"899cbc0c-6399-4059-8930-1b9fbf2edde1","userLoc":{"longitude":-121.7511075347114,"latitude":53.66951850158608}},{"userUuid":"efe6a32a-f02a-42c3-903f-5f78ca14d653","userLoc":{"longitude":-176.69181673936328,"latitude":-15.801594819685434}},{"userUuid":"8e9224d9-6b4b-4265-9e71-d3ad1cbe2155","userLoc":{"longitude":152.26678528784225,"latitude":-0.9993008996041937}},{"userUuid":"747902cd-502c-43d3-872e-4a1a962e1f24","userLoc":{"longitude":150.201711098817,"latitude":-40.63960640553946}},{"userUuid":"6b6d7426-cec1-4323-b020-da97d4165246","userLoc":{"longitude":16.00868392084851,"latitude":-42.00757675230238}},{"userUuid":"5bc59ff7-2f01-4838-b557-49cc3953ee74","userLoc":{"longitude":-143.30748580687776,"latitude":70.81415528590458}},{"userUuid":"aeb2210a-25dd-417f-a99b-42ec788cc1b2","userLoc":{"longitude":-10.794051399948216,"latitude":53.18561057284211}},{"userUuid":"50e85146-5585-4637-844a-803452d21e1d","userLoc":{"longitude":66.70770148680174,"latitude":-66.09946309360772}},{"userUuid":"0e380538-fb29-46e8-99c8-d3b5662b3359","userLoc":{"longitude":-24.50283703908778,"latitude":-59.20162791685757}},{"userUuid":"3790785c-5f5c-44f8-82ef-2bbe98de85ae","userLoc":{"longitude":-12.674480601150862,"latitude":-42.704791173335174}},{"userUuid":"a0ea084e-91d0-477b-bb8f-5ecbeaed1662","userLoc":{"longitude":-155.18927538370582,"latitude":-9.716188472150407}},{"userUuid":"dda44fa8-7f4d-4178-8ca8-e92f92e6714d","userLoc":{"longitude":123.10263003541758,"latitude":6.866439990308464}},{"userUuid":"ba7dd1b0-4a4a-4f1d-998f-c4a301e14581","userLoc":{"longitude":-83.36274762357057,"latitude":-15.756079582951344}},{"userUuid":"f82af41e-0637-4aec-89df-bbc33a8474a9","userLoc":{"longitude":165.53807312488027,"latitude":0.44680584396400036}},{"userUuid":"31a3308c-a538-470c-b590-655cf4d5cda0","userLoc":{"longitude":-3.8636341548157134,"latitude":-80.59700777875386}},{"userUuid":"202448b2-f9e9-4cbf-8bb3-36972dc7b324","userLoc":{"longitude":31.903727484640058,"latitude":53.97935623063}},{"userUuid":"024b41a0-835e-491e-9c3d-ab3664b686d9","userLoc":{"longitude":6.782599523603665,"latitude":-30.069498031706416}},{"userUuid":"5169f35a-217f-4423-b6dd-3686fe78b5a5","userLoc":{"longitude":64.8292185430646,"latitude":41.495560318003385}},{"userUuid":"fa74e0eb-fb60-44f7-b69f-f2ed4184948f","userLoc":{"longitude":-171.55744697924186,"latitude":75.02222210538511}},{"userUuid":"32ab1768-4061-418b-8b38-ffcca7d2a4e9","userLoc":{"longitude":-16.43504922317328,"latitude":84.13331801499879}},{"userUuid":"9d39b33f-3b35-40dd-9d34-172403c87a20","userLoc":{"longitude":141.85494374235003,"latitude":-42.509785047925405}},{"userUuid":"e5e85dec-aaa9-4c86-8bfb-c3210448544c","userLoc":{"longitude":-152.7249268366013,"latitude":-35.30909183586669}},{"userUuid":"c4ad4d99-3da3-4e2b-863a-17986100cd11","userLoc":{"longitude":-48.506817157934705,"latitude":-34.55594780765927}},{"userUuid":"4548eca8-ef0d-4758-8784-a8b36162338a","userLoc":{"longitude":-106.09166843579382,"latitude":-76.27003690379695}},{"userUuid":"f95eb32e-692a-414f-8799-138ad2f0487e","userLoc":{"longitude":-111.94034911885264,"latitude":-77.69546430584622}},{"userUuid":"e35d1040-44f2-4a79-a738-da8c3ab85a03","userLoc":{"longitude":179.8238384165196,"latitude":81.08240419123328}},{"userUuid":"dd63d756-9185-4711-9ada-ee2aec958363","userLoc":{"longitude":57.66614753223635,"latitude":51.055480789834604}},{"userUuid":"e6b70c5a-d4e3-4fb9-8ee6-a891000abbcc","userLoc":{"longitude":-143.20599871671365,"latitude":-23.172524394223466}},{"userUuid":"38c339ac-41bf-4c2d-9e16-3a3fc07bebbf","userLoc":{"longitude":29.36474760881299,"latitude":-57.462306872105216}},{"userUuid":"9d00366a-fa14-41e6-a103-165bd80a5906","userLoc":{"longitude":43.09263464584569,"latitude":34.0184003953282}},{"userUuid":"8c9ff635-faf6-4fe4-a9d5-5506142c03b0","userLoc":{"longitude":-179.91491922687982,"latitude":-78.11811575584039}},{"userUuid":"b9dabe8a-9f0b-46e8-9aa7-b2c51cf981a4","userLoc":{"longitude":112.1573384537665,"latitude":-35.32976761098448}},{"userUuid":"9965e0ba-c8ec-424a-97aa-a95089560382","userLoc":{"longitude":91.49455056539955,"latitude":-80.17243639001235}},{"userUuid":"8c642c6f-ea64-433c-a897-e981b84ab299","userLoc":{"longitude":109.36705769829734,"latitude":5.918196030199397}},{"userUuid":"d3fcebb4-ad01-4cce-bedf-1b0428f9a280","userLoc":{"longitude":-150.57207619296756,"latitude":79.88224837937389}},{"userUuid":"b95c9467-19f7-4bc0-aa1b-a9610b210368","userLoc":{"longitude":152.11189075525562,"latitude":-60.86295445849403}},{"userUuid":"3ec802b6-f10c-4a3f-97cc-eeb84d95fdd4","userLoc":{"longitude":122.16170343837712,"latitude":26.945424149914444}},{"userUuid":"03a8a933-8da5-4164-a735-3bf6391ccee9","userLoc":{"longitude":73.68703796242417,"latitude":-20.03329145311372}},{"userUuid":"668be2b3-2889-4d9c-8080-c35f2ab8385a","userLoc":{"longitude":-45.58639830025763,"latitude":27.235844192718588}},{"userUuid":"9738a208-03e2-4b68-a9bb-effcd1a5a1e9","userLoc":{"longitude":-143.89224404243487,"latitude":-77.44191359146512}},{"userUuid":"c5a69295-f5dc-474d-9d1d-b7013233c9d5","userLoc":{"longitude":-36.63096259364133,"latitude":31.88491782330354}},{"userUuid":"255a9750-d7bf-4cd7-a23c-6413b7c8bbd5","userLoc":{"longitude":-42.002288242284976,"latitude":31.650558256706645}},{"userUuid":"0a37d188-bd3b-4bdb-97ed-b1cca6a2d17b","userLoc":{"longitude":-150.1183249562161,"latitude":-77.78917058881295}},{"userUuid":"7c392e02-ab7d-4a93-9592-5901e26abc60","userLoc":{"longitude":-67.42391801981874,"latitude":36.837617228663206}},{"userUuid":"4a85fd7a-ae0e-43ed-bb27-ff348eb5d0d2","userLoc":{"longitude":-93.64423702305407,"latitude":84.2142856776563}},{"userUuid":"969afe6d-a220-49ce-a9b3-2902c5b7776b","userLoc":{"longitude":4.625390696038352,"latitude":-48.48424397525098}},{"userUuid":"a3da6283-c099-4528-911b-710959bc9f7a","userLoc":{"longitude":-150.1333562723501,"latitude":23.817131143857992}},{"userUuid":"f41979fc-9c7f-43ce-ac07-e282476aded1","userLoc":{"longitude":-131.57210995821757,"latitude":82.5712220433513}},{"userUuid":"f1afd5ca-2797-4c4d-bddf-cbbb43e1bbb3","userLoc":{"longitude":148.06520340388323,"latitude":43.647546971725234}},{"userUuid":"69dd0d40-1b65-4873-9f80-a3c4623b7638","userLoc":{"longitude":43.19691622398159,"latitude":50.04515270245261}},{"userUuid":"551d1eb2-40f5-4af4-9985-63c74c75bc1e","userLoc":{"longitude":170.3781701135734,"latitude":16.33457147938769}},{"userUuid":"a9214627-88a4-4960-af49-b59c9b2cded4","userLoc":{"longitude":114.9700705568232,"latitude":56.09853472341027}},{"userUuid":"66597e11-45b1-44a8-98eb-258fc50e9cc9","userLoc":{"longitude":71.57482066161896,"latitude":-22.69523097310794}},{"userUuid":"ca818104-96c9-48c5-9912-47e62373163f","userLoc":{"longitude":93.86967038687362,"latitude":10.234503370100668}},{"userUuid":"e7bcc8b0-747b-4746-89d2-1ec192e5fcda","userLoc":{"longitude":-79.21298229446691,"latitude":-1.3099870868485937}},{"userUuid":"5a97cc83-b0e9-40ed-af80-dce63ff2a3e7","userLoc":{"longitude":169.79281517007877,"latitude":-22.915866399769598}},{"userUuid":"1051452f-0e3d-4807-a943-872efdc1d886","userLoc":{"longitude":108.96060872639725,"latitude":-53.63063561656664}},{"userUuid":"f83afffd-af87-4f6b-905f-6043dfc44c3b","userLoc":{"longitude":170.87315638288123,"latitude":-43.93169457364834}},{"userUuid":"0b05f942-2597-4a7f-827c-77c874caf73d","userLoc":{"longitude":34.46037563284452,"latitude":36.17814076934212}},{"userUuid":"5af3d6c5-b7cd-43d5-8079-bec753f26a43","userLoc":{"longitude":-114.75412856179322,"latitude":-54.59840254095839}},{"userUuid":"2a865dd1-26fc-4f24-ac0e-797b191d54f0","userLoc":{"longitude":-148.4905346587669,"latitude":-52.54852995161284}},{"userUuid":"428c17b6-4605-4992-9f2f-7585751075c2","userLoc":{"longitude":20.890817244327934,"latitude":-14.818751589429112}},{"userUuid":"94abccf5-a2b3-427e-b1b8-f344cbc5f186","userLoc":{"longitude":-104.81156523722005,"latitude":72.20162042066019}},{"userUuid":"f60b8d45-d0d4-4433-8486-edec5a589909","userLoc":{"longitude":-158.7706278090289,"latitude":-7.783727769746889}},{"userUuid":"feaa113a-6c42-4b1d-a9ed-edd672306621","userLoc":{"longitude":-124.63601864577461,"latitude":66.30356392606203}},{"userUuid":"96ab0ada-36f8-4449-bc5e-3abeb77d9186","userLoc":{"longitude":-111.05659612132476,"latitude":35.59395959496511}},{"userUuid":"47289bbf-5f03-41fa-ad48-5ea972632fbe","userLoc":{"longitude":-153.29706196595947,"latitude":-48.036552038808885}},{"userUuid":"1627011b-24b9-416f-be3d-609c8d6873b9","userLoc":{"longitude":80.6139919321509,"latitude":-6.147840050265231}},{"userUuid":"2a826c0d-6e41-4c7f-b5bc-299386bdddee","userLoc":{"longitude":-159.98070820968016,"latitude":-23.685273171139322}},{"userUuid":"c9ddcf5f-e96e-4063-b3fc-81b316d0a4b0","userLoc":{"longitude":-34.10014213181566,"latitude":-49.56129246079461}},{"userUuid":"48b7dfc9-fa86-43a9-98a1-a9fdee39b44f","userLoc":{"longitude":-133.91100272581218,"latitude":6.94289371987081}},{"userUuid":"f07c78b5-3d2c-4b8b-b4c8-24c7de0ce81d","userLoc":{"longitude":4.142147260015349,"latitude":39.23434931726024}},{"userUuid":"d98e37ca-52e6-4f3e-858e-91b480159e08","userLoc":{"longitude":-31.946801968995715,"latitude":-45.676782326680396}},{"userUuid":"aacf3386-cb83-482a-8688-002be44bb97a","userLoc":{"longitude":8.766756406893904,"latitude":-16.34349714242697}},{"userUuid":"77e62db2-0b1d-437d-87c9-699ab85e4ec3","userLoc":{"longitude":-135.51424501166548,"latitude":-13.23423142084711}},{"userUuid":"1a8a8a7b-c5dd-40a1-b097-6db563e13448","userLoc":{"longitude":125.98205963921714,"latitude":-9.746024756835382}},{"userUuid":"42272594-a873-4b6c-854b-32e710eddbce","userLoc":{"longitude":-60.28872414793118,"latitude":34.12213874960045}},{"userUuid":"59cd2eb7-d7be-40f3-825a-a440b3cba198","userLoc":{"longitude":150.52952084767088,"latitude":-19.910295927832962}},{"userUuid":"f2d7083c-f2b7-4937-9a44-f0cb265ebab3","userLoc":{"longitude":-50.70621216858859,"latitude":40.687492909150365}},{"userUuid":"6eb6bf6c-b430-434e-92e3-65696527a7b6","userLoc":{"longitude":135.84352885961857,"latitude":60.22755109952135}},{"userUuid":"64e74b7b-b5eb-4cf6-b2b0-cb021087eaa3","userLoc":{"longitude":-61.48231245453023,"latitude":42.31125901946069}},{"userUuid":"18026640-976f-46a0-97c0-ccb3dbb4d667","userLoc":{"longitude":-52.981613066012,"latitude":-78.93361872462178}},{"userUuid":"93e64782-f4a4-444c-a87c-61a152a004b6","userLoc":{"longitude":143.61093022320034,"latitude":-5.420424428112511}},{"userUuid":"c0c52b40-29b1-408c-854a-cddf3cb281d1","userLoc":{"longitude":63.49945022349482,"latitude":-84.86764177388609}},{"userUuid":"4768540c-1e26-44e0-ba1e-78c04df75b7c","userLoc":{"longitude":61.41824850181908,"latitude":14.05018335915463}},{"userUuid":"e358b461-b117-4424-9686-b4ad26e93d01","userLoc":{"longitude":66.38992138036744,"latitude":-50.122734388864245}},{"userUuid":"164798a0-766c-4b17-b366-692027ee1ebb","userLoc":{"longitude":-146.31141878250563,"latitude":-18.658963720938402}},{"userUuid":"6007024c-9e02-4647-a24c-cf04d82ce73f","userLoc":{"longitude":39.064401023902604,"latitude":82.01634598501118}},{"userUuid":"098700e2-4764-4d41-b30b-4a438a96bebb","userLoc":{"longitude":-117.27822260925473,"latitude":-12.536355564900234}},{"userUuid":"be4bbdd0-a70a-4d5f-8c9d-85f345f739da","userLoc":{"longitude":106.60271623386973,"latitude":-16.2034421370618}},{"userUuid":"ecc19870-271d-48fa-825b-92d184d32d20","userLoc":{"longitude":-76.1715717688536,"latitude":28.319421570264296}},{"userUuid":"3f680576-9193-4a4f-895a-c509bec8e9d7","userLoc":{"longitude":-67.29509326997164,"latitude":10.329712108192211}},{"userUuid":"657729b6-6f09-4635-b114-4057669fe488","userLoc":{"longitude":131.05761421022976,"latitude":-47.5266566404236}},{"userUuid":"3ce7d585-0a77-40b9-8a0d-773499e71e3a","userLoc":{"longitude":159.44672410889478,"latitude":27.802676675266085}},{"userUuid":"957eb1c7-f301-40ad-aae0-e72bcfd55f46","userLoc":{"longitude":-161.64960410062704,"latitude":-43.6467527169538}},{"userUuid":"a7941cf0-b560-4417-82cf-77499cb039b4","userLoc":{"longitude":128.82124852166766,"latitude":-54.259392868121026}},{"userUuid":"fa723df8-5e79-4220-9a73-b952bdec3222","userLoc":{"longitude":123.78650651001033,"latitude":10.286471452163013}},{"userUuid":"e06c734e-9a64-4f80-adee-5a3d50b655e9","userLoc":{"longitude":-33.79256879385309,"latitude":-6.257978105674027}},{"userUuid":"c8214dbe-d2c2-49ae-b66a-9d48ccd07bc3","userLoc":{"longitude":166.86484552033556,"latitude":79.4573186509692}},{"userUuid":"bb81bd14-1b5f-4caa-a328-b1f2e383a6aa","userLoc":{"longitude":47.37346482997236,"latitude":-19.734194448507267}},{"userUuid":"4c8827b1-5ab5-4c5d-a7a6-5a5aec2817ed","userLoc":{"longitude":-82.4773326683927,"latitude":-66.89640785402754}},{"userUuid":"74f68ef7-5935-41b5-9301-b590dd41bc5c","userLoc":{"longitude":-167.81632586713403,"latitude":-35.43316517798771}},{"userUuid":"70a3374d-fc93-4763-928e-b96475ce8df2","userLoc":{"longitude":-49.58559443905611,"latitude":36.99369829466663}},{"userUuid":"76075a90-761c-4c2e-9a62-8651f9ca15e8","userLoc":{"longitude":114.09992868502093,"latitude":-69.93458599493489}},{"userUuid":"31299548-4aec-445d-b6f7-f558007a8d60","userLoc":{"longitude":-148.8767808540278,"latitude":-0.6157112194197225}},{"userUuid":"7e2938d0-0de8-4bad-8179-c168b4f8d73a","userLoc":{"longitude":106.06870833266913,"latitude":20.3595961678064}},{"userUuid":"258a9959-c6d1-456f-b56c-c235d2e6fda4","userLoc":{"longitude":138.2761301851536,"latitude":52.710516995562784}},{"userUuid":"e367ebec-60f0-4024-a04d-7810cd740187","userLoc":{"longitude":-26.308234428148666,"latitude":23.243320744112907}},{"userUuid":"69e484c1-88d0-4896-af5b-51f03d9e2413","userLoc":{"longitude":-91.36112699704393,"latitude":1.6732481683515203}},{"userUuid":"cfec51fd-ff43-4e4a-812b-272a49dec8e5","userLoc":{"longitude":-95.08743263207987,"latitude":53.91162846814319}},{"userUuid":"2340fa00-f010-4106-9b6e-d70c191d02d0","userLoc":{"longitude":-21.19184902962391,"latitude":35.960144054771575}},{"userUuid":"3cf5d942-3dc0-4945-82a7-ff4d30b78342","userLoc":{"longitude":-126.23844162836156,"latitude":-40.40298836829159}},{"userUuid":"8c9bb1e2-5b14-4bf1-8f4c-7cb45c812538","userLoc":{"longitude":-155.61726683066695,"latitude":84.79563711827942}},{"userUuid":"0f6e2fa8-1079-412e-9e11-3540013cc062","userLoc":{"longitude":49.59104037618769,"latitude":-80.29637386319867}},{"userUuid":"eb97cae5-0cb2-43ae-92cc-0065e2afec3a","userLoc":{"longitude":-126.68433543946752,"latitude":25.089489232044087}},{"userUuid":"3cc694b1-f0d4-4f0d-bb6d-8dd09deb111c","userLoc":{"longitude":129.77983615157098,"latitude":70.67991292037837}},{"userUuid":"83eda713-b7b6-47fa-97f9-134027c7c814","userLoc":{"longitude":-35.153785707779264,"latitude":-21.648058407592067}},{"userUuid":"d0c581d7-7ae2-4bcf-b9d7-acdfb62eaccf","userLoc":{"longitude":172.16081577014444,"latitude":-53.72512418285906}},{"userUuid":"4ac816dd-ca30-4a38-bc80-9337d789c0fb","userLoc":{"longitude":-163.4577248638213,"latitude":-16.419165640042138}},{"userUuid":"ab291704-1656-4334-9e5c-8a25f51eeef0","userLoc":{"longitude":31.745115824300655,"latitude":-35.95214052206422}},{"userUuid":"e4c10c7e-2525-47d1-9929-36577274de6f","userLoc":{"longitude":94.83815786953693,"latitude":39.48434692524002}},{"userUuid":"2530afae-4a1e-46c4-91f0-315179cac371","userLoc":{"longitude":64.98513810393666,"latitude":25.9025854576184}},{"userUuid":"7b9aad06-cf5f-4287-8ba0-c0d906425ec0","userLoc":{"longitude":-37.89941294276011,"latitude":76.19515319414924}},{"userUuid":"cff34c3b-d640-4b6c-b70c-939961714782","userLoc":{"longitude":-93.9306264780646,"latitude":-70.05402236194908}},{"userUuid":"af45aa81-03f7-4941-8c0f-c58ac17eb4ff","userLoc":{"longitude":-48.71355425470287,"latitude":41.288433216784625}},{"userUuid":"bbf8561c-f61c-4b57-928f-4f4d26ce8d23","userLoc":{"longitude":96.12563402003366,"latitude":-80.1879628839329}},{"userUuid":"75dbc726-0c8f-4026-a3fb-4cf1016ad1a9","userLoc":{"longitude":-89.19036255478984,"latitude":44.49831774839808}},{"userUuid":"2cbd81e6-83ad-424a-a005-1b13f1520a91","userLoc":{"longitude":4.320251878096997,"latitude":51.631031323962276}},{"userUuid":"6ab0bf33-be26-49df-ad24-193760bf6785","userLoc":{"longitude":-75.41913537293391,"latitude":29.98298839601472}},{"userUuid":"f454120c-0b25-4031-bbd2-f5832b46efef","userLoc":{"longitude":23.70832789036649,"latitude":-84.40965169864634}},{"userUuid":"50242ebd-a13f-44d7-846f-c80178e88041","userLoc":{"longitude":-129.67154291625212,"latitude":15.21883681551921}},{"userUuid":"f885514f-d84f-4ce9-b22a-572bc5b7208c","userLoc":{"longitude":51.87362640695042,"latitude":-84.3084883745651}},{"userUuid":"28165bd7-2483-44ec-90ab-78d8c3afe83c","userLoc":{"longitude":-85.16409572322388,"latitude":-54.399006426511455}},{"userUuid":"ace32cb4-39cb-4d33-9dbe-e95c013aee91","userLoc":{"longitude":-168.1225228996391,"latitude":6.4596181326490125}},{"userUuid":"10154a36-bd48-4c25-b7d6-6a76a65c5b03","userLoc":{"longitude":37.365133696951006,"latitude":-72.35649634768862}},{"userUuid":"dbeeaf91-fe5d-4761-bb3e-01ec390ba267","userLoc":{"longitude":7.530258572783765,"latitude":49.348677048009336}},{"userUuid":"469d48db-a12b-4618-ba8a-1fb9277d8852","userLoc":{"longitude":-22.5410061529563,"latitude":-77.08557546633247}},{"userUuid":"a76bd42a-d506-48b4-842b-157253e48144","userLoc":{"longitude":120.45241474156177,"latitude":-81.49491705166749}},{"userUuid":"9ae0ea87-1667-43e5-b172-64a3ef76a95f","userLoc":{"longitude":127.55865206911261,"latitude":-67.26791822520691}},{"userUuid":"2d9643cd-a833-4c66-81c1-7255339d523d","userLoc":{"longitude":-165.686027626919,"latitude":62.13413220380417}},{"userUuid":"2b71226a-14e5-441d-b10c-f9df55f50b1a","userLoc":{"longitude":66.16960823719208,"latitude":37.934326572005915}},{"userUuid":"05bc54f4-2c38-4a81-b2bd-7ad02e35d970","userLoc":{"longitude":28.80875832355079,"latitude":71.47559932160067}},{"userUuid":"e771227e-7373-43c3-8728-c29d42ca77ee","userLoc":{"longitude":112.04021863339887,"latitude":-4.154866340086059}},{"userUuid":"bc96f5e5-9c30-46fd-b326-c481ea550ec4","userLoc":{"longitude":-99.836720402035,"latitude":21.191582907439013}},{"userUuid":"3791c222-c300-4ef8-8912-04e6fd3f2b41","userLoc":{"longitude":89.80930498428387,"latitude":78.02962232033386}},{"userUuid":"a49c1350-dcb6-4df8-b371-79e8f2bdd6c6","userLoc":{"longitude":-53.54110728680767,"latitude":44.05947635919861}},{"userUuid":"9c806f7f-6fbd-4543-a746-6244018f7e2a","userLoc":{"longitude":-157.88473724036214,"latitude":-11.456458736424963}},{"userUuid":"6093d49c-c9de-415d-bafe-290ee82ee4ea","userLoc":{"longitude":-3.8502042646565826,"latitude":73.23153941651239}},{"userUuid":"6e182f0a-c729-4510-897a-1a234946581b","userLoc":{"longitude":126.84773918897326,"latitude":46.17929144261592}},{"userUuid":"462bf188-6348-4c98-a47c-5ee5dc44610f","userLoc":{"longitude":165.07420922941793,"latitude":14.708614336418194}},{"userUuid":"e563da9a-f48c-459b-9e3f-11bb098444cf","userLoc":{"longitude":-149.72824965223126,"latitude":29.696150610948266}},{"userUuid":"184cc655-9fc6-41bb-95d9-30f68b420a87","userLoc":{"longitude":-49.4334584084298,"latitude":26.414330593233714}},{"userUuid":"c154d939-ad51-4d53-855b-a322a46888a4","userLoc":{"longitude":61.374258571003764,"latitude":61.92380656335706}},{"userUuid":"73caff23-40f9-43ac-b12e-c5fe02c11299","userLoc":{"longitude":-138.25124718322598,"latitude":-71.79439061057464}},{"userUuid":"e92e5d5e-43e8-4508-9783-fecd303ee9b2","userLoc":{"longitude":-71.12926516198785,"latitude":55.57795470013224}},{"userUuid":"97a3bfa9-4b2f-4d60-a467-2e123a21b7b3","userLoc":{"longitude":168.6415523667048,"latitude":-5.99564127258725}},{"userUuid":"8141ba22-9b2f-4ce3-a657-952aeaba2ca4","userLoc":{"longitude":80.11190796194103,"latitude":16.868287764781968}},{"userUuid":"119bf17d-886c-4989-9ac2-7fbd43f24afe","userLoc":{"longitude":-131.95620307909286,"latitude":-41.937378816443896}},{"userUuid":"fc843a3c-6a45-4d6c-9b78-565316af29c2","userLoc":{"longitude":67.5902473609278,"latitude":-78.27061646257096}},{"userUuid":"0f28c92a-496c-4363-a606-ef7ace9f45e7","userLoc":{"longitude":-167.83789904233385,"latitude":-56.739092289683725}},{"userUuid":"6b142b85-7ff3-47db-a611-c4dc52833921","userLoc":{"longitude":-43.092676035452996,"latitude":-31.307191844021403}},{"userUuid":"74ca28db-a978-4ae9-973a-8fcae1374744","userLoc":{"longitude":168.60100225118566,"latitude":-46.53870654736313}},{"userUuid":"28bcb163-45c0-4b60-ac8c-ef08d05befac","userLoc":{"longitude":133.83103375339653,"latitude":-4.310381955377494}},{"userUuid":"d01ffbf1-cce4-4b71-8d7b-069bf4335dc3","userLoc":{"longitude":145.19241494786814,"latitude":14.6429414939183}},{"userUuid":"72ddd66a-beed-4d3f-afe7-e0fb045c842a","userLoc":{"longitude":-6.258621795625885,"latitude":53.892897374715034}},{"userUuid":"480c2bfa-7412-42e8-b0f8-bc33da397e31","userLoc":{"longitude":-158.60073170872903,"latitude":79.0785684177624}},{"userUuid":"e7be3d29-d8a2-4309-840a-abf05b23cdac","userLoc":{"longitude":-43.26403836097569,"latitude":59.18396465993061}},{"userUuid":"ea3e624c-164f-4d3e-9f84-14eaea977617","userLoc":{"longitude":108.12351980384602,"latitude":-66.76175951130821}},{"userUuid":"53e1281a-cdb2-44b4-bd54-7c29b1d5ccb6","userLoc":{"longitude":177.78946219428713,"latitude":5.756299587539118}},{"userUuid":"628c0177-1911-4a35-99fe-cc533637d469","userLoc":{"longitude":165.30796664250204,"latitude":-68.75722335956223}},{"userUuid":"a9e356ba-6c89-4e49-b8d7-fbb8c220855f","userLoc":{"longitude":-21.631280454040223,"latitude":66.54440064647295}},{"userUuid":"6d37497b-a9bb-4395-a33f-3498e84a77d7","userLoc":{"longitude":-40.05760532547447,"latitude":2.3247972380859068}},{"userUuid":"55ae8f0e-cfb0-49e0-9857-b13c7f9df7e3","userLoc":{"longitude":16.50074114251933,"latitude":-19.089475321233152}},{"userUuid":"1404d019-ef32-40e6-8a99-c07e11b3f37e","userLoc":{"longitude":-69.07719191820678,"latitude":-73.17554215606026}},{"userUuid":"a45ac06c-411d-4f87-b1da-4f42a339747b","userLoc":{"longitude":11.522244991327142,"latitude":14.461834368549901}},{"userUuid":"32693f73-0ff9-41be-b687-f13110cabcf6","userLoc":{"longitude":-11.947914522627201,"latitude":-11.464568820235485}},{"userUuid":"e3f256d4-afc6-4ce8-aebe-530636acbb5a","userLoc":{"longitude":-102.55125114304514,"latitude":-31.926650267301312}},{"userUuid":"9e342791-fee3-476b-bee9-0f6103922404","userLoc":{"longitude":-90.94058105530455,"latitude":-45.427219808715584}},{"userUuid":"30c9f6bc-c50f-426d-b58e-fba0291012ca","userLoc":{"longitude":39.240119437334414,"latitude":-73.29616974953325}},{"userUuid":"080ab9d1-7827-42aa-9d70-8ca131dfcb9e","userLoc":{"longitude":-160.7481786353596,"latitude":-23.490813776306858}},{"userUuid":"b1bb3d70-1cb6-4f05-9c66-15be57a8c1b3","userLoc":{"longitude":-150.63397250252393,"latitude":40.34089019609037}},{"userUuid":"932f141d-41f4-4977-a32d-57bbc4052aca","userLoc":{"longitude":114.04260282014434,"latitude":-49.967858080173094}},{"userUuid":"cec2b94e-9f85-4cc4-b302-b696b3994b1a","userLoc":{"longitude":-22.517830911098088,"latitude":35.17460364975453}},{"userUuid":"c5348a61-d5ad-4667-b4fe-b6109adfb6a5","userLoc":{"longitude":-90.68039987320516,"latitude":46.45133768573831}},{"userUuid":"febb65f1-03c8-4a57-880c-d6c0d20d7895","userLoc":{"longitude":-72.1901513031755,"latitude":-36.236620187650324}},{"userUuid":"faeb2d2a-d31d-46d9-91c7-04e0e9675622","userLoc":{"longitude":-9.66831329134601,"latitude":-44.06546447365273}},{"userUuid":"4ac879d2-9687-4c04-8021-fd624593561c","userLoc":{"longitude":0.7124728424689408,"latitude":-74.76673517726965}},{"userUuid":"17ace0c3-9dc1-4aa1-98d3-b94f0cb1ca54","userLoc":{"longitude":-76.72231360470899,"latitude":-57.260829738231706}},{"userUuid":"1548d756-93df-4d2e-9054-8943880e3ffa","userLoc":{"longitude":-112.08164099992207,"latitude":45.42337583188552}},{"userUuid":"6e2c26bf-af09-403b-8f32-de14a94750b2","userLoc":{"longitude":-146.26680829132383,"latitude":40.38901924833215}},{"userUuid":"e8dfa3cb-dc6b-4ce3-b7cd-46d69fd7eb2f","userLoc":{"longitude":-165.4416502393821,"latitude":56.471922181436526}},{"userUuid":"01ed9187-1d20-4532-9b12-2a31a6c1e73b","userLoc":{"longitude":-102.12660582795907,"latitude":84.82263940208557}},{"userUuid":"bad4e488-04fc-4224-8ec2-473fe3287992","userLoc":{"longitude":117.72502977344544,"latitude":4.434602379610936}},{"userUuid":"17a8d108-26ca-4689-9d13-740f66ede08f","userLoc":{"longitude":-85.84649380546908,"latitude":-23.73770031030454}},{"userUuid":"607ebfa6-9089-4c76-8d23-868a5e295503","userLoc":{"longitude":116.99670563653171,"latitude":17.103021651678105}},{"userUuid":"469b9dd4-28a1-48ca-98af-0b558e897ae3","userLoc":{"longitude":-54.72001421078855,"latitude":16.72896894185537}},{"userUuid":"a739e456-c18e-4443-b784-eb921f060798","userLoc":{"longitude":129.36080697578024,"latitude":-32.37777698274972}},{"userUuid":"b6cfa3fd-43ab-4c2b-a085-1276d164d004","userLoc":{"longitude":-163.48557694677507,"latitude":1.1619008562338422}},{"userUuid":"8e9bbcac-4a66-45b2-beae-471c26941c42","userLoc":{"longitude":106.96312908654926,"latitude":14.404419930029945}},{"userUuid":"3e3cc67b-9fab-4d90-a781-f68e5d54c857","userLoc":{"longitude":-12.375355911711523,"latitude":81.59192328133852}},{"userUuid":"e9612603-1d89-4e00-933d-b650c49cb7f9","userLoc":{"longitude":101.60348848450542,"latitude":82.87678872076111}},{"userUuid":"87b373d7-635d-4264-8315-593d985a9a8c","userLoc":{"longitude":-151.93680800487576,"latitude":-53.53854468615668}},{"userUuid":"5b6280e0-5786-4174-a4c0-c3731ecae775","userLoc":{"longitude":97.95329453631064,"latitude":-69.26459542801649}},{"userUuid":"31ff7ce4-360e-434b-b74a-9b3f995ea6bc","userLoc":{"longitude":21.01287016846129,"latitude":-12.08467694322745}},{"userUuid":"12924249-b141-492b-b961-48ac5d94ad46","userLoc":{"longitude":119.52608330558536,"latitude":47.83772107268743}},{"userUuid":"cbb1d8d0-59a0-4fac-8501-c902d4d4186c","userLoc":{"longitude":174.20229099813133,"latitude":-13.622558446367293}},{"userUuid":"bbe0f139-4932-4752-bcc3-d9bffd9029ae","userLoc":{"longitude":-154.3649389751421,"latitude":-34.6280536546153}},{"userUuid":"fc3dbaa6-4d57-4a77-aa8b-775dcec1a5bf","userLoc":{"longitude":-170.58910818292998,"latitude":-84.24569572926087}},{"userUuid":"998c4bd5-d7f1-407a-a5cb-9b5bb75cf92d","userLoc":{"longitude":107.28723317822454,"latitude":56.13452889664103}},{"userUuid":"1bb06c6e-87c6-4c51-9d2f-185d2273dc31","userLoc":{"longitude":-126.79457288062346,"latitude":77.95215460307068}},{"userUuid":"77c2ccce-5fb0-437c-b8c7-0396458d27aa","userLoc":{"longitude":-126.4157745157116,"latitude":6.936121149232548}},{"userUuid":"33b5cd05-881b-4e12-9da6-44d56f13135c","userLoc":{"longitude":-150.95960566661282,"latitude":45.875448905973855}},{"userUuid":"5dc4b7f6-5749-4d88-8a0f-36a571e14f9b","userLoc":{"longitude":110.50657043416146,"latitude":38.80924187579859}},{"userUuid":"d82920d4-b595-489a-b990-8529f9298941","userLoc":{"longitude":67.23776835870373,"latitude":-10.546302864932002}},{"userUuid":"882d7121-bfd8-4b5c-8a02-8990f0166f9b","userLoc":{"longitude":-151.49237946494227,"latitude":49.06558065402854}},{"userUuid":"174a726b-8d45-4afa-a7c5-dcd4a7e0fe17","userLoc":{"longitude":-177.56591547343302,"latitude":6.784524184106857}},{"userUuid":"82790ef1-bee2-42df-820f-d01bac3b97c7","userLoc":{"longitude":-61.77317665126186,"latitude":77.36750416561986}},{"userUuid":"be7b75ff-0c14-4175-9628-471fafb7c70a","userLoc":{"longitude":59.86851318246727,"latitude":21.467073216369897}},{"userUuid":"c87e9cff-8f38-4b35-b510-b3779706d125","userLoc":{"longitude":13.454125247860986,"latitude":-52.33931721118102}},{"userUuid":"d44e1855-45e0-421f-b83b-1c145360cacd","userLoc":{"longitude":-45.97450592537302,"latitude":-5.210784071003857}},{"userUuid":"c6001b8b-e4aa-4c6b-8179-3aaa179c9150","userLoc":{"longitude":137.111287726615,"latitude":79.78530523516798}},{"userUuid":"67ae039b-753d-42dd-b6a0-8a814be3560b","userLoc":{"longitude":-67.56918100968309,"latitude":73.63947939187403}},{"userUuid":"7545185b-8cb3-4358-a259-186b1fcdc0fd","userLoc":{"longitude":121.39793155037188,"latitude":36.47677710177781}},{"userUuid":"eb5b8df3-908c-422b-a181-743ea227c547","userLoc":{"longitude":20.05102288904277,"latitude":-1.1707408746222683}},{"userUuid":"99279071-cee8-4a0e-8c46-9069961817fd","userLoc":{"longitude":166.47251621418144,"latitude":65.52170150696247}},{"userUuid":"381c6763-6776-43ab-b443-0d7539da0c54","userLoc":{"longitude":3.250470761250739,"latitude":16.494738918074034}},{"userUuid":"3b185b08-5e6e-40ba-9eb0-c3c87c06edd1","userLoc":{"longitude":-65.32615130963121,"latitude":-27.876099009320853}},{"userUuid":"f1b940af-7e76-4a70-81d8-a77b868251bb","userLoc":{"longitude":-104.37724260785359,"latitude":-43.9794479369759}},{"userUuid":"bfa86da5-8f2c-4aec-87d5-671728431164","userLoc":{"longitude":125.10413577532887,"latitude":-36.824211706945796}},{"userUuid":"62d2327b-69f6-4b5b-bf2a-1967e79a9bf3","userLoc":{"longitude":-5.8327791532348385,"latitude":-65.48596296221197}},{"userUuid":"f5afe81a-9d32-4f16-a196-cca1054a5c9a","userLoc":{"longitude":-44.4907359790831,"latitude":50.528365928198525}},{"userUuid":"5db96db2-37ac-47ac-ab0c-4a4d676886d8","userLoc":{"longitude":-40.37805585405684,"latitude":75.78378001906424}},{"userUuid":"569e32d8-3683-4414-b6d8-96b6d30b3a0d","userLoc":{"longitude":89.73351267755004,"latitude":-13.585533826818988}},{"userUuid":"814cb834-16c2-4745-80c5-6682d9b2ee6a","userLoc":{"longitude":104.83959687223364,"latitude":-8.207912187163316}},{"userUuid":"10d16f05-6c4f-4d9d-aae5-cea4fbb7d75a","userLoc":{"longitude":147.40757231774012,"latitude":15.047112559041238}},{"userUuid":"3feb510c-18b4-4e05-9997-12210f5cdad1","userLoc":{"longitude":83.04799803962237,"latitude":6.919339302610098}},{"userUuid":"71818248-7cea-47b3-be33-b463d78f6391","userLoc":{"longitude":-91.22238598194386,"latitude":14.618395619957525}},{"userUuid":"74f744a1-30ef-4511-b3b6-03d1c29a42c4","userLoc":{"longitude":97.00472521331847,"latitude":0.34498164176798696}},{"userUuid":"746386e7-be78-4cda-8b44-d63c26415de5","userLoc":{"longitude":113.96158851829279,"latitude":-83.15564811417694}},{"userUuid":"9828d847-f7e5-4757-a730-7754bc0b2588","userLoc":{"longitude":-144.80802794453174,"latitude":-66.85157433191945}},{"userUuid":"57ed14c3-264e-4247-bbc9-2f9179ed0316","userLoc":{"longitude":153.17344142772163,"latitude":-82.62335111251849}},{"userUuid":"e1b27b26-6662-4c28-9540-d457417fe526","userLoc":{"longitude":67.83547354704942,"latitude":3.6266127075586496}},{"userUuid":"4c5f6a6d-3de8-499a-9b3d-93875a10a417","userLoc":{"longitude":138.27238953038454,"latitude":3.8345368091747787}},{"userUuid":"681db2a3-a2f1-4af3-b3e7-62ffc80a5242","userLoc":{"longitude":118.06487562781575,"latitude":-64.3519669751231}},{"userUuid":"5fc51526-1737-43e3-809d-46d3fe20ecef","userLoc":{"longitude":-132.63804236452697,"latitude":38.82062220750126}},{"userUuid":"950050f2-c45c-4d6f-a5e5-8969fee380f1","userLoc":{"longitude":29.727501614847768,"latitude":-78.10549096939452}},{"userUuid":"86604c85-2768-40f3-9b85-ee7fe86bfc51","userLoc":{"longitude":-61.37631201373506,"latitude":50.62381989240447}},{"userUuid":"68aa4f09-f7c5-4306-be6d-b89c76cd6eab","userLoc":{"longitude":112.01182159920148,"latitude":-40.05790574017354}},{"userUuid":"477536ff-5bf5-4eab-a342-0aace2323fe8","userLoc":{"longitude":147.6168556977006,"latitude":-61.330602450905474}},{"userUuid":"6a2cdf40-d87b-4b39-ae4f-9b167347c014","userLoc":{"longitude":43.18820931931944,"latitude":52.42085270600725}},{"userUuid":"26476214-6b01-4404-8f2d-5d51ce0a476d","userLoc":{"longitude":62.58909559831798,"latitude":-27.12212672466807}},{"userUuid":"ae7b209a-7e64-4d01-80d8-d3deefb678a5","userLoc":{"longitude":13.98914807656817,"latitude":-53.07968046656765}},{"userUuid":"23a07f66-5198-4b53-a41b-3ea931613a04","userLoc":{"longitude":175.70766471340403,"latitude":22.215522296312386}},{"userUuid":"b82571a7-dd03-4f16-b73e-27af53de0165","userLoc":{"longitude":-42.81479753910048,"latitude":14.014107190474576}},{"userUuid":"da20e2e3-b660-4d12-8937-2d245a7a8e25","userLoc":{"longitude":167.77629926983582,"latitude":-76.64574520409296}},{"userUuid":"334285bb-9f69-4b99-98ed-052743cae9df","userLoc":{"longitude":-80.60080360150587,"latitude":-80.7565573037951}},{"userUuid":"d305161f-63fe-4fff-8ccc-b42664eeffce","userLoc":{"longitude":-78.95277782553966,"latitude":10.834481758312037}},{"userUuid":"9f10e538-a350-422b-9078-cb84cce7f546","userLoc":{"longitude":123.76401496277646,"latitude":3.3656245966529923}},{"userUuid":"a3779421-70e5-4e90-ac24-fb8f7b13397c","userLoc":{"longitude":-149.41194072979823,"latitude":-82.49957309921427}},{"userUuid":"660c20ff-9cf5-4e03-9518-8222b5503bce","userLoc":{"longitude":-123.11331208592321,"latitude":-62.83329685505113}},{"userUuid":"3c095b72-e4cf-4c22-89c1-6e3c08620c1d","userLoc":{"longitude":-78.2899260587157,"latitude":24.17742386376014}},{"userUuid":"a13d5903-e29d-4582-bb91-bcef41bef1d8","userLoc":{"longitude":-155.4553399997557,"latitude":-8.242793051934072}},{"userUuid":"ce7702b0-30f0-4b54-957c-0bf26aebdf77","userLoc":{"longitude":47.73976065219054,"latitude":20.90444701713541}},{"userUuid":"959afe73-f664-4d5a-94c7-2fe8e1e1df95","userLoc":{"longitude":-166.14278669357586,"latitude":61.41653914986088}},{"userUuid":"6afb0491-c9f0-4777-a11c-d7e3e2f0273d","userLoc":{"longitude":-7.980826093422536,"latitude":-16.155648378829497}},{"userUuid":"9dbe493d-cb0e-47e5-8f52-d8910bea9ef4","userLoc":{"longitude":-95.17364477805586,"latitude":22.027460081065627}},{"userUuid":"07b72e73-98a9-4d1f-9abc-fb63c4f03a4c","userLoc":{"longitude":53.030114885558476,"latitude":25.520557823288286}},{"userUuid":"637995a6-20ae-49bc-855c-585de8cd765f","userLoc":{"longitude":106.17666551151962,"latitude":-13.38048943556555}},{"userUuid":"be394d51-0b4a-425b-ba12-105785adbe30","userLoc":{"longitude":-148.66634910511473,"latitude":-18.683593209703517}},{"userUuid":"f9091b0a-df35-4c9b-bde8-d10cadc3fced","userLoc":{"longitude":134.55669415525477,"latitude":18.55105839814945}},{"userUuid":"49ccb494-c90a-4a8f-a1b3-ac6fc648ad05","userLoc":{"longitude":73.654073063081,"latitude":-40.66022301688693}},{"userUuid":"e71cdccb-d2b6-4306-a693-33ae91fb71fe","userLoc":{"longitude":-99.1196519644744,"latitude":-23.89040911997632}},{"userUuid":"a20a1423-738f-41cd-9909-647c8fca5bf5","userLoc":{"longitude":76.56895276032691,"latitude":66.8875813457581}},{"userUuid":"da72f6ad-1afc-485c-b983-86f5d8aa6e7e","userLoc":{"longitude":-98.48646956751426,"latitude":76.69171638866939}},{"userUuid":"be0c7049-e547-4d5e-9eae-9279f039d484","userLoc":{"longitude":115.06107102115544,"latitude":1.0635818702936035}},{"userUuid":"494f59f6-fe89-4b23-a6e4-fa781512617c","userLoc":{"longitude":31.505906452676044,"latitude":26.285826523174435}},{"userUuid":"4c248c8c-4ab6-48cc-8467-9d9a20d5f8bc","userLoc":{"longitude":-113.92238519304338,"latitude":-10.906508428169332}},{"userUuid":"67b4c9d1-9147-4df9-a0de-5ed78607b96e","userLoc":{"longitude":65.65907055886237,"latitude":-43.026902466934835}},{"userUuid":"9961e3cb-7afd-44a2-8347-5a9e8096917e","userLoc":{"longitude":82.97862273069171,"latitude":47.01873069252292}},{"userUuid":"906d5c4e-6f20-4779-984c-3a2374b33ac8","userLoc":{"longitude":-75.47310016006999,"latitude":75.07598561412834}},{"userUuid":"fe804c57-d755-48cf-bfc7-7e248c7a1dab","userLoc":{"longitude":-33.78073552410447,"latitude":57.95952103109451}},{"userUuid":"a9b52584-bb20-405d-a547-08eba4c75347","userLoc":{"longitude":85.31650065218781,"latitude":42.60927894390038}},{"userUuid":"e9a1b8c0-282a-4c79-9bd4-6d4338aa46db","userLoc":{"longitude":-133.6204084116005,"latitude":73.87281008040807}},{"userUuid":"a4034aa4-d5e3-46c7-9147-ab5ae0909520","userLoc":{"longitude":24.092778368507197,"latitude":-11.117376989600942}},{"userUuid":"a2d8edff-1ab5-4b93-af07-ae269b4ed0eb","userLoc":{"longitude":-88.47705478567897,"latitude":-21.79490543621479}},{"userUuid":"db1d5af8-5c28-46d2-b3d4-215199d5da26","userLoc":{"longitude":12.256309500809891,"latitude":-42.021397911121454}},{"userUuid":"674bf628-cb29-439c-b499-827f253bf56b","userLoc":{"longitude":-154.26821886176126,"latitude":-2.898095147955587}},{"userUuid":"577586c8-4c2d-4276-a63f-a69bdc3cde02","userLoc":{"longitude":-173.32603959596986,"latitude":66.75339293533781}},{"userUuid":"7a6b32d6-bb3a-4e17-acf2-edab39c2b687","userLoc":{"longitude":145.69401218897735,"latitude":-34.452376999225024}},{"userUuid":"a1ff5d71-3ef6-4380-adea-5581dacd8f68","userLoc":{"longitude":-80.9207490735559,"latitude":0.28020188494642184}},{"userUuid":"029303a6-5c5f-479f-b95f-3cf1532dfb57","userLoc":{"longitude":-152.19910068699738,"latitude":-73.06835396627267}},{"userUuid":"92b93e02-ea7b-48e8-b6ee-ac1c0e3bdc02","userLoc":{"longitude":-67.9879855659701,"latitude":-43.16194868085133}},{"userUuid":"3d144a38-1df8-401c-b211-be951b8a243c","userLoc":{"longitude":-6.33189666760029,"latitude":43.75838153782084}},{"userUuid":"8f611c1c-58f5-4fc3-ad03-d5b8858de0e5","userLoc":{"longitude":51.22571988247017,"latitude":-22.858845050064964}},{"userUuid":"b6b6fef5-a2d0-43af-bc87-b69b99f8f799","userLoc":{"longitude":51.559905804345334,"latitude":-64.98175203341951}},{"userUuid":"0c17e8c7-c22e-49f4-85ff-9f9c4d918c51","userLoc":{"longitude":-136.5457221611435,"latitude":64.47599229946422}},{"userUuid":"33c486f0-52dd-4d0d-ad18-7025b61473bb","userLoc":{"longitude":-163.51982164697532,"latitude":54.40610466547915}},{"userUuid":"db8be7e1-0a43-4fd2-ac8f-f721ca696b15","userLoc":{"longitude":-87.45457118290065,"latitude":-0.9303605507890609}},{"userUuid":"ecdb2dff-6579-47ce-a038-5b33c59733ea","userLoc":{"longitude":-162.22486806121395,"latitude":-5.1694639954802}},{"userUuid":"13924679-42cb-478c-b3e9-4e2d094363c9","userLoc":{"longitude":-76.82813960428572,"latitude":22.469346535271953}},{"userUuid":"af2539a9-58af-453c-ab55-0349c6397172","userLoc":{"longitude":-120.87102311706067,"latitude":-29.55529022492462}},{"userUuid":"ebb89849-0de5-4ba4-9ba5-02f7650944b6","userLoc":{"longitude":-140.84610783404378,"latitude":23.962018148657606}},{"userUuid":"abe636bb-da09-464a-848b-ae1d4405e229","userLoc":{"longitude":-86.72765510176849,"latitude":7.95328879088045}},{"userUuid":"46b7fb40-2860-45f6-949d-e5c80fdb5857","userLoc":{"longitude":-162.38886702754348,"latitude":-59.30133898918157}},{"userUuid":"b0b4d335-6ea4-47fd-947c-972faca9001c","userLoc":{"longitude":38.476861771248906,"latitude":-66.1678184412177}},{"userUuid":"09000588-2a91-4fb6-8e55-801a216b94b4","userLoc":{"longitude":48.92572628359832,"latitude":9.303886205771036}},{"userUuid":"6d6bf037-e1a1-421a-8da5-6b5d32c6e595","userLoc":{"longitude":39.64777147478631,"latitude":78.04344344209571}},{"userUuid":"c3ae5c9c-6672-42d5-a11c-6921abcb0ec7","userLoc":{"longitude":142.1834631096683,"latitude":-37.614193469772815}},{"userUuid":"6ab7933e-90e7-453b-ae51-551be7ce4288","userLoc":{"longitude":108.21057195755992,"latitude":-9.397931536506988}},{"userUuid":"e9ab4580-8f7d-4318-9a47-9884fed22741","userLoc":{"longitude":105.60096913777545,"latitude":12.500915217061163}},{"userUuid":"ed5ca294-9292-4905-b668-af48c32fbf26","userLoc":{"longitude":152.36720933989744,"latitude":54.546068619751765}},{"userUuid":"7f013039-133a-4f01-aa4f-3115b32a682b","userLoc":{"longitude":-56.82911469727591,"latitude":-27.456373338082393}},{"userUuid":"5b0512b5-8c1b-4852-a752-ba936efc7b44","userLoc":{"longitude":59.41063620552387,"latitude":-10.52801223309504}},{"userUuid":"08af090b-1459-4f90-8c55-98dc7ec5319e","userLoc":{"longitude":-115.79149118264422,"latitude":28.37814239491398}},{"userUuid":"71d96833-03cc-4dfa-aee0-698403cae8ed","userLoc":{"longitude":-87.98067559144782,"latitude":-38.129958049638}},{"userUuid":"a0083ef9-74c3-4b0e-b8c8-2b7676938f2c","userLoc":{"longitude":-119.89777965172512,"latitude":-80.93559499377878}},{"userUuid":"12aac787-2403-4f4c-a55a-fbdf71d1fa59","userLoc":{"longitude":113.16756069991015,"latitude":-3.2132598203194362}},{"userUuid":"04624902-cc9d-4acf-9845-0f376b277125","userLoc":{"longitude":41.96622045053158,"latitude":-21.015051777084864}},{"userUuid":"50ca4d98-560c-4933-ad77-32461ea50202","userLoc":{"longitude":7.468782521153315,"latitude":10.381342572285163}},{"userUuid":"5016fb64-b216-4f48-8814-9666766db247","userLoc":{"longitude":-40.94332676411301,"latitude":-5.534418279745907}},{"userUuid":"2ba1884b-02d2-4b26-97c5-4bdc37928cee","userLoc":{"longitude":-133.17898250549698,"latitude":-17.327676344524846}},{"userUuid":"52c0090c-f7a5-4194-8ed5-3e9240fbb107","userLoc":{"longitude":-5.1313421581727425,"latitude":56.83631673178638}},{"userUuid":"ee528a48-919f-405f-9522-e503ef594514","userLoc":{"longitude":56.95279897182425,"latitude":75.25363229916971}},{"userUuid":"6abc01d5-1020-426a-bfda-d1ff24887bbe","userLoc":{"longitude":9.997159618004758,"latitude":-1.553888489220057}},{"userUuid":"ff8b8391-7c51-4647-9adb-51dc8937577f","userLoc":{"longitude":108.16067688895549,"latitude":-83.97413398063881}},{"userUuid":"1802872e-961c-4163-829c-c8962337815b","userLoc":{"longitude":-38.72519987774413,"latitude":42.43118534117028}},{"userUuid":"4c53ce2e-259c-4809-be5c-e65f3ca12e18","userLoc":{"longitude":-3.008175593216208,"latitude":-29.73420104515482}},{"userUuid":"31cdf4ca-b8b3-4776-932b-b6c902cee742","userLoc":{"longitude":157.15394452402694,"latitude":-62.31003420768607}},{"userUuid":"bef506fe-1338-45de-8c05-a744ff92302f","userLoc":{"longitude":-41.297962832503174,"latitude":45.70037533524396}},{"userUuid":"2df4c1be-fb4c-45bb-a5b8-c0af33ccbaf4","userLoc":{"longitude":175.95812344396916,"latitude":62.427247683320076}},{"userUuid":"83d723fc-0a31-4301-9191-fd39c4f71a95","userLoc":{"longitude":-116.80667618282493,"latitude":-24.612727433656815}},{"userUuid":"e930bc5c-5585-4ec8-a275-718d6bbbe669","userLoc":{"longitude":-159.70499637428193,"latitude":73.38860590453734}},{"userUuid":"1cb38953-5196-4f1d-82db-60dfa18104f3","userLoc":{"longitude":-84.5107119394219,"latitude":41.99039260867424}},{"userUuid":"2b692445-1d60-4dcc-a2ee-cb976ace631f","userLoc":{"longitude":118.68853118678453,"latitude":-8.441587160442495}},{"userUuid":"8e72eb42-3126-407c-adad-cf1d58081f5d","userLoc":{"longitude":158.63066593398042,"latitude":-45.53908344771665}},{"userUuid":"9ae08c86-92b9-4ec0-920a-267eca78dad8","userLoc":{"longitude":9.632847165661133,"latitude":4.944671039750901}},{"userUuid":"913f5645-610b-4ba1-bfff-795d9c88aa01","userLoc":{"longitude":122.80389399499768,"latitude":51.254636119484104}},{"userUuid":"ac500109-e43e-4b93-81bf-52672d4062f0","userLoc":{"longitude":160.47028163931992,"latitude":65.42108987875292}},{"userUuid":"fbb59e2d-88e3-439c-b5d2-9fb85bfbf85e","userLoc":{"longitude":145.45279975311223,"latitude":-20.09945710500078}},{"userUuid":"ca10a326-655c-4ec7-a791-3f70a806ceed","userLoc":{"longitude":135.39376119020125,"latitude":-71.35985725488744}},{"userUuid":"532e3390-9d41-49dd-ac33-9af1f4773576","userLoc":{"longitude":-159.73924509617987,"latitude":-8.659917122313601}},{"userUuid":"d29d487d-e61d-4e0a-9347-6e860e64366b","userLoc":{"longitude":166.14574384722124,"latitude":80.7482786352474}},{"userUuid":"18972140-1b26-4d9f-b42a-388c4fb4d287","userLoc":{"longitude":6.325356568897291,"latitude":38.31875197661141}},{"userUuid":"4f1d7811-c113-4ee3-93c9-123d38b2ec77","userLoc":{"longitude":-1.9984409149938642,"latitude":58.58299064731011}},{"userUuid":"4e8a2f82-c869-4cbd-8310-0367097257cb","userLoc":{"longitude":-128.34201731202788,"latitude":-55.567502120751854}},{"userUuid":"40626911-8604-4bac-a712-e196d1fc9fc6","userLoc":{"longitude":51.157429283805385,"latitude":32.71100617758391}},{"userUuid":"033bf5a3-e9f7-41dc-b756-9ada9589f953","userLoc":{"longitude":-29.247001754233168,"latitude":43.80627861117941}},{"userUuid":"868e362b-ba9a-4efe-9bb7-51af67feeed1","userLoc":{"longitude":-57.94134479045047,"latitude":-75.99333545002015}},{"userUuid":"33d4fa62-4072-4c35-91da-83fe8d4493e8","userLoc":{"longitude":148.13565216367624,"latitude":15.983576725787117}},{"userUuid":"b355fd1e-f65c-4b90-b037-19fa7629f333","userLoc":{"longitude":0.1834684587229276,"latitude":36.60234166040574}},{"userUuid":"94a90780-768b-49a7-83c6-ec6d9267e2c8","userLoc":{"longitude":-73.57384453946905,"latitude":41.42657584528891}},{"userUuid":"eb88bb5c-c17c-4127-94f8-fa21e12f4456","userLoc":{"longitude":-162.91023548995835,"latitude":-37.590702980157765}},{"userUuid":"c0eccbb9-a49d-40fa-b89e-0fe980b9dc87","userLoc":{"longitude":-91.54480140508574,"latitude":31.665317336146728}},{"userUuid":"19e81f32-f8a7-4f2b-bc4c-732aecdb729f","userLoc":{"longitude":-55.07991487530488,"latitude":64.34610729431162}},{"userUuid":"a6a00170-271f-48e5-9ce8-721f77acf2cb","userLoc":{"longitude":33.13179606599064,"latitude":27.215347819926436}},{"userUuid":"4701a9fe-b6d9-49fb-ab93-72863a66ebb7","userLoc":{"longitude":-96.4442387243495,"latitude":-37.68350531836712}},{"userUuid":"a67a3f27-fe87-4f05-8cc4-b64637fcd081","userLoc":{"longitude":140.07278723947996,"latitude":31.41220960941996}},{"userUuid":"a09ff7b2-1bb6-4e84-bf6c-45f8b6d31633","userLoc":{"longitude":36.763386923542555,"latitude":79.81456990095347}},{"userUuid":"71c45f4c-ebfc-432f-89d1-e95d08480d93","userLoc":{"longitude":35.62220258443574,"latitude":-79.09026821078238}},{"userUuid":"2b68b18e-4004-4712-ad18-40c4ce47830b","userLoc":{"longitude":-166.46708699937025,"latitude":-73.50437566240485}},{"userUuid":"b46b870c-4352-409f-8103-b31bdba8f1f6","userLoc":{"longitude":174.9704489984398,"latitude":17.937852434535998}},{"userUuid":"ef30677d-8201-4861-8d7a-46501b2f4aab","userLoc":{"longitude":-46.859078750136746,"latitude":18.04979014579446}},{"userUuid":"711e5ea4-8973-4a32-982c-ab334a6d4a8b","userLoc":{"longitude":-72.66686383538809,"latitude":17.274632208958295}},{"userUuid":"ce3fb274-7af4-4ac8-b98b-380ac2aca538","userLoc":{"longitude":71.79795339655388,"latitude":6.584695231283945}},{"userUuid":"edd09360-047e-4d83-b5e1-b2fcf21edbf5","userLoc":{"longitude":103.75011489170731,"latitude":-9.329806693831216}},{"userUuid":"13bbf1fe-83de-4e0b-a605-5592e63d552d","userLoc":{"longitude":-148.01709648332033,"latitude":71.60480829295307}},{"userUuid":"13418730-9696-425a-909d-c29baa4f5c08","userLoc":{"longitude":-105.23578840343718,"latitude":71.09456035884531}},{"userUuid":"d30f157d-b381-4b96-98e6-b2dd3a7a4b84","userLoc":{"longitude":-146.55632153821125,"latitude":-66.58681244820195}},{"userUuid":"25007932-8482-4093-bafc-059204c56837","userLoc":{"longitude":-105.71959317331309,"latitude":-76.15215490509482}},{"userUuid":"e505a60e-058c-4b3e-8025-9d120c526826","userLoc":{"longitude":60.78489941202915,"latitude":30.852655237520707}},{"userUuid":"9e86c2f5-1c69-4ad0-b403-8dd2905efd1d","userLoc":{"longitude":53.862740701449724,"latitude":57.31225986688429}},{"userUuid":"f775bc70-884b-4607-911e-bbb09898da5e","userLoc":{"longitude":15.379894572377594,"latitude":6.451099723115746}},{"userUuid":"77f64d68-6217-463e-a1e1-373e716f6010","userLoc":{"longitude":-22.62170427329724,"latitude":-73.14967059225803}},{"userUuid":"be99c814-2de3-4431-a7ac-57f24b790dc5","userLoc":{"longitude":-72.04271998645707,"latitude":42.41870700581224}},{"userUuid":"87287ede-f986-4e87-bc55-761f03215417","userLoc":{"longitude":-37.581454556219455,"latitude":-43.4623289693536}},{"userUuid":"25fa0100-3397-47d9-b093-acf9f257c2de","userLoc":{"longitude":9.195514957426496,"latitude":68.28342842668368}},{"userUuid":"ad067618-e5e1-44eb-a99c-b320193212d9","userLoc":{"longitude":158.21876141931722,"latitude":-57.80823562186653}},{"userUuid":"a57b81cc-7718-4289-8f97-f8f01a8aa74e","userLoc":{"longitude":-150.57152376704335,"latitude":-39.776852362043286}},{"userUuid":"78b69111-51fb-49f5-9bab-10d9dfc9bb7a","userLoc":{"longitude":177.06411006459393,"latitude":-75.07603777929077}},{"userUuid":"af9c3fe6-69a6-4038-877f-2c4f440cb907","userLoc":{"longitude":174.65388844577188,"latitude":56.052895316519965}},{"userUuid":"931a31f4-290c-4283-87f3-3120ed126add","userLoc":{"longitude":94.67011036915403,"latitude":-21.02963340472303}},{"userUuid":"d6ddddda-385b-4377-a277-1e79aeacb1a2","userLoc":{"longitude":-21.870843072297646,"latitude":79.80440736426544}},{"userUuid":"ab65347f-b639-4070-8430-f6b4592e6d52","userLoc":{"longitude":-116.80001849998541,"latitude":21.241084019626797}},{"userUuid":"379d44d4-a6d6-4156-875c-f2ff64f6937e","userLoc":{"longitude":70.26177203935282,"latitude":76.19357702225713}},{"userUuid":"f6354196-cf3a-4ae8-bfaf-1119c911eb49","userLoc":{"longitude":-110.9093073813694,"latitude":-49.41251544084181}},{"userUuid":"62de5cb5-499b-47fc-963a-9f5296c5d6b2","userLoc":{"longitude":169.801420669217,"latitude":25.5116882552463}},{"userUuid":"3cab7f36-55f1-437c-8c54-5f78e924412a","userLoc":{"longitude":35.00098030629147,"latitude":54.649423643698725}},{"userUuid":"92443d35-bb4e-46f3-9c74-886606ae90a9","userLoc":{"longitude":-38.033749917051665,"latitude":-78.68241046649982}},{"userUuid":"ff33a9f0-bd56-4c3e-b6c2-91634d6f67fb","userLoc":{"longitude":-109.28006763417108,"latitude":-66.75387923249791}},{"userUuid":"36e9ad70-16ab-4acb-b248-bbbd09d30661","userLoc":{"longitude":-56.50482566375267,"latitude":-72.8418446617118}},{"userUuid":"d183d7e8-7e4e-4413-b7f9-61bd2be8fba4","userLoc":{"longitude":-161.10739385791894,"latitude":-13.859012222607944}},{"userUuid":"4e6f3013-ef73-4a91-8b16-d098fcc0d0e7","userLoc":{"longitude":-32.01798251399151,"latitude":-10.439534035454272}},{"userUuid":"5243ba7e-eccf-4898-8bb0-7526d53ad0c6","userLoc":{"longitude":38.27919476896514,"latitude":-12.088045400768195}},{"userUuid":"a719f899-dc9f-43cf-8306-be2faf63e52b","userLoc":{"longitude":-63.380624963449335,"latitude":-20.03834691623433}},{"userUuid":"35f7c395-e626-4e70-9a60-442cd506746c","userLoc":{"longitude":-79.71385621026356,"latitude":55.78140984991887}},{"userUuid":"e1f28d7d-344c-464d-a023-ca67040f3482","userLoc":{"longitude":70.09792206750689,"latitude":-62.36536370734141}},{"userUuid":"6644ec50-dab9-468b-84be-c43e2b6ef3d9","userLoc":{"longitude":175.93387975072153,"latitude":-31.131769191849116}},{"userUuid":"f13c7ed5-548b-42d1-acfb-768930568db1","userLoc":{"longitude":120.69439792264052,"latitude":-46.50812459846401}},{"userUuid":"3ebe80f1-bd25-46d6-863f-431b8f5e710a","userLoc":{"longitude":-94.1901250385563,"latitude":14.146063845737046}},{"userUuid":"928e50f6-5204-4c83-ad63-c2d34bb3b317","userLoc":{"longitude":97.97276856165865,"latitude":8.394530794981307}},{"userUuid":"be566156-bc6c-4fe9-9afb-596afff3ccd2","userLoc":{"longitude":-119.5628471747859,"latitude":45.31202981985459}},{"userUuid":"08dba0a2-ba23-4815-b4bd-91327031a6d9","userLoc":{"longitude":117.71852287395524,"latitude":-21.41648188810739}},{"userUuid":"6014d9c2-4422-42b4-959f-461b1aff5d44","userLoc":{"longitude":-148.98146036833265,"latitude":-59.66565990889678}},{"userUuid":"cbdb2f2d-18f1-4138-b1d4-b9ee33d04670","userLoc":{"longitude":-94.31231930214211,"latitude":-79.07458393677021}},{"userUuid":"b6abad39-8c10-489f-b1ae-9ec693a5d82a","userLoc":{"longitude":-151.46876864356943,"latitude":34.333250368513646}},{"userUuid":"dfd306f2-932f-4b22-b7a8-c1156ba2aa8f","userLoc":{"longitude":-92.10757058964714,"latitude":68.24911988442375}},{"userUuid":"276816a7-0206-454e-a04f-2bdf0ac61090","userLoc":{"longitude":-110.86280706576875,"latitude":69.55733259066224}},{"userUuid":"1748b9c7-4926-425e-aff2-77e31f6eb0d3","userLoc":{"longitude":162.45516633825957,"latitude":9.921601642784736}},{"userUuid":"1435119f-53ba-4c65-b29c-b702c3584b4f","userLoc":{"longitude":-124.57021908569264,"latitude":-29.26526232211701}},{"userUuid":"5fe64c52-1a6b-47b6-a900-5c143ab980ac","userLoc":{"longitude":-24.444174111884763,"latitude":-71.47685932794676}},{"userUuid":"4cd245c1-eca1-4ae9-a817-68de4ecba018","userLoc":{"longitude":-96.93846235127175,"latitude":-43.26932029329149}},{"userUuid":"f7bc1f02-916e-40ef-be0d-529afb21c85a","userLoc":{"longitude":63.313923015768836,"latitude":-41.17150890883089}},{"userUuid":"6262d172-b21a-4d5c-9c92-4f9340e07eea","userLoc":{"longitude":-175.40912070784682,"latitude":41.36952079179147}},{"userUuid":"ad8d2fdb-006a-4998-84b7-bb6403c43ea9","userLoc":{"longitude":-49.16226228548405,"latitude":-9.036851600461034}},{"userUuid":"ccefd0cc-7d2e-4ddb-8441-57d998aee420","userLoc":{"longitude":97.69008549337468,"latitude":-9.835335892300037}},{"userUuid":"8748fa8e-1162-45ed-b693-e4011224bd8f","userLoc":{"longitude":-88.94981865101889,"latitude":-30.399124059579016}},{"userUuid":"1ac5b276-9eb5-4f41-94d1-d29a301c4842","userLoc":{"longitude":-21.86019841660692,"latitude":12.98303077334755}},{"userUuid":"9b89b9a4-96a8-4abd-b5f4-9092a1f82a97","userLoc":{"longitude":-150.14445590505807,"latitude":-7.234051790863674}},{"userUuid":"aa9f2b9d-8a2c-4956-b1f4-79b0ae03bb9b","userLoc":{"longitude":107.9032468051281,"latitude":2.8825731825254337}},{"userUuid":"0492a37e-ac26-41c1-99dd-ee88218f711f","userLoc":{"longitude":32.638827615372094,"latitude":-58.88552296989787}},{"userUuid":"168c7416-a4ab-445b-9e3a-501bf5041f1e","userLoc":{"longitude":-59.524121973063316,"latitude":-3.678766145382582}},{"userUuid":"13335fdf-59f4-4e70-bcb8-025d36a7f2d1","userLoc":{"longitude":-105.08790231839632,"latitude":-17.374249005995267}},{"userUuid":"e9f209ad-47c1-450e-b91e-05ed4a513353","userLoc":{"longitude":109.36267554654279,"latitude":19.705898148543284}},{"userUuid":"c4cbfb19-782a-4ef1-a2fd-3db41954fb34","userLoc":{"longitude":96.10542986919432,"latitude":27.40687804764778}},{"userUuid":"cfd56142-1286-45f5-9f3a-65cf6ad7ee98","userLoc":{"longitude":-166.7529824437852,"latitude":83.7377449340932}},{"userUuid":"3d86de6a-5f0e-4c4c-9385-d2866aa3b7a5","userLoc":{"longitude":135.04157192129605,"latitude":77.60824803476106}},{"userUuid":"7071ee06-c151-4870-ae0b-16d412c9622d","userLoc":{"longitude":52.982572358123434,"latitude":44.58484101750429}},{"userUuid":"c6257b78-e81b-451b-8a6f-c5752eedd1ff","userLoc":{"longitude":-73.13960200738111,"latitude":-14.541432884000386}},{"userUuid":"ad223130-76c9-406e-bdce-c67c80c96941","userLoc":{"longitude":-36.28944732685136,"latitude":54.35397222536298}},{"userUuid":"6f7783bc-7613-4bdc-825d-225442e14bbb","userLoc":{"longitude":8.420231063693109,"latitude":55.034695005589526}},{"userUuid":"2bb5900d-4d52-4ac8-a602-f30aa3f5abc1","userLoc":{"longitude":-27.903607591388294,"latitude":28.02567534452244}},{"userUuid":"fa65940d-1a7a-4ac8-af5e-eb4e27634d52","userLoc":{"longitude":68.19556886648996,"latitude":6.4860450864943715}},{"userUuid":"ca2128eb-c2c5-4197-99f8-e69276544b95","userLoc":{"longitude":-102.96283227380198,"latitude":26.55058177130205}},{"userUuid":"acb814b2-fcc1-4ac5-abfc-44967a24bd9e","userLoc":{"longitude":-123.81891652190245,"latitude":54.6691817597046}},{"userUuid":"008df0ae-dc7f-4d4d-9865-97dd14594ba2","userLoc":{"longitude":116.9817956248578,"latitude":38.109838476278256}},{"userUuid":"78b924ac-e3f1-40de-bb2a-d08b2fe6784d","userLoc":{"longitude":88.76768673511748,"latitude":13.689342815302112}},{"userUuid":"83288b3f-37c3-4300-9d54-7169fa3acef9","userLoc":{"longitude":114.89585300759046,"latitude":1.3935405058240633}},{"userUuid":"c580b3ab-51f8-4e86-afcb-e0241fbff390","userLoc":{"longitude":-142.72876204814776,"latitude":-29.940758858071767}},{"userUuid":"d0ad2456-f3d1-4c93-9a27-cd643d90f8a7","userLoc":{"longitude":47.081507508202435,"latitude":81.52858380192117}},{"userUuid":"a70f3a94-90a5-4439-8ce1-316e7e6f6f02","userLoc":{"longitude":-44.17787195924262,"latitude":-79.58312157178892}},{"userUuid":"af5e4287-67ea-4c9c-9ee4-6af542406712","userLoc":{"longitude":-168.02256496697635,"latitude":29.250264558488766}},{"userUuid":"68ba384a-2ab4-4bdb-a484-a5b28a7dd431","userLoc":{"longitude":-23.552400571412647,"latitude":72.47041320249247}},{"userUuid":"7eb99e39-b6d3-4f08-8d9c-700297e260cd","userLoc":{"longitude":-48.84840219202766,"latitude":83.71661926579608}},{"userUuid":"323070f4-2ca8-4fd8-bd5c-50a0681f7a2b","userLoc":{"longitude":4.953626798789799,"latitude":78.13158804726652}},{"userUuid":"fe5fad0c-6e21-4e54-b45c-5472c0b38057","userLoc":{"longitude":-124.59157914435411,"latitude":29.173616491642235}},{"userUuid":"cb84f594-5375-4f84-9b4d-c60945936371","userLoc":{"longitude":-39.73746275924489,"latitude":60.75970034857315}},{"userUuid":"9ade6a71-6bea-46f7-8801-0af8f54b5e3f","userLoc":{"longitude":-9.075609677751828,"latitude":-81.22421577419139}},{"userUuid":"e67113fe-24e1-42b0-96a9-8c1b56cbd0a9","userLoc":{"longitude":-123.83632329776975,"latitude":-20.97324267643714}},{"userUuid":"4e2f2e9b-86b2-490e-a1c0-4b93a1a61e15","userLoc":{"longitude":80.3456308555098,"latitude":-47.7855385129702}},{"userUuid":"8876c59e-61e9-425d-b5f4-cdbb5ac4aa0e","userLoc":{"longitude":-135.0633808132768,"latitude":-70.66932342157227}},{"userUuid":"8d22657d-f819-4b67-b7ee-4ab0ba102bd2","userLoc":{"longitude":-107.23462895958349,"latitude":12.265981664085274}},{"userUuid":"06eb0ec2-4dac-430a-ae53-4e199472dfc8","userLoc":{"longitude":-95.0152792846811,"latitude":-39.102844747495595}},{"userUuid":"eeab7832-fc7b-4cd4-ba0f-b43942394492","userLoc":{"longitude":-111.71838534984506,"latitude":35.77736168755587}},{"userUuid":"857aa6e5-cd22-42d6-b9f2-46dc4058bb58","userLoc":{"longitude":-13.124516940935592,"latitude":44.94074416615874}},{"userUuid":"b4308fc7-d622-447c-9662-bdcd409ba280","userLoc":{"longitude":-34.10187925191889,"latitude":66.35971303195285}},{"userUuid":"b99158f9-fe6c-4e50-b45f-5bc0b0a87312","userLoc":{"longitude":-56.025619083786154,"latitude":32.449458125437715}},{"userUuid":"a29ed05a-858e-4dbe-bd8d-850f91048896","userLoc":{"longitude":7.922722642030408,"latitude":-33.4110611648032}},{"userUuid":"be3071f4-25d4-4702-9e05-183a8100cd06","userLoc":{"longitude":56.56973203346993,"latitude":73.38923855203063}},{"userUuid":"25d29345-3876-436e-a9e7-33d7beb65956","userLoc":{"longitude":-130.69512707065263,"latitude":-24.819605773512677}},{"userUuid":"577e7c6a-7746-479e-9099-6172ce49121f","userLoc":{"longitude":34.248258581288354,"latitude":-76.85615002938583}},{"userUuid":"1739753e-b66f-4b38-bc7f-9792b3ed9477","userLoc":{"longitude":139.86127639662317,"latitude":-38.46867162111094}},{"userUuid":"4f237b89-06b9-461a-b02b-45e44ddbb377","userLoc":{"longitude":-109.81520377832373,"latitude":31.23651139132997}},{"userUuid":"11111421-a8d7-471a-badf-e568f0832019","userLoc":{"longitude":-147.5378931550327,"latitude":51.77384575985732}},{"userUuid":"4d51474b-13e5-40e1-8cd8-a7a5132aec2c","userLoc":{"longitude":82.45069569009934,"latitude":24.10674793689634}},{"userUuid":"ceb19c95-d73b-42ef-b196-9eeb97fe9433","userLoc":{"longitude":152.44701889906332,"latitude":69.96884735071617}},{"userUuid":"47d1c313-0f20-4b6c-bbf8-90bb1ed9225a","userLoc":{"longitude":72.75300736262747,"latitude":67.18417275489406}},{"userUuid":"3397871f-cc93-46fa-a11f-9ae45d63edd5","userLoc":{"longitude":147.96409190405296,"latitude":-0.617184675251707}},{"userUuid":"16ccbca1-3263-4d70-8f7d-763a25c12550","userLoc":{"longitude":93.94792966082991,"latitude":71.30045736847453}},{"userUuid":"1784f7d9-902a-4727-9861-ee28355b9df3","userLoc":{"longitude":-159.17169263626099,"latitude":48.30827111622554}},{"userUuid":"00068a19-4c65-41d9-9d25-355b3dabcbf7","userLoc":{"longitude":-54.53704138614772,"latitude":-58.27671331810616}},{"userUuid":"f53de5be-d73d-48e3-af46-413fb9467658","userLoc":{"longitude":9.932158615195533,"latitude":60.04901061479191}},{"userUuid":"117dd8a9-beef-48b7-9eb5-3b1e4cfd19d8","userLoc":{"longitude":-36.146276616869955,"latitude":28.153121933651846}},{"userUuid":"b904e5dd-d211-4495-acc4-d9c2e96ed817","userLoc":{"longitude":103.32659660180184,"latitude":47.89352476940624}},{"userUuid":"634c1516-caf2-448a-a0c9-99edec37d97c","userLoc":{"longitude":153.93407378387985,"latitude":61.02552951245866}},{"userUuid":"f9c17a72-d709-486d-bc66-f8477712f142","userLoc":{"longitude":0.0861127894361573,"latitude":-24.69076230045419}},{"userUuid":"060935ba-a852-48b9-b328-ae115e8f1273","userLoc":{"longitude":25.30353883790795,"latitude":-18.18124061648581}},{"userUuid":"0aa1693a-fc4e-4068-9def-523aec012169","userLoc":{"longitude":98.2909485322354,"latitude":28.614332431815768}},{"userUuid":"7902549f-4774-4c57-99ff-b978fdcdb97d","userLoc":{"longitude":-22.06776205513276,"latitude":-43.33374739803097}},{"userUuid":"f748e35f-e32e-4edc-b014-5b153f1a4cc6","userLoc":{"longitude":10.6372861051386,"latitude":37.97373882285477}},{"userUuid":"857ed6e5-8993-424e-ab69-03762c43de4a","userLoc":{"longitude":120.90008410716007,"latitude":-77.87600475614536}},{"userUuid":"cb3d858f-1db4-4af0-9256-a98d6cd9603d","userLoc":{"longitude":-61.33114607016887,"latitude":62.00166217039566}},{"userUuid":"3b998660-0087-4efa-839e-839f5f4510c5","userLoc":{"longitude":19.422087798356415,"latitude":-18.910818738753207}},{"userUuid":"2b1dcb00-b900-41a3-a53f-33a0f7a7c29b","userLoc":{"longitude":131.42711178343257,"latitude":-68.31767801305101}},{"userUuid":"df8577ef-2e67-40c9-b529-5b13c3b12e64","userLoc":{"longitude":-5.9276639180801,"latitude":1.114679668912288}},{"userUuid":"49745817-f34f-4e15-ac57-51160076fbd0","userLoc":{"longitude":-133.42834368268294,"latitude":-26.250534962007947}},{"userUuid":"13411523-4f0f-47ce-be97-14ff412cc6bb","userLoc":{"longitude":175.71809633228634,"latitude":-72.96517945398092}},{"userUuid":"a05d374f-ba10-4154-b7b2-c10fea639ee0","userLoc":{"longitude":-89.32192010742136,"latitude":64.67301315725274}},{"userUuid":"3daf8b0f-fd62-4dfb-b4ef-64895b61ff5e","userLoc":{"longitude":132.85117163149988,"latitude":-76.08055260405172}},{"userUuid":"1a714e53-c074-4c29-abc8-da75041f3447","userLoc":{"longitude":-161.32696085780293,"latitude":63.63128668722237}},{"userUuid":"00dc1f02-540e-49b2-adef-535e861d252f","userLoc":{"longitude":135.22790579031016,"latitude":80.64930236554301}},{"userUuid":"dcead32b-27bb-4c7a-b6d7-d6504d84eab6","userLoc":{"longitude":-110.16841042111497,"latitude":37.675733773800246}},{"userUuid":"4c77976e-2519-4ef0-9b3b-2f399d9081e3","userLoc":{"longitude":130.3519454244722,"latitude":74.75030808562019}},{"userUuid":"331f2a60-0212-4631-b32f-169265843839","userLoc":{"longitude":-37.25150922908293,"latitude":-62.553411554311204}},{"userUuid":"4607926d-82a7-4adf-8007-081653d92410","userLoc":{"longitude":-130.52111247842572,"latitude":-14.921201868388337}},{"userUuid":"95a2a346-a4e3-4098-b040-7d6f8d447e39","userLoc":{"longitude":-24.164174499376628,"latitude":66.81900916888773}},{"userUuid":"64528282-6440-439a-a70b-a291c30e0976","userLoc":{"longitude":-140.2581093537965,"latitude":-4.282361681602978}},{"userUuid":"e907b9df-4afc-4b4a-9b45-bda9599bcb1b","userLoc":{"longitude":-11.620185355538268,"latitude":-3.715250403909778}},{"userUuid":"5242f754-3f0e-40c1-9b89-f0033f19298a","userLoc":{"longitude":135.79725919452773,"latitude":39.99271165933513}},{"userUuid":"ad1b180e-1db5-4b2a-8147-b2ac97b59348","userLoc":{"longitude":72.26810928065422,"latitude":-75.86757521709299}},{"userUuid":"3e6090de-6c75-44b8-91bb-4e3e68167632","userLoc":{"longitude":4.793330140041604,"latitude":-82.31202016918915}},{"userUuid":"654722be-a22d-4864-bcf4-64dd3a60aab4","userLoc":{"longitude":156.33824509370902,"latitude":-56.14621105315955}},{"userUuid":"02eeaaf1-c4cf-4996-89bd-40f5855c8280","userLoc":{"longitude":-39.2180297736343,"latitude":-0.9146009414807423}},{"userUuid":"062aa80e-4463-4a22-aff2-b4c572a8a814","userLoc":{"longitude":-135.70855943463079,"latitude":45.090155726072624}},{"userUuid":"3b369aeb-7cc6-4b94-8082-ce1abe6fd7ea","userLoc":{"longitude":12.4224171438226,"latitude":13.76105134498465}},{"userUuid":"e0a3f964-0084-46ca-be12-a7dde15ae9b0","userLoc":{"longitude":-147.52062437385615,"latitude":-76.73742238042149}},{"userUuid":"eb7ebbdd-eeee-4f88-8d5b-d8fbfc8b6bce","userLoc":{"longitude":-111.40074399661178,"latitude":9.354385083101349}},{"userUuid":"f848dae2-f148-49b8-8d20-6cc9ed8f8024","userLoc":{"longitude":-65.6858039508354,"latitude":7.865178283569065}},{"userUuid":"feccef9f-348f-4673-9111-49601d3f25dc","userLoc":{"longitude":-9.23586025482129,"latitude":-19.479108818036778}},{"userUuid":"746c5cb7-f065-494c-ae0a-25a22a4f82e6","userLoc":{"longitude":34.32456222162301,"latitude":-37.577168403167086}},{"userUuid":"8613dd8d-3aa6-4ff6-9e1b-f7308d6d7a87","userLoc":{"longitude":103.687134706574,"latitude":-2.845321251247853}},{"userUuid":"386f2e3e-efd7-451c-be5d-79d28f5ed7a7","userLoc":{"longitude":-173.62584449325752,"latitude":24.34192903108756}},{"userUuid":"dcca3773-b58d-4874-a1e9-7faaa0e3b83f","userLoc":{"longitude":174.49406766537788,"latitude":34.4635424807998}},{"userUuid":"0094122d-f0a1-42a5-a5a9-12c2e36fa0b2","userLoc":{"longitude":3.5234786966673255,"latitude":-66.59279051688492}},{"userUuid":"658316ac-8eed-4aa6-8ca3-29e7a9fb8504","userLoc":{"longitude":-113.01188618887723,"latitude":-31.225097857757383}},{"userUuid":"fa4ce1a6-ff96-441d-af09-27e54384d115","userLoc":{"longitude":105.4458268117487,"latitude":-82.02080774525025}},{"userUuid":"db8c0256-d0fe-4a77-a1b5-47a0b69afb96","userLoc":{"longitude":-86.845661963771,"latitude":-64.75135043252172}},{"userUuid":"99bc0c76-ccfd-48a4-b69c-8e91179aa647","userLoc":{"longitude":-62.986179728787775,"latitude":-75.34787997724865}},{"userUuid":"17e77f91-f523-4404-9d1f-fdc8ab70deb2","userLoc":{"longitude":171.6273505862432,"latitude":27.801135987234744}},{"userUuid":"e0d96f84-8b0a-422f-9427-f2b78222d1fb","userLoc":{"longitude":-178.77390601707145,"latitude":-3.51155239270895}},{"userUuid":"6a9c232e-cdf7-440b-85e5-dba982e86315","userLoc":{"longitude":-39.53294997196383,"latitude":-21.366089750483304}},{"userUuid":"5e5a36d3-a54d-482b-a3ab-e61678fe9fb2","userLoc":{"longitude":-58.683535707805234,"latitude":64.85730305030498}},{"userUuid":"7582a5d8-8025-49bf-a3e0-b422e880151c","userLoc":{"longitude":45.83199043216982,"latitude":-23.500208722253873}},{"userUuid":"a6bc9292-f7c1-4f2d-85c0-fcdbca60f500","userLoc":{"longitude":61.89902480081943,"latitude":50.54250029242624}},{"userUuid":"2a37cb5e-0f89-4989-979b-e52c9be6e486","userLoc":{"longitude":-57.012862952105806,"latitude":17.023404885019843}},{"userUuid":"1dcee6f8-6c39-4efa-b425-6d2f1d0d0c60","userLoc":{"longitude":168.20709117872934,"latitude":-58.96723478870604}},{"userUuid":"a32ecbbf-6877-423f-9f37-11e47b9c26f0","userLoc":{"longitude":12.876097999029554,"latitude":84.06204156842534}},{"userUuid":"f4ac46d6-89af-40ca-9872-1c3174ee18ab","userLoc":{"longitude":-155.7735585105852,"latitude":6.537061874464868}},{"userUuid":"33979731-a627-4427-b0d4-d773e09b8a10","userLoc":{"longitude":-23.18838096257744,"latitude":-59.47003647803746}},{"userUuid":"93beb3f3-a636-46a5-a399-153ea38957c1","userLoc":{"longitude":159.3775207651799,"latitude":66.15919709310151}},{"userUuid":"5d1bb5f3-fa47-419f-b9f0-9518fcafd926","userLoc":{"longitude":92.76087318085098,"latitude":-74.24618527259867}},{"userUuid":"6bdf3cfe-721b-4a5e-8682-f6e1bd57f976","userLoc":{"longitude":40.5081509540741,"latitude":-12.194288745973324}},{"userUuid":"9087b2a4-c1a1-4372-b189-1b7a0b02b38b","userLoc":{"longitude":75.30724532726273,"latitude":-48.595395342606146}},{"userUuid":"8db7eac9-66e3-47f8-87c5-0efa169c884a","userLoc":{"longitude":-77.68975080951756,"latitude":-84.40037472536623}},{"userUuid":"6ba4cd05-e127-4e60-8fd8-71024dcf48d9","userLoc":{"longitude":-84.15706131728653,"latitude":-15.215695773268877}},{"userUuid":"58a6ae3e-cfec-4867-8f7e-02718802f8c8","userLoc":{"longitude":117.01090177911095,"latitude":-60.17506479293729}},{"userUuid":"2c9da99d-1f53-4293-a2a5-214fd36ce50b","userLoc":{"longitude":-5.724525921411754,"latitude":49.093949733805175}},{"userUuid":"5426efb9-2f82-4a70-b524-0129224a32b8","userLoc":{"longitude":-114.32271175683961,"latitude":16.539350351020758}},{"userUuid":"bfdf958c-77d5-4a70-b203-e5f14a31d811","userLoc":{"longitude":-69.98766364002,"latitude":-60.21815458459516}},{"userUuid":"3097ff3a-84a9-4d2e-b5f9-11e5808017ad","userLoc":{"longitude":-95.85921349446691,"latitude":43.90271013122407}},{"userUuid":"e0200c77-d57c-4934-ac7c-06137d29e23d","userLoc":{"longitude":25.518844259222078,"latitude":32.519649420110454}},{"userUuid":"e22f3068-53ec-45d8-b589-6afeccbf92af","userLoc":{"longitude":159.09656377478166,"latitude":-46.231030999764414}},{"userUuid":"04afc76f-c3e3-44e5-91ff-f470c39aeb61","userLoc":{"longitude":88.26001711806026,"latitude":44.69715241306656}},{"userUuid":"132791ce-22c4-48ee-9302-87b9eefcd20c","userLoc":{"longitude":-172.9779944314445,"latitude":54.54652154861097}},{"userUuid":"507b54e2-fd5e-4951-ae07-a6edc39ba98d","userLoc":{"longitude":-6.426517271586363,"latitude":-43.02654058853218}},{"userUuid":"5d8d0836-2f48-44f1-8efb-bd9ea7eacd91","userLoc":{"longitude":154.41129572282352,"latitude":-75.95453972577852}},{"userUuid":"7924acbf-34f9-4bb0-a93e-b6464124d06f","userLoc":{"longitude":91.43147644667431,"latitude":-20.73109677389732}},{"userUuid":"7531eb30-4cb4-43eb-9b2e-48a303a7b8c0","userLoc":{"longitude":-13.390514971366144,"latitude":56.38784567892199}},{"userUuid":"44a6a976-9087-4ba5-a03b-37ba9fb91e09","userLoc":{"longitude":-59.805753964243394,"latitude":14.856248703710634}},{"userUuid":"3bbec407-133e-40c5-b8de-c73f332289b7","userLoc":{"longitude":73.40860053803232,"latitude":-37.24796745431936}},{"userUuid":"f7d32183-afe3-4ec0-8764-4f9ed0d22020","userLoc":{"longitude":99.0400723696876,"latitude":-76.68829162777965}},{"userUuid":"3022d9ed-2163-4e53-b8b7-f77892803f99","userLoc":{"longitude":-149.5882992238984,"latitude":16.18132314181193}},{"userUuid":"02f2db72-04ad-42f9-9c12-51c20604234d","userLoc":{"longitude":121.63837121215721,"latitude":74.69763418330632}},{"userUuid":"f23d8fbc-f4bf-4dfa-a0bb-c7572ac2eb08","userLoc":{"longitude":-63.78092868367909,"latitude":-84.85294081381015}},{"userUuid":"b4975b5f-f595-408b-8b4c-b5f45cc0b738","userLoc":{"longitude":-133.00651380963842,"latitude":-68.36421744628883}},{"userUuid":"8375e832-ce25-4d52-9ae5-1dca25705c52","userLoc":{"longitude":86.00245162646218,"latitude":10.382485419222547}},{"userUuid":"3c1b7529-fef8-4b2d-be98-19ae6444fbc9","userLoc":{"longitude":-142.53028793749925,"latitude":9.40132047587474}},{"userUuid":"7986fc63-0316-4e93-ad0e-8b4be38e1008","userLoc":{"longitude":-46.264311508251524,"latitude":54.483951741518666}},{"userUuid":"02772e0d-5768-48b5-baa9-61d3139bcd85","userLoc":{"longitude":-101.07294536797653,"latitude":-60.83930334402602}},{"userUuid":"543e5992-505b-4f45-bffc-2e580e527335","userLoc":{"longitude":-52.55965238692113,"latitude":-42.79104651123489}},{"userUuid":"2ef9dccf-510e-4a70-9d30-26eab9220c53","userLoc":{"longitude":38.96859847104332,"latitude":55.95981355382733}},{"userUuid":"3d6d2081-0310-4da1-a9cc-dbf5fd60048d","userLoc":{"longitude":147.45349857113348,"latitude":45.4281324279344}},{"userUuid":"711e5e47-040b-4c6a-9b06-9c8aaba33afe","userLoc":{"longitude":-58.37464068581477,"latitude":33.499538473412045}},{"userUuid":"6e8e011b-7602-43e7-81e8-988462918000","userLoc":{"longitude":98.29079836891879,"latitude":11.740597060479189}},{"userUuid":"a35c738d-060e-43a5-ad11-90cf6392c93f","userLoc":{"longitude":-123.57875835108248,"latitude":-22.071521472042996}},{"userUuid":"34de37b0-c5e2-4449-ab4a-83eb5e1fde1e","userLoc":{"longitude":14.277318444442272,"latitude":-70.6320543793675}},{"userUuid":"270398e5-b950-44ec-a8dd-0dd60c915571","userLoc":{"longitude":-155.8175776184398,"latitude":-33.539656936170566}},{"userUuid":"68655332-d09c-4c5c-b5f2-f112796044e4","userLoc":{"longitude":156.05609352221956,"latitude":44.58705288219741}},{"userUuid":"cdb2a80a-5247-4fa7-998a-2ff28cd4abd9","userLoc":{"longitude":-42.99086305433454,"latitude":-35.2092295303498}},{"userUuid":"e5c6de26-e5d1-422a-bc22-fc2009899b3b","userLoc":{"longitude":-150.28441744800824,"latitude":-3.9258547298554163}},{"userUuid":"31d33597-1fad-4caa-b193-f84254e1f17e","userLoc":{"longitude":117.62552660040723,"latitude":-71.28954021976729}},{"userUuid":"65a103f4-70bf-4fbb-89df-82f9d51d958c","userLoc":{"longitude":-85.5188858270483,"latitude":-70.32847871004809}},{"userUuid":"8e635fbb-8472-4551-bf53-a0eb4035f5c3","userLoc":{"longitude":-148.5597047797727,"latitude":25.607634056076208}},{"userUuid":"2145c525-31bd-4ee2-ab0c-11be46b2552b","userLoc":{"longitude":-123.64503846759466,"latitude":-77.70978371612382}},{"userUuid":"8d6f7814-2151-4996-a424-f935e4916c28","userLoc":{"longitude":-155.3223350956121,"latitude":-42.62473221149534}},{"userUuid":"88624bce-87fd-411b-a77f-732a9918b5fc","userLoc":{"longitude":-134.71235628536743,"latitude":-31.372991366751783}},{"userUuid":"36debe32-7191-4e12-8920-e6b935a3bc0b","userLoc":{"longitude":-23.08442561970267,"latitude":-25.348915163914}},{"userUuid":"a28f60fc-7ff1-4fd7-9135-065f6a304d34","userLoc":{"longitude":-101.5999597028358,"latitude":-43.347196517685816}},{"userUuid":"b350f651-ca8d-48d2-9ee4-48c07529e811","userLoc":{"longitude":-52.877769381896,"latitude":-40.094912453106}},{"userUuid":"0076d7db-12d7-4867-865f-5c272841193c","userLoc":{"longitude":135.07292681812976,"latitude":59.02368987860706}},{"userUuid":"437b0987-81ee-472d-b4fa-23d81edd13c0","userLoc":{"longitude":-156.421748557325,"latitude":-30.824724699948682}},{"userUuid":"116d655f-cd98-40b7-b541-aae14f7fe351","userLoc":{"longitude":-4.66013458026336,"latitude":15.670232992007271}},{"userUuid":"030ff623-71df-4afa-8066-3ba307051714","userLoc":{"longitude":-8.819816148232064,"latitude":43.190717130493056}},{"userUuid":"fbeb03e8-b254-445d-a44a-8fd5da0946e8","userLoc":{"longitude":-52.84732743901775,"latitude":-77.7961996838796}},{"userUuid":"a6ce2b4b-af6d-45ed-9384-62185e5e2fd5","userLoc":{"longitude":76.26567513492472,"latitude":11.526861181993468}},{"userUuid":"3c46810a-02b6-4eae-8a39-2630098a46fa","userLoc":{"longitude":-23.779280890812032,"latitude":-22.66811881321916}},{"userUuid":"ed673d95-8805-4f92-a913-129e26204eff","userLoc":{"longitude":-27.805536512718703,"latitude":49.43692302222152}},{"userUuid":"45f83c49-c190-40fe-8c16-13d63f8384dd","userLoc":{"longitude":-42.16421318631561,"latitude":45.225270730606496}},{"userUuid":"9488c489-0d54-4105-aeee-584018b95035","userLoc":{"longitude":117.5382338413138,"latitude":83.71456508583333}},{"userUuid":"faef0948-b46d-4835-8763-ae998c1de54b","userLoc":{"longitude":-37.836786592759864,"latitude":-60.485198470539174}},{"userUuid":"ee3bde3d-9a35-48af-8df4-fa788c27dc41","userLoc":{"longitude":110.88972673592332,"latitude":-38.252963458357804}},{"userUuid":"658b7577-79e2-4321-9e89-a396ab42ce3b","userLoc":{"longitude":167.43428903931868,"latitude":-41.13646849102082}},{"userUuid":"b408ef25-fad9-4dd7-98fd-08e000f4f8b6","userLoc":{"longitude":-111.517087100406,"latitude":-5.401492742870673}},{"userUuid":"703f3015-f2c6-4061-9401-b26ee790779a","userLoc":{"longitude":95.10444996155837,"latitude":-27.42639717062948}},{"userUuid":"1b1b6711-1b8c-4a6d-a191-4ea325c970f8","userLoc":{"longitude":38.882638738495615,"latitude":41.68689886930029}},{"userUuid":"0710348e-eaea-4d66-9f31-66c4338feb3a","userLoc":{"longitude":-128.16776298638564,"latitude":-16.42548465415348}},{"userUuid":"ae09b618-08dd-4cad-887a-8d36985200c4","userLoc":{"longitude":-2.0637868619840276,"latitude":69.94553188606875}},{"userUuid":"c01b42e7-df20-4c46-85b9-89fcdd59641d","userLoc":{"longitude":83.47523321457072,"latitude":49.52912540650868}},{"userUuid":"a3ba0f00-6cf7-4858-bc2c-394b3c7f5f5d","userLoc":{"longitude":-166.5400593323975,"latitude":-83.03452457991513}},{"userUuid":"4ee4423f-ed11-4de0-b7c7-d3fbb2904c9a","userLoc":{"longitude":-152.21062477247463,"latitude":-34.44500389858592}},{"userUuid":"462b8936-df33-4622-b9ad-d81bfbca75ad","userLoc":{"longitude":-121.77258901766388,"latitude":67.20072261768891}},{"userUuid":"e9f55f2f-e36f-4576-a9e8-af044c7daf73","userLoc":{"longitude":-20.215450041932172,"latitude":56.76273846965299}},{"userUuid":"39cff5cb-4067-4b1a-9125-4906c085a9a7","userLoc":{"longitude":12.495360000013278,"latitude":5.806160213699997}},{"userUuid":"aa8d2eed-5d9f-4c2e-af8c-37c598d1ae12","userLoc":{"longitude":-176.81238376021645,"latitude":21.082487727104365}},{"userUuid":"9b1afa44-c956-42a8-bfce-bf5cfac103bc","userLoc":{"longitude":131.78976345450383,"latitude":27.2905118820141}},{"userUuid":"a72e2f2f-8370-4c93-aa7e-21453432282c","userLoc":{"longitude":-28.84890699875467,"latitude":-52.24246837244642}},{"userUuid":"46536835-0c9c-4b96-b835-26200671d77a","userLoc":{"longitude":102.43705649308106,"latitude":72.45186543471806}},{"userUuid":"0aa33517-4c40-4b02-a0c2-268d940a046b","userLoc":{"longitude":-71.65873631622998,"latitude":81.46555658952911}},{"userUuid":"3ecedabd-27ca-4551-a4d2-09811b0927c1","userLoc":{"longitude":-135.68648298104873,"latitude":-83.56367003437822}},{"userUuid":"1068aafb-7803-4534-b658-96414c3d943c","userLoc":{"longitude":-105.83978906009247,"latitude":-17.648552380885718}},{"userUuid":"2a8f0604-2540-450f-bb65-f0d17b1eac0a","userLoc":{"longitude":-51.71431971583772,"latitude":-5.211862514010534}},{"userUuid":"807b1dd2-8778-446e-85f7-90b87a22fded","userLoc":{"longitude":70.05239365560976,"latitude":-15.574048300651}},{"userUuid":"63f5dce5-b435-4e28-a888-cc2d4857335d","userLoc":{"longitude":28.343685406096427,"latitude":-42.93859885132302}},{"userUuid":"3f21d5af-c8ea-40da-8a5c-448039e1bcb5","userLoc":{"longitude":-88.87746453964755,"latitude":10.380154750153721}},{"userUuid":"290f078d-762a-4885-98c6-c63a1c9e7e57","userLoc":{"longitude":82.74018578141386,"latitude":-19.82063129032666}},{"userUuid":"62211cd2-923e-4775-98a2-2c28fa1f7bf2","userLoc":{"longitude":-4.8144335111391,"latitude":53.49028728372994}},{"userUuid":"565e8cd0-b87b-4817-ada4-010fa78b6566","userLoc":{"longitude":-36.34762064033151,"latitude":-52.78476360899788}},{"userUuid":"99758797-d70e-4255-a067-b311b1822957","userLoc":{"longitude":-173.11926778233334,"latitude":-84.48615724767163}},{"userUuid":"1886c13a-a2a3-4773-a4ab-0a113a71df26","userLoc":{"longitude":-23.34015445025608,"latitude":-16.537521413709825}},{"userUuid":"3bd921e3-e3e3-4801-8d5b-96f5ebd3cbfe","userLoc":{"longitude":54.02485469868347,"latitude":-84.60586776017631}},{"userUuid":"f3fb4d40-4b2d-4d81-9465-d4c8474a1e6d","userLoc":{"longitude":89.60595126119318,"latitude":81.27805652572286}},{"userUuid":"407d97a6-9207-4e6e-8116-51cbdc1de995","userLoc":{"longitude":4.178879438000962,"latitude":-71.83190852721742}},{"userUuid":"3f5b23f9-fd9c-4f10-a9f9-0ec53f751d86","userLoc":{"longitude":62.12724960309649,"latitude":24.26479165068079}},{"userUuid":"1defa634-c63e-412d-b9cd-9a04f29cdb5a","userLoc":{"longitude":-137.2637470369023,"latitude":34.98664630180211}},{"userUuid":"bba94cd7-1a02-4d0b-b678-86532e0f9b96","userLoc":{"longitude":-72.96537373955925,"latitude":-20.616200906612605}},{"userUuid":"eef0b2fa-119d-46be-9476-72d6fbd6877c","userLoc":{"longitude":178.4764511898884,"latitude":61.59726876680318}},{"userUuid":"b5708f28-27f5-4412-bc54-da24be78449b","userLoc":{"longitude":-17.706958848705597,"latitude":13.271811514188855}},{"userUuid":"7715d704-3960-4857-9639-dbab2c2b17ee","userLoc":{"longitude":121.9435800716654,"latitude":-73.63755372205664}},{"userUuid":"5a0070fe-fb44-4a0c-b771-788713658c37","userLoc":{"longitude":50.25802083891463,"latitude":36.98953130918734}},{"userUuid":"8d4b66f6-5bdf-4be0-a312-d9309e8d3cfa","userLoc":{"longitude":-130.48162840198523,"latitude":-51.432199694207306}},{"userUuid":"ec136879-6ffc-4b18-94a5-a99125e41db8","userLoc":{"longitude":89.57837060108545,"latitude":75.06546920253496}},{"userUuid":"3b4442f4-629c-4801-a96c-43a2ddec009a","userLoc":{"longitude":125.01784060278823,"latitude":13.459607893204137}},{"userUuid":"1100466e-8d03-4b34-be99-893dc969d32e","userLoc":{"longitude":25.629743129665428,"latitude":-83.80731677781178}},{"userUuid":"6ee657fe-4433-4348-9341-451b8867c5fa","userLoc":{"longitude":17.83132152848981,"latitude":-19.737311029551606}},{"userUuid":"6e39bb52-eb89-44e9-b353-e50506278c4a","userLoc":{"longitude":71.15137979616881,"latitude":41.1273824654925}},{"userUuid":"49d71b22-d0e5-4259-8aa1-07347d669443","userLoc":{"longitude":38.12430033743996,"latitude":-62.60837541319842}},{"userUuid":"d0a4b492-a247-49cc-9dff-608eaea6505f","userLoc":{"longitude":-72.0012261142327,"latitude":11.961520430463281}},{"userUuid":"8eb325b9-dbd2-4f23-a678-a5a2dfb68d87","userLoc":{"longitude":43.9582141212322,"latitude":84.18507863863883}},{"userUuid":"57389ada-5e9f-4ce3-865f-b2da352306ae","userLoc":{"longitude":28.260262633069487,"latitude":58.612332881576236}},{"userUuid":"9651805a-74cf-4d62-9e61-3f9eb47a5f02","userLoc":{"longitude":-67.01060806820801,"latitude":23.245307459343692}},{"userUuid":"4525be78-cd5f-4439-bc8a-579607bf54ed","userLoc":{"longitude":-28.116978802456146,"latitude":65.0944569373307}},{"userUuid":"3a2355e7-8ea1-4e9f-95ba-5986c1c59218","userLoc":{"longitude":-171.81264911771817,"latitude":21.015654771667755}},{"userUuid":"0799ef39-4d8b-460a-85d1-be72de6bcfa2","userLoc":{"longitude":-130.32800222077725,"latitude":-11.462819246720045}},{"userUuid":"9ed018a5-cbcf-46dc-8cf3-3f4a03da9183","userLoc":{"longitude":90.37161960122052,"latitude":46.931027680128835}},{"userUuid":"60b764e2-73f7-4945-ac42-3e9a891d0fb0","userLoc":{"longitude":-51.74441461622885,"latitude":17.446936101520407}},{"userUuid":"b9e33f69-432a-4879-94a1-4affb7ad3c84","userLoc":{"longitude":57.90213430301847,"latitude":-42.48959072864874}},{"userUuid":"06cf5d26-b388-40c5-a830-e0fb59fa6791","userLoc":{"longitude":126.76768858517204,"latitude":-7.7094709116525735}},{"userUuid":"922c29bb-3e24-4337-8e07-b33fcbba9c75","userLoc":{"longitude":-85.16965889736076,"latitude":-12.143270307733815}},{"userUuid":"dd41c9d0-71a9-4a1e-8ac2-0611556b4791","userLoc":{"longitude":32.340334782824385,"latitude":46.4391732995459}},{"userUuid":"43c5ad3e-604e-44fd-a55a-f287d7732540","userLoc":{"longitude":90.37754453268172,"latitude":-45.95271232376636}},{"userUuid":"8aeda176-994a-4753-bf53-1db289ffb78a","userLoc":{"longitude":-158.66025151146206,"latitude":-70.33841479304985}},{"userUuid":"e32f4f3b-24a0-460b-8420-34cd16bd6e9b","userLoc":{"longitude":172.69556997872263,"latitude":-75.53458509116973}},{"userUuid":"cdbcb133-1412-4d72-8a8d-1d91a904af9f","userLoc":{"longitude":86.00458514356615,"latitude":67.54954332898211}},{"userUuid":"5ad83d6c-da07-4591-a47a-3746c45167ae","userLoc":{"longitude":-109.35722362828321,"latitude":56.04035647013413}},{"userUuid":"93bb925e-ab28-4a47-9f19-04433623cb20","userLoc":{"longitude":67.734925134984,"latitude":-59.69747490531209}},{"userUuid":"044308c8-cfcd-48b9-8a6b-e94ab6bf85b3","userLoc":{"longitude":-39.47766888793987,"latitude":-75.73180476647515}},{"userUuid":"29c31569-0b83-49c4-9b79-33e027c7e78a","userLoc":{"longitude":-5.830649321639925,"latitude":37.70321073417642}},{"userUuid":"10b03ee2-da0b-430c-92cb-09a5ac4cc116","userLoc":{"longitude":80.47923846529346,"latitude":-62.91164211807852}},{"userUuid":"b68678af-1d52-488c-96c1-c8e9c868a76b","userLoc":{"longitude":-22.164250686802262,"latitude":-16.190628814715055}},{"userUuid":"45fd3e8e-2dc8-4f8a-8ec6-7fb436ae8b47","userLoc":{"longitude":-92.78098273332726,"latitude":-73.9702274658247}},{"userUuid":"42aa6930-8f5e-4caa-8bde-6f74958f1ca4","userLoc":{"longitude":68.72469151180553,"latitude":36.35420465595334}},{"userUuid":"3c4d0d70-670f-4f13-9b30-620b3c2cf7e7","userLoc":{"longitude":86.62927754148797,"latitude":23.710447068711403}},{"userUuid":"94a4d8d3-175e-4863-a465-79393285a927","userLoc":{"longitude":130.0745477392664,"latitude":20.450862349876502}},{"userUuid":"5b86c21f-ead5-4ed6-a270-7c44f79baf8e","userLoc":{"longitude":134.95236115782444,"latitude":78.55261732179068}},{"userUuid":"14707948-a637-43e0-ac06-e6bcbbc714b7","userLoc":{"longitude":-37.80377143033974,"latitude":-57.50316035853221}},{"userUuid":"3f8fcf3d-f82d-4d4b-b88d-550d7433a39d","userLoc":{"longitude":114.64606010875104,"latitude":-54.353372638830606}},{"userUuid":"183bbd49-e56a-40e7-8639-8bbc4100e932","userLoc":{"longitude":175.2163852134629,"latitude":45.387806271069536}},{"userUuid":"e8a1baa5-2fdd-4448-add0-799938705d6c","userLoc":{"longitude":-122.15464815943038,"latitude":-72.86304872250886}},{"userUuid":"48e01066-ee01-4541-9ad5-6cc78362603b","userLoc":{"longitude":-48.88522134325771,"latitude":-56.87758119895197}},{"userUuid":"f69af63d-84a3-4df4-87d9-cf887c20fab3","userLoc":{"longitude":115.53401937480089,"latitude":-22.564833278471262}},{"userUuid":"f20ce4ae-cf87-4e7d-a4a2-717b998789d9","userLoc":{"longitude":-74.82792232987848,"latitude":-34.50524178212184}},{"userUuid":"80ad74ea-e126-49f3-8549-2d8310955ffd","userLoc":{"longitude":-96.83106463587512,"latitude":9.72004751999988}},{"userUuid":"deea3525-937d-4638-8fa3-1878d7ef608b","userLoc":{"longitude":-100.49865791242921,"latitude":-70.66991511789254}},{"userUuid":"045a7291-32f6-4534-8a6a-a65b1f39e090","userLoc":{"longitude":112.84049341311834,"latitude":4.747282817733563}},{"userUuid":"a8cfc2e2-9465-4aeb-8d02-3bda8cee04b6","userLoc":{"longitude":107.15538517727805,"latitude":42.96736650276091}},{"userUuid":"6a77ae32-0494-43e2-aa5b-9279f965af95","userLoc":{"longitude":125.5606303699779,"latitude":82.9868085208507}},{"userUuid":"22b1fbd3-4855-439d-a117-6ee49b9cce4c","userLoc":{"longitude":-152.98654232965617,"latitude":-26.453698607078437}},{"userUuid":"0e62282b-1760-40e3-a494-46939649effa","userLoc":{"longitude":-60.69390146798571,"latitude":6.3093796732489835}},{"userUuid":"af081093-373a-408d-92ae-24202e0ebb59","userLoc":{"longitude":31.01379894586057,"latitude":84.19333316199018}},{"userUuid":"76d74826-67ee-4d55-841a-f456f1b08039","userLoc":{"longitude":124.69398686108349,"latitude":49.318526552548406}},{"userUuid":"d27f3fdf-f35e-401a-835f-57c53a88d9cd","userLoc":{"longitude":-165.93690868262814,"latitude":0.602851812666259}},{"userUuid":"bbc87cde-e229-44ae-9004-7318b1370851","userLoc":{"longitude":81.97135193909952,"latitude":23.0155595745034}},{"userUuid":"534c9dec-5c68-4e76-bc13-ffd5917940dc","userLoc":{"longitude":-86.07588587737919,"latitude":13.938862314428206}},{"userUuid":"8fe86b97-4617-4207-8f7a-e601cceacc15","userLoc":{"longitude":164.3049050966555,"latitude":-11.242621468408146}},{"userUuid":"f5d0e13f-b5d8-476b-94a4-a4eac520bbb9","userLoc":{"longitude":-132.8575630655487,"latitude":0.9913405443755323}},{"userUuid":"8dc481f2-0cd3-4281-8f1b-e5d6af9f50bc","userLoc":{"longitude":126.15288463822048,"latitude":-52.94815985980606}},{"userUuid":"4ac00c49-618d-46ba-9667-4ce8bf50995a","userLoc":{"longitude":-111.82080918705753,"latitude":51.93049682292656}},{"userUuid":"357ea3d0-fb20-4e9f-9713-43c4a96bf0db","userLoc":{"longitude":-74.34771624439313,"latitude":30.520996134636903}},{"userUuid":"04f1cd60-443b-490e-9362-e3afbed869b3","userLoc":{"longitude":94.17937097180646,"latitude":69.64691152706638}},{"userUuid":"618bc6ae-097e-437b-91ff-4b4e9b782e43","userLoc":{"longitude":46.0123222512012,"latitude":-59.93353468721351}},{"userUuid":"cc6f6799-c053-4ce9-bd17-cf349bcfba59","userLoc":{"longitude":-67.44288250633915,"latitude":17.274946021408}},{"userUuid":"c8f19d26-f123-4811-9506-08b654fc1e17","userLoc":{"longitude":171.00668573531635,"latitude":61.17600190085835}},{"userUuid":"4bde1a6c-2271-46f1-9e3e-8f0dd1080a52","userLoc":{"longitude":116.54358189874432,"latitude":6.204928911125208}},{"userUuid":"f3221fff-48fd-40fa-ab3a-7d7764d2db66","userLoc":{"longitude":-68.30264842565363,"latitude":18.034499574050756}},{"userUuid":"500b48bc-acca-4407-8d37-83ff41084b43","userLoc":{"longitude":54.9563415318334,"latitude":-17.054783190994826}},{"userUuid":"1c587c9f-b7c7-4638-927c-7e3d47bfd34c","userLoc":{"longitude":-152.86525173688474,"latitude":-44.14352616836112}},{"userUuid":"3aa1753e-b340-4822-886a-3db1ef33a556","userLoc":{"longitude":-149.42914157431744,"latitude":-76.6913801561404}},{"userUuid":"b82ac024-12cd-449e-904f-f7008e49592e","userLoc":{"longitude":-66.47326971660915,"latitude":-47.44314041616057}},{"userUuid":"66062030-eda0-4c5f-83fc-960ed7a41b5c","userLoc":{"longitude":-147.15669487250983,"latitude":65.21784446342184}},{"userUuid":"df663a50-2520-4f43-8250-6e8db2bf9c60","userLoc":{"longitude":-2.412508857215215,"latitude":12.991397448342568}},{"userUuid":"e408d72f-b318-4440-b23a-5a47f6962fcb","userLoc":{"longitude":-142.97417298439777,"latitude":-63.05427315298664}},{"userUuid":"8e5d7373-a478-48eb-beea-26bf4cc8363f","userLoc":{"longitude":-129.63247652281154,"latitude":-76.51100849055686}},{"userUuid":"ca8fd451-7edc-4cef-997a-48ade9951ebf","userLoc":{"longitude":-128.69330143337774,"latitude":-51.25968004854693}},{"userUuid":"415fff6a-257f-4c6b-9686-a8600f1c0aa9","userLoc":{"longitude":102.0642879671206,"latitude":35.32116282027931}},{"userUuid":"5400812b-807e-4e28-a520-bd6f9087fea9","userLoc":{"longitude":-96.49892630881729,"latitude":-13.03972777658656}},{"userUuid":"ab7a59c2-3293-4d30-80e6-c5a707372f70","userLoc":{"longitude":57.07932638864966,"latitude":-72.61071963494199}},{"userUuid":"a0fcaa60-c5d9-481f-ae2f-f3f5e9c48fcc","userLoc":{"longitude":-50.7187059930848,"latitude":-68.03661279888436}},{"userUuid":"4f74c49d-ea1f-425e-a5f5-8d6dfec2d1a1","userLoc":{"longitude":75.50401089952433,"latitude":-37.7172102109476}},{"userUuid":"c3a6819d-c375-4fef-8e43-869103dbeea6","userLoc":{"longitude":-1.794865707767741,"latitude":72.80298806074379}},{"userUuid":"b81f87f5-c115-4c6f-a2ba-9c4d581bc68f","userLoc":{"longitude":-59.435929601159856,"latitude":21.080647987923044}},{"userUuid":"a8ae8724-2bad-48be-b4ea-65a2755efb2b","userLoc":{"longitude":-179.46615503413028,"latitude":84.1480406816624}},{"userUuid":"5cbb7e4d-2d91-44c8-b0ce-8d4eb9d930c1","userLoc":{"longitude":-7.732317154278405,"latitude":-36.61041141470944}},{"userUuid":"39a5795e-6afb-4b28-9e8d-bbbff895bb6d","userLoc":{"longitude":-82.92553118215635,"latitude":-53.518588052308274}},{"userUuid":"6b0af660-c442-478c-966d-dc339f5f5467","userLoc":{"longitude":-164.4469331963449,"latitude":31.754038047949606}},{"userUuid":"2a0443d8-6e3e-4de2-b16d-a62aab6b4858","userLoc":{"longitude":-163.94854071657346,"latitude":12.464765348868369}},{"userUuid":"b10aa32a-b99e-42c2-a17f-b252ec86dd12","userLoc":{"longitude":-77.2562635123591,"latitude":-24.53120941124837}},{"userUuid":"4bd5b624-a05f-4c24-aa6b-8bef8b04fb35","userLoc":{"longitude":-42.8717712091927,"latitude":14.945706212525323}},{"userUuid":"669e0d2f-9470-4ada-ba4c-65915655c066","userLoc":{"longitude":-74.06853166473707,"latitude":16.738032576106548}},{"userUuid":"97a3c445-e10e-41b4-9942-2ff973c1a2b0","userLoc":{"longitude":156.897207726957,"latitude":-35.21984772647922}},{"userUuid":"4908953f-41cc-46ae-b3ef-81594115f711","userLoc":{"longitude":-77.70423710136069,"latitude":-53.50773192033165}},{"userUuid":"a5d7f1b7-8fa3-4d60-ba5d-52fa29d5047b","userLoc":{"longitude":133.31197085272504,"latitude":-30.305127322200747}},{"userUuid":"51fb27e2-b72e-400e-a1f3-9dcb05acb999","userLoc":{"longitude":-159.24470157502762,"latitude":-65.63084805905338}},{"userUuid":"470c5038-1cba-48e4-924a-13faeee5bdad","userLoc":{"longitude":-112.256380620197,"latitude":34.81172261059008}},{"userUuid":"ce0aab67-eed0-4042-98e6-2d0d8dc2a024","userLoc":{"longitude":46.6524810478073,"latitude":-13.485128840661503}},{"userUuid":"d25d1747-198d-4abe-a02d-4d7f21990e7c","userLoc":{"longitude":-69.77050325099664,"latitude":-80.79760027288944}},{"userUuid":"891535b8-94b0-453f-882d-f9563dddccbb","userLoc":{"longitude":136.1284593062644,"latitude":4.536299421083143}},{"userUuid":"2f879a84-21a1-411f-85b7-3f0418f51049","userLoc":{"longitude":12.54876170486341,"latitude":62.180784715184075}},{"userUuid":"3c61f03a-1ac2-4af9-ae08-f62dbce72faa","userLoc":{"longitude":-31.67180496343417,"latitude":-75.57695400656928}},{"userUuid":"e6d44e46-2165-4ecf-b23f-658ffa7d8de3","userLoc":{"longitude":-170.09607991261103,"latitude":37.08195193383504}},{"userUuid":"8e2b81e8-57af-468e-9287-87953d9a0a03","userLoc":{"longitude":110.86901287267875,"latitude":-4.3029457871896994}},{"userUuid":"a62c0704-47c1-4929-b5bb-33ad167fa7e5","userLoc":{"longitude":-38.67812621935417,"latitude":-68.43683296054174}},{"userUuid":"e249b050-cc22-4f70-a973-40c83a8deb3e","userLoc":{"longitude":-76.14570833323235,"latitude":-37.87280860670894}},{"userUuid":"7042ceae-750a-47e3-83b6-64187c2235fa","userLoc":{"longitude":80.95363418378338,"latitude":15.83156067119043}},{"userUuid":"d5f8ccf7-af73-4a5e-a952-460fe9528a83","userLoc":{"longitude":147.56934997083823,"latitude":60.012573585355454}},{"userUuid":"01af4507-6ff0-4c2a-b1fa-c5c1b7904a9b","userLoc":{"longitude":-32.494571090519,"latitude":34.787913025828175}},{"userUuid":"993f6fe9-e261-4837-86bd-b5c9b79dc166","userLoc":{"longitude":145.2712548854584,"latitude":80.05384133221642}},{"userUuid":"c6c2b03c-4e8c-4064-ba47-691222baa31a","userLoc":{"longitude":-13.990678029117362,"latitude":32.906362011524905}},{"userUuid":"c6ae61f9-9101-4cbd-9a6f-b393bfe678f4","userLoc":{"longitude":-11.434087562624399,"latitude":72.96896064128703}},{"userUuid":"660cad4e-f7b0-4287-8d4c-44faf02204e6","userLoc":{"longitude":-80.819739262125,"latitude":-34.744211606096336}},{"userUuid":"171e1295-eec5-472a-8a3f-5ff5495ff4c7","userLoc":{"longitude":100.33150042117705,"latitude":45.961765214032255}},{"userUuid":"c9fb97c8-fdb1-4048-a2ec-f74ae0716e1a","userLoc":{"longitude":-65.28022241195858,"latitude":52.91720322596208}},{"userUuid":"cdbb822d-8269-4bf1-a09a-fdc5be304e68","userLoc":{"longitude":159.00259224462638,"latitude":66.7309882145772}},{"userUuid":"f3c76628-73af-482a-8c42-2f73e63606bc","userLoc":{"longitude":116.69744206471808,"latitude":-60.54777349420438}},{"userUuid":"0c6dc967-0772-4c0b-8b54-7b07af8f09c4","userLoc":{"longitude":38.06432714665692,"latitude":-68.25831437011837}},{"userUuid":"cfa205b4-9876-4126-b249-16b75cd02de2","userLoc":{"longitude":-31.849123779498854,"latitude":45.256078385496295}},{"userUuid":"9a33dedc-b33a-43b2-a8b6-6464134dc51d","userLoc":{"longitude":69.95503703090611,"latitude":-62.3332199427262}},{"userUuid":"b5f86d63-51cc-481a-82b5-38fd7b9633b9","userLoc":{"longitude":-47.18585468326512,"latitude":-44.542806889003806}},{"userUuid":"679cc7ee-1b2d-4f6b-b2e2-03b572cfecf8","userLoc":{"longitude":-17.59181039529713,"latitude":-54.090939104769134}},{"userUuid":"7056b9c4-8f25-4d5a-bde1-40e11a4edf6e","userLoc":{"longitude":-10.737554043765698,"latitude":-64.95434807226515}},{"userUuid":"9c1c8c63-06e2-42c7-a639-82e8b6c76733","userLoc":{"longitude":24.6897853640711,"latitude":56.792377353582}},{"userUuid":"2e2ba1a3-a561-4ddd-95e5-8601a99d50e4","userLoc":{"longitude":161.8620582164006,"latitude":-61.677275321765336}},{"userUuid":"56e5f437-fa8e-472a-a149-09048aed2c4c","userLoc":{"longitude":-96.39441189047501,"latitude":49.656426685389675}},{"userUuid":"fe1412aa-ab60-40e0-968e-34618ff6fa98","userLoc":{"longitude":-115.52715356731375,"latitude":75.30032254488529}},{"userUuid":"42416fc0-e401-4c49-8c95-2dbbc355ccf8","userLoc":{"longitude":99.93733897418173,"latitude":52.09380279047153}},{"userUuid":"2c6815d9-0755-4530-b5a3-b2ce3fd91bfe","userLoc":{"longitude":56.516000957810576,"latitude":-19.56410497970076}},{"userUuid":"c8777ba1-17a5-4d20-9eb8-663cb337448e","userLoc":{"longitude":175.9280686865289,"latitude":12.347437916832448}},{"userUuid":"9ce5d33d-ab5d-471c-8658-56f4ec53f7c7","userLoc":{"longitude":163.30721795090773,"latitude":-5.223802910519666}},{"userUuid":"9f66720f-3021-4871-b6ff-4ba70be57a51","userLoc":{"longitude":-113.27367227632372,"latitude":34.870218859862305}},{"userUuid":"4d32c213-006e-4e84-8bdf-9b69a67c4272","userLoc":{"longitude":-163.9306496936954,"latitude":14.519042198211736}},{"userUuid":"0f033c15-b26f-4e50-91f3-e419047cae03","userLoc":{"longitude":109.30676865251701,"latitude":78.98651035592769}},{"userUuid":"a8d997fe-7fcb-47cd-9cc1-34e4bbedad6b","userLoc":{"longitude":122.71121422492376,"latitude":10.159333733697565}},{"userUuid":"b52e7a9d-ea99-40c6-bb05-105f2d0bf0c4","userLoc":{"longitude":-21.0304281306818,"latitude":5.918451022890636}},{"userUuid":"0587a005-3e7b-42fa-8aa6-c3709803f99b","userLoc":{"longitude":26.00795693161541,"latitude":-72.16191712483266}},{"userUuid":"b4844d0c-3f52-44f3-83b2-f943c34e75e9","userLoc":{"longitude":-52.60011076022778,"latitude":-74.60527333172132}},{"userUuid":"56e91762-07d0-46bc-b45d-27e210760c3c","userLoc":{"longitude":62.20698608119284,"latitude":22.248923030083418}},{"userUuid":"86abb43c-3f67-4d99-b5e4-a1c77f264987","userLoc":{"longitude":-163.84229874653624,"latitude":-2.3586451688191516}},{"userUuid":"766390d6-9731-46c1-a7dd-1169d4bd01f2","userLoc":{"longitude":168.07834524797386,"latitude":1.243514061495901}},{"userUuid":"deb41570-744d-4d44-9c69-118bfe938449","userLoc":{"longitude":163.7536125409548,"latitude":9.801779183120956}},{"userUuid":"a88a2276-5003-4787-95f1-cfe61b6d4da7","userLoc":{"longitude":127.38026966717024,"latitude":32.70928279908965}},{"userUuid":"c094a5ff-a5ef-4109-ad46-e436ed2e3ffd","userLoc":{"longitude":-153.43901690651185,"latitude":9.491829115517348}},{"userUuid":"7b064cd0-1811-4ea9-b462-69a9821bc115","userLoc":{"longitude":81.35424082346702,"latitude":-40.59419393777203}},{"userUuid":"a446e0a5-f2e8-4697-b37b-f7ffdf43ebcf","userLoc":{"longitude":137.01878534633403,"latitude":-3.783858744329507}},{"userUuid":"12862ae8-0803-420d-b53f-2e776636356d","userLoc":{"longitude":-31.31950048453396,"latitude":-20.696737291546242}},{"userUuid":"8df1ab2d-6d1b-427b-8454-c25e94b3d1c4","userLoc":{"longitude":26.483126418441913,"latitude":13.030322427343805}},{"userUuid":"506c2fe2-b064-449a-b453-d5a7161528d3","userLoc":{"longitude":-41.15518850498904,"latitude":-42.03021041890742}},{"userUuid":"362fd5df-9455-4c1a-b39d-d6f8ac269f43","userLoc":{"longitude":-34.053946610051526,"latitude":5.99900625428846}},{"userUuid":"239dc5f7-5ae3-4ebc-8791-798c8d2c86d4","userLoc":{"longitude":-89.54763016767815,"latitude":-7.617182452235369}},{"userUuid":"0c9e9063-9892-4ce6-8923-98d7a99d152e","userLoc":{"longitude":49.2439537971174,"latitude":26.982958592711384}},{"userUuid":"be43a50a-e3de-4791-b0b4-b96cea56b563","userLoc":{"longitude":-157.83958259052577,"latitude":3.4221089440780474}},{"userUuid":"bae4943a-8bd4-4a3d-b0bc-82790934b855","userLoc":{"longitude":105.38038840492379,"latitude":-81.26930443465481}},{"userUuid":"cce8b5f2-22dc-450e-bb39-33395e6d021c","userLoc":{"longitude":-142.52089378057082,"latitude":-22.62313853854848}},{"userUuid":"2e582403-93bf-4d82-ad53-9f6a66dba44c","userLoc":{"longitude":-94.42413137538469,"latitude":82.45736077303147}},{"userUuid":"7fadde15-85e2-474a-8a3a-359242c6c64d","userLoc":{"longitude":162.09971374715735,"latitude":-19.974317033550165}},{"userUuid":"ee9e0b4f-e172-4ee3-95e7-3ea427e7d5fa","userLoc":{"longitude":-66.3663896170039,"latitude":-43.071310027721445}},{"userUuid":"5fb8f2e6-3bbb-4565-9164-01e7cb852045","userLoc":{"longitude":-18.95392974553718,"latitude":-32.129967788319426}},{"userUuid":"b3e3d387-973b-47c6-adec-013aaa984755","userLoc":{"longitude":172.06857578312753,"latitude":-19.598355067712845}},{"userUuid":"61cdb4cb-63a2-4560-84a6-03ef3c2119c7","userLoc":{"longitude":44.07397466433832,"latitude":-23.387947374653564}},{"userUuid":"59f8206d-2508-4d4e-a662-5ad9f4963a2e","userLoc":{"longitude":-179.25837545752134,"latitude":-68.50826336584188}},{"userUuid":"afb6247e-747a-4d0a-a2c9-da032de313db","userLoc":{"longitude":-4.72786270491747,"latitude":-40.669498942542916}},{"userUuid":"caa9681d-4980-4238-953a-bcfa0cd04c4b","userLoc":{"longitude":-37.47262876087612,"latitude":-2.8552730803498036}},{"userUuid":"b0bdb7ce-92c0-425a-bfc3-2e9f1eb62434","userLoc":{"longitude":-76.33115650669502,"latitude":38.836189588991815}},{"userUuid":"a03d10ec-9efa-4d8e-a12d-ba4d74659908","userLoc":{"longitude":134.3058007071529,"latitude":62.27150760687874}},{"userUuid":"2aef29d6-19c0-464c-85ab-c3dd0a6c04fc","userLoc":{"longitude":106.4932171897575,"latitude":-63.43606000923563}},{"userUuid":"2af8ce81-f1e8-4770-a912-b3b9541cc2c2","userLoc":{"longitude":-22.313356906983415,"latitude":21.884620757232426}},{"userUuid":"cf15c7ae-14aa-4c94-a3bf-43a4031de5d1","userLoc":{"longitude":164.4577973245979,"latitude":6.3612961414951315}},{"userUuid":"4b599f3f-b7be-4ee6-bad1-61dc0c18f473","userLoc":{"longitude":45.67057357568342,"latitude":-29.09565810648592}},{"userUuid":"7f5692f2-84c6-4f22-bc47-050b363eeb99","userLoc":{"longitude":-96.35521368051418,"latitude":-56.772269908249015}},{"userUuid":"e2c4bfd7-f3fb-433f-b123-c07cb81210f9","userLoc":{"longitude":-158.52871910073705,"latitude":47.27465652653345}},{"userUuid":"d5326279-16d2-4304-b11b-d707873ad628","userLoc":{"longitude":-152.18795235664152,"latitude":42.711529763984615}},{"userUuid":"e19547c1-403f-4020-9f09-239799e634ed","userLoc":{"longitude":168.8036779669127,"latitude":-42.2440359365474}},{"userUuid":"df433c8f-0dbd-41c4-9443-d557f5dd657b","userLoc":{"longitude":39.18958153589898,"latitude":-39.7387937750114}},{"userUuid":"b956157f-5be7-4717-9aa6-b062905c9729","userLoc":{"longitude":1.981752833966226,"latitude":-7.801299049271833}},{"userUuid":"26662523-3445-4ca7-9882-20a712339560","userLoc":{"longitude":-122.05110449703449,"latitude":-22.626887822267157}},{"userUuid":"2e1e55db-5afa-4010-87fc-370b44cb43c8","userLoc":{"longitude":75.1311008593328,"latitude":-61.40287260069072}},{"userUuid":"4edbb393-be8f-460d-9c59-7d62af6bfd39","userLoc":{"longitude":-150.2885231981124,"latitude":1.7172446143867717}},{"userUuid":"accf5bcb-7825-4a6c-983b-c26e8ae403b0","userLoc":{"longitude":11.852973614949576,"latitude":-18.53573649438283}},{"userUuid":"7a364127-9b2f-41e2-8c51-61afa8e10178","userLoc":{"longitude":113.94785732451965,"latitude":-62.38123742426409}},{"userUuid":"24d6d03c-0591-4c6d-84f3-87e5178f54d6","userLoc":{"longitude":-156.40757895072068,"latitude":17.378779335893142}},{"userUuid":"e9deb8a2-751e-4f0e-823e-7b0f8732276f","userLoc":{"longitude":75.95395143693494,"latitude":70.21205232382206}},{"userUuid":"36631af4-3cb9-4643-84d3-08d79f584217","userLoc":{"longitude":-164.00246511854155,"latitude":53.73817076786975}},{"userUuid":"0cfd12c3-e753-4a36-8be0-1479f42dc1f4","userLoc":{"longitude":163.33967180667707,"latitude":-49.985291448855286}},{"userUuid":"42a1fefb-363f-4329-a47a-925e76c44672","userLoc":{"longitude":43.31815158833123,"latitude":-16.21371201045268}},{"userUuid":"ed01ea3c-935b-4d8e-a6a8-dd3b9ac17224","userLoc":{"longitude":168.64325005784906,"latitude":24.75449218061145}},{"userUuid":"7b75f9fd-6bbc-4136-8300-324d30d60948","userLoc":{"longitude":3.382445761286789,"latitude":69.0647366502422}},{"userUuid":"8fc465eb-73aa-4ae6-85a6-06ec2863ff78","userLoc":{"longitude":25.436184293857025,"latitude":-74.23218086951667}},{"userUuid":"54bccd19-7e33-44fa-9f2a-e134f11f19a9","userLoc":{"longitude":-4.54377368783048,"latitude":-41.47985164626808}},{"userUuid":"b4fcb4ca-250d-4f23-b0e0-43c6e580418c","userLoc":{"longitude":45.079263814080974,"latitude":27.34480812515237}},{"userUuid":"95ef736d-6e1a-4d78-bfbe-a8b7e1df3056","userLoc":{"longitude":113.4859967770243,"latitude":54.73578398332188}},{"userUuid":"3167b470-1091-484f-89bf-49f126bf4570","userLoc":{"longitude":45.76745041299142,"latitude":81.16817972274595}},{"userUuid":"9570947d-d659-404c-908f-d8eca7b8e56f","userLoc":{"longitude":90.76397941285177,"latitude":47.721503795351055}},{"userUuid":"8543e3eb-e552-458f-b990-f33b7e012086","userLoc":{"longitude":-105.69438525207315,"latitude":23.715171028339384}},{"userUuid":"67baab04-d414-4087-bf20-a530895a45c1","userLoc":{"longitude":-169.06921169281298,"latitude":77.55853213043704}},{"userUuid":"5ab303cb-187e-4ebf-8cb1-0d2bda44147e","userLoc":{"longitude":-121.50321513518689,"latitude":-34.62822898746482}},{"userUuid":"32c0979d-6fb6-4c85-806c-0e4d65e45ec8","userLoc":{"longitude":179.10113424014537,"latitude":44.33045237619683}},{"userUuid":"95c410e6-c989-4804-a00c-3317340941bb","userLoc":{"longitude":168.95021939809578,"latitude":4.024522639189044}},{"userUuid":"6442c148-90f9-4906-ba64-74fe72e2c87a","userLoc":{"longitude":112.75240106351129,"latitude":-21.769342835577376}},{"userUuid":"c7935506-0055-430f-ad50-889df5f81830","userLoc":{"longitude":-18.20337325839145,"latitude":-41.88815587801211}},{"userUuid":"e50af714-1c49-4241-b40f-68143e614a05","userLoc":{"longitude":-92.12287677748824,"latitude":-62.262614329966155}},{"userUuid":"60838034-98f4-4870-935d-6b722cf3230e","userLoc":{"longitude":127.36612189073207,"latitude":-82.06972893762826}},{"userUuid":"91e3cff9-c30a-4ff7-b407-7709a43ff16b","userLoc":{"longitude":-4.693569527890702,"latitude":-48.02532233467887}},{"userUuid":"459fc0ba-a687-4902-8822-4acdaaed2676","userLoc":{"longitude":2.037485921960979,"latitude":-66.17488963179811}},{"userUuid":"cfc9ede2-f43c-4a3f-9c98-37ce22e0e404","userLoc":{"longitude":35.843921706618914,"latitude":-43.29377584802965}},{"userUuid":"059a4d08-7c29-4b4a-987b-0ab03246fc14","userLoc":{"longitude":68.88924472767508,"latitude":11.630913518280963}},{"userUuid":"3fafb413-5fde-4b33-9538-db5fc17273b8","userLoc":{"longitude":-160.01370729767643,"latitude":-79.73073213513824}},{"userUuid":"299580b4-1c95-4eb2-9e9f-bec7b505f04f","userLoc":{"longitude":15.854911214080659,"latitude":37.0343456354545}},{"userUuid":"90b179b3-d638-44f5-943d-589d9f4efa9a","userLoc":{"longitude":106.99634118012426,"latitude":-20.908841920315325}},{"userUuid":"18c9c54d-4a45-454b-93d4-88ee03516d09","userLoc":{"longitude":46.59260745916126,"latitude":-60.05271626909918}},{"userUuid":"c6739c32-fb41-409f-8a57-094812719870","userLoc":{"longitude":-52.58271712309789,"latitude":-2.185256748990497}},{"userUuid":"9a4e1caf-265e-499d-9ee2-4ddcf8aeb68f","userLoc":{"longitude":35.06083647905592,"latitude":77.6852678429347}},{"userUuid":"e886805c-aa8c-4868-aef4-993568536b61","userLoc":{"longitude":58.04058857764164,"latitude":60.74527522407615}},{"userUuid":"8911d639-a94f-4289-9fb0-e5676898cecd","userLoc":{"longitude":97.85035427026963,"latitude":-63.10904252231201}},{"userUuid":"91d724af-4660-4f59-be29-c3e537f3e37a","userLoc":{"longitude":-179.88606465221292,"latitude":-19.62258169394829}},{"userUuid":"9dde5aca-80e4-4d28-9c86-7a01e3f2fd38","userLoc":{"longitude":-9.307114374483575,"latitude":-12.905857275283537}},{"userUuid":"a70f9504-5f41-4317-afb8-60db754f27bd","userLoc":{"longitude":-118.44621485648587,"latitude":-5.011621010410764}},{"userUuid":"29349111-9aed-44fb-9b70-4043d665b3f6","userLoc":{"longitude":171.49453160045732,"latitude":16.06263067798301}},{"userUuid":"8a50789d-9d19-4b8a-ae62-163020b7d9e9","userLoc":{"longitude":-120.70746914606904,"latitude":-33.4247993051919}},{"userUuid":"8cbcf78f-1f3e-4462-9a09-a52aed9f86fe","userLoc":{"longitude":-146.31345930771323,"latitude":-40.861639922997384}},{"userUuid":"b98caaec-fb58-4fea-a29f-d3f5a8fa91e7","userLoc":{"longitude":81.95290558913945,"latitude":-11.713086923437857}},{"userUuid":"5deafc21-0d18-48ff-b298-289967b06e5f","userLoc":{"longitude":-132.3167012435136,"latitude":-18.70898021800086}},{"userUuid":"f2818fa6-3fd5-4431-bb1c-38ed68962b79","userLoc":{"longitude":48.05812288006541,"latitude":-17.100211885968093}},{"userUuid":"10846552-f366-469b-a3bf-7d32002eae1c","userLoc":{"longitude":-100.02635113961145,"latitude":-50.16002214234725}},{"userUuid":"fe25085b-6846-4d58-a4c7-30e026207186","userLoc":{"longitude":93.81457217846742,"latitude":-13.323382989706815}},{"userUuid":"66a772c5-515c-4329-aa1d-adbea9043820","userLoc":{"longitude":141.27537815736787,"latitude":-56.76322244373722}},{"userUuid":"95c245b5-24f2-4301-8c22-d049588becc6","userLoc":{"longitude":-114.37160145451585,"latitude":-39.83043272575334}},{"userUuid":"10b92cca-49d8-486f-8bb8-956245ed3839","userLoc":{"longitude":-100.73869205090419,"latitude":78.78515624618373}},{"userUuid":"896966a9-4190-4952-8243-522e72b4566a","userLoc":{"longitude":136.78876175530286,"latitude":69.84212182589548}},{"userUuid":"41a32a13-80dd-4924-ac9d-380b9553f026","userLoc":{"longitude":170.04535314865575,"latitude":54.1870380119428}},{"userUuid":"e9a04aea-272c-4f8c-b06e-5af05cadca84","userLoc":{"longitude":-97.67663848561375,"latitude":-84.92140276714785}},{"userUuid":"cc2634da-9fa3-4694-83cc-6eddef3fab5a","userLoc":{"longitude":-169.37390327592107,"latitude":68.43201569165518}},{"userUuid":"279f453c-6195-4f29-a967-2f6b7c7218b9","userLoc":{"longitude":145.36178318969075,"latitude":83.88528387702806}},{"userUuid":"2962167a-da31-4d85-8a1d-0c1f4e00d862","userLoc":{"longitude":175.99417862621402,"latitude":-30.826229892632}},{"userUuid":"09794388-86b4-4f20-99d0-6103daa051df","userLoc":{"longitude":-148.55610498018495,"latitude":4.9789160336552385}},{"userUuid":"e4111c08-7190-49dd-9fb6-99ff5bc22ef3","userLoc":{"longitude":55.817502841675406,"latitude":2.149053198861637}},{"userUuid":"8f648c67-8c01-4a99-af05-deca468bdbd0","userLoc":{"longitude":-178.68611158962733,"latitude":-71.11714504355768}},{"userUuid":"faa0d4ad-690d-41f5-be6e-2ff8613cd765","userLoc":{"longitude":-149.71314055834003,"latitude":-56.22141303433426}},{"userUuid":"31096ef8-0614-4655-a843-931ca401e4de","userLoc":{"longitude":-90.63374835689976,"latitude":-23.687401702848092}},{"userUuid":"b731e44b-611b-48d7-8304-b4fdf49ccc3c","userLoc":{"longitude":124.92747738752547,"latitude":70.04192835531254}},{"userUuid":"d8728ad1-0972-4065-8a7e-d2e54d85282c","userLoc":{"longitude":-156.276304261653,"latitude":-22.977219387353294}},{"userUuid":"74103fcf-a717-451d-a99d-a6924ea45dc7","userLoc":{"longitude":-91.66929383845891,"latitude":-1.9501756585386403}},{"userUuid":"3f653a47-ff04-4d22-af3b-721a9be9a6e6","userLoc":{"longitude":61.97925098123795,"latitude":-48.721351655094416}},{"userUuid":"2644beed-ff0d-4201-8e86-34b88c2a6bf2","userLoc":{"longitude":-41.27873461748476,"latitude":-5.505764819702719}},{"userUuid":"47353f03-b178-4387-aead-0e57c24e91ae","userLoc":{"longitude":60.516028877439396,"latitude":8.714945793578096}},{"userUuid":"88181a03-ab37-49ea-ad7f-5512c433a9df","userLoc":{"longitude":39.3007578500135,"latitude":-84.57067470478758}},{"userUuid":"635e5642-3a10-42e4-a99e-24ebd37a1838","userLoc":{"longitude":-10.749023689228892,"latitude":21.26879192576736}},{"userUuid":"c37e91b4-0aeb-4ad5-93f4-e425154b54ae","userLoc":{"longitude":168.33401499952174,"latitude":-9.109184960870962}},{"userUuid":"cd978cab-58c6-445f-a544-7b95b4527c1b","userLoc":{"longitude":176.0198605974756,"latitude":-55.42830129173663}},{"userUuid":"beeb9741-f0eb-4f1d-a9df-0c5240b8439e","userLoc":{"longitude":-128.2366913332108,"latitude":-81.95868809431703}},{"userUuid":"08fe227d-ae5a-4152-8a0c-d5ac1e355450","userLoc":{"longitude":-15.003533861302856,"latitude":15.552787222527428}},{"userUuid":"0751b10c-d70c-44bf-b8e9-18f3d268d6b5","userLoc":{"longitude":-87.01475252993416,"latitude":41.39336891183322}},{"userUuid":"c046996e-97bf-4b3c-8131-7c4afb512aa7","userLoc":{"longitude":86.77361673114132,"latitude":-70.12697282489408}},{"userUuid":"bda1995a-8680-4eb7-9f24-6ab0e2ce8030","userLoc":{"longitude":50.15754846127885,"latitude":80.53570082872099}},{"userUuid":"bbef8c81-2a56-4303-8527-2e01d67a09b5","userLoc":{"longitude":150.57434396596528,"latitude":-72.5028420263425}},{"userUuid":"cf891ec4-33d4-45e7-9ab0-e0f054d57bec","userLoc":{"longitude":-163.22169588087152,"latitude":-33.1802919634183}},{"userUuid":"ea56f3d0-f2b6-4f9d-a062-910444c1f1cb","userLoc":{"longitude":24.63733592955637,"latitude":-33.278602542981865}},{"userUuid":"b292563a-560a-485d-bd99-fd026b96652a","userLoc":{"longitude":-43.44769831186147,"latitude":41.45113984220558}},{"userUuid":"43361eca-e8a5-4561-a5f7-7558c1cfb9fb","userLoc":{"longitude":151.70972217032846,"latitude":-54.62106178263451}},{"userUuid":"0158a6d3-1890-48fc-8e9d-e0b9945cf11c","userLoc":{"longitude":56.461950117676395,"latitude":4.1254514753040326}},{"userUuid":"4b4756b7-2448-4dbe-87cc-7ab4c7fa041b","userLoc":{"longitude":-60.8269492256257,"latitude":-84.40466610139342}},{"userUuid":"d2522ea5-b144-442d-a3a2-4cf607b42b0d","userLoc":{"longitude":156.27156937935968,"latitude":66.83111519992661}},{"userUuid":"f870de84-7754-4bf8-b8a8-d41d8bcd6fab","userLoc":{"longitude":136.76127094729299,"latitude":-37.26570759806133}},{"userUuid":"225f1af8-a622-42fb-a634-efaa2a2adf0d","userLoc":{"longitude":135.9247992875337,"latitude":67.97210802469161}},{"userUuid":"c9fbfe6b-061f-4e6b-bc60-c5f1d3fa4838","userLoc":{"longitude":85.3893005332285,"latitude":-46.640311189878716}},{"userUuid":"5b730367-8fa3-4e16-bac8-f79296391ada","userLoc":{"longitude":49.634148082450054,"latitude":-59.74115994658625}},{"userUuid":"fa8b64a6-dea6-4963-a865-e0ff4b8d2535","userLoc":{"longitude":121.8644716219747,"latitude":44.49077753163306}},{"userUuid":"cd29de76-5306-4d06-965c-4f3a56777120","userLoc":{"longitude":179.51921767026272,"latitude":-54.47873414137542}},{"userUuid":"9661c7b3-d962-4de3-89c9-bb3e627e5ecc","userLoc":{"longitude":-24.169951946127384,"latitude":82.85005672863625}},{"userUuid":"d7338be4-b0d7-4830-8419-3fef903d0d6e","userLoc":{"longitude":-87.31266141216202,"latitude":-0.9231345659162429}},{"userUuid":"9c161c7b-8e6f-461b-8c73-0cbdfd854c42","userLoc":{"longitude":-154.69240069576318,"latitude":-55.73559741715367}},{"userUuid":"2b44a73a-e148-4865-a203-ffdd3705540b","userLoc":{"longitude":86.30074479351094,"latitude":15.893852815230204}},{"userUuid":"15ba7a2e-5a41-4969-aea5-662426c8023f","userLoc":{"longitude":-78.94574926067678,"latitude":-20.27120904739276}},{"userUuid":"b02283f8-50e4-4d83-9778-fe48821f2be0","userLoc":{"longitude":-12.733211052812635,"latitude":-68.56195800766176}},{"userUuid":"2e401096-1e4b-414c-9691-0ada9ad2e63e","userLoc":{"longitude":-125.99318360359479,"latitude":80.00287564422533}},{"userUuid":"0ed4adf2-30f0-4244-8ae1-627c981bcbd8","userLoc":{"longitude":139.24448693402422,"latitude":-8.965732107740251}},{"userUuid":"4bdc9b57-8bce-41f1-b573-d275f3a78a0a","userLoc":{"longitude":-166.11970783141487,"latitude":59.521673335510485}},{"userUuid":"d2853538-8489-43e7-9621-8d548c2eaca5","userLoc":{"longitude":-16.050518046049888,"latitude":21.147120123205383}},{"userUuid":"c685ee37-4d8b-4388-9267-fdcda4522cd9","userLoc":{"longitude":150.40215418534473,"latitude":-35.54009709436145}},{"userUuid":"fe83b5ee-f011-4393-a2bd-605dcffe78d3","userLoc":{"longitude":-96.3430354415064,"latitude":24.338060031058134}},{"userUuid":"5c7b4075-c8fe-4145-8048-2b658c2892f2","userLoc":{"longitude":-24.635701536369197,"latitude":-79.71738223349026}},{"userUuid":"591ed9ef-d164-4c9a-bb02-2117340269df","userLoc":{"longitude":107.12655199614863,"latitude":-67.06177325893341}},{"userUuid":"74a6bfe6-6977-4a5e-9621-ddfecbd1a432","userLoc":{"longitude":159.31990840616072,"latitude":-14.531943504619207}},{"userUuid":"e2dcae86-f850-4ff1-a3a5-48d4d853608d","userLoc":{"longitude":176.91632063505767,"latitude":21.375688642157385}},{"userUuid":"9f7eeb42-281a-4495-b0d0-3d27d7acdb54","userLoc":{"longitude":146.68329601348415,"latitude":-26.310831877912804}},{"userUuid":"2e0cc3f8-67ea-42dd-97e7-3c25be5e561e","userLoc":{"longitude":-77.82605096192746,"latitude":69.9240251505073}},{"userUuid":"6fdd144b-e30b-4aaa-acad-685971ae528e","userLoc":{"longitude":178.1646153627454,"latitude":52.436498474908376}},{"userUuid":"c985872f-4e88-4629-92cb-a5a438710df3","userLoc":{"longitude":51.282279370876694,"latitude":-30.761021768553277}},{"userUuid":"3b4a3c3a-40b8-4f76-9525-10ec044a03c8","userLoc":{"longitude":-32.37634607444525,"latitude":13.384966278189765}},{"userUuid":"939a7aa8-2e7d-41d9-be20-181e4e746548","userLoc":{"longitude":-112.38075391484665,"latitude":73.26100352422802}},{"userUuid":"71d5a2fb-ef6d-4bdd-8649-90fbd60ea041","userLoc":{"longitude":-7.916623027515669,"latitude":82.84899673944668}},{"userUuid":"36bef24f-f4a0-4b3f-a329-3ffe36cacc49","userLoc":{"longitude":-24.70307633406111,"latitude":-11.254685533197502}},{"userUuid":"ee468196-18eb-4e30-a84b-b78fa8088271","userLoc":{"longitude":113.34670135713236,"latitude":0.4624040967458001}},{"userUuid":"b6e68461-07a9-436c-b83d-23d9614d6388","userLoc":{"longitude":170.3971363078544,"latitude":-8.353399647446807}},{"userUuid":"456f006f-3044-4502-b9dc-ee87f8677a79","userLoc":{"longitude":94.32914873914541,"latitude":-21.989898933363882}},{"userUuid":"52731c74-6e76-449d-b1fb-b89034859189","userLoc":{"longitude":17.254712388311333,"latitude":-69.06816926084699}},{"userUuid":"452966f2-54bd-4ffd-ba62-2ca840028b5b","userLoc":{"longitude":-28.77463938068908,"latitude":52.93738988936573}},{"userUuid":"9042c60c-3922-433c-8c96-c67ae140b695","userLoc":{"longitude":-172.29859290854444,"latitude":-78.48415263637635}},{"userUuid":"2a9a4beb-b4df-4a34-a5a5-f7ab6ab9a003","userLoc":{"longitude":-141.90261546326457,"latitude":56.39017038228863}},{"userUuid":"4bb41275-3d7f-4b52-a7c0-cb9097ff3d63","userLoc":{"longitude":78.49975145573649,"latitude":62.24933017953245}},{"userUuid":"537e57c4-82f1-4e29-a2f9-fc040ee99f5a","userLoc":{"longitude":98.11731712532992,"latitude":1.9737458827012517}},{"userUuid":"d7a975f9-5c12-4e8b-95b1-3f3f4d71fee0","userLoc":{"longitude":-177.27048921209462,"latitude":-74.909790764203}},{"userUuid":"a659ea01-c1ce-40f8-933d-00a618a04830","userLoc":{"longitude":-105.33177323329295,"latitude":-41.11734678910106}},{"userUuid":"0fd8d40b-2e3e-4edd-aa6a-f0b1b006665e","userLoc":{"longitude":168.39008759870677,"latitude":24.073322234103458}},{"userUuid":"e23051ad-d074-4127-8b27-c7f45a097b65","userLoc":{"longitude":156.96585679884868,"latitude":-26.731572024288397}},{"userUuid":"316a3bb0-5aa2-405a-82d1-aa95f3a3b64a","userLoc":{"longitude":7.647711611115454,"latitude":4.657932782889034}},{"userUuid":"6f8fa446-52fa-44b3-b16d-040df0c8526c","userLoc":{"longitude":-160.1841605748919,"latitude":50.09197767896208}},{"userUuid":"710be1d3-8357-419a-b9d3-a189eabc8e34","userLoc":{"longitude":-126.69559097876743,"latitude":-84.78257498317005}},{"userUuid":"0b1b3103-4e0a-4830-8aaa-9ecbbcddfe6c","userLoc":{"longitude":136.57491714972622,"latitude":-47.96984007082694}},{"userUuid":"2576e0b7-002d-4b26-b3c0-6d2b981999a0","userLoc":{"longitude":-37.71619818371133,"latitude":9.46638280732644}},{"userUuid":"6e2e8277-a90a-444c-a57c-45a473cc613f","userLoc":{"longitude":77.09038560675742,"latitude":67.85199701508233}},{"userUuid":"833ad65f-594c-45cf-a636-3ac14d2df297","userLoc":{"longitude":-131.60789541063156,"latitude":-82.45884915869061}},{"userUuid":"f53d2ff8-bbfc-4769-9b53-db5e0371efe0","userLoc":{"longitude":-24.68920997056736,"latitude":7.556040696738691}},{"userUuid":"aef8d4b6-890d-44c3-b84a-4463222c7ffb","userLoc":{"longitude":108.89304884999115,"latitude":57.89083715088239}},{"userUuid":"b0255ea2-81c5-4e2d-bb18-ab1f2efd7f16","userLoc":{"longitude":163.8023194538834,"latitude":57.32650532556903}},{"userUuid":"6b4a267b-0413-4b59-8fd2-ef1fe695fe50","userLoc":{"longitude":171.36910552961632,"latitude":60.18053151538814}},{"userUuid":"3b9ee537-c753-4641-a17e-8398400070ee","userLoc":{"longitude":17.54218371120703,"latitude":70.10023606535452}},{"userUuid":"7377c09a-f0e6-4c0c-b547-3029074fc0c4","userLoc":{"longitude":156.33155470712194,"latitude":35.09737192538384}},{"userUuid":"98020685-647c-410f-9ea2-ad3db2145846","userLoc":{"longitude":-84.82797161317795,"latitude":-49.21543073815925}},{"userUuid":"9bbc5d15-0f55-46d7-8ca5-fb466c428b19","userLoc":{"longitude":78.00031289643641,"latitude":-13.792347661114533}},{"userUuid":"4b1407de-f769-45fd-8aaf-4592a6aebb8a","userLoc":{"longitude":101.88673682360502,"latitude":73.76823085930388}},{"userUuid":"552a6583-85a5-4e01-a93b-50dafd20a731","userLoc":{"longitude":-111.8592390521852,"latitude":65.94975198535735}},{"userUuid":"76bfa3ac-ccb0-4593-acac-86b852883203","userLoc":{"longitude":-123.3281865228876,"latitude":-15.161186580685154}},{"userUuid":"aacfc00f-1f10-4af0-8af1-83d1786a4819","userLoc":{"longitude":-130.79667470412488,"latitude":-74.77938727620864}},{"userUuid":"97e16bc7-dccf-4f46-a78e-aeac3b28f60a","userLoc":{"longitude":34.105386515771954,"latitude":-60.64826532790446}},{"userUuid":"2f2ef1de-fa2d-46f2-8210-ec4b79af1aab","userLoc":{"longitude":89.95085765502654,"latitude":-40.005815495880576}},{"userUuid":"29ffab6c-634c-40ea-ac9d-4a85f71a14f2","userLoc":{"longitude":-46.749828307812805,"latitude":-74.94406851838325}},{"userUuid":"6e2e322e-2260-4504-ada4-08bef6eae380","userLoc":{"longitude":-156.55788385442628,"latitude":-29.29036155895298}},{"userUuid":"57ae9349-a3be-4880-832c-af657eed090f","userLoc":{"longitude":29.341005623520175,"latitude":15.012985685481397}},{"userUuid":"4d82f24a-6978-4cef-a203-5dae560f20d3","userLoc":{"longitude":90.30835857132183,"latitude":6.7227288862493}},{"userUuid":"0591c08d-fda8-4b27-917b-8ede69b1a7ef","userLoc":{"longitude":-28.491032478529462,"latitude":79.36956215640382}},{"userUuid":"9d7f90c0-2c93-480a-9d3c-5c5a56b25185","userLoc":{"longitude":131.08271767820605,"latitude":-27.097899286917894}},{"userUuid":"24d3ffe4-25b8-4c3a-a357-d13988b8a2bd","userLoc":{"longitude":3.817856636952115,"latitude":-40.58317225744458}},{"userUuid":"d8234430-522b-4f65-9057-f783577484e9","userLoc":{"longitude":34.92863634570793,"latitude":42.468837776308845}},{"userUuid":"847442f3-cdbe-44f7-b20d-84f30580b717","userLoc":{"longitude":120.47388253334873,"latitude":-79.02799857967841}},{"userUuid":"e126a3a3-ecf7-4e7d-95eb-eb8f01f7469a","userLoc":{"longitude":92.9041519980309,"latitude":62.54663848084533}},{"userUuid":"95e9d6f0-78ea-4d12-a314-4ec2b5b905ca","userLoc":{"longitude":71.12288575222507,"latitude":-30.741236568871557}},{"userUuid":"cf2b27d2-befe-4697-b988-33f9e76f3401","userLoc":{"longitude":28.403412849345585,"latitude":46.10454619368241}},{"userUuid":"82620d1e-97b1-47b3-8cc6-65dc27273282","userLoc":{"longitude":-169.7849437725374,"latitude":64.76664321608808}},{"userUuid":"b26e8fbc-26d8-4f5b-ad19-b9b8f1eb3423","userLoc":{"longitude":-91.80543496691048,"latitude":-78.44974893002775}},{"userUuid":"9412f73a-a2fb-4f01-a5e9-d3d8703746c3","userLoc":{"longitude":33.412580845076576,"latitude":29.685273428546367}},{"userUuid":"ec505169-dfad-40d0-81ef-9c0e508ad4ee","userLoc":{"longitude":91.03867048360667,"latitude":-59.30377627365138}},{"userUuid":"ddb30700-bf8d-4aa0-94ce-af8ae75c54d2","userLoc":{"longitude":-2.05160731448035,"latitude":73.457958391219}},{"userUuid":"c5a02e9e-46b4-4343-8955-ae552bbf8714","userLoc":{"longitude":25.630109217343858,"latitude":23.347473738467542}},{"userUuid":"2e536b5d-2b54-4113-b001-7bfd2d81906d","userLoc":{"longitude":-77.93148028913629,"latitude":55.14672496715278}},{"userUuid":"b952cc3c-db9e-4d96-995d-5ef4d7c46c21","userLoc":{"longitude":176.10740492113507,"latitude":-53.71823981955322}},{"userUuid":"6ae6b7af-88e5-4512-866d-26310eb1d91c","userLoc":{"longitude":-116.22561395752356,"latitude":-75.32336782840689}},{"userUuid":"f8dc40f5-7538-43c9-9c8d-6511c23b82e6","userLoc":{"longitude":-150.45599147064056,"latitude":42.795588324977814}},{"userUuid":"8c74aa90-0a00-4794-8a40-d66f89efff04","userLoc":{"longitude":132.735946605361,"latitude":-51.51364753042676}},{"userUuid":"a574273a-abcf-4877-9a8c-d5c9e51072c2","userLoc":{"longitude":-82.98728703486226,"latitude":-60.61826412542939}},{"userUuid":"ef9daeca-d95b-4776-9428-6800815c97a1","userLoc":{"longitude":-13.285366276453914,"latitude":25.648783527396205}},{"userUuid":"f70e9b86-ce2b-4b01-a4cb-547ff62d42c6","userLoc":{"longitude":142.67214371388326,"latitude":54.03873397059763}},{"userUuid":"0eb406f4-4dcd-4e29-82cf-0d457c1a949d","userLoc":{"longitude":-164.29026236941115,"latitude":-20.51347878815146}},{"userUuid":"92f4f2a8-653b-40b9-89f9-5af2e9db5be0","userLoc":{"longitude":-161.05414030204997,"latitude":-79.04673350932205}},{"userUuid":"73e583e3-4770-4bab-81d4-38c341d25e89","userLoc":{"longitude":-85.05985704542064,"latitude":-22.636319773025534}},{"userUuid":"9e8a33d6-3164-4be4-a681-2b1674c5dd6a","userLoc":{"longitude":-4.516356419907879,"latitude":49.501647325431065}},{"userUuid":"2b9c0892-b38e-44c1-8d02-0ca0656fc785","userLoc":{"longitude":168.59701809936934,"latitude":-0.6980152072218289}},{"userUuid":"3b831363-4d1c-494a-ba0d-02389a128c0c","userLoc":{"longitude":29.116495452361704,"latitude":40.09560180439824}},{"userUuid":"5a79d13e-1fdb-4070-8450-3768aced7886","userLoc":{"longitude":-65.8746863285028,"latitude":41.729141945580125}},{"userUuid":"c104c0a8-f012-4dc1-bb34-f9f11e1c4610","userLoc":{"longitude":98.78416799928965,"latitude":48.54061493171707}},{"userUuid":"ffb4259a-9240-4754-887a-1cc1b3d3172f","userLoc":{"longitude":150.50473860496191,"latitude":85.02915240259924}},{"userUuid":"83172d9d-91d0-426a-a389-4227679030a1","userLoc":{"longitude":79.11845353029088,"latitude":-5.008026622620903}},{"userUuid":"5ab9edec-2141-4c4d-bcd7-9818af6248da","userLoc":{"longitude":143.85628632282112,"latitude":-44.74442097645984}},{"userUuid":"6f66c3e2-a838-4349-a605-f106c1f4e55a","userLoc":{"longitude":-122.3078564574897,"latitude":-53.771527898090085}},{"userUuid":"6c39888d-57d1-4558-8a88-29f4790fede9","userLoc":{"longitude":-165.74394272120878,"latitude":6.378661228073497}},{"userUuid":"8829ce76-a407-413f-a5fa-d71aada2a64e","userLoc":{"longitude":-32.22886272353372,"latitude":-71.07075388733195}},{"userUuid":"0568c7bf-07da-4bfc-80c2-275777ed0eda","userLoc":{"longitude":148.02136723458835,"latitude":-78.03873538408915}},{"userUuid":"c567b9db-15ea-4fe3-8d30-314c39ba5879","userLoc":{"longitude":50.05016337811881,"latitude":-52.00477859523388}},{"userUuid":"0f43fa12-a47d-4c1f-993b-ef32e48c2d4e","userLoc":{"longitude":176.44054649604487,"latitude":-43.81901349532497}},{"userUuid":"d6a80a14-4842-4b43-bd55-e5dabd02da8a","userLoc":{"longitude":-146.73479437427014,"latitude":-68.96078809309066}},{"userUuid":"df21a646-0628-4b9a-8f25-442a83568de6","userLoc":{"longitude":114.99923741055079,"latitude":0.07221612507719044}},{"userUuid":"c668fcde-ac95-476d-8f98-1b0910fedd4a","userLoc":{"longitude":-92.90102003160476,"latitude":-25.92391737261866}},{"userUuid":"b5652769-cc72-4eb3-961c-2b3ad4d88b77","userLoc":{"longitude":161.16973021256086,"latitude":49.49561425824666}},{"userUuid":"33295656-68a8-480b-9d8c-1182e27e228e","userLoc":{"longitude":113.2887719256646,"latitude":70.22248581043098}},{"userUuid":"dce7f671-4265-47a0-9bd4-16ca282ff1ed","userLoc":{"longitude":93.06776450205501,"latitude":64.93733497361782}},{"userUuid":"fd67e39d-0202-40d4-9877-f112809cecc9","userLoc":{"longitude":80.91488371621415,"latitude":-73.92117400527015}},{"userUuid":"29ed1307-9c04-4812-b526-b19afb31b0df","userLoc":{"longitude":-119.68125157140136,"latitude":29.683160694929896}},{"userUuid":"dc9ff813-313f-4c37-b31b-9dab82b01bff","userLoc":{"longitude":-156.28142648830269,"latitude":77.26304868620241}},{"userUuid":"a9ec5619-5734-4ca7-b0ec-9211482ff4e2","userLoc":{"longitude":-57.37044020213389,"latitude":-79.61468392877637}},{"userUuid":"770b38f8-7524-4ac8-a736-319da8308751","userLoc":{"longitude":-104.89498823484925,"latitude":25.841565516147412}},{"userUuid":"48bbe76c-e6f9-4637-bdaa-fd37e582480d","userLoc":{"longitude":-19.95641084007437,"latitude":69.83374374985351}},{"userUuid":"6e41f4f1-311a-4277-a617-b319bd9439c4","userLoc":{"longitude":-37.521758273632116,"latitude":2.546912168625738}},{"userUuid":"f9b74460-4d03-4092-aceb-577d2ea92c97","userLoc":{"longitude":-41.09841280242202,"latitude":15.95139324270157}},{"userUuid":"d481e911-e95b-458c-a788-11abada17237","userLoc":{"longitude":-17.14675129421866,"latitude":-60.52536056072623}},{"userUuid":"fe78abc9-bf93-4f45-8cfd-bdca8ac4597f","userLoc":{"longitude":-26.439186307543906,"latitude":60.760155149809634}},{"userUuid":"8f8e752a-5842-4a28-b3ce-b975bf3effdb","userLoc":{"longitude":-97.05326427797547,"latitude":32.20200899914256}},{"userUuid":"023b2e64-b91f-413b-afb3-2af3de29100b","userLoc":{"longitude":176.79980921464931,"latitude":47.0795736623235}},{"userUuid":"9e2a2fce-67c4-4c85-9d2b-6b597eb11d4e","userLoc":{"longitude":-30.255519472172836,"latitude":-72.90839308627343}},{"userUuid":"92612ef9-2ab8-4dd7-9426-b756de02015a","userLoc":{"longitude":-117.62641971266694,"latitude":-71.30957146679926}},{"userUuid":"cb3697bc-6b05-4152-a1f8-f4fbd97eb51b","userLoc":{"longitude":-166.99943259194515,"latitude":-33.143792034449305}},{"userUuid":"538c5cf7-de6f-4d09-b9b9-a3f937ca7ad8","userLoc":{"longitude":173.89092879224023,"latitude":-80.63905596068697}},{"userUuid":"6ec7c1db-79a4-4503-a379-0ba59a0bf179","userLoc":{"longitude":-103.412276148007,"latitude":78.81157195551464}},{"userUuid":"00c94049-cc94-40c5-8db8-a18592e3734e","userLoc":{"longitude":126.66623337363251,"latitude":-64.01463230043457}},{"userUuid":"f0aa51e7-7266-4ae3-9264-a68f0f835071","userLoc":{"longitude":-126.39147497337714,"latitude":55.06879660884783}},{"userUuid":"fc371064-dfd9-4fc8-b7ce-8b4474c020d0","userLoc":{"longitude":162.32657518381933,"latitude":-26.12591813635099}},{"userUuid":"032e584e-5b05-4a41-b237-6b679ad9810f","userLoc":{"longitude":-89.09741094849826,"latitude":1.6800355052913574}},{"userUuid":"104c64d2-0750-4173-8455-819b0903f246","userLoc":{"longitude":54.775934502326464,"latitude":44.81914426104541}},{"userUuid":"66f4e8ad-848e-44a0-b72d-f13d4eeb40a4","userLoc":{"longitude":-94.45183810354966,"latitude":74.1448644726689}},{"userUuid":"8e56d1dd-6dfd-406d-829b-a34d638c3b94","userLoc":{"longitude":0.3642763040323871,"latitude":8.921224096381636}},{"userUuid":"25488dc0-f379-47ad-b051-4b34e6f1f335","userLoc":{"longitude":-7.814563595410732,"latitude":6.433997265069621}},{"userUuid":"5dcf0939-10fb-44ba-9f30-5bd9463d715f","userLoc":{"longitude":-5.336624626133272,"latitude":52.257097929732765}},{"userUuid":"405f2d90-bbc4-4a3b-afd0-be42f4b8f125","userLoc":{"longitude":-16.532637525005924,"latitude":-5.172495725029833}},{"userUuid":"00d055ad-309e-499b-b433-709238b143e6","userLoc":{"longitude":-98.05209662004731,"latitude":64.61592496750583}},{"userUuid":"7f0d4320-527e-45a7-942d-9d73cf592381","userLoc":{"longitude":-105.88967251860402,"latitude":62.647387099652974}},{"userUuid":"fcda6694-05e9-465d-8535-9d7e59adcc6a","userLoc":{"longitude":142.23916845417938,"latitude":-7.283311636104116}},{"userUuid":"397e75fb-a531-4f75-8da7-a363700b1937","userLoc":{"longitude":-93.4708148478165,"latitude":28.552385647505673}},{"userUuid":"5115dde5-1772-49fc-a4b4-249b56afd93d","userLoc":{"longitude":77.12318487222018,"latitude":-84.8133938390265}},{"userUuid":"1da5ef05-1066-4869-8a44-3c0ce481b760","userLoc":{"longitude":-18.44154490367677,"latitude":7.031921561714768}},{"userUuid":"75d2ed2f-da10-4340-9a84-243da73271ae","userLoc":{"longitude":-15.639210161013409,"latitude":37.05425721419208}},{"userUuid":"7786ccc4-11e7-48e2-87ec-ccfaacf30105","userLoc":{"longitude":25.354921773709663,"latitude":-73.67521251685682}},{"userUuid":"9e6c8681-55cd-4a33-9cb1-75e3d580f778","userLoc":{"longitude":-134.26449638542078,"latitude":-69.6782813942265}},{"userUuid":"e8ff3c65-b362-4024-8e06-cd5187932ce7","userLoc":{"longitude":43.564074183894206,"latitude":50.9663518604724}},{"userUuid":"429da1ee-1db5-4c2f-b072-583212a377bb","userLoc":{"longitude":-149.55966232137695,"latitude":-67.04053043489975}},{"userUuid":"f59d4b4b-cc27-4f99-8000-b23e968dfaa4","userLoc":{"longitude":-27.15233953814635,"latitude":-2.1711959837712556}},{"userUuid":"2f73da0c-4e63-41a5-9710-a2b1b8e0632d","userLoc":{"longitude":37.233317474674976,"latitude":-53.783689246883306}},{"userUuid":"5689ac13-65d1-4925-8a01-0c3517400a81","userLoc":{"longitude":131.3027940911757,"latitude":26.612689879542586}},{"userUuid":"f528421d-7674-481f-9719-1c70ee348739","userLoc":{"longitude":145.22153603397436,"latitude":71.4506616329142}},{"userUuid":"d1ec7423-451a-4413-8c13-ea006157b3a9","userLoc":{"longitude":-101.4780851765474,"latitude":34.80846477630365}},{"userUuid":"8307c44e-9f6e-4eb2-b4bd-58772dee4bcf","userLoc":{"longitude":167.78050989416607,"latitude":-72.24247404046923}},{"userUuid":"f1da1f17-a718-41bc-bd89-dbd518c8b846","userLoc":{"longitude":-1.5071691172756516,"latitude":-58.70619446114972}},{"userUuid":"c8695e8b-404d-4299-8f5c-27cc70567e1b","userLoc":{"longitude":-72.7958967916511,"latitude":36.884214939128086}},{"userUuid":"3ada81e3-cd76-4798-ab95-8f0670a5f624","userLoc":{"longitude":6.693391060566,"latitude":59.788688047164385}},{"userUuid":"d992a376-96b2-4e8d-82ea-c5985d315a4e","userLoc":{"longitude":142.38968623250616,"latitude":55.59972264337432}},{"userUuid":"b09756bc-e819-431d-976e-9718acd9a26a","userLoc":{"longitude":-24.241179557790844,"latitude":-3.7003217121559118}},{"userUuid":"acc45dec-154d-4d6c-bed8-827105f6e7e0","userLoc":{"longitude":49.43160763406337,"latitude":-22.863629812304453}},{"userUuid":"0aa7c582-e718-4ad4-aad0-ac9cc16f2d8b","userLoc":{"longitude":46.68062310825289,"latitude":1.3787220983490585}},{"userUuid":"be75bedf-6d21-4d96-afa9-cbc093a11883","userLoc":{"longitude":-74.23644557855957,"latitude":40.09662017327646}},{"userUuid":"261186be-ca58-4da7-a16a-2c36933e80de","userLoc":{"longitude":-126.57912484075264,"latitude":60.01475331490295}},{"userUuid":"30db08d4-4a2a-4674-8d9e-44ef6cdec732","userLoc":{"longitude":-106.89061814268042,"latitude":-81.39970620570615}},{"userUuid":"9373ef22-8dea-4f62-b4c7-249bc2735f64","userLoc":{"longitude":-100.73472863112697,"latitude":15.595673663482017}},{"userUuid":"acb14f3e-22e1-4ea8-b06b-e7fa256f6ad4","userLoc":{"longitude":63.873504840135666,"latitude":-22.6142482195037}},{"userUuid":"fd208726-a3df-4307-beb0-5da85cc52339","userLoc":{"longitude":-36.594695399638965,"latitude":67.36074304424818}},{"userUuid":"4ef5fdbb-8197-47a7-bd3b-d50e5354209b","userLoc":{"longitude":-77.53433884589505,"latitude":-40.64252764662283}},{"userUuid":"17ba5fa1-bf91-4815-b4d2-f381b1b32d74","userLoc":{"longitude":-96.60539835247539,"latitude":55.2685716922056}},{"userUuid":"710b6dd4-a207-4da4-8178-9316255573c4","userLoc":{"longitude":56.737943972829385,"latitude":-74.79799971218617}},{"userUuid":"b737a53c-c73c-424e-9631-2a987cc106a1","userLoc":{"longitude":-163.0780483211194,"latitude":18.08696963449127}},{"userUuid":"3aa92d2f-900e-4aba-9138-b05ef4fd24e9","userLoc":{"longitude":97.31179375953138,"latitude":-15.855036423171768}},{"userUuid":"ab46e2a7-8bc5-40c7-8583-397b82742ce4","userLoc":{"longitude":154.05037872806201,"latitude":-57.20206097316168}},{"userUuid":"b2e76376-17fc-4942-9f8b-c365e2d27d7f","userLoc":{"longitude":63.367637565723186,"latitude":40.58144228511041}},{"userUuid":"2c6abbb7-0706-4e5c-877a-ce3ee57b1902","userLoc":{"longitude":-134.49145379563788,"latitude":-7.48300126002718}},{"userUuid":"3a349af6-3d79-468d-8683-ab1f16346c24","userLoc":{"longitude":-93.72484024222969,"latitude":33.904749547628526}},{"userUuid":"bf63e1bd-f487-4690-b83f-938136f25de2","userLoc":{"longitude":43.39045828436625,"latitude":-17.034347603087355}},{"userUuid":"85f5ee22-472a-4196-8850-f2cf42503cc2","userLoc":{"longitude":-78.34353417832503,"latitude":-80.02902972938557}},{"userUuid":"80627f23-a3d5-4cbb-9af5-d65f54d8bad3","userLoc":{"longitude":-74.18826116107985,"latitude":61.17709424464951}},{"userUuid":"596a6936-33f6-4c44-b098-9d61dabf24a8","userLoc":{"longitude":4.992076765589019,"latitude":53.21651916925558}},{"userUuid":"e4fb6e55-ba71-49f1-9843-3a810d3f49ad","userLoc":{"longitude":45.985234402191594,"latitude":48.11206624348736}},{"userUuid":"12582174-6acb-493a-b743-0ae26c0f6b76","userLoc":{"longitude":155.2652669616217,"latitude":70.86827002489343}},{"userUuid":"32cabaa3-e975-48b9-a65f-b7beba79f012","userLoc":{"longitude":-33.31821311146473,"latitude":-8.506595717552628}},{"userUuid":"e80a582d-0c81-4d2b-996d-d8ab9598d847","userLoc":{"longitude":-117.05319654485987,"latitude":19.508620057548143}},{"userUuid":"ac1a1e76-3c12-4e59-b411-e114285c078d","userLoc":{"longitude":174.82726371067912,"latitude":-26.485574802249005}},{"userUuid":"c05779d0-dfb6-4436-926f-7abead87a669","userLoc":{"longitude":127.07454811872282,"latitude":62.00849434932201}},{"userUuid":"d40cd30e-ac35-45cb-b54f-8a8a02695716","userLoc":{"longitude":154.2040699538898,"latitude":-20.933166439769494}},{"userUuid":"33afaa07-7562-46ff-ae4f-0fe146f16fb9","userLoc":{"longitude":148.8515067249342,"latitude":44.78707106227651}},{"userUuid":"187b6878-c390-4d14-91fd-7cd43df0149c","userLoc":{"longitude":-94.76834331754853,"latitude":46.85577250864398}},{"userUuid":"0c090664-dc2f-4f38-be1a-d2375583448c","userLoc":{"longitude":-120.41676656100125,"latitude":-53.610217311231324}},{"userUuid":"9a0459fe-bc1c-4cd5-ac16-a09cea5e848d","userLoc":{"longitude":94.494766062787,"latitude":-4.7546594265838}},{"userUuid":"d5d65d88-e6e5-4676-a849-4490c505959f","userLoc":{"longitude":156.661810592363,"latitude":-84.49950341938255}},{"userUuid":"e7de18b5-ff6e-4a9e-8b2d-ff0512150f1d","userLoc":{"longitude":127.03644034382489,"latitude":-67.15355018423645}},{"userUuid":"82390da3-f292-4067-8979-771524a4e892","userLoc":{"longitude":-26.362651793292713,"latitude":-34.43508916939526}},{"userUuid":"3314a905-c236-4071-9d8b-6dcb6e096acc","userLoc":{"longitude":-14.619080784342515,"latitude":27.054076581427395}},{"userUuid":"7bbb8d44-df59-4307-8fff-50cd71a99ca1","userLoc":{"longitude":-65.06092288884595,"latitude":-59.88699162902412}},{"userUuid":"5e371592-ca5f-440b-afef-24be7b675d0c","userLoc":{"longitude":4.119192452643176,"latitude":10.59368088644041}},{"userUuid":"f3594ec8-8ef6-4959-85b0-f887a9ba3b4a","userLoc":{"longitude":-77.35389534906257,"latitude":-48.09188149153766}},{"userUuid":"a8108ed9-3da8-4dbf-83f5-0ead244c0a7a","userLoc":{"longitude":-155.3686887545751,"latitude":22.224121331677395}},{"userUuid":"0973de03-cf76-412f-97fa-dbc2bc815c88","userLoc":{"longitude":142.62903360773663,"latitude":-52.653068169068376}},{"userUuid":"8e885388-feb5-459f-b1a1-0d12212065b7","userLoc":{"longitude":-98.61937742397946,"latitude":-56.535539557890345}},{"userUuid":"d650adc5-d3eb-444c-9be0-d452df369dfa","userLoc":{"longitude":141.92398966812073,"latitude":-68.75834175077509}},{"userUuid":"31957739-0963-4b1f-81ef-2f28b76e3721","userLoc":{"longitude":15.641313599522022,"latitude":28.000973026953147}},{"userUuid":"2ef5eb30-8ea4-4716-9d14-98293072593f","userLoc":{"longitude":36.57245325521032,"latitude":23.91346552585297}},{"userUuid":"fe8e4715-df5a-4c2c-9010-07dbdb1ae291","userLoc":{"longitude":177.07220053095767,"latitude":-71.57302692034341}},{"userUuid":"2d691563-5cd4-42fa-82c3-5206889ccce0","userLoc":{"longitude":-155.52066237243395,"latitude":43.32178313399925}},{"userUuid":"8973a72c-5663-44b5-af3e-c9db609e5549","userLoc":{"longitude":159.6006102346065,"latitude":5.281125981952869}},{"userUuid":"e5d0117d-220f-42c9-94df-033a038c7535","userLoc":{"longitude":1.9360839061838533,"latitude":-8.493534462701732}},{"userUuid":"b94530f2-66cd-4f53-a82e-f120075b70d8","userLoc":{"longitude":-113.30695233513555,"latitude":-69.38415131386508}},{"userUuid":"1ed02432-57b0-412d-9d39-b55913907a35","userLoc":{"longitude":-82.58303541781896,"latitude":17.945307297025266}},{"userUuid":"04dcaf43-2e98-4270-b5ea-9ad4b98d6825","userLoc":{"longitude":129.9520350795292,"latitude":-72.42749635583672}},{"userUuid":"afae24ea-2daf-40aa-a693-8635cb5e5f9f","userLoc":{"longitude":-171.362223294292,"latitude":10.330208454464469}},{"userUuid":"54281958-b96e-44b9-a719-76c7d634bec4","userLoc":{"longitude":49.659120906321874,"latitude":-46.081388279062345}},{"userUuid":"9550fdcc-37df-41d5-97d4-32a261e61990","userLoc":{"longitude":-179.28589820334213,"latitude":53.19377785362781}},{"userUuid":"2f801576-24e5-48ac-87d3-844afdd56b1e","userLoc":{"longitude":-63.25137528870354,"latitude":-56.21666523613479}},{"userUuid":"e695ce3b-432a-4a31-8c0d-4b664c8dc4d4","userLoc":{"longitude":-20.67129286247888,"latitude":77.63261276960367}},{"userUuid":"97b18fca-5f53-4793-a923-f9452652f041","userLoc":{"longitude":44.11484403344494,"latitude":84.94476316305716}},{"userUuid":"a6aaadca-98e8-4bf0-85bc-9b3d776f5851","userLoc":{"longitude":-118.978075473308,"latitude":-21.246665145960435}},{"userUuid":"9a29b4ba-08cf-40fa-bf77-c39f5a83eb64","userLoc":{"longitude":-83.21666535461708,"latitude":-76.90326704653187}},{"userUuid":"36031e66-3093-4e94-92a2-52e7ab0c85fa","userLoc":{"longitude":12.199776180051344,"latitude":-29.814147010399758}},{"userUuid":"aa0eea52-d301-4bfe-96e9-9201c79e4c29","userLoc":{"longitude":-9.939984593201785,"latitude":12.345962068433153}},{"userUuid":"c0a51331-637c-47e0-86d2-0ddceaa20233","userLoc":{"longitude":-15.266163931178369,"latitude":-84.82620120096745}},{"userUuid":"26d271cd-5efb-4ebf-9c0d-77b7f1760b00","userLoc":{"longitude":-89.26109367253244,"latitude":80.13259558624608}},{"userUuid":"b49a1ae1-ed10-465b-874b-9084567b51ee","userLoc":{"longitude":171.9343773415785,"latitude":-46.910108801151594}},{"userUuid":"2289b497-8e42-4fe8-a809-94681513719a","userLoc":{"longitude":-104.06344445150836,"latitude":4.094885737892653}},{"userUuid":"11a07cc7-2d83-4e0a-a2d2-6366efb001ad","userLoc":{"longitude":51.35031883581905,"latitude":72.56709919005067}},{"userUuid":"2cb0aeaf-66c3-45d7-bd79-b59fcc24c3d5","userLoc":{"longitude":-118.24591569946264,"latitude":36.546801698131205}},{"userUuid":"541f215c-0bd2-40c9-bc14-c45656dc38f6","userLoc":{"longitude":-69.05334572413642,"latitude":30.357059338515825}},{"userUuid":"ce189485-fbc0-4e79-a5b9-fc1d9a292a5a","userLoc":{"longitude":-47.697692290204515,"latitude":12.889296871389504}},{"userUuid":"af2db61f-ae93-4914-84a8-ebdfd338f71c","userLoc":{"longitude":47.67434172472608,"latitude":22.441519094468745}},{"userUuid":"c12aa6de-85f4-4fc1-a4e9-ff5ef68ee1b7","userLoc":{"longitude":24.59204595303126,"latitude":-79.31846682420989}},{"userUuid":"9f1aec61-81b4-4e77-8fc4-1d8cd60f69df","userLoc":{"longitude":0.3082064810882912,"latitude":-62.339693317647246}},{"userUuid":"26ca8622-9fdf-40ac-af22-9d7d43485910","userLoc":{"longitude":84.52623977037968,"latitude":-15.358295122303872}},{"userUuid":"b48ebbd3-3320-4652-93b3-042d39370aa7","userLoc":{"longitude":67.67252936746718,"latitude":-78.47421907775357}},{"userUuid":"480b5ef0-c390-409d-83ba-2b3010313803","userLoc":{"longitude":-56.675112510576355,"latitude":43.454778962882585}},{"userUuid":"3bd8c6e8-aefe-4a07-ad70-0bafeb7c5fa2","userLoc":{"longitude":-11.954566905199187,"latitude":-34.544307253168476}},{"userUuid":"4a0b895c-0863-44c8-820f-6cfd58b60ec7","userLoc":{"longitude":-155.1780037527717,"latitude":53.703887102330725}},{"userUuid":"98a59246-8a5e-430e-8b7c-9237a934fea8","userLoc":{"longitude":72.05545513319089,"latitude":59.23275943464773}},{"userUuid":"c44c72b4-f6eb-435c-aebe-e42ae953e312","userLoc":{"longitude":-42.663417077219606,"latitude":20.626903137557335}},{"userUuid":"0c6cfba8-00ad-4ec2-83ce-516f4df17dae","userLoc":{"longitude":48.766628679588166,"latitude":-57.42559124420612}},{"userUuid":"ad31eb6a-9caa-430b-9ecf-55dadef2526a","userLoc":{"longitude":140.31188286410446,"latitude":29.520794735697763}},{"userUuid":"620f8313-b59e-4e92-bb80-27ed8a47733d","userLoc":{"longitude":-31.286296032378146,"latitude":-39.824091274766744}},{"userUuid":"c9319a98-075c-4e0e-814e-2bf39f9a6b76","userLoc":{"longitude":92.824392944799,"latitude":20.008329957659214}},{"userUuid":"6718843f-c9dd-492c-8763-656b49a077a9","userLoc":{"longitude":-114.42232493245571,"latitude":35.455819802503584}},{"userUuid":"9057a4f3-b4fe-4863-9679-cadfacd20415","userLoc":{"longitude":-83.10389909774456,"latitude":-7.574922349909471}},{"userUuid":"0acc3f2e-1b35-4a37-9d76-820710ea955e","userLoc":{"longitude":-163.76916298518807,"latitude":51.66190646897775}},{"userUuid":"709bb9a0-fc4d-449c-9861-9ce2d1a68db3","userLoc":{"longitude":102.16882421561951,"latitude":10.409178543010356}},{"userUuid":"9227af7e-f5c6-4654-9982-7be282360680","userLoc":{"longitude":107.74096017750958,"latitude":12.582252746018312}},{"userUuid":"1d84bc4b-c460-43dd-8e78-dbf88c62992c","userLoc":{"longitude":5.278220700591476,"latitude":-28.42055905794289}},{"userUuid":"aacb5fb6-bb8f-4d3b-9b75-b10ca485ffd8","userLoc":{"longitude":-16.391523965609537,"latitude":52.53384858149195}},{"userUuid":"58fe1577-8c28-49ed-b2ec-e348b8317a7f","userLoc":{"longitude":-163.6051036207126,"latitude":52.90556204739207}},{"userUuid":"acb03f3a-b095-4127-853f-1a2bb23c84e5","userLoc":{"longitude":-145.25956560063366,"latitude":5.661060286633173}},{"userUuid":"7c012e24-da3c-499e-8112-ff10cd07ab81","userLoc":{"longitude":105.2855422914248,"latitude":25.977190678659568}},{"userUuid":"9ddfc69f-1b90-4177-829a-ab9e119cc3e4","userLoc":{"longitude":169.8104576408321,"latitude":-2.835003296248601}},{"userUuid":"a5ce769b-1c80-4edf-98c9-fa6278bcf15a","userLoc":{"longitude":-41.83409031218616,"latitude":81.29101937703953}},{"userUuid":"8189d49a-b78c-41e7-8b9d-7ea6f1b35b85","userLoc":{"longitude":170.95327347936035,"latitude":-13.821487765103171}},{"userUuid":"619ccc3d-3e33-4aee-ad55-f5204dc3ee60","userLoc":{"longitude":-136.2722191835611,"latitude":-10.228239110620848}},{"userUuid":"3ad6b50f-cde8-404b-a8ae-fa65878fdcaa","userLoc":{"longitude":-136.14828196650183,"latitude":-54.466880752305016}},{"userUuid":"b10ff7f2-e157-4b68-88c5-445c591ce8f4","userLoc":{"longitude":-112.48276186987184,"latitude":74.64202030041193}},{"userUuid":"226e400a-c08a-4832-be81-2372e7bb39ef","userLoc":{"longitude":-84.44426329151425,"latitude":-23.627215450021225}},{"userUuid":"687f3ac7-c496-43bb-9a3a-8d81595ac8dc","userLoc":{"longitude":169.47104132484162,"latitude":-14.613474100570542}},{"userUuid":"905c9981-f18e-4498-bb68-ca70a37ee126","userLoc":{"longitude":-179.0006640453438,"latitude":-68.18211594525573}},{"userUuid":"d70b3718-9bea-4436-bdef-4b0e9b8de644","userLoc":{"longitude":-64.01626489129262,"latitude":24.65028845771029}},{"userUuid":"7d6aad50-50d0-4e39-87e2-31a3a2a45e6d","userLoc":{"longitude":-131.97802313796637,"latitude":-71.3603056863595}},{"userUuid":"a623a284-1ac5-4172-ac82-263f3b3ef917","userLoc":{"longitude":-102.22705069598254,"latitude":81.32453292595832}},{"userUuid":"42e4cc13-2a98-4ec8-b5fd-fb558386fe82","userLoc":{"longitude":18.525146182477215,"latitude":9.192282457334784}},{"userUuid":"04426956-46b4-4cee-809d-6972e94c279e","userLoc":{"longitude":159.26971002553478,"latitude":28.810478936389032}},{"userUuid":"c5da9dbf-373b-4688-8aae-ec848a9cd28b","userLoc":{"longitude":87.92067919341639,"latitude":3.866360299336563}},{"userUuid":"00e12d6f-d4ba-4010-ae4d-15a7d5c92247","userLoc":{"longitude":-23.945557073030614,"latitude":-60.78046523852828}},{"userUuid":"eb266fbd-68b7-45ad-bfdb-8776956f1a36","userLoc":{"longitude":-178.4931868930338,"latitude":-22.087822279290492}},{"userUuid":"436549f8-7bd6-4c91-a50f-e69da926856f","userLoc":{"longitude":162.84067127790973,"latitude":-47.837972480832505}},{"userUuid":"8cdf32a8-2308-4cf5-9d4c-729e8e54e152","userLoc":{"longitude":-156.24332988786688,"latitude":-29.92525821171877}},{"userUuid":"71bfe8d2-5049-4afa-a7e1-4666ecfc0aaf","userLoc":{"longitude":-86.57563661923116,"latitude":79.02635890727973}},{"userUuid":"0e52050b-5da6-4c08-8645-7dc7c9e139fa","userLoc":{"longitude":117.46331470998774,"latitude":54.54327941178465}},{"userUuid":"8a1e8137-c1cd-475e-b3f9-3ee2261214c0","userLoc":{"longitude":-160.9692508120994,"latitude":80.79560283735614}},{"userUuid":"8aefe9ef-d108-456e-9782-caae4c20ae05","userLoc":{"longitude":61.926601689142274,"latitude":-80.96245030570309}},{"userUuid":"edf5407b-e75d-4c25-b822-51fc985f951f","userLoc":{"longitude":96.23741993518814,"latitude":71.15572117898046}},{"userUuid":"66c9e0ea-5f21-464f-a49b-f362e60cd403","userLoc":{"longitude":12.01156742345944,"latitude":-45.22035609991531}},{"userUuid":"cebf8e17-190a-481e-b570-05db98cf9801","userLoc":{"longitude":-147.11532463753085,"latitude":56.89622887410991}},{"userUuid":"cd7c0e81-dd5b-4d69-9740-5519e6fa078c","userLoc":{"longitude":-129.3676913844658,"latitude":-68.25935146075503}},{"userUuid":"cf55b4a7-aec6-41aa-a4a2-1a2d14925f20","userLoc":{"longitude":31.292479715205445,"latitude":23.35872047647102}},{"userUuid":"d142e00a-d05c-4a39-8626-943488a2af8d","userLoc":{"longitude":-48.50181018455501,"latitude":-77.67531716942197}},{"userUuid":"809d8f18-28cc-4ca1-84b0-0a2b5180607e","userLoc":{"longitude":153.67679411078552,"latitude":83.02475174594866}},{"userUuid":"1619bc66-77df-47e3-bca3-37ee611a492f","userLoc":{"longitude":79.69493236151038,"latitude":55.29848970985876}},{"userUuid":"cc5d1af9-21d9-48d1-94b2-19cafb6e2023","userLoc":{"longitude":32.57056863725438,"latitude":-58.39201941729241}},{"userUuid":"af4b2456-a05a-4b65-a825-ce6b7280f6bb","userLoc":{"longitude":-178.3228497402191,"latitude":76.67600615044677}},{"userUuid":"d9f825ff-8443-41c5-b237-10944a26ed6a","userLoc":{"longitude":124.82847606216035,"latitude":-37.65390701312427}},{"userUuid":"f826b330-b420-4ceb-87a6-cef0255977ed","userLoc":{"longitude":144.47284932099285,"latitude":-30.132016880297407}},{"userUuid":"2ed8a40f-4b4a-4312-a58f-ef71ffeb0e25","userLoc":{"longitude":163.70439631087038,"latitude":-54.262920912802585}},{"userUuid":"f691b992-1451-413e-b16f-b3f4f1f0410f","userLoc":{"longitude":-166.02462068321012,"latitude":-59.15439585812085}},{"userUuid":"2544cc5a-2106-4312-8484-72ebef34082b","userLoc":{"longitude":62.78785247051741,"latitude":-0.5362441094407444}},{"userUuid":"d00109b3-0dc0-4e47-95e4-fdd2086e1121","userLoc":{"longitude":-80.80085029404266,"latitude":10.087550242550336}},{"userUuid":"2032d55a-581e-4e94-a073-9d1beb5b1a4f","userLoc":{"longitude":-148.79281206340755,"latitude":41.166785372962224}},{"userUuid":"b9fbdb30-6e40-4787-b8df-ff43bb5efb41","userLoc":{"longitude":-40.435072745156674,"latitude":51.69357963287331}},{"userUuid":"94b92b6d-62cc-497b-b29c-f7ad03544a14","userLoc":{"longitude":-176.26084452244746,"latitude":69.41595419428637}},{"userUuid":"714b5158-00b0-4cb9-a796-9f63528243c3","userLoc":{"longitude":-45.38023966745965,"latitude":-51.393133034966965}},{"userUuid":"483c9367-9b69-45c0-8f98-56e6faadfead","userLoc":{"longitude":163.87168085424162,"latitude":-77.20104820902685}},{"userUuid":"8b924657-1f1c-418b-93cd-a8851bf098b8","userLoc":{"longitude":23.748809571856498,"latitude":34.59739197308552}},{"userUuid":"e9a43925-22bd-4e83-bdf9-fa01b066f23a","userLoc":{"longitude":-60.10859138287792,"latitude":74.79745680903022}},{"userUuid":"8c2e186b-d09f-4fa1-8c2d-a82343598b91","userLoc":{"longitude":-170.8096609519954,"latitude":67.28687984963898}},{"userUuid":"a1d5dca0-8bf7-47ed-a827-6eb96fe06f57","userLoc":{"longitude":49.02465399394629,"latitude":-82.40102947656543}},{"userUuid":"9af98cb7-3f41-4aa8-bddc-773cababe7bb","userLoc":{"longitude":95.53326858166116,"latitude":25.089029106706278}},{"userUuid":"3348367a-1665-4bf8-8d1e-b22cfedfc291","userLoc":{"longitude":118.3368648624172,"latitude":-7.494145249908939}},{"userUuid":"9d115cb3-fc07-40fc-99ce-579a5dd85fd4","userLoc":{"longitude":125.67867829307215,"latitude":-44.021813710464265}},{"userUuid":"53cae4d9-07c5-4cd6-943a-d56c85de32bf","userLoc":{"longitude":-23.163963089418615,"latitude":-61.92017757470575}},{"userUuid":"0995cec7-f2fd-4641-9e55-2a59971b4d85","userLoc":{"longitude":103.7122104342028,"latitude":-67.31516545754744}},{"userUuid":"d1c8a14c-6fad-4261-b551-459d6b41a03d","userLoc":{"longitude":18.173867942669006,"latitude":74.23688732311243}},{"userUuid":"00e97fd4-5a02-4b79-870b-7b17060747c8","userLoc":{"longitude":113.24061899926392,"latitude":-72.6692410176131}},{"userUuid":"fb4bce0d-d6fd-4e87-9b8d-80b39a390317","userLoc":{"longitude":150.29831092206558,"latitude":56.103228885482764}},{"userUuid":"0c3cac2a-b15a-499d-b68d-7372076ab747","userLoc":{"longitude":-51.38724839736739,"latitude":-82.21661250680458}},{"userUuid":"ae473346-1a43-499c-a1cd-5e8ccc548081","userLoc":{"longitude":63.32647880174429,"latitude":-77.12741024749859}},{"userUuid":"d14ea74f-830f-43fb-a792-b8f050856332","userLoc":{"longitude":20.225500264019814,"latitude":40.7462978057812}},{"userUuid":"f4096b57-d282-4457-beff-37dd17a5e17c","userLoc":{"longitude":-132.6202844141091,"latitude":-22.812362262164477}},{"userUuid":"187148be-53d2-4109-acd9-e559662d392e","userLoc":{"longitude":59.85535456682854,"latitude":-54.084004934613596}},{"userUuid":"60ae8b72-018e-481d-bab0-785f9cee0f29","userLoc":{"longitude":51.16742338446059,"latitude":5.675811098115602}},{"userUuid":"1db5824b-e7ce-4df1-a662-52ff1321b628","userLoc":{"longitude":116.87144707756323,"latitude":-12.469067931367618}},{"userUuid":"13c7db68-af11-4435-b7fb-7e3a5ebe93eb","userLoc":{"longitude":-8.853300928267657,"latitude":-84.04520969553863}},{"userUuid":"ba3266ff-329d-41d4-8ab5-67659a14f751","userLoc":{"longitude":-52.816252461556545,"latitude":-29.027953941854015}},{"userUuid":"74172335-3700-4271-b8df-1f43bb54275b","userLoc":{"longitude":19.671018312631077,"latitude":-21.449222365871684}},{"userUuid":"97bdd832-1932-4cc1-8825-920bf9623dac","userLoc":{"longitude":25.133354831065958,"latitude":-32.39381518516097}},{"userUuid":"0d0db6b4-7d54-4472-916f-7bb0436da084","userLoc":{"longitude":-122.13977533808733,"latitude":-33.03185858701991}},{"userUuid":"55a62f97-aa25-4dae-ac11-835a2d97fa5f","userLoc":{"longitude":-74.13958917001007,"latitude":-6.877153627026189}},{"userUuid":"9854d4ac-2be1-46f1-a848-ed31b45bbf10","userLoc":{"longitude":75.12761310074549,"latitude":33.14866324979168}},{"userUuid":"b75578bf-64a8-41f5-a7f6-d8d71a959809","userLoc":{"longitude":-6.7285865897924,"latitude":-80.43613981329982}},{"userUuid":"7d38b334-a524-4f4a-8aba-a2c6f827c2ea","userLoc":{"longitude":14.264278074369258,"latitude":-6.954471395935016}},{"userUuid":"859f7ba8-3722-4f43-8c8f-dda8a5850f90","userLoc":{"longitude":59.390365767790655,"latitude":-79.76932643846393}},{"userUuid":"5884648a-58dc-4640-91d9-0412b53a8bca","userLoc":{"longitude":125.33148248540334,"latitude":12.75375360058112}},{"userUuid":"a4b0b179-60d5-44d9-823d-1df04f980289","userLoc":{"longitude":62.58282442323187,"latitude":9.36304701273734}},{"userUuid":"300a3385-c69f-47ef-8df3-c75585bff597","userLoc":{"longitude":-122.27424461510194,"latitude":45.58760491853789}},{"userUuid":"dd637d65-8c81-4415-bce6-536f4ea54245","userLoc":{"longitude":100.53424501628962,"latitude":48.28980264120253}},{"userUuid":"0744fbec-1b48-4c2e-bac6-dc0634d87e8f","userLoc":{"longitude":-87.9240058217721,"latitude":22.214200724621705}},{"userUuid":"9a4d1c3b-1d1d-4f78-a498-3895a20de199","userLoc":{"longitude":-99.52577071434472,"latitude":-36.96018185625406}},{"userUuid":"4328d164-1bf8-465a-8213-66f0400e9634","userLoc":{"longitude":125.28718935818807,"latitude":-74.61966740179318}},{"userUuid":"75b94d50-169b-4780-8c4b-1dbe2a5b87fa","userLoc":{"longitude":117.838806195872,"latitude":-29.11998963623646}},{"userUuid":"6952f961-3034-4033-94f2-df66d9fe8426","userLoc":{"longitude":167.50809617691982,"latitude":-84.68776887733068}},{"userUuid":"e937684b-d974-40e1-a519-53fca680f59d","userLoc":{"longitude":-163.72950739961237,"latitude":-18.710583926412042}},{"userUuid":"463b3e97-00e8-476a-a307-58e32976d72d","userLoc":{"longitude":-27.8395163049359,"latitude":-64.48242955397062}},{"userUuid":"f18242e6-a47d-4eb6-8453-f4e504ae36d6","userLoc":{"longitude":157.44158994246516,"latitude":6.637650283765595}},{"userUuid":"aff49f20-be46-490a-a619-7495d8dfa006","userLoc":{"longitude":105.95983865839833,"latitude":45.06575780127204}},{"userUuid":"c4ed98fb-cee7-4e6c-abc3-3c625b5da762","userLoc":{"longitude":106.88193542009077,"latitude":-23.010756320440954}},{"userUuid":"b5a3d900-f407-407e-9182-5f952f6c72ce","userLoc":{"longitude":45.40730699804382,"latitude":-23.167150466105902}},{"userUuid":"e764383d-122c-4de9-bc5d-bbd7a40aba92","userLoc":{"longitude":-64.15846374863614,"latitude":43.36445326068042}},{"userUuid":"f0536884-f535-4ac3-8fe0-a42eff1a20c9","userLoc":{"longitude":-52.78230991539789,"latitude":68.58898456316007}},{"userUuid":"fa8c0d66-67f8-40e8-a9d4-42bde86ae7fa","userLoc":{"longitude":150.44386679812538,"latitude":-37.05689443197052}},{"userUuid":"e3ca9a0f-0677-4ce6-a121-b2e8f58dc82a","userLoc":{"longitude":-78.09637549286751,"latitude":-13.469871518880339}},{"userUuid":"fee0213a-a89c-437e-8a88-58e3bce257cd","userLoc":{"longitude":147.63544577347693,"latitude":62.67218785360615}},{"userUuid":"64e2d997-d32c-4d3b-9a9e-24be0a8730b9","userLoc":{"longitude":34.358256196899674,"latitude":-20.063933855501475}},{"userUuid":"90aff5b8-ee45-4413-814c-16c89cc924ba","userLoc":{"longitude":15.492498632138279,"latitude":58.91026398810848}},{"userUuid":"564eff4c-3f88-429c-abb7-4123682a0402","userLoc":{"longitude":-131.66257143202617,"latitude":-71.65111913779964}},{"userUuid":"cbf119ab-b9cf-434f-bc22-27cfdaab1277","userLoc":{"longitude":-106.93248825014457,"latitude":8.67443777161914}},{"userUuid":"bf546fa7-a92f-4790-b335-dbd0b7d4ed22","userLoc":{"longitude":-86.07342547167286,"latitude":-44.55827821944738}},{"userUuid":"2aade32e-1b7a-48a5-b3d3-cbc1416dded7","userLoc":{"longitude":41.068374822304406,"latitude":-53.364501168438984}},{"userUuid":"5e1fea7f-4d49-4b13-974c-8c754ccfba2a","userLoc":{"longitude":-27.36165079159869,"latitude":30.222844447305192}},{"userUuid":"9173b63a-0805-4210-bc07-012e6149b62e","userLoc":{"longitude":40.90201340867742,"latitude":66.69164277208958}},{"userUuid":"b3145e74-dda6-4d2a-bd12-be721e501944","userLoc":{"longitude":34.4506023210067,"latitude":71.286764618322}},{"userUuid":"a3d6b3e9-f4ba-4c58-898d-b5e87e195238","userLoc":{"longitude":-32.79990332071131,"latitude":77.20094616526805}},{"userUuid":"10d8e17f-a5b1-4a31-bd60-a1673373d966","userLoc":{"longitude":12.301119528865627,"latitude":-77.22552527764346}},{"userUuid":"5774ae7c-5407-4f2c-a17b-b8ea1f527e42","userLoc":{"longitude":88.41986348875389,"latitude":59.70422159736037}},{"userUuid":"f820b87f-efdb-49f8-88ad-a7a4d6a16b9d","userLoc":{"longitude":158.71606082314383,"latitude":-76.39468977210262}},{"userUuid":"0a56fd3d-69b4-44ee-a245-e7a5b38f8cfe","userLoc":{"longitude":-94.49565679391353,"latitude":66.25098401577074}},{"userUuid":"252260a4-f3cc-4b41-8e71-6d8509805f50","userLoc":{"longitude":21.961487049237405,"latitude":-19.722517047406853}},{"userUuid":"29367f35-8eef-404a-843d-8b3189c3cb54","userLoc":{"longitude":174.4335019372811,"latitude":79.47648253945323}},{"userUuid":"b5721674-acd3-4ff2-b8b8-a925956f106e","userLoc":{"longitude":154.60694955666446,"latitude":-38.371462275283434}},{"userUuid":"33939333-7d3c-438d-89ba-83349a576a7f","userLoc":{"longitude":-2.0870841408504077,"latitude":-44.601961533221484}},{"userUuid":"0eb98ef5-ec02-4b20-8b1b-cf596f2b7e51","userLoc":{"longitude":-80.96082897179997,"latitude":-75.60549346297648}},{"userUuid":"b1bac10d-97fa-4049-8bbe-45c5970b4a1a","userLoc":{"longitude":138.6758049651374,"latitude":0.813743170247335}},{"userUuid":"1d660171-f4a6-434f-b2fd-452b060f31c8","userLoc":{"longitude":141.82573222880455,"latitude":35.46638742914641}},{"userUuid":"3e7ce61f-0ab1-41dd-bd63-2cbd873154c1","userLoc":{"longitude":2.2519635292981377,"latitude":-31.230790370867183}},{"userUuid":"bc0133c0-49d2-4a07-8c2f-2b4d1de20559","userLoc":{"longitude":68.40764391852849,"latitude":-0.37542892871941547}},{"userUuid":"069ed0b8-caf8-4deb-9802-23730d5c4d97","userLoc":{"longitude":-130.12983697895652,"latitude":-45.273915012974655}},{"userUuid":"b1c1a761-367a-43c1-a46b-1b6e183b3ace","userLoc":{"longitude":140.65204942759135,"latitude":-50.4032017736408}},{"userUuid":"11c2e4ca-0dbb-4572-96c2-da374c14f8a7","userLoc":{"longitude":173.48458733103462,"latitude":-44.480770019311805}},{"userUuid":"37c8d7ca-0291-43f0-9ed8-f4d85ca03a61","userLoc":{"longitude":27.694857099919318,"latitude":-76.58076298117538}},{"userUuid":"74e95754-89ad-4486-97fe-254b74c136e9","userLoc":{"longitude":123.14509045221689,"latitude":64.93939353974983}},{"userUuid":"7c5cbdb5-619f-4f50-b809-4824cafa1ea3","userLoc":{"longitude":137.03876958504367,"latitude":-34.605835704649444}},{"userUuid":"b6506f4c-72c8-446d-a29d-d925d66e4f69","userLoc":{"longitude":37.550974532936266,"latitude":65.99146167447114}},{"userUuid":"f9c3498c-3b14-4b63-b1dc-5d5d10221fa8","userLoc":{"longitude":94.35143020582177,"latitude":-27.988797735327353}},{"userUuid":"8a6677d8-bbf1-47f3-90f7-f3218e1d7011","userLoc":{"longitude":-83.33991043342941,"latitude":29.812203953361262}},{"userUuid":"62261cd0-f8a4-42d9-955f-fc62ba1487de","userLoc":{"longitude":-130.73994051905197,"latitude":29.20666877535531}},{"userUuid":"e4ce9a9b-2421-415b-ac8a-5c6241464683","userLoc":{"longitude":124.78828447823093,"latitude":-72.30771656760324}},{"userUuid":"610f84a5-2f11-457f-9aa5-b0fb06bfa28e","userLoc":{"longitude":146.63726399767444,"latitude":-45.851152108549826}},{"userUuid":"d6b14a3e-2bae-4bae-9217-c4eb8c404b61","userLoc":{"longitude":1.3098180805938568,"latitude":19.72662842524963}},{"userUuid":"7fea612d-2c0f-4651-88a3-0de73850b6df","userLoc":{"longitude":-147.97342678103087,"latitude":61.03130482848209}},{"userUuid":"d18a5d56-66e3-48f6-98c2-1b06904bf6ee","userLoc":{"longitude":-150.8520604910639,"latitude":-70.92895346562732}},{"userUuid":"62c04e3c-1339-4f57-ad3d-fd0627f299a9","userLoc":{"longitude":-23.03374009315445,"latitude":-83.61090172452597}},{"userUuid":"93ecc329-f8a1-4d51-83c6-41d24e57626e","userLoc":{"longitude":159.24413051695007,"latitude":-79.92829252900925}},{"userUuid":"ef022218-5cd3-42fe-b7d1-63bbf067f096","userLoc":{"longitude":8.007246072253139,"latitude":17.515081797476512}},{"userUuid":"6a9beb63-c254-4adc-a4ce-1fc2c76549a4","userLoc":{"longitude":102.6675480393435,"latitude":-60.972973019222415}},{"userUuid":"56d66e61-2d3b-4623-bf28-8c51ef1fa035","userLoc":{"longitude":8.045928547382772,"latitude":43.75064796903689}},{"userUuid":"131387d6-97eb-4f1c-a217-0f1a7797e0cc","userLoc":{"longitude":74.39999031018408,"latitude":41.399571669989086}},{"userUuid":"0e0797df-20ca-4b27-92f0-6f9111e49dcd","userLoc":{"longitude":-161.56989467395294,"latitude":22.069830488335413}},{"userUuid":"d22b0a85-2f89-443a-9c35-b00c24a6aac6","userLoc":{"longitude":80.92596805845034,"latitude":1.562127406659613}},{"userUuid":"9249e26e-cf04-47ea-aabc-375580903a2c","userLoc":{"longitude":-125.89179964570137,"latitude":-17.286667054800887}},{"userUuid":"9f93dd46-d1ba-4969-bafb-00f2617622ec","userLoc":{"longitude":151.12387754513503,"latitude":-11.06610510322183}},{"userUuid":"ff504a82-5713-424c-8f6e-7d1cf6c645fe","userLoc":{"longitude":88.67116818169632,"latitude":-67.41791481789195}},{"userUuid":"45144df3-40bf-444c-a129-eb3446697a3f","userLoc":{"longitude":142.38879297704688,"latitude":-14.173623125357949}},{"userUuid":"30acc037-8d9d-4351-b6f8-bf078f4d9452","userLoc":{"longitude":-178.16542182398598,"latitude":49.83877568711122}},{"userUuid":"00801745-c893-4b7a-9b22-e7d193999d66","userLoc":{"longitude":-86.94251584601766,"latitude":-80.9478344829434}},{"userUuid":"9bdb360b-8494-44a8-ab4a-622fe020f16d","userLoc":{"longitude":-45.52535500117969,"latitude":-77.87956621178184}},{"userUuid":"e462d2e3-c55d-4ecd-8193-bc5c8d83d096","userLoc":{"longitude":-137.1531769708364,"latitude":-8.527489999772286}},{"userUuid":"765f7442-f615-42f1-955e-8fd94ddb7eca","userLoc":{"longitude":-52.27410197101396,"latitude":-15.754252292270536}},{"userUuid":"a009d0fe-9ae2-40da-9fb4-26f2e1dfaf96","userLoc":{"longitude":-86.64673034300776,"latitude":-16.68830821303844}},{"userUuid":"87c356c1-1989-4cba-93d9-f2e167701701","userLoc":{"longitude":-6.217484237663285,"latitude":-11.314349922652696}},{"userUuid":"8d1dabaa-6480-4e02-86bf-df16ecd1876d","userLoc":{"longitude":-122.04911755649722,"latitude":-0.2180987838404178}},{"userUuid":"6f64a0bb-8794-40b4-92a3-5ac1833d747c","userLoc":{"longitude":90.67863976673573,"latitude":-75.22991437576626}},{"userUuid":"4a689ae9-2734-4168-abbe-2927bf0245b1","userLoc":{"longitude":-74.89209640682638,"latitude":33.51254974665588}},{"userUuid":"b79ad4e0-31fb-4c05-a278-94b305605e57","userLoc":{"longitude":155.91383405785615,"latitude":-29.205948797870725}},{"userUuid":"c7b6520d-6698-4213-bd42-12b1cd26ce08","userLoc":{"longitude":89.20203073485516,"latitude":-30.412731130771178}},{"userUuid":"072f9ffb-2ef6-4ae7-b5d7-de09b97077e1","userLoc":{"longitude":-128.085199315695,"latitude":6.908444854510492}},{"userUuid":"7dc2eb14-c811-466d-8436-76a5d57cd20d","userLoc":{"longitude":-163.6616106652438,"latitude":-40.445992563911865}},{"userUuid":"e7d27fae-6275-4d68-869c-550d5131b460","userLoc":{"longitude":-39.31756925673588,"latitude":-15.95138859174375}},{"userUuid":"4c5d8178-3847-438d-b5eb-544edcf39479","userLoc":{"longitude":-84.85717801777496,"latitude":-47.996884847144}},{"userUuid":"08177560-a8fb-471f-9b8c-503159ad80ef","userLoc":{"longitude":159.1998093496112,"latitude":16.865883496170724}},{"userUuid":"5c0aa9fe-c34a-4695-90a3-05f553fdc48b","userLoc":{"longitude":37.14812433434386,"latitude":2.113111946986834}},{"userUuid":"7538bc54-57d3-46ab-bec4-f53ef1ebfdb6","userLoc":{"longitude":50.67832489807867,"latitude":38.71055102867486}},{"userUuid":"8ea08741-6351-4d35-a21c-321b386dce64","userLoc":{"longitude":-124.3195740107131,"latitude":-65.58889049905626}},{"userUuid":"0e518270-51d5-4e6e-ba41-a86af22dbe4e","userLoc":{"longitude":158.64229513008598,"latitude":11.27349041046564}},{"userUuid":"51a5152b-5fb0-488a-aa13-8b02220c6cb7","userLoc":{"longitude":67.236297897967,"latitude":-20.70757887039892}},{"userUuid":"791c4411-15fd-4196-b15e-dd415556ef5a","userLoc":{"longitude":142.51831726037676,"latitude":-55.965633910671805}},{"userUuid":"277f6e7d-c7b5-4230-9dd5-099325307dd0","userLoc":{"longitude":31.935905610504676,"latitude":-14.77411993861898}},{"userUuid":"be8ec58d-01c0-49ea-8001-95bfccc739c3","userLoc":{"longitude":177.79646510244476,"latitude":-25.92482623531624}},{"userUuid":"361454f3-4a0f-49f1-bd94-061f468852f2","userLoc":{"longitude":70.59436174345149,"latitude":-61.26912110467282}},{"userUuid":"7c049b06-f6f3-44ce-b538-992e4474f154","userLoc":{"longitude":-157.10962595972399,"latitude":-34.212298179088535}},{"userUuid":"50e8272d-9e0f-44d3-9848-bb8cd2bfeb7a","userLoc":{"longitude":-0.6231633252809843,"latitude":-81.50784267262495}},{"userUuid":"f0a6c1ce-4733-4a4e-b56d-623b4f20f53e","userLoc":{"longitude":-165.381780776354,"latitude":-70.93347050449238}},{"userUuid":"60b5a689-7216-4d59-baa5-9c7ea90da148","userLoc":{"longitude":129.88536371764894,"latitude":-13.537960037606425}},{"userUuid":"229af068-d91e-4ffe-860c-ea1fc1df560d","userLoc":{"longitude":-152.26246895724148,"latitude":-8.223472513449266}},{"userUuid":"ed19a085-8479-48bc-aef0-19d33d7daa55","userLoc":{"longitude":-45.38478944703016,"latitude":58.43775661184071}},{"userUuid":"87c2306b-2871-4d21-9c98-fb55922abdbf","userLoc":{"longitude":102.0283517242317,"latitude":-57.45833749389362}},{"userUuid":"689130c6-7589-420f-9ff8-cea15406f873","userLoc":{"longitude":-36.369036475861634,"latitude":47.41357233885262}},{"userUuid":"14c5c51f-2e4e-4f0f-ae77-7f6730cd89b2","userLoc":{"longitude":26.925215909426555,"latitude":35.95397307489472}},{"userUuid":"6df5515f-f118-47c7-b665-66be22d53549","userLoc":{"longitude":133.60309760476986,"latitude":47.0323216616074}},{"userUuid":"e1d0bddb-0bf1-4dea-b8a1-6513b77a2ce3","userLoc":{"longitude":63.3086322663826,"latitude":24.854910750100274}},{"userUuid":"659c6e9f-de51-402e-bcbd-04d7e5163698","userLoc":{"longitude":-149.79186792920217,"latitude":84.69457763092237}},{"userUuid":"c23baf95-4098-4e40-96ce-4d8ae7e7cd98","userLoc":{"longitude":-102.31704683251266,"latitude":-58.695637346633674}},{"userUuid":"9db9aa7d-2c1f-4352-a28c-9acb2b5b36b6","userLoc":{"longitude":26.425996793923247,"latitude":12.166292266042944}},{"userUuid":"3cbe0ff8-4c8e-4d8f-a22f-fcb19bead4a4","userLoc":{"longitude":83.8883827780412,"latitude":-58.59944924657992}},{"userUuid":"9e19536d-e169-4803-8227-8b8fca10fbbc","userLoc":{"longitude":-67.27351467277506,"latitude":64.95677612304112}},{"userUuid":"0c9160a3-9456-46e2-b0db-5cd65605b81b","userLoc":{"longitude":145.15354086881268,"latitude":-70.3565500209978}},{"userUuid":"58c00bd3-23aa-4ba1-941d-59c0570d0c34","userLoc":{"longitude":113.934357845215,"latitude":0.7727217141926275}},{"userUuid":"ec3c3718-207f-4024-b3de-aabdb6030275","userLoc":{"longitude":33.808158785699135,"latitude":59.07266527332334}},{"userUuid":"da795cc4-0be4-4a6c-a2e6-1a8d14417482","userLoc":{"longitude":-62.7854714366582,"latitude":-5.411262253855114}},{"userUuid":"51334ac0-727c-4852-863d-398ec91f8da6","userLoc":{"longitude":35.681577968811865,"latitude":12.769599068511823}},{"userUuid":"bbdc3e7d-1dcd-4d9f-a99f-f7a6ef095194","userLoc":{"longitude":-164.96728396502186,"latitude":-4.258976539382829}},{"userUuid":"0389ff46-c68c-4c53-9a68-d89ee8f02c63","userLoc":{"longitude":-128.2010527770979,"latitude":-28.841568598593668}},{"userUuid":"0e2b1994-ef31-4fb6-953f-2f4a482d398c","userLoc":{"longitude":140.8282795428101,"latitude":-18.04098494073257}},{"userUuid":"29b8e369-5293-4ca0-9b46-988041e79655","userLoc":{"longitude":47.24244231324917,"latitude":64.50791129659348}},{"userUuid":"f265c7ad-f2ec-48ef-b0c8-038a2e2b344a","userLoc":{"longitude":-44.432115754751095,"latitude":-4.720848024473156}},{"userUuid":"fde3f4e5-05c2-45aa-af3c-44e41b384a04","userLoc":{"longitude":-128.35024423563465,"latitude":-43.72678943842471}},{"userUuid":"6880f05a-b861-4d67-8913-c35a16a84288","userLoc":{"longitude":-147.14893335161236,"latitude":42.45161018192776}},{"userUuid":"30310379-84bf-4284-b4cc-ecf8f3705ea2","userLoc":{"longitude":-27.584960229151932,"latitude":-23.546374399885686}},{"userUuid":"8057d7d6-5b80-4451-a91e-e2e2d03d0c70","userLoc":{"longitude":-14.362234561108608,"latitude":-64.26351585186957}},{"userUuid":"e94d2cc1-7811-40f3-8ef5-9136934bc6ed","userLoc":{"longitude":-10.421274293422897,"latitude":-9.915497434682777}},{"userUuid":"af20ca30-5e81-45ce-ac22-f603ba778501","userLoc":{"longitude":-139.593747419628,"latitude":-79.02131667103305}},{"userUuid":"67a29711-73ec-4898-b206-e6222f459acb","userLoc":{"longitude":-115.31749146011312,"latitude":38.09641293319508}},{"userUuid":"187fed96-5274-424d-9e47-710f3f74f5be","userLoc":{"longitude":156.01328157497704,"latitude":-20.473100062355485}},{"userUuid":"ad85ae6d-ee81-4058-bed6-a000df36fc9a","userLoc":{"longitude":-139.71150476459965,"latitude":-58.722473270304306}},{"userUuid":"f3f3630c-b425-491f-b975-020125eef49a","userLoc":{"longitude":131.87624654462945,"latitude":-35.575365771580024}},{"userUuid":"39448ad8-1d1d-427f-8a03-c78549074f3b","userLoc":{"longitude":59.718748452897984,"latitude":20.369063828243114}},{"userUuid":"f703c562-855d-48e2-b1d2-cf661a0c7540","userLoc":{"longitude":-15.673692461230956,"latitude":67.62818497380147}},{"userUuid":"1a6142bc-b0df-40c5-9821-f027f6f9d257","userLoc":{"longitude":-46.71671747974142,"latitude":22.13575065898857}},{"userUuid":"e5aff833-52a4-4e6b-af69-bbe267c7066b","userLoc":{"longitude":-161.07689356819097,"latitude":-5.2549484016874715}},{"userUuid":"08de856a-48bc-449b-9efe-93a3adfe76ba","userLoc":{"longitude":-41.83654952097419,"latitude":-5.9698175455987155}},{"userUuid":"28d65bbe-d98c-4245-90e2-03e4fdaa33b9","userLoc":{"longitude":164.72229655663693,"latitude":-33.31011807838845}},{"userUuid":"e77501e5-d66a-4895-a4fa-6cd6836c1370","userLoc":{"longitude":-53.40515534882695,"latitude":-48.25055561437521}},{"userUuid":"dc2530cb-430b-4360-9015-50fafc426fae","userLoc":{"longitude":-72.3536084368781,"latitude":-24.504491514301954}},{"userUuid":"870f9692-ba2e-44cb-832e-73f43cddb0ad","userLoc":{"longitude":-59.54225698536621,"latitude":-81.22939733498718}},{"userUuid":"df5cb8d0-4fea-4e94-a9ca-88b6e36bf302","userLoc":{"longitude":9.43360212629932,"latitude":46.978752554761996}},{"userUuid":"5f58e0e9-b4f7-4773-a1de-bd90332b2038","userLoc":{"longitude":-82.71693901681019,"latitude":-21.769269848559844}},{"userUuid":"ebacace2-ab83-4b57-91b8-f6d0d07f5ca9","userLoc":{"longitude":148.53353129191407,"latitude":39.22710055488044}},{"userUuid":"3c537006-3f61-4ba6-83e1-18b25d551bef","userLoc":{"longitude":136.4231281401373,"latitude":8.490515302130405}},{"userUuid":"7b169e89-99e1-4ab2-9cae-a4e10876aca9","userLoc":{"longitude":5.153906206515018,"latitude":44.26303739353568}},{"userUuid":"414815f5-54ff-4c75-945b-615f3040865d","userLoc":{"longitude":-167.4842266643079,"latitude":33.10457378185008}},{"userUuid":"5f5127b3-cf62-4fca-a343-d7569ba81c87","userLoc":{"longitude":136.72112107047883,"latitude":33.992412935020425}},{"userUuid":"7ba75a42-35a2-4159-83b9-a4172bcfeb1a","userLoc":{"longitude":-154.7222371643146,"latitude":72.16972555152535}},{"userUuid":"b1d4e396-710a-4620-9959-8f60530cc965","userLoc":{"longitude":-0.23908683188588498,"latitude":-58.967824006927}},{"userUuid":"0b416883-a2c4-42ca-b783-a798d5b35bdf","userLoc":{"longitude":-170.49315880119457,"latitude":50.90983728732468}},{"userUuid":"0618ab5d-8c91-4688-8efc-12df7cc12b8e","userLoc":{"longitude":-87.06566006742491,"latitude":60.96970093711772}},{"userUuid":"155dc3e7-b0bd-41c0-9947-976d30cf6d5e","userLoc":{"longitude":42.44181705078026,"latitude":77.73058286667714}},{"userUuid":"203e7343-a006-463b-a1a1-486f047398b1","userLoc":{"longitude":-18.254506502267446,"latitude":-28.171487541662934}},{"userUuid":"6fd7750c-69bf-438a-be25-861e5c4e835b","userLoc":{"longitude":83.67682517827859,"latitude":10.98123451654206}},{"userUuid":"b8ddcbeb-4b85-4ed1-9e29-8d1c1a339609","userLoc":{"longitude":-88.03078023782403,"latitude":-69.56959493864531}},{"userUuid":"5ae5eaa0-b1ea-4fd0-906a-3967816ae90b","userLoc":{"longitude":-124.56379704086385,"latitude":9.200268052638663}},{"userUuid":"b0fb57b9-cbac-4e1d-a085-160a7c3b1943","userLoc":{"longitude":45.950293674704795,"latitude":11.419277847150084}},{"userUuid":"edacd70f-d71f-4319-8f35-e7289897b354","userLoc":{"longitude":44.06778298478568,"latitude":-35.2861492338819}},{"userUuid":"6a37bd5e-aec5-4c20-9617-6b5a4120eba7","userLoc":{"longitude":82.23316281154007,"latitude":-66.37988677339199}},{"userUuid":"9fdf7e20-700b-490f-9f04-3da52d0efde2","userLoc":{"longitude":148.26666337117712,"latitude":29.461165085102493}},{"userUuid":"8e75bf45-c984-4fe1-bc81-c9343cccb5a5","userLoc":{"longitude":129.54342142423627,"latitude":-34.99627792516118}},{"userUuid":"7e539a88-828f-4f0d-8d04-157896e840df","userLoc":{"longitude":124.23753249056642,"latitude":27.069996511787124}},{"userUuid":"e92e235e-aad7-4c1c-935e-e1777224d729","userLoc":{"longitude":-169.94754169355306,"latitude":42.28988040188257}},{"userUuid":"976f2d56-a51e-48cc-bd6d-0620d40443b7","userLoc":{"longitude":164.39179103026157,"latitude":-26.933988477312496}},{"userUuid":"9cf074ae-0f7b-44f1-9160-b83cfd605a45","userLoc":{"longitude":19.476547974398585,"latitude":54.29215183697801}},{"userUuid":"38655b07-5777-49d6-b99a-ec8bf12e3968","userLoc":{"longitude":-112.43252219292101,"latitude":15.45013286830789}},{"userUuid":"59248225-3330-49e8-a352-e5d9a88df505","userLoc":{"longitude":66.84553909372565,"latitude":-45.868658306476824}},{"userUuid":"a84d9c6d-29bb-4a61-9b90-47f5f37b84d7","userLoc":{"longitude":-15.709126185992972,"latitude":-66.70630311236143}},{"userUuid":"3a6b40c3-e8a9-4308-b95e-09e9ffcc9b32","userLoc":{"longitude":147.97654073884456,"latitude":-3.845135510760471}},{"userUuid":"e3be67e5-7d5a-4986-8313-11dcb14f5c18","userLoc":{"longitude":-152.0818835765024,"latitude":-76.61244839739551}},{"userUuid":"615667ab-f7c5-4510-9bb2-652ecd098839","userLoc":{"longitude":-14.859645851760547,"latitude":-74.70555148769837}},{"userUuid":"3f973acb-bcda-4593-8b39-e2f3593d881f","userLoc":{"longitude":143.1313777043169,"latitude":36.323453839410206}},{"userUuid":"7005dabb-fa04-49b5-a253-de9c229186d7","userLoc":{"longitude":99.96277733509993,"latitude":-68.46207433212989}},{"userUuid":"c44e4d9f-47eb-4c7e-85ce-9d21aec7b0a8","userLoc":{"longitude":-165.8496839518236,"latitude":-75.87524736597386}},{"userUuid":"56b212de-c3b3-4ea0-97d3-5840c35a6386","userLoc":{"longitude":-103.43180088235665,"latitude":-12.627752205387196}},{"userUuid":"60e88e68-564e-4344-8b99-e9e5bd7aa13c","userLoc":{"longitude":-117.23841894938018,"latitude":56.30802477211813}},{"userUuid":"60c71bcd-7d3b-4158-b502-6f2f4ce52d01","userLoc":{"longitude":-142.17189154881322,"latitude":-75.5525570274703}},{"userUuid":"a008c530-010a-469b-82ae-be1bfe37affe","userLoc":{"longitude":12.376298293014884,"latitude":19.07158133174235}},{"userUuid":"ee980fba-d034-4b41-a7f6-049a31d00f2c","userLoc":{"longitude":-163.08088441393502,"latitude":31.959113429310662}},{"userUuid":"c8f98871-d0aa-4333-93f3-01784cfe8d31","userLoc":{"longitude":-48.867476479425505,"latitude":30.88338434190095}},{"userUuid":"7351f9b8-cf41-4616-a0df-37081b29d1e3","userLoc":{"longitude":-37.49240050628197,"latitude":73.66860000235181}},{"userUuid":"728fb0f4-d15f-45e3-bbb6-7e80e3560b0f","userLoc":{"longitude":-95.78037368885755,"latitude":-14.797425924979095}},{"userUuid":"90e1191e-52d1-44bc-8558-858a0826c9f4","userLoc":{"longitude":56.88666607564991,"latitude":-9.011446289157234}},{"userUuid":"29b37d75-805b-4536-8a84-8f159c6c14b7","userLoc":{"longitude":49.93564060868118,"latitude":-20.22949753759626}},{"userUuid":"8a25bfb4-df7c-4d9e-96af-8ae5b933e232","userLoc":{"longitude":-88.78943560317416,"latitude":29.817943930979723}},{"userUuid":"3b3c3ed6-1c90-4ffa-8f84-f8499ecea649","userLoc":{"longitude":-128.8920078881255,"latitude":-79.64787289662583}},{"userUuid":"30c8ec7d-3000-4828-b7f2-b93debe38e3f","userLoc":{"longitude":-15.32863520785989,"latitude":67.28927036608559}},{"userUuid":"bbce30e3-3631-463d-b172-49520e78d754","userLoc":{"longitude":-49.13384274127719,"latitude":22.57086063972463}},{"userUuid":"3e62aa3b-7aa6-4b3b-b408-897370132fec","userLoc":{"longitude":19.30159082621205,"latitude":12.167353781170078}},{"userUuid":"5394c0ad-b8d4-4000-bfe5-735807e77f19","userLoc":{"longitude":-56.55819646626664,"latitude":19.50510056716095}},{"userUuid":"61434d86-cb66-4f57-8e9c-b8ec121f9208","userLoc":{"longitude":42.19495724196469,"latitude":79.84440803623315}},{"userUuid":"29ba1824-6f8d-4f07-8eae-cb511ae02425","userLoc":{"longitude":-18.888454994889997,"latitude":-44.521376141038}},{"userUuid":"2dccc6c9-18e5-449e-94a7-cc417d1a2a0d","userLoc":{"longitude":107.8761703645423,"latitude":-78.5428314022285}},{"userUuid":"639c4277-d3e8-4ad3-b40f-45bcf9e84b5d","userLoc":{"longitude":-85.9781742800465,"latitude":12.873038346712306}},{"userUuid":"e03408fa-8dfd-44ad-b3cc-c45979e710cf","userLoc":{"longitude":-63.55864360981583,"latitude":-84.640556828977}},{"userUuid":"ad9fea21-cc9c-4ad1-b975-6c22ffcae131","userLoc":{"longitude":124.5580289826371,"latitude":-1.115893689413113}},{"userUuid":"b3e5cfd1-365e-4c0e-8839-a7ca30569a3a","userLoc":{"longitude":-117.67218991768848,"latitude":-21.257996525548016}},{"userUuid":"8e4c0b62-a2e2-4a60-8378-907d3f028625","userLoc":{"longitude":-132.09903506133435,"latitude":45.30583402722442}},{"userUuid":"d344d49e-41b7-476c-b195-36e43479ddbf","userLoc":{"longitude":153.72107436446913,"latitude":82.11474430151102}},{"userUuid":"b750569b-c515-4864-8c9f-43bf19b514d8","userLoc":{"longitude":151.40739851194076,"latitude":-16.943959107741193}},{"userUuid":"0b2ffe3f-ebec-429f-83aa-f08c9b4ff6ec","userLoc":{"longitude":3.501341226830874,"latitude":-6.370331936645002}},{"userUuid":"17cb1780-2627-4277-94fa-e22ddf2e5917","userLoc":{"longitude":-110.21668084635864,"latitude":39.91802438447536}},{"userUuid":"1bc65bc5-252a-42e4-9274-a6295ca1fb3a","userLoc":{"longitude":-34.62095741611773,"latitude":-36.76982420462997}},{"userUuid":"82bce891-24f6-4808-8b5f-062f42330981","userLoc":{"longitude":-165.70715241058733,"latitude":-83.09231794260245}},{"userUuid":"bdeed8b5-004f-4fa2-93a0-929fcd9e0cb3","userLoc":{"longitude":55.11852066848755,"latitude":-35.913971264230014}},{"userUuid":"48f184c1-7933-4482-bc6e-1d50a78bc8e6","userLoc":{"longitude":97.97278770244009,"latitude":56.34924718713819}},{"userUuid":"9885ead4-13c6-45e2-af30-237bf2dda727","userLoc":{"longitude":-1.5302346018123671,"latitude":-80.66197802680968}},{"userUuid":"dfb800f4-212c-4cd1-ab98-afada2528d4c","userLoc":{"longitude":30.828622190267595,"latitude":-10.58991223184863}},{"userUuid":"cd38f61d-5f79-4f9c-a0a2-80423b1800c2","userLoc":{"longitude":58.70762116634694,"latitude":7.673295934029497}},{"userUuid":"d61c564c-4b2f-4f8a-92c8-e8e0f939743a","userLoc":{"longitude":-128.5950719266305,"latitude":-6.640466351886175}},{"userUuid":"8b9a1def-d002-43d8-8eba-be0ea08b0928","userLoc":{"longitude":0.2285571016036556,"latitude":-48.40695824525414}},{"userUuid":"f8305bcb-05df-4321-ba1c-eb53f35ada4b","userLoc":{"longitude":-169.55998400502136,"latitude":61.05522229911193}},{"userUuid":"d2b54373-c383-43bf-92aa-07ab6c223d5c","userLoc":{"longitude":-160.203579814178,"latitude":29.42932233693115}},{"userUuid":"d9b86886-e8f4-445f-889b-63532bb31357","userLoc":{"longitude":-58.34867659266453,"latitude":23.993481137347885}},{"userUuid":"c04c6bae-baf1-4588-a55d-761877b3d9c3","userLoc":{"longitude":20.404061967075563,"latitude":58.40401724502925}},{"userUuid":"e707a783-5cdb-4706-b6a7-089494dc6609","userLoc":{"longitude":-171.85064929467455,"latitude":-79.0951927155907}},{"userUuid":"ff01b652-86ff-47da-ba96-56f884369960","userLoc":{"longitude":72.1373700926492,"latitude":29.630289595801344}},{"userUuid":"535a8092-7f67-40d4-b905-138b1cc5f25e","userLoc":{"longitude":-147.95621711217507,"latitude":-65.67052324188141}},{"userUuid":"4f4e1565-7a7d-4396-ac5a-f086b2e58720","userLoc":{"longitude":-70.56496141207832,"latitude":-42.7147351446964}},{"userUuid":"f9652154-ffe3-4891-92c5-9c071e6a0c83","userLoc":{"longitude":76.16892125578795,"latitude":48.12026106263286}},{"userUuid":"92fa2f7d-248b-4435-a688-e011ab472f86","userLoc":{"longitude":112.2562869354926,"latitude":25.72445007776379}},{"userUuid":"ed31b957-0d25-4b3a-a4df-5613b427b622","userLoc":{"longitude":66.30925173879541,"latitude":-15.894306582359192}},{"userUuid":"a61d37ef-441e-4b91-8be0-102163963a8f","userLoc":{"longitude":-64.96553679002984,"latitude":66.84217183503804}},{"userUuid":"7acdc97b-151a-4d1c-b30e-2980b6984ff3","userLoc":{"longitude":103.93088151000546,"latitude":3.862288516179518}},{"userUuid":"612a8438-3fc9-4da5-822f-0abb4b098159","userLoc":{"longitude":175.5782423477192,"latitude":27.294273211913193}},{"userUuid":"4e2e69ea-a61a-462f-9ebe-e27222aa7471","userLoc":{"longitude":110.11058072744731,"latitude":-33.78911353493761}},{"userUuid":"9d003280-6ed5-4cfc-b625-6d552cc9597f","userLoc":{"longitude":90.10244940207065,"latitude":-54.2570276054733}},{"userUuid":"ae3157ba-57c0-4ab7-97ec-faed188e6de7","userLoc":{"longitude":52.82451079449112,"latitude":-2.1518233920832444}},{"userUuid":"212040c6-72f3-4ded-8a26-d4cf749abaf6","userLoc":{"longitude":100.58331742368188,"latitude":23.299658367538242}},{"userUuid":"34012597-81f9-48bd-a3a4-57b9de63f7bd","userLoc":{"longitude":-165.43698324848268,"latitude":-68.42649633040965}},{"userUuid":"4cefd9f8-9d55-42fc-9512-0da8daf0ce52","userLoc":{"longitude":-3.1270368130808492,"latitude":-65.4326562723672}},{"userUuid":"46e5023f-bdf1-4679-85ff-22c85d307e89","userLoc":{"longitude":76.94598405294244,"latitude":-33.69822660453657}},{"userUuid":"6f817718-49d9-4b62-937f-7f9e9fe0ff1d","userLoc":{"longitude":59.190328885522604,"latitude":9.687997151785922}},{"userUuid":"17dc128e-9b0a-4bee-a2cc-c43119470af4","userLoc":{"longitude":-118.95822439223318,"latitude":-83.91217150229296}},{"userUuid":"f01690e5-26fe-49bb-ace7-64d6b8f3bf29","userLoc":{"longitude":-36.84116463046354,"latitude":46.67729420913858}},{"userUuid":"b598048b-a563-4c98-a908-fc0252033b5d","userLoc":{"longitude":88.64485062437029,"latitude":-7.0031398723618}},{"userUuid":"7a8a9cfc-b623-4298-8d07-187b28b75f00","userLoc":{"longitude":88.74370617047919,"latitude":20.346287438623918}},{"userUuid":"f647101e-3f28-4ae1-9f44-915badf1d9b5","userLoc":{"longitude":104.30164132744909,"latitude":64.38570952416677}},{"userUuid":"96966085-fad0-4d0e-90e3-479ffe21c750","userLoc":{"longitude":105.28297015556808,"latitude":26.111553452883825}},{"userUuid":"0d7cc6df-0a19-435c-b085-d320eb5bd7f4","userLoc":{"longitude":-167.6076632418258,"latitude":-59.69569006359339}},{"userUuid":"42f1a4a8-e7fb-4801-a4a6-1873fb581d84","userLoc":{"longitude":162.1796850948533,"latitude":11.40990285992092}},{"userUuid":"77bd2366-a0cd-4675-b4cd-76894d543ec8","userLoc":{"longitude":80.24598546209393,"latitude":48.04904871903736}},{"userUuid":"2d930098-b9b3-4c8d-a81a-8315bfa86b7b","userLoc":{"longitude":-166.79473205551417,"latitude":-19.419179444347066}},{"userUuid":"bd6acabe-71c0-4dfe-afd0-1ce697b9fb32","userLoc":{"longitude":95.67502948063333,"latitude":68.03403078157041}},{"userUuid":"da20a398-0c0e-4a7d-a63d-82f12755af91","userLoc":{"longitude":137.04682066386482,"latitude":62.02029327367799}},{"userUuid":"29f287a1-e8cd-438b-aee8-1d5fb3eda166","userLoc":{"longitude":58.158930787151775,"latitude":21.107337414079836}},{"userUuid":"81c5ec81-8597-404b-bcc2-0d04386a7ffb","userLoc":{"longitude":138.0127886208498,"latitude":46.00244751730648}},{"userUuid":"e4d07f02-e083-40af-afb6-8f605390f65d","userLoc":{"longitude":110.92233108837343,"latitude":-59.88194505927886}},{"userUuid":"bbfc1a5e-7252-4f1c-90f8-685eca1bcb7b","userLoc":{"longitude":-80.87220324853624,"latitude":56.8159775655798}},{"userUuid":"82a7eed0-0868-4bb9-ad43-7a906034d159","userLoc":{"longitude":100.27933141799531,"latitude":-20.03497647629925}},{"userUuid":"1e80dcf2-ec28-4b88-b99c-1896f1590556","userLoc":{"longitude":-143.66500974317168,"latitude":-42.459795929658014}},{"userUuid":"6ea09df5-fbc8-4500-8196-b93a7d100b20","userLoc":{"longitude":53.897037738117575,"latitude":39.71499817305012}},{"userUuid":"dfdf9285-aefe-41f9-a9d1-afd021c7cb54","userLoc":{"longitude":79.5384270122039,"latitude":-52.43210212228363}},{"userUuid":"843b7bd8-99cd-4f94-a617-2f51824def22","userLoc":{"longitude":137.650796428067,"latitude":67.80030337547652}},{"userUuid":"bbe856f9-4cde-43d7-8b6d-620d85d5ebbd","userLoc":{"longitude":9.245613362158991,"latitude":17.86383198509168}},{"userUuid":"0033a8a3-9fb5-4a02-989e-18943b8d9a1a","userLoc":{"longitude":12.792408684785528,"latitude":74.92791586681926}},{"userUuid":"4514a2ef-09d8-4b7f-8c0d-5d10abf04271","userLoc":{"longitude":-32.74158907435012,"latitude":29.66370947192479}},{"userUuid":"ab71bd91-b960-4675-9480-5493b7f69be5","userLoc":{"longitude":167.40983712349055,"latitude":-76.42863157670949}},{"userUuid":"3e29d8ba-f970-4cbe-ab7e-2d6836c41197","userLoc":{"longitude":-123.00582943136199,"latitude":-17.285955978545545}},{"userUuid":"5101eac9-e08e-49cf-bd51-e859d1257757","userLoc":{"longitude":-139.327150622158,"latitude":-24.455044688040594}},{"userUuid":"4341902e-53c0-4c10-a92d-4a2f68dd7e9e","userLoc":{"longitude":-9.309578892750892,"latitude":16.91618906638452}},{"userUuid":"d39ba435-9159-4bfb-82ca-f32ea91fc179","userLoc":{"longitude":-13.896047509018103,"latitude":-20.861118051971985}},{"userUuid":"140b212c-97fa-492d-bcab-6db5006c8feb","userLoc":{"longitude":118.57922302275131,"latitude":-3.038849275559272}},{"userUuid":"8b656a62-34ad-48cf-abd8-6b41914c5e26","userLoc":{"longitude":-126.19906947927127,"latitude":-77.65856533583072}},{"userUuid":"2f30b410-832d-45ec-a906-f34c0556b12d","userLoc":{"longitude":-3.4925220422077246,"latitude":63.23603417016244}},{"userUuid":"dd09ace3-c068-4026-92c4-244863a72ae6","userLoc":{"longitude":132.3918649869966,"latitude":-32.36774271947131}},{"userUuid":"676cfd28-c645-4be4-bdf9-a509f0674c6b","userLoc":{"longitude":139.42568831297478,"latitude":38.69331503968468}},{"userUuid":"feb687b5-6f0f-4863-90bf-a6bf5f482b37","userLoc":{"longitude":98.08589201714352,"latitude":-16.633282417905903}},{"userUuid":"875c1505-e8f8-4a64-9d73-c042dfb73a3e","userLoc":{"longitude":78.23984597221579,"latitude":-54.38845084163866}},{"userUuid":"e6f867de-150b-491e-a272-46f91085907e","userLoc":{"longitude":-146.25709862077846,"latitude":-4.227704634307273}},{"userUuid":"7615ff0d-38ce-4b28-9ff4-0fc346756279","userLoc":{"longitude":-151.2813594529557,"latitude":-84.08012099656307}},{"userUuid":"ac3e1b29-5761-435d-989c-7f2688a79d22","userLoc":{"longitude":175.04123972795043,"latitude":-28.045887010557962}},{"userUuid":"423d9b03-584d-4e0a-ad4a-ff91ca177747","userLoc":{"longitude":-122.35272199061397,"latitude":-71.7078814788058}},{"userUuid":"ec2a0284-c621-4851-93bf-7cbfdb93901c","userLoc":{"longitude":63.142051867558905,"latitude":-75.82749066477886}},{"userUuid":"a7e79ff2-97b8-4340-9ef4-6f0ce8282a30","userLoc":{"longitude":-42.703146808885094,"latitude":9.638049811409857}},{"userUuid":"414bb963-ff5b-4555-8f4f-b6434f28c3db","userLoc":{"longitude":-169.37302562690613,"latitude":-60.028327143502636}},{"userUuid":"8ee89b6d-d1ad-4f77-9619-d6df577c6f92","userLoc":{"longitude":-7.817079365986757,"latitude":79.54609139852045}},{"userUuid":"b3d806f0-0115-45db-ad0f-58e37209d503","userLoc":{"longitude":27.79382024356505,"latitude":23.789030082592404}},{"userUuid":"543d674c-f0ee-4325-9e09-64c320950666","userLoc":{"longitude":-29.918866722889817,"latitude":74.9306219369812}},{"userUuid":"2adbe858-6288-4d86-8b8a-5156dc5c7fbd","userLoc":{"longitude":-64.89033127287486,"latitude":38.334242937669316}},{"userUuid":"96e46cb2-df19-4e4e-9133-6dcdb11e9f2d","userLoc":{"longitude":-98.710675144557,"latitude":76.23352410310264}},{"userUuid":"98e086c4-fdd3-4cc4-a037-fd58ae2cad76","userLoc":{"longitude":116.76709995121536,"latitude":-71.90475731678235}},{"userUuid":"cb56ea1b-bd29-480b-a756-fca0f0a28d5d","userLoc":{"longitude":101.12145144835506,"latitude":-69.0093270629972}},{"userUuid":"5fd290ff-49b5-42db-b1ac-74d74e5aa09a","userLoc":{"longitude":-76.67537618926754,"latitude":26.401513832013023}},{"userUuid":"d4ccbd13-8bbf-472a-9a5c-27459c111b65","userLoc":{"longitude":37.18760698850983,"latitude":-43.01919871003104}},{"userUuid":"ae234ef8-4d4c-4244-a3c1-784ff9818345","userLoc":{"longitude":4.921549572437016,"latitude":43.638046573121386}},{"userUuid":"80176e86-f8f3-432d-a64e-6b066eff385c","userLoc":{"longitude":-5.2680281565212965,"latitude":-22.15179467718088}},{"userUuid":"77d7ff8c-4b70-4b87-8243-b688d9366b18","userLoc":{"longitude":-117.90320656538535,"latitude":-63.87286040419123}},{"userUuid":"efb2c4be-3ff0-451c-bcf1-7b9986f8ac79","userLoc":{"longitude":-0.5264453757179126,"latitude":77.0590778417529}},{"userUuid":"8c09f264-7c0f-4ab6-95a5-fa83cb38131f","userLoc":{"longitude":129.13240490762968,"latitude":81.36170921761655}},{"userUuid":"fd81f546-f16a-4d05-900c-b1f056922eb6","userLoc":{"longitude":123.34445378978842,"latitude":-34.038602560099676}},{"userUuid":"842a4760-c5bb-40ef-9f0c-a7f91c8d33cd","userLoc":{"longitude":4.190359192620946,"latitude":26.468391688924555}},{"userUuid":"00ae74cb-9d2e-4ddb-ba96-dc9bf311cc7f","userLoc":{"longitude":56.473410865238264,"latitude":21.035604388271906}},{"userUuid":"35f8de1c-155c-434f-82c3-293bec5de3a5","userLoc":{"longitude":48.2389643761428,"latitude":32.05607067982507}},{"userUuid":"01bb6003-7821-475c-acaa-59688fc562c3","userLoc":{"longitude":-87.412945050006,"latitude":-75.50859311971631}},{"userUuid":"e82735fa-b6f3-498d-803a-6685a1192e4a","userLoc":{"longitude":170.84431208833348,"latitude":-6.659028316348127}},{"userUuid":"5bf5eab6-b7fd-4c54-b858-140eabbe92c9","userLoc":{"longitude":6.152585344546139,"latitude":55.105479454901285}},{"userUuid":"6c35e854-f8b2-47d3-8b25-96fd70c86282","userLoc":{"longitude":-73.49707828664928,"latitude":-53.39459141139852}},{"userUuid":"9682952d-6f36-44c2-8c56-eb02e6455390","userLoc":{"longitude":-30.229658855204917,"latitude":-42.626971700512044}},{"userUuid":"04437bcd-c2c2-4b08-95f5-9fd03fad708d","userLoc":{"longitude":71.41621806292662,"latitude":-80.10120324052174}},{"userUuid":"92144333-6879-4ab7-982e-664427ce427c","userLoc":{"longitude":15.809560552391048,"latitude":26.48893266233452}},{"userUuid":"9c917be5-e6ab-45bb-91ae-ac708b6f6117","userLoc":{"longitude":-71.00507154834843,"latitude":-68.3980090974398}},{"userUuid":"7ee3937c-0d95-4458-a085-8df6605bbc58","userLoc":{"longitude":78.78535221974818,"latitude":-68.91161396701672}},{"userUuid":"afdc9b7f-25cf-4e3c-8ce0-750facd87a76","userLoc":{"longitude":-84.79030457206532,"latitude":-66.80451360526797}},{"userUuid":"fcc93cb9-76c9-42ab-afe8-3f47e33618d3","userLoc":{"longitude":106.14409220043615,"latitude":-30.22174784393782}},{"userUuid":"1ecb4a65-3fbb-4f9f-99f4-57a8cefca10c","userLoc":{"longitude":-57.659167194656234,"latitude":-55.77391271449032}},{"userUuid":"114a4cc1-9876-4152-be98-ae95a5309d72","userLoc":{"longitude":89.78868472188094,"latitude":7.134273193961036}},{"userUuid":"0d774cd1-40c9-4455-8e40-bb3d44aa5753","userLoc":{"longitude":94.82827873609347,"latitude":54.865746353021564}},{"userUuid":"116c75aa-0199-4424-8691-1f63abadfdde","userLoc":{"longitude":-24.073896397137105,"latitude":-51.21391481134104}},{"userUuid":"a3c15e7a-01dd-4d91-8863-cd1d2269ec12","userLoc":{"longitude":127.38850118483987,"latitude":52.5350109834757}},{"userUuid":"ff8e09c7-aed1-4b66-a140-13467564923b","userLoc":{"longitude":-172.35460782815005,"latitude":65.23785960085141}},{"userUuid":"c9a0b643-b2b5-4da5-9340-ee3018186bb5","userLoc":{"longitude":-101.61377607200069,"latitude":-51.38828533120655}},{"userUuid":"91fdd12f-f016-4fd4-9ed1-5153ab665a32","userLoc":{"longitude":-18.938739909639963,"latitude":21.472861759353506}},{"userUuid":"bf28b5ee-5f43-411f-8775-664cb3c234f7","userLoc":{"longitude":-82.06817104945851,"latitude":-77.82311440377754}},{"userUuid":"0f5b6bea-73f0-494e-ba51-3f23b54598d0","userLoc":{"longitude":73.04880192298131,"latitude":-9.506862831378399}},{"userUuid":"f6e87a7c-2426-4b66-9fd3-e7e26f994f90","userLoc":{"longitude":40.28213874759379,"latitude":-17.012164037658422}},{"userUuid":"42e36f45-9033-47d2-89fe-36c71d8e2bd4","userLoc":{"longitude":-57.13316027377884,"latitude":31.145175452233858}},{"userUuid":"669cf53f-0cb3-4243-a6ce-0aec8be58cc3","userLoc":{"longitude":-99.25809086327976,"latitude":-2.2250823991552267}},{"userUuid":"bd02cb46-a015-4558-ae98-84aa246ad52a","userLoc":{"longitude":-13.692962104887158,"latitude":13.68278835166204}},{"userUuid":"67956b5b-d791-40b4-b650-d150ddb70301","userLoc":{"longitude":-58.25197532472946,"latitude":-43.64857766175417}},{"userUuid":"f648e874-7411-4b90-87b6-8bea133a4586","userLoc":{"longitude":-149.4138557955445,"latitude":-33.2906891847548}},{"userUuid":"6f5efa3a-c2fd-4543-8024-026b600a29b5","userLoc":{"longitude":-56.82185262847793,"latitude":-60.6178513388861}},{"userUuid":"a2645788-af2a-42bb-9408-b7047bbfac2f","userLoc":{"longitude":122.77713726592555,"latitude":-55.86448861466744}},{"userUuid":"91cad931-356a-47f8-8056-c98c418cd50a","userLoc":{"longitude":140.56361129208176,"latitude":-20.467096255698976}},{"userUuid":"45ecb64c-d3a1-4acb-8aaf-ec8f1534c021","userLoc":{"longitude":-32.96182741348656,"latitude":33.43079891811293}},{"userUuid":"4df23ba6-aa4d-4613-9d17-a83b01ab63e7","userLoc":{"longitude":-146.19010994915683,"latitude":39.50262817983497}},{"userUuid":"0f9debf9-27a1-4bd2-b8b2-3d5c2cb7fa5b","userLoc":{"longitude":-80.56862037669353,"latitude":49.3153845464}},{"userUuid":"4da04f6d-dff0-4244-92b1-25853f980f72","userLoc":{"longitude":82.27415528374894,"latitude":77.48608004146516}},{"userUuid":"612efff4-5c27-474f-8337-6a8eca0151a2","userLoc":{"longitude":108.45709112349886,"latitude":36.09004925879594}},{"userUuid":"c5e3c80d-022c-4fe4-91ca-31c5ebd8135e","userLoc":{"longitude":-145.38448593363017,"latitude":9.441276291327114}},{"userUuid":"68b0c357-28b0-463b-8b8c-af131cbd91bf","userLoc":{"longitude":-121.92326459301024,"latitude":17.949144213682132}},{"userUuid":"28cb0e4c-a5b8-45f6-9f16-8a26d5d064ee","userLoc":{"longitude":-111.81941684196944,"latitude":47.149882559960474}},{"userUuid":"20c4c56e-4f85-4cf1-936b-eea0c75bd649","userLoc":{"longitude":6.0637587880412696,"latitude":5.062980690257589}},{"userUuid":"07b3e5c6-bdc3-45a6-98e9-b9fef1e2277b","userLoc":{"longitude":-112.13283480022322,"latitude":19.399990057833975}},{"userUuid":"75d6f6ff-0594-4ea7-9e69-28f853c535cc","userLoc":{"longitude":60.21078527102185,"latitude":56.69308309627931}},{"userUuid":"e3088abd-05ae-438a-9d01-8bd2ecf6be2d","userLoc":{"longitude":99.37420342346803,"latitude":-28.42607975593218}},{"userUuid":"5338a670-38ad-43f2-a048-88cfe4a6d09a","userLoc":{"longitude":-10.512929520009408,"latitude":47.234294062257106}},{"userUuid":"78a88204-f943-4959-9275-8d5db49af248","userLoc":{"longitude":-11.010635812123809,"latitude":45.1736487725486}},{"userUuid":"adf3b242-c7c0-4bfc-9425-e02d7d64b9f5","userLoc":{"longitude":58.23864454989541,"latitude":-80.1624085553264}},{"userUuid":"b643af5d-ed0f-4178-8ace-9fd8b1bcb43f","userLoc":{"longitude":133.36539408265736,"latitude":41.19755198396136}},{"userUuid":"0fb45d50-49a3-4a3a-b7ae-8df5edebee7b","userLoc":{"longitude":29.019950573520532,"latitude":-81.25388751620908}},{"userUuid":"a345e017-c879-4459-95b2-a293d039c81b","userLoc":{"longitude":29.43136091375763,"latitude":-64.52077635892762}},{"userUuid":"35226f78-a907-4e9f-a70f-e5ef0ba69b75","userLoc":{"longitude":139.8137892116893,"latitude":80.87431753341397}},{"userUuid":"c881c0f1-4fe9-4de9-af0c-71e6b096f1e5","userLoc":{"longitude":80.51018961376087,"latitude":26.26418650646677}},{"userUuid":"ec4616be-faec-419f-9d17-bab8132a78c2","userLoc":{"longitude":51.5827851017803,"latitude":38.949926124038996}},{"userUuid":"0b81827b-1717-41b8-99df-f59455baac0f","userLoc":{"longitude":-147.29749851732333,"latitude":62.2009127009824}},{"userUuid":"564e8e5a-8afb-449a-a8c7-4d703152cd4d","userLoc":{"longitude":156.7578301404891,"latitude":-37.4499335308983}},{"userUuid":"434b09da-7059-40ea-8f71-94cd42ea4941","userLoc":{"longitude":41.68187302177327,"latitude":10.870101598877454}},{"userUuid":"0236ba35-372b-4497-8cbc-708ba1e92958","userLoc":{"longitude":-34.996161780489246,"latitude":-5.733907130697858}},{"userUuid":"e9cc70c3-e205-4d0d-9b05-e29ff9b5a043","userLoc":{"longitude":-90.57156036415954,"latitude":-33.204246142577844}},{"userUuid":"0bd09fe9-ddb1-4f1f-8de6-9c484b069229","userLoc":{"longitude":46.289519798296055,"latitude":20.923247480168186}},{"userUuid":"fdea44ad-7d42-45b7-a530-fce797a798ee","userLoc":{"longitude":-69.82333320424627,"latitude":48.47492822873312}},{"userUuid":"20034a99-f063-4ced-b66f-a24bda03903a","userLoc":{"longitude":65.69326089222227,"latitude":82.99911480173566}},{"userUuid":"bfd3c616-138c-4783-9477-c3c097a451f2","userLoc":{"longitude":6.755810724136069,"latitude":72.24790136452944}},{"userUuid":"e382fd19-a3c5-4abd-99d7-b54ec669df96","userLoc":{"longitude":29.42348128691276,"latitude":71.13833223077089}},{"userUuid":"435a7f12-a983-4a76-b329-5452f8cfaad2","userLoc":{"longitude":-87.00187876406298,"latitude":-62.730288668467516}},{"userUuid":"87e36d07-8212-4660-af7b-d8f32672e00f","userLoc":{"longitude":143.79747447018013,"latitude":-46.57756643455434}},{"userUuid":"60bc1421-4339-4c13-bdc2-2879efa56e82","userLoc":{"longitude":-82.23995237376737,"latitude":-23.32444328588293}},{"userUuid":"39f87001-6f62-4b4b-b907-73328374589c","userLoc":{"longitude":29.488686650834808,"latitude":47.12755952498301}},{"userUuid":"d5d3b386-7bd4-47b0-b232-ff222ef37470","userLoc":{"longitude":-26.436119824123722,"latitude":-29.131457517245217}},{"userUuid":"8779abb5-d190-4ec3-a9b5-d2f0628362ee","userLoc":{"longitude":149.06302150050664,"latitude":63.1321037042195}},{"userUuid":"58e35fa6-e77e-43eb-a943-8fad8dad2908","userLoc":{"longitude":-13.908877733302319,"latitude":83.81420009349605}},{"userUuid":"a9d4753f-3566-4816-adbe-2c8ffa4e25a7","userLoc":{"longitude":-51.46933074700917,"latitude":8.104104164025813}},{"userUuid":"0bfc8faf-9037-481a-8974-2b79ad0d0588","userLoc":{"longitude":-120.05871260687047,"latitude":54.60871104007697}},{"userUuid":"d9cbf361-b249-456f-9534-b60a4609c144","userLoc":{"longitude":-116.18372855724849,"latitude":59.444764666621666}},{"userUuid":"efc6612a-2756-4f96-9c8a-d473271c138c","userLoc":{"longitude":108.85191722554362,"latitude":78.75436849368481}},{"userUuid":"67df0e25-b175-489e-8ca5-42529a2a3a4a","userLoc":{"longitude":-120.58214583692221,"latitude":55.616472931388785}},{"userUuid":"4543faeb-2ebe-4b1b-a2b5-55b1f71b303c","userLoc":{"longitude":-70.03274771988089,"latitude":-80.23998194059418}},{"userUuid":"a1a367d5-c767-415a-b2aa-09734abc970d","userLoc":{"longitude":-116.2301585112861,"latitude":-29.284500366021256}},{"userUuid":"30c18e51-1326-4703-bc73-c670b127fcbd","userLoc":{"longitude":67.90183749895701,"latitude":28.220930246718325}},{"userUuid":"87674485-c769-4dbd-acd4-0e5b6f3fcf16","userLoc":{"longitude":20.69733022552262,"latitude":12.444136420775479}},{"userUuid":"7420cbf1-4aa8-4d9a-a0f1-4fe21d83393a","userLoc":{"longitude":-139.22529474222574,"latitude":-48.41205696664779}},{"userUuid":"5170a55a-f874-42a9-ab9e-fce2d46f803a","userLoc":{"longitude":154.3855795859139,"latitude":-18.871711792482785}},{"userUuid":"84eae19c-1af1-40ce-9a03-157cf4d1107c","userLoc":{"longitude":117.07368158318587,"latitude":-17.46129203546593}},{"userUuid":"4f3ff004-9972-4102-98f6-c3eb98816bd1","userLoc":{"longitude":120.49803622009034,"latitude":-31.04670232992622}},{"userUuid":"91460414-9232-4d85-b2f1-60f5782d6132","userLoc":{"longitude":30.072674491036395,"latitude":3.3021173072708194}},{"userUuid":"55e8cd50-b578-4c75-8e84-79bf3b13c4d7","userLoc":{"longitude":101.61501020978392,"latitude":1.63990419102241}},{"userUuid":"d710e825-29a9-4ff4-ac48-941f9bc4a5da","userLoc":{"longitude":105.6386937380712,"latitude":50.15373084061207}},{"userUuid":"d856d9d2-ab52-4f0e-a224-a0309cc60d62","userLoc":{"longitude":-92.77914777417121,"latitude":5.522870302308775}},{"userUuid":"6f607d4b-a839-469a-b7d8-3666c74b7324","userLoc":{"longitude":27.328925092722557,"latitude":73.41752907937916}},{"userUuid":"bc6de18e-7448-44d6-b525-73edd37cabf1","userLoc":{"longitude":-12.762580273110473,"latitude":20.863066468373106}},{"userUuid":"b1815f40-c78e-4e35-b645-bf61040715e5","userLoc":{"longitude":-105.63868140445886,"latitude":-66.68482494859774}},{"userUuid":"80bc04b5-cac1-4149-9d18-cf131549176f","userLoc":{"longitude":111.6734084895865,"latitude":9.110136622840201}},{"userUuid":"5871b8d2-38ed-4d4a-af74-3ef95bd78091","userLoc":{"longitude":109.64729596398428,"latitude":73.87048576142996}},{"userUuid":"e59b6879-0fa6-430b-a8d1-eb99b904d8ba","userLoc":{"longitude":-101.32749225578576,"latitude":16.87523528269945}},{"userUuid":"efcdd0b9-3b2e-40dc-be09-027fe2f2bf8e","userLoc":{"longitude":53.09607413134657,"latitude":40.98979568530662}},{"userUuid":"ad18817b-fb41-407b-89cd-e3ba5676d3d4","userLoc":{"longitude":-62.96684551231647,"latitude":52.21593565141677}},{"userUuid":"f822e4e3-4433-4073-ba62-719e0b4d1630","userLoc":{"longitude":111.61898173669289,"latitude":-61.600906251075}},{"userUuid":"6570b480-51b5-48fe-906f-36ac1a4a82a7","userLoc":{"longitude":45.76167078945949,"latitude":61.79133117281293}},{"userUuid":"9b17b48e-f03d-4ab3-849b-a5122f62b33d","userLoc":{"longitude":-139.38315068925493,"latitude":-24.06176266711747}},{"userUuid":"baf9c67f-7683-4e6b-ac2e-daf26b41be44","userLoc":{"longitude":-154.94077353179057,"latitude":44.412414166239586}},{"userUuid":"327a02e2-b52e-419d-8985-24f06a6a0771","userLoc":{"longitude":-0.9561549703641958,"latitude":-12.142679184967122}},{"userUuid":"ffed3f7a-64a7-4e3e-86c4-6030b56bba18","userLoc":{"longitude":-158.995977227529,"latitude":63.81222838980682}},{"userUuid":"22c7cd9b-55cd-4745-9313-4e19e953545d","userLoc":{"longitude":164.3466235788581,"latitude":-33.83267579817626}},{"userUuid":"edce441c-5ce6-45a9-a1de-91a0cce75033","userLoc":{"longitude":-31.83499675373554,"latitude":54.407396852040904}},{"userUuid":"7cfbfdf4-11c2-414d-927d-b011b15d6c91","userLoc":{"longitude":-39.8508516485376,"latitude":-67.85421410570054}},{"userUuid":"aa0d205a-ad7a-4b83-93eb-7355f4b311fa","userLoc":{"longitude":154.29881105888427,"latitude":7.2987631373323865}},{"userUuid":"0206bacc-846f-4b40-b546-fe612232ba64","userLoc":{"longitude":162.22676107177892,"latitude":57.740847656534015}},{"userUuid":"3425c878-1f72-4ca1-b5f8-1d4d41f77435","userLoc":{"longitude":-4.641535788224701,"latitude":-32.99611396648491}},{"userUuid":"72d99272-a43b-44cb-8b72-79560b7f7c80","userLoc":{"longitude":-112.22794438991204,"latitude":31.455802634479042}},{"userUuid":"205fafeb-3358-42e4-8a41-4c1ca11d7234","userLoc":{"longitude":19.14187021636434,"latitude":-23.853144743535978}},{"userUuid":"273a3b86-1df9-4073-8c1b-ad29ac24821a","userLoc":{"longitude":148.5280179801676,"latitude":17.351599235816465}},{"userUuid":"8780bbe7-971e-43d3-94b6-45cbfc548073","userLoc":{"longitude":114.56802790304789,"latitude":-7.7198694856703725}},{"userUuid":"3cc1743d-d830-426b-9e99-fc67cea7b4bf","userLoc":{"longitude":-172.68201492624857,"latitude":39.65770875789137}},{"userUuid":"92a0f414-3100-43d5-8386-3cac6b216d23","userLoc":{"longitude":-93.26830209484532,"latitude":33.23996361569215}},{"userUuid":"3d329379-a567-45e8-84e7-40bb84631daa","userLoc":{"longitude":-56.06839343496853,"latitude":-81.21356614308135}},{"userUuid":"d1e28b68-f69f-4155-a1d0-a0d32f175bb6","userLoc":{"longitude":42.741252258384236,"latitude":36.09400495418939}},{"userUuid":"9eeb6f18-5c01-456e-9046-29f315cf9fc9","userLoc":{"longitude":-32.38218229940077,"latitude":25.575984534634316}},{"userUuid":"72130c75-56a1-4e22-854e-3144e71059cc","userLoc":{"longitude":-92.19387369190864,"latitude":-57.628885406581404}},{"userUuid":"06d0b2e0-1ada-4810-af0e-c24f0185a180","userLoc":{"longitude":112.41653588029868,"latitude":80.42756737423181}},{"userUuid":"937be19d-7531-4cd3-9208-9bf18cb338a3","userLoc":{"longitude":-122.38821512850716,"latitude":24.13629021690086}},{"userUuid":"f3352357-f201-4d12-9267-0275875a81a6","userLoc":{"longitude":4.481821087157641,"latitude":-30.089965625483053}},{"userUuid":"b914add9-8a58-4a4e-b04b-ac755e64bbc6","userLoc":{"longitude":18.430850574755198,"latitude":-75.46053883883582}},{"userUuid":"f81c397e-a293-4ad0-9f9e-c7181bfb2eb3","userLoc":{"longitude":23.745571190003687,"latitude":-73.51049427145256}},{"userUuid":"baef8029-9174-4a1a-962a-45e5d0f913a9","userLoc":{"longitude":-50.47998624851826,"latitude":-12.112537409135513}},{"userUuid":"c74befb0-ee53-430e-8f0a-e21e14e8b71b","userLoc":{"longitude":-135.21247099351484,"latitude":13.442495052100313}},{"userUuid":"483f68cf-4058-4afc-977c-c030516139e3","userLoc":{"longitude":-143.51368612428433,"latitude":-29.057662323816196}},{"userUuid":"d46c35af-8969-4dda-93f7-ee8a20cd4a36","userLoc":{"longitude":-173.73051875049458,"latitude":-2.6735226171337843}},{"userUuid":"ace93b47-0d53-45e9-b4b6-cb9d3cf5dbf1","userLoc":{"longitude":157.47819568474011,"latitude":16.08903625483478}},{"userUuid":"d76aa68e-d152-4c65-b40a-1c6d374da9c7","userLoc":{"longitude":-150.5196515977991,"latitude":0.011538321074525015}},{"userUuid":"bc823144-c795-4d75-b636-59ae947b868b","userLoc":{"longitude":124.013080638713,"latitude":30.41873913679551}},{"userUuid":"19da1aab-c8e9-48c3-9000-5cacdf8e5625","userLoc":{"longitude":-155.10808641289532,"latitude":33.56589567677872}},{"userUuid":"b79db422-e6e8-426e-afa5-0e9727e72913","userLoc":{"longitude":55.857515021897484,"latitude":37.91268838983993}},{"userUuid":"f9afc9c1-c0cc-4533-bda7-6330d7554932","userLoc":{"longitude":150.84603056149672,"latitude":84.32347055222246}},{"userUuid":"1a2cf1c8-0eba-4f40-a27c-7ac00e45b961","userLoc":{"longitude":102.22442408711908,"latitude":-18.60025008372898}},{"userUuid":"6a32f143-b1c8-4617-9a05-4962b89cb868","userLoc":{"longitude":-2.8012769316260346,"latitude":9.13371650293854}},{"userUuid":"3c0e376c-f6d8-4cbe-8286-e17ce09a5fc3","userLoc":{"longitude":169.88838871554856,"latitude":23.785484327725797}},{"userUuid":"7bbcba3e-f194-4b20-bd70-8a9a97b04ad2","userLoc":{"longitude":36.782522063620604,"latitude":54.33923651102458}},{"userUuid":"9bcd8615-c324-4605-84cd-c8ecb1f16d9f","userLoc":{"longitude":-31.973937893161036,"latitude":-38.72375054115642}},{"userUuid":"9bb2f3ab-5ad0-477f-90ad-8b5b79f612eb","userLoc":{"longitude":0.5289991445853559,"latitude":-42.57536665657393}},{"userUuid":"12d969b0-8ee2-4a23-bc91-36547da18daa","userLoc":{"longitude":84.1849563125171,"latitude":-29.562186521554715}},{"userUuid":"04cb6847-d639-4e29-b7a6-750c4a3157a5","userLoc":{"longitude":102.36623469861308,"latitude":57.27383543655898}},{"userUuid":"fd09b6d2-fd64-4b66-aa86-62ae81143464","userLoc":{"longitude":-177.33706902802024,"latitude":-75.94531581801495}},{"userUuid":"d5e8b525-a3e5-4c6d-8e8f-5ec9e1f22844","userLoc":{"longitude":-13.077523012588983,"latitude":-5.537597847028849}},{"userUuid":"30bd2828-ee87-4e1d-9610-e8ff4386142c","userLoc":{"longitude":78.84842103435864,"latitude":8.451451087048682}},{"userUuid":"a6078cc7-a350-448d-9b47-b3cc5fc05b40","userLoc":{"longitude":-139.5299248071134,"latitude":-74.60552999276389}},{"userUuid":"369e0d43-95f9-496a-8f88-018803176875","userLoc":{"longitude":86.62672210124924,"latitude":73.60910306613752}},{"userUuid":"f324bde9-bb39-4fbe-9854-bbe0251d346c","userLoc":{"longitude":-96.39870267147063,"latitude":-3.115635599519692}},{"userUuid":"0d7f9515-f053-40f4-a665-b8152ff5a610","userLoc":{"longitude":-132.997749488353,"latitude":-21.238722711450173}},{"userUuid":"e01ef369-37e9-48be-b6ad-f54bd37ee605","userLoc":{"longitude":-13.257092436340315,"latitude":-74.15660763324317}},{"userUuid":"769721ee-dbe0-4430-880c-0ea942303b10","userLoc":{"longitude":162.38178259453304,"latitude":-61.6039617800194}},{"userUuid":"da5ed494-3e05-428c-85d2-d92773d873b6","userLoc":{"longitude":-175.76476634053057,"latitude":50.43353699211778}},{"userUuid":"d1aa357f-8b85-445c-9869-41d3a5cdea7e","userLoc":{"longitude":-39.433384947075126,"latitude":-11.145008949562225}},{"userUuid":"9e2a95ab-b9e8-4965-b049-1111489875cd","userLoc":{"longitude":-125.92434159368631,"latitude":-22.101825655224474}},{"userUuid":"08977f2e-4038-4341-be4c-b78435f50ad2","userLoc":{"longitude":-29.722148384701512,"latitude":34.697892476388915}},{"userUuid":"e8130f04-5a44-4ccb-a0d3-bf0bc8a29ef4","userLoc":{"longitude":-58.42728695178876,"latitude":16.834464895990394}},{"userUuid":"dc2de3e4-da5a-455f-a667-dd8069b2a395","userLoc":{"longitude":-4.286639795591896,"latitude":-50.21938238282297}},{"userUuid":"f81f3c9b-db94-44d1-b8ef-e23e296c2d00","userLoc":{"longitude":-61.219810081454895,"latitude":-71.06505871232397}},{"userUuid":"9bff4d48-3e10-4930-8a40-c0eb80ff605f","userLoc":{"longitude":-1.4756966419148227,"latitude":-83.02766469416584}},{"userUuid":"6820380c-bb8e-4426-9662-cd06730c479b","userLoc":{"longitude":42.53724774309245,"latitude":10.89954048343877}},{"userUuid":"692afd6f-e884-4cab-bcef-b31597ddd31c","userLoc":{"longitude":-99.5952439041123,"latitude":6.954812791954993}},{"userUuid":"f8775ee6-f5fa-4e10-ac67-28ab1b42b908","userLoc":{"longitude":-60.04711719755932,"latitude":-64.08358849978242}},{"userUuid":"43bb1a24-8308-4550-a827-7717b58b7a07","userLoc":{"longitude":-65.88668212990386,"latitude":46.90172079184774}},{"userUuid":"6168621e-3955-4c95-8733-9b5a267ab820","userLoc":{"longitude":-176.72152708671376,"latitude":-53.52888750276607}},{"userUuid":"4fa08587-dd79-4410-a834-ffdb3b324a2a","userLoc":{"longitude":-93.70849817819332,"latitude":-58.54230090963366}},{"userUuid":"8718a6cd-eacf-4564-bb47-f1c0ac8394ff","userLoc":{"longitude":21.46342542105262,"latitude":51.05048866713514}},{"userUuid":"5325513d-4f2f-4a1e-8769-177d2cfa0732","userLoc":{"longitude":18.49644950340388,"latitude":-23.853451318304884}},{"userUuid":"af60007d-a841-4034-b769-ec46e20e7c9c","userLoc":{"longitude":-158.35967337091273,"latitude":-45.17954968547553}},{"userUuid":"7c4b056d-d20f-4f40-ac41-790493801e95","userLoc":{"longitude":-92.93126699233717,"latitude":34.537739428002496}},{"userUuid":"e5f55277-4d47-4717-a4eb-b206a1921c73","userLoc":{"longitude":-112.50790864821109,"latitude":-63.68699888032716}},{"userUuid":"3a3bec1c-7667-489b-bdda-fe8368864494","userLoc":{"longitude":92.59734843353459,"latitude":12.617560476795944}},{"userUuid":"89a0b9f2-5cc3-4d5a-98db-3b4e081af40c","userLoc":{"longitude":-14.238104719884035,"latitude":75.60650501047664}},{"userUuid":"02663a26-35ab-4cd7-a72d-6130552e32e7","userLoc":{"longitude":162.3939605830654,"latitude":36.77579356864034}},{"userUuid":"2b8bd234-5eb4-449e-9b18-c5d0c552c4ac","userLoc":{"longitude":126.24424400235921,"latitude":-80.2700960526761}},{"userUuid":"d425a7e7-e25b-4577-ab97-1a6debd22ed0","userLoc":{"longitude":126.90843646758543,"latitude":-15.317993894580027}},{"userUuid":"cab9640f-dd4f-4d2e-b918-f6cfcf3ea40f","userLoc":{"longitude":6.811649169000532,"latitude":39.5718875384882}},{"userUuid":"d4d11046-3173-43c9-933f-3459c605842e","userLoc":{"longitude":70.5304958176578,"latitude":-20.342156905130167}},{"userUuid":"b8d86324-01ad-4091-8283-304ec3d1c180","userLoc":{"longitude":-105.64590040000289,"latitude":83.35859506504409}},{"userUuid":"b39cc1d9-d1e0-4943-b41e-fcb5cc7d8481","userLoc":{"longitude":173.58526999761773,"latitude":9.84381906143389}},{"userUuid":"a4f651b6-118d-4b0e-a6fb-8807ed5283bb","userLoc":{"longitude":-129.77748716178084,"latitude":28.298162456020208}},{"userUuid":"ae14b974-5961-485d-8b39-754e6d6fd454","userLoc":{"longitude":-121.17595690448616,"latitude":33.310346392212836}},{"userUuid":"bb2dd92e-0d40-4c4c-86aa-947233f11df1","userLoc":{"longitude":-64.16632444411832,"latitude":-40.85573440546594}},{"userUuid":"ae66ef68-8ad7-4153-bf35-e9968cb1cc44","userLoc":{"longitude":168.75294265892336,"latitude":17.819494268885578}},{"userUuid":"d5d72be9-b033-4293-a9b6-34c049759bec","userLoc":{"longitude":-57.95903597488831,"latitude":-42.948856228220926}},{"userUuid":"15bc0c8c-f208-4873-ba53-ab97730c22d6","userLoc":{"longitude":171.98625280610202,"latitude":-61.79876898698454}},{"userUuid":"90b64d7b-f75d-46bf-941d-6fac752d928e","userLoc":{"longitude":-125.55539161629211,"latitude":78.623101834967}},{"userUuid":"f053be46-267f-483e-9b9e-ae9690dc24ce","userLoc":{"longitude":-111.10890975906652,"latitude":-77.91205894709043}},{"userUuid":"04ad7adf-a583-46f2-94d0-c32c6af40752","userLoc":{"longitude":178.429534363912,"latitude":-71.56593366086082}},{"userUuid":"4a02528d-6fa1-4b52-9ad6-52a29fe6822c","userLoc":{"longitude":1.3809996712011525,"latitude":54.697098387509726}},{"userUuid":"59cddb69-b8e6-4d62-85e3-9d725eeb64af","userLoc":{"longitude":-141.00298346525682,"latitude":-77.50649886179067}},{"userUuid":"1678db2b-ef0e-40af-af1f-2796f7dd0cae","userLoc":{"longitude":-17.34540648508076,"latitude":33.341392432148695}},{"userUuid":"a35823ce-a523-4579-ada3-40c4c9c63c27","userLoc":{"longitude":-160.5278333113754,"latitude":-79.99551693023083}},{"userUuid":"0f2830f9-eec0-4591-b241-8a9f1e692912","userLoc":{"longitude":78.51923399959395,"latitude":23.743848457962713}},{"userUuid":"dee9f5ac-575d-4a7d-879d-966e8af7782c","userLoc":{"longitude":-110.60833237179449,"latitude":19.29234783314763}},{"userUuid":"5bc3541a-456a-431b-ad10-f1d2bfbeb592","userLoc":{"longitude":-62.742866668512605,"latitude":56.61716543320759}},{"userUuid":"7e1b9096-06cd-4a1f-bc2d-747b7de326b4","userLoc":{"longitude":4.68884825864626,"latitude":-50.48855153419213}},{"userUuid":"2888fe6d-6b5f-4b08-8237-6487449c9f52","userLoc":{"longitude":-151.1211811732689,"latitude":-63.705268241789696}},{"userUuid":"e83e27ee-ee62-4d5a-b7e3-245e80884645","userLoc":{"longitude":121.44564769645075,"latitude":7.982237249818795}},{"userUuid":"4c98258c-3d79-45d5-b047-b9dad9d15fb8","userLoc":{"longitude":30.495866000494487,"latitude":-76.93935314005472}},{"userUuid":"6bbdec3a-9a8e-45f0-84f5-a82f59549a82","userLoc":{"longitude":172.48407756821007,"latitude":-51.170022209292135}},{"userUuid":"4528ce4e-06ba-4081-9e15-2d170d8535b4","userLoc":{"longitude":-84.60648243247152,"latitude":-8.754536100675026}},{"userUuid":"2c191906-c30b-451d-a641-e912ed3e6791","userLoc":{"longitude":111.32533715351542,"latitude":-30.462745196193517}},{"userUuid":"1aeca042-2976-4f94-b31d-edb8b5ff64c2","userLoc":{"longitude":-45.833787371229164,"latitude":60.85527475871717}},{"userUuid":"ce6de15a-a173-4bcf-9e55-89d71761b5ae","userLoc":{"longitude":21.923862738164445,"latitude":30.54357567147106}},{"userUuid":"0b0a4485-9f75-4b1c-bd9c-14f8708de8f6","userLoc":{"longitude":-109.9821257159748,"latitude":-26.026298696684613}},{"userUuid":"bc9189a4-56dd-47f0-96f0-f14fda5567df","userLoc":{"longitude":-51.27762857707518,"latitude":-75.65442871750567}},{"userUuid":"bfed3fc7-b5ba-4eed-801a-603d7033d266","userLoc":{"longitude":139.49886780110205,"latitude":-34.06577253661081}},{"userUuid":"d3f9eb75-7321-462b-a5fc-a5fb33e6988d","userLoc":{"longitude":79.0550950517374,"latitude":-36.107739338372426}},{"userUuid":"612cc565-3bb0-4115-9d46-0b6fde5d6f7f","userLoc":{"longitude":-0.3218639221125841,"latitude":-60.10644754945598}},{"userUuid":"4e88c9f3-0ca2-4e56-8611-38839c8368fc","userLoc":{"longitude":8.321873372282539,"latitude":63.06983917324638}},{"userUuid":"706fa3d8-0064-410d-afea-9abc6064aba2","userLoc":{"longitude":45.483297793290006,"latitude":19.019713775968185}},{"userUuid":"6427e719-0215-4d1a-aef3-e3c6b7973b21","userLoc":{"longitude":-92.61072339484242,"latitude":-64.85541614346964}},{"userUuid":"8bf59fbb-4faf-495b-8000-9edfe7fdcafd","userLoc":{"longitude":-137.2816118211454,"latitude":9.51032051989776}},{"userUuid":"1cced524-5df7-4d64-9d7a-4494a7638073","userLoc":{"longitude":-178.33842897070397,"latitude":-83.21978493839372}},{"userUuid":"51b6a465-487b-406c-9674-81dfdd14dda0","userLoc":{"longitude":-117.31072039685654,"latitude":51.59636891984454}},{"userUuid":"50254c2d-eaa9-494c-a7fa-2a10fd1e7de7","userLoc":{"longitude":131.4108078335533,"latitude":-54.19223716464968}},{"userUuid":"f056f18e-e6ed-41b9-bd89-a67767d35810","userLoc":{"longitude":49.68219960047705,"latitude":48.00470677354946}},{"userUuid":"bf8fb219-cce6-4b99-b0c9-79e7dcced637","userLoc":{"longitude":-134.6433463846266,"latitude":-0.5040565450565992}},{"userUuid":"4335e1ca-d05c-4b59-ad92-e4b0c2f98b2f","userLoc":{"longitude":59.90581200396767,"latitude":-17.668282559637404}},{"userUuid":"a44190b4-fd1b-4ef1-aa19-3b9464e83540","userLoc":{"longitude":80.95303005906175,"latitude":46.81931200412785}},{"userUuid":"e5061fdf-d5ee-4629-ab07-c074bd639475","userLoc":{"longitude":-73.0927346998069,"latitude":58.4085971632376}},{"userUuid":"c40c5702-6f4b-4265-915d-d319930768a3","userLoc":{"longitude":-154.33248745386567,"latitude":-72.38526879843216}},{"userUuid":"ff7be7fa-88ca-4152-ae6d-e541706cef96","userLoc":{"longitude":-111.70609667221983,"latitude":-65.95713723881964}},{"userUuid":"32a96ae5-011a-485c-bcb0-95985c13e3cb","userLoc":{"longitude":101.37347787588396,"latitude":-4.9198208798111125}},{"userUuid":"b1fac0f5-7b87-4b5c-9f84-45499e0e64a4","userLoc":{"longitude":-133.49400799737208,"latitude":79.94495221394016}},{"userUuid":"30d7d099-b0ea-4340-b843-76fcf30a6ade","userLoc":{"longitude":171.06301412286774,"latitude":-12.637107503080472}},{"userUuid":"2b4faa44-8e11-42d0-84c8-d2b95b874006","userLoc":{"longitude":99.82889897900702,"latitude":-57.87618712462441}},{"userUuid":"dd128511-8ddf-4d35-adb3-ea99c916ab06","userLoc":{"longitude":-92.33660718843261,"latitude":-79.45895432237944}},{"userUuid":"03aa01c5-dec1-4849-9c91-b49879f626df","userLoc":{"longitude":-96.46618977214159,"latitude":-43.405300154690316}},{"userUuid":"9097cf0d-6a44-46f5-be8f-0c1e0053d1b6","userLoc":{"longitude":-57.568508260324435,"latitude":61.385088976733044}},{"userUuid":"a705f579-3b26-4956-bbb1-161fcd88e064","userLoc":{"longitude":-142.8694188707035,"latitude":9.867396076033529}},{"userUuid":"c5ddb516-00ca-4a25-ba76-ef8feba44c8b","userLoc":{"longitude":-163.80630990123714,"latitude":53.663125707587255}},{"userUuid":"60ad91f6-428c-4efd-b876-3fc99a6c561a","userLoc":{"longitude":147.65777612989342,"latitude":-2.0605065787735555}},{"userUuid":"c746225e-f26b-49c3-b4e2-4d090beb4cde","userLoc":{"longitude":79.81619269008826,"latitude":82.85317167166662}},{"userUuid":"8c00ab3c-e153-4c48-b1b2-1cf0f5ab48d9","userLoc":{"longitude":-9.083914416000084,"latitude":-61.35297005318786}},{"userUuid":"a5118612-76e5-45be-9f10-839e046057b1","userLoc":{"longitude":174.376840050932,"latitude":-49.3085150346102}},{"userUuid":"3627f14f-08ac-4374-a7e2-ef1cf2361482","userLoc":{"longitude":-172.59965307658925,"latitude":-29.621837106600303}},{"userUuid":"b450943b-747a-4748-a250-5e07716624bb","userLoc":{"longitude":-137.30341631008827,"latitude":-27.680702562519123}},{"userUuid":"4a791944-444a-4aae-b93e-b32fbbcf6c9b","userLoc":{"longitude":-169.71534350757943,"latitude":-17.139968738712938}},{"userUuid":"46741562-fe5d-4efc-ac39-6ddaed1ffaa1","userLoc":{"longitude":161.17877928709544,"latitude":-40.041899995050905}},{"userUuid":"523b195a-5959-462d-99d6-af3b516dc4d4","userLoc":{"longitude":154.0011081500989,"latitude":78.0144701960487}},{"userUuid":"e25181ee-a71e-42b5-aadc-f45c9830d5e0","userLoc":{"longitude":-72.80595206495198,"latitude":69.06044374702137}},{"userUuid":"45ef895d-3e00-4b2b-9667-85ed32d43189","userLoc":{"longitude":-159.58039932684008,"latitude":-65.8010759940972}},{"userUuid":"563a48b4-c791-47b6-bea0-82561437b27f","userLoc":{"longitude":-83.17012516662244,"latitude":-6.355881738890673}},{"userUuid":"4f5d587d-7047-4fa4-980e-89f859fd09c3","userLoc":{"longitude":-7.597704738003671,"latitude":36.04392270918295}},{"userUuid":"20aa8456-9bdf-40a0-84e7-298ee119b1ff","userLoc":{"longitude":29.297473791807192,"latitude":-33.31112355705005}},{"userUuid":"e5e341a2-084d-4776-9bd3-e903c8c4d1f6","userLoc":{"longitude":3.8936811844912143,"latitude":-25.510338225020625}},{"userUuid":"e20a742c-67f2-43df-be89-6f328a0cb8cf","userLoc":{"longitude":-40.5699404974236,"latitude":-72.44024727505351}},{"userUuid":"bc66d7fb-75fb-49f2-88b9-474b72546a27","userLoc":{"longitude":-83.8794904681303,"latitude":79.79442441755688}},{"userUuid":"9556b317-edde-429d-9b3a-478a6350ebb1","userLoc":{"longitude":-152.8315063058496,"latitude":11.804761649550969}},{"userUuid":"fcbc02ce-1d55-411d-894a-8e3c9fb557b8","userLoc":{"longitude":-139.67216839354728,"latitude":42.825839010212036}},{"userUuid":"fa984ec6-0e05-4164-8599-7755a4073b86","userLoc":{"longitude":46.90901868398285,"latitude":0.3311557071341156}},{"userUuid":"f6b8ab8b-386c-4b77-91bf-51f27748ac10","userLoc":{"longitude":74.50927851504002,"latitude":36.62817929269612}},{"userUuid":"240ba7c5-43e5-4135-83fb-8607e5636475","userLoc":{"longitude":88.21335267017145,"latitude":56.07009325226332}},{"userUuid":"9027c718-bf35-424d-be53-306959fbed76","userLoc":{"longitude":179.24149925278084,"latitude":66.15413082893252}},{"userUuid":"3b62f3b7-017f-45e7-b2d9-0b3af82a99d3","userLoc":{"longitude":112.6269000063827,"latitude":24.441170614584436}},{"userUuid":"1381d09a-9e4d-45bf-b54a-3eae0f63cc8d","userLoc":{"longitude":-108.38576632964624,"latitude":50.024527196769185}},{"userUuid":"56844039-e46f-4844-8ad7-3e6dc6368779","userLoc":{"longitude":-92.20246717577507,"latitude":-44.85858567156354}},{"userUuid":"efdd8a06-4044-4a36-9b30-1e5b4ccf4dff","userLoc":{"longitude":44.64187087869601,"latitude":45.24092910284071}},{"userUuid":"ba160b51-76dd-4060-afd7-94c249af6f66","userLoc":{"longitude":-71.70389744755055,"latitude":-33.83496343071253}},{"userUuid":"544bc3ec-d93e-4871-a4d0-67820b9c6c79","userLoc":{"longitude":-171.8789265869755,"latitude":36.16227946405135}},{"userUuid":"238b8f8d-4dee-4d3d-ad30-9b88c829b9c5","userLoc":{"longitude":18.955847375147215,"latitude":3.9017175470432903}},{"userUuid":"9688b6ad-b304-40b3-a040-ef1f1878b79f","userLoc":{"longitude":109.53002117473426,"latitude":66.80072583302524}},{"userUuid":"86c116f8-d557-40c8-bac6-d4e04a35f7d9","userLoc":{"longitude":95.68494244504961,"latitude":-84.75297993637507}},{"userUuid":"78f3488d-285c-4b4b-88de-b7e527fda708","userLoc":{"longitude":5.20251725628691,"latitude":-32.78540689097834}},{"userUuid":"74d956ff-a498-480b-9df4-e155ec40c368","userLoc":{"longitude":11.872126878552052,"latitude":54.887667987676934}},{"userUuid":"d726b476-1efc-4aaa-bb8b-e38937de5bc0","userLoc":{"longitude":72.41405633680898,"latitude":-20.214291427590993}},{"userUuid":"c24f5a86-f8b9-417d-9de0-993626ae1d0f","userLoc":{"longitude":-126.40145550114894,"latitude":29.08656912721861}},{"userUuid":"31c3aba4-e994-4648-b472-f53730c00e81","userLoc":{"longitude":-148.12314508989795,"latitude":-19.6145122732742}},{"userUuid":"dd27d881-5474-41ae-b5d4-2171d1c315f2","userLoc":{"longitude":160.4768480904092,"latitude":44.600667484134675}},{"userUuid":"8f6e3346-3b1c-4b01-bf08-26e68124b68f","userLoc":{"longitude":143.8871615492567,"latitude":75.04514902790851}},{"userUuid":"df4a9bce-a778-4ef8-90ba-77813cf6424d","userLoc":{"longitude":104.38941018260164,"latitude":-43.141626804024234}},{"userUuid":"943e80cb-3443-48b2-ba83-f6192bacbba7","userLoc":{"longitude":55.016367248252635,"latitude":-36.05369768462567}},{"userUuid":"9cddfb15-05f3-4fad-8038-e90f11c7eca6","userLoc":{"longitude":-110.93890708780323,"latitude":-1.9634051329759075}},{"userUuid":"46173a9a-bb7c-4725-b03f-e8e08874c521","userLoc":{"longitude":163.52826701062463,"latitude":31.52071424286987}},{"userUuid":"7cd38866-d507-4155-a106-ae8e450f0d11","userLoc":{"longitude":-61.61953983147872,"latitude":-40.21907336272726}},{"userUuid":"696f292e-f702-46fd-84cd-777ed33c17df","userLoc":{"longitude":-5.034201019050926,"latitude":-52.95241328151932}},{"userUuid":"d7d209f4-bd53-4015-ba2b-7496025a9217","userLoc":{"longitude":-160.3705200634906,"latitude":-0.02037810191779954}},{"userUuid":"b3b49e4b-48fe-4809-87fb-678639555052","userLoc":{"longitude":2.6516993834650293,"latitude":5.978277263935496}},{"userUuid":"30cc66c8-cf9f-4020-8440-4c0f91a6e7f7","userLoc":{"longitude":134.10200471275556,"latitude":57.592626796371945}},{"userUuid":"43fd2cd5-66f3-4b5f-a048-e7882dc6b4c2","userLoc":{"longitude":-156.3074739377294,"latitude":76.80267601156012}},{"userUuid":"dd1f05e6-8a65-4983-b29d-d5400848473d","userLoc":{"longitude":-0.09119250653810695,"latitude":-8.653768959824305}},{"userUuid":"0c7b5667-277f-4f9e-aa3c-6c5b147e7876","userLoc":{"longitude":-49.71951103071825,"latitude":-64.51170797400245}},{"userUuid":"ffa3a950-b4f3-48e3-84ec-f01fdba0dece","userLoc":{"longitude":50.047601252374136,"latitude":-41.579783242669514}},{"userUuid":"fca1fd83-cb85-49a8-bd7d-a2deda5f0732","userLoc":{"longitude":20.342472926340832,"latitude":1.4769400312656842}},{"userUuid":"f64c404c-a166-4441-a77b-dad0bf776c46","userLoc":{"longitude":114.88178067900617,"latitude":50.04664841997001}},{"userUuid":"ad0cc13c-d63e-483e-b531-77a4cd4fa2ee","userLoc":{"longitude":-120.5931585645223,"latitude":-5.426326920324058}},{"userUuid":"03e2cb13-63cb-432c-9ac6-37b88d06e48e","userLoc":{"longitude":-36.84625720514731,"latitude":80.98789110240992}},{"userUuid":"9c070b67-c88d-4e9e-a389-5751b31db581","userLoc":{"longitude":28.373372934528163,"latitude":-46.938389996002314}},{"userUuid":"87af84aa-541f-46b8-99f0-b26e99d6e074","userLoc":{"longitude":-170.65887343133372,"latitude":-3.2937301153052374}},{"userUuid":"3490568e-f1cf-4816-964f-502e71095ee9","userLoc":{"longitude":104.61177440933767,"latitude":-33.85335727830841}},{"userUuid":"80966b4b-8282-469e-8f88-920e9a96fde3","userLoc":{"longitude":-25.65763391054216,"latitude":-17.460786409852602}},{"userUuid":"ca8e1a0e-1bac-4c19-9507-b6f01339d70c","userLoc":{"longitude":-20.632962289381936,"latitude":-11.22910077641501}},{"userUuid":"6f079abe-67f4-46fc-8847-e2181f16fba9","userLoc":{"longitude":-145.38046748352514,"latitude":-25.08883263109054}},{"userUuid":"45e46372-2cb0-4b41-86f2-80c6e518e0ef","userLoc":{"longitude":20.46545579946755,"latitude":50.9803507233938}},{"userUuid":"99b1f412-1735-44ed-bf91-80f2405ff7b9","userLoc":{"longitude":65.53336876395778,"latitude":0.3957875116776677}},{"userUuid":"06304b22-4c88-46eb-b6ea-3abf1ebd5f98","userLoc":{"longitude":16.566585871371217,"latitude":23.1631462475966}},{"userUuid":"50d39eec-6b4f-4c62-8c80-b5f16938ee42","userLoc":{"longitude":-46.51012358582267,"latitude":8.544803830917559}},{"userUuid":"5d306901-a4ef-45a2-a558-100f1f3be194","userLoc":{"longitude":160.70591894765488,"latitude":-7.529374272337108}},{"userUuid":"6816527d-5403-4d3c-b8e2-bac327421c03","userLoc":{"longitude":-34.31959003484772,"latitude":-70.5366311081494}},{"userUuid":"2f36b946-4a7c-493a-9136-338c77839820","userLoc":{"longitude":142.33881113647953,"latitude":55.382220074781515}},{"userUuid":"8256a4fe-e00c-45fb-9b9b-146501889cfa","userLoc":{"longitude":-170.73468246337657,"latitude":53.89978835368598}},{"userUuid":"bfb0f5ac-0046-4808-91fc-c570ab8ad6bc","userLoc":{"longitude":62.69483436129147,"latitude":64.42187994683252}},{"userUuid":"e0ca52f9-6d11-42af-8c49-f9793a01a6b9","userLoc":{"longitude":45.15149188182943,"latitude":52.007316156477884}},{"userUuid":"60a11081-6bc4-494e-92a4-1eb404287605","userLoc":{"longitude":144.7322873820733,"latitude":34.492124781591016}},{"userUuid":"b70c73dc-dd06-4119-b4f7-4cc7b3c3a5d0","userLoc":{"longitude":-72.29043926840893,"latitude":46.31706054716375}},{"userUuid":"3c007015-8622-4fdb-abf0-391b5d8e0e53","userLoc":{"longitude":156.66621298256035,"latitude":-37.37100976033793}},{"userUuid":"a98b6998-2b87-40cc-96a1-739a65caf300","userLoc":{"longitude":141.8126403810133,"latitude":82.67874881954882}},{"userUuid":"f2790d5b-970d-4509-8f9a-e51f8be9d8c9","userLoc":{"longitude":23.93058203290596,"latitude":-33.278555548167546}},{"userUuid":"4e473a99-ce4f-49ff-9cd7-f05ffc2c8bcd","userLoc":{"longitude":-42.080732489990226,"latitude":-59.685985348510386}},{"userUuid":"1791d6ee-3dd8-412f-944a-6108dea45185","userLoc":{"longitude":78.31062652305826,"latitude":-73.88536332362604}},{"userUuid":"102f639a-6ca4-4459-b671-23bbadfa4a51","userLoc":{"longitude":-28.46507795950083,"latitude":51.147298686438944}},{"userUuid":"1fc843be-a595-4717-a0c1-b0a4c3129d34","userLoc":{"longitude":-13.98884942537208,"latitude":-31.500500067276597}},{"userUuid":"f7d1040c-e7e5-45a7-a545-6d3ad4f6220b","userLoc":{"longitude":-136.53686366557412,"latitude":39.91932991424642}},{"userUuid":"fcd56904-7ed2-45cf-8661-bd4a1e4be4a8","userLoc":{"longitude":-29.939884223494886,"latitude":78.92822123119981}},{"userUuid":"fe353492-a1d7-4cf9-88c0-84b077e5d767","userLoc":{"longitude":-85.19353350942153,"latitude":51.72445985760291}},{"userUuid":"4b2c30a5-fc33-484f-8c88-299b489da00f","userLoc":{"longitude":80.32444697260559,"latitude":22.819287822666695}},{"userUuid":"9389aaa2-b649-433d-8b63-34fb2c456435","userLoc":{"longitude":-121.17362067100314,"latitude":-50.0770363057733}},{"userUuid":"019beedc-80e7-4a68-80d8-ffc8cefa0826","userLoc":{"longitude":37.13903084726164,"latitude":41.34359985889415}},{"userUuid":"1d65ff72-45fb-4310-9255-e1daa7922774","userLoc":{"longitude":-141.4527213676875,"latitude":8.8050827902522}},{"userUuid":"eded7bf4-c6cb-46be-bd02-9c7095a7bfa0","userLoc":{"longitude":-109.68867041982618,"latitude":40.858624540453434}},{"userUuid":"802b1b91-ac22-4518-8908-e647cb94bbc3","userLoc":{"longitude":-121.5605977937031,"latitude":26.389710579540832}},{"userUuid":"4ac5969f-1cb9-4ce5-a502-74faab4a19a8","userLoc":{"longitude":106.9063639528008,"latitude":53.811438471126024}},{"userUuid":"cc56bcc8-0360-4026-96df-8a8f3a783408","userLoc":{"longitude":-26.110256887265336,"latitude":35.60056348482439}},{"userUuid":"3a3c941c-cc93-4184-b7c1-8676edd5a0f6","userLoc":{"longitude":35.88453653283031,"latitude":22.198262449551052}},{"userUuid":"94b53184-05b1-48e2-a17b-a73005b2a42c","userLoc":{"longitude":-74.67717208574011,"latitude":-3.5068772452695214}},{"userUuid":"d40e533a-ef59-4cf2-b40d-1f3498bfa6c3","userLoc":{"longitude":52.084089022246474,"latitude":-23.37610069833142}},{"userUuid":"cb3257f4-66d3-4a28-9d55-c3db9b2cc78c","userLoc":{"longitude":38.21532659184396,"latitude":-2.7844152004329885}},{"userUuid":"c3327d94-0096-4446-b1fd-5120fd9886ec","userLoc":{"longitude":88.11448950411506,"latitude":25.423835205702403}},{"userUuid":"c1f070a2-b913-4777-a6e9-bd040a5f529a","userLoc":{"longitude":-165.46268294668428,"latitude":-78.62751099956702}},{"userUuid":"39b95703-bd61-49e4-818e-ff8e646e22af","userLoc":{"longitude":-179.7226822170131,"latitude":-53.05119585175731}},{"userUuid":"e05e22a3-2b2d-4681-ab00-7c67b03bafe5","userLoc":{"longitude":-54.28333686443965,"latitude":75.9687754772518}},{"userUuid":"4b4c295f-08c4-4b51-b3cf-ffcf5308ed25","userLoc":{"longitude":106.84802398616756,"latitude":-50.01883171434476}},{"userUuid":"a6ef099d-1594-4dcd-8e7b-ecbde5bf8e1c","userLoc":{"longitude":29.111267808223744,"latitude":-32.535819359490986}},{"userUuid":"60e1e78f-8ade-4589-8c04-6251acbd41e7","userLoc":{"longitude":33.277182126266695,"latitude":31.89474493721883}},{"userUuid":"8b0c17a1-7c5f-4a82-8d81-0a5a6480cc6d","userLoc":{"longitude":-63.908217753750634,"latitude":15.38148539742754}},{"userUuid":"028c5041-1dd7-4b0d-9367-331d72f0ac42","userLoc":{"longitude":120.55880663332584,"latitude":52.04658703857285}},{"userUuid":"eddee8f4-ae38-45f2-9213-99e06e32eb85","userLoc":{"longitude":-0.39262537573031864,"latitude":-65.14642721635167}},{"userUuid":"33fb0c69-609e-4079-bce8-639f2bd0c3a6","userLoc":{"longitude":-79.79559860654871,"latitude":53.47371615337883}},{"userUuid":"d8e65c09-a1d3-4eae-9def-9e0ef373d6b7","userLoc":{"longitude":-140.09606130284726,"latitude":-8.016088359086396}},{"userUuid":"3b881662-8e86-49d1-b94c-4e7bef6edc39","userLoc":{"longitude":-7.733223317668887,"latitude":36.186485741185166}},{"userUuid":"4c1aa433-877d-43f7-99c7-a1526fceba89","userLoc":{"longitude":-82.9753163254704,"latitude":-3.8078083560180005}},{"userUuid":"6c2886c2-2375-4838-a424-064743c4cd6d","userLoc":{"longitude":-107.96222081921624,"latitude":-59.448011072077705}},{"userUuid":"c27d6146-db48-4db3-b55c-5a112adaf8f6","userLoc":{"longitude":161.96869967091436,"latitude":-6.1965129692244005}},{"userUuid":"a7fb4f68-ef19-43fd-9bb1-1f27d787d4d4","userLoc":{"longitude":28.208298583663776,"latitude":-25.489908397132496}},{"userUuid":"dea2f4a4-3275-403b-ad55-d6e5bca900ad","userLoc":{"longitude":15.89573987634492,"latitude":41.19024083825336}},{"userUuid":"d0f86836-e887-4a52-92a0-39719cfc08d8","userLoc":{"longitude":112.26013636478183,"latitude":46.52611393919011}},{"userUuid":"82af21aa-e98c-46ea-9f7f-19441fa92209","userLoc":{"longitude":146.8734339819486,"latitude":-19.548448247380406}},{"userUuid":"2a9c3878-6e5d-4d84-9b09-558a2275dea4","userLoc":{"longitude":-49.4630898972882,"latitude":-54.77943290901976}},{"userUuid":"8ea23c8f-b7e3-43eb-8894-3a8dbffa1206","userLoc":{"longitude":126.39922130138427,"latitude":-10.225255019710886}},{"userUuid":"cdc14520-555d-49e8-ae67-2b4300b2ba1c","userLoc":{"longitude":-50.95169422249475,"latitude":-11.082618255157854}},{"userUuid":"6664ffd4-6908-4868-a674-671d51dc7643","userLoc":{"longitude":155.64184875020658,"latitude":-6.903240974647403}},{"userUuid":"a1572917-b2b0-460b-a811-ad60ea5dc189","userLoc":{"longitude":121.27519589088223,"latitude":-52.1999926741404}},{"userUuid":"3902619a-4a5a-4a57-93d8-7ac0bbaf6b3f","userLoc":{"longitude":172.5579643415462,"latitude":66.63232783878507}},{"userUuid":"1c758385-da40-4612-a18a-5645740281e7","userLoc":{"longitude":109.92244865587418,"latitude":-24.38921605640695}},{"userUuid":"f4ed140b-e9b4-4f49-ae1a-bf5b0ce91a8f","userLoc":{"longitude":-39.2681021515574,"latitude":76.67218403437778}},{"userUuid":"5f35ef84-c952-4056-86c0-e41566352479","userLoc":{"longitude":-24.848800222778863,"latitude":-40.9449694885201}},{"userUuid":"f70cd68c-26ed-4b89-88dd-d8aea9c4890a","userLoc":{"longitude":125.10358931100154,"latitude":-48.24107642368292}},{"userUuid":"af3698bb-d1f8-4222-a406-305e00d9cefa","userLoc":{"longitude":-123.41555359826052,"latitude":42.36419758333315}},{"userUuid":"6b698af2-c31c-49d7-bf34-74f2738b5a70","userLoc":{"longitude":-33.618687823284574,"latitude":-48.28110312136528}},{"userUuid":"42a98e32-f3bd-401e-9b3f-c886082861f4","userLoc":{"longitude":-80.36478970139534,"latitude":77.20172355142068}},{"userUuid":"156594f0-a1ef-44c7-ba66-9facef45d8c0","userLoc":{"longitude":178.97442235055058,"latitude":-83.52205662244812}},{"userUuid":"e346251b-53c8-415d-a255-111aa6ffd3bf","userLoc":{"longitude":122.57696217044008,"latitude":-72.3169319272426}},{"userUuid":"7ea954a6-48e2-4714-8c2a-612e77feb571","userLoc":{"longitude":53.51820332112274,"latitude":-67.81949906208106}},{"userUuid":"23c14cd5-a6b4-4891-814f-0a938a6cdd1e","userLoc":{"longitude":-16.06547690781332,"latitude":31.228832014294994}},{"userUuid":"7960f012-4354-4f66-9e2b-a1541030879a","userLoc":{"longitude":103.02408380016601,"latitude":-42.07141631299423}},{"userUuid":"e362e2af-f40d-446c-b8db-cfcb7f8fc02e","userLoc":{"longitude":162.19258943138567,"latitude":-3.9904582926968857}},{"userUuid":"6706fa3e-29dd-4758-a2b1-eb3dd7df36cc","userLoc":{"longitude":-179.91155152017978,"latitude":67.3445582001018}},{"userUuid":"3f3c15db-3770-40d5-8218-5f3f97ed9a7a","userLoc":{"longitude":-117.1383810886422,"latitude":38.46834576267233}},{"userUuid":"18283614-4ec6-4849-8e65-28c233dd5736","userLoc":{"longitude":-146.551639537617,"latitude":35.1987122127735}},{"userUuid":"a4626c8b-5f60-4651-927d-3d14d13d8597","userLoc":{"longitude":-113.34637480050729,"latitude":-84.4819458224332}},{"userUuid":"ef1e5d38-f689-4ba7-8a90-3614d639b569","userLoc":{"longitude":163.9117943537617,"latitude":34.004253150688626}},{"userUuid":"4e81e0ba-9a1d-4291-b22d-5eee7fc1c8c0","userLoc":{"longitude":-15.160405318529058,"latitude":-62.104739802127014}},{"userUuid":"5c15b9a8-ec5f-487d-9a40-0986fd1f441a","userLoc":{"longitude":-120.67251601684372,"latitude":5.05924610662575}},{"userUuid":"d08f8bba-fe38-4816-9ddd-75949a02740d","userLoc":{"longitude":144.0318061605318,"latitude":24.585956949460453}},{"userUuid":"c95603e2-8b02-42a9-aa63-48cf587fef71","userLoc":{"longitude":136.76797631727783,"latitude":-82.00169708745622}},{"userUuid":"bfd97e13-8d88-4a9a-b5d4-6ca125587889","userLoc":{"longitude":169.0295530943214,"latitude":47.923557934511166}},{"userUuid":"2fad0b08-b655-4d32-b557-550210a5eb66","userLoc":{"longitude":-176.50575130223922,"latitude":-26.063063226962512}},{"userUuid":"e42ee47f-7f27-4fc3-929a-1a869dac21b9","userLoc":{"longitude":179.11811826333013,"latitude":-8.92265895617146}},{"userUuid":"47af4640-a176-44dd-ad03-1dbacb09f2d2","userLoc":{"longitude":-176.12682627823668,"latitude":-20.725980407193205}},{"userUuid":"7e0488d4-d0e1-47bf-802a-efcd26039989","userLoc":{"longitude":179.50397872648557,"latitude":-16.192222845745775}},{"userUuid":"414579e2-0337-44cf-803d-22ab5a3db2b8","userLoc":{"longitude":105.73794254263879,"latitude":-41.06586500551468}},{"userUuid":"c3bd76e2-d5b3-447f-b1a9-8adf8353f2e8","userLoc":{"longitude":157.12862424648932,"latitude":-0.44896220376452334}},{"userUuid":"f17265cf-e98e-4981-8b66-ac91fc8ea085","userLoc":{"longitude":154.92163629447253,"latitude":58.094389921627084}},{"userUuid":"90fb629c-7a3e-4e9b-96a6-c07c32a8a94d","userLoc":{"longitude":-132.50823288933464,"latitude":-59.02724170721302}},{"userUuid":"6aad3e5e-fa3d-4a7a-8be8-d63c7649e356","userLoc":{"longitude":-70.46323950234319,"latitude":-46.82054848420904}},{"userUuid":"c818197a-4c5f-4f88-a70d-33d99d87c988","userLoc":{"longitude":19.86355364666855,"latitude":-7.692876634215807}},{"userUuid":"587a10a2-fcb3-435d-aacd-e9d30d9387e1","userLoc":{"longitude":155.75535924293422,"latitude":-39.211381208654316}},{"userUuid":"4eb71512-8cce-4e9d-af52-436f064902ef","userLoc":{"longitude":150.87420531167726,"latitude":42.12532443382409}},{"userUuid":"2346f49d-2639-4118-8c2e-ff0c779603f0","userLoc":{"longitude":69.5441425701681,"latitude":-66.0679827514601}},{"userUuid":"3360a49f-24fc-45f1-a37f-4e17005eb3af","userLoc":{"longitude":50.53228519013027,"latitude":-39.893635442677024}},{"userUuid":"54913c35-59cb-49db-b456-b9eabc4a0b21","userLoc":{"longitude":-178.1111449608301,"latitude":-40.09942350502855}},{"userUuid":"33b91d02-eb27-4c78-afc7-607a82471b8b","userLoc":{"longitude":-110.27996987974696,"latitude":-2.7990017482364493}},{"userUuid":"1547eb49-1ec9-4ff8-8925-384c2abf4ef0","userLoc":{"longitude":-65.57309692235027,"latitude":-29.937758201569352}},{"userUuid":"25787f4d-59d1-4ee4-a18f-4054e3071da5","userLoc":{"longitude":-98.89750716190852,"latitude":67.52973884359386}},{"userUuid":"c013791c-22a2-478f-876d-19b21d945481","userLoc":{"longitude":-47.44276008564594,"latitude":0.22103024752459532}},{"userUuid":"d3b07874-032e-4875-9c7c-3e7b6f931fbd","userLoc":{"longitude":-17.965143114693916,"latitude":-42.02751666856224}},{"userUuid":"d3ef58ee-732f-4cd4-b30f-018a47b4b359","userLoc":{"longitude":7.851120644857588,"latitude":-51.17892013628083}},{"userUuid":"7c353988-5636-48ea-adb3-3be02ec82aff","userLoc":{"longitude":146.18907519056825,"latitude":21.372838834581174}},{"userUuid":"4233b4ac-d328-4115-94c0-c7a787803239","userLoc":{"longitude":-51.82716558785188,"latitude":-47.240138608232314}},{"userUuid":"d569216f-f720-4043-a0d5-c67a12ae581a","userLoc":{"longitude":54.22863042981686,"latitude":-18.23545646129857}},{"userUuid":"b8ff2bb9-554d-447e-9e8a-d592533be62f","userLoc":{"longitude":69.09257742955057,"latitude":-31.918861118741233}},{"userUuid":"637faafe-fb4f-4eab-91e2-a8b5277f3e91","userLoc":{"longitude":93.639678080181,"latitude":-45.9384651783982}},{"userUuid":"a39382ca-d600-40b6-8bf4-bce234fe05b8","userLoc":{"longitude":-117.11207920777886,"latitude":-20.14228889398929}},{"userUuid":"bc279314-37e0-4cc6-8355-7fb97a0e8fb9","userLoc":{"longitude":3.221682645531615,"latitude":58.559047310030024}},{"userUuid":"0ee7bf0e-ee27-4c99-a05e-f3842582714f","userLoc":{"longitude":70.50028928481868,"latitude":-1.7854014329496408}},{"userUuid":"b4e27817-9063-478f-a3bc-673f205a456b","userLoc":{"longitude":-161.36038746234613,"latitude":-21.042649992289512}},{"userUuid":"bd502e16-507e-4abd-8332-ee0675a74cf8","userLoc":{"longitude":-88.35268172486175,"latitude":-4.67746758887499}},{"userUuid":"7bbe075c-637b-45c6-bd0d-942b1ef8d69b","userLoc":{"longitude":9.160598402704693,"latitude":2.609936967267913}},{"userUuid":"f73fa7ec-a955-4460-8c61-63e85021d2ee","userLoc":{"longitude":-65.37863312908469,"latitude":-51.40232902871083}},{"userUuid":"d2a9f5de-98ec-4348-b428-522b0c62b309","userLoc":{"longitude":-54.32779310258064,"latitude":2.9024998197012764}},{"userUuid":"9c15b5f6-f99e-48d7-8820-77d26b5d5159","userLoc":{"longitude":27.919288742069256,"latitude":39.48279347937634}},{"userUuid":"d51be4e1-2f05-4efe-b02a-c0c62789cc42","userLoc":{"longitude":138.90398391699728,"latitude":-55.225759028701866}},{"userUuid":"deae1fed-fb9c-4313-aba4-4f83f55f4de6","userLoc":{"longitude":103.68629750209271,"latitude":44.95761606842581}},{"userUuid":"584bc32c-554d-42fb-9929-3e90f29e21d5","userLoc":{"longitude":7.456977772000101,"latitude":-27.01555973495583}},{"userUuid":"be2f5a74-3c3d-40b9-9140-f971dd7fda47","userLoc":{"longitude":92.88347489081468,"latitude":-1.775072248817807}},{"userUuid":"4041aea7-ae29-46fd-8e65-7d6101b6dd86","userLoc":{"longitude":5.0405223685859255,"latitude":30.49216895752788}},{"userUuid":"935334df-e2ff-45a0-8e01-2a178379c7bd","userLoc":{"longitude":-152.07847629258123,"latitude":-40.16493233213145}},{"userUuid":"400fbab9-60af-4634-a297-a12046fb2258","userLoc":{"longitude":-146.58545572337894,"latitude":59.66376539195224}},{"userUuid":"6bf311cf-e181-41e5-b28f-8456d7e4e2b3","userLoc":{"longitude":33.20196789430818,"latitude":61.50667185016218}},{"userUuid":"92dab092-28b0-4f78-8d26-53a49ae2b401","userLoc":{"longitude":163.1965355143737,"latitude":60.255120153992465}},{"userUuid":"17fbaf70-13c4-4a1b-8f3a-f21ddf305b3e","userLoc":{"longitude":-28.484134656508417,"latitude":56.32375583298588}},{"userUuid":"0072ed14-1c48-4cd9-9533-887cb7541558","userLoc":{"longitude":49.917433501280584,"latitude":80.25571906072472}},{"userUuid":"da57da12-687b-4b2e-85b8-b90e4ef8d8eb","userLoc":{"longitude":127.17611816909783,"latitude":66.75572097293244}},{"userUuid":"5183a3a8-f046-4978-a2a8-2c327385a3f0","userLoc":{"longitude":40.72764087527648,"latitude":56.6849216777529}},{"userUuid":"3510d946-428e-48e0-a667-ca8e2ffba923","userLoc":{"longitude":121.85265819579962,"latitude":-28.75058554545008}},{"userUuid":"3555c0ea-4924-4ebb-ad8c-4bba0706bbd3","userLoc":{"longitude":-85.77074467532358,"latitude":-54.0629119843298}},{"userUuid":"cee9dad8-1f0e-470b-9def-0da6aa5e32ce","userLoc":{"longitude":-174.51028982058585,"latitude":69.88348814941347}},{"userUuid":"f16707c8-1d51-4772-a443-a60a0fcc04bf","userLoc":{"longitude":-173.96285460840465,"latitude":30.138355293500453}},{"userUuid":"0f145974-62ea-486b-a5bd-a53770aafe33","userLoc":{"longitude":-49.54010530602511,"latitude":-26.357725792050935}},{"userUuid":"b734c83b-6e65-4f46-95bd-12d524123a51","userLoc":{"longitude":-2.7505521290724175,"latitude":-5.913152073511071}},{"userUuid":"193bab88-045a-45ea-bab7-547741240963","userLoc":{"longitude":118.33404976661348,"latitude":-28.075485066731595}},{"userUuid":"ef2c0363-e39b-484d-8c21-cb050c5b26c7","userLoc":{"longitude":-115.12997799099455,"latitude":77.30299860555061}},{"userUuid":"dd4c85ee-22cf-4419-9c8c-adf784a91e1c","userLoc":{"longitude":104.21408757021186,"latitude":-49.761499816190764}},{"userUuid":"21b5d120-9c60-4ed0-9faa-c27b204b8ff1","userLoc":{"longitude":48.69074381294246,"latitude":-69.14699819510503}},{"userUuid":"b3117a6e-b65e-4675-9a7e-a1495d15b2a1","userLoc":{"longitude":-22.207691307120427,"latitude":12.089727928380498}},{"userUuid":"65eb9dc3-c3be-4685-8dd7-99d00eea0afe","userLoc":{"longitude":-41.92085465408056,"latitude":62.30712124168912}},{"userUuid":"31bc037c-8eef-4645-8aaa-1a91911fb82a","userLoc":{"longitude":-15.445115216582792,"latitude":64.87425073548894}},{"userUuid":"86690fd5-fdc3-456f-8479-31e17a2a4698","userLoc":{"longitude":-67.77674260812188,"latitude":-12.719305742637573}},{"userUuid":"b456b92e-9ff8-4b9a-9045-8a37023aa9d4","userLoc":{"longitude":-4.808045555191768,"latitude":-29.647955962037607}},{"userUuid":"4d8c1556-4cea-43fd-8e18-014172c709db","userLoc":{"longitude":109.63064767319071,"latitude":47.83660930924674}},{"userUuid":"19f753f6-bdf5-4c7a-8a52-f0bf4f4e27bc","userLoc":{"longitude":-49.4384264856518,"latitude":-75.7364721788987}},{"userUuid":"28171fb5-38fe-462a-81da-48c25efdda15","userLoc":{"longitude":-65.50893727241694,"latitude":-71.40528196603547}},{"userUuid":"faaa484c-d9fd-49da-aac9-5674b6e73f12","userLoc":{"longitude":-77.64086751844205,"latitude":49.045894366915206}},{"userUuid":"5f4668b9-621f-48e9-9751-b35ab61564c0","userLoc":{"longitude":-13.045606895423418,"latitude":83.41594879952504}},{"userUuid":"ce125167-c9d3-4fcf-8b40-9c567ccb4c1d","userLoc":{"longitude":-27.661793187594924,"latitude":6.242787458535531}},{"userUuid":"76f78e81-2ce9-4cba-80bf-b418b7e69cae","userLoc":{"longitude":111.71571650760751,"latitude":9.258163819806299}},{"userUuid":"b37a7a1f-1756-4e1b-84b0-397d1f0da5f2","userLoc":{"longitude":-63.14604365748261,"latitude":4.604304948922959}},{"userUuid":"13705d58-b976-473f-a277-46a9fd1af117","userLoc":{"longitude":178.2986320161085,"latitude":42.056351946625625}},{"userUuid":"9cf4cec7-9663-4ec8-b145-74ac7d35aef2","userLoc":{"longitude":-77.06287618371239,"latitude":16.437952416709976}},{"userUuid":"1c36d3c5-94e7-4694-975e-7f6702e5b0c0","userLoc":{"longitude":-82.46476628345792,"latitude":-53.24053606173446}},{"userUuid":"a098331d-f794-4689-b5ec-ff4e35bfe473","userLoc":{"longitude":119.37558630998194,"latitude":-73.58537915021378}},{"userUuid":"a186c437-a9e7-4f03-8203-56b2304221ca","userLoc":{"longitude":-170.33636341727768,"latitude":-30.691955323694735}},{"userUuid":"56f6bd48-3c4c-4341-a26e-0d58b6689563","userLoc":{"longitude":64.36149310425333,"latitude":0.18546500247968822}},{"userUuid":"bb6b1283-7abd-4b7d-b03d-333cb2f1f245","userLoc":{"longitude":-115.07782916685328,"latitude":61.31252261569742}},{"userUuid":"395a93dc-aca3-4ccc-b41a-1bacb41977d4","userLoc":{"longitude":73.8338489815039,"latitude":-33.40847370020481}},{"userUuid":"35f40918-7d96-4b61-9b5c-4f890a8f5875","userLoc":{"longitude":-66.48612569377674,"latitude":3.711712408901647}},{"userUuid":"cc77bde7-263f-4dc8-954e-793ca7dcca2e","userLoc":{"longitude":-155.92812763604618,"latitude":36.53030455206752}},{"userUuid":"18bccb2e-d9a7-4b46-a239-9d6628a8d6e4","userLoc":{"longitude":-6.747938019655265,"latitude":54.26682317676352}},{"userUuid":"95980add-b26b-443d-afd3-2454f4f919a0","userLoc":{"longitude":162.6116919010018,"latitude":66.29512737813803}},{"userUuid":"5fbe8d83-514c-45a8-9ed1-8f10aa428188","userLoc":{"longitude":79.09893166150539,"latitude":4.774393361864185}},{"userUuid":"8c4ac52f-0724-4283-b679-6ba58f95077e","userLoc":{"longitude":98.54300563158819,"latitude":41.68889412334761}},{"userUuid":"59ada74f-ff5b-400c-9e5c-4dbe3a200e03","userLoc":{"longitude":-45.36966957991501,"latitude":69.81249924418219}},{"userUuid":"19b7c2fe-06eb-41e9-8935-7bfaab24e7b1","userLoc":{"longitude":175.27774020093244,"latitude":52.13415992299201}},{"userUuid":"d0a946f0-d3fc-4bb3-92d6-d7f76ac526eb","userLoc":{"longitude":94.87338673246427,"latitude":-18.461021554705624}},{"userUuid":"abeb46c9-e216-4b33-841a-614c5a98248f","userLoc":{"longitude":-133.73759092567883,"latitude":0.7366340370005986}},{"userUuid":"69d801fa-e03a-4482-a9b4-45c2f38675bd","userLoc":{"longitude":7.304808332984152,"latitude":0.3002229980593114}},{"userUuid":"534b3267-3d95-42c3-ad39-adf711806659","userLoc":{"longitude":-165.6911502255622,"latitude":65.19203122068356}},{"userUuid":"7853bd5d-9f18-4b68-9cff-b1cd6c329381","userLoc":{"longitude":-135.88334404343044,"latitude":6.0460983198316285}},{"userUuid":"b2dcf5fa-bcab-4ba6-ad09-d4b19d43873d","userLoc":{"longitude":177.50534590175147,"latitude":-74.17188499946855}},{"userUuid":"e151d8d2-95ad-47d3-954a-3f6372dd2575","userLoc":{"longitude":-45.82278012670176,"latitude":-4.975642048109449}},{"userUuid":"9779c9d1-a4f1-4697-9b2d-d73f182f0988","userLoc":{"longitude":-82.46476268718855,"latitude":7.164828997470025}},{"userUuid":"a71290e5-3a9c-4e20-b787-4c1a7f494c85","userLoc":{"longitude":62.42802089111004,"latitude":79.29576522633735}},{"userUuid":"9fcf6a87-1583-4fed-88a4-881c612a8b2c","userLoc":{"longitude":97.17027095687774,"latitude":-27.628467351500248}},{"userUuid":"f29d9bde-88b7-46ef-82c2-6d4cb170d823","userLoc":{"longitude":-115.61750233044197,"latitude":29.129949939261877}},{"userUuid":"324d3c0a-4954-473e-b0d4-1b79674e96d5","userLoc":{"longitude":105.54303912063745,"latitude":73.798290296164}},{"userUuid":"71f796d2-e313-44a4-b83a-f1b2acabf616","userLoc":{"longitude":19.70812057704532,"latitude":-45.11174416005757}},{"userUuid":"0cd43539-b18c-4fe1-b751-61c38976c7a5","userLoc":{"longitude":105.7511662137552,"latitude":54.36734673249026}},{"userUuid":"78a96df6-4458-45d8-9563-7f72471366f8","userLoc":{"longitude":42.24147834720719,"latitude":-3.5374765451431642}},{"userUuid":"65b4fd81-4e06-4324-8c80-606ca7de3e9c","userLoc":{"longitude":102.2694128554125,"latitude":15.56373635068212}},{"userUuid":"26b18cde-aba3-4d57-9274-29767fce6f54","userLoc":{"longitude":-4.269645218191101,"latitude":-51.19716185006419}},{"userUuid":"842ffe78-f168-40cd-960c-eb66cece6321","userLoc":{"longitude":-92.40666010440891,"latitude":32.93436965298325}},{"userUuid":"65ac3f8e-5e99-4c9b-b507-d2048fc841e6","userLoc":{"longitude":-177.59777556697657,"latitude":26.052835933798818}},{"userUuid":"db585215-817f-40de-aa9b-814e8dfdc497","userLoc":{"longitude":-10.628542449723255,"latitude":70.13386316483283}},{"userUuid":"c3f15bc3-fc0d-4c18-90f7-3f0113fffee7","userLoc":{"longitude":-92.50744998451265,"latitude":-51.12793334451613}},{"userUuid":"f2fe4d70-197e-46b3-b130-2736fa58f1a2","userLoc":{"longitude":50.15009982339856,"latitude":21.699822877302665}},{"userUuid":"04be9314-2cfe-40d3-a063-d76cce5aea54","userLoc":{"longitude":-85.98278512671358,"latitude":69.23671473656003}},{"userUuid":"7eeccd5c-a352-4f2d-892b-7fb55a0d6f25","userLoc":{"longitude":114.61993493314958,"latitude":-83.79713417030558}},{"userUuid":"90d7450d-9e87-4432-a2a7-1defe89ba5ae","userLoc":{"longitude":-79.51917028082157,"latitude":81.92771395702803}},{"userUuid":"418fcd4e-26d0-4398-abc5-c246c09cd318","userLoc":{"longitude":-17.773219326896566,"latitude":-19.815289823597467}},{"userUuid":"b25d039b-20c8-4913-9bef-12340bb4f484","userLoc":{"longitude":80.12577313904961,"latitude":37.52399705908705}},{"userUuid":"6ecbdb39-1770-4327-b996-6ef93452f9ff","userLoc":{"longitude":-57.78606370781378,"latitude":7.611941924007937}},{"userUuid":"66d1d06d-b108-4880-960c-7cd5f90ff497","userLoc":{"longitude":-150.49021417767318,"latitude":-19.315978701324056}},{"userUuid":"049517cc-9ea1-4970-b1ab-35c0677d6a96","userLoc":{"longitude":-83.3027228819051,"latitude":59.435583553919855}},{"userUuid":"a5eca8d9-04ca-4e5a-8fc3-634b7af172ed","userLoc":{"longitude":-59.690404969864204,"latitude":-64.36099376979621}},{"userUuid":"2a0e4227-30e9-45be-bdcc-15a8245fef99","userLoc":{"longitude":-43.21268037059909,"latitude":-23.980391163957655}},{"userUuid":"b953b144-e2a7-4458-946f-98d008192d70","userLoc":{"longitude":-93.1696551991159,"latitude":-31.56822366053337}},{"userUuid":"b00e8c62-1459-45e2-ad90-d82b34ceb6d0","userLoc":{"longitude":26.826824741891187,"latitude":-83.17915717895768}},{"userUuid":"454e8b11-63df-49de-9475-f922bc6dd876","userLoc":{"longitude":27.422795926391956,"latitude":36.168154431251736}},{"userUuid":"aebdfa14-6cba-4903-8bca-d50848349b48","userLoc":{"longitude":174.6492725336036,"latitude":-47.99893918202655}},{"userUuid":"038dfd17-c782-4e30-8dfe-0ba1b8f55eb8","userLoc":{"longitude":-0.26859695233051184,"latitude":-44.72033066197884}},{"userUuid":"aa20c46c-89b8-4b46-97c7-b789c6c17b0c","userLoc":{"longitude":159.13535903472643,"latitude":6.383500413420478}},{"userUuid":"9e9397df-aab8-4c0c-bd22-094b0166265a","userLoc":{"longitude":-11.220923399616538,"latitude":38.588317024450916}},{"userUuid":"fa003088-d207-4692-9d9f-3e02fb102a0a","userLoc":{"longitude":-101.65200797180218,"latitude":-0.505738403407193}},{"userUuid":"f950c0b7-010b-44bb-a7e2-6b0cf9ccded9","userLoc":{"longitude":-42.87967646763323,"latitude":-26.263736987412578}},{"userUuid":"1f05ea69-af73-4248-affb-fbdb0d217105","userLoc":{"longitude":46.47029392424497,"latitude":66.83525585020757}},{"userUuid":"bbd2212a-4427-4c74-95a1-095a81f99a0d","userLoc":{"longitude":-91.17383583300717,"latitude":-67.89998210997582}},{"userUuid":"2de7ea0f-5ca1-4779-b070-10d0d55d4372","userLoc":{"longitude":-129.0706046280895,"latitude":-40.49615826974122}},{"userUuid":"1ccdfc38-7c46-411d-a3d6-160bc3df26c6","userLoc":{"longitude":148.929966055063,"latitude":-68.20417917430464}},{"userUuid":"72866321-6d10-4ab5-9397-204795ec8c4a","userLoc":{"longitude":-30.44457094295629,"latitude":49.84360270313749}},{"userUuid":"b1958903-cecd-4743-8409-49ad57a61e5b","userLoc":{"longitude":-132.4043740566143,"latitude":-18.46613035155086}},{"userUuid":"dd3afbf0-c335-4014-8e17-bd6e29685a2d","userLoc":{"longitude":-103.44819846767582,"latitude":-63.24280446181011}},{"userUuid":"5bc428b0-7302-4fe2-9f67-407e014fcb8c","userLoc":{"longitude":33.99080608348254,"latitude":55.23997920794895}},{"userUuid":"9edb5ced-eacf-447e-b5aa-c7b172ffd519","userLoc":{"longitude":22.558398634628475,"latitude":23.824434411433487}},{"userUuid":"268c670c-1657-43ac-b0b9-3ac146b921c8","userLoc":{"longitude":-152.12920960506753,"latitude":63.95763939357326}},{"userUuid":"8b2182b0-6ae6-4b7d-9f54-bacba0ec0aa3","userLoc":{"longitude":142.18889893326963,"latitude":-5.240205886981059}},{"userUuid":"3c1ee59b-c332-4b2c-b829-17033e7994ff","userLoc":{"longitude":8.500817405941262,"latitude":81.50896680412873}},{"userUuid":"56a5d208-6482-4ea3-a409-71fbf0fe51a3","userLoc":{"longitude":0.6796680322540567,"latitude":11.44687506154358}},{"userUuid":"61304443-cf21-409c-96e9-9a58b5f4fa38","userLoc":{"longitude":51.521443162234874,"latitude":-4.445184277768334}},{"userUuid":"3701d52b-7033-4079-8a22-e783352dc17a","userLoc":{"longitude":48.47976811830304,"latitude":-30.048168570449583}},{"userUuid":"1ac3dc0a-8562-41be-a7d9-69ea98aa8065","userLoc":{"longitude":-15.681132290466763,"latitude":-51.937842171451436}},{"userUuid":"78653571-4e7e-49a3-8f88-abe396bf1be8","userLoc":{"longitude":151.94915352930883,"latitude":24.094214250663413}},{"userUuid":"434d8523-311e-4f11-8ae9-46dbe057cc86","userLoc":{"longitude":137.9873713438974,"latitude":21.142340836829703}},{"userUuid":"115b6338-ca07-4bf5-8c3d-f384f4a8373d","userLoc":{"longitude":169.6475439748026,"latitude":-50.10099443298734}},{"userUuid":"7659cfa3-af29-405f-bf48-58b9d32d9f79","userLoc":{"longitude":-50.33762834510961,"latitude":-33.26260115265815}},{"userUuid":"75c5c0b7-a85a-4b5a-a24c-a58e2aea0de4","userLoc":{"longitude":131.3959860540818,"latitude":55.0298701391695}},{"userUuid":"a7f32a05-c12f-4507-8868-079dd78aff8d","userLoc":{"longitude":33.17354725976148,"latitude":25.162007950897063}},{"userUuid":"90b815ec-84f8-4a5a-82f7-1bdc6e493560","userLoc":{"longitude":171.62194869392437,"latitude":-68.49689121569378}},{"userUuid":"187e3f7b-fdae-4ba2-a72f-01bf20cb9364","userLoc":{"longitude":134.01367460457374,"latitude":-24.653114047546445}},{"userUuid":"7e3d22d6-ae62-4045-8561-6ebce838127a","userLoc":{"longitude":-91.01910157711724,"latitude":-33.8041138749779}},{"userUuid":"d01f17e6-dc3b-4fdd-85c2-5ee6dc2e4890","userLoc":{"longitude":-17.341565042765666,"latitude":-1.7575188160417667}},{"userUuid":"ea0e8f52-e2bc-465f-83b6-3e695674b4e2","userLoc":{"longitude":178.77753853503373,"latitude":-18.05076198334288}},{"userUuid":"e31d3fb0-4751-4535-b0de-87791ee0bfe4","userLoc":{"longitude":91.15490581246326,"latitude":64.97900115843004}},{"userUuid":"4d9f1237-bd61-4f43-9730-0f13a015e310","userLoc":{"longitude":178.82213428801538,"latitude":-57.94531469609015}},{"userUuid":"c2cec4b0-e2e3-42fb-acb8-2db470ae109c","userLoc":{"longitude":-26.673665908379547,"latitude":-83.40272506385998}},{"userUuid":"8b88ed88-d581-465b-828d-af58965a588f","userLoc":{"longitude":10.477057379761106,"latitude":-83.51037992756008}},{"userUuid":"7f62ad2c-0de0-45f0-bd65-22abde008268","userLoc":{"longitude":-140.91673074283682,"latitude":28.741970020259174}},{"userUuid":"20346e68-6ec3-476b-a2a0-9b0ffeac1191","userLoc":{"longitude":-138.3558273720816,"latitude":-4.836805921755314}},{"userUuid":"c027567d-93b9-45d5-922f-48eef88afacc","userLoc":{"longitude":125.96874812584588,"latitude":25.64352079860484}},{"userUuid":"f16cda28-c2cc-4e13-abca-07820f0a36fa","userLoc":{"longitude":142.89316592303618,"latitude":-22.501134370181205}},{"userUuid":"a6c74986-7d16-4ac1-a939-1d1c812ddb0b","userLoc":{"longitude":176.05483354627904,"latitude":-47.75782212178978}},{"userUuid":"6e7b69f1-caf4-4dd1-8878-910f2659d1e2","userLoc":{"longitude":127.5108804408253,"latitude":17.333155773950608}},{"userUuid":"302f15a0-7f6e-4ad9-bbfe-1c105863bc9a","userLoc":{"longitude":-132.11791655718798,"latitude":45.2135609254334}},{"userUuid":"b3ca0edc-dd31-4d66-9682-c338ec3f0394","userLoc":{"longitude":-150.6986754847399,"latitude":-12.112643026709065}},{"userUuid":"0ff42896-f5e7-4d2a-be83-9048a31b4705","userLoc":{"longitude":-132.57825189266003,"latitude":25.06084585084035}},{"userUuid":"5be3725f-e78a-423f-b8f9-f023d22f1336","userLoc":{"longitude":-106.157536525495,"latitude":22.919890897745304}},{"userUuid":"dd227b20-0ad7-422d-b492-13360da975de","userLoc":{"longitude":-105.30601915627068,"latitude":80.2595290603033}},{"userUuid":"24830182-f9ea-489d-8f75-2851247e18e0","userLoc":{"longitude":105.0605919920178,"latitude":-75.39757896432437}},{"userUuid":"38c8b164-cc29-444e-a218-beca50a808b6","userLoc":{"longitude":-67.10538069061545,"latitude":-32.70988611604101}},{"userUuid":"5a80073e-6d90-456d-9ffc-c12540313a2b","userLoc":{"longitude":113.5670835631903,"latitude":-26.041295925490296}},{"userUuid":"19ca66d1-6a4b-46e0-ae7d-54b0a6aa3eeb","userLoc":{"longitude":-133.8258676957052,"latitude":-1.3256210056434412}},{"userUuid":"1d0a89de-e22a-4c81-bf9f-b50ad848508e","userLoc":{"longitude":-51.430853960177814,"latitude":15.419000158205876}},{"userUuid":"b38a9296-7add-43e0-b98c-b61c2eb03204","userLoc":{"longitude":80.55678418001366,"latitude":78.42074184035224}},{"userUuid":"4c423eff-b84a-401a-9be6-354b6ee06070","userLoc":{"longitude":81.15801587757772,"latitude":-46.47628715945806}},{"userUuid":"5cfef1f3-4f3b-4a37-bcd2-293d25a0af39","userLoc":{"longitude":-157.10432543374108,"latitude":71.31313350212218}},{"userUuid":"efd47f7a-658d-4bf2-9bc6-bbe0227f0e58","userLoc":{"longitude":22.849656253140665,"latitude":28.629763407229305}},{"userUuid":"9595026c-2972-4190-9113-42627fe19130","userLoc":{"longitude":-96.0058364653809,"latitude":-41.65508093936278}},{"userUuid":"baa182d2-451e-4cfe-84d4-63d25697d6bf","userLoc":{"longitude":12.478751126347419,"latitude":-9.844239078601262}},{"userUuid":"d1c0a4e4-7d90-4cb5-a9b7-5e824420ec3c","userLoc":{"longitude":72.59558810915138,"latitude":-9.62782316309098}},{"userUuid":"1580b6a7-3c45-4d9c-8f57-f2ac9e3f9fc7","userLoc":{"longitude":48.20343482352715,"latitude":35.94306784606394}},{"userUuid":"6761337f-abec-4e88-95c7-4908de30ad8b","userLoc":{"longitude":-10.99681373174181,"latitude":68.32936748370679}},{"userUuid":"850968de-ccf0-41fb-868d-158ad1d31a05","userLoc":{"longitude":84.1942974289758,"latitude":15.066784339735975}},{"userUuid":"1255417c-85c0-4278-b084-a0906ca3311f","userLoc":{"longitude":-119.10643303742998,"latitude":71.15350820943186}},{"userUuid":"036bd125-df3b-46a8-be7b-9d0030920b71","userLoc":{"longitude":10.037738793117796,"latitude":-39.860771814584545}},{"userUuid":"ac574b83-5d0b-4dbc-a027-1c56325efbbf","userLoc":{"longitude":-53.84974335450029,"latitude":0.059179159696597594}},{"userUuid":"5b2652df-3df3-41f6-8b22-991e943f2e13","userLoc":{"longitude":-144.25895384651264,"latitude":12.944416090328573}},{"userUuid":"46491723-7db0-4b39-8aef-4b45a5f72d3f","userLoc":{"longitude":-78.81138093784686,"latitude":-72.2815342126458}},{"userUuid":"5e74781d-7e40-4dbf-aa45-8ce6679deba4","userLoc":{"longitude":-56.078645083771875,"latitude":84.57128414137097}},{"userUuid":"a28c31c7-17e9-4cbd-a1d0-2265f6951ba6","userLoc":{"longitude":115.7615837394435,"latitude":-21.811590773614164}},{"userUuid":"a0bfb78b-0c07-46cd-b78e-75805712f0d2","userLoc":{"longitude":-67.71213454893399,"latitude":-66.62263277463373}},{"userUuid":"72a81dda-b78f-4b7f-8eb5-3543a1e72a2e","userLoc":{"longitude":140.26188791671774,"latitude":68.31322727951576}},{"userUuid":"f55b3b72-2c4c-4ba8-880e-5e9ce3e91e71","userLoc":{"longitude":-166.1339018465498,"latitude":-40.804827519145775}},{"userUuid":"f1ece50a-0441-4ecd-9b42-576118dbff54","userLoc":{"longitude":98.65718809679197,"latitude":-27.60869775991373}},{"userUuid":"e4644892-c481-4916-aa91-7bcc6f6fe449","userLoc":{"longitude":76.35349353993678,"latitude":-59.89636507402659}},{"userUuid":"1b73271b-b29b-4bac-814c-cf0b981335ad","userLoc":{"longitude":-27.7933832326824,"latitude":-48.85060722653199}},{"userUuid":"ddd18e88-2fd5-4728-b7ca-572a1c72bf56","userLoc":{"longitude":165.36040726817754,"latitude":-11.808950562999271}},{"userUuid":"fee51c97-f04a-4a98-a311-56c8386d0187","userLoc":{"longitude":49.247079663916224,"latitude":-3.3956413955329054}},{"userUuid":"c91f2c89-c9f2-4152-afb8-29740c9bcebe","userLoc":{"longitude":-110.4382036141166,"latitude":53.68452981707489}},{"userUuid":"1a434af5-09e0-4982-8247-fd6927264bd3","userLoc":{"longitude":-129.4356050941238,"latitude":10.988811404136115}},{"userUuid":"6a2b7472-d04d-4077-b0a6-5cc484d5a87b","userLoc":{"longitude":87.82563524251918,"latitude":68.08122098914654}},{"userUuid":"466c901f-e5d6-4973-b94e-17c5f2907960","userLoc":{"longitude":-84.08961813262412,"latitude":-53.773526613731676}},{"userUuid":"e0c1a4f4-eafd-4e42-8c29-a53511dd4b4f","userLoc":{"longitude":-108.78009881290227,"latitude":-65.12180166230826}},{"userUuid":"82a7feaa-d124-49d4-8319-ce73109b3ed6","userLoc":{"longitude":79.36474451028317,"latitude":41.328800176896806}},{"userUuid":"8763ff73-c112-43b4-8ff8-f78032a79892","userLoc":{"longitude":139.1351139000596,"latitude":-69.9966024306628}},{"userUuid":"691255da-21bb-438f-8b4e-752dd767662c","userLoc":{"longitude":-31.524919581035533,"latitude":-52.31804737824685}},{"userUuid":"3a28f7dd-84cf-4831-b19d-83a1615303a2","userLoc":{"longitude":-162.10235249546292,"latitude":79.4969194644872}},{"userUuid":"dbd74e27-d8cd-4953-b7fc-ff9f9f2631cb","userLoc":{"longitude":146.56401013082592,"latitude":82.65548587153683}},{"userUuid":"99ba6db3-f560-45b0-bba8-99a2ab687bcb","userLoc":{"longitude":-4.038659645323804,"latitude":-0.5307624236887278}},{"userUuid":"fef3bea4-9b38-4001-8929-77d93ffbfa2d","userLoc":{"longitude":-177.9787482976071,"latitude":-19.772839505942372}},{"userUuid":"794d7a02-63cd-4bfd-a2b5-5e477183fba9","userLoc":{"longitude":60.93025258344068,"latitude":60.435349033392924}},{"userUuid":"f4de9046-5289-42b6-b362-b83aeac5ffcb","userLoc":{"longitude":-117.01692421640226,"latitude":10.05033743643176}},{"userUuid":"909cb8f1-6bcc-4ebd-9843-74914db387d3","userLoc":{"longitude":159.62789285557557,"latitude":50.67304915264867}},{"userUuid":"9984a49d-f80a-40aa-b313-35b3f955bd62","userLoc":{"longitude":-176.83251570019235,"latitude":3.225490855405198}},{"userUuid":"3b1df116-2b95-4648-b4f2-4445c86f9e16","userLoc":{"longitude":62.80225102967421,"latitude":34.239934336341776}},{"userUuid":"8497a1a1-0dc3-48cf-9843-1c9185a2a363","userLoc":{"longitude":-9.761954691837389,"latitude":80.79257229081068}},{"userUuid":"cfa59cde-0633-496b-8e95-f483826dada5","userLoc":{"longitude":134.1702630102568,"latitude":27.87606080700715}},{"userUuid":"e9d8b68d-238f-43df-86cf-65e53c0a2b50","userLoc":{"longitude":-83.24885200835332,"latitude":-5.807588870189221}},{"userUuid":"d85cf399-f68b-4655-99c1-414450648c5c","userLoc":{"longitude":-46.729900175696685,"latitude":5.225975948223933}},{"userUuid":"69f6b79e-31c6-4570-877a-dd12392ed7ae","userLoc":{"longitude":-102.83222672440925,"latitude":10.292821511028109}},{"userUuid":"30a22179-2cb4-471f-8fdf-488bd069bf10","userLoc":{"longitude":68.3366679392492,"latitude":36.42584275660083}},{"userUuid":"579681cc-ed3e-4019-acb6-40bea6f6b94b","userLoc":{"longitude":75.59637162650128,"latitude":71.38831447962062}},{"userUuid":"99120616-6b9e-4f14-8a1b-aa4b86da77a8","userLoc":{"longitude":60.16117140196755,"latitude":-76.69564229765871}},{"userUuid":"5cbe420f-f60e-4fb3-be82-4c220604e837","userLoc":{"longitude":-39.28213104202581,"latitude":43.0070367919549}},{"userUuid":"7658ad3a-130e-4785-845f-033ed0324a16","userLoc":{"longitude":19.677508678153885,"latitude":-49.85401851709503}},{"userUuid":"a75cb15e-53e5-451c-83f7-e04f593cb694","userLoc":{"longitude":-155.455906198231,"latitude":16.60708799616853}},{"userUuid":"8b38a276-c4d5-4b94-a836-d2d348c30d24","userLoc":{"longitude":28.360175759422788,"latitude":-28.087307895225265}},{"userUuid":"2b1d1e50-7d09-4527-ae6c-f679536bbdf4","userLoc":{"longitude":-173.25598978492715,"latitude":0.11709760636499311}},{"userUuid":"4355fd9a-7022-44a0-ba3c-dede1b808a7b","userLoc":{"longitude":89.63839106206245,"latitude":29.911425511108718}},{"userUuid":"2f683c4a-be59-404d-b43f-8fb7aef99491","userLoc":{"longitude":165.4798213757465,"latitude":-68.2934793199241}},{"userUuid":"c6330775-6aa0-40fa-9318-445adf20a4ba","userLoc":{"longitude":30.725199879967136,"latitude":-77.73717586193851}},{"userUuid":"1d48f4e6-647f-4cd0-a34b-0c4390431b2c","userLoc":{"longitude":72.30769771553176,"latitude":37.62991785471375}},{"userUuid":"9c8e854c-f261-4399-a42f-669e8a2e29da","userLoc":{"longitude":-40.935959371245104,"latitude":54.19021695261034}},{"userUuid":"f16b6312-407f-466e-9cbe-667abb032af7","userLoc":{"longitude":-79.13157043370889,"latitude":74.37665006004701}},{"userUuid":"0b822df9-da9f-4a91-a0d5-486563a321f1","userLoc":{"longitude":-26.10641012624268,"latitude":69.86987032083121}},{"userUuid":"7b7c5aed-154a-43a7-a029-07c53f10064c","userLoc":{"longitude":108.61324428595589,"latitude":79.466595059881}},{"userUuid":"f8e4578c-778a-4d90-94dc-116b2b3a372c","userLoc":{"longitude":151.79575110906092,"latitude":-66.15752076501505}},{"userUuid":"352fb902-ff4f-41ab-9716-d972d6f0b7a6","userLoc":{"longitude":151.73537020000612,"latitude":66.3813300136668}},{"userUuid":"5edc0660-7f65-471f-a64b-2e06af93c481","userLoc":{"longitude":-22.540672282763808,"latitude":1.2919354418197742}},{"userUuid":"84725957-8a6c-45d1-bb92-31f92b7adc25","userLoc":{"longitude":57.08523615713432,"latitude":-83.86867135318704}},{"userUuid":"619bdeda-6830-4a4f-a541-8fb18b7874dd","userLoc":{"longitude":-116.74329577804475,"latitude":-10.76970386452848}},{"userUuid":"340bf668-62c5-42ad-ad3c-fa6d2cd5c74b","userLoc":{"longitude":80.96550125151765,"latitude":-10.883039405054589}},{"userUuid":"ff0fd6b1-fa9e-4c7b-8e01-722fe215ff74","userLoc":{"longitude":80.53055754238613,"latitude":-6.742134360076378}},{"userUuid":"14349256-43d2-4f4c-9ddf-17aadb06a38a","userLoc":{"longitude":-101.08165177380681,"latitude":51.46833673362892}},{"userUuid":"c69fd48d-2ca4-4115-9401-8b4f17d4d8ea","userLoc":{"longitude":-44.07347919643996,"latitude":-83.49291896127964}},{"userUuid":"b88f50ba-30dd-495e-9ac6-040df24235d1","userLoc":{"longitude":-49.01792391066812,"latitude":44.142535271585274}},{"userUuid":"d5b91acc-6654-4abd-921d-3ff686112f7b","userLoc":{"longitude":-86.38978005054153,"latitude":15.007686522493358}},{"userUuid":"4aa78040-d851-455a-93bc-9d3bf9c45467","userLoc":{"longitude":-6.000055385386787,"latitude":45.152440154289025}},{"userUuid":"52bf2e2f-d507-4dcf-8615-bbb766935caa","userLoc":{"longitude":-144.39722016776514,"latitude":-37.719727175245204}},{"userUuid":"de2d14bf-7ecc-4ff3-b8ac-617eec297e5d","userLoc":{"longitude":60.07809842890052,"latitude":-52.293488095182376}},{"userUuid":"8e00a6ab-3a95-48cf-bd6c-711462456743","userLoc":{"longitude":18.937666491846784,"latitude":27.260835982596916}},{"userUuid":"1c0950ce-8d1b-4267-962a-53013467873c","userLoc":{"longitude":-87.596510709926,"latitude":-6.577256107559393}},{"userUuid":"eeb158d0-872f-4121-afaa-9da25c07dc73","userLoc":{"longitude":-118.31294094906245,"latitude":75.52891992964447}},{"userUuid":"91164427-966c-4f43-99e1-466dca55f6fd","userLoc":{"longitude":-20.333635247439673,"latitude":44.65760553196685}},{"userUuid":"c5eefc8e-b10b-4d03-825d-95778caf2b0d","userLoc":{"longitude":58.899455945247325,"latitude":-25.205823538962335}},{"userUuid":"8bc181e9-8722-41d0-8449-74cf85ed0351","userLoc":{"longitude":137.85993972775725,"latitude":-50.2205890984699}},{"userUuid":"2375da01-e949-4b02-84e5-81424cda8073","userLoc":{"longitude":-52.034874776936405,"latitude":-5.354401546364926}},{"userUuid":"4dfb8bac-2121-4e2d-818b-4bdb09244af2","userLoc":{"longitude":170.8888266041351,"latitude":-14.276842109736819}},{"userUuid":"8d97cad6-5ae0-4561-8084-0dd4923c07dc","userLoc":{"longitude":152.97281234450065,"latitude":23.45791710261301}},{"userUuid":"f0b8ea8e-2435-4678-8e88-7b12ed929b6b","userLoc":{"longitude":-130.55023611000826,"latitude":-66.08761656902617}},{"userUuid":"0eeb19b9-fa8d-4803-872a-bf8ca73ae4f8","userLoc":{"longitude":-112.68097581111158,"latitude":-75.05085380402105}},{"userUuid":"cf19a060-c75b-45b0-976b-c66353a3415e","userLoc":{"longitude":-73.82610120971904,"latitude":-61.94277208474013}},{"userUuid":"f1e364be-4004-4adf-a106-da07a98cf0b8","userLoc":{"longitude":35.89030467861724,"latitude":47.451817763543545}},{"userUuid":"d4a4afee-eddb-4d70-b54e-dbade9ba456b","userLoc":{"longitude":32.723773807678015,"latitude":53.4994687901189}},{"userUuid":"7ab0d9fc-62ce-4f65-882c-64dafa9c811d","userLoc":{"longitude":133.51937209747712,"latitude":82.13530520702423}},{"userUuid":"112504d8-716a-45fc-8b29-5f9f89ac60dc","userLoc":{"longitude":121.34071291917036,"latitude":-14.008133142668697}},{"userUuid":"757c7d7b-a660-4b25-b0e9-32e62c5f6628","userLoc":{"longitude":70.03551720603534,"latitude":48.34780264026756}},{"userUuid":"90f4ac7b-040c-4535-9e14-d3f53b45d6a4","userLoc":{"longitude":-53.72043934613649,"latitude":-51.405028625178666}},{"userUuid":"c3df16ce-f581-4859-b67e-e3ffbea5f4c2","userLoc":{"longitude":-111.4554657152027,"latitude":35.10794988707633}},{"userUuid":"37b9a5ff-2df4-4d5c-9ebf-af5cefafa925","userLoc":{"longitude":-80.01125062708583,"latitude":72.87673409935672}},{"userUuid":"9ac73898-7e46-465c-9a2f-fafc7a2f2652","userLoc":{"longitude":-145.72209404864088,"latitude":-0.4568383387284598}},{"userUuid":"de0461b1-0cba-41f8-a062-8d093d3520db","userLoc":{"longitude":173.95228204847734,"latitude":44.36607399957151}},{"userUuid":"f34b5163-48d2-4eb0-85d0-c67575e2d81b","userLoc":{"longitude":177.8191193459155,"latitude":-65.96836028072359}},{"userUuid":"382686ce-1f75-418d-9e04-ac2bf0b58418","userLoc":{"longitude":155.29352728471832,"latitude":-75.90832787938176}},{"userUuid":"a9522853-0940-4589-a6cf-f4d7ef1334ab","userLoc":{"longitude":-58.82781202754039,"latitude":78.01561659316522}},{"userUuid":"2ab4bab2-8bf5-4960-9f48-6f241a8b1c20","userLoc":{"longitude":114.09137814415914,"latitude":-42.55652106830831}},{"userUuid":"5bb56b31-e10b-4bd0-a591-44ec19b8d3c1","userLoc":{"longitude":-37.50896328722246,"latitude":-49.92046957786299}},{"userUuid":"76f618d3-37f4-4628-9c1e-b55a671cacfa","userLoc":{"longitude":12.473164353618102,"latitude":-31.431429099746367}},{"userUuid":"3b962c6b-34d6-46e1-a16a-bae06c76f85f","userLoc":{"longitude":-63.08747055649188,"latitude":-9.051253029607139}},{"userUuid":"2adc684d-7bb0-4989-86d1-36e290931509","userLoc":{"longitude":-108.47481606186824,"latitude":4.759209079061293}},{"userUuid":"364878d5-6326-47d1-9993-6172f348c184","userLoc":{"longitude":159.20633152917662,"latitude":-59.01856707815723}},{"userUuid":"820a4fd4-baac-44e9-b029-0d7c8fd0eebb","userLoc":{"longitude":30.620675931903378,"latitude":-20.806182418420747}},{"userUuid":"cffd2e78-bbe5-4467-965d-52237e43b768","userLoc":{"longitude":-144.1898721108987,"latitude":56.334270451783425}},{"userUuid":"ea399e9b-f8a6-4792-b2f7-4955dc5df2c6","userLoc":{"longitude":169.21131988708555,"latitude":55.28049363343831}},{"userUuid":"f4be578c-099a-4e49-acde-a10f7bcc9437","userLoc":{"longitude":-80.93053165397882,"latitude":19.49411024876872}},{"userUuid":"d50aba5b-b729-423c-9a41-8bb737feac12","userLoc":{"longitude":103.80380687518766,"latitude":-3.578944360068263}},{"userUuid":"9d06f176-3a84-4fe0-b578-e019f8192466","userLoc":{"longitude":-14.039568985041399,"latitude":-0.9194770322994685}},{"userUuid":"9997b599-8b3f-4c92-a50a-cb1948e91a55","userLoc":{"longitude":-147.65552230856542,"latitude":-2.486568156278011}},{"userUuid":"54aa30a7-0d0e-453f-989e-c46a41fd803f","userLoc":{"longitude":-11.866257106027547,"latitude":-42.384835636052095}},{"userUuid":"21f5edd2-d35a-46df-a909-b4497bc9eec4","userLoc":{"longitude":174.61594622469505,"latitude":26.163792837513526}},{"userUuid":"aed4390e-22a9-4200-8e98-27c6d15d27a9","userLoc":{"longitude":-163.99756744051936,"latitude":-77.22395280115623}},{"userUuid":"70397ab8-b4fc-43fb-b244-ff73fe1c7f08","userLoc":{"longitude":171.13866059780116,"latitude":24.72649701776622}},{"userUuid":"603814ba-73be-48fd-9ac6-f727fbbac8f5","userLoc":{"longitude":-126.54889214826676,"latitude":-53.06953313064453}},{"userUuid":"4c5f201f-55a3-449c-85de-a10f72e872f7","userLoc":{"longitude":-29.78874154536814,"latitude":-70.23888018246545}},{"userUuid":"f11c8828-6bf8-4604-a5bd-ac859a853e11","userLoc":{"longitude":-100.47950109532438,"latitude":64.10045391366887}},{"userUuid":"40dcc930-040f-4d45-883f-ce4cf5b13a97","userLoc":{"longitude":103.12571687509836,"latitude":19.391587211565238}},{"userUuid":"fa77e650-c770-417a-974c-8ae7fced7b91","userLoc":{"longitude":-141.77441072637137,"latitude":-45.08743694726041}},{"userUuid":"fd5c6e4e-67ce-46f4-a109-f7f01903014d","userLoc":{"longitude":177.65905630348055,"latitude":-7.748617318325628}},{"userUuid":"d374703d-ef94-44aa-adb0-b2364f79414a","userLoc":{"longitude":126.31381536787956,"latitude":-19.523086924661456}},{"userUuid":"1aab68d4-87a6-4a84-9fa0-a862135a0bf8","userLoc":{"longitude":-42.00628301824014,"latitude":41.423578638836034}},{"userUuid":"f98f1656-c26b-40b6-a067-4bb87fcad570","userLoc":{"longitude":141.88416749121745,"latitude":-84.27583278779491}},{"userUuid":"f9e2120a-1d03-43e6-ac5d-a9b2b1f8d4cf","userLoc":{"longitude":12.221644561873006,"latitude":2.0553235387775572}},{"userUuid":"1036264c-89cf-498a-adc9-07bc0befe9c3","userLoc":{"longitude":-15.97326971527329,"latitude":-3.125692229194172}},{"userUuid":"ff2aa9e2-2ca2-4af4-894a-0adde79044e6","userLoc":{"longitude":-22.118588115262497,"latitude":-38.19177124013002}},{"userUuid":"61dc3e9e-7500-4331-9484-df7d15f518a8","userLoc":{"longitude":-146.17005063178505,"latitude":38.18379332747719}},{"userUuid":"33a1eba9-6aaa-4f27-bf32-c7c0d231582f","userLoc":{"longitude":63.135744126400425,"latitude":83.7629536405122}},{"userUuid":"25b380d2-ac04-499c-a46d-cec986942fad","userLoc":{"longitude":24.59732820152442,"latitude":63.81917749420066}},{"userUuid":"96db9454-1990-420d-ae31-09a19c93817c","userLoc":{"longitude":153.21112869839817,"latitude":59.092530296504435}},{"userUuid":"5038d150-ea4e-41cb-8922-7f8dd31cfe47","userLoc":{"longitude":-102.63428121507467,"latitude":46.57810683807574}},{"userUuid":"12c10492-de61-4059-8169-6e06eb34a455","userLoc":{"longitude":-23.74666281057742,"latitude":73.34515432951545}},{"userUuid":"eafd8121-8153-4c0d-be60-02ba781b3a2e","userLoc":{"longitude":-48.98642790142523,"latitude":-6.065947027071786}},{"userUuid":"f9d62e3d-ac43-4570-8f31-7f1a8d2cdfb1","userLoc":{"longitude":76.88525680378655,"latitude":-14.333903288514449}},{"userUuid":"a113cf4a-9dab-43a7-b7ad-ad1cc505b2f5","userLoc":{"longitude":67.78158365553315,"latitude":-37.877631967182076}},{"userUuid":"d904b99f-80ac-493a-9065-572f3f87c78d","userLoc":{"longitude":-1.7836658186130592,"latitude":27.842397686599384}},{"userUuid":"e19d788f-a967-414e-b358-452d9e52dd8b","userLoc":{"longitude":-20.69726492111718,"latitude":-42.41618012109233}},{"userUuid":"ca8ef5ee-2631-46bf-90a5-3f03096b67f4","userLoc":{"longitude":-99.99397347354193,"latitude":-27.152182833508427}},{"userUuid":"d8ebd6cc-750e-449d-8dd5-937e7d9fa475","userLoc":{"longitude":-32.69625709922403,"latitude":-56.075720586594166}},{"userUuid":"27b14485-8255-4f73-b12d-79ce36f538f3","userLoc":{"longitude":-49.04583475151563,"latitude":-23.355015659921605}},{"userUuid":"09540c3d-4af7-473b-80a9-55b13779edf7","userLoc":{"longitude":88.49796847027852,"latitude":-18.089712040155362}},{"userUuid":"0a99f6e7-4154-49b4-a33a-1d9e49a65df8","userLoc":{"longitude":4.00258888848353,"latitude":46.2254951326008}},{"userUuid":"a165e1ec-0a3d-43f3-b052-65aad54bc7d9","userLoc":{"longitude":-106.53405514262607,"latitude":39.68798370711593}},{"userUuid":"22f8fc7f-71b7-4675-a20e-cc079f46e2ed","userLoc":{"longitude":-143.24792793433096,"latitude":-64.81926997097958}},{"userUuid":"37327579-8f18-4e6f-a72d-e92fe8b14b51","userLoc":{"longitude":167.00644478338864,"latitude":3.680919036882841}},{"userUuid":"08acc173-8a47-4c08-bd44-30143c9d0dd0","userLoc":{"longitude":167.90673920310996,"latitude":80.47128603338498}},{"userUuid":"df6ca796-d6e4-4e65-9fbd-ec88e1cc20dd","userLoc":{"longitude":0.7656665427655582,"latitude":-20.48600416439419}},{"userUuid":"29879890-8541-43e1-9271-6e43c9d20ac4","userLoc":{"longitude":-116.16270295263755,"latitude":35.102149661264235}},{"userUuid":"6dadc870-79e6-4f9e-ace6-28915671543d","userLoc":{"longitude":-136.4239246504162,"latitude":-70.87081860880294}},{"userUuid":"0f84e7ac-db09-41dd-a502-a9c500f3a061","userLoc":{"longitude":-166.5149153375486,"latitude":62.44488514229309}},{"userUuid":"85ad6c5f-e354-4d0b-b9bf-ae24f4a2752c","userLoc":{"longitude":-124.87942622601943,"latitude":-40.66667580201423}},{"userUuid":"3970c837-893d-4689-8c1b-ca94558742f6","userLoc":{"longitude":-150.14274484369804,"latitude":-35.51022954161637}},{"userUuid":"021f2fef-1957-440a-9aae-7d4eb10e3c4b","userLoc":{"longitude":15.047185438621426,"latitude":-29.656596455975823}},{"userUuid":"a88d032d-b946-4fe2-ad14-dc4c7c631517","userLoc":{"longitude":43.08067621190645,"latitude":46.148014166597136}},{"userUuid":"b2960bf7-4b7f-44e6-a690-4dfafeb40778","userLoc":{"longitude":76.03401058300585,"latitude":38.5884009651398}},{"userUuid":"9590fe22-e50e-4cbb-85de-3fd148a1af1f","userLoc":{"longitude":-160.24551134985182,"latitude":44.32560770351759}},{"userUuid":"b861b818-6db7-4d41-99c8-6101e6557723","userLoc":{"longitude":169.97408966417765,"latitude":-19.310280928233496}},{"userUuid":"e9eecd2f-d94a-4b61-b820-324f0b788066","userLoc":{"longitude":146.9919039790292,"latitude":3.246130038210822}},{"userUuid":"e969be42-b9c8-4c5b-a3cb-20c513b9c5d2","userLoc":{"longitude":-79.50701589862993,"latitude":-14.517790863380469}},{"userUuid":"161c5a98-2bd7-4712-b77b-11e27345fc2d","userLoc":{"longitude":-47.328896288592574,"latitude":-47.797823145079576}},{"userUuid":"d382531f-88ca-48a7-b0c0-881c7c16a5b9","userLoc":{"longitude":135.57623210433024,"latitude":8.629770388806662}},{"userUuid":"968eef2b-8e51-47a3-9bc9-05fb767d31e0","userLoc":{"longitude":-157.9682369301979,"latitude":64.39546231009314}},{"userUuid":"72c2d509-a1bd-45c9-ac84-d426fb2fbf7a","userLoc":{"longitude":-162.04877728570182,"latitude":-28.924521432284962}},{"userUuid":"cf7e65d0-0b2e-4855-9461-4df71292089b","userLoc":{"longitude":-39.06160872932,"latitude":40.35982193097165}},{"userUuid":"df1770dc-3633-4142-a48f-223297f1a022","userLoc":{"longitude":165.2102099206909,"latitude":69.26347573952887}},{"userUuid":"f355c7e4-6d0c-4d32-800a-97bad1931581","userLoc":{"longitude":-101.21717594336798,"latitude":-42.46474468181196}},{"userUuid":"aaded57c-0c41-4c39-b545-c529f53e2628","userLoc":{"longitude":-68.29763864032377,"latitude":-56.1503816188398}},{"userUuid":"b5593a3a-7dab-44c5-9d50-b80bdd247848","userLoc":{"longitude":58.12136953645194,"latitude":12.45174963785081}},{"userUuid":"8ab40933-cd0a-4b86-bd67-693fe4a22683","userLoc":{"longitude":64.09235005277142,"latitude":-12.405676888162972}},{"userUuid":"7111b86b-79b0-4e33-81b5-e16570ea37b8","userLoc":{"longitude":32.03831762438921,"latitude":-74.01677562963684}},{"userUuid":"fc64639e-3ff6-4c86-a675-7ce387fa7864","userLoc":{"longitude":60.6982602604468,"latitude":-67.84749426584202}},{"userUuid":"961a5cb0-87b5-4eac-8246-521edede4873","userLoc":{"longitude":-73.41316380927995,"latitude":-0.5813184242308438}},{"userUuid":"be6c0ec1-6727-40a7-a1a6-f4cc0ba24266","userLoc":{"longitude":-0.17981152769934283,"latitude":42.674298370216036}},{"userUuid":"3d8bb27a-f38d-424a-b6e1-feb82e3c9e4e","userLoc":{"longitude":-172.77021369503524,"latitude":-28.234354146287323}},{"userUuid":"a771d1c8-6d47-4279-a56e-c5e2c043cd35","userLoc":{"longitude":-78.330952207816,"latitude":-34.59891704118238}},{"userUuid":"61b49e9c-bbb0-448d-93a7-dd656be42c3d","userLoc":{"longitude":81.79175418543423,"latitude":-61.21505668243084}},{"userUuid":"d417828a-b121-4bb8-8d3d-34f93bf6e171","userLoc":{"longitude":75.38620975547553,"latitude":47.50110311956604}},{"userUuid":"568f3775-8a71-4c07-8c23-d7943c3bb827","userLoc":{"longitude":90.11435252026035,"latitude":-30.771855602539127}},{"userUuid":"fc70b747-3c71-4887-87d6-79961f40d131","userLoc":{"longitude":-65.28680809346271,"latitude":26.052302646791105}},{"userUuid":"2163e38d-4a8a-4008-9040-211504037b2d","userLoc":{"longitude":-81.447135046586,"latitude":-29.45760419457082}},{"userUuid":"5cd292fa-5cdb-482c-b48a-2921571486ec","userLoc":{"longitude":-50.06475094336369,"latitude":-78.6819944308367}},{"userUuid":"5432f315-7f37-4f08-9528-9a548eae1522","userLoc":{"longitude":45.869406711660844,"latitude":66.17981076172694}},{"userUuid":"d79660e1-7e38-4787-b8d5-88c088e68ce3","userLoc":{"longitude":-127.92151626744554,"latitude":9.461812478234478}},{"userUuid":"eb2a27cc-e94d-4315-b8fc-e4e4ca42de99","userLoc":{"longitude":177.37732124137773,"latitude":18.434784146398087}},{"userUuid":"880670df-7af3-4170-bfc1-e175c229b5fe","userLoc":{"longitude":16.128871806434148,"latitude":65.59477285668538}},{"userUuid":"d9e3c7fd-b3b1-4108-a4fb-8d5f38b813dd","userLoc":{"longitude":-124.86353692881028,"latitude":-75.01163708769963}},{"userUuid":"31894057-b639-436c-948a-9aefd971fb5d","userLoc":{"longitude":-94.2099469626082,"latitude":-20.98976335488058}},{"userUuid":"7b358686-a327-40a1-adc0-8e5f67ae3cdb","userLoc":{"longitude":37.85949712303159,"latitude":-13.561913034735625}},{"userUuid":"4fffa03c-b34e-4795-a987-22fcef2ca98a","userLoc":{"longitude":-7.259782184371744,"latitude":-75.7410308506111}},{"userUuid":"97be705c-b211-41c1-bda1-5945fa29293d","userLoc":{"longitude":-137.01347965997897,"latitude":36.92499252601564}},{"userUuid":"381dce23-9e7f-4b1c-a469-de7e9adae1e0","userLoc":{"longitude":152.1559609591726,"latitude":2.0158803872635076}},{"userUuid":"b27eecb0-b129-4efa-bddd-e6432401b568","userLoc":{"longitude":-11.757317021316197,"latitude":-0.18006037193001134}},{"userUuid":"f3845086-81c9-497f-84a0-4db5f8742700","userLoc":{"longitude":-81.91006273616482,"latitude":-31.540905027310217}},{"userUuid":"ebd96ba2-94e7-41a0-9640-bc533bb8b196","userLoc":{"longitude":-119.25271706871013,"latitude":76.88789332443764}},{"userUuid":"bf486c2f-3c4e-4b6b-be87-dfbf87c79713","userLoc":{"longitude":-85.52479932114936,"latitude":77.19179201184093}},{"userUuid":"a3b7357c-3090-478a-b5b2-bc0b9c2d19c9","userLoc":{"longitude":12.790706053929739,"latitude":48.49255751943008}},{"userUuid":"a7715342-13a4-4535-8764-55d51c577222","userLoc":{"longitude":173.57631402430684,"latitude":53.64651456577093}},{"userUuid":"ff5156d3-84ae-4929-ae48-43f5cb865b24","userLoc":{"longitude":144.66454970977782,"latitude":75.94733316868172}},{"userUuid":"b2c5fcfa-5d3b-4844-ac61-a8a8a2941580","userLoc":{"longitude":26.184246520380782,"latitude":25.919999989979047}},{"userUuid":"cf37691b-a785-4b48-88ca-15bbfb9068b0","userLoc":{"longitude":-29.94496336850375,"latitude":40.19021785955157}},{"userUuid":"38d6d0b0-d2da-4b76-8264-a7d1fef6620d","userLoc":{"longitude":-126.10702046217264,"latitude":-25.20684494895837}},{"userUuid":"a7604c31-8510-4b6e-a7e2-116f585896a2","userLoc":{"longitude":1.1146626733153369,"latitude":-66.6686498054258}},{"userUuid":"01859f18-cd5e-431d-9d0e-58aedcfea755","userLoc":{"longitude":-117.35052592280914,"latitude":44.045186446679395}},{"userUuid":"5e0efbd8-0e08-4ce3-9917-d969386ab2e8","userLoc":{"longitude":160.06479052126474,"latitude":-45.7964428105442}},{"userUuid":"b77ab179-2ecb-46c2-a5c1-03200e083781","userLoc":{"longitude":138.14496209470747,"latitude":29.134124422235445}},{"userUuid":"9b175d54-6f85-4cba-a955-6a22e2143378","userLoc":{"longitude":-175.15289337759614,"latitude":37.621831905412364}},{"userUuid":"4a97d2ca-0348-4b06-93d5-8caa51bc1639","userLoc":{"longitude":-125.67470487848207,"latitude":8.851573660282469}},{"userUuid":"fac06701-0cf8-46e8-8c4b-9d6ec7087ec6","userLoc":{"longitude":161.485511769806,"latitude":-83.7017557428601}},{"userUuid":"b09809f7-b3ae-41cd-be45-ee611eec1c50","userLoc":{"longitude":-34.71856016954354,"latitude":-74.04951777574993}},{"userUuid":"412fc254-92f9-41ad-84c0-0898c09a264c","userLoc":{"longitude":9.27375362759824,"latitude":-78.73794162371414}},{"userUuid":"4210dd9e-2bdb-42b6-a3f7-4f8439718229","userLoc":{"longitude":28.18161312970338,"latitude":-57.34301274486972}},{"userUuid":"f2940c59-cf77-4860-bcfb-88132ca82903","userLoc":{"longitude":43.65348466238282,"latitude":57.977472911036614}},{"userUuid":"f63d8674-e89d-49b1-96ae-89c482d236d0","userLoc":{"longitude":-178.61536136271374,"latitude":-42.96193129625165}},{"userUuid":"64f1749f-da71-4d87-bb8b-864aa88923d5","userLoc":{"longitude":11.945304665378643,"latitude":52.11589217115727}},{"userUuid":"f3782ea4-fcab-4e30-91fb-9dd8fe00247b","userLoc":{"longitude":27.995463423117144,"latitude":66.45048088410411}},{"userUuid":"33230809-6925-4a8b-b173-e3296ac6ab10","userLoc":{"longitude":174.37048071269663,"latitude":33.29960054388813}},{"userUuid":"00e28a05-e230-4b2e-925a-1f9f712d9b7c","userLoc":{"longitude":-92.37246773864612,"latitude":62.77342224299434}},{"userUuid":"a9ee81b9-7b5b-4ec1-98ed-974ad2b8e905","userLoc":{"longitude":-175.88416408366584,"latitude":38.515118968377365}},{"userUuid":"5c89fa23-1306-489a-a82e-bea9498e7ed6","userLoc":{"longitude":-93.27669464918881,"latitude":25.486005124429795}},{"userUuid":"c73764c4-f723-41d5-8039-38f7c219af20","userLoc":{"longitude":55.43064248191126,"latitude":17.258148593837532}},{"userUuid":"d3ff03a8-dd6d-49ae-968e-de074305cb8e","userLoc":{"longitude":-93.13566864800092,"latitude":-52.15685401590012}},{"userUuid":"2afe5a78-a47f-4a7a-bf3d-74c0f92672f2","userLoc":{"longitude":-100.81557609565645,"latitude":32.2267899159629}},{"userUuid":"80872df8-99a1-4d85-a1ae-3da5bbb34160","userLoc":{"longitude":-74.31888063947153,"latitude":78.16399795468894}},{"userUuid":"5f056796-8bf1-4d6f-9f6d-1d69846b2f92","userLoc":{"longitude":-86.60262617877291,"latitude":39.21640721748872}},{"userUuid":"2c8575e1-7d48-4fc9-8b24-ac0ec2392285","userLoc":{"longitude":33.23552177633013,"latitude":25.7240588484962}},{"userUuid":"be6df8e7-cb70-4fb3-a719-ece379483d6f","userLoc":{"longitude":22.455107713049216,"latitude":-40.38606308302191}},{"userUuid":"9456a2fd-7279-45ce-a3ef-e3bb00c68c2a","userLoc":{"longitude":-2.8430236034611767,"latitude":-18.625914090611033}},{"userUuid":"49a6a451-2120-4607-a608-29e4b4826e0f","userLoc":{"longitude":19.740337264612435,"latitude":-10.284106788943134}},{"userUuid":"19c1eedb-1a9c-4f80-b762-72bba86df4a1","userLoc":{"longitude":-119.16682979086181,"latitude":57.61705845332824}},{"userUuid":"3b419772-0432-4454-8596-10a42e0a91eb","userLoc":{"longitude":151.2570695751864,"latitude":23.564033463800953}},{"userUuid":"c5ba135a-d75c-49f3-a5d9-f003795ce5de","userLoc":{"longitude":-159.53678127389762,"latitude":-71.19929799772551}},{"userUuid":"7df9df03-64b3-4475-8d04-da7eb5bdbac5","userLoc":{"longitude":-76.43316639354971,"latitude":82.16469040289414}},{"userUuid":"17341dee-1903-40b5-95bc-98ec2426282b","userLoc":{"longitude":-122.26651465969516,"latitude":35.67043047818228}},{"userUuid":"ff744929-1e36-4cbd-b187-db99d11ef22f","userLoc":{"longitude":-49.77964834357692,"latitude":20.29662817281921}},{"userUuid":"4ac1af32-3f72-4c7a-9b67-4e56607f9491","userLoc":{"longitude":-144.949379076973,"latitude":-54.78194748790047}},{"userUuid":"3e36d24c-f75d-49e8-b559-792092993c4c","userLoc":{"longitude":135.08103359076472,"latitude":35.71176057970382}},{"userUuid":"0facc40c-d876-4c31-84d6-cf52c646364b","userLoc":{"longitude":-32.86146177110487,"latitude":-15.660236638518299}},{"userUuid":"622dad73-4ec6-47fa-a02a-30745d52a855","userLoc":{"longitude":-62.19893175794216,"latitude":58.39728886360908}},{"userUuid":"fb76915f-1360-451e-96c8-0b1ad98c4171","userLoc":{"longitude":-163.68496177709588,"latitude":21.896165270148273}},{"userUuid":"ec644efb-6647-4499-b0c3-7d91434a3413","userLoc":{"longitude":-175.26591382509352,"latitude":-37.554642376364285}},{"userUuid":"c793a711-bd64-4a53-8f40-bdb686a73a76","userLoc":{"longitude":-111.93966023580627,"latitude":72.42873114991653}},{"userUuid":"8ff50368-b03a-4cd9-a542-139420b5d0f7","userLoc":{"longitude":-131.86364047606253,"latitude":-63.22976600337164}},{"userUuid":"3660f83f-a46b-43c5-b8d2-f4bacd64ccdb","userLoc":{"longitude":-15.71027080711508,"latitude":-75.23309084193161}},{"userUuid":"a785d90c-8137-4a32-a8df-707f88cc3dc8","userLoc":{"longitude":-85.740990748681,"latitude":44.26735154019141}},{"userUuid":"97189c12-4597-437a-be94-a22c8a951dc6","userLoc":{"longitude":-140.85379242026798,"latitude":-27.428866109678623}},{"userUuid":"0e9f868d-5ab9-4234-b0c3-b8839393282d","userLoc":{"longitude":7.835642630309053,"latitude":44.087010476863895}},{"userUuid":"ac93245e-fa0b-4242-9ee0-ffc77304a3b1","userLoc":{"longitude":-115.29099887639181,"latitude":-74.30076007385236}},{"userUuid":"99a3c9a6-14d9-49fd-8252-2909f6a1a579","userLoc":{"longitude":-137.1985390133027,"latitude":43.0629043019629}},{"userUuid":"469b9d5c-1ac1-4b20-bd25-a77b0fb25474","userLoc":{"longitude":28.756062227682833,"latitude":-28.682489245571887}},{"userUuid":"c6ee529c-b4d8-41c6-bb47-197cfa64cdac","userLoc":{"longitude":-76.3154285129854,"latitude":41.844728756480905}},{"userUuid":"84cf9e8b-65eb-4136-af51-c23193de6785","userLoc":{"longitude":-63.6836212397461,"latitude":-59.2841876699014}},{"userUuid":"bb8bab82-82cf-4327-9529-a97a10f324c7","userLoc":{"longitude":131.33092171353007,"latitude":-21.43197906288338}},{"userUuid":"0bc25701-bd54-476a-8be6-381852761148","userLoc":{"longitude":-159.63830441809762,"latitude":-4.190028769405188}},{"userUuid":"44832866-b359-48d3-bca5-22f6750f922b","userLoc":{"longitude":6.989924733969133,"latitude":66.58434654006888}},{"userUuid":"b4eecabe-84d9-429b-8ed1-14885abd4843","userLoc":{"longitude":94.09408583918116,"latitude":26.636622530374936}},{"userUuid":"4ee0083c-ddcd-435f-b7d5-7ae9a0a3b128","userLoc":{"longitude":61.79056444949407,"latitude":-50.8074929473963}},{"userUuid":"2d106649-5016-4517-a37d-18565a8d0f5e","userLoc":{"longitude":13.320949936521401,"latitude":-21.231995472470167}},{"userUuid":"20d21ee7-72a4-4347-9d81-95e3ba2a34fc","userLoc":{"longitude":107.74769189910626,"latitude":60.73893000758292}},{"userUuid":"8e9f96bc-acc2-4926-924f-b4cb66f2ec41","userLoc":{"longitude":107.18653638912912,"latitude":-22.086544536132173}},{"userUuid":"3f05acf1-183f-4b00-8243-c899bbac8256","userLoc":{"longitude":-99.01652274941287,"latitude":44.20640932826839}},{"userUuid":"a9bb2398-9e19-4532-96bc-39dcbba4494e","userLoc":{"longitude":-62.534303031353446,"latitude":-29.835361277806}},{"userUuid":"40d81d72-35c7-4470-9502-b2af0f492300","userLoc":{"longitude":73.19063905430215,"latitude":36.80154981504282}},{"userUuid":"16b7550e-88dd-43bb-8f12-020adaad68a9","userLoc":{"longitude":164.83142741391356,"latitude":64.65944912377239}},{"userUuid":"eda505fe-866c-4fb7-82ad-3eeafb75333c","userLoc":{"longitude":-124.6546147071892,"latitude":-67.82214216145343}},{"userUuid":"80399e2b-e13d-4b93-a5c2-33fc703a90cd","userLoc":{"longitude":29.157305675437755,"latitude":61.108937848616705}},{"userUuid":"18e255c9-d7b7-4107-97e6-90bb34d34f74","userLoc":{"longitude":151.59875677335452,"latitude":-7.422198252062074}},{"userUuid":"2b95a89a-1f7d-49e2-87f4-e58a9dee1deb","userLoc":{"longitude":-15.44599214038223,"latitude":-8.533750185539702}},{"userUuid":"ff6c2b79-0086-4931-a10d-25ac53d356ed","userLoc":{"longitude":-0.2678857478690304,"latitude":-50.80179553540419}},{"userUuid":"37ee7716-9312-4817-b2d8-0507de46782a","userLoc":{"longitude":43.73793151595913,"latitude":38.34047733207892}},{"userUuid":"fc1f3537-9f78-4f84-aa95-7b533466b827","userLoc":{"longitude":41.42257816254977,"latitude":-49.16382352319494}},{"userUuid":"43595169-6b1e-49c6-a1ed-b591762e8e6b","userLoc":{"longitude":-89.70262390655142,"latitude":63.48175620068207}},{"userUuid":"81253b37-69b5-40be-9d34-93fbd3110e3b","userLoc":{"longitude":17.319032854004746,"latitude":25.36442315111445}},{"userUuid":"51ebc793-3d79-45e8-a1bf-25d97cc801db","userLoc":{"longitude":-75.43307613349117,"latitude":-35.79937105186407}},{"userUuid":"9b8f7417-6442-45dd-912f-04798263b658","userLoc":{"longitude":3.426943082436196,"latitude":1.61100487838182}},{"userUuid":"11ff5f5d-4816-4dd4-bfbd-2ec1c2c63886","userLoc":{"longitude":-109.99561420396974,"latitude":-64.31535987125494}},{"userUuid":"12ae0509-1d1d-4011-9317-1d79b469675a","userLoc":{"longitude":-132.10869847670193,"latitude":-54.63566256030458}},{"userUuid":"48c65333-4529-48e8-b3d3-b14a9758a554","userLoc":{"longitude":-54.21799265229376,"latitude":19.06777207987453}},{"userUuid":"803445cb-537d-47fd-ad82-fd0f4aa69c7c","userLoc":{"longitude":32.02513852300527,"latitude":82.18854226952996}},{"userUuid":"56233e05-1c3e-43c2-a385-bc349e01d954","userLoc":{"longitude":-38.34627869013909,"latitude":-11.488698543716126}},{"userUuid":"2012ad37-39b1-4976-b61f-3166b6b5b4ad","userLoc":{"longitude":45.94994825346109,"latitude":-45.47275612911537}},{"userUuid":"5c018cf0-20d3-4ccf-862b-2aee186b45b8","userLoc":{"longitude":-69.74570897220043,"latitude":84.01686013886177}},{"userUuid":"c0d938a9-c2cf-4ee5-b871-16c45f2aea0b","userLoc":{"longitude":95.29066994219659,"latitude":-81.47500297270595}},{"userUuid":"644eb3dc-ce0e-411e-8794-a6bcf7fe70cd","userLoc":{"longitude":97.76875645896166,"latitude":-77.31305128376981}},{"userUuid":"1baa49d9-badc-48f8-ae82-7021d4698229","userLoc":{"longitude":117.55558839481887,"latitude":77.5324761046393}},{"userUuid":"a8039bd8-66ab-4c51-922d-ddb77b0bf795","userLoc":{"longitude":126.40022545629023,"latitude":72.5892194548941}},{"userUuid":"f8f5c464-57dc-4c2e-bdf0-cfcb991be6bc","userLoc":{"longitude":-45.64538356211554,"latitude":-61.69434283167083}},{"userUuid":"1ca8c371-e7ff-4c10-846b-d7657e307f82","userLoc":{"longitude":-80.23906685725733,"latitude":-19.38350292019973}},{"userUuid":"41f14b14-8c8b-4986-9444-343891386205","userLoc":{"longitude":-31.450775908245618,"latitude":-61.11254987950551}},{"userUuid":"df1c1434-ee90-4e42-a2dc-94354304a739","userLoc":{"longitude":68.06171990488082,"latitude":-23.51271958653379}},{"userUuid":"aaf52870-8069-496f-a7f9-1ccb1c6f3195","userLoc":{"longitude":-92.63192898440066,"latitude":-56.493477804458706}},{"userUuid":"452581c2-201f-42d6-b461-2794044555ef","userLoc":{"longitude":171.10004671532505,"latitude":80.37232588371884}},{"userUuid":"35c1dfdf-0d07-44b0-8065-fcd5986f279c","userLoc":{"longitude":86.87950688184645,"latitude":50.2405947712208}},{"userUuid":"3107ffcd-9295-4e30-b3ed-9c3c021ef034","userLoc":{"longitude":-67.04906042616972,"latitude":36.45096254797173}},{"userUuid":"7c7e445e-a3f3-41d5-b0d6-cdbade5668a7","userLoc":{"longitude":11.520614635954331,"latitude":-17.241656062823992}},{"userUuid":"6caf0831-ae5f-4c96-aedf-3ebe50dc3408","userLoc":{"longitude":-76.49956489847256,"latitude":-16.787798547876093}},{"userUuid":"a16f96e5-77c6-4888-9bd3-a9f20aad2e33","userLoc":{"longitude":114.88519377776385,"latitude":28.198650776871304}},{"userUuid":"bdd4cac5-7f7b-4abe-8336-5cde5e216558","userLoc":{"longitude":59.92722108707335,"latitude":22.85064228808922}},{"userUuid":"9987a48d-4e15-4538-8d32-8cd75ed8b082","userLoc":{"longitude":152.64387994814064,"latitude":57.87862220381308}},{"userUuid":"f9daffe8-1336-49af-a032-9a3e39486590","userLoc":{"longitude":-66.14001041198983,"latitude":-67.02656930540803}},{"userUuid":"b7de9a9a-642a-4732-b154-98a67e9a4a12","userLoc":{"longitude":-100.05394620403644,"latitude":27.05572359033384}},{"userUuid":"08cb3d78-9336-4728-9ec3-5a46f530e5fa","userLoc":{"longitude":77.30695341290277,"latitude":-77.93042836159934}},{"userUuid":"70aac027-c249-42f5-9160-65cdb65b4afa","userLoc":{"longitude":-112.06650766626547,"latitude":38.388746868982494}},{"userUuid":"f38e24dd-f9b9-4227-9530-816465bd522e","userLoc":{"longitude":-160.8259368440487,"latitude":-11.215502762656158}},{"userUuid":"f5466300-8c2f-4684-9a10-8ce963ae67e5","userLoc":{"longitude":-156.7501924488075,"latitude":40.83607982522051}},{"userUuid":"4d9ad854-58ee-4462-b7dc-c12a25fde531","userLoc":{"longitude":-65.80546690559063,"latitude":84.01352926702143}},{"userUuid":"031af736-3076-4dd9-9f92-1cf618a9575e","userLoc":{"longitude":-132.0210108610064,"latitude":77.41568679873109}},{"userUuid":"908a3bfc-ca08-4db6-8dff-5a81e88e9f60","userLoc":{"longitude":21.65153576285104,"latitude":35.908325855881785}},{"userUuid":"fd2c7dc2-9ff9-422f-841a-329a769392d8","userLoc":{"longitude":172.08557581065213,"latitude":-32.06238263058047}},{"userUuid":"3dda0fda-efe6-40f1-8119-bdc2bf706381","userLoc":{"longitude":-94.24846935841407,"latitude":-78.71198216248749}},{"userUuid":"cd26eb56-aede-4222-b583-fb4bf8a7e28a","userLoc":{"longitude":-150.80260385871395,"latitude":-16.58279433438861}},{"userUuid":"ea6cfd2d-86f1-4a18-8320-dc180740e0a2","userLoc":{"longitude":12.05083762492859,"latitude":-35.22478594955801}},{"userUuid":"18ae3f34-d7c5-42cb-b6a5-5f27c1dfdbee","userLoc":{"longitude":1.1979775695481862,"latitude":-26.162969319110914}},{"userUuid":"870cd716-6de9-455c-b080-7e52b79a4de5","userLoc":{"longitude":-34.617159636180986,"latitude":-59.024592363313545}},{"userUuid":"8749d692-259a-4866-9575-2ce2a77e7ae2","userLoc":{"longitude":-47.7318237798269,"latitude":-67.2132858943355}},{"userUuid":"502bc3d3-6943-40c3-9619-c8c82575832c","userLoc":{"longitude":-25.37496183258895,"latitude":-34.761505904348304}},{"userUuid":"c7d043d6-3d75-4a64-980c-8db52fa8d7b8","userLoc":{"longitude":-132.81492742117317,"latitude":40.65774094858216}},{"userUuid":"6fa4fdc5-8962-4de5-839f-fb4cc43c8d8a","userLoc":{"longitude":-140.84909648633882,"latitude":43.676839408236106}},{"userUuid":"2b6f2ac4-ab79-40c9-85f7-7400f93bc373","userLoc":{"longitude":-19.96781413512136,"latitude":55.81618373345353}},{"userUuid":"b0aa6d1b-c85b-413c-a84c-b87f9a7b0e2c","userLoc":{"longitude":-102.15614345968595,"latitude":-31.681033267543107}},{"userUuid":"28e1eae2-161f-44af-8e26-76d33f49ecbf","userLoc":{"longitude":93.33021688426516,"latitude":-35.27536509298591}},{"userUuid":"5127909f-8492-4919-a40b-6d8667f470f5","userLoc":{"longitude":-61.065332682609906,"latitude":-37.33968388307626}},{"userUuid":"253a8e66-dc38-4b2b-9953-a865b8233c93","userLoc":{"longitude":-38.32000061620897,"latitude":-39.842983705188125}},{"userUuid":"823a7c9f-7aa2-4f10-a81b-e869c3b3d40f","userLoc":{"longitude":158.4731938804349,"latitude":72.17033966808418}},{"userUuid":"ec98acf4-af6a-41d3-97f5-d1d1612413fa","userLoc":{"longitude":133.92662986552563,"latitude":-54.13047996371951}},{"userUuid":"16431475-2777-497c-81be-9bf4cd1c3f93","userLoc":{"longitude":83.65322462992879,"latitude":-7.110012052238517}},{"userUuid":"07e70de6-67fc-4344-91f5-e82bded8446a","userLoc":{"longitude":130.77758187694565,"latitude":6.932440921438882}},{"userUuid":"bac4e0a0-f491-4e1a-9c5a-7974e0f5fc40","userLoc":{"longitude":140.54229169300072,"latitude":-81.5397493589457}},{"userUuid":"6ef41dee-7239-4c05-8c26-68d3c1e912db","userLoc":{"longitude":-86.14971795000284,"latitude":21.78023581443496}},{"userUuid":"e97aedea-bd04-405d-9c0d-4097285bc870","userLoc":{"longitude":-10.714700824391059,"latitude":-70.2710403220284}},{"userUuid":"de8a9fbf-7929-474b-b9cc-f9bb44a60b03","userLoc":{"longitude":114.51656286907462,"latitude":62.479060908484996}},{"userUuid":"fe150e7a-e715-4537-9c49-bb546e133d87","userLoc":{"longitude":-100.60755059138248,"latitude":-14.77177506387271}},{"userUuid":"32069f20-04b1-43cc-a7c9-c9ad8c5fd11e","userLoc":{"longitude":25.069578421381124,"latitude":-46.56102172873898}},{"userUuid":"b1336865-26b8-4e1a-89e1-b6b6bca57056","userLoc":{"longitude":-114.33442355978859,"latitude":-56.81729234220276}},{"userUuid":"0940c484-a7d7-44ab-a9de-0858049f17ec","userLoc":{"longitude":69.57019635459005,"latitude":-72.52068876763947}},{"userUuid":"304b6425-13f2-4cba-9a13-8b10d2dc35cd","userLoc":{"longitude":-47.74704832768782,"latitude":75.7558791314201}},{"userUuid":"1939a0cc-8640-468f-8a79-7363f7fccae8","userLoc":{"longitude":136.39498816330246,"latitude":-67.83169804519274}},{"userUuid":"8323058f-57b1-41b3-a3a0-41876616faef","userLoc":{"longitude":-42.999004261604284,"latitude":-15.906021640594602}},{"userUuid":"83f8ed69-df38-4abd-83df-65ad5639e0ee","userLoc":{"longitude":136.7602224349709,"latitude":-44.41350980767661}},{"userUuid":"bf3f7984-1edc-45f7-8ab5-6a6bc0afdbed","userLoc":{"longitude":-50.295655080123595,"latitude":-19.158105578672746}},{"userUuid":"88c9367c-3ab6-44ae-942a-74c6785eeba1","userLoc":{"longitude":-109.94512097793964,"latitude":35.64015139905875}},{"userUuid":"27069a19-7d8b-4981-9e69-65f02540aa94","userLoc":{"longitude":124.86062754738344,"latitude":-8.287113017549075}},{"userUuid":"bf58b7fa-ecd7-4844-b77e-4f8c1e93fc86","userLoc":{"longitude":24.58726873699422,"latitude":2.1685158346492557}},{"userUuid":"fce31353-9940-42a4-a1da-5318ccfa495b","userLoc":{"longitude":-178.2683121985164,"latitude":-2.851414466664238}},{"userUuid":"6c2fd878-1c67-4dfd-b4b6-8cfc83a4c733","userLoc":{"longitude":14.53662636458526,"latitude":-39.683379597846724}},{"userUuid":"14ceceea-d687-4787-bc66-d298b5602650","userLoc":{"longitude":78.412661379214,"latitude":21.105031990195982}},{"userUuid":"fa0c0366-5140-4615-a7f6-ec5dca9e8900","userLoc":{"longitude":124.67400286512293,"latitude":32.5572851374864}},{"userUuid":"13d13adc-ec76-49fa-ad14-27d587a9439d","userLoc":{"longitude":-170.47703385305996,"latitude":-81.77272343734106}},{"userUuid":"2fcd3d52-a785-4b6b-bbf2-67e74c394858","userLoc":{"longitude":122.13794926950726,"latitude":-68.67526570113156}},{"userUuid":"b2c0d685-86de-431f-a32e-f31f9a9547e8","userLoc":{"longitude":-40.3874043215755,"latitude":-32.37031524078315}},{"userUuid":"f6d1a8e2-405e-43b2-8f23-e6eced5d211c","userLoc":{"longitude":-50.71476779839537,"latitude":53.93145685463196}},{"userUuid":"79a413e6-2d36-4bf6-a812-eb7b0ac54177","userLoc":{"longitude":46.71131903263182,"latitude":-24.922107829243302}},{"userUuid":"1c4b4db9-a018-4aab-a82c-58591fa38210","userLoc":{"longitude":-100.34546396149057,"latitude":9.068347278344277}},{"userUuid":"10024018-092e-41c3-aeb8-62a99f21d15a","userLoc":{"longitude":-179.77975111881705,"latitude":-29.94795518368315}},{"userUuid":"2089e962-7ff7-406e-b879-7d3f4afbeb50","userLoc":{"longitude":165.67910562049724,"latitude":44.65157764575835}},{"userUuid":"9ea11876-1b2d-4688-b597-33542b5016da","userLoc":{"longitude":178.23353793012672,"latitude":27.684744433702846}},{"userUuid":"ca7cb5eb-acc0-4ac8-8e91-1bc0d177e765","userLoc":{"longitude":163.75179952459308,"latitude":-67.60724543106906}},{"userUuid":"203f136b-4665-46f6-930e-a4601ed4d23e","userLoc":{"longitude":7.884037073113518,"latitude":83.93149093756597}},{"userUuid":"ede47b7d-0eab-4480-9c54-4736a52dcb7f","userLoc":{"longitude":108.49804945552063,"latitude":38.46863408083847}},{"userUuid":"8d68ff32-dfd5-4c0c-a1bd-619ce916368c","userLoc":{"longitude":-9.172717610315857,"latitude":62.491045272719475}},{"userUuid":"0f22905d-cad5-4bd5-b7f6-635c05341b68","userLoc":{"longitude":-9.208201831320224,"latitude":-31.93689250593144}},{"userUuid":"51901f1e-c667-4778-811e-f9c7e12fe327","userLoc":{"longitude":125.69360910766022,"latitude":-59.52111253940744}},{"userUuid":"260f2865-9620-466e-b2b9-a043f27d1c4d","userLoc":{"longitude":5.974543069954905,"latitude":24.488097363096813}},{"userUuid":"d888029f-1d40-4bd1-b1d7-31f015adb432","userLoc":{"longitude":-170.37738238796607,"latitude":-36.301534975236}},{"userUuid":"66246b44-12db-4789-8711-398d909273b6","userLoc":{"longitude":106.05013908210293,"latitude":-32.84815511360423}},{"userUuid":"9c4a89dc-d251-4ae1-9b58-88b7cefbdcbb","userLoc":{"longitude":19.26657247300153,"latitude":81.1127800831654}},{"userUuid":"01d3a32d-0357-41be-9ad9-bc5d76a615aa","userLoc":{"longitude":26.932282088605774,"latitude":41.61930049712683}},{"userUuid":"a7f367be-fef1-409a-985b-197175b1e8cc","userLoc":{"longitude":-132.99405364103563,"latitude":39.48579293619947}},{"userUuid":"8f3a3479-7868-45a5-832f-f0653c1d56b8","userLoc":{"longitude":-135.87546139312707,"latitude":-5.962374027519658}},{"userUuid":"bd2e6ba1-9cc2-4e17-b181-2dee5c0b3078","userLoc":{"longitude":-148.38952038891927,"latitude":-50.21339026668985}},{"userUuid":"021ac3ea-0812-41dc-99fb-6588ade445e2","userLoc":{"longitude":-123.93750825507969,"latitude":-41.85250422269697}},{"userUuid":"109b2360-9102-4204-a142-fddc600aaacd","userLoc":{"longitude":134.71588649096577,"latitude":41.07492109545926}},{"userUuid":"5d674cae-6f88-4af0-adc7-8449c3018ec1","userLoc":{"longitude":-163.46512016564054,"latitude":68.46652090819322}},{"userUuid":"58674d27-36ff-4a84-8727-bb515cbfa7de","userLoc":{"longitude":125.68477729030212,"latitude":-33.21576935574541}},{"userUuid":"16d5a4bf-a5dc-4b32-8647-f776e2527f20","userLoc":{"longitude":163.42466773895165,"latitude":-47.36815106426016}},{"userUuid":"6e20add1-dbf1-4ff7-be88-829e96e3824b","userLoc":{"longitude":-9.050750890153779,"latitude":5.084018772335725}},{"userUuid":"013fb7ec-255e-48aa-8cdd-329349b29321","userLoc":{"longitude":0.4326931768625002,"latitude":69.26860644546585}},{"userUuid":"1fec2894-2fe3-4239-8a4e-fc9d9d3dffaa","userLoc":{"longitude":102.85788720160161,"latitude":5.071611789343237}},{"userUuid":"a0965318-8dff-4bac-bd6f-9f0b5bd56e45","userLoc":{"longitude":3.448702933518348,"latitude":-19.21072214344315}},{"userUuid":"e4b4cea3-d2ab-4e34-9bfe-25cb45ef9461","userLoc":{"longitude":99.03143319624661,"latitude":60.61851576289777}},{"userUuid":"b79a24cf-773e-4f03-948d-0660a2a57803","userLoc":{"longitude":-10.38451539480269,"latitude":-34.09673898978819}},{"userUuid":"7b8277a3-71b8-450a-aea9-cd4c5927f734","userLoc":{"longitude":-82.50451634272264,"latitude":59.943755326201}},{"userUuid":"269d8202-9410-4fd9-b61d-ed5bc68268b4","userLoc":{"longitude":-169.64668789861742,"latitude":-35.78501163433435}},{"userUuid":"6df21f81-a30f-4f2b-8eed-2ad4a2c62d27","userLoc":{"longitude":3.0221412485485644,"latitude":-43.67421931384045}},{"userUuid":"446bf9e4-fc8e-4809-89d0-56ddc2293434","userLoc":{"longitude":-39.452283684115116,"latitude":-3.5744741624617546}},{"userUuid":"a132900e-defa-467d-ac73-cfa885bd8732","userLoc":{"longitude":166.17898860447076,"latitude":-63.54969984970984}},{"userUuid":"ea68f8d4-5845-40a3-902e-aee0aa1165c4","userLoc":{"longitude":11.663560909642513,"latitude":-73.18562625041892}},{"userUuid":"df04f56e-3244-47b8-9e3f-ea0e4124d8e9","userLoc":{"longitude":99.95834568358697,"latitude":-60.24744622246971}},{"userUuid":"44a7e3bc-7863-47a8-833e-b731aca26aec","userLoc":{"longitude":88.96918331672754,"latitude":-54.09253257600351}},{"userUuid":"c9553a79-0825-4d8f-bb08-c1ce5c1b39e6","userLoc":{"longitude":88.46889570794144,"latitude":54.85037195101816}},{"userUuid":"53323ab3-fd88-4b07-9c04-995fbd5a316e","userLoc":{"longitude":-70.26913656361062,"latitude":-27.27795713174403}},{"userUuid":"156747ab-df7a-4fde-ab7f-0c923cdb75c2","userLoc":{"longitude":-160.65472998665797,"latitude":22.966193059008816}},{"userUuid":"ef699ca2-353c-400a-ba2f-7b0079a97152","userLoc":{"longitude":98.17593853513858,"latitude":-49.18392740209002}},{"userUuid":"c151922b-1199-4f09-bea1-163017551c07","userLoc":{"longitude":35.99632059650304,"latitude":-44.68732980065662}},{"userUuid":"4bfd2bab-1501-44b4-a4e9-967534b008b5","userLoc":{"longitude":-158.476586671566,"latitude":-44.81655841874774}},{"userUuid":"405742d2-29e3-4449-aa6d-2d487bc0a358","userLoc":{"longitude":-140.42297375471844,"latitude":-23.453886570861826}},{"userUuid":"ef1f3fe2-5ecc-466c-b70d-85555733f4a7","userLoc":{"longitude":-161.88053852992354,"latitude":-50.31270344255541}},{"userUuid":"3b3b0492-27dc-4cde-92ca-b4a1390755c4","userLoc":{"longitude":139.79653242476195,"latitude":-45.43000005071151}},{"userUuid":"51241482-c26f-4f8a-8305-1ddeb0ad9118","userLoc":{"longitude":-123.33974044300733,"latitude":-73.3344743253507}},{"userUuid":"43a31c08-ff82-423f-8ba5-f53b0c7c625e","userLoc":{"longitude":-16.951739474445702,"latitude":38.37045151584259}},{"userUuid":"fd1ff6e4-c648-43af-aa80-8940a5054b7e","userLoc":{"longitude":129.4069739509294,"latitude":-69.33280982563556}},{"userUuid":"70c1f909-6f0a-4882-ad0f-e95a4e93aee2","userLoc":{"longitude":83.37187101799185,"latitude":12.622772967942524}},{"userUuid":"429a4f8e-186a-4fa7-8108-30fee8508f3f","userLoc":{"longitude":-86.56281156115003,"latitude":19.843972511600825}},{"userUuid":"4760d967-8d33-44a9-bc72-4e985c4ee7b5","userLoc":{"longitude":-127.9942283951963,"latitude":57.48009668764277}},{"userUuid":"a0c1254f-2ca2-46db-a963-c64a34f57bda","userLoc":{"longitude":8.31616476128562,"latitude":-5.583955854413247}},{"userUuid":"45fad2c3-e751-4d81-be07-e27674fb87fa","userLoc":{"longitude":-134.20930118356526,"latitude":-33.92010544424909}},{"userUuid":"94d46a3d-58ec-4cc1-aa49-08aa2b66ab37","userLoc":{"longitude":166.347614337472,"latitude":74.4528673766826}},{"userUuid":"eb915b7c-2584-46ec-b31f-6cc6555f6537","userLoc":{"longitude":-43.41076861014187,"latitude":36.23772923510418}},{"userUuid":"ab256bf4-cc52-4e90-84a4-41ea854f23d6","userLoc":{"longitude":-173.09190998757947,"latitude":-32.512526542063846}},{"userUuid":"2d7e4ed3-2998-48c0-87c2-b03ef0b96e8e","userLoc":{"longitude":-144.86196460831448,"latitude":5.583292503850856}},{"userUuid":"0298aead-7206-4488-bf7f-3f8e21d62383","userLoc":{"longitude":-156.464435594506,"latitude":14.57664333296627}},{"userUuid":"eda20c46-abfe-404f-b203-2e0d5a3451b2","userLoc":{"longitude":157.76393930423552,"latitude":-43.08287854995588}},{"userUuid":"ba8f2ba7-85e6-4f1c-9efa-b312f402d91f","userLoc":{"longitude":54.5218198774476,"latitude":52.38002803335684}},{"userUuid":"3bf9e908-8c07-4a8d-a3b5-e8e566a6fec4","userLoc":{"longitude":144.64471493777694,"latitude":-55.65963812235704}},{"userUuid":"01b8820b-942d-4749-918d-25044a93757e","userLoc":{"longitude":-54.6686034368269,"latitude":69.54424470985944}},{"userUuid":"9a234ccd-1876-4051-946f-1cdd3119dfb4","userLoc":{"longitude":159.49549896799192,"latitude":77.40374752627417}},{"userUuid":"4e152e00-b5e6-4252-ab59-b111e50769dc","userLoc":{"longitude":-154.85431036535192,"latitude":19.945698560767184}},{"userUuid":"a42e110b-4afe-4869-ba3e-72931cf876a1","userLoc":{"longitude":-7.3722091483748216,"latitude":66.74281448174105}},{"userUuid":"7c8518e7-8b1d-4d19-9a2e-ecf742a38a3d","userLoc":{"longitude":161.72611979776104,"latitude":18.804531818437496}},{"userUuid":"af665790-f244-486a-9bdc-96481c8e9e2c","userLoc":{"longitude":40.50765587001348,"latitude":37.849741530247314}},{"userUuid":"aaab7f23-48a6-422f-8ace-725b1d5876d9","userLoc":{"longitude":174.44503157648023,"latitude":-28.355201010467468}},{"userUuid":"f5585fb8-87fb-4708-93a7-12d8cb71c556","userLoc":{"longitude":-20.486807842980824,"latitude":-55.010632386336056}},{"userUuid":"1928380b-b91d-4835-94d1-ef1e1d8219aa","userLoc":{"longitude":-153.76358368781285,"latitude":26.201645906373727}},{"userUuid":"582f9656-2e55-47ee-ad42-f32e2ed63fe1","userLoc":{"longitude":-52.8225238645561,"latitude":73.3416244197688}},{"userUuid":"eecea8b6-9fc4-4f33-811f-5cee5224afe4","userLoc":{"longitude":-174.92805822680145,"latitude":-17.104401662813018}},{"userUuid":"24a3f04c-d043-47a8-99d3-7370200193a4","userLoc":{"longitude":75.65556238987253,"latitude":73.83248183540081}},{"userUuid":"e730bf7b-4678-49df-9ac9-25a570577703","userLoc":{"longitude":159.1858380601584,"latitude":-44.52804899629812}},{"userUuid":"cbbe3d20-8b77-416c-862e-346113376673","userLoc":{"longitude":149.23348609473038,"latitude":-53.440801905672274}},{"userUuid":"c3d2d5b6-78c1-4dcf-a2ad-dfc7aebe1587","userLoc":{"longitude":-39.17477664397626,"latitude":42.66935223124494}},{"userUuid":"c568fd89-792b-4914-a0a4-3ee36679f238","userLoc":{"longitude":35.61332886168799,"latitude":-53.786271999229285}},{"userUuid":"09034561-9c1f-45a8-abc1-040a45d0b75d","userLoc":{"longitude":153.52759653163918,"latitude":-74.33733431903464}},{"userUuid":"14053a51-20ab-4b5e-b498-f35873fb7131","userLoc":{"longitude":91.32193850356902,"latitude":32.571289638083385}},{"userUuid":"0055846d-1740-441b-a7fc-5195eb1d49f2","userLoc":{"longitude":127.40361517894246,"latitude":-72.92922820983317}},{"userUuid":"e253d6b4-bd8a-40f5-8634-49ed2e5361ae","userLoc":{"longitude":148.05749109978194,"latitude":1.1215452214801331}},{"userUuid":"69b51831-ef6b-404d-8fcd-7c895b870bf7","userLoc":{"longitude":-99.15128907959905,"latitude":-25.704509216382412}},{"userUuid":"215e2aba-32c9-4eee-9230-b88076fd6357","userLoc":{"longitude":6.059337085050288,"latitude":77.34999293785813}},{"userUuid":"32d4db1b-7d4a-4ac2-b52e-a4ae74be75cb","userLoc":{"longitude":6.7312103987317755,"latitude":74.72655999503576}},{"userUuid":"2ef144e6-aa34-41af-ad3a-fef53d3c799f","userLoc":{"longitude":15.581452426944935,"latitude":-84.49379393040233}},{"userUuid":"6c7ed134-56ec-46af-825c-9469f1006b8d","userLoc":{"longitude":69.61266463932546,"latitude":20.721987279598963}},{"userUuid":"9e950ab8-224b-462b-a8cb-5b73938134db","userLoc":{"longitude":88.48359414353791,"latitude":6.5865029697985165}},{"userUuid":"e88f94c9-aa57-4257-8276-d9d230ec2148","userLoc":{"longitude":-168.4663491856316,"latitude":79.46231501096713}},{"userUuid":"6c86b481-74be-46e9-b26e-ca70748ded5f","userLoc":{"longitude":91.44765857752049,"latitude":55.89163116366592}},{"userUuid":"0ca4270d-a4b0-4e2e-b6ec-2a1235f0aeb5","userLoc":{"longitude":-30.40873782258072,"latitude":-11.707322315675071}},{"userUuid":"0857b4d7-fd6e-481d-98a2-94d62b93b055","userLoc":{"longitude":-76.61944083973347,"latitude":68.01121156491442}},{"userUuid":"9a7345e6-56f9-460f-ae00-59974a0ef4bf","userLoc":{"longitude":-49.6159523501847,"latitude":26.269653942332738}},{"userUuid":"11ce6748-5eaa-43a2-b8ec-496160f06557","userLoc":{"longitude":149.40622563946562,"latitude":9.084364051149706}},{"userUuid":"64acac00-33ea-412f-b03b-ba6106d938cf","userLoc":{"longitude":-117.10334929418451,"latitude":32.368608882280384}},{"userUuid":"289553be-9a65-4945-969c-66399d2883c6","userLoc":{"longitude":-64.50231608733458,"latitude":-10.532283448495008}},{"userUuid":"3eea64ab-8587-4397-adfc-c01e6c37add4","userLoc":{"longitude":-58.55981604217102,"latitude":-84.08517707481414}},{"userUuid":"4d9097fb-452c-422d-bff7-65525230acf2","userLoc":{"longitude":-179.93062137488712,"latitude":53.28614200220045}},{"userUuid":"49fe7a54-4940-4d53-bf4f-659ab66f1360","userLoc":{"longitude":73.98720044779932,"latitude":73.17339123075814}},{"userUuid":"d6d51161-e0db-4a90-8e01-b7b1589b353a","userLoc":{"longitude":158.15685616992715,"latitude":4.294473608629048}},{"userUuid":"59307e80-893d-4bc7-b6a5-1ddcbd9525e2","userLoc":{"longitude":57.21359041299198,"latitude":3.1692584457659905}},{"userUuid":"5b0fb71b-ff6f-494a-8252-bcaaae5d87f4","userLoc":{"longitude":70.39577336636006,"latitude":63.36135151265282}},{"userUuid":"b09d9080-40d4-48b8-b396-577756d1e6a7","userLoc":{"longitude":-24.4204935558939,"latitude":2.447623415963548}},{"userUuid":"487dea31-92a4-4b49-a0fe-9013944d81e5","userLoc":{"longitude":127.33230064087508,"latitude":-7.963474157613405}},{"userUuid":"dbfb158c-5860-405a-94ee-b07e63cbe07e","userLoc":{"longitude":-48.52516333956052,"latitude":-20.43488423492977}},{"userUuid":"ee3b5c24-aa3a-4e36-87d9-80abda179c29","userLoc":{"longitude":60.76888703585058,"latitude":62.07010226228468}},{"userUuid":"96d71d64-5988-4627-aaed-4e022b819bd9","userLoc":{"longitude":-35.11987093955781,"latitude":5.403809077188171}},{"userUuid":"779e005b-554c-4e98-9e78-09aebbdbb1b6","userLoc":{"longitude":129.54059521765208,"latitude":38.72617894155461}},{"userUuid":"548fb2ae-172d-40e0-bb29-e9cd30bbfc7a","userLoc":{"longitude":-178.12718915511996,"latitude":9.53247390601642}},{"userUuid":"53f6adc9-0a46-467d-9b83-3a4ebaf60a28","userLoc":{"longitude":-91.59641263373136,"latitude":-14.99576483995014}},{"userUuid":"3f511376-b95f-4716-942b-5423630e20d2","userLoc":{"longitude":-103.8755460778629,"latitude":53.25993841172627}},{"userUuid":"bde28540-c5d5-4040-87b9-d60f342c7854","userLoc":{"longitude":-84.23615469368555,"latitude":-46.48293753252163}},{"userUuid":"3335a0cb-5c48-4037-b735-6a41d0dc893b","userLoc":{"longitude":-121.2340824814423,"latitude":-25.2999806569376}},{"userUuid":"12430090-d51a-41b1-9aa5-ac2f1318ee10","userLoc":{"longitude":-9.282559289045366,"latitude":-15.742993254644148}},{"userUuid":"104ab4fb-f09f-4982-b10a-752f73dd61d2","userLoc":{"longitude":-68.45487745671834,"latitude":61.910917675063644}},{"userUuid":"a18ef002-fefc-4897-bc0c-f0b57b5a16e4","userLoc":{"longitude":-125.1042958297967,"latitude":54.276347703040074}},{"userUuid":"1d56ae03-4df9-47e9-8845-8395a1f640c8","userLoc":{"longitude":130.20728168866572,"latitude":-25.52930539166242}},{"userUuid":"f9464cab-1cbc-4284-ac52-e6f5b1c670af","userLoc":{"longitude":22.386933516861347,"latitude":-15.021083385799841}},{"userUuid":"748bab5a-27ea-473e-bdcb-afb348126e8e","userLoc":{"longitude":37.985460473098385,"latitude":46.431899557413146}},{"userUuid":"1e9f4184-d1aa-4a1c-843e-5a489919724d","userLoc":{"longitude":-71.84260719702417,"latitude":-74.7196243044061}},{"userUuid":"462b47fe-9339-43fc-8211-3414933f5143","userLoc":{"longitude":-137.22679857953034,"latitude":17.15109643672409}},{"userUuid":"58a2271a-928a-480c-ae8b-a52f371a26a8","userLoc":{"longitude":138.2441462528529,"latitude":73.07919244432398}},{"userUuid":"b8821a05-c610-487a-a3bd-00cd901ebd57","userLoc":{"longitude":57.902982291060766,"latitude":3.805090749538934}},{"userUuid":"03a01ba7-3b94-4e7b-9ba3-371562e43b3d","userLoc":{"longitude":64.58252820512783,"latitude":-15.349590985366461}},{"userUuid":"fe6e287e-eedf-413f-a014-f2a6580a17b3","userLoc":{"longitude":-27.615103230888423,"latitude":8.546235125834983}},{"userUuid":"a9950220-e83a-488a-952c-03d4a74e488d","userLoc":{"longitude":82.60348762675738,"latitude":39.40012358660475}},{"userUuid":"b8b8f9e9-12d6-407d-a4b2-45045402eee4","userLoc":{"longitude":130.52824992685015,"latitude":2.2462657326493343}},{"userUuid":"321d1f91-f548-4437-aef3-101223f44ba6","userLoc":{"longitude":-109.62502590481296,"latitude":69.51797173991358}},{"userUuid":"25134f25-5585-4ddd-a175-6d6838019686","userLoc":{"longitude":-85.68824848023,"latitude":-30.1925752219419}},{"userUuid":"a9ed2a2b-af9f-4bb8-9cf6-ff4389b0c8d4","userLoc":{"longitude":161.28738580811745,"latitude":52.11490607827233}},{"userUuid":"e07ae425-f9cb-47c1-aa97-d52111af81ac","userLoc":{"longitude":-85.25723008449759,"latitude":25.216316728043893}},{"userUuid":"fed93cea-05ce-4b95-a0b3-2cfdc5c85078","userLoc":{"longitude":-124.10092106344757,"latitude":48.00727354727587}},{"userUuid":"07c334f4-e297-4d94-aae8-c2fbaa9bda9f","userLoc":{"longitude":-174.10888052496554,"latitude":-57.48903061936285}},{"userUuid":"a2ee74af-fc1e-48ac-b296-1728384322a7","userLoc":{"longitude":-53.76942918402138,"latitude":80.9569198289133}},{"userUuid":"760129a6-49c4-493d-836e-83a922802426","userLoc":{"longitude":-127.26001144605,"latitude":-80.53280484612313}},{"userUuid":"6b0db54c-4d91-4122-92d8-a03c4c5a182c","userLoc":{"longitude":163.8944021189139,"latitude":-52.97536494239794}},{"userUuid":"a37d7b27-dc6d-4f19-9005-56864bdb40f2","userLoc":{"longitude":-67.13572745672266,"latitude":70.74437239834154}},{"userUuid":"e24070ae-44ed-4c5e-8d2e-fed00a7c5fa7","userLoc":{"longitude":-161.5856545269987,"latitude":13.596898615369895}},{"userUuid":"33f280a7-dbe7-4bb1-bfae-3b4389f063b0","userLoc":{"longitude":4.63065851307303,"latitude":1.1249444449581318}},{"userUuid":"3c20b0dd-443d-4654-9155-e269437434e8","userLoc":{"longitude":26.607608794227588,"latitude":15.531842276732462}},{"userUuid":"3af54f48-4a92-4ca5-b0f2-61560f462613","userLoc":{"longitude":35.830917055677645,"latitude":-79.73458197467595}},{"userUuid":"426f2e7c-ec2c-4946-9cec-08df0be545e0","userLoc":{"longitude":-84.33238466610572,"latitude":-67.02363149952902}},{"userUuid":"7aae8ef1-f6d9-4dc2-ace9-32e5b3d99775","userLoc":{"longitude":-103.77050008909502,"latitude":70.48238776610958}},{"userUuid":"071edf40-1249-4dc6-bc1a-6ec851240392","userLoc":{"longitude":-55.79583575975778,"latitude":25.248308185197132}},{"userUuid":"f74b80fd-a6f2-419c-9063-f348ec9da43b","userLoc":{"longitude":40.5548954191828,"latitude":-66.46065724678863}},{"userUuid":"d18739f9-14e6-436c-8b40-b11cc074e160","userLoc":{"longitude":131.94138927548107,"latitude":-28.238006440052523}},{"userUuid":"0f716053-6417-4e35-90ce-39d3b0c3a8ff","userLoc":{"longitude":34.946400021773144,"latitude":49.832806157213525}},{"userUuid":"fa64c63a-8d6b-4633-b8a3-b6449105f404","userLoc":{"longitude":-47.584514907927996,"latitude":-77.28082631458011}},{"userUuid":"d2c90ccc-fb48-48aa-96e4-877b4c460f15","userLoc":{"longitude":-142.05579345484182,"latitude":80.79538364762581}},{"userUuid":"d7c9d286-78cf-4998-9bed-96b40cbb5c4c","userLoc":{"longitude":-160.14614143797417,"latitude":64.56062287084637}},{"userUuid":"2be911da-fe80-48bd-9d31-6119f08062a2","userLoc":{"longitude":31.93109144631768,"latitude":-5.592158777897765}},{"userUuid":"fbfd6382-ca56-4b88-a380-e75693dc4b9c","userLoc":{"longitude":95.70138356648926,"latitude":-68.40341294657382}},{"userUuid":"fc1b5f28-f12e-4fad-870b-efff1ef3802f","userLoc":{"longitude":30.039602955933162,"latitude":36.71366853395823}},{"userUuid":"d7a7b7c6-0c40-4c73-8862-1888527b67e4","userLoc":{"longitude":-86.53121119500338,"latitude":76.76063442347044}},{"userUuid":"c0c56fd2-8129-436e-9ce6-e91fcab1ee06","userLoc":{"longitude":147.21902381423877,"latitude":-31.823297078205776}},{"userUuid":"24197a88-9e74-49f7-aa5c-574ed5c1aaed","userLoc":{"longitude":126.59361877823181,"latitude":0.464288554905508}},{"userUuid":"6b19f665-2a62-40c8-8888-4527872df95d","userLoc":{"longitude":-146.52751916423392,"latitude":-50.53448153422409}},{"userUuid":"ff4e8a20-ae45-4156-8919-d39490d4249a","userLoc":{"longitude":155.12678789774782,"latitude":-75.16403803634925}},{"userUuid":"26a148f7-45b3-4699-a848-f5595669c263","userLoc":{"longitude":91.75661419270892,"latitude":14.43799621930279}},{"userUuid":"ed8b9fba-e8e9-4c67-a299-ad6c666ac629","userLoc":{"longitude":12.482783878552311,"latitude":7.917052113989385}},{"userUuid":"ad55a4dc-61e1-48c2-b006-0a3c92f7b796","userLoc":{"longitude":-46.17979495200336,"latitude":66.24025920908042}},{"userUuid":"fa7de523-afb2-4b4a-a37b-bd8a99db3913","userLoc":{"longitude":-123.29697652591204,"latitude":61.48777446961475}},{"userUuid":"5cd0be04-1d0c-4369-befa-ad05b5f4c7c1","userLoc":{"longitude":-149.08246287845952,"latitude":-27.651988131317303}},{"userUuid":"4beaff2c-0e36-4863-97ba-da0901d3cba9","userLoc":{"longitude":-122.86248215457852,"latitude":-69.96561084409267}},{"userUuid":"f4cebd73-f400-48aa-960d-9fc75f16a6f8","userLoc":{"longitude":-7.1455011098418595,"latitude":4.834903028826659}},{"userUuid":"e3cf127d-3621-4c0c-ac00-08511e48810c","userLoc":{"longitude":-124.95940040066243,"latitude":-39.63139632174259}},{"userUuid":"c86e8102-c077-40c7-997c-d6412c3bd0ee","userLoc":{"longitude":-39.490754556442255,"latitude":29.71693625059551}},{"userUuid":"d459e6be-d35b-465a-b5ff-f68b3398c495","userLoc":{"longitude":104.20034562050915,"latitude":-71.58100606494409}},{"userUuid":"cc26d5c8-f0d8-46ad-a008-577951f632c6","userLoc":{"longitude":40.38338782328566,"latitude":-0.09663131304294836}},{"userUuid":"dbcd1070-3dea-4b49-88d9-041bc30b19c6","userLoc":{"longitude":-152.55607001322534,"latitude":-45.370669282255584}},{"userUuid":"8a28a647-7ed0-4f53-a905-59a63d9b6add","userLoc":{"longitude":70.03050715704947,"latitude":73.13652904557901}},{"userUuid":"d6b4d687-e521-4577-80fe-434b6677a102","userLoc":{"longitude":5.421608822674983,"latitude":-41.221764834651474}},{"userUuid":"c677754b-7a2e-4603-89ab-c8f63ab53726","userLoc":{"longitude":29.740209239813424,"latitude":-63.99742819773432}},{"userUuid":"4e86e174-1ab4-47ff-80cc-2cbe866a1684","userLoc":{"longitude":-69.52425577463659,"latitude":-66.80231271162546}},{"userUuid":"7a11139d-25c2-46f9-8891-4965b54df858","userLoc":{"longitude":-135.57074827076087,"latitude":-70.6546033084574}},{"userUuid":"26ee71bc-8a23-49dd-9018-f7d35d569ec7","userLoc":{"longitude":-28.10222292393115,"latitude":9.907565494766217}},{"userUuid":"fcc11e54-2dfc-43c8-9c69-003bcbb23951","userLoc":{"longitude":-65.3019830466722,"latitude":-32.12196708114113}},{"userUuid":"d95ca818-56a5-4c90-8944-314cbee4e8a9","userLoc":{"longitude":29.308102331823903,"latitude":3.85658173879375}},{"userUuid":"fc20c806-65ca-48f1-8e65-7a89214f2c8d","userLoc":{"longitude":-177.9883884516844,"latitude":39.748191000764535}},{"userUuid":"b3f9675a-9516-410b-a388-fde8a123dba3","userLoc":{"longitude":34.21545762140778,"latitude":-24.035190121852978}},{"userUuid":"751a6f1c-4fc7-46bf-868c-0d777b038fce","userLoc":{"longitude":-176.0663277235525,"latitude":48.118677833412505}},{"userUuid":"5f250b55-28c4-4d3d-aa7d-215912928989","userLoc":{"longitude":-116.64636231322528,"latitude":72.54946516223734}},{"userUuid":"d049a522-cbc2-48ba-aa04-9613dd5953f8","userLoc":{"longitude":141.9448698164718,"latitude":-29.82562624921968}},{"userUuid":"7bbadd5b-de83-4bca-ad8f-08b01b82f04b","userLoc":{"longitude":133.8016430363055,"latitude":-15.466850784076726}},{"userUuid":"036b9c8b-572d-4fc5-ae12-927770471662","userLoc":{"longitude":130.85290792896762,"latitude":-35.116350623605136}},{"userUuid":"a3ed016f-2942-4dc0-bd58-cda95ca5cad1","userLoc":{"longitude":-177.5921328504097,"latitude":-8.260111174476762}},{"userUuid":"e9513f50-c7d4-4e03-804f-359433eec025","userLoc":{"longitude":-24.421137479785187,"latitude":38.90571097089099}},{"userUuid":"855587cb-fd5e-425d-8c32-26c9d281d92d","userLoc":{"longitude":-85.57372476261718,"latitude":-35.40676545880848}},{"userUuid":"1f26fed0-6f46-4cf9-bdff-b56c0e5885e1","userLoc":{"longitude":-38.65496193778446,"latitude":75.64653452190723}},{"userUuid":"573920a3-524f-419d-95d3-53c49e353351","userLoc":{"longitude":59.15283281930974,"latitude":71.55533623092359}},{"userUuid":"4ef7d03f-5cb9-4cd7-9116-4995a2a04462","userLoc":{"longitude":4.055355630819577,"latitude":80.23965752580364}},{"userUuid":"4bfbb532-efdf-40ad-9ad4-2e6146702b18","userLoc":{"longitude":-44.35788747544839,"latitude":-78.4735407801166}},{"userUuid":"806138cb-4732-4f77-b4df-ed1942f33920","userLoc":{"longitude":-93.63702964688107,"latitude":-25.429932418641208}},{"userUuid":"a0ab59b7-3c7d-4b52-b49f-32bcd912fe0f","userLoc":{"longitude":-165.28073229672123,"latitude":-63.00829042611963}},{"userUuid":"3959b3a0-488a-4146-b31f-0b06dee14395","userLoc":{"longitude":147.09213309999944,"latitude":-79.965155509902}},{"userUuid":"1d00456f-ebd4-4ba5-b406-85065f96bdf9","userLoc":{"longitude":7.011873117870891,"latitude":6.654118357290145}},{"userUuid":"1ef42236-5b02-4a72-81d7-693978f9e0a7","userLoc":{"longitude":-118.03869212675765,"latitude":-40.83670121566827}},{"userUuid":"e0782b5e-2e32-45de-b188-a8d8ae91e7b6","userLoc":{"longitude":80.02261624093904,"latitude":79.63324261682274}},{"userUuid":"0e1a2eea-a0bd-4ee8-8e3c-0042235b64b9","userLoc":{"longitude":-19.6920132659084,"latitude":-70.7618699591809}},{"userUuid":"df3de504-b475-41f3-8c8a-fadce669c41c","userLoc":{"longitude":-73.2423388029043,"latitude":18.111675190838156}},{"userUuid":"f3e3f82b-361d-4f33-97d5-04b08996b270","userLoc":{"longitude":29.03416245755176,"latitude":39.020921993561856}},{"userUuid":"8e8c3d6a-e69a-4cd1-92ed-127236422983","userLoc":{"longitude":-163.60998003317513,"latitude":-16.61726964558862}},{"userUuid":"6e1898b2-c132-49b6-b3af-0660061ea462","userLoc":{"longitude":-17.623280462918103,"latitude":23.403918362536047}},{"userUuid":"248f7f26-e267-4998-afcb-faaec59ea421","userLoc":{"longitude":91.32026433453154,"latitude":52.85893729037025}},{"userUuid":"f3a33d98-4182-4bdc-9ffd-e46061456f74","userLoc":{"longitude":-99.84745304787842,"latitude":-45.91474806297939}},{"userUuid":"2a17cca2-7593-4582-93a1-0fd0769e3a05","userLoc":{"longitude":30.99845945669597,"latitude":-1.6299682106334217}},{"userUuid":"99436692-fe52-40eb-bbfc-5fe512fdb848","userLoc":{"longitude":33.96041969484972,"latitude":-29.249621372709242}},{"userUuid":"915f8556-e509-49e2-a84d-683ef971fff5","userLoc":{"longitude":-39.81819022420029,"latitude":-77.18759231753101}},{"userUuid":"8a1a2def-f26f-4205-836c-e506f23fc9c4","userLoc":{"longitude":-110.47602300187013,"latitude":14.007845692630681}},{"userUuid":"6e1c3692-a856-4757-a243-70ff9f532b11","userLoc":{"longitude":-100.24525506116564,"latitude":-62.21562070994456}},{"userUuid":"449a6a4f-6a68-4d01-8c9a-a50813a51eda","userLoc":{"longitude":116.39061584628541,"latitude":-57.74032459423987}},{"userUuid":"ce695050-3120-4aa4-bdd4-3a1ab8bb54cb","userLoc":{"longitude":23.37621182338478,"latitude":-56.974908908028254}},{"userUuid":"17d87353-b2ea-4efd-aa51-68aec688958f","userLoc":{"longitude":-103.25978209345665,"latitude":-5.929332302785312}},{"userUuid":"422d50c2-6442-488b-875a-e6c31b7b2f7e","userLoc":{"longitude":102.19270680441383,"latitude":77.49707932232894}},{"userUuid":"74a8ded5-b0c1-49c6-992c-010c12054e06","userLoc":{"longitude":-88.41687521562719,"latitude":-27.96057818914788}},{"userUuid":"496e33c0-3a13-4535-8b27-b249524803ce","userLoc":{"longitude":-15.050857856264713,"latitude":73.66727519985594}},{"userUuid":"52faaf3f-61e8-4a30-a028-04c5b0696eb0","userLoc":{"longitude":94.77680913230705,"latitude":-4.06071788719737}},{"userUuid":"0e809121-00bb-4cb4-be1c-fbdf2b3f84e2","userLoc":{"longitude":146.05565294799607,"latitude":-39.37730056546381}},{"userUuid":"226075d0-14ee-4ff2-a701-94712eca3563","userLoc":{"longitude":-30.74953931362927,"latitude":75.52548091369013}},{"userUuid":"47db76e7-fd30-4d23-96d9-f12b1177e1af","userLoc":{"longitude":112.7093944477025,"latitude":-17.493622216472446}},{"userUuid":"8aab4a9e-1d34-43b6-a857-2a98755cc45a","userLoc":{"longitude":71.82408414946678,"latitude":-71.66761196894879}},{"userUuid":"a0536298-f374-419f-bff6-98128695f5b1","userLoc":{"longitude":-136.59949007013643,"latitude":-0.03286954136255815}},{"userUuid":"3c71c10e-2c47-45da-b4ef-0d16ff1f267a","userLoc":{"longitude":103.46891517719882,"latitude":27.131577568925408}},{"userUuid":"042e6312-0ee7-475f-96f5-7bb2d058cbcf","userLoc":{"longitude":-143.7567926604444,"latitude":77.60536069144558}},{"userUuid":"510103c9-e124-4345-970f-0a9e3e9d337f","userLoc":{"longitude":-130.52393745630548,"latitude":29.35074499699064}},{"userUuid":"dc7862a1-4424-42fd-84f3-d5fe67075709","userLoc":{"longitude":127.67248210790677,"latitude":-24.224099086887072}},{"userUuid":"4aa276ba-6316-4dd7-bb26-8db4a551d017","userLoc":{"longitude":-9.80604107016785,"latitude":-73.39880039680268}},{"userUuid":"1d74bd98-91ef-4663-a5d2-b7c846dda7cf","userLoc":{"longitude":-179.95083397735925,"latitude":-81.9814828664741}},{"userUuid":"9496d03d-c345-4cc5-a724-ef3ff5f62526","userLoc":{"longitude":166.22984699879362,"latitude":-25.79493562826076}},{"userUuid":"72cbc7bd-7e39-417c-a9a6-5f1b67947c36","userLoc":{"longitude":44.9838629580334,"latitude":73.04554176693622}},{"userUuid":"31675de2-a358-4dd1-849b-933ebf778249","userLoc":{"longitude":-56.06648503070551,"latitude":82.27555498748725}},{"userUuid":"2cf34282-7deb-4b81-bf79-04f509f72406","userLoc":{"longitude":-177.87027487361502,"latitude":53.627495835285}},{"userUuid":"dadf7860-eec8-4978-a58d-343da8fab5cf","userLoc":{"longitude":76.20275814203325,"latitude":-31.217630680096953}},{"userUuid":"a644be7b-a176-41c2-a666-1b8a79a91218","userLoc":{"longitude":-77.13322842629651,"latitude":-31.2558491918207}},{"userUuid":"ab4b3fa3-7be3-4398-b814-f5d390c19e8e","userLoc":{"longitude":-179.19107350053764,"latitude":15.463395561396496}},{"userUuid":"7b08a07d-4091-4583-bd86-8aa15db69b9b","userLoc":{"longitude":-89.09033406973566,"latitude":-13.956666546758854}},{"userUuid":"4cbdb422-1cc8-46ba-a7c9-e26daf4a37c2","userLoc":{"longitude":-57.77869252474828,"latitude":-71.65081853835039}},{"userUuid":"52702d9c-ac62-47fc-aefa-7cd8024b23b6","userLoc":{"longitude":68.38732624342384,"latitude":-63.544096615672316}},{"userUuid":"64c78032-a87d-4fec-8c70-8aad0af5147a","userLoc":{"longitude":-67.96394509488938,"latitude":-25.796935044671002}},{"userUuid":"f6172eba-e485-4a15-a947-2614bd1a529d","userLoc":{"longitude":-75.0036830260137,"latitude":53.42872514206485}},{"userUuid":"8a27ccfb-aca6-4b5f-b144-a36f1827b5b1","userLoc":{"longitude":-151.53795074162974,"latitude":69.09536941902786}},{"userUuid":"8ecaa1fa-5d03-4183-a11b-7b5cae0100a5","userLoc":{"longitude":-51.55403725572316,"latitude":32.56226671159489}},{"userUuid":"3a74e1fe-695c-448c-823c-94b97a1e2a75","userLoc":{"longitude":-61.29097093072983,"latitude":75.89615730640071}},{"userUuid":"688a3fe9-dd65-4caa-b20f-86710297a0c7","userLoc":{"longitude":47.54992295266101,"latitude":-23.392404603520497}},{"userUuid":"3bbc39a1-5d68-49db-9e85-7d788799cd95","userLoc":{"longitude":-9.625495048650265,"latitude":-21.557894234769364}},{"userUuid":"d465b3f3-58f5-464a-8bef-97d93cf62af4","userLoc":{"longitude":-78.38243710457472,"latitude":-75.43233583685445}},{"userUuid":"a11840cf-7627-49fa-86f7-974ae456e62c","userLoc":{"longitude":-177.72822278414426,"latitude":81.98948375278269}},{"userUuid":"a4649b94-a68e-4718-a326-35d715494750","userLoc":{"longitude":-75.77187986302751,"latitude":6.625541441318873}}]
    Forwarded URL = null
   Redirected URL = null
          Cookies = []
]]></system-out>
  <system-err><![CDATA[]]></system-err>
</testsuite>
